#
# A fatal error has been detected by the Java Runtime Environment:
#
#  SIGSEGV (0xb) at pc=0x00007dc6a2681504, pid=110016, tid=110017
#
# JRE version: OpenJDK Runtime Environment Corretto-17.0.15.6.1 (17.0.15+6) (build 17.0.15+6-LTS)
# Java VM: OpenJDK 64-Bit Server VM Corretto-17.0.15.6.1 (17.0.15+6-LTS, mixed mode, sharing, tiered, compressed oops, compressed class ptrs, g1 gc, linux-amd64)
# Problematic frame:
# C  [libglfw.so+0x11504]
#
# Core dump will be written. Default location: Core dumps may be processed with "/usr/share/apport/apport -p%p -s%s -c%c -d%d -P%P -u%u -g%g -F%F -- %E" (or dumping to /home/cookiebot/JavaProjects/HodgePodgeBarrage/core.110016)
#
# If you would like to submit a bug report, please visit:
#   https://github.com/corretto/corretto-17/issues/
# The crash happened outside the Java Virtual Machine in native code.
# See problematic frame for where to report the bug.
#

---------------  S U M M A R Y ------------

Command Line: engine.framework.Start

Host: Intel(R) Core(TM) i7-10750H CPU @ 2.60GHz, 12 cores, 31G, Ubuntu 24.04.2 LTS
Time: Sat Aug 23 16:12:45 2025 CDT elapsed time: 0.350919 seconds (0d 0h 0m 0s)

---------------  T H R E A D  ---------------

Current thread (0x00007dc72802a9c0):  JavaThread "main" [_thread_in_native, id=110017, stack(0x00007dc72fa17000,0x00007dc72fb17000)]

Stack: [0x00007dc72fa17000,0x00007dc72fb17000],  sp=0x00007dc72fb15530,  free space=1017k
Native frames: (J=compiled Java code, j=interpreted, Vv=VM code, C=native code)
C  [libglfw.so+0x11504]

Java frames: (J=compiled Java code, j=interpreted, Vv=VM code)
j  org.lwjgl.system.JNI.invokeI(J)I+0
j  org.lwjgl.glfw.GLFW.glfwInit()Z+8
j  engine.framework.NewWindow.init()V+10
j  engine.framework.NewEngine.start(Ljava/lang/String;IIZ)V+23
j  game.Game.<init>()V+38
j  engine.framework.Start.main([Ljava/lang/String;)V+4
v  ~StubRoutines::call_stub

siginfo: si_signo: 11 (SIGSEGV), si_code: 2 (SEGV_ACCERR), si_addr: 0x00007dc7284b8000

Registers:
RAX=0x00007dc7284b7ff9, RBX=0x00007dc7284b7f79, RCX=0x00007dc6a26a14d0, RDX=0x0000000000000020
RSP=0x00007dc72fb15530, RBP=0x0000000000000000, RSI=0x00007dc6a26a14d0, RDI=0x00007dc7284b7f79
R8 =0x1999999999999999, R9 =0x0000000000000000, R10=0x00007dc72f9b1fc0, R11=0x00007dc72f9b28c0
R12=0x00007dc6a26db1c0, R13=0x00007dc6a26a14f1, R14=0x00007dc72fb157b0, R15=0x00007dc72802a9c0
RIP=0x00007dc6a2681504, EFLAGS=0x0000000000010246, CSGSFS=0x002b000000000033, ERR=0x0000000000000006
  TRAPNO=0x000000000000000e

XMM[0]=0x3030303064323863 0x3030303030303330
XMM[1]=0x0000000000000000 0x000000ffffffffff
XMM[2]=0x00000000ffffffff 0xffffff0000000000
XMM[3]=0x0000000000000000 0x0000000000000000
XMM[4]=0x3030303031303131 0x3030303031353231
XMM[5]=0x0000000000000000 0x0000000000000000
XMM[6]=0x31623a6b6361622c 0x30623a622c31623a
XMM[7]=0xffffffffffffffff 0xffffffffffffffff
XMM[8]=0x00007dc7283ec140 0x00007dc7283ea820
XMM[9]=0x0000000000000000 0x000000062cfd3f70
XMM[10]=0x0000000000000000 0x776c2f67726f4c49
XMM[11]=0x0000000000000000 0x6a776c2f67726f4c
XMM[12]=0x0000000000000000 0x2020202020202020
XMM[13]=0x0000000000000000 0x0000000000000000
XMM[14]=0x0000000000000000 0x0000000000000000
XMM[15]=0x0000000000000000 0x0000000000000000
  MXCSR=0x00001fa0


Register to memory mapping:

RAX=0x00007dc7284b7ff9 points into unknown readable memory: 00 00 00 00 00 00 00
RBX=0x00007dc7284b7f79 points into unknown readable memory: 00 00 00 00 00 00 00
RCX=0x00007dc6a26a14d0: <offset 0x00000000000314d0> in /tmp/lwjgl_cookiebot/3.3.4+7/x64/libglfw.so at 0x00007dc6a2670000
RDX=0x0000000000000020 is an unknown value
RSP=0x00007dc72fb15530 is pointing into the stack for thread: 0x00007dc72802a9c0
RBP=0x0 is NULL
RSI=0x00007dc6a26a14d0: <offset 0x00000000000314d0> in /tmp/lwjgl_cookiebot/3.3.4+7/x64/libglfw.so at 0x00007dc6a2670000
RDI=0x00007dc7284b7f79 points into unknown readable memory: 00 00 00 00 00 00 00
R8 =0x1999999999999999 is an unknown value
R9 =0x0 is NULL
R10=0x00007dc72f9b1fc0: <offset 0x00000000001b1fc0> in /lib/x86_64-linux-gnu/libc.so.6 at 0x00007dc72f800000
R11=0x00007dc72f9b28c0: <offset 0x00000000001b28c0> in /lib/x86_64-linux-gnu/libc.so.6 at 0x00007dc72f800000
R12=0x00007dc6a26db1c0: <offset 0x000000000006b1c0> in /tmp/lwjgl_cookiebot/3.3.4+7/x64/libglfw.so at 0x00007dc6a2670000
R13=0x00007dc6a26a14f1: <offset 0x00000000000314f1> in /tmp/lwjgl_cookiebot/3.3.4+7/x64/libglfw.so at 0x00007dc6a2670000
R14=0x00007dc72fb157b0 is pointing into the stack for thread: 0x00007dc72802a9c0
R15=0x00007dc72802a9c0 is a thread


Top of Stack: (sp=0x00007dc72fb15530)
0x00007dc72fb15530:   00007dc72fb15570 00007dc72fb15560
0x00007dc72fb15540:   00007dc72fb15558 00007dc7284b7ff9
0x00007dc72fb15550:   0000003000000028 00007dc6a26a14d0
0x00007dc72fb15560:   00007dc6a26a07e0 0000000000000000
0x00007dc72fb15570:   00007dc6a26cb1fa 00007dc7284b801a
0x00007dc72fb15580:   00007dc6a26cb1ac 00007dc7284b801e
0x00007dc72fb15590:   00007dc6a26ca9ec 00007dc7284b8022
0x00007dc72fb155a0:   00007dc6a26c717a 00007dc7284b8026
0x00007dc72fb155b0:   00007dc6a26c8dc4 00007dc7284b8032
0x00007dc72fb155c0:   00007dc6a26a07e9 00007dc7284b8036
0x00007dc72fb155d0:   00007dc6a26a07ef 00007dc7284b803a
0x00007dc72fb155e0:   00007dc6a26a07f5 00007dc7284b802a
0x00007dc72fb155f0:   00007dc6a26a0802 00007dc7284b802e
0x00007dc72fb15600:   00007dc6a26a0810 00007dc7284b803e
0x00007dc72fb15610:   00007dc6a26a081a 00007dc7284b8042
0x00007dc72fb15620:   00007dc6a26a0825 00007dc7284b8046
0x00007dc72fb15630:   00007dc6a26a082a 00007dc7284b804a
0x00007dc72fb15640:   00007dc6a26a0832 00007dc7284b804e
0x00007dc72fb15650:   00007dc6a26a0839 00007dc7284b8052
0x00007dc72fb15660:   00007dc6a26a0840 00007dc7284b8066
0x00007dc72fb15670:   00007dc6a26a084c 00007dc7284b806a
0x00007dc72fb15680:   00007dc6a26a0859 00007dc7284b8056
0x00007dc72fb15690:   00007dc6a26a085f 00007dc7284b805a
0x00007dc72fb156a0:   00007dc6a26a0865 00007dc7284b805e
0x00007dc72fb156b0:   00007dc6a26a086c 00007dc7284b8062
0x00007dc72fb156c0:   000000010000002a 00007dc6a26d9330
0x00007dc72fb156d0:   00007dc6a26da3f8 00007dc6a26db1c0
0x00007dc72fb156e0:   00007dc6a34cfd40 00007dc72fb157b0
0x00007dc72fb156f0:   00007dc72802a9c0 00007dc6a2681dea
0x00007dc72fb15700:   00007dc6a34cfd40 00007dc6a26fbb0c
0x00007dc72fb15710:   0000000000000000 00007dc6a2680fa4
0x00007dc72fb15720:   00007dc72fb15788 00007dc7189445da 

Instructions: (pc=0x00007dc6a2681504)
0x00007dc6a2681404:   00 48 89 84 24 28 01 00 00 48 8d 05 2c f4 01 00
0x00007dc6a2681414:   48 89 84 24 30 01 00 00 48 8d 87 ed 00 00 00 48
0x00007dc6a2681424:   89 84 24 38 01 00 00 48 8d 05 1a f4 01 00 48 89
0x00007dc6a2681434:   84 24 40 01 00 00 48 8d 87 f1 00 00 00 48 89 84
0x00007dc6a2681444:   24 48 01 00 00 48 8d 05 09 f4 01 00 48 89 84 24
0x00007dc6a2681454:   50 01 00 00 48 8d 87 dd 00 00 00 48 89 84 24 58
0x00007dc6a2681464:   01 00 00 48 8d 05 f1 f3 01 00 48 89 84 24 60 01
0x00007dc6a2681474:   00 00 48 8d 87 e1 00 00 00 48 89 84 24 68 01 00
0x00007dc6a2681484:   00 48 8d 05 d9 f3 01 00 48 89 84 24 70 01 00 00
0x00007dc6a2681494:   48 8d 87 e5 00 00 00 48 89 84 24 78 01 00 00 48
0x00007dc6a26814a4:   8d 05 c2 f3 01 00 48 89 84 24 80 01 00 00 48 8d
0x00007dc6a26814b4:   87 e9 00 00 00 48 89 84 24 88 01 00 00 0f b6 06
0x00007dc6a26814c4:   84 c0 75 18 e9 13 02 00 00 0f 1f 00 48 83 c2 01
0x00007dc6a26814d4:   0f b6 04 11 84 c0 0f 84 00 02 00 00 3c 2c 75 ec
0x00007dc6a26814e4:   48 83 fa 20 0f 85 f2 01 00 00 f3 0f 6f 01 48 8d
0x00007dc6a26814f4:   83 80 00 00 00 4c 8d 69 21 31 ed 48 89 44 24 18
0x00007dc6a2681504:   0f 11 83 80 00 00 00 f3 0f 6f 49 10 4c 89 6c 24
0x00007dc6a2681514:   28 0f 11 8b 90 00 00 00 0f b6 41 21 84 c0 75 1d
0x00007dc6a2681524:   e9 b7 01 00 00 0f 1f 80 00 00 00 00 48 83 c5 01
0x00007dc6a2681534:   0f b6 44 29 21 84 c0 0f 84 9f 01 00 00 3c 2c 75
0x00007dc6a2681544:   eb 48 83 fd 7f 0f 87 91 01 00 00 48 89 ea 4c 89
0x00007dc6a2681554:   ee 49 8d 6c 2d 01 48 89 df e8 3e dd ff ff 0f b6
0x00007dc6a2681564:   45 00 48 8d 74 24 28 48 89 6c 24 28 48 89 74 24
0x00007dc6a2681574:   10 84 c0 0f 84 19 01 00 00 0f 1f 00 83 e8 2b a8
0x00007dc6a2681584:   fd 0f 84 b8 02 00 00 48 8d 44 24 30 45 31 ed 48
0x00007dc6a2681594:   89 44 24 08 48 8b 44 24 08 4d 89 ec 49 c1 e4 04
0x00007dc6a26815a4:   4e 8b 3c 20 4c 89 ff e8 a0 db ff ff 4c 89 fe 48
0x00007dc6a26815b4:   89 ef 48 89 c2 49 89 c6 e8 cf da ff ff 85 c0 0f
0x00007dc6a26815c4:   85 3f 01 00 00 42 80 7c 35 00 3a 0f 85 33 01 00
0x00007dc6a26815d4:   00 4a 8d 6c 35 01 4e 8b 74 24 38 48 89 6c 24 28
0x00007dc6a26815e4:   4d 85 f6 0f 84 3b 01 00 00 0f b6 55 00 80 fa 2b
0x00007dc6a26815f4:   0f 84 de 01 00 00 41 bc 01 00 00 00 41 bf ff ff 


Stack slot to memory mapping:
stack at sp + 0 slots: 0x00007dc72fb15570 is pointing into the stack for thread: 0x00007dc72802a9c0
stack at sp + 1 slots: 0x00007dc72fb15560 is pointing into the stack for thread: 0x00007dc72802a9c0
stack at sp + 2 slots: 0x00007dc72fb15558 is pointing into the stack for thread: 0x00007dc72802a9c0
stack at sp + 3 slots: 0x00007dc7284b7ff9 points into unknown readable memory: 00 00 00 00 00 00 00
stack at sp + 4 slots: 0x0000003000000028 is an unknown value
stack at sp + 5 slots: 0x00007dc6a26a14d0: <offset 0x00000000000314d0> in /tmp/lwjgl_cookiebot/3.3.4+7/x64/libglfw.so at 0x00007dc6a2670000
stack at sp + 6 slots: 0x00007dc6a26a07e0: <offset 0x00000000000307e0> in /tmp/lwjgl_cookiebot/3.3.4+7/x64/libglfw.so at 0x00007dc6a2670000
stack at sp + 7 slots: 0x0 is NULL


---------------  P R O C E S S  ---------------

Threads class SMR info:
_java_thread_list=0x00007dc7282511f0, length=14, elements={
0x00007dc72802a9c0, 0x00007dc72815c010, 0x00007dc72815d3f0, 0x00007dc728162980,
0x00007dc728163d30, 0x00007dc728165140, 0x00007dc728166af0, 0x00007dc728168020,
0x00007dc728171480, 0x00007dc728178f80, 0x00007dc72817c710, 0x00007dc72822fc60,
0x00007dc67c153cf0, 0x00007dc728250460
}

Java Threads: ( => current thread )
=>0x00007dc72802a9c0 JavaThread "main" [_thread_in_native, id=110017, stack(0x00007dc72fa17000,0x00007dc72fb17000)]
  0x00007dc72815c010 JavaThread "Reference Handler" daemon [_thread_blocked, id=110028, stack(0x00007dc6fc700000,0x00007dc6fc800000)]
  0x00007dc72815d3f0 JavaThread "Finalizer" daemon [_thread_blocked, id=110029, stack(0x00007dc6fc600000,0x00007dc6fc700000)]
  0x00007dc728162980 JavaThread "Signal Dispatcher" daemon [_thread_blocked, id=110030, stack(0x00007dc6fc500000,0x00007dc6fc600000)]
  0x00007dc728163d30 JavaThread "Service Thread" daemon [_thread_blocked, id=110031, stack(0x00007dc6fc400000,0x00007dc6fc500000)]
  0x00007dc728165140 JavaThread "Monitor Deflation Thread" daemon [_thread_blocked, id=110032, stack(0x00007dc6fc300000,0x00007dc6fc400000)]
  0x00007dc728166af0 JavaThread "C2 CompilerThread0" daemon [_thread_blocked, id=110033, stack(0x00007dc6fc200000,0x00007dc6fc300000)]
  0x00007dc728168020 JavaThread "C1 CompilerThread0" daemon [_thread_in_native, id=110034, stack(0x00007dc6fc100000,0x00007dc6fc200000)]
  0x00007dc728171480 JavaThread "Sweeper thread" daemon [_thread_blocked, id=110035, stack(0x00007dc6fc000000,0x00007dc6fc100000)]
  0x00007dc728178f80 JavaThread "Notification Thread" daemon [_thread_blocked, id=110036, stack(0x00007dc6a2900000,0x00007dc6a2a00000)]
  0x00007dc72817c710 JavaThread "Common-Cleaner" daemon [_thread_blocked, id=110038, stack(0x00007dc6a26ff000,0x00007dc6a27ff000)]
  0x00007dc72822fc60 JavaThread "Java2D Disposer" daemon [_thread_blocked, id=110039, stack(0x00007dc6a1f00000,0x00007dc6a2000000)]
  0x00007dc67c153cf0 JavaThread "C2 CompilerThread1" daemon [_thread_in_native, id=110040, stack(0x00007dc6a1b00000,0x00007dc6a1c00000)]
  0x00007dc728250460 JavaThread "Thread-0" [_thread_in_vm, id=110041, stack(0x00007dc6a1300000,0x00007dc6a1400000)]

Other Threads:
  0x00007dc728158080 VMThread "VM Thread" [stack: 0x00007dc6fcaf4000,0x00007dc6fcbf4000] [id=110027]
  0x00007dc72817a8c0 WatcherThread [stack: 0x00007dc6a2800000,0x00007dc6a2900000] [id=110037]
  0x00007dc7280593b0 GCTaskThread "GC Thread#0" [stack: 0x00007dc6ffae0000,0x00007dc6ffbe0000] [id=110018]
  0x00007dc72806a2d0 ConcurrentGCThread "G1 Main Marker" [stack: 0x00007dc6ff9df000,0x00007dc6ffadf000] [id=110019]
  0x00007dc72806b240 ConcurrentGCThread "G1 Conc#0" [stack: 0x00007dc6ff8de000,0x00007dc6ff9de000] [id=110020]
  0x00007dc7281287d0 ConcurrentGCThread "G1 Refine#0" [stack: 0x00007dc6fccf6000,0x00007dc6fcdf6000] [id=110021]
  0x00007dc7281296d0 ConcurrentGCThread "G1 Service" [stack: 0x00007dc6fcbf5000,0x00007dc6fccf5000] [id=110022]

Threads with active compile tasks:
C1 CompilerThread0      355  836       3       jdk.internal.jimage.ImageLocation::verifyName (161 bytes)
C2 CompilerThread1      355  839       4       java.lang.String::startsWith (138 bytes)

VM state: not at safepoint (normal execution)

VM Mutex/Monitor currently owned by a thread:  ([mutex/lock_event])
[0x00007dc728026790] CodeCache_lock - owner thread: 0x00007dc728168020
[0x00007dc728027630] SymbolArena_lock - owner thread: 0x0000000000000000
[0x00007dc728028a50] Compile_lock - owner thread: 0x00007dc728168020

Heap address: 0x000000060e000000, size: 7968 MB, Compressed Oops mode: Zero based, Oop shift amount: 3

CDS archive(s) mapped at: [0x00007dc6a7000000-0x00007dc6a7bca000-0x00007dc6a7bca000), size 12361728, SharedBaseAddress: 0x00007dc6a7000000, ArchiveRelocationMode: 1.
Compressed class space mapped at: 0x00007dc6a8000000-0x00007dc6e8000000, reserved size: 1073741824
Narrow klass base: 0x00007dc6a7000000, Narrow klass shift: 0, Narrow klass range: 0x100000000

GC Precious Log:
 CPUs: 12 total, 12 available
 Memory: 31861M
 Large Page Support: Disabled
 NUMA Support: Disabled
 Compressed Oops: Enabled (Zero based)
 Heap Region Size: 4M
 Heap Min Capacity: 8M
 Heap Initial Capacity: 500M
 Heap Max Capacity: 7968M
 Pre-touch: Disabled
 Parallel Workers: 10
 Concurrent Workers: 3
 Concurrent Refinement Workers: 10
 Periodic GC: Disabled

Heap:
 garbage-first heap   total 520192K, used 12212K [0x000000060e000000, 0x0000000800000000)
  region size 4096K, 3 young (12288K), 0 survivors (0K)
 Metaspace       used 5028K, committed 5248K, reserved 1114112K
  class space    used 440K, committed 512K, reserved 1048576K

Heap Regions: E=young(eden), S=young(survivor), O=old, HS=humongous(starts), HC=humongous(continues), CS=collection set, F=free, OA=open archive, CA=closed archive, TAMS=top-at-mark-start (previous, next)
|   0|0x000000060e000000, 0x000000060e000000, 0x000000060e400000|  0%| F|  |TAMS 0x000000060e000000, 0x000000060e000000| Untracked 
|   1|0x000000060e400000, 0x000000060e400000, 0x000000060e800000|  0%| F|  |TAMS 0x000000060e400000, 0x000000060e400000| Untracked 
|   2|0x000000060e800000, 0x000000060e800000, 0x000000060ec00000|  0%| F|  |TAMS 0x000000060e800000, 0x000000060e800000| Untracked 
|   3|0x000000060ec00000, 0x000000060ec00000, 0x000000060f000000|  0%| F|  |TAMS 0x000000060ec00000, 0x000000060ec00000| Untracked 
|   4|0x000000060f000000, 0x000000060f000000, 0x000000060f400000|  0%| F|  |TAMS 0x000000060f000000, 0x000000060f000000| Untracked 
|   5|0x000000060f400000, 0x000000060f400000, 0x000000060f800000|  0%| F|  |TAMS 0x000000060f400000, 0x000000060f400000| Untracked 
|   6|0x000000060f800000, 0x000000060f800000, 0x000000060fc00000|  0%| F|  |TAMS 0x000000060f800000, 0x000000060f800000| Untracked 
|   7|0x000000060fc00000, 0x000000060fc00000, 0x0000000610000000|  0%| F|  |TAMS 0x000000060fc00000, 0x000000060fc00000| Untracked 
|   8|0x0000000610000000, 0x0000000610000000, 0x0000000610400000|  0%| F|  |TAMS 0x0000000610000000, 0x0000000610000000| Untracked 
|   9|0x0000000610400000, 0x0000000610400000, 0x0000000610800000|  0%| F|  |TAMS 0x0000000610400000, 0x0000000610400000| Untracked 
|  10|0x0000000610800000, 0x0000000610800000, 0x0000000610c00000|  0%| F|  |TAMS 0x0000000610800000, 0x0000000610800000| Untracked 
|  11|0x0000000610c00000, 0x0000000610c00000, 0x0000000611000000|  0%| F|  |TAMS 0x0000000610c00000, 0x0000000610c00000| Untracked 
|  12|0x0000000611000000, 0x0000000611000000, 0x0000000611400000|  0%| F|  |TAMS 0x0000000611000000, 0x0000000611000000| Untracked 
|  13|0x0000000611400000, 0x0000000611400000, 0x0000000611800000|  0%| F|  |TAMS 0x0000000611400000, 0x0000000611400000| Untracked 
|  14|0x0000000611800000, 0x0000000611800000, 0x0000000611c00000|  0%| F|  |TAMS 0x0000000611800000, 0x0000000611800000| Untracked 
|  15|0x0000000611c00000, 0x0000000611c00000, 0x0000000612000000|  0%| F|  |TAMS 0x0000000611c00000, 0x0000000611c00000| Untracked 
|  16|0x0000000612000000, 0x0000000612000000, 0x0000000612400000|  0%| F|  |TAMS 0x0000000612000000, 0x0000000612000000| Untracked 
|  17|0x0000000612400000, 0x0000000612400000, 0x0000000612800000|  0%| F|  |TAMS 0x0000000612400000, 0x0000000612400000| Untracked 
|  18|0x0000000612800000, 0x0000000612800000, 0x0000000612c00000|  0%| F|  |TAMS 0x0000000612800000, 0x0000000612800000| Untracked 
|  19|0x0000000612c00000, 0x0000000612c00000, 0x0000000613000000|  0%| F|  |TAMS 0x0000000612c00000, 0x0000000612c00000| Untracked 
|  20|0x0000000613000000, 0x0000000613000000, 0x0000000613400000|  0%| F|  |TAMS 0x0000000613000000, 0x0000000613000000| Untracked 
|  21|0x0000000613400000, 0x0000000613400000, 0x0000000613800000|  0%| F|  |TAMS 0x0000000613400000, 0x0000000613400000| Untracked 
|  22|0x0000000613800000, 0x0000000613800000, 0x0000000613c00000|  0%| F|  |TAMS 0x0000000613800000, 0x0000000613800000| Untracked 
|  23|0x0000000613c00000, 0x0000000613c00000, 0x0000000614000000|  0%| F|  |TAMS 0x0000000613c00000, 0x0000000613c00000| Untracked 
|  24|0x0000000614000000, 0x0000000614000000, 0x0000000614400000|  0%| F|  |TAMS 0x0000000614000000, 0x0000000614000000| Untracked 
|  25|0x0000000614400000, 0x0000000614400000, 0x0000000614800000|  0%| F|  |TAMS 0x0000000614400000, 0x0000000614400000| Untracked 
|  26|0x0000000614800000, 0x0000000614800000, 0x0000000614c00000|  0%| F|  |TAMS 0x0000000614800000, 0x0000000614800000| Untracked 
|  27|0x0000000614c00000, 0x0000000614c00000, 0x0000000615000000|  0%| F|  |TAMS 0x0000000614c00000, 0x0000000614c00000| Untracked 
|  28|0x0000000615000000, 0x0000000615000000, 0x0000000615400000|  0%| F|  |TAMS 0x0000000615000000, 0x0000000615000000| Untracked 
|  29|0x0000000615400000, 0x0000000615400000, 0x0000000615800000|  0%| F|  |TAMS 0x0000000615400000, 0x0000000615400000| Untracked 
|  30|0x0000000615800000, 0x0000000615800000, 0x0000000615c00000|  0%| F|  |TAMS 0x0000000615800000, 0x0000000615800000| Untracked 
|  31|0x0000000615c00000, 0x0000000615c00000, 0x0000000616000000|  0%| F|  |TAMS 0x0000000615c00000, 0x0000000615c00000| Untracked 
|  32|0x0000000616000000, 0x0000000616000000, 0x0000000616400000|  0%| F|  |TAMS 0x0000000616000000, 0x0000000616000000| Untracked 
|  33|0x0000000616400000, 0x0000000616400000, 0x0000000616800000|  0%| F|  |TAMS 0x0000000616400000, 0x0000000616400000| Untracked 
|  34|0x0000000616800000, 0x0000000616800000, 0x0000000616c00000|  0%| F|  |TAMS 0x0000000616800000, 0x0000000616800000| Untracked 
|  35|0x0000000616c00000, 0x0000000616c00000, 0x0000000617000000|  0%| F|  |TAMS 0x0000000616c00000, 0x0000000616c00000| Untracked 
|  36|0x0000000617000000, 0x0000000617000000, 0x0000000617400000|  0%| F|  |TAMS 0x0000000617000000, 0x0000000617000000| Untracked 
|  37|0x0000000617400000, 0x0000000617400000, 0x0000000617800000|  0%| F|  |TAMS 0x0000000617400000, 0x0000000617400000| Untracked 
|  38|0x0000000617800000, 0x0000000617800000, 0x0000000617c00000|  0%| F|  |TAMS 0x0000000617800000, 0x0000000617800000| Untracked 
|  39|0x0000000617c00000, 0x0000000617c00000, 0x0000000618000000|  0%| F|  |TAMS 0x0000000617c00000, 0x0000000617c00000| Untracked 
|  40|0x0000000618000000, 0x0000000618000000, 0x0000000618400000|  0%| F|  |TAMS 0x0000000618000000, 0x0000000618000000| Untracked 
|  41|0x0000000618400000, 0x0000000618400000, 0x0000000618800000|  0%| F|  |TAMS 0x0000000618400000, 0x0000000618400000| Untracked 
|  42|0x0000000618800000, 0x0000000618800000, 0x0000000618c00000|  0%| F|  |TAMS 0x0000000618800000, 0x0000000618800000| Untracked 
|  43|0x0000000618c00000, 0x0000000618c00000, 0x0000000619000000|  0%| F|  |TAMS 0x0000000618c00000, 0x0000000618c00000| Untracked 
|  44|0x0000000619000000, 0x0000000619000000, 0x0000000619400000|  0%| F|  |TAMS 0x0000000619000000, 0x0000000619000000| Untracked 
|  45|0x0000000619400000, 0x0000000619400000, 0x0000000619800000|  0%| F|  |TAMS 0x0000000619400000, 0x0000000619400000| Untracked 
|  46|0x0000000619800000, 0x0000000619800000, 0x0000000619c00000|  0%| F|  |TAMS 0x0000000619800000, 0x0000000619800000| Untracked 
|  47|0x0000000619c00000, 0x0000000619c00000, 0x000000061a000000|  0%| F|  |TAMS 0x0000000619c00000, 0x0000000619c00000| Untracked 
|  48|0x000000061a000000, 0x000000061a000000, 0x000000061a400000|  0%| F|  |TAMS 0x000000061a000000, 0x000000061a000000| Untracked 
|  49|0x000000061a400000, 0x000000061a400000, 0x000000061a800000|  0%| F|  |TAMS 0x000000061a400000, 0x000000061a400000| Untracked 
|  50|0x000000061a800000, 0x000000061a800000, 0x000000061ac00000|  0%| F|  |TAMS 0x000000061a800000, 0x000000061a800000| Untracked 
|  51|0x000000061ac00000, 0x000000061ac00000, 0x000000061b000000|  0%| F|  |TAMS 0x000000061ac00000, 0x000000061ac00000| Untracked 
|  52|0x000000061b000000, 0x000000061b000000, 0x000000061b400000|  0%| F|  |TAMS 0x000000061b000000, 0x000000061b000000| Untracked 
|  53|0x000000061b400000, 0x000000061b400000, 0x000000061b800000|  0%| F|  |TAMS 0x000000061b400000, 0x000000061b400000| Untracked 
|  54|0x000000061b800000, 0x000000061b800000, 0x000000061bc00000|  0%| F|  |TAMS 0x000000061b800000, 0x000000061b800000| Untracked 
|  55|0x000000061bc00000, 0x000000061bc00000, 0x000000061c000000|  0%| F|  |TAMS 0x000000061bc00000, 0x000000061bc00000| Untracked 
|  56|0x000000061c000000, 0x000000061c000000, 0x000000061c400000|  0%| F|  |TAMS 0x000000061c000000, 0x000000061c000000| Untracked 
|  57|0x000000061c400000, 0x000000061c400000, 0x000000061c800000|  0%| F|  |TAMS 0x000000061c400000, 0x000000061c400000| Untracked 
|  58|0x000000061c800000, 0x000000061c800000, 0x000000061cc00000|  0%| F|  |TAMS 0x000000061c800000, 0x000000061c800000| Untracked 
|  59|0x000000061cc00000, 0x000000061cc00000, 0x000000061d000000|  0%| F|  |TAMS 0x000000061cc00000, 0x000000061cc00000| Untracked 
|  60|0x000000061d000000, 0x000000061d000000, 0x000000061d400000|  0%| F|  |TAMS 0x000000061d000000, 0x000000061d000000| Untracked 
|  61|0x000000061d400000, 0x000000061d400000, 0x000000061d800000|  0%| F|  |TAMS 0x000000061d400000, 0x000000061d400000| Untracked 
|  62|0x000000061d800000, 0x000000061d800000, 0x000000061dc00000|  0%| F|  |TAMS 0x000000061d800000, 0x000000061d800000| Untracked 
|  63|0x000000061dc00000, 0x000000061dc00000, 0x000000061e000000|  0%| F|  |TAMS 0x000000061dc00000, 0x000000061dc00000| Untracked 
|  64|0x000000061e000000, 0x000000061e000000, 0x000000061e400000|  0%| F|  |TAMS 0x000000061e000000, 0x000000061e000000| Untracked 
|  65|0x000000061e400000, 0x000000061e400000, 0x000000061e800000|  0%| F|  |TAMS 0x000000061e400000, 0x000000061e400000| Untracked 
|  66|0x000000061e800000, 0x000000061e800000, 0x000000061ec00000|  0%| F|  |TAMS 0x000000061e800000, 0x000000061e800000| Untracked 
|  67|0x000000061ec00000, 0x000000061ec00000, 0x000000061f000000|  0%| F|  |TAMS 0x000000061ec00000, 0x000000061ec00000| Untracked 
|  68|0x000000061f000000, 0x000000061f000000, 0x000000061f400000|  0%| F|  |TAMS 0x000000061f000000, 0x000000061f000000| Untracked 
|  69|0x000000061f400000, 0x000000061f400000, 0x000000061f800000|  0%| F|  |TAMS 0x000000061f400000, 0x000000061f400000| Untracked 
|  70|0x000000061f800000, 0x000000061f800000, 0x000000061fc00000|  0%| F|  |TAMS 0x000000061f800000, 0x000000061f800000| Untracked 
|  71|0x000000061fc00000, 0x000000061fc00000, 0x0000000620000000|  0%| F|  |TAMS 0x000000061fc00000, 0x000000061fc00000| Untracked 
|  72|0x0000000620000000, 0x0000000620000000, 0x0000000620400000|  0%| F|  |TAMS 0x0000000620000000, 0x0000000620000000| Untracked 
|  73|0x0000000620400000, 0x0000000620400000, 0x0000000620800000|  0%| F|  |TAMS 0x0000000620400000, 0x0000000620400000| Untracked 
|  74|0x0000000620800000, 0x0000000620800000, 0x0000000620c00000|  0%| F|  |TAMS 0x0000000620800000, 0x0000000620800000| Untracked 
|  75|0x0000000620c00000, 0x0000000620c00000, 0x0000000621000000|  0%| F|  |TAMS 0x0000000620c00000, 0x0000000620c00000| Untracked 
|  76|0x0000000621000000, 0x0000000621000000, 0x0000000621400000|  0%| F|  |TAMS 0x0000000621000000, 0x0000000621000000| Untracked 
|  77|0x0000000621400000, 0x0000000621400000, 0x0000000621800000|  0%| F|  |TAMS 0x0000000621400000, 0x0000000621400000| Untracked 
|  78|0x0000000621800000, 0x0000000621800000, 0x0000000621c00000|  0%| F|  |TAMS 0x0000000621800000, 0x0000000621800000| Untracked 
|  79|0x0000000621c00000, 0x0000000621c00000, 0x0000000622000000|  0%| F|  |TAMS 0x0000000621c00000, 0x0000000621c00000| Untracked 
|  80|0x0000000622000000, 0x0000000622000000, 0x0000000622400000|  0%| F|  |TAMS 0x0000000622000000, 0x0000000622000000| Untracked 
|  81|0x0000000622400000, 0x0000000622400000, 0x0000000622800000|  0%| F|  |TAMS 0x0000000622400000, 0x0000000622400000| Untracked 
|  82|0x0000000622800000, 0x0000000622800000, 0x0000000622c00000|  0%| F|  |TAMS 0x0000000622800000, 0x0000000622800000| Untracked 
|  83|0x0000000622c00000, 0x0000000622c00000, 0x0000000623000000|  0%| F|  |TAMS 0x0000000622c00000, 0x0000000622c00000| Untracked 
|  84|0x0000000623000000, 0x0000000623000000, 0x0000000623400000|  0%| F|  |TAMS 0x0000000623000000, 0x0000000623000000| Untracked 
|  85|0x0000000623400000, 0x0000000623400000, 0x0000000623800000|  0%| F|  |TAMS 0x0000000623400000, 0x0000000623400000| Untracked 
|  86|0x0000000623800000, 0x0000000623800000, 0x0000000623c00000|  0%| F|  |TAMS 0x0000000623800000, 0x0000000623800000| Untracked 
|  87|0x0000000623c00000, 0x0000000623c00000, 0x0000000624000000|  0%| F|  |TAMS 0x0000000623c00000, 0x0000000623c00000| Untracked 
|  88|0x0000000624000000, 0x0000000624000000, 0x0000000624400000|  0%| F|  |TAMS 0x0000000624000000, 0x0000000624000000| Untracked 
|  89|0x0000000624400000, 0x0000000624400000, 0x0000000624800000|  0%| F|  |TAMS 0x0000000624400000, 0x0000000624400000| Untracked 
|  90|0x0000000624800000, 0x0000000624800000, 0x0000000624c00000|  0%| F|  |TAMS 0x0000000624800000, 0x0000000624800000| Untracked 
|  91|0x0000000624c00000, 0x0000000624c00000, 0x0000000625000000|  0%| F|  |TAMS 0x0000000624c00000, 0x0000000624c00000| Untracked 
|  92|0x0000000625000000, 0x0000000625000000, 0x0000000625400000|  0%| F|  |TAMS 0x0000000625000000, 0x0000000625000000| Untracked 
|  93|0x0000000625400000, 0x0000000625400000, 0x0000000625800000|  0%| F|  |TAMS 0x0000000625400000, 0x0000000625400000| Untracked 
|  94|0x0000000625800000, 0x0000000625800000, 0x0000000625c00000|  0%| F|  |TAMS 0x0000000625800000, 0x0000000625800000| Untracked 
|  95|0x0000000625c00000, 0x0000000625c00000, 0x0000000626000000|  0%| F|  |TAMS 0x0000000625c00000, 0x0000000625c00000| Untracked 
|  96|0x0000000626000000, 0x0000000626000000, 0x0000000626400000|  0%| F|  |TAMS 0x0000000626000000, 0x0000000626000000| Untracked 
|  97|0x0000000626400000, 0x0000000626400000, 0x0000000626800000|  0%| F|  |TAMS 0x0000000626400000, 0x0000000626400000| Untracked 
|  98|0x0000000626800000, 0x0000000626800000, 0x0000000626c00000|  0%| F|  |TAMS 0x0000000626800000, 0x0000000626800000| Untracked 
|  99|0x0000000626c00000, 0x0000000626c00000, 0x0000000627000000|  0%| F|  |TAMS 0x0000000626c00000, 0x0000000626c00000| Untracked 
| 100|0x0000000627000000, 0x0000000627000000, 0x0000000627400000|  0%| F|  |TAMS 0x0000000627000000, 0x0000000627000000| Untracked 
| 101|0x0000000627400000, 0x0000000627400000, 0x0000000627800000|  0%| F|  |TAMS 0x0000000627400000, 0x0000000627400000| Untracked 
| 102|0x0000000627800000, 0x0000000627800000, 0x0000000627c00000|  0%| F|  |TAMS 0x0000000627800000, 0x0000000627800000| Untracked 
| 103|0x0000000627c00000, 0x0000000627c00000, 0x0000000628000000|  0%| F|  |TAMS 0x0000000627c00000, 0x0000000627c00000| Untracked 
| 104|0x0000000628000000, 0x0000000628000000, 0x0000000628400000|  0%| F|  |TAMS 0x0000000628000000, 0x0000000628000000| Untracked 
| 105|0x0000000628400000, 0x0000000628400000, 0x0000000628800000|  0%| F|  |TAMS 0x0000000628400000, 0x0000000628400000| Untracked 
| 106|0x0000000628800000, 0x0000000628800000, 0x0000000628c00000|  0%| F|  |TAMS 0x0000000628800000, 0x0000000628800000| Untracked 
| 107|0x0000000628c00000, 0x0000000628c00000, 0x0000000629000000|  0%| F|  |TAMS 0x0000000628c00000, 0x0000000628c00000| Untracked 
| 108|0x0000000629000000, 0x0000000629000000, 0x0000000629400000|  0%| F|  |TAMS 0x0000000629000000, 0x0000000629000000| Untracked 
| 109|0x0000000629400000, 0x0000000629400000, 0x0000000629800000|  0%| F|  |TAMS 0x0000000629400000, 0x0000000629400000| Untracked 
| 110|0x0000000629800000, 0x0000000629800000, 0x0000000629c00000|  0%| F|  |TAMS 0x0000000629800000, 0x0000000629800000| Untracked 
| 111|0x0000000629c00000, 0x0000000629c00000, 0x000000062a000000|  0%| F|  |TAMS 0x0000000629c00000, 0x0000000629c00000| Untracked 
| 112|0x000000062a000000, 0x000000062a000000, 0x000000062a400000|  0%| F|  |TAMS 0x000000062a000000, 0x000000062a000000| Untracked 
| 113|0x000000062a400000, 0x000000062a400000, 0x000000062a800000|  0%| F|  |TAMS 0x000000062a400000, 0x000000062a400000| Untracked 
| 114|0x000000062a800000, 0x000000062a800000, 0x000000062ac00000|  0%| F|  |TAMS 0x000000062a800000, 0x000000062a800000| Untracked 
| 115|0x000000062ac00000, 0x000000062ac00000, 0x000000062b000000|  0%| F|  |TAMS 0x000000062ac00000, 0x000000062ac00000| Untracked 
| 116|0x000000062b000000, 0x000000062b000000, 0x000000062b400000|  0%| F|  |TAMS 0x000000062b000000, 0x000000062b000000| Untracked 
| 117|0x000000062b400000, 0x000000062b400000, 0x000000062b800000|  0%| F|  |TAMS 0x000000062b400000, 0x000000062b400000| Untracked 
| 118|0x000000062b800000, 0x000000062b800000, 0x000000062bc00000|  0%| F|  |TAMS 0x000000062b800000, 0x000000062b800000| Untracked 
| 119|0x000000062bc00000, 0x000000062bc00000, 0x000000062c000000|  0%| F|  |TAMS 0x000000062bc00000, 0x000000062bc00000| Untracked 
| 120|0x000000062c000000, 0x000000062c000000, 0x000000062c400000|  0%| F|  |TAMS 0x000000062c000000, 0x000000062c000000| Untracked 
| 121|0x000000062c400000, 0x000000062c400000, 0x000000062c800000|  0%| F|  |TAMS 0x000000062c400000, 0x000000062c400000| Untracked 
| 122|0x000000062c800000, 0x000000062c972a80, 0x000000062cc00000| 36%| E|  |TAMS 0x000000062c800000, 0x000000062c800000| Complete 
| 123|0x000000062cc00000, 0x000000062d000000, 0x000000062d000000|100%| E|CS|TAMS 0x000000062cc00000, 0x000000062cc00000| Complete 
| 124|0x000000062d000000, 0x000000062d400000, 0x000000062d400000|100%| E|CS|TAMS 0x000000062d000000, 0x000000062d000000| Complete 
|1990|0x00000007ff800000, 0x00000007ffb75000, 0x00000007ffc00000| 86%|OA|  |TAMS 0x00000007ff800000, 0x00000007ff800000| Untracked 
|1991|0x00000007ffc00000, 0x00000007ffc78000, 0x0000000800000000| 11%|CA|  |TAMS 0x00000007ffc00000, 0x00000007ffc00000| Untracked 

Card table byte_map: [0x00007dc710470000,0x00007dc711400000] _byte_map_base: 0x00007dc70d400000

Marking Bits (Prev, Next): (CMBitMap*) 0x00007dc728059e40, (CMBitMap*) 0x00007dc728059e80
 Prev Bits: [0x00007dc707860000, 0x00007dc70f4e0000)
 Next Bits: [0x00007dc6ffbe0000, 0x00007dc707860000)

Polling page: 0x00007dc72feac000

Metaspace:

Usage:
  Non-class:      4.55 MB used.
      Class:    449.30 KB used.
       Both:      4.99 MB used.

Virtual space:
  Non-class space:       64.00 MB reserved,       4.69 MB (  7%) committed,  1 nodes.
      Class space:        1.00 GB reserved,     512.00 KB ( <1%) committed,  1 nodes.
             Both:        1.06 GB reserved,       5.19 MB ( <1%) committed. 

Chunk freelists:
   Non-Class:  10.79 MB
       Class:  15.51 MB
        Both:  26.30 MB

MaxMetaspaceSize: unlimited
CompressedClassSpaceSize: 1.00 GB
Initial GC threshold: 21.00 MB
Current GC threshold: 21.00 MB
CDS: on
MetaspaceReclaimPolicy: balanced
 - commit_granule_bytes: 65536.
 - commit_granule_words: 8192.
 - virtual_space_node_default_size: 8388608.
 - enlarge_chunks_in_place: 1.
 - new_chunks_are_fully_committed: 0.
 - uncommit_free_chunks: 1.
 - use_allocation_guard: 0.
 - handle_deallocations: 1.


Internal statistics:

num_allocs_failed_limit: 0.
num_arena_births: 166.
num_arena_deaths: 0.
num_vsnodes_births: 2.
num_vsnodes_deaths: 0.
num_space_committed: 83.
num_space_uncommitted: 0.
num_chunks_returned_to_freelist: 0.
num_chunks_taken_from_freelist: 249.
num_chunk_merges: 0.
num_chunk_splits: 164.
num_chunks_enlarged: 98.
num_inconsistent_stats: 0.

CodeHeap 'non-profiled nmethods': size=120028Kb used=279Kb max_used=279Kb free=119749Kb
 bounds [0x00007dc718ec9000, 0x00007dc719139000, 0x00007dc720400000]
CodeHeap 'profiled nmethods': size=120028Kb used=1280Kb max_used=1280Kb free=118748Kb
 bounds [0x00007dc711400000, 0x00007dc711670000, 0x00007dc718937000]
CodeHeap 'non-nmethods': size=5704Kb used=1630Kb max_used=1650Kb free=4073Kb
 bounds [0x00007dc718937000, 0x00007dc718ba7000, 0x00007dc718ec9000]
 total_blobs=1917 nmethods=842 adapters=989
 compilation: enabled
              stopped_count=0, restarted_count=0
 full_count=0

Compilation events (20 events):
Event: 0.341 Thread 0x00007dc728168020  825       1       java.lang.NamedPackage::module (5 bytes)
Event: 0.341 Thread 0x00007dc728168020 nmethod 825 0x00007dc718f0d190 code [0x00007dc718f0d320, 0x00007dc718f0d3f0]
Event: 0.346 Thread 0x00007dc728168020  826       3       jdk.internal.module.SystemModuleFinders$SystemModuleReader::containsImageLocation (42 bytes)
Event: 0.346 Thread 0x00007dc728168020 nmethod 826 0x00007dc711537390 code [0x00007dc7115375a0, 0x00007dc711537c50]
Event: 0.346 Thread 0x00007dc728168020  829       3       java.lang.StringBuilder::append (8 bytes)
Event: 0.346 Thread 0x00007dc728168020 nmethod 829 0x00007dc711537f10 code [0x00007dc7115380c0, 0x00007dc711538200]
Event: 0.346 Thread 0x00007dc728168020  827       3       jdk.internal.jimage.ImageReader::verifyLocation (14 bytes)
Event: 0.346 Thread 0x00007dc728168020 nmethod 827 0x00007dc711538290 code [0x00007dc711538460, 0x00007dc7115387b0]
Event: 0.346 Thread 0x00007dc728168020  828       3       jdk.internal.jimage.BasicImageReader::verifyLocation (39 bytes)
Event: 0.346 Thread 0x00007dc728168020 nmethod 828 0x00007dc711538910 code [0x00007dc711538ae0, 0x00007dc711538dc0]
Event: 0.348 Thread 0x00007dc67c153cf0  830       4       java.lang.Object::<init> (1 bytes)
Event: 0.348 Thread 0x00007dc728168020  831       3       java.util.HashMap$HashIterator::nextNode (100 bytes)
Event: 0.348 Thread 0x00007dc728166af0 nmethod 824% 0x00007dc718f0d490 code [0x00007dc718f0d620, 0x00007dc718f0d9d8]
Event: 0.348 Thread 0x00007dc67c153cf0 nmethod 830 0x00007dc718f0dc10 code [0x00007dc718f0dda0, 0x00007dc718f0de58]
Event: 0.348 Thread 0x00007dc728166af0  832       4       java.lang.StringLatin1::indexOf (121 bytes)
Event: 0.348 Thread 0x00007dc728168020 nmethod 831 0x00007dc711538f10 code [0x00007dc711539100, 0x00007dc711539630]
Event: 0.348 Thread 0x00007dc728168020  833       3       java.lang.StringLatin1::newString (24 bytes)
Event: 0.348 Thread 0x00007dc728168020 nmethod 833 0x00007dc711539810 code [0x00007dc7115399e0, 0x00007dc711539d00]
Event: 0.348 Thread 0x00007dc728168020  834   !   3       jdk.internal.loader.URLClassPath$JarLoader::getResource (65 bytes)
Event: 0.349 Thread 0x00007dc728168020 nmethod 834 0x00007dc711539e10 code [0x00007dc71153a060, 0x00007dc71153aac0]

GC Heap History (0 events):
No events

Dll operation events (11 events):
Event: 0.002 Loaded shared library /usr/lib/jvm/java-17-amazon-corretto/lib/libjava.so
Event: 0.015 Loaded shared library /usr/lib/jvm/java-17-amazon-corretto/lib/libjsvml.so
Event: 0.041 Loaded shared library /usr/lib/jvm/java-17-amazon-corretto/lib/libnio.so
Event: 0.042 Loaded shared library /usr/lib/jvm/java-17-amazon-corretto/lib/libjimage.so
Event: 0.044 Loaded shared library /usr/lib/jvm/java-17-amazon-corretto/lib/libawt.so
Event: 0.049 Loaded shared library /usr/lib/jvm/java-17-amazon-corretto/lib/libawt_xawt.so
Event: 0.094 Loaded shared library /usr/lib/jvm/java-17-amazon-corretto/lib/libnet.so
Event: 0.097 Loaded shared library /usr/lib/jvm/java-17-amazon-corretto/lib/libfontmanager.so
Event: 0.155 Loaded shared library /usr/lib/jvm/java-17-amazon-corretto/lib/libzip.so
Event: 0.199 Loaded shared library /tmp/lwjgl_cookiebot/3.3.4+7/x64/liblwjgl.so
Event: 0.257 Loaded shared library /tmp/lwjgl_cookiebot/3.3.4+7/x64/liblwjgl_stb.so

Deoptimization events (20 events):
Event: 0.319 Thread 0x00007dc728250460 Uncommon trap: trap_request=0xffffff6e fr.pc=0x00007dc718f06ce8 relative=0x0000000000000448
Event: 0.319 Thread 0x00007dc728250460 Uncommon trap: reason=loop_limit_check action=maybe_recompile pc=0x00007dc718f06ce8 method=java.lang.StringLatin1.indexOf([BI[BII)I @ 37 c2
Event: 0.319 Thread 0x00007dc728250460 DEOPT PACKING pc=0x00007dc718f06ce8 sp=0x00007dc6a13fe490
Event: 0.319 Thread 0x00007dc728250460 DEOPT UNPACKING pc=0x00007dc71898d699 sp=0x00007dc6a13fe410 mode 2
Event: 0.334 Thread 0x00007dc728250460 Uncommon trap: trap_request=0xffffff45 fr.pc=0x00007dc718ecf3fc relative=0x000000000000005c
Event: 0.334 Thread 0x00007dc728250460 Uncommon trap: reason=unstable_if action=reinterpret pc=0x00007dc718ecf3fc method=java.lang.String.isLatin1()Z @ 10 c2
Event: 0.334 Thread 0x00007dc728250460 DEOPT PACKING pc=0x00007dc718ecf3fc sp=0x00007dc6a13fe260
Event: 0.334 Thread 0x00007dc728250460 DEOPT UNPACKING pc=0x00007dc71898d699 sp=0x00007dc6a13fe210 mode 2
Event: 0.335 Thread 0x00007dc728250460 Uncommon trap: trap_request=0xffffff45 fr.pc=0x00007dc718f0b0a8 relative=0x0000000000000408
Event: 0.335 Thread 0x00007dc728250460 Uncommon trap: reason=unstable_if action=reinterpret pc=0x00007dc718f0b0a8 method=java.lang.StringLatin1.newString([BII)Ljava/lang/String; @ 1 c2
Event: 0.335 Thread 0x00007dc728250460 DEOPT PACKING pc=0x00007dc718f0b0a8 sp=0x00007dc6a13fe2a0
Event: 0.335 Thread 0x00007dc728250460 DEOPT UNPACKING pc=0x00007dc71898d699 sp=0x00007dc6a13fe280 mode 2
Event: 0.335 Thread 0x00007dc728250460 Uncommon trap: trap_request=0xffffff45 fr.pc=0x00007dc718f03820 relative=0x0000000000000500
Event: 0.335 Thread 0x00007dc728250460 Uncommon trap: reason=unstable_if action=reinterpret pc=0x00007dc718f03820 method=java.lang.AbstractStringBuilder.putStringAt(ILjava/lang/String;II)V @ 8 c2
Event: 0.335 Thread 0x00007dc728250460 DEOPT PACKING pc=0x00007dc718f03820 sp=0x00007dc6a13fe6a0
Event: 0.335 Thread 0x00007dc728250460 DEOPT UNPACKING pc=0x00007dc71898d699 sp=0x00007dc6a13fe538 mode 2
Event: 0.335 Thread 0x00007dc728250460 Uncommon trap: trap_request=0xffffff45 fr.pc=0x00007dc718f0735c relative=0x000000000000013c
Event: 0.335 Thread 0x00007dc728250460 Uncommon trap: reason=unstable_if action=reinterpret pc=0x00007dc718f0735c method=java.lang.AbstractStringBuilder.putStringAt(ILjava/lang/String;II)V @ 8 c2
Event: 0.335 Thread 0x00007dc728250460 DEOPT PACKING pc=0x00007dc718f0735c sp=0x00007dc6a13fe5e0
Event: 0.335 Thread 0x00007dc728250460 DEOPT UNPACKING pc=0x00007dc71898d699 sp=0x00007dc6a13fe510 mode 2

Classes loaded (20 events):
Event: 0.349 Loading class java/awt/EventQueue$1
Event: 0.349 Loading class java/awt/EventQueue$1 done
Event: 0.350 Loading class java/awt/EventQueue$2
Event: 0.350 Loading class sun/awt/AWTAccessor$EventQueueAccessor
Event: 0.350 Loading class sun/awt/AWTAccessor$EventQueueAccessor done
Event: 0.350 Loading class java/awt/EventQueue$2 done
Event: 0.350 Loading class java/awt/EventQueue$3
Event: 0.350 Loading class java/awt/EventQueue$3 done
Event: 0.350 Loading class java/awt/Queue
Event: 0.350 Loading class java/awt/Queue done
Event: 0.350 Loading class sun/awt/MostRecentKeyValue
Event: 0.350 Loading class sun/awt/MostRecentKeyValue done
Event: 0.350 Loading class sun/awt/PostEventQueue
Event: 0.350 Loading class sun/awt/PostEventQueue done
Event: 0.350 Loading class java/util/Vector$Itr
Event: 0.350 Loading class java/util/Vector$Itr done
Event: 0.350 Loading class javax/imageio/spi/SubRegistry
Event: 0.350 Loading class javax/imageio/spi/SubRegistry done
Event: 0.350 Loading class javax/imageio/spi/PartiallyOrderedSet
Event: 0.350 Loading class javax/imageio/spi/PartiallyOrderedSet done

Classes unloaded (0 events):
No events

Classes redefined (0 events):
No events

Internal exceptions (18 events):
Event: 0.035 Thread 0x00007dc72802a9c0 Exception <a 'java/lang/ClassNotFoundException'{0x000000062d03bd50}: sun/awt/resources/spi/awtProvider> (0x000000062d03bd50) 
thrown [src/hotspot/share/classfile/systemDictionary.cpp, line 256]
Event: 0.061 Thread 0x00007dc72802a9c0 Exception <a 'java/io/FileNotFoundException'{0x000000062d193440}> (0x000000062d193440) 
thrown [src/hotspot/share/prims/jni.cpp, line 516]
Event: 0.068 Thread 0x00007dc72802a9c0 Exception <a 'java/io/FileNotFoundException'{0x000000062d1c0138}> (0x000000062d1c0138) 
thrown [src/hotspot/share/prims/jni.cpp, line 516]
Event: 0.101 Thread 0x00007dc72802a9c0 Exception <a 'java/lang/NoSuchMethodError'{0x000000062d236f08}: 'java.lang.Object java.lang.invoke.DirectMethodHandle$Holder.invokeStaticInit(java.lang.Object)'> (0x000000062d236f08) 
thrown [src/hotspot/share/interpreter/linkResolver.cpp, line 759]
Event: 0.173 Thread 0x00007dc72802a9c0 Exception <a 'java/lang/NoSuchMethodError'{0x000000062cd12c30}: 'void java.lang.invoke.DirectMethodHandle$Holder.invokeStatic(java.lang.Object, java.lang.Object)'> (0x000000062cd12c30) 
thrown [src/hotspot/share/interpreter/linkResolver.cpp, line 759]
Event: 0.173 Thread 0x00007dc72802a9c0 Exception <a 'java/lang/NoSuchMethodError'{0x000000062cd17cb0}: 'void java.lang.invoke.DirectMethodHandle$Holder.invokeSpecial(java.lang.Object, java.lang.Object, java.lang.Object)'> (0x000000062cd17cb0) 
thrown [src/hotspot/share/interpreter/linkResolver.cpp, line 759]
Event: 0.175 Thread 0x00007dc72802a9c0 Exception <a 'java/lang/NoSuchMethodError'{0x000000062cd28d48}: 'java.lang.Object java.lang.invoke.DirectMethodHandle$Holder.invokeStatic(java.lang.Object, java.lang.Object, int)'> (0x000000062cd28d48) 
thrown [src/hotspot/share/interpreter/linkResolver.cpp, line 759]
Event: 0.177 Thread 0x00007dc72802a9c0 Exception <a 'java/lang/NoSuchMethodError'{0x000000062cd33fd0}: 'void java.lang.invoke.DelegatingMethodHandle$Holder.delegate(java.lang.Object, java.lang.Object, int, java.lang.Object)'> (0x000000062cd33fd0) 
thrown [src/hotspot/share/interpreter/linkResolver.cpp, line 759]
Event: 0.177 Thread 0x00007dc72802a9c0 Exception <a 'java/lang/NoSuchMethodError'{0x000000062cd380e8}: 'int java.lang.invoke.DirectMethodHandle$Holder.invokeSpecial(java.lang.Object, java.lang.Object, java.lang.Object)'> (0x000000062cd380e8) 
thrown [src/hotspot/share/interpreter/linkResolver.cpp, line 759]
Event: 0.203 Thread 0x00007dc72802a9c0 Exception <a 'sun/nio/fs/UnixException'{0x000000062ce52e58}> (0x000000062ce52e58) 
thrown [src/hotspot/share/prims/jni.cpp, line 516]
Event: 0.242 Thread 0x00007dc72802a9c0 Exception <a 'java/lang/NoSuchMethodError'{0x000000062cf15f08}: 'int java.lang.invoke.DirectMethodHandle$Holder.invokeStaticInit(java.lang.Object, java.lang.Object, int, long)'> (0x000000062cf15f08) 
thrown [src/hotspot/share/interpreter/linkResolver.cpp, line 759]
Event: 0.242 Thread 0x00007dc72802a9c0 Exception <a 'java/lang/NoSuchMethodError'{0x000000062cf1b7d0}: 'java.lang.Object java.lang.invoke.DirectMethodHandle$Holder.newInvokeSpecial(java.lang.Object, java.lang.Object, int)'> (0x000000062cf1b7d0) 
thrown [src/hotspot/share/interpreter/linkResolver.cpp, line 759]
Event: 0.242 Thread 0x00007dc728250460 Exception <a 'sun/nio/fs/UnixException'{0x000000062cd992b0}> (0x000000062cd992b0) 
thrown [src/hotspot/share/prims/jni.cpp, line 516]
Event: 0.244 Thread 0x00007dc72802a9c0 Exception <a 'java/lang/NoSuchMethodError'{0x000000062cf29f78}: 'int java.lang.invoke.DirectMethodHandle$Holder.invokeStaticInit(java.lang.Object, java.lang.Object, long, long)'> (0x000000062cf29f78) 
thrown [src/hotspot/share/interpreter/linkResolver.cpp, line 759]
Event: 0.244 Thread 0x00007dc72802a9c0 Exception <a 'java/lang/NoSuchMethodError'{0x000000062cf2fc08}: 'java.lang.Object java.lang.invoke.DirectMethodHandle$Holder.newInvokeSpecial(java.lang.Object, java.lang.Object, long)'> (0x000000062cf2fc08) 
thrown [src/hotspot/share/interpreter/linkResolver.cpp, line 759]
Event: 0.245 Thread 0x00007dc72802a9c0 Exception <a 'java/lang/NoSuchMethodError'{0x000000062cf334d0}: 'java.lang.Object java.lang.invoke.Invokers$Holder.linkToTargetMethod(java.lang.Object, long, java.lang.Object)'> (0x000000062cf334d0) 
thrown [src/hotspot/share/interpreter/linkResolver.cpp, line 759]
Event: 0.245 Thread 0x00007dc72802a9c0 Exception <a 'java/lang/NoSuchMethodError'{0x000000062cf3a9a0}: 'int java.lang.invoke.DirectMethodHandle$Holder.invokeStaticInit(java.lang.Object, java.lang.Object, java.lang.Object, long)'> (0x000000062cf3a9a0) 
thrown [src/hotspot/share/interpreter/linkResolver.cpp, line 759]
Event: 0.257 Thread 0x00007dc72802a9c0 Exception <a 'sun/nio/fs/UnixException'{0x000000062cf82770}> (0x000000062cf82770) 
thrown [src/hotspot/share/prims/jni.cpp, line 516]

VM Operations (4 events):
Event: 0.108 Executing VM operation: HandshakeAllThreads
Event: 0.108 Executing VM operation: HandshakeAllThreads done
Event: 0.342 Executing VM operation: HandshakeAllThreads
Event: 0.342 Executing VM operation: HandshakeAllThreads done

Memory protections (14 events):
Event: 0.001 Protecting memory [0x00007dc72fa17000,0x00007dc72fa1b000] with protection modes 0
Event: 0.017 Protecting memory [0x00007dc6fc700000,0x00007dc6fc704000] with protection modes 0
Event: 0.017 Protecting memory [0x00007dc6fc600000,0x00007dc6fc604000] with protection modes 0
Event: 0.020 Protecting memory [0x00007dc6fc500000,0x00007dc6fc504000] with protection modes 0
Event: 0.020 Protecting memory [0x00007dc6fc400000,0x00007dc6fc404000] with protection modes 0
Event: 0.020 Protecting memory [0x00007dc6fc300000,0x00007dc6fc304000] with protection modes 0
Event: 0.020 Protecting memory [0x00007dc6fc200000,0x00007dc6fc204000] with protection modes 0
Event: 0.020 Protecting memory [0x00007dc6fc100000,0x00007dc6fc104000] with protection modes 0
Event: 0.020 Protecting memory [0x00007dc6fc000000,0x00007dc6fc004000] with protection modes 0
Event: 0.024 Protecting memory [0x00007dc6a2900000,0x00007dc6a2904000] with protection modes 0
Event: 0.025 Protecting memory [0x00007dc6a26ff000,0x00007dc6a2703000] with protection modes 0
Event: 0.102 Protecting memory [0x00007dc6a1f00000,0x00007dc6a1f04000] with protection modes 0
Event: 0.143 Protecting memory [0x00007dc6a1b00000,0x00007dc6a1b04000] with protection modes 0
Event: 0.152 Protecting memory [0x00007dc6a1300000,0x00007dc6a1304000] with protection modes 0

Nmethod flushes (0 events):
No events

Events (14 events):
Event: 0.015 Thread 0x00007dc72802a9c0 Thread added: 0x00007dc72802a9c0
Event: 0.017 Thread 0x00007dc72802a9c0 Thread added: 0x00007dc72815c010
Event: 0.017 Thread 0x00007dc72802a9c0 Thread added: 0x00007dc72815d3f0
Event: 0.020 Thread 0x00007dc72802a9c0 Thread added: 0x00007dc728162980
Event: 0.020 Thread 0x00007dc72802a9c0 Thread added: 0x00007dc728163d30
Event: 0.020 Thread 0x00007dc72802a9c0 Thread added: 0x00007dc728165140
Event: 0.020 Thread 0x00007dc72802a9c0 Thread added: 0x00007dc728166af0
Event: 0.020 Thread 0x00007dc72802a9c0 Thread added: 0x00007dc728168020
Event: 0.020 Thread 0x00007dc72802a9c0 Thread added: 0x00007dc728171480
Event: 0.024 Thread 0x00007dc72802a9c0 Thread added: 0x00007dc728178f80
Event: 0.025 Thread 0x00007dc72802a9c0 Thread added: 0x00007dc72817c710
Event: 0.101 Thread 0x00007dc72802a9c0 Thread added: 0x00007dc72822fc60
Event: 0.143 Thread 0x00007dc728168020 Thread added: 0x00007dc67c153cf0
Event: 0.152 Thread 0x00007dc72802a9c0 Thread added: 0x00007dc728250460


Dynamic libraries:
60e000000-62d400000 rw-p 00000000 00:00 0 
62d400000-7ff800000 ---p 00000000 00:00 0 
7ff800000-7ffb00000 rw-p 00000000 00:00 0 
7ffb00000-7ffb75000 rw-p 00c7a000 103:05 15074430                        /usr/lib/jvm/java-17-amazon-corretto/lib/server/classes.jsa
7ffb75000-7ffc00000 rw-p 00000000 00:00 0 
7ffc00000-7ffc78000 rw-p 00c02000 103:05 15074430                        /usr/lib/jvm/java-17-amazon-corretto/lib/server/classes.jsa
7ffc78000-800000000 rw-p 00000000 00:00 0 
572733c00000-572733c01000 r-xp 00000000 103:05 15077193                  /usr/lib/jvm/java-17-amazon-corretto/bin/java
572733e01000-572733e02000 r--p 00001000 103:05 15077193                  /usr/lib/jvm/java-17-amazon-corretto/bin/java
572733e02000-572733e03000 rw-p 00002000 103:05 15077193                  /usr/lib/jvm/java-17-amazon-corretto/bin/java
57273b876000-57273b8be000 rw-p 00000000 00:00 0                          [heap]
7dc6635e5000-7dc6635ec000 r--p 00000000 103:05 14971447                  /usr/lib/x86_64-linux-gnu/libblkid.so.1.1.0
7dc6635ec000-7dc663610000 r-xp 00007000 103:05 14971447                  /usr/lib/x86_64-linux-gnu/libblkid.so.1.1.0
7dc663610000-7dc663619000 r--p 0002b000 103:05 14971447                  /usr/lib/x86_64-linux-gnu/libblkid.so.1.1.0
7dc663619000-7dc66361f000 r--p 00033000 103:05 14971447                  /usr/lib/x86_64-linux-gnu/libblkid.so.1.1.0
7dc66361f000-7dc663620000 rw-p 00039000 103:05 14971447                  /usr/lib/x86_64-linux-gnu/libblkid.so.1.1.0
7dc66374b000-7dc663751000 r--p 00000000 103:05 14942867                  /usr/lib/x86_64-linux-gnu/libselinux.so.1
7dc663751000-7dc66376e000 r-xp 00006000 103:05 14942867                  /usr/lib/x86_64-linux-gnu/libselinux.so.1
7dc66376e000-7dc663774000 r--p 00023000 103:05 14942867                  /usr/lib/x86_64-linux-gnu/libselinux.so.1
7dc663774000-7dc663775000 r--p 00029000 103:05 14942867                  /usr/lib/x86_64-linux-gnu/libselinux.so.1
7dc663775000-7dc663776000 rw-p 0002a000 103:05 14942867                  /usr/lib/x86_64-linux-gnu/libselinux.so.1
7dc663776000-7dc663778000 rw-p 00000000 00:00 0 
7dc663778000-7dc663781000 r--p 00000000 103:05 14970096                  /usr/lib/x86_64-linux-gnu/libmount.so.1.1.0
7dc663781000-7dc6637b5000 r-xp 00009000 103:05 14970096                  /usr/lib/x86_64-linux-gnu/libmount.so.1.1.0
7dc6637b5000-7dc6637c2000 r--p 0003d000 103:05 14970096                  /usr/lib/x86_64-linux-gnu/libmount.so.1.1.0
7dc6637c2000-7dc6637c4000 r--p 00049000 103:05 14970096                  /usr/lib/x86_64-linux-gnu/libmount.so.1.1.0
7dc6637c4000-7dc6637c5000 rw-p 0004b000 103:05 14970096                  /usr/lib/x86_64-linux-gnu/libmount.so.1.1.0
7dc663a1b000-7dc663a1d000 r--p 00000000 103:05 14942599                  /usr/lib/x86_64-linux-gnu/libpcre2-8.so.0.11.2
7dc663a1d000-7dc663a8b000 r-xp 00002000 103:05 14942599                  /usr/lib/x86_64-linux-gnu/libpcre2-8.so.0.11.2
7dc663a8b000-7dc663ab3000 r--p 00070000 103:05 14942599                  /usr/lib/x86_64-linux-gnu/libpcre2-8.so.0.11.2
7dc663ab3000-7dc663ab4000 r--p 00097000 103:05 14942599                  /usr/lib/x86_64-linux-gnu/libpcre2-8.so.0.11.2
7dc663ab4000-7dc663ab5000 rw-p 00098000 103:05 14942599                  /usr/lib/x86_64-linux-gnu/libpcre2-8.so.0.11.2
7dc663c51000-7dc663d50000 rw-s 00000000 00:01 162699                     /memfd:wayland-cursor (deleted)
7dc663d50000-7dc663d89000 r--p 00000000 103:05 14942577                  /usr/lib/x86_64-linux-gnu/libgio-2.0.so.0.8000.0
7dc663d89000-7dc663ea0000 r-xp 00039000 103:05 14942577                  /usr/lib/x86_64-linux-gnu/libgio-2.0.so.0.8000.0
7dc663ea0000-7dc663f15000 r--p 00150000 103:05 14942577                  /usr/lib/x86_64-linux-gnu/libgio-2.0.so.0.8000.0
7dc663f15000-7dc663f1d000 r--p 001c4000 103:05 14942577                  /usr/lib/x86_64-linux-gnu/libgio-2.0.so.0.8000.0
7dc663f1d000-7dc663f1e000 rw-p 001cc000 103:05 14942577                  /usr/lib/x86_64-linux-gnu/libgio-2.0.so.0.8000.0
7dc663f1e000-7dc663f20000 rw-p 00000000 00:00 0 
7dc664000000-7dc664183000 rw-p 00000000 00:00 0 
7dc664183000-7dc668000000 ---p 00000000 00:00 0 
7dc668000000-7dc66819a000 rw-p 00000000 00:00 0 
7dc66819a000-7dc66c000000 ---p 00000000 00:00 0 
7dc66c000000-7dc66c021000 rw-p 00000000 00:00 0 
7dc66c021000-7dc670000000 ---p 00000000 00:00 0 
7dc670000000-7dc670021000 rw-p 00000000 00:00 0 
7dc670021000-7dc674000000 ---p 00000000 00:00 0 
7dc674000000-7dc674021000 rw-p 00000000 00:00 0 
7dc674021000-7dc678000000 ---p 00000000 00:00 0 
7dc678000000-7dc678021000 rw-p 00000000 00:00 0 
7dc678021000-7dc67c000000 ---p 00000000 00:00 0 
7dc67c000000-7dc67c2f2000 rw-p 00000000 00:00 0 
7dc67c2f2000-7dc680000000 ---p 00000000 00:00 0 
7dc680000000-7dc680021000 rw-p 00000000 00:00 0 
7dc680021000-7dc684000000 ---p 00000000 00:00 0 
7dc684000000-7dc684021000 rw-p 00000000 00:00 0 
7dc684021000-7dc688000000 ---p 00000000 00:00 0 
7dc688000000-7dc6881fd000 rw-p 00000000 00:00 0 
7dc6881fd000-7dc68c000000 ---p 00000000 00:00 0 
7dc68c000000-7dc68c021000 rw-p 00000000 00:00 0 
7dc68c021000-7dc690000000 ---p 00000000 00:00 0 
7dc690000000-7dc690021000 rw-p 00000000 00:00 0 
7dc690021000-7dc694000000 ---p 00000000 00:00 0 
7dc694000000-7dc694021000 rw-p 00000000 00:00 0 
7dc694021000-7dc698000000 ---p 00000000 00:00 0 
7dc698000000-7dc698021000 rw-p 00000000 00:00 0 
7dc698021000-7dc69c000000 ---p 00000000 00:00 0 
7dc69c000000-7dc69c021000 rw-p 00000000 00:00 0 
7dc69c021000-7dc6a0000000 ---p 00000000 00:00 0 
7dc6a0032000-7dc6a0102000 rw-s 00000000 00:01 166385                     /memfd:wayland-cursor (deleted)
7dc6a01bc000-7dc6a01da000 r--p 00000000 103:05 14942585                  /usr/lib/x86_64-linux-gnu/libglib-2.0.so.0.8000.0
7dc6a01da000-7dc6a027a000 r-xp 0001e000 103:05 14942585                  /usr/lib/x86_64-linux-gnu/libglib-2.0.so.0.8000.0
7dc6a027a000-7dc6a0302000 r--p 000be000 103:05 14942585                  /usr/lib/x86_64-linux-gnu/libglib-2.0.so.0.8000.0
7dc6a0302000-7dc6a0303000 r--p 00146000 103:05 14942585                  /usr/lib/x86_64-linux-gnu/libglib-2.0.so.0.8000.0
7dc6a0303000-7dc6a0304000 rw-p 00147000 103:05 14942585                  /usr/lib/x86_64-linux-gnu/libglib-2.0.so.0.8000.0
7dc6a0304000-7dc6a0305000 rw-p 00000000 00:00 0 
7dc6a0b01000-7dc6a0c00000 rw-s 00000000 00:01 172413                     /memfd:wayland-cursor (deleted)
7dc6a0c00000-7dc6a0c07000 r-xp 00000000 103:05 15074263                  /usr/lib/jvm/java-17-amazon-corretto/lib/libzip.so
7dc6a0c07000-7dc6a0e07000 ---p 00007000 103:05 15074263                  /usr/lib/jvm/java-17-amazon-corretto/lib/libzip.so
7dc6a0e07000-7dc6a0e08000 r--p 00007000 103:05 15074263                  /usr/lib/jvm/java-17-amazon-corretto/lib/libzip.so
7dc6a0e08000-7dc6a0e09000 rw-p 00000000 00:00 0 
7dc6a0e59000-7dc6a0e68000 r--p 00000000 103:05 14942608                  /usr/lib/x86_64-linux-gnu/libgobject-2.0.so.0.8000.0
7dc6a0e68000-7dc6a0e9f000 r-xp 0000f000 103:05 14942608                  /usr/lib/x86_64-linux-gnu/libgobject-2.0.so.0.8000.0
7dc6a0e9f000-7dc6a0eb8000 r--p 00046000 103:05 14942608                  /usr/lib/x86_64-linux-gnu/libgobject-2.0.so.0.8000.0
7dc6a0eb8000-7dc6a0ebb000 r--p 0005e000 103:05 14942608                  /usr/lib/x86_64-linux-gnu/libgobject-2.0.so.0.8000.0
7dc6a0ebb000-7dc6a0ebc000 rw-p 00061000 103:05 14942608                  /usr/lib/x86_64-linux-gnu/libgobject-2.0.so.0.8000.0
7dc6a0f30000-7dc6a1000000 rw-s 00000000 00:01 172412                     /memfd:wayland-cursor (deleted)
7dc6a1000000-7dc6a10af000 r-xp 00000000 103:05 15074436                  /usr/lib/jvm/java-17-amazon-corretto/lib/libfreetype.so
7dc6a10af000-7dc6a12af000 ---p 000af000 103:05 15074436                  /usr/lib/jvm/java-17-amazon-corretto/lib/libfreetype.so
7dc6a12af000-7dc6a12b5000 r--p 000af000 103:05 15074436                  /usr/lib/jvm/java-17-amazon-corretto/lib/libfreetype.so
7dc6a12b5000-7dc6a12b6000 rw-p 00000000 00:00 0 
7dc6a1300000-7dc6a1304000 ---p 00000000 00:00 0 
7dc6a1304000-7dc6a1400000 rw-p 00000000 00:00 0 
7dc6a1400000-7dc6a15a7000 r-xp 00000000 103:05 15074435                  /usr/lib/jvm/java-17-amazon-corretto/lib/libfontmanager.so
7dc6a15a7000-7dc6a17a6000 ---p 001a7000 103:05 15074435                  /usr/lib/jvm/java-17-amazon-corretto/lib/libfontmanager.so
7dc6a17a6000-7dc6a17a8000 r--p 001a6000 103:05 15074435                  /usr/lib/jvm/java-17-amazon-corretto/lib/libfontmanager.so
7dc6a17a8000-7dc6a17a9000 rw-p 001a8000 103:05 15074435                  /usr/lib/jvm/java-17-amazon-corretto/lib/libfontmanager.so
7dc6a17a9000-7dc6a17aa000 rw-p 00000000 00:00 0 
7dc6a1800000-7dc6a186e000 r-xp 00000000 103:05 15074434                  /usr/lib/jvm/java-17-amazon-corretto/lib/libawt_xawt.so
7dc6a186e000-7dc6a1a6e000 ---p 0006e000 103:05 15074434                  /usr/lib/jvm/java-17-amazon-corretto/lib/libawt_xawt.so
7dc6a1a6e000-7dc6a1a73000 r--p 0006e000 103:05 15074434                  /usr/lib/jvm/java-17-amazon-corretto/lib/libawt_xawt.so
7dc6a1a73000-7dc6a1a75000 rw-p 00073000 103:05 15074434                  /usr/lib/jvm/java-17-amazon-corretto/lib/libawt_xawt.so
7dc6a1a75000-7dc6a1a77000 rw-p 00000000 00:00 0 
7dc6a1a79000-7dc6a1a7e000 r--p 00000000 103:05 14942481                  /usr/lib/x86_64-linux-gnu/libpng16.so.16.43.0
7dc6a1a7e000-7dc6a1aa6000 r-xp 00005000 103:05 14942481                  /usr/lib/x86_64-linux-gnu/libpng16.so.16.43.0
7dc6a1aa6000-7dc6a1aaf000 r--p 0002d000 103:05 14942481                  /usr/lib/x86_64-linux-gnu/libpng16.so.16.43.0
7dc6a1aaf000-7dc6a1ab0000 r--p 00035000 103:05 14942481                  /usr/lib/x86_64-linux-gnu/libpng16.so.16.43.0
7dc6a1ab0000-7dc6a1ab1000 rw-p 00036000 103:05 14942481                  /usr/lib/x86_64-linux-gnu/libpng16.so.16.43.0
7dc6a1b00000-7dc6a1b04000 ---p 00000000 00:00 0 
7dc6a1b04000-7dc6a1c00000 rw-p 00000000 00:00 0 
7dc6a1c00000-7dc6a1cbc000 r-xp 00000000 103:05 15074432                  /usr/lib/jvm/java-17-amazon-corretto/lib/libawt.so
7dc6a1cbc000-7dc6a1ebc000 ---p 000bc000 103:05 15074432                  /usr/lib/jvm/java-17-amazon-corretto/lib/libawt.so
7dc6a1ebc000-7dc6a1ebd000 r--p 000bc000 103:05 15074432                  /usr/lib/jvm/java-17-amazon-corretto/lib/libawt.so
7dc6a1ebd000-7dc6a1ec8000 rw-p 000bd000 103:05 15074432                  /usr/lib/jvm/java-17-amazon-corretto/lib/libawt.so
7dc6a1ec8000-7dc6a1eed000 rw-p 00000000 00:00 0 
7dc6a1f00000-7dc6a1f04000 ---p 00000000 00:00 0 
7dc6a1f04000-7dc6a2000000 rw-p 00000000 00:00 0 
7dc6a2000000-7dc6a2015000 r-xp 00000000 103:05 15074260                  /usr/lib/jvm/java-17-amazon-corretto/lib/libnet.so
7dc6a2015000-7dc6a2214000 ---p 00015000 103:05 15074260                  /usr/lib/jvm/java-17-amazon-corretto/lib/libnet.so
7dc6a2214000-7dc6a2215000 r--p 00014000 103:05 15074260                  /usr/lib/jvm/java-17-amazon-corretto/lib/libnet.so
7dc6a2215000-7dc6a2216000 rw-p 00015000 103:05 15074260                  /usr/lib/jvm/java-17-amazon-corretto/lib/libnet.so
7dc6a2234000-7dc6a223c000 r--p 00000000 103:05 3014741                   /tmp/lwjgl_cookiebot/3.3.4+7/x64/liblwjgl_stb.so
7dc6a223c000-7dc6a22b3000 r-xp 00008000 103:05 3014741                   /tmp/lwjgl_cookiebot/3.3.4+7/x64/liblwjgl_stb.so
7dc6a22b3000-7dc6a22c1000 r--p 0007f000 103:05 3014741                   /tmp/lwjgl_cookiebot/3.3.4+7/x64/liblwjgl_stb.so
7dc6a22c1000-7dc6a22c2000 r--p 0008c000 103:05 3014741                   /tmp/lwjgl_cookiebot/3.3.4+7/x64/liblwjgl_stb.so
7dc6a22c2000-7dc6a22c3000 rw-p 0008d000 103:05 3014741                   /tmp/lwjgl_cookiebot/3.3.4+7/x64/liblwjgl_stb.so
7dc6a22c3000-7dc6a22dc000 r--p 00000000 103:05 14950133                  /usr/lib/x86_64-linux-gnu/libX11.so.6.4.0
7dc6a22dc000-7dc6a236c000 r-xp 00019000 103:05 14950133                  /usr/lib/x86_64-linux-gnu/libX11.so.6.4.0
7dc6a236c000-7dc6a23fb000 r--p 000a9000 103:05 14950133                  /usr/lib/x86_64-linux-gnu/libX11.so.6.4.0
7dc6a23fb000-7dc6a23fc000 r--p 00138000 103:05 14950133                  /usr/lib/x86_64-linux-gnu/libX11.so.6.4.0
7dc6a23fc000-7dc6a2400000 rw-p 00139000 103:05 14950133                  /usr/lib/x86_64-linux-gnu/libX11.so.6.4.0
7dc6a2400000-7dc6a2412000 r-xp 00000000 103:05 15074261                  /usr/lib/jvm/java-17-amazon-corretto/lib/libnio.so
7dc6a2412000-7dc6a2612000 ---p 00012000 103:05 15074261                  /usr/lib/jvm/java-17-amazon-corretto/lib/libnio.so
7dc6a2612000-7dc6a2613000 r--p 00012000 103:05 15074261                  /usr/lib/jvm/java-17-amazon-corretto/lib/libnio.so
7dc6a2613000-7dc6a2614000 rw-p 00013000 103:05 15074261                  /usr/lib/jvm/java-17-amazon-corretto/lib/libnio.so
7dc6a2627000-7dc6a262c000 r--p 00000000 103:05 14971451                  /usr/lib/x86_64-linux-gnu/libxkbcommon.so.0.0.0
7dc6a262c000-7dc6a264c000 r-xp 00005000 103:05 14971451                  /usr/lib/x86_64-linux-gnu/libxkbcommon.so.0.0.0
7dc6a264c000-7dc6a266d000 r--p 00025000 103:05 14971451                  /usr/lib/x86_64-linux-gnu/libxkbcommon.so.0.0.0
7dc6a266d000-7dc6a266f000 r--p 00045000 103:05 14971451                  /usr/lib/x86_64-linux-gnu/libxkbcommon.so.0.0.0
7dc6a266f000-7dc6a2670000 rw-p 00047000 103:05 14971451                  /usr/lib/x86_64-linux-gnu/libxkbcommon.so.0.0.0
7dc6a2670000-7dc6a267f000 r--p 00000000 103:05 3014739                   /tmp/lwjgl_cookiebot/3.3.4+7/x64/libglfw.so
7dc6a267f000-7dc6a26a0000 r-xp 0000f000 103:05 3014739                   /tmp/lwjgl_cookiebot/3.3.4+7/x64/libglfw.so
7dc6a26a0000-7dc6a26d4000 r--p 00030000 103:05 3014739                   /tmp/lwjgl_cookiebot/3.3.4+7/x64/libglfw.so
7dc6a26d4000-7dc6a26d5000 ---p 00064000 103:05 3014739                   /tmp/lwjgl_cookiebot/3.3.4+7/x64/libglfw.so
7dc6a26d5000-7dc6a26d9000 r--p 00064000 103:05 3014739                   /tmp/lwjgl_cookiebot/3.3.4+7/x64/libglfw.so
7dc6a26d9000-7dc6a26dc000 rw-p 00068000 103:05 3014739                   /tmp/lwjgl_cookiebot/3.3.4+7/x64/libglfw.so
7dc6a26dc000-7dc6a26ff000 rw-p 00000000 00:00 0 
7dc6a26ff000-7dc6a2703000 ---p 00000000 00:00 0 
7dc6a2703000-7dc6a27ff000 rw-p 00000000 00:00 0 
7dc6a27ff000-7dc6a2800000 ---p 00000000 00:00 0 
7dc6a2800000-7dc6a2900000 rw-p 00000000 00:00 0 
7dc6a2900000-7dc6a2904000 ---p 00000000 00:00 0 
7dc6a2904000-7dc6a2a00000 rw-p 00000000 00:00 0 
7dc6a2a00000-7dc6a2f75000 r--p 00000000 103:05 14942597                  /usr/lib/locale/locale-archive
7dc6a2f89000-7dc6a2fb3000 r--p 00000000 103:05 3014738                   /tmp/lwjgl_cookiebot/3.3.4+7/x64/liblwjgl.so
7dc6a2fb3000-7dc6a2fe5000 r-xp 0002a000 103:05 3014738                   /tmp/lwjgl_cookiebot/3.3.4+7/x64/liblwjgl.so
7dc6a2fe5000-7dc6a2ffe000 r--p 0005c000 103:05 3014738                   /tmp/lwjgl_cookiebot/3.3.4+7/x64/liblwjgl.so
7dc6a2ffe000-7dc6a2fff000 r--p 00074000 103:05 3014738                   /tmp/lwjgl_cookiebot/3.3.4+7/x64/liblwjgl.so
7dc6a2fff000-7dc6a3000000 rw-p 00075000 103:05 3014738                   /tmp/lwjgl_cookiebot/3.3.4+7/x64/liblwjgl.so
7dc6a3000000-7dc6a3380000 rw-p 00000000 00:00 0 
7dc6a3380000-7dc6a3400000 ---p 00000000 00:00 0 
7dc6a3400000-7dc6a3540000 rw-p 00000000 00:00 0 
7dc6a3540000-7dc6a7000000 ---p 00000000 00:00 0 
7dc6a7000000-7dc6a7bca000 rw-p 00001000 103:05 15074430                  /usr/lib/jvm/java-17-amazon-corretto/lib/server/classes.jsa
7dc6a7bca000-7dc6a8000000 ---p 00000000 00:00 0 
7dc6a8000000-7dc6a8030000 rw-p 00000000 00:00 0 
7dc6a8030000-7dc6a8080000 rw-p 00000000 00:00 0 
7dc6a8080000-7dc6e8000000 ---p 00000000 00:00 0 
7dc6e8000000-7dc6e8021000 rw-p 00000000 00:00 0 
7dc6e8021000-7dc6ec000000 ---p 00000000 00:00 0 
7dc6ec000000-7dc6ec021000 rw-p 00000000 00:00 0 
7dc6ec021000-7dc6f0000000 ---p 00000000 00:00 0 
7dc6f0000000-7dc6f0021000 rw-p 00000000 00:00 0 
7dc6f0021000-7dc6f4000000 ---p 00000000 00:00 0 
7dc6f4000000-7dc6f4021000 rw-p 00000000 00:00 0 
7dc6f4021000-7dc6f8000000 ---p 00000000 00:00 0 
7dc6f8000000-7dc6f8021000 rw-p 00000000 00:00 0 
7dc6f8021000-7dc6fc004000 ---p 00000000 00:00 0 
7dc6fc004000-7dc6fc100000 rw-p 00000000 00:00 0 
7dc6fc100000-7dc6fc104000 ---p 00000000 00:00 0 
7dc6fc104000-7dc6fc200000 rw-p 00000000 00:00 0 
7dc6fc200000-7dc6fc204000 ---p 00000000 00:00 0 
7dc6fc204000-7dc6fc300000 rw-p 00000000 00:00 0 
7dc6fc300000-7dc6fc304000 ---p 00000000 00:00 0 
7dc6fc304000-7dc6fc400000 rw-p 00000000 00:00 0 
7dc6fc400000-7dc6fc404000 ---p 00000000 00:00 0 
7dc6fc404000-7dc6fc500000 rw-p 00000000 00:00 0 
7dc6fc500000-7dc6fc504000 ---p 00000000 00:00 0 
7dc6fc504000-7dc6fc600000 rw-p 00000000 00:00 0 
7dc6fc600000-7dc6fc604000 ---p 00000000 00:00 0 
7dc6fc604000-7dc6fc700000 rw-p 00000000 00:00 0 
7dc6fc700000-7dc6fc704000 ---p 00000000 00:00 0 
7dc6fc704000-7dc6fc800000 rw-p 00000000 00:00 0 
7dc6fc800000-7dc6fc8ce000 r-xp 00000000 103:05 15074832                  /usr/lib/jvm/java-17-amazon-corretto/lib/libjsvml.so
7dc6fc8ce000-7dc6fcacd000 ---p 000ce000 103:05 15074832                  /usr/lib/jvm/java-17-amazon-corretto/lib/libjsvml.so
7dc6fcacd000-7dc6fcace000 r--p 000cd000 103:05 15074832                  /usr/lib/jvm/java-17-amazon-corretto/lib/libjsvml.so
7dc6fcace000-7dc6fcacf000 rw-p 000ce000 103:05 15074832                  /usr/lib/jvm/java-17-amazon-corretto/lib/libjsvml.so
7dc6fcaf3000-7dc6fcaf4000 ---p 00000000 00:00 0 
7dc6fcaf4000-7dc6fcbf4000 rw-p 00000000 00:00 0 
7dc6fcbf4000-7dc6fcbf5000 ---p 00000000 00:00 0 
7dc6fcbf5000-7dc6fccf5000 rw-p 00000000 00:00 0 
7dc6fccf5000-7dc6fccf6000 ---p 00000000 00:00 0 
7dc6fccf6000-7dc6fcdf6000 rw-p 00000000 00:00 0 
7dc6fcdf6000-7dc6ff800000 rw-p 00000000 00:00 0 
7dc6ff837000-7dc6ff83b000 r--p 00000000 103:05 14951002                  /usr/lib/x86_64-linux-gnu/libdecor-0.so.0.200.2
7dc6ff83b000-7dc6ff83e000 r-xp 00004000 103:05 14951002                  /usr/lib/x86_64-linux-gnu/libdecor-0.so.0.200.2
7dc6ff83e000-7dc6ff840000 r--p 00007000 103:05 14951002                  /usr/lib/x86_64-linux-gnu/libdecor-0.so.0.200.2
7dc6ff840000-7dc6ff841000 r--p 00008000 103:05 14951002                  /usr/lib/x86_64-linux-gnu/libdecor-0.so.0.200.2
7dc6ff841000-7dc6ff842000 rw-p 00009000 103:05 14951002                  /usr/lib/x86_64-linux-gnu/libdecor-0.so.0.200.2
7dc6ff842000-7dc6ff844000 r--p 00000000 103:05 14964482                  /usr/lib/x86_64-linux-gnu/libwayland-cursor.so.0.22.0
7dc6ff844000-7dc6ff846000 r-xp 00002000 103:05 14964482                  /usr/lib/x86_64-linux-gnu/libwayland-cursor.so.0.22.0
7dc6ff846000-7dc6ff847000 r--p 00004000 103:05 14964482                  /usr/lib/x86_64-linux-gnu/libwayland-cursor.so.0.22.0
7dc6ff847000-7dc6ff848000 r--p 00004000 103:05 14964482                  /usr/lib/x86_64-linux-gnu/libwayland-cursor.so.0.22.0
7dc6ff848000-7dc6ff84c000 rw-p 00005000 103:05 14964482                  /usr/lib/x86_64-linux-gnu/libwayland-cursor.so.0.22.0
7dc6ff84c000-7dc6ff851000 r--p 00000000 103:05 14942239                  /usr/lib/x86_64-linux-gnu/libwayland-client.so.0.22.0
7dc6ff851000-7dc6ff857000 r-xp 00005000 103:05 14942239                  /usr/lib/x86_64-linux-gnu/libwayland-client.so.0.22.0
7dc6ff857000-7dc6ff859000 r--p 0000b000 103:05 14942239                  /usr/lib/x86_64-linux-gnu/libwayland-client.so.0.22.0
7dc6ff859000-7dc6ff85b000 r--p 0000d000 103:05 14942239                  /usr/lib/x86_64-linux-gnu/libwayland-client.so.0.22.0
7dc6ff85b000-7dc6ff85c000 rw-p 0000f000 103:05 14942239                  /usr/lib/x86_64-linux-gnu/libwayland-client.so.0.22.0
7dc6ff85c000-7dc6ff8dd000 rw-p 00000000 00:00 0 
7dc6ff8dd000-7dc6ff8de000 ---p 00000000 00:00 0 
7dc6ff8de000-7dc6ff9de000 rw-p 00000000 00:00 0 
7dc6ff9de000-7dc6ff9df000 ---p 00000000 00:00 0 
7dc6ff9df000-7dc6ffadf000 rw-p 00000000 00:00 0 
7dc6ffadf000-7dc6ffae0000 ---p 00000000 00:00 0 
7dc6ffae0000-7dc6ffbe0000 rw-p 00000000 00:00 0 
7dc6ffbe0000-7dc7003b0000 rw-p 00000000 00:00 0 
7dc7003b0000-7dc707840000 ---p 00000000 00:00 0 
7dc707840000-7dc708030000 rw-p 00000000 00:00 0 
7dc708030000-7dc70f4c0000 ---p 00000000 00:00 0 
7dc70f4c0000-7dc70f5da000 rw-p 00000000 00:00 0 
7dc70f5da000-7dc71046c000 ---p 00000000 00:00 0 
7dc71046c000-7dc71056a000 rw-p 00000000 00:00 0 
7dc71056a000-7dc7113fc000 ---p 00000000 00:00 0 
7dc7113fc000-7dc711400000 rw-p 00000000 00:00 0 
7dc711400000-7dc711670000 rwxp 00000000 00:00 0 
7dc711670000-7dc718937000 ---p 00000000 00:00 0 
7dc718937000-7dc718ba7000 rwxp 00000000 00:00 0 
7dc718ba7000-7dc718ec9000 ---p 00000000 00:00 0 
7dc718ec9000-7dc719139000 rwxp 00000000 00:00 0 
7dc719139000-7dc720400000 ---p 00000000 00:00 0 
7dc720400000-7dc727ff3000 r--s 00000000 103:05 15074230                  /usr/lib/jvm/java-17-amazon-corretto/lib/modules
7dc727ff4000-7dc727ff6000 r--p 00000000 103:05 14942351                  /usr/lib/x86_64-linux-gnu/libffi.so.8.1.4
7dc727ff6000-7dc727ffd000 r-xp 00002000 103:05 14942351                  /usr/lib/x86_64-linux-gnu/libffi.so.8.1.4
7dc727ffd000-7dc727ffe000 r--p 00009000 103:05 14942351                  /usr/lib/x86_64-linux-gnu/libffi.so.8.1.4
7dc727ffe000-7dc727fff000 r--p 0000a000 103:05 14942351                  /usr/lib/x86_64-linux-gnu/libffi.so.8.1.4
7dc727fff000-7dc728000000 rw-p 0000b000 103:05 14942351                  /usr/lib/x86_64-linux-gnu/libffi.so.8.1.4
7dc728000000-7dc7284b8000 rw-p 00000000 00:00 0 
7dc7284b8000-7dc72c000000 ---p 00000000 00:00 0 
7dc72c000000-7dc72c002000 r--p 00000000 103:05 14942607                  /usr/lib/x86_64-linux-gnu/libgmodule-2.0.so.0.8000.0
7dc72c002000-7dc72c004000 r-xp 00002000 103:05 14942607                  /usr/lib/x86_64-linux-gnu/libgmodule-2.0.so.0.8000.0
7dc72c004000-7dc72c005000 r--p 00004000 103:05 14942607                  /usr/lib/x86_64-linux-gnu/libgmodule-2.0.so.0.8000.0
7dc72c005000-7dc72c006000 r--p 00004000 103:05 14942607                  /usr/lib/x86_64-linux-gnu/libgmodule-2.0.so.0.8000.0
7dc72c006000-7dc72c007000 rw-p 00005000 103:05 14942607                  /usr/lib/x86_64-linux-gnu/libgmodule-2.0.so.0.8000.0
7dc72c007000-7dc72c009000 r--p 00000000 103:05 14943111                  /usr/lib/x86_64-linux-gnu/libmd.so.0.1.0
7dc72c009000-7dc72c012000 r-xp 00002000 103:05 14943111                  /usr/lib/x86_64-linux-gnu/libmd.so.0.1.0
7dc72c012000-7dc72c014000 r--p 0000b000 103:05 14943111                  /usr/lib/x86_64-linux-gnu/libmd.so.0.1.0
7dc72c014000-7dc72c015000 r--p 0000c000 103:05 14943111                  /usr/lib/x86_64-linux-gnu/libmd.so.0.1.0
7dc72c015000-7dc72c016000 rw-p 0000d000 103:05 14943111                  /usr/lib/x86_64-linux-gnu/libmd.so.0.1.0
7dc72c016000-7dc72c01a000 r--p 00000000 103:05 14943150                  /usr/lib/x86_64-linux-gnu/libbsd.so.0.12.1
7dc72c01a000-7dc72c026000 r-xp 00004000 103:05 14943150                  /usr/lib/x86_64-linux-gnu/libbsd.so.0.12.1
7dc72c026000-7dc72c029000 r--p 00010000 103:05 14943150                  /usr/lib/x86_64-linux-gnu/libbsd.so.0.12.1
7dc72c029000-7dc72c02a000 r--p 00012000 103:05 14943150                  /usr/lib/x86_64-linux-gnu/libbsd.so.0.12.1
7dc72c02a000-7dc72c02b000 rw-p 00013000 103:05 14943150                  /usr/lib/x86_64-linux-gnu/libbsd.so.0.12.1
7dc72c02b000-7dc72c02c000 rw-p 00000000 00:00 0 
7dc72c02c000-7dc72c037000 r--p 00000000 103:05 14943322                  /usr/lib/x86_64-linux-gnu/libxcb.so.1.1.0
7dc72c037000-7dc72c04a000 r-xp 0000b000 103:05 14943322                  /usr/lib/x86_64-linux-gnu/libxcb.so.1.1.0
7dc72c04a000-7dc72c053000 r--p 0001e000 103:05 14943322                  /usr/lib/x86_64-linux-gnu/libxcb.so.1.1.0
7dc72c053000-7dc72c054000 r--p 00026000 103:05 14943322                  /usr/lib/x86_64-linux-gnu/libxcb.so.1.1.0
7dc72c054000-7dc72c055000 rw-p 00027000 103:05 14943322                  /usr/lib/x86_64-linux-gnu/libxcb.so.1.1.0
7dc72c055000-7dc72c058000 r--p 00000000 103:05 14969839                  /usr/lib/x86_64-linux-gnu/libXi.so.6.1.0
7dc72c058000-7dc72c064000 r-xp 00003000 103:05 14969839                  /usr/lib/x86_64-linux-gnu/libXi.so.6.1.0
7dc72c064000-7dc72c066000 r--p 0000f000 103:05 14969839                  /usr/lib/x86_64-linux-gnu/libXi.so.6.1.0
7dc72c066000-7dc72c067000 r--p 00011000 103:05 14969839                  /usr/lib/x86_64-linux-gnu/libXi.so.6.1.0
7dc72c067000-7dc72c068000 rw-p 00012000 103:05 14969839                  /usr/lib/x86_64-linux-gnu/libXi.so.6.1.0
7dc72c068000-7dc72c162000 rw-p 00000000 00:00 0 
7dc72c162000-7dc72cff4000 ---p 00000000 00:00 0 
7dc72cff4000-7dc72d800000 rw-p 00000000 00:00 0 
7dc72d800000-7dc72d824000 r-xp 00000000 103:05 15074239                  /usr/lib/jvm/java-17-amazon-corretto/lib/libjava.so
7dc72d824000-7dc72da24000 ---p 00024000 103:05 15074239                  /usr/lib/jvm/java-17-amazon-corretto/lib/libjava.so
7dc72da24000-7dc72da25000 r--p 00024000 103:05 15074239                  /usr/lib/jvm/java-17-amazon-corretto/lib/libjava.so
7dc72da25000-7dc72da26000 rw-p 00025000 103:05 15074239                  /usr/lib/jvm/java-17-amazon-corretto/lib/libjava.so
7dc72da26000-7dc72da27000 rw-p 00000000 00:00 0 
7dc72da2c000-7dc72dac8000 rw-p 00000000 00:00 0 
7dc72dace000-7dc72dc00000 rw-p 00000000 00:00 0 
7dc72dc00000-7dc72dc1b000 r-xp 00000000 103:05 15074241                  /usr/lib/jvm/java-17-amazon-corretto/lib/libjimage.so
7dc72dc1b000-7dc72de1a000 ---p 0001b000 103:05 15074241                  /usr/lib/jvm/java-17-amazon-corretto/lib/libjimage.so
7dc72de1a000-7dc72de1c000 r--p 0001a000 103:05 15074241                  /usr/lib/jvm/java-17-amazon-corretto/lib/libjimage.so
7dc72de1c000-7dc72de1d000 rw-p 0001c000 103:05 15074241                  /usr/lib/jvm/java-17-amazon-corretto/lib/libjimage.so
7dc72de1d000-7dc72de1f000 r--p 00000000 103:05 14943311                  /usr/lib/x86_64-linux-gnu/libXdmcp.so.6.0.0
7dc72de1f000-7dc72de21000 r-xp 00002000 103:05 14943311                  /usr/lib/x86_64-linux-gnu/libXdmcp.so.6.0.0
7dc72de21000-7dc72de23000 r--p 00004000 103:05 14943311                  /usr/lib/x86_64-linux-gnu/libXdmcp.so.6.0.0
7dc72de23000-7dc72de24000 r--p 00005000 103:05 14943311                  /usr/lib/x86_64-linux-gnu/libXdmcp.so.6.0.0
7dc72de24000-7dc72de25000 rw-p 00006000 103:05 14943311                  /usr/lib/x86_64-linux-gnu/libXdmcp.so.6.0.0
7dc72de25000-7dc72de26000 r--p 00000000 103:05 14943091                  /usr/lib/x86_64-linux-gnu/libXau.so.6.0.0
7dc72de26000-7dc72de28000 r-xp 00001000 103:05 14943091                  /usr/lib/x86_64-linux-gnu/libXau.so.6.0.0
7dc72de28000-7dc72de29000 r--p 00003000 103:05 14943091                  /usr/lib/x86_64-linux-gnu/libXau.so.6.0.0
7dc72de29000-7dc72de2a000 r--p 00003000 103:05 14943091                  /usr/lib/x86_64-linux-gnu/libXau.so.6.0.0
7dc72de2a000-7dc72de2b000 rw-p 00004000 103:05 14943091                  /usr/lib/x86_64-linux-gnu/libXau.so.6.0.0
7dc72de2b000-7dc72de2d000 r--p 00000000 103:05 14969833                  /usr/lib/x86_64-linux-gnu/libXtst.so.6.1.0
7dc72de2d000-7dc72de30000 r-xp 00002000 103:05 14969833                  /usr/lib/x86_64-linux-gnu/libXtst.so.6.1.0
7dc72de30000-7dc72de31000 r--p 00005000 103:05 14969833                  /usr/lib/x86_64-linux-gnu/libXtst.so.6.1.0
7dc72de31000-7dc72de32000 r--p 00005000 103:05 14969833                  /usr/lib/x86_64-linux-gnu/libXtst.so.6.1.0
7dc72de32000-7dc72de33000 rw-p 00006000 103:05 14969833                  /usr/lib/x86_64-linux-gnu/libXtst.so.6.1.0
7dc72de33000-7dc72de35000 r--p 00000000 103:05 14943468                  /usr/lib/x86_64-linux-gnu/libXrender.so.1.3.0
7dc72de35000-7dc72de3c000 r-xp 00002000 103:05 14943468                  /usr/lib/x86_64-linux-gnu/libXrender.so.1.3.0
7dc72de3c000-7dc72de3d000 r--p 00009000 103:05 14943468                  /usr/lib/x86_64-linux-gnu/libXrender.so.1.3.0
7dc72de3d000-7dc72de3e000 r--p 00009000 103:05 14943468                  /usr/lib/x86_64-linux-gnu/libXrender.so.1.3.0
7dc72de3e000-7dc72de3f000 rw-p 0000a000 103:05 14943468                  /usr/lib/x86_64-linux-gnu/libXrender.so.1.3.0
7dc72de3f000-7dc72e000000 rw-p 00000000 00:00 0 
7dc72e000000-7dc72f2c9000 r-xp 00000000 103:05 15074267                  /usr/lib/jvm/java-17-amazon-corretto/lib/server/libjvm.so
7dc72f2c9000-7dc72f4c9000 ---p 012c9000 103:05 15074267                  /usr/lib/jvm/java-17-amazon-corretto/lib/server/libjvm.so
7dc72f4c9000-7dc72f582000 r--p 012c9000 103:05 15074267                  /usr/lib/jvm/java-17-amazon-corretto/lib/server/libjvm.so
7dc72f582000-7dc72f5b7000 rw-p 01382000 103:05 15074267                  /usr/lib/jvm/java-17-amazon-corretto/lib/server/libjvm.so
7dc72f5b7000-7dc72f612000 rw-p 00000000 00:00 0 
7dc72f615000-7dc72f616000 r--p 00000000 103:05 15473344                  /usr/share/locale-langpack/en/LC_MESSAGES/gtk30.mo
7dc72f616000-7dc72f61a000 r--p 00000000 103:05 14943423                  /usr/lib/x86_64-linux-gnu/libXext.so.6.4.0
7dc72f61a000-7dc72f625000 r-xp 00004000 103:05 14943423                  /usr/lib/x86_64-linux-gnu/libXext.so.6.4.0
7dc72f625000-7dc72f628000 r--p 0000f000 103:05 14943423                  /usr/lib/x86_64-linux-gnu/libXext.so.6.4.0
7dc72f628000-7dc72f629000 r--p 00011000 103:05 14943423                  /usr/lib/x86_64-linux-gnu/libXext.so.6.4.0
7dc72f629000-7dc72f62a000 rw-p 00012000 103:05 14943423                  /usr/lib/x86_64-linux-gnu/libXext.so.6.4.0
7dc72f62a000-7dc72f62f000 rw-p 00000000 00:00 0 
7dc72f62f000-7dc72f715000 ---p 00000000 00:00 0 
7dc72f715000-7dc72f71a000 rw-p 00000000 00:00 0 
7dc72f71a000-7dc72f800000 ---p 00000000 00:00 0 
7dc72f800000-7dc72f828000 r--p 00000000 103:05 14944734                  /usr/lib/x86_64-linux-gnu/libc.so.6
7dc72f828000-7dc72f9b0000 r-xp 00028000 103:05 14944734                  /usr/lib/x86_64-linux-gnu/libc.so.6
7dc72f9b0000-7dc72f9ff000 r--p 001b0000 103:05 14944734                  /usr/lib/x86_64-linux-gnu/libc.so.6
7dc72f9ff000-7dc72fa03000 r--p 001fe000 103:05 14944734                  /usr/lib/x86_64-linux-gnu/libc.so.6
7dc72fa03000-7dc72fa05000 rw-p 00202000 103:05 14944734                  /usr/lib/x86_64-linux-gnu/libc.so.6
7dc72fa05000-7dc72fa12000 rw-p 00000000 00:00 0 
7dc72fa12000-7dc72fa13000 r--p 00000000 103:05 14968157                  /usr/lib/x86_64-linux-gnu/libwayland-egl.so.1.22.0
7dc72fa13000-7dc72fa14000 r-xp 00001000 103:05 14968157                  /usr/lib/x86_64-linux-gnu/libwayland-egl.so.1.22.0
7dc72fa14000-7dc72fa15000 r--p 00002000 103:05 14968157                  /usr/lib/x86_64-linux-gnu/libwayland-egl.so.1.22.0
7dc72fa15000-7dc72fa16000 r--p 00002000 103:05 14968157                  /usr/lib/x86_64-linux-gnu/libwayland-egl.so.1.22.0
7dc72fa16000-7dc72fa17000 rw-p 00003000 103:05 14968157                  /usr/lib/x86_64-linux-gnu/libwayland-egl.so.1.22.0
7dc72fa17000-7dc72fa1b000 ---p 00000000 00:00 0 
7dc72fa1b000-7dc72fb17000 rw-p 00000000 00:00 0 
7dc72fb17000-7dc72fb27000 r--p 00000000 103:05 14944737                  /usr/lib/x86_64-linux-gnu/libm.so.6
7dc72fb27000-7dc72fba6000 r-xp 00010000 103:05 14944737                  /usr/lib/x86_64-linux-gnu/libm.so.6
7dc72fba6000-7dc72fbfe000 r--p 0008f000 103:05 14944737                  /usr/lib/x86_64-linux-gnu/libm.so.6
7dc72fbfe000-7dc72fbff000 r--p 000e7000 103:05 14944737                  /usr/lib/x86_64-linux-gnu/libm.so.6
7dc72fbff000-7dc72fc00000 rw-p 000e8000 103:05 14944737                  /usr/lib/x86_64-linux-gnu/libm.so.6
7dc72fc00000-7dc72fc0f000 r-xp 00000000 103:05 15074242                  /usr/lib/jvm/java-17-amazon-corretto/lib/libjli.so
7dc72fc0f000-7dc72fe0e000 ---p 0000f000 103:05 15074242                  /usr/lib/jvm/java-17-amazon-corretto/lib/libjli.so
7dc72fe0e000-7dc72fe0f000 r--p 0000e000 103:05 15074242                  /usr/lib/jvm/java-17-amazon-corretto/lib/libjli.so
7dc72fe0f000-7dc72fe10000 rw-p 0000f000 103:05 15074242                  /usr/lib/jvm/java-17-amazon-corretto/lib/libjli.so
7dc72fe10000-7dc72fe11000 rw-p 00000000 00:00 0 
7dc72fe11000-7dc72fe12000 r-xp 0005a000 103:05 3014738                   /tmp/lwjgl_cookiebot/3.3.4+7/x64/liblwjgl.so
7dc72fe12000-7dc72fe13000 rw-p 00000000 00:00 0 
7dc72fe23000-7dc72fe2a000 r--s 00000000 103:05 14944723                  /usr/lib/x86_64-linux-gnu/gconv/gconv-modules.cache
7dc72fe2a000-7dc72fe69000 rw-p 00000000 00:00 0 
7dc72fe69000-7dc72fe6a000 r--p 00000000 103:05 14944748                  /usr/lib/x86_64-linux-gnu/librt.so.1
7dc72fe6a000-7dc72fe6b000 r-xp 00001000 103:05 14944748                  /usr/lib/x86_64-linux-gnu/librt.so.1
7dc72fe6b000-7dc72fe6c000 r--p 00002000 103:05 14944748                  /usr/lib/x86_64-linux-gnu/librt.so.1
7dc72fe6c000-7dc72fe6d000 r--p 00002000 103:05 14944748                  /usr/lib/x86_64-linux-gnu/librt.so.1
7dc72fe6d000-7dc72fe6e000 rw-p 00003000 103:05 14944748                  /usr/lib/x86_64-linux-gnu/librt.so.1
7dc72fe6e000-7dc72fe72000 rw-p 00000000 00:00 0 
7dc72fe72000-7dc72fe73000 r--p 00000000 103:05 14944736                  /usr/lib/x86_64-linux-gnu/libdl.so.2
7dc72fe73000-7dc72fe74000 r-xp 00001000 103:05 14944736                  /usr/lib/x86_64-linux-gnu/libdl.so.2
7dc72fe74000-7dc72fe75000 r--p 00002000 103:05 14944736                  /usr/lib/x86_64-linux-gnu/libdl.so.2
7dc72fe75000-7dc72fe76000 r--p 00002000 103:05 14944736                  /usr/lib/x86_64-linux-gnu/libdl.so.2
7dc72fe76000-7dc72fe77000 rw-p 00003000 103:05 14944736                  /usr/lib/x86_64-linux-gnu/libdl.so.2
7dc72fe77000-7dc72fe78000 r--p 00000000 103:05 14944746                  /usr/lib/x86_64-linux-gnu/libpthread.so.0
7dc72fe78000-7dc72fe79000 r-xp 00001000 103:05 14944746                  /usr/lib/x86_64-linux-gnu/libpthread.so.0
7dc72fe79000-7dc72fe7a000 r--p 00002000 103:05 14944746                  /usr/lib/x86_64-linux-gnu/libpthread.so.0
7dc72fe7a000-7dc72fe7b000 r--p 00002000 103:05 14944746                  /usr/lib/x86_64-linux-gnu/libpthread.so.0
7dc72fe7b000-7dc72fe7c000 rw-p 00003000 103:05 14944746                  /usr/lib/x86_64-linux-gnu/libpthread.so.0
7dc72fe7c000-7dc72fe7e000 r--p 00000000 103:05 14944802                  /usr/lib/x86_64-linux-gnu/libz.so.1.3
7dc72fe7e000-7dc72fe90000 r-xp 00002000 103:05 14944802                  /usr/lib/x86_64-linux-gnu/libz.so.1.3
7dc72fe90000-7dc72fe96000 r--p 00014000 103:05 14944802                  /usr/lib/x86_64-linux-gnu/libz.so.1.3
7dc72fe96000-7dc72fe97000 r--p 0001a000 103:05 14944802                  /usr/lib/x86_64-linux-gnu/libz.so.1.3
7dc72fe97000-7dc72fe98000 rw-p 0001b000 103:05 14944802                  /usr/lib/x86_64-linux-gnu/libz.so.1.3
7dc72fe98000-7dc72fe9d000 rw-p 00000000 00:00 0 
7dc72fe9d000-7dc72fea4000 ---p 00000000 00:00 0 
7dc72fea4000-7dc72feac000 rw-s 00000000 103:05 3014747                   /tmp/hsperfdata_cookiebot/110016
7dc72feac000-7dc72fead000 ---p 00000000 00:00 0 
7dc72fead000-7dc72feae000 r--p 00000000 00:00 0 
7dc72feae000-7dc72feaf000 ---p 00000000 00:00 0 
7dc72feaf000-7dc72feb1000 rw-p 00000000 00:00 0 
7dc72feb1000-7dc72feb2000 r--p 00000000 103:05 14944731                  /usr/lib/x86_64-linux-gnu/ld-linux-x86-64.so.2
7dc72feb2000-7dc72fedd000 r-xp 00001000 103:05 14944731                  /usr/lib/x86_64-linux-gnu/ld-linux-x86-64.so.2
7dc72fedd000-7dc72fee7000 r--p 0002c000 103:05 14944731                  /usr/lib/x86_64-linux-gnu/ld-linux-x86-64.so.2
7dc72fee7000-7dc72fee9000 r--p 00036000 103:05 14944731                  /usr/lib/x86_64-linux-gnu/ld-linux-x86-64.so.2
7dc72fee9000-7dc72feeb000 rw-p 00038000 103:05 14944731                  /usr/lib/x86_64-linux-gnu/ld-linux-x86-64.so.2
7fffa4be0000-7fffa4c02000 rw-p 00000000 00:00 0                          [stack]
7fffa4d8a000-7fffa4d8e000 r--p 00000000 00:00 0                          [vvar]
7fffa4d8e000-7fffa4d90000 r-xp 00000000 00:00 0                          [vdso]
ffffffffff600000-ffffffffff601000 --xp 00000000 00:00 0                  [vsyscall]


VM Arguments:
java_command: engine.framework.Start
java_class_path (initial): /home/cookiebot/JavaProjects/HodgePodgeBarrage/target/classes:/home/cookiebot/.m2/repository/org/lwjgl/lwjgl/3.3.4/lwjgl-3.3.4.jar:/home/cookiebot/.m2/repository/org/lwjgl/lwjgl-glfw/3.3.4/lwjgl-glfw-3.3.4.jar:/home/cookiebot/.m2/repository/org/lwjgl/lwjgl-opengl/3.3.4/lwjgl-opengl-3.3.4.jar:/home/cookiebot/.m2/repository/org/lwjgl/lwjgl-stb/3.3.4/lwjgl-stb-3.3.4.jar:/home/cookiebot/.m2/repository/org/lwjgl/lwjgl-openal/3.3.4/lwjgl-openal-3.3.4.jar:/home/cookiebot/.m2/repository/org/lwjgl/lwjgl-nanovg/3.3.4/lwjgl-nanovg-3.3.4.jar:/home/cookiebot/.m2/repository/org/joml/joml/1.10.5/joml-1.10.5.jar:/home/cookiebot/.m2/repository/org/lwjgl/lwjgl/3.3.4/lwjgl-3.3.4-natives-windows.jar:/home/cookiebot/.m2/repository/org/lwjgl/lwjgl-glfw/3.3.4/lwjgl-glfw-3.3.4-natives-windows.jar:/home/cookiebot/.m2/repository/org/lwjgl/lwjgl-opengl/3.3.4/lwjgl-opengl-3.3.4-natives-windows.jar:/home/cookiebot/.m2/repository/org/lwjgl/lwjgl-stb/3.3.4/lwjgl-stb-3.3.4-natives-windows.jar:/home/cookiebot/.m2/repository/org/lwjgl/lwjgl-openal/3.3.4/lwjgl-openal-3.3.4-natives-windows.jar:/home/cookiebot/.m2/repository/org/lwjgl/lwjgl-nanovg/3.3.4/lwjgl-nanovg-3.3.4-natives-windows.jar:/home/cookiebot/.m2/repository/org/lwjgl/lwjgl/3.3.4/lwjgl-3.3.4-natives-linux.jar:/home/cookiebot/.m2/repository/org/lwjgl/lwjgl-glfw/3.3.4/lwjgl-glfw-3.3.4-natives-linux.jar:/home/cookiebot/.m2/repository/org/lwjgl/lwjgl-opengl/3.3.4/lwjgl-opengl-3.3.4-natives-linux.jar:/home/cookiebot/.m2/repository/org/lwjgl/lwjgl-stb/3.3.4/lwjgl-stb-3.3.4-natives-linux.jar:/home/cookiebot/.m2/repository/org/lwjgl/lwjgl-openal/3.3.4/lwjgl-openal-3.3.4-natives-linux.jar:/home/cookiebot/.m2/repository/org/lwjgl/lwjgl-nanovg/3.3.4/lwjgl-nanovg-3.3.4-natives-linux.jar:/home/cookiebot/.m2/repository/org/lwjgl/lwjgl/3.3.4/lwjgl-3.3.4-natives-macos.jar:/home/cookiebot/.m2/repository/org/lwjgl/lwjgl-glfw/3.3.4/lwjgl-glfw-3.3.4-natives-macos.jar:/home/cookiebot/.m2/repository/org/lwjgl/lwjgl-opengl/3.3.4/lwj
Launcher Type: SUN_STANDARD

[Global flags]
     intx CICompilerCount                          = 4                                         {product} {ergonomic}
     uint ConcGCThreads                            = 3                                         {product} {ergonomic}
     uint G1ConcRefinementThreads                  = 10                                        {product} {ergonomic}
   size_t G1HeapRegionSize                         = 4194304                                   {product} {ergonomic}
    uintx GCDrainStackTargetSize                   = 64                                        {product} {ergonomic}
   size_t InitialHeapSize                          = 524288000                                 {product} {ergonomic}
   size_t MarkStackSize                            = 4194304                                   {product} {ergonomic}
   size_t MaxHeapSize                              = 8355053568                                {product} {ergonomic}
   size_t MaxNewSize                               = 5012193280                                {product} {ergonomic}
   size_t MinHeapDeltaBytes                        = 4194304                                   {product} {ergonomic}
   size_t MinHeapSize                              = 8388608                                   {product} {ergonomic}
    uintx NonNMethodCodeHeapSize                   = 5839372                                {pd product} {ergonomic}
    uintx NonProfiledCodeHeapSize                  = 122909434                              {pd product} {ergonomic}
    uintx ProfiledCodeHeapSize                     = 122909434                              {pd product} {ergonomic}
    uintx ReservedCodeCacheSize                    = 251658240                              {pd product} {ergonomic}
     bool SegmentedCodeCache                       = true                                      {product} {ergonomic}
   size_t SoftMaxHeapSize                          = 8355053568                             {manageable} {ergonomic}
     bool UseCompressedClassPointers               = true                           {product lp64_product} {ergonomic}
     bool UseCompressedOops                        = true                           {product lp64_product} {ergonomic}
     bool UseG1GC                                  = true                                      {product} {ergonomic}

Logging:
Log output configuration:
 #0: stdout all=warning uptime,level,tags
 #1: stderr all=off uptime,level,tags

Environment Variables:
JAVA_HOME=/usr/lib/jvm/java-17-amazon-corretto
PATH=/usr/local/sbin:/usr/local/bin:/usr/sbin:/usr/bin:/sbin:/bin:/usr/games:/usr/local/games:/snap/bin:/snap/bin
USERNAME=cookiebot
SHELL=/bin/bash
DISPLAY=:0
LANG=en_US.UTF-8

Active Locale:
LC_ALL=en_US.UTF-8
LC_COLLATE=en_US.UTF-8
LC_CTYPE=en_US.UTF-8
LC_MESSAGES=en_US.UTF-8
LC_MONETARY=en_US.UTF-8
LC_NUMERIC=en_US.UTF-8
LC_TIME=en_US.UTF-8

Signal Handlers:
   SIGSEGV: 