#
# A fatal error has been detected by the Java Runtime Environment:
#
#  SIGSEGV (0xb) at pc=0x000074fe4aa3d504, pid=11156, tid=11182
#
# JRE version: OpenJDK Runtime Environment Corretto-17.0.15.6.1 (17.0.15+6) (build 17.0.15+6-LTS)
# Java VM: OpenJDK 64-Bit Server VM Corretto-17.0.15.6.1 (17.0.15+6-LTS, mixed mode, sharing, tiered, compressed oops, compressed class ptrs, g1 gc, linux-amd64)
# Problematic frame:
# C  [libglfw.so+0x12504]
#
# Core dump will be written. Default location: Core dumps may be processed with "/usr/share/apport/apport -p%p -s%s -c%c -d%d -P%P -u%u -g%g -F%F -- %E" (or dumping to /home/cookiebot/JavaProjects/HodgePodgeBarrage/core.11156)
#
# If you would like to submit a bug report, please visit:
#   https://github.com/corretto/corretto-17/issues/
# The crash happened outside the Java Virtual Machine in native code.
# See problematic frame for where to report the bug.
#

---------------  S U M M A R Y ------------

Command Line: engine.framework.Start

Host: Intel(R) Core(TM) i7-10750H CPU @ 2.60GHz, 12 cores, 31G, Ubuntu 24.04.2 LTS
Time: Sat Sep  6 21:14:13 2025 CDT elapsed time: 0.324736 seconds (0d 0h 0m 0s)

---------------  T H R E A D  ---------------

Current thread (0x000074fed02645f0):  JavaThread "Thread-1" [_thread_in_native, id=11182, stack(0x000074fe49700000,0x000074fe49800000)]

Stack: [0x000074fe49700000,0x000074fe49800000],  sp=0x000074fe497fe5c0,  free space=1017k
Native frames: (J=compiled Java code, j=interpreted, Vv=VM code, C=native code)
C  [libglfw.so+0x12504]

Java frames: (J=compiled Java code, j=interpreted, Vv=VM code)
j  org.lwjgl.system.JNI.invokeI(J)I+0
j  org.lwjgl.glfw.GLFW.glfwInit()Z+8
j  engine.framework.NewWindow.init()V+10
j  engine.framework.NewEngine.run()V+4
j  java.lang.Thread.run()V+11 java.base@17.0.15
v  ~StubRoutines::call_stub

siginfo: si_signo: 11 (SIGSEGV), si_code: 2 (SEGV_ACCERR), si_addr: 0x000074fe041a8042

Registers:
RAX=0x000074fe041a8042, RBX=0x000074fe041a7fc2, RCX=0x000074fe4aa5e650, RDX=0x0000000000000020
RSP=0x000074fe497fe5c0, RBP=0x0000000000000000, RSI=0x000074fe4aa5e650, RDI=0x000074fe041a7fc2
R8 =0x1999999999999999, R9 =0x0000000000000000, R10=0x000074fed7db1fc0, R11=0x000074fed7db28c0
R12=0x000074fe4aa9e500, R13=0x000074fe4aa5e671, R14=0x000074fe497fe848, R15=0x000074fed02645f0
RIP=0x000074fe4aa3d504, EFLAGS=0x0000000000010246, CSGSFS=0x002b000000000033, ERR=0x0000000000000006
  TRAPNO=0x000000000000000e

XMM[0]=0x3030303038333032 0x3030303030303530
XMM[1]=0x0000000000000000 0x000000ffffffffff
XMM[2]=0x00000000ffffffff 0xffffff0000000000
XMM[3]=0x0000000000000000 0x0000000000000000
XMM[4]=0x727474686769722c 0x37623a7265646c75
XMM[5]=0x0000000000000000 0x0000000000640000
XMM[6]=0x6174732c33613a79 0x74686769722c3261
XMM[7]=0xffffffffffffffff 0xffffffffffffffff
XMM[8]=0x0000000000000000 0x0000000000000000
XMM[9]=0x0000000000000000 0x0000000000000140
XMM[10]=0x0000000000000000 0x00000000000000a0
XMM[11]=0x0000000000000000 0x00000000000000a0
XMM[12]=0x0000000000000000 0x00000000000000a0
XMM[13]=0x0000000000000000 0x00000000000000a0
XMM[14]=0x0000000000000000 0x0000000000000280
XMM[15]=0x0000000000000000 0x0000000000000000
  MXCSR=0x00001fa0


Register to memory mapping:

RAX=0x000074fe041a8042 is an unknown value
RBX=0x000074fe041a7fc2 points into unknown readable memory: 00 00 00 00 00 00
RCX=0x000074fe4aa5e650: <offset 0x0000000000033650> in /tmp/lwjgl_cookiebot/3.3.6+1/x64/libglfw.so at 0x000074fe4aa2b000
RDX=0x0000000000000020 is an unknown value
RSP=0x000074fe497fe5c0 is pointing into the stack for thread: 0x000074fed02645f0
RBP=0x0 is NULL
RSI=0x000074fe4aa5e650: <offset 0x0000000000033650> in /tmp/lwjgl_cookiebot/3.3.6+1/x64/libglfw.so at 0x000074fe4aa2b000
RDI=0x000074fe041a7fc2 points into unknown readable memory: 00 00 00 00 00 00
R8 =0x1999999999999999 is an unknown value
R9 =0x0 is NULL
R10=0x000074fed7db1fc0: <offset 0x00000000001b1fc0> in /lib/x86_64-linux-gnu/libc.so.6 at 0x000074fed7c00000
R11=0x000074fed7db28c0: <offset 0x00000000001b28c0> in /lib/x86_64-linux-gnu/libc.so.6 at 0x000074fed7c00000
R12=0x000074fe4aa9e500: <offset 0x0000000000073500> in /tmp/lwjgl_cookiebot/3.3.6+1/x64/libglfw.so at 0x000074fe4aa2b000
R13=0x000074fe4aa5e671: <offset 0x0000000000033671> in /tmp/lwjgl_cookiebot/3.3.6+1/x64/libglfw.so at 0x000074fe4aa2b000
R14=0x000074fe497fe848 is pointing into the stack for thread: 0x000074fed02645f0
R15=0x000074fed02645f0 is a thread


Top of Stack: (sp=0x000074fe497fe5c0)
0x000074fe497fe5c0:   000074fe497fe600 000074fe497fe5f0
0x000074fe497fe5d0:   000074fe497fe5e8 000074fe041a8042
0x000074fe497fe5e0:   0000003000000028 000074fe4aa5e650
0x000074fe497fe5f0:   000074fe4aa5c7e0 0000000000000000
0x000074fe497fe600:   000074fe4aa8e7a1 000074fe041a8063
0x000074fe497fe610:   000074fe4aa8e753 000074fe041a8067
0x000074fe497fe620:   000074fe4aa8df6c 000074fe041a806b
0x000074fe497fe630:   000074fe4aa8a6fa 000074fe041a806f
0x000074fe497fe640:   000074fe4aa8c344 000074fe041a807b
0x000074fe497fe650:   000074fe4aa5c7e9 000074fe041a807f
0x000074fe497fe660:   000074fe4aa5c7ef 000074fe041a8083
0x000074fe497fe670:   000074fe4aa5c7f5 000074fe041a8073
0x000074fe497fe680:   000074fe4aa5c802 000074fe041a8077
0x000074fe497fe690:   000074fe4aa5c810 000074fe041a8087
0x000074fe497fe6a0:   000074fe4aa5c81a 000074fe041a808b
0x000074fe497fe6b0:   000074fe4aa5c825 000074fe041a808f
0x000074fe497fe6c0:   000074fe4aa5c82a 000074fe041a8093
0x000074fe497fe6d0:   000074fe4aa5c832 000074fe041a8097
0x000074fe497fe6e0:   000074fe4aa5c839 000074fe041a809b
0x000074fe497fe6f0:   000074fe4aa5c840 000074fe041a80af
0x000074fe497fe700:   000074fe4aa5c84c 000074fe041a80b3
0x000074fe497fe710:   000074fe4aa5c859 000074fe041a809f
0x000074fe497fe720:   000074fe4aa5c85f 000074fe041a80a3
0x000074fe497fe730:   000074fe4aa5c865 000074fe041a80a7
0x000074fe497fe740:   000074fe4aa5c86c 000074fe041a80ab
0x000074fe497fe750:   0000000100000069 000074fe4aa9c3c0
0x000074fe497fe760:   000074fe4aa9d730 000074fe4aa9e500
0x000074fe497fe770:   000074fe4b4dcd68 000074fe497fe848
0x000074fe497fe780:   000074fed02645f0 000074fe4aa3ddea
0x000074fe497fe790:   000074fe4b4dcd68 000074fe4aabee4c
0x000074fe497fe7a0:   0000000000000000 000074fe4aa3cfa4
0x000074fe497fe7b0:   000074fe497fe820 000074fec09445da 

Instructions: (pc=0x000074fe4aa3d504)
0x000074fe4aa3d404:   00 48 89 84 24 28 01 00 00 48 8d 05 2c f4 01 00
0x000074fe4aa3d414:   48 89 84 24 30 01 00 00 48 8d 87 ed 00 00 00 48
0x000074fe4aa3d424:   89 84 24 38 01 00 00 48 8d 05 1a f4 01 00 48 89
0x000074fe4aa3d434:   84 24 40 01 00 00 48 8d 87 f1 00 00 00 48 89 84
0x000074fe4aa3d444:   24 48 01 00 00 48 8d 05 09 f4 01 00 48 89 84 24
0x000074fe4aa3d454:   50 01 00 00 48 8d 87 dd 00 00 00 48 89 84 24 58
0x000074fe4aa3d464:   01 00 00 48 8d 05 f1 f3 01 00 48 89 84 24 60 01
0x000074fe4aa3d474:   00 00 48 8d 87 e1 00 00 00 48 89 84 24 68 01 00
0x000074fe4aa3d484:   00 48 8d 05 d9 f3 01 00 48 89 84 24 70 01 00 00
0x000074fe4aa3d494:   48 8d 87 e5 00 00 00 48 89 84 24 78 01 00 00 48
0x000074fe4aa3d4a4:   8d 05 c2 f3 01 00 48 89 84 24 80 01 00 00 48 8d
0x000074fe4aa3d4b4:   87 e9 00 00 00 48 89 84 24 88 01 00 00 0f b6 06
0x000074fe4aa3d4c4:   84 c0 75 18 e9 13 02 00 00 0f 1f 00 48 83 c2 01
0x000074fe4aa3d4d4:   0f b6 04 11 84 c0 0f 84 00 02 00 00 3c 2c 75 ec
0x000074fe4aa3d4e4:   48 83 fa 20 0f 85 f2 01 00 00 f3 0f 6f 01 48 8d
0x000074fe4aa3d4f4:   83 80 00 00 00 4c 8d 69 21 31 ed 48 89 44 24 18
0x000074fe4aa3d504:   0f 11 83 80 00 00 00 f3 0f 6f 49 10 4c 89 6c 24
0x000074fe4aa3d514:   28 0f 11 8b 90 00 00 00 0f b6 41 21 84 c0 75 1d
0x000074fe4aa3d524:   e9 b7 01 00 00 0f 1f 80 00 00 00 00 48 83 c5 01
0x000074fe4aa3d534:   0f b6 44 29 21 84 c0 0f 84 9f 01 00 00 3c 2c 75
0x000074fe4aa3d544:   eb 48 83 fd 7f 0f 87 91 01 00 00 48 89 ea 4c 89
0x000074fe4aa3d554:   ee 49 8d 6c 2d 01 48 89 df e8 3e dd ff ff 0f b6
0x000074fe4aa3d564:   45 00 48 8d 74 24 28 48 89 6c 24 28 48 89 74 24
0x000074fe4aa3d574:   10 84 c0 0f 84 19 01 00 00 0f 1f 00 83 e8 2b a8
0x000074fe4aa3d584:   fd 0f 84 b8 02 00 00 48 8d 44 24 30 45 31 ed 48
0x000074fe4aa3d594:   89 44 24 08 48 8b 44 24 08 4d 89 ec 49 c1 e4 04
0x000074fe4aa3d5a4:   4e 8b 3c 20 4c 89 ff e8 a0 db ff ff 4c 89 fe 48
0x000074fe4aa3d5b4:   89 ef 48 89 c2 49 89 c6 e8 cf da ff ff 85 c0 0f
0x000074fe4aa3d5c4:   85 3f 01 00 00 42 80 7c 35 00 3a 0f 85 33 01 00
0x000074fe4aa3d5d4:   00 4a 8d 6c 35 01 4e 8b 74 24 38 48 89 6c 24 28
0x000074fe4aa3d5e4:   4d 85 f6 0f 84 3b 01 00 00 0f b6 55 00 80 fa 2b
0x000074fe4aa3d5f4:   0f 84 de 01 00 00 41 bc 01 00 00 00 41 bf ff ff 


Stack slot to memory mapping:
stack at sp + 0 slots: 0x000074fe497fe600 is pointing into the stack for thread: 0x000074fed02645f0
stack at sp + 1 slots: 0x000074fe497fe5f0 is pointing into the stack for thread: 0x000074fed02645f0
stack at sp + 2 slots: 0x000074fe497fe5e8 is pointing into the stack for thread: 0x000074fed02645f0
stack at sp + 3 slots: 0x000074fe041a8042 is an unknown value
stack at sp + 4 slots: 0x0000003000000028 is an unknown value
stack at sp + 5 slots: 0x000074fe4aa5e650: <offset 0x0000000000033650> in /tmp/lwjgl_cookiebot/3.3.6+1/x64/libglfw.so at 0x000074fe4aa2b000
stack at sp + 6 slots: 0x000074fe4aa5c7e0: <offset 0x00000000000317e0> in /tmp/lwjgl_cookiebot/3.3.6+1/x64/libglfw.so at 0x000074fe4aa2b000
stack at sp + 7 slots: 0x0 is NULL


---------------  P R O C E S S  ---------------

Threads class SMR info:
_java_thread_list=0x000074fe10001f90, length=15, elements={
0x000074fed015d6c0, 0x000074fed015eaa0, 0x000074fed0164030, 0x000074fed01653e0,
0x000074fed01667f0, 0x000074fed01681a0, 0x000074fed01696d0, 0x000074fed0172b30,
0x000074fed017a790, 0x000074fed017df20, 0x000074fed0242ba0, 0x000074fe2418c220,
0x000074fed02645f0, 0x000074fe10000ff0, 0x000074fed002c070
}

Java Threads: ( => current thread )
  0x000074fed015d6c0 JavaThread "Reference Handler" daemon [_thread_blocked, id=11168, stack(0x000074fea4bff000,0x000074fea4cff000)]
  0x000074fed015eaa0 JavaThread "Finalizer" daemon [_thread_blocked, id=11169, stack(0x000074fea4aff000,0x000074fea4bff000)]
  0x000074fed0164030 JavaThread "Signal Dispatcher" daemon [_thread_blocked, id=11170, stack(0x000074fea49ff000,0x000074fea4aff000)]
  0x000074fed01653e0 JavaThread "Service Thread" daemon [_thread_blocked, id=11171, stack(0x000074fea4300000,0x000074fea4400000)]
  0x000074fed01667f0 JavaThread "Monitor Deflation Thread" daemon [_thread_blocked, id=11172, stack(0x000074fea4200000,0x000074fea4300000)]
  0x000074fed01681a0 JavaThread "C2 CompilerThread0" daemon [_thread_blocked, id=11173, stack(0x000074fea4100000,0x000074fea4200000)]
  0x000074fed01696d0 JavaThread "C1 CompilerThread0" daemon [_thread_in_native, id=11174, stack(0x000074fea4000000,0x000074fea4100000)]
  0x000074fed0172b30 JavaThread "Sweeper thread" daemon [_thread_blocked, id=11175, stack(0x000074fe4af00000,0x000074fe4b000000)]
  0x000074fed017a790 JavaThread "Notification Thread" daemon [_thread_blocked, id=11176, stack(0x000074fe4ae00000,0x000074fe4af00000)]
  0x000074fed017df20 JavaThread "Common-Cleaner" daemon [_thread_blocked, id=11178, stack(0x000074fe4abff000,0x000074fe4acff000)]
  0x000074fed0242ba0 JavaThread "Java2D Disposer" daemon [_thread_blocked, id=11179, stack(0x000074fe4a700000,0x000074fe4a800000)]
  0x000074fe2418c220 JavaThread "C2 CompilerThread1" daemon [_thread_blocked, id=11180, stack(0x000074fe4a300000,0x000074fe4a400000)]
=>0x000074fed02645f0 JavaThread "Thread-1" [_thread_in_native, id=11182, stack(0x000074fe49700000,0x000074fe49800000)]
  0x000074fe10000ff0 JavaThread "Thread-2" [_thread_in_Java, id=11183, stack(0x000074fe49300000,0x000074fe49400000)]
  0x000074fed002c070 JavaThread "DestroyJavaVM" [_thread_blocked, id=11157, stack(0x000074fed8212000,0x000074fed8312000)]

Other Threads:
  0x000074fed0159730 VMThread "VM Thread" [stack: 0x000074fea4d00000,0x000074fea4e00000] [id=11167]
  0x000074fed017c0d0 WatcherThread [stack: 0x000074fe4ad00000,0x000074fe4ae00000] [id=11177]
  0x000074fed005aa60 GCTaskThread "GC Thread#0" [stack: 0x000074fed4469000,0x000074fed4569000] [id=11158]
  0x000074fed006b980 ConcurrentGCThread "G1 Main Marker" [stack: 0x000074fed4368000,0x000074fed4468000] [id=11159]
  0x000074fed006c8f0 ConcurrentGCThread "G1 Conc#0" [stack: 0x000074fed4267000,0x000074fed4367000] [id=11160]
  0x000074fed0129e80 ConcurrentGCThread "G1 Refine#0" [stack: 0x000074fea51f9000,0x000074fea52f9000] [id=11161]
  0x000074fed012ad80 ConcurrentGCThread "G1 Service" [stack: 0x000074fea50f8000,0x000074fea51f8000] [id=11162]

Threads with active compile tasks:
C1 CompilerThread0      329  912       3       java.lang.ref.SoftReference::<init> (13 bytes)
C2 CompilerThread1      329  914       4       java.lang.StringUTF16::getChar (60 bytes)

VM state: not at safepoint (normal execution)

VM Mutex/Monitor currently owned by a thread: None

Heap address: 0x000000060e000000, size: 7968 MB, Compressed Oops mode: Zero based, Oop shift amount: 3

CDS archive(s) mapped at: [0x000074fe4f000000-0x000074fe4fbca000-0x000074fe4fbca000), size 12361728, SharedBaseAddress: 0x000074fe4f000000, ArchiveRelocationMode: 1.
Compressed class space mapped at: 0x000074fe50000000-0x000074fe90000000, reserved size: 1073741824
Narrow klass base: 0x000074fe4f000000, Narrow klass shift: 0, Narrow klass range: 0x100000000

GC Precious Log:
 CPUs: 12 total, 12 available
 Memory: 31861M
 Large Page Support: Disabled
 NUMA Support: Disabled
 Compressed Oops: Enabled (Zero based)
 Heap Region Size: 4M
 Heap Min Capacity: 8M
 Heap Initial Capacity: 500M
 Heap Max Capacity: 7968M
 Pre-touch: Disabled
 Parallel Workers: 10
 Concurrent Workers: 3
 Concurrent Refinement Workers: 10
 Periodic GC: Disabled

Heap:
 garbage-first heap   total 520192K, used 16308K [0x000000060e000000, 0x0000000800000000)
  region size 4096K, 4 young (16384K), 0 survivors (0K)
 Metaspace       used 4374K, committed 4672K, reserved 1114112K
  class space    used 360K, committed 512K, reserved 1048576K

Heap Regions: E=young(eden), S=young(survivor), O=old, HS=humongous(starts), HC=humongous(continues), CS=collection set, F=free, OA=open archive, CA=closed archive, TAMS=top-at-mark-start (previous, next)
|   0|0x000000060e000000, 0x000000060e000000, 0x000000060e400000|  0%| F|  |TAMS 0x000000060e000000, 0x000000060e000000| Untracked 
|   1|0x000000060e400000, 0x000000060e400000, 0x000000060e800000|  0%| F|  |TAMS 0x000000060e400000, 0x000000060e400000| Untracked 
|   2|0x000000060e800000, 0x000000060e800000, 0x000000060ec00000|  0%| F|  |TAMS 0x000000060e800000, 0x000000060e800000| Untracked 
|   3|0x000000060ec00000, 0x000000060ec00000, 0x000000060f000000|  0%| F|  |TAMS 0x000000060ec00000, 0x000000060ec00000| Untracked 
|   4|0x000000060f000000, 0x000000060f000000, 0x000000060f400000|  0%| F|  |TAMS 0x000000060f000000, 0x000000060f000000| Untracked 
|   5|0x000000060f400000, 0x000000060f400000, 0x000000060f800000|  0%| F|  |TAMS 0x000000060f400000, 0x000000060f400000| Untracked 
|   6|0x000000060f800000, 0x000000060f800000, 0x000000060fc00000|  0%| F|  |TAMS 0x000000060f800000, 0x000000060f800000| Untracked 
|   7|0x000000060fc00000, 0x000000060fc00000, 0x0000000610000000|  0%| F|  |TAMS 0x000000060fc00000, 0x000000060fc00000| Untracked 
|   8|0x0000000610000000, 0x0000000610000000, 0x0000000610400000|  0%| F|  |TAMS 0x0000000610000000, 0x0000000610000000| Untracked 
|   9|0x0000000610400000, 0x0000000610400000, 0x0000000610800000|  0%| F|  |TAMS 0x0000000610400000, 0x0000000610400000| Untracked 
|  10|0x0000000610800000, 0x0000000610800000, 0x0000000610c00000|  0%| F|  |TAMS 0x0000000610800000, 0x0000000610800000| Untracked 
|  11|0x0000000610c00000, 0x0000000610c00000, 0x0000000611000000|  0%| F|  |TAMS 0x0000000610c00000, 0x0000000610c00000| Untracked 
|  12|0x0000000611000000, 0x0000000611000000, 0x0000000611400000|  0%| F|  |TAMS 0x0000000611000000, 0x0000000611000000| Untracked 
|  13|0x0000000611400000, 0x0000000611400000, 0x0000000611800000|  0%| F|  |TAMS 0x0000000611400000, 0x0000000611400000| Untracked 
|  14|0x0000000611800000, 0x0000000611800000, 0x0000000611c00000|  0%| F|  |TAMS 0x0000000611800000, 0x0000000611800000| Untracked 
|  15|0x0000000611c00000, 0x0000000611c00000, 0x0000000612000000|  0%| F|  |TAMS 0x0000000611c00000, 0x0000000611c00000| Untracked 
|  16|0x0000000612000000, 0x0000000612000000, 0x0000000612400000|  0%| F|  |TAMS 0x0000000612000000, 0x0000000612000000| Untracked 
|  17|0x0000000612400000, 0x0000000612400000, 0x0000000612800000|  0%| F|  |TAMS 0x0000000612400000, 0x0000000612400000| Untracked 
|  18|0x0000000612800000, 0x0000000612800000, 0x0000000612c00000|  0%| F|  |TAMS 0x0000000612800000, 0x0000000612800000| Untracked 
|  19|0x0000000612c00000, 0x0000000612c00000, 0x0000000613000000|  0%| F|  |TAMS 0x0000000612c00000, 0x0000000612c00000| Untracked 
|  20|0x0000000613000000, 0x0000000613000000, 0x0000000613400000|  0%| F|  |TAMS 0x0000000613000000, 0x0000000613000000| Untracked 
|  21|0x0000000613400000, 0x0000000613400000, 0x0000000613800000|  0%| F|  |TAMS 0x0000000613400000, 0x0000000613400000| Untracked 
|  22|0x0000000613800000, 0x0000000613800000, 0x0000000613c00000|  0%| F|  |TAMS 0x0000000613800000, 0x0000000613800000| Untracked 
|  23|0x0000000613c00000, 0x0000000613c00000, 0x0000000614000000|  0%| F|  |TAMS 0x0000000613c00000, 0x0000000613c00000| Untracked 
|  24|0x0000000614000000, 0x0000000614000000, 0x0000000614400000|  0%| F|  |TAMS 0x0000000614000000, 0x0000000614000000| Untracked 
|  25|0x0000000614400000, 0x0000000614400000, 0x0000000614800000|  0%| F|  |TAMS 0x0000000614400000, 0x0000000614400000| Untracked 
|  26|0x0000000614800000, 0x0000000614800000, 0x0000000614c00000|  0%| F|  |TAMS 0x0000000614800000, 0x0000000614800000| Untracked 
|  27|0x0000000614c00000, 0x0000000614c00000, 0x0000000615000000|  0%| F|  |TAMS 0x0000000614c00000, 0x0000000614c00000| Untracked 
|  28|0x0000000615000000, 0x0000000615000000, 0x0000000615400000|  0%| F|  |TAMS 0x0000000615000000, 0x0000000615000000| Untracked 
|  29|0x0000000615400000, 0x0000000615400000, 0x0000000615800000|  0%| F|  |TAMS 0x0000000615400000, 0x0000000615400000| Untracked 
|  30|0x0000000615800000, 0x0000000615800000, 0x0000000615c00000|  0%| F|  |TAMS 0x0000000615800000, 0x0000000615800000| Untracked 
|  31|0x0000000615c00000, 0x0000000615c00000, 0x0000000616000000|  0%| F|  |TAMS 0x0000000615c00000, 0x0000000615c00000| Untracked 
|  32|0x0000000616000000, 0x0000000616000000, 0x0000000616400000|  0%| F|  |TAMS 0x0000000616000000, 0x0000000616000000| Untracked 
|  33|0x0000000616400000, 0x0000000616400000, 0x0000000616800000|  0%| F|  |TAMS 0x0000000616400000, 0x0000000616400000| Untracked 
|  34|0x0000000616800000, 0x0000000616800000, 0x0000000616c00000|  0%| F|  |TAMS 0x0000000616800000, 0x0000000616800000| Untracked 
|  35|0x0000000616c00000, 0x0000000616c00000, 0x0000000617000000|  0%| F|  |TAMS 0x0000000616c00000, 0x0000000616c00000| Untracked 
|  36|0x0000000617000000, 0x0000000617000000, 0x0000000617400000|  0%| F|  |TAMS 0x0000000617000000, 0x0000000617000000| Untracked 
|  37|0x0000000617400000, 0x0000000617400000, 0x0000000617800000|  0%| F|  |TAMS 0x0000000617400000, 0x0000000617400000| Untracked 
|  38|0x0000000617800000, 0x0000000617800000, 0x0000000617c00000|  0%| F|  |TAMS 0x0000000617800000, 0x0000000617800000| Untracked 
|  39|0x0000000617c00000, 0x0000000617c00000, 0x0000000618000000|  0%| F|  |TAMS 0x0000000617c00000, 0x0000000617c00000| Untracked 
|  40|0x0000000618000000, 0x0000000618000000, 0x0000000618400000|  0%| F|  |TAMS 0x0000000618000000, 0x0000000618000000| Untracked 
|  41|0x0000000618400000, 0x0000000618400000, 0x0000000618800000|  0%| F|  |TAMS 0x0000000618400000, 0x0000000618400000| Untracked 
|  42|0x0000000618800000, 0x0000000618800000, 0x0000000618c00000|  0%| F|  |TAMS 0x0000000618800000, 0x0000000618800000| Untracked 
|  43|0x0000000618c00000, 0x0000000618c00000, 0x0000000619000000|  0%| F|  |TAMS 0x0000000618c00000, 0x0000000618c00000| Untracked 
|  44|0x0000000619000000, 0x0000000619000000, 0x0000000619400000|  0%| F|  |TAMS 0x0000000619000000, 0x0000000619000000| Untracked 
|  45|0x0000000619400000, 0x0000000619400000, 0x0000000619800000|  0%| F|  |TAMS 0x0000000619400000, 0x0000000619400000| Untracked 
|  46|0x0000000619800000, 0x0000000619800000, 0x0000000619c00000|  0%| F|  |TAMS 0x0000000619800000, 0x0000000619800000| Untracked 
|  47|0x0000000619c00000, 0x0000000619c00000, 0x000000061a000000|  0%| F|  |TAMS 0x0000000619c00000, 0x0000000619c00000| Untracked 
|  48|0x000000061a000000, 0x000000061a000000, 0x000000061a400000|  0%| F|  |TAMS 0x000000061a000000, 0x000000061a000000| Untracked 
|  49|0x000000061a400000, 0x000000061a400000, 0x000000061a800000|  0%| F|  |TAMS 0x000000061a400000, 0x000000061a400000| Untracked 
|  50|0x000000061a800000, 0x000000061a800000, 0x000000061ac00000|  0%| F|  |TAMS 0x000000061a800000, 0x000000061a800000| Untracked 
|  51|0x000000061ac00000, 0x000000061ac00000, 0x000000061b000000|  0%| F|  |TAMS 0x000000061ac00000, 0x000000061ac00000| Untracked 
|  52|0x000000061b000000, 0x000000061b000000, 0x000000061b400000|  0%| F|  |TAMS 0x000000061b000000, 0x000000061b000000| Untracked 
|  53|0x000000061b400000, 0x000000061b400000, 0x000000061b800000|  0%| F|  |TAMS 0x000000061b400000, 0x000000061b400000| Untracked 
|  54|0x000000061b800000, 0x000000061b800000, 0x000000061bc00000|  0%| F|  |TAMS 0x000000061b800000, 0x000000061b800000| Untracked 
|  55|0x000000061bc00000, 0x000000061bc00000, 0x000000061c000000|  0%| F|  |TAMS 0x000000061bc00000, 0x000000061bc00000| Untracked 
|  56|0x000000061c000000, 0x000000061c000000, 0x000000061c400000|  0%| F|  |TAMS 0x000000061c000000, 0x000000061c000000| Untracked 
|  57|0x000000061c400000, 0x000000061c400000, 0x000000061c800000|  0%| F|  |TAMS 0x000000061c400000, 0x000000061c400000| Untracked 
|  58|0x000000061c800000, 0x000000061c800000, 0x000000061cc00000|  0%| F|  |TAMS 0x000000061c800000, 0x000000061c800000| Untracked 
|  59|0x000000061cc00000, 0x000000061cc00000, 0x000000061d000000|  0%| F|  |TAMS 0x000000061cc00000, 0x000000061cc00000| Untracked 
|  60|0x000000061d000000, 0x000000061d000000, 0x000000061d400000|  0%| F|  |TAMS 0x000000061d000000, 0x000000061d000000| Untracked 
|  61|0x000000061d400000, 0x000000061d400000, 0x000000061d800000|  0%| F|  |TAMS 0x000000061d400000, 0x000000061d400000| Untracked 
|  62|0x000000061d800000, 0x000000061d800000, 0x000000061dc00000|  0%| F|  |TAMS 0x000000061d800000, 0x000000061d800000| Untracked 
|  63|0x000000061dc00000, 0x000000061dc00000, 0x000000061e000000|  0%| F|  |TAMS 0x000000061dc00000, 0x000000061dc00000| Untracked 
|  64|0x000000061e000000, 0x000000061e000000, 0x000000061e400000|  0%| F|  |TAMS 0x000000061e000000, 0x000000061e000000| Untracked 
|  65|0x000000061e400000, 0x000000061e400000, 0x000000061e800000|  0%| F|  |TAMS 0x000000061e400000, 0x000000061e400000| Untracked 
|  66|0x000000061e800000, 0x000000061e800000, 0x000000061ec00000|  0%| F|  |TAMS 0x000000061e800000, 0x000000061e800000| Untracked 
|  67|0x000000061ec00000, 0x000000061ec00000, 0x000000061f000000|  0%| F|  |TAMS 0x000000061ec00000, 0x000000061ec00000| Untracked 
|  68|0x000000061f000000, 0x000000061f000000, 0x000000061f400000|  0%| F|  |TAMS 0x000000061f000000, 0x000000061f000000| Untracked 
|  69|0x000000061f400000, 0x000000061f400000, 0x000000061f800000|  0%| F|  |TAMS 0x000000061f400000, 0x000000061f400000| Untracked 
|  70|0x000000061f800000, 0x000000061f800000, 0x000000061fc00000|  0%| F|  |TAMS 0x000000061f800000, 0x000000061f800000| Untracked 
|  71|0x000000061fc00000, 0x000000061fc00000, 0x0000000620000000|  0%| F|  |TAMS 0x000000061fc00000, 0x000000061fc00000| Untracked 
|  72|0x0000000620000000, 0x0000000620000000, 0x0000000620400000|  0%| F|  |TAMS 0x0000000620000000, 0x0000000620000000| Untracked 
|  73|0x0000000620400000, 0x0000000620400000, 0x0000000620800000|  0%| F|  |TAMS 0x0000000620400000, 0x0000000620400000| Untracked 
|  74|0x0000000620800000, 0x0000000620800000, 0x0000000620c00000|  0%| F|  |TAMS 0x0000000620800000, 0x0000000620800000| Untracked 
|  75|0x0000000620c00000, 0x0000000620c00000, 0x0000000621000000|  0%| F|  |TAMS 0x0000000620c00000, 0x0000000620c00000| Untracked 
|  76|0x0000000621000000, 0x0000000621000000, 0x0000000621400000|  0%| F|  |TAMS 0x0000000621000000, 0x0000000621000000| Untracked 
|  77|0x0000000621400000, 0x0000000621400000, 0x0000000621800000|  0%| F|  |TAMS 0x0000000621400000, 0x0000000621400000| Untracked 
|  78|0x0000000621800000, 0x0000000621800000, 0x0000000621c00000|  0%| F|  |TAMS 0x0000000621800000, 0x0000000621800000| Untracked 
|  79|0x0000000621c00000, 0x0000000621c00000, 0x0000000622000000|  0%| F|  |TAMS 0x0000000621c00000, 0x0000000621c00000| Untracked 
|  80|0x0000000622000000, 0x0000000622000000, 0x0000000622400000|  0%| F|  |TAMS 0x0000000622000000, 0x0000000622000000| Untracked 
|  81|0x0000000622400000, 0x0000000622400000, 0x0000000622800000|  0%| F|  |TAMS 0x0000000622400000, 0x0000000622400000| Untracked 
|  82|0x0000000622800000, 0x0000000622800000, 0x0000000622c00000|  0%| F|  |TAMS 0x0000000622800000, 0x0000000622800000| Untracked 
|  83|0x0000000622c00000, 0x0000000622c00000, 0x0000000623000000|  0%| F|  |TAMS 0x0000000622c00000, 0x0000000622c00000| Untracked 
|  84|0x0000000623000000, 0x0000000623000000, 0x0000000623400000|  0%| F|  |TAMS 0x0000000623000000, 0x0000000623000000| Untracked 
|  85|0x0000000623400000, 0x0000000623400000, 0x0000000623800000|  0%| F|  |TAMS 0x0000000623400000, 0x0000000623400000| Untracked 
|  86|0x0000000623800000, 0x0000000623800000, 0x0000000623c00000|  0%| F|  |TAMS 0x0000000623800000, 0x0000000623800000| Untracked 
|  87|0x0000000623c00000, 0x0000000623c00000, 0x0000000624000000|  0%| F|  |TAMS 0x0000000623c00000, 0x0000000623c00000| Untracked 
|  88|0x0000000624000000, 0x0000000624000000, 0x0000000624400000|  0%| F|  |TAMS 0x0000000624000000, 0x0000000624000000| Untracked 
|  89|0x0000000624400000, 0x0000000624400000, 0x0000000624800000|  0%| F|  |TAMS 0x0000000624400000, 0x0000000624400000| Untracked 
|  90|0x0000000624800000, 0x0000000624800000, 0x0000000624c00000|  0%| F|  |TAMS 0x0000000624800000, 0x0000000624800000| Untracked 
|  91|0x0000000624c00000, 0x0000000624c00000, 0x0000000625000000|  0%| F|  |TAMS 0x0000000624c00000, 0x0000000624c00000| Untracked 
|  92|0x0000000625000000, 0x0000000625000000, 0x0000000625400000|  0%| F|  |TAMS 0x0000000625000000, 0x0000000625000000| Untracked 
|  93|0x0000000625400000, 0x0000000625400000, 0x0000000625800000|  0%| F|  |TAMS 0x0000000625400000, 0x0000000625400000| Untracked 
|  94|0x0000000625800000, 0x0000000625800000, 0x0000000625c00000|  0%| F|  |TAMS 0x0000000625800000, 0x0000000625800000| Untracked 
|  95|0x0000000625c00000, 0x0000000625c00000, 0x0000000626000000|  0%| F|  |TAMS 0x0000000625c00000, 0x0000000625c00000| Untracked 
|  96|0x0000000626000000, 0x0000000626000000, 0x0000000626400000|  0%| F|  |TAMS 0x0000000626000000, 0x0000000626000000| Untracked 
|  97|0x0000000626400000, 0x0000000626400000, 0x0000000626800000|  0%| F|  |TAMS 0x0000000626400000, 0x0000000626400000| Untracked 
|  98|0x0000000626800000, 0x0000000626800000, 0x0000000626c00000|  0%| F|  |TAMS 0x0000000626800000, 0x0000000626800000| Untracked 
|  99|0x0000000626c00000, 0x0000000626c00000, 0x0000000627000000|  0%| F|  |TAMS 0x0000000626c00000, 0x0000000626c00000| Untracked 
| 100|0x0000000627000000, 0x0000000627000000, 0x0000000627400000|  0%| F|  |TAMS 0x0000000627000000, 0x0000000627000000| Untracked 
| 101|0x0000000627400000, 0x0000000627400000, 0x0000000627800000|  0%| F|  |TAMS 0x0000000627400000, 0x0000000627400000| Untracked 
| 102|0x0000000627800000, 0x0000000627800000, 0x0000000627c00000|  0%| F|  |TAMS 0x0000000627800000, 0x0000000627800000| Untracked 
| 103|0x0000000627c00000, 0x0000000627c00000, 0x0000000628000000|  0%| F|  |TAMS 0x0000000627c00000, 0x0000000627c00000| Untracked 
| 104|0x0000000628000000, 0x0000000628000000, 0x0000000628400000|  0%| F|  |TAMS 0x0000000628000000, 0x0000000628000000| Untracked 
| 105|0x0000000628400000, 0x0000000628400000, 0x0000000628800000|  0%| F|  |TAMS 0x0000000628400000, 0x0000000628400000| Untracked 
| 106|0x0000000628800000, 0x0000000628800000, 0x0000000628c00000|  0%| F|  |TAMS 0x0000000628800000, 0x0000000628800000| Untracked 
| 107|0x0000000628c00000, 0x0000000628c00000, 0x0000000629000000|  0%| F|  |TAMS 0x0000000628c00000, 0x0000000628c00000| Untracked 
| 108|0x0000000629000000, 0x0000000629000000, 0x0000000629400000|  0%| F|  |TAMS 0x0000000629000000, 0x0000000629000000| Untracked 
| 109|0x0000000629400000, 0x0000000629400000, 0x0000000629800000|  0%| F|  |TAMS 0x0000000629400000, 0x0000000629400000| Untracked 
| 110|0x0000000629800000, 0x0000000629800000, 0x0000000629c00000|  0%| F|  |TAMS 0x0000000629800000, 0x0000000629800000| Untracked 
| 111|0x0000000629c00000, 0x0000000629c00000, 0x000000062a000000|  0%| F|  |TAMS 0x0000000629c00000, 0x0000000629c00000| Untracked 
| 112|0x000000062a000000, 0x000000062a000000, 0x000000062a400000|  0%| F|  |TAMS 0x000000062a000000, 0x000000062a000000| Untracked 
| 113|0x000000062a400000, 0x000000062a400000, 0x000000062a800000|  0%| F|  |TAMS 0x000000062a400000, 0x000000062a400000| Untracked 
| 114|0x000000062a800000, 0x000000062a800000, 0x000000062ac00000|  0%| F|  |TAMS 0x000000062a800000, 0x000000062a800000| Untracked 
| 115|0x000000062ac00000, 0x000000062ac00000, 0x000000062b000000|  0%| F|  |TAMS 0x000000062ac00000, 0x000000062ac00000| Untracked 
| 116|0x000000062b000000, 0x000000062b000000, 0x000000062b400000|  0%| F|  |TAMS 0x000000062b000000, 0x000000062b000000| Untracked 
| 117|0x000000062b400000, 0x000000062b400000, 0x000000062b800000|  0%| F|  |TAMS 0x000000062b400000, 0x000000062b400000| Untracked 
| 118|0x000000062b800000, 0x000000062b800000, 0x000000062bc00000|  0%| F|  |TAMS 0x000000062b800000, 0x000000062b800000| Untracked 
| 119|0x000000062bc00000, 0x000000062bc00000, 0x000000062c000000|  0%| F|  |TAMS 0x000000062bc00000, 0x000000062bc00000| Untracked 
| 120|0x000000062c000000, 0x000000062c000000, 0x000000062c400000|  0%| F|  |TAMS 0x000000062c000000, 0x000000062c000000| Untracked 
| 121|0x000000062c400000, 0x000000062c5f1628, 0x000000062c800000| 48%| E|  |TAMS 0x000000062c400000, 0x000000062c400000| Complete 
| 122|0x000000062c800000, 0x000000062cc00000, 0x000000062cc00000|100%| E|CS|TAMS 0x000000062c800000, 0x000000062c800000| Complete 
| 123|0x000000062cc00000, 0x000000062d000000, 0x000000062d000000|100%| E|CS|TAMS 0x000000062cc00000, 0x000000062cc00000| Complete 
| 124|0x000000062d000000, 0x000000062d400000, 0x000000062d400000|100%| E|CS|TAMS 0x000000062d000000, 0x000000062d000000| Complete 
|1990|0x00000007ff800000, 0x00000007ffb75000, 0x00000007ffc00000| 86%|OA|  |TAMS 0x00000007ff800000, 0x00000007ff800000| Untracked 
|1991|0x00000007ffc00000, 0x00000007ffc78000, 0x0000000800000000| 11%|CA|  |TAMS 0x00000007ffc00000, 0x00000007ffc00000| Untracked 

Card table byte_map: [0x000074feb8470000,0x000074feb9400000] _byte_map_base: 0x000074feb5400000

Marking Bits (Prev, Next): (CMBitMap*) 0x000074fed005b4f0, (CMBitMap*) 0x000074fed005b530
 Prev Bits: [0x000074feaf860000, 0x000074feb74e0000)
 Next Bits: [0x000074fea7be0000, 0x000074feaf860000)

Polling page: 0x000074fed843e000

Metaspace:

Usage:
  Non-class:      3.94 MB used.
      Class:    362.03 KB used.
       Both:      4.29 MB used.

Virtual space:
  Non-class space:       64.00 MB reserved,       4.06 MB (  6%) committed,  1 nodes.
      Class space:        1.00 GB reserved,     512.00 KB ( <1%) committed,  1 nodes.
             Both:        1.06 GB reserved,       4.56 MB ( <1%) committed. 

Chunk freelists:
   Non-Class:  10.86 MB
       Class:  15.54 MB
        Both:  26.40 MB

MaxMetaspaceSize: unlimited
CompressedClassSpaceSize: 1.00 GB
Initial GC threshold: 21.00 MB
Current GC threshold: 21.00 MB
CDS: on
MetaspaceReclaimPolicy: balanced
 - commit_granule_bytes: 65536.
 - commit_granule_words: 8192.
 - virtual_space_node_default_size: 8388608.
 - enlarge_chunks_in_place: 1.
 - new_chunks_are_fully_committed: 0.
 - uncommit_free_chunks: 1.
 - use_allocation_guard: 0.
 - handle_deallocations: 1.


Internal statistics:

num_allocs_failed_limit: 0.
num_arena_births: 164.
num_arena_deaths: 0.
num_vsnodes_births: 2.
num_vsnodes_deaths: 0.
num_space_committed: 73.
num_space_uncommitted: 0.
num_chunks_returned_to_freelist: 0.
num_chunks_taken_from_freelist: 237.
num_chunk_merges: 0.
num_chunk_splits: 159.
num_chunks_enlarged: 98.
num_inconsistent_stats: 0.

CodeHeap 'non-profiled nmethods': size=120028Kb used=319Kb max_used=319Kb free=119708Kb
 bounds [0x000074fec0ec9000, 0x000074fec1139000, 0x000074fec8400000]
CodeHeap 'profiled nmethods': size=120028Kb used=1476Kb max_used=1476Kb free=118551Kb
 bounds [0x000074feb9400000, 0x000074feb9670000, 0x000074fec0937000]
CodeHeap 'non-nmethods': size=5704Kb used=1602Kb max_used=1616Kb free=4101Kb
 bounds [0x000074fec0937000, 0x000074fec0ba7000, 0x000074fec0ec9000]
 total_blobs=1971 nmethods=930 adapters=955
 compilation: enabled
              stopped_count=0, restarted_count=0
 full_count=0

Compilation events (20 events):
Event: 0.321 Thread 0x000074fed01696d0  890       3       jdk.internal.jimage.ImageStringsReader::stringFromByteBufferMatches (138 bytes)
Event: 0.321 Thread 0x000074fed01681a0 nmethod 887 0x000074fec0f15090 code [0x000074fec0f15220, 0x000074fec0f152b8]
Event: 0.321 Thread 0x000074fed01681a0  886   !   4       jdk.internal.misc.ScopedMemoryAccess::getByte (20 bytes)
Event: 0.322 Thread 0x000074fed01681a0 nmethod 886 0x000074fec0f15710 code [0x000074fec0f158a0, 0x000074fec0f15958]
Event: 0.322 Thread 0x000074fed01681a0  893       4       jdk.internal.org.objectweb.asm.Symbol::<init> (38 bytes)
Event: 0.322 Thread 0x000074fed01696d0 nmethod 890 0x000074feb9560010 code [0x000074feb9560300, 0x000074feb9561400]
Event: 0.322 Thread 0x000074fed01696d0  888       3       jdk.internal.jimage.ImageStringsReader::match (11 bytes)
Event: 0.322 Thread 0x000074fed01696d0 nmethod 888 0x000074feb9561b90 code [0x000074feb9561d40, 0x000074feb9561f00]
Event: 0.322 Thread 0x000074fed01696d0  889       3       jdk.internal.jimage.BasicImageReader::match (37 bytes)
Event: 0.322 Thread 0x000074fed01696d0 nmethod 889 0x000074feb9562010 code [0x000074feb95621e0, 0x000074feb9562470]
Event: 0.322 Thread 0x000074fed01696d0  891       3       jdk.internal.jimage.ImageLocation::verifyName (161 bytes)
Event: 0.322 Thread 0x000074fe2418c220 nmethod 884% 0x000074fec0f16690 code [0x000074fec0f16820, 0x000074fec0f16bd8]
Event: 0.323 Thread 0x000074fed01696d0 nmethod 891 0x000074feb9562590 code [0x000074feb95628e0, 0x000074feb9563e70]
Event: 0.323 Thread 0x000074fed01696d0  895       1       java.lang.invoke.MethodHandles$Lookup::previousLookupClass (5 bytes)
Event: 0.323 Thread 0x000074fed01696d0 nmethod 895 0x000074fec0f16e10 code [0x000074fec0f16fa0, 0x000074fec0f17070]
Event: 0.323 Thread 0x000074fed01696d0  899       3       jdk.internal.org.objectweb.asm.MethodVisitor::<init> (88 bytes)
Event: 0.323 Thread 0x000074fed01696d0 nmethod 899 0x000074feb9564810 code [0x000074feb9564a60, 0x000074feb9565300]
Event: 0.323 Thread 0x000074fed01696d0  900       3       sun.util.locale.LocaleUtils::isUpper (18 bytes)
Event: 0.323 Thread 0x000074fed01696d0 nmethod 900 0x000074feb9565610 code [0x000074feb95657a0, 0x000074feb9565910]
Event: 0.324 Thread 0x000074fed01681a0 nmethod 893 0x000074fec0f17110 code [0x000074fec0f17280, 0x000074fec0f175f8]

GC Heap History (0 events):
No events

Dll operation events (10 events):
Event: 0.002 Loaded shared library /usr/lib/jvm/java-17-amazon-corretto/lib/libjava.so
Event: 0.015 Loaded shared library /usr/lib/jvm/java-17-amazon-corretto/lib/libjsvml.so
Event: 0.042 Loaded shared library /usr/lib/jvm/java-17-amazon-corretto/lib/libnio.so
Event: 0.042 Loaded shared library /usr/lib/jvm/java-17-amazon-corretto/lib/libjimage.so
Event: 0.043 Loaded shared library /usr/lib/jvm/java-17-amazon-corretto/lib/libawt.so
Event: 0.047 Loaded shared library /usr/lib/jvm/java-17-amazon-corretto/lib/libawt_xawt.so
Event: 0.091 Loaded shared library /usr/lib/jvm/java-17-amazon-corretto/lib/libnet.so
Event: 0.094 Loaded shared library /usr/lib/jvm/java-17-amazon-corretto/lib/libfontmanager.so
Event: 0.153 Loaded shared library /usr/lib/jvm/java-17-amazon-corretto/lib/libzip.so
Event: 0.197 Loaded shared library /tmp/lwjgl_cookiebot/3.3.6+1/x64/liblwjgl.so

Deoptimization events (20 events):
Event: 0.284 Thread 0x000074fed02645f0 DEOPT PACKING pc=0x000074feb95179aa sp=0x000074fe497fc020
Event: 0.284 Thread 0x000074fed02645f0 DEOPT UNPACKING pc=0x000074fec098de2f sp=0x000074fe497fb4b8 mode 0
Event: 0.284 Thread 0x000074fed02645f0 DEOPT PACKING pc=0x000074feb95178d4 sp=0x000074fe497fc020
Event: 0.284 Thread 0x000074fed02645f0 DEOPT UNPACKING pc=0x000074fec098de2f sp=0x000074fe497fb4b8 mode 0
Event: 0.284 Thread 0x000074fed02645f0 DEOPT PACKING pc=0x000074feb95178d4 sp=0x000074fe497fc020
Event: 0.284 Thread 0x000074fed02645f0 DEOPT UNPACKING pc=0x000074fec098de2f sp=0x000074fe497fb4b8 mode 0
Event: 0.284 Thread 0x000074fed02645f0 DEOPT PACKING pc=0x000074feb95178d4 sp=0x000074fe497fc020
Event: 0.284 Thread 0x000074fed02645f0 DEOPT UNPACKING pc=0x000074fec098de2f sp=0x000074fe497fb4b8 mode 0
Event: 0.284 Thread 0x000074fed02645f0 DEOPT PACKING pc=0x000074feb95178d4 sp=0x000074fe497fc020
Event: 0.284 Thread 0x000074fed02645f0 DEOPT UNPACKING pc=0x000074fec098de2f sp=0x000074fe497fb4b8 mode 0
Event: 0.284 Thread 0x000074fed02645f0 DEOPT PACKING pc=0x000074feb9517a1c sp=0x000074fe497fc020
Event: 0.284 Thread 0x000074fed02645f0 DEOPT UNPACKING pc=0x000074fec098de2f sp=0x000074fe497fb4b8 mode 0
Event: 0.284 Thread 0x000074fed02645f0 DEOPT PACKING pc=0x000074feb95179e3 sp=0x000074fe497fc020
Event: 0.284 Thread 0x000074fed02645f0 DEOPT UNPACKING pc=0x000074fec098de2f sp=0x000074fe497fb4b8 mode 0
Event: 0.284 Thread 0x000074fed02645f0 DEOPT PACKING pc=0x000074feb95179aa sp=0x000074fe497fc020
Event: 0.284 Thread 0x000074fed02645f0 DEOPT UNPACKING pc=0x000074fec098de2f sp=0x000074fe497fb4b8 mode 0
Event: 0.318 Thread 0x000074fe10000ff0 Uncommon trap: trap_request=0xffffff6e fr.pc=0x000074fec0f02800 relative=0x0000000000000460
Event: 0.318 Thread 0x000074fe10000ff0 Uncommon trap: reason=loop_limit_check action=maybe_recompile pc=0x000074fec0f02800 method=java.lang.StringLatin1.indexOf([BI[BII)I @ 37 c2
Event: 0.318 Thread 0x000074fe10000ff0 DEOPT PACKING pc=0x000074fec0f02800 sp=0x000074fe493fe490
Event: 0.318 Thread 0x000074fe10000ff0 DEOPT UNPACKING pc=0x000074fec098d699 sp=0x000074fe493fe410 mode 2

Classes loaded (20 events):
Event: 0.260 Loading class java/nio/InvalidMarkException
Event: 0.260 Loading class java/nio/InvalidMarkException done
Event: 0.260 Loading class java/nio/BufferUnderflowException
Event: 0.260 Loading class java/nio/BufferUnderflowException done
Event: 0.291 Loading class jdk/internal/reflect/UnsafeQualifiedStaticIntegerFieldAccessorImpl
Event: 0.291 Loading class jdk/internal/reflect/UnsafeQualifiedStaticIntegerFieldAccessorImpl done
Event: 0.320 Loading class java/lang/NumberFormatException
Event: 0.320 Loading class java/lang/NumberFormatException done
Event: 0.321 Loading class java/io/UnsupportedEncodingException
Event: 0.321 Loading class java/io/UnsupportedEncodingException done
Event: 0.321 Loading class jdk/internal/misc/ScopedMemoryAccess$Scope
Event: 0.321 Loading class jdk/internal/misc/ScopedMemoryAccess$Scope done
Event: 0.321 Loading class java/util/Scanner
Event: 0.321 Loading class java/util/Scanner done
Event: 0.323 Loading class java/util/Scanner$PatternLRUCache
Event: 0.323 Loading class java/util/Scanner$PatternLRUCache done
Event: 0.324 Loading class jdk/internal/module/ModulePatcher$PatchedModuleReader
Event: 0.324 Loading class jdk/internal/module/ModulePatcher$PatchedModuleReader done
Event: 0.324 Loading class sun/net/www/protocol/jrt/Handler
Event: 0.324 Loading class sun/net/www/protocol/jrt/Handler done

Classes unloaded (0 events):
No events

Classes redefined (0 events):
No events

Internal exceptions (18 events):
Event: 0.037 Thread 0x000074fed002c070 Exception <a 'java/lang/ClassNotFoundException'{0x000000062d047368}: sun/awt/resources/spi/awtProvider> (0x000000062d047368) 
thrown [src/hotspot/share/classfile/systemDictionary.cpp, line 256]
Event: 0.056 Thread 0x000074fed002c070 Exception <a 'java/io/FileNotFoundException'{0x000000062d19e960}> (0x000000062d19e960) 
thrown [src/hotspot/share/prims/jni.cpp, line 516]
Event: 0.062 Thread 0x000074fed002c070 Exception <a 'java/io/FileNotFoundException'{0x000000062d1cb658}> (0x000000062d1cb658) 
thrown [src/hotspot/share/prims/jni.cpp, line 516]
Event: 0.098 Thread 0x000074fed002c070 Exception <a 'java/lang/NoSuchMethodError'{0x000000062d242368}: 'java.lang.Object java.lang.invoke.DirectMethodHandle$Holder.invokeStaticInit(java.lang.Object)'> (0x000000062d242368) 
thrown [src/hotspot/share/interpreter/linkResolver.cpp, line 759]
Event: 0.168 Thread 0x000074fe10000ff0 Exception <a 'java/lang/NoSuchMethodError'{0x000000062ce99fa0}: 'void java.lang.invoke.DirectMethodHandle$Holder.invokeStatic(java.lang.Object, java.lang.Object)'> (0x000000062ce99fa0) 
thrown [src/hotspot/share/interpreter/linkResolver.cpp, line 759]
Event: 0.169 Thread 0x000074fe10000ff0 Exception <a 'java/lang/NoSuchMethodError'{0x000000062ce9f020}: 'void java.lang.invoke.DirectMethodHandle$Holder.invokeSpecial(java.lang.Object, java.lang.Object, java.lang.Object)'> (0x000000062ce9f020) 
thrown [src/hotspot/share/interpreter/linkResolver.cpp, line 759]
Event: 0.170 Thread 0x000074fe10000ff0 Exception <a 'java/lang/NoSuchMethodError'{0x000000062ceb00b8}: 'java.lang.Object java.lang.invoke.DirectMethodHandle$Holder.invokeStatic(java.lang.Object, java.lang.Object, int)'> (0x000000062ceb00b8) 
thrown [src/hotspot/share/interpreter/linkResolver.cpp, line 759]
Event: 0.171 Thread 0x000074fe10000ff0 Exception <a 'java/lang/NoSuchMethodError'{0x000000062cebb340}: 'void java.lang.invoke.DelegatingMethodHandle$Holder.delegate(java.lang.Object, java.lang.Object, int, java.lang.Object)'> (0x000000062cebb340) 
thrown [src/hotspot/share/interpreter/linkResolver.cpp, line 759]
Event: 0.171 Thread 0x000074fe10000ff0 Exception <a 'java/lang/NoSuchMethodError'{0x000000062cebf458}: 'int java.lang.invoke.DirectMethodHandle$Holder.invokeSpecial(java.lang.Object, java.lang.Object, java.lang.Object)'> (0x000000062cebf458) 
thrown [src/hotspot/share/interpreter/linkResolver.cpp, line 759]
Event: 0.199 Thread 0x000074fe10000ff0 Exception <a 'sun/nio/fs/UnixException'{0x000000062ca187d0}> (0x000000062ca187d0) 
thrown [src/hotspot/share/prims/jni.cpp, line 516]
Event: 0.256 Thread 0x000074fed02645f0 Exception <a 'java/lang/NoSuchMethodError'{0x000000062ce2bbb8}: 'int java.lang.invoke.DirectMethodHandle$Holder.invokeStaticInit(java.lang.Object, java.lang.Object, int, long)'> (0x000000062ce2bbb8) 
thrown [src/hotspot/share/interpreter/linkResolver.cpp, line 759]
Event: 0.257 Thread 0x000074fed02645f0 Exception <a 'java/lang/NoSuchMethodError'{0x000000062ce31480}: 'java.lang.Object java.lang.invoke.DirectMethodHandle$Holder.newInvokeSpecial(java.lang.Object, java.lang.Object, int)'> (0x000000062ce31480) 
thrown [src/hotspot/share/interpreter/linkResolver.cpp, line 759]
Event: 0.257 Thread 0x000074fe10000ff0 Exception <a 'sun/nio/fs/UnixException'{0x000000062c466618}> (0x000000062c466618) 
thrown [src/hotspot/share/prims/jni.cpp, line 516]
Event: 0.258 Thread 0x000074fed02645f0 Exception <a 'java/lang/NoSuchMethodError'{0x000000062ce400e0}: 'int java.lang.invoke.DirectMethodHandle$Holder.invokeStaticInit(java.lang.Object, java.lang.Object, long, long)'> (0x000000062ce400e0) 
thrown [src/hotspot/share/interpreter/linkResolver.cpp, line 759]
Event: 0.259 Thread 0x000074fed02645f0 Exception <a 'java/lang/NoSuchMethodError'{0x000000062ce45d70}: 'java.lang.Object java.lang.invoke.DirectMethodHandle$Holder.newInvokeSpecial(java.lang.Object, java.lang.Object, long)'> (0x000000062ce45d70) 
thrown [src/hotspot/share/interpreter/linkResolver.cpp, line 759]
Event: 0.259 Thread 0x000074fed02645f0 Exception <a 'java/lang/NoSuchMethodError'{0x000000062ce498e0}: 'java.lang.Object java.lang.invoke.Invokers$Holder.linkToTargetMethod(java.lang.Object, long, java.lang.Object)'> (0x000000062ce498e0) 
thrown [src/hotspot/share/interpreter/linkResolver.cpp, line 759]
Event: 0.259 Thread 0x000074fed02645f0 Exception <a 'java/lang/NoSuchMethodError'{0x000000062ce50db0}: 'int java.lang.invoke.DirectMethodHandle$Holder.invokeStaticInit(java.lang.Object, java.lang.Object, java.lang.Object, long)'> (0x000000062ce50db0) 
thrown [src/hotspot/share/interpreter/linkResolver.cpp, line 759]
Event: 0.271 Thread 0x000074fed02645f0 Exception <a 'sun/nio/fs/UnixException'{0x000000062c4bf2e8}> (0x000000062c4bf2e8) 
thrown [src/hotspot/share/prims/jni.cpp, line 516]

VM Operations (4 events):
Event: 0.106 Executing VM operation: HandshakeAllThreads
Event: 0.106 Executing VM operation: HandshakeAllThreads done
Event: 0.254 Executing VM operation: HandshakeAllThreads
Event: 0.254 Executing VM operation: HandshakeAllThreads done

Memory protections (17 events):
Event: 0.001 Protecting memory [0x000074fed8212000,0x000074fed8216000] with protection modes 0
Event: 0.017 Protecting memory [0x000074fea4bff000,0x000074fea4c03000] with protection modes 0
Event: 0.018 Protecting memory [0x000074fea4aff000,0x000074fea4b03000] with protection modes 0
Event: 0.020 Protecting memory [0x000074fea49ff000,0x000074fea4a03000] with protection modes 0
Event: 0.020 Protecting memory [0x000074fea4300000,0x000074fea4304000] with protection modes 0
Event: 0.020 Protecting memory [0x000074fea4200000,0x000074fea4204000] with protection modes 0
Event: 0.020 Protecting memory [0x000074fea4100000,0x000074fea4104000] with protection modes 0
Event: 0.020 Protecting memory [0x000074fea4000000,0x000074fea4004000] with protection modes 0
Event: 0.021 Protecting memory [0x000074fe4af00000,0x000074fe4af04000] with protection modes 0
Event: 0.028 Protecting memory [0x000074fe4ae00000,0x000074fe4ae04000] with protection modes 0
Event: 0.029 Protecting memory [0x000074fe4abff000,0x000074fe4ac03000] with protection modes 0
Event: 0.101 Protecting memory [0x000074fe4a700000,0x000074fe4a704000] with protection modes 0
Event: 0.141 Protecting memory [0x000074fe4a300000,0x000074fe4a304000] with protection modes 0
Event: 0.150 Protecting memory [0x000074fe49f00000,0x000074fe49f04000] with protection modes 0
Event: 0.151 Protecting memory [0x000074fe49700000,0x000074fe49704000] with protection modes 0
Event: 0.151 Protecting memory [0x000074fe49300000,0x000074fe49304000] with protection modes 0
Event: 0.151 Protecting memory [0x000074fed8212000,0x000074fed8216000] with protection modes 0

Nmethod flushes (0 events):
No events

Events (19 events):
Event: 0.015 Thread 0x000074fed002c070 Thread added: 0x000074fed002c070
Event: 0.017 Thread 0x000074fed002c070 Thread added: 0x000074fed015d6c0
Event: 0.018 Thread 0x000074fed002c070 Thread added: 0x000074fed015eaa0
Event: 0.020 Thread 0x000074fed002c070 Thread added: 0x000074fed0164030
Event: 0.020 Thread 0x000074fed002c070 Thread added: 0x000074fed01653e0
Event: 0.020 Thread 0x000074fed002c070 Thread added: 0x000074fed01667f0
Event: 0.020 Thread 0x000074fed002c070 Thread added: 0x000074fed01681a0
Event: 0.020 Thread 0x000074fed002c070 Thread added: 0x000074fed01696d0
Event: 0.021 Thread 0x000074fed002c070 Thread added: 0x000074fed0172b30
Event: 0.028 Thread 0x000074fed002c070 Thread added: 0x000074fed017a790
Event: 0.029 Thread 0x000074fed002c070 Thread added: 0x000074fed017df20
Event: 0.099 Thread 0x000074fed002c070 Thread added: 0x000074fed0242ba0
Event: 0.141 Thread 0x000074fed01696d0 Thread added: 0x000074fe2418c220
Event: 0.150 Thread 0x000074fed002c070 Thread added: 0x000074fed02637f0
Event: 0.150 Thread 0x000074fed002c070 Thread added: 0x000074fed02645f0
Event: 0.151 Thread 0x000074fed02637f0 Thread added: 0x000074fe10000ff0
Event: 0.151 Thread 0x000074fed002c070 Thread exited: 0x000074fed002c070
Event: 0.151 Thread 0x000074fed02637f0 Thread exited: 0x000074fed02637f0
Event: 0.151 Thread 0x000074fed002c070 Thread added: 0x000074fed002c070


Dynamic libraries:
60e000000-62d400000 rw-p 00000000 00:00 0 
62d400000-7ff800000 ---p 00000000 00:00 0 
7ff800000-7ffb00000 rw-p 00000000 00:00 0 
7ffb00000-7ffb75000 rw-p 00c7a000 103:05 15074430                        /usr/lib/jvm/java-17-amazon-corretto/lib/server/classes.jsa
7ffb75000-7ffc00000 rw-p 00000000 00:00 0 
7ffc00000-7ffc78000 rw-p 00c02000 103:05 15074430                        /usr/lib/jvm/java-17-amazon-corretto/lib/server/classes.jsa
7ffc78000-800000000 rw-p 00000000 00:00 0 
5edcf0200000-5edcf0201000 r-xp 00000000 103:05 15077193                  /usr/lib/jvm/java-17-amazon-corretto/bin/java
5edcf0401000-5edcf0402000 r--p 00001000 103:05 15077193                  /usr/lib/jvm/java-17-amazon-corretto/bin/java
5edcf0402000-5edcf0403000 rw-p 00002000 103:05 15077193                  /usr/lib/jvm/java-17-amazon-corretto/bin/java
5edcff00f000-5edcff059000 rw-p 00000000 00:00 0                          [heap]
74fe02df9000-74fe02ec9000 rw-s 00000000 00:01 17723                      /memfd:wayland-cursor (deleted)
74fe02f6c000-74fe02f73000 r--p 00000000 103:05 14971447                  /usr/lib/x86_64-linux-gnu/libblkid.so.1.1.0
74fe02f73000-74fe02f97000 r-xp 00007000 103:05 14971447                  /usr/lib/x86_64-linux-gnu/libblkid.so.1.1.0
74fe02f97000-74fe02fa0000 r--p 0002b000 103:05 14971447                  /usr/lib/x86_64-linux-gnu/libblkid.so.1.1.0
74fe02fa0000-74fe02fa6000 r--p 00033000 103:05 14971447                  /usr/lib/x86_64-linux-gnu/libblkid.so.1.1.0
74fe02fa6000-74fe02fa7000 rw-p 00039000 103:05 14971447                  /usr/lib/x86_64-linux-gnu/libblkid.so.1.1.0
74fe030ac000-74fe030b5000 r--p 00000000 103:05 14970096                  /usr/lib/x86_64-linux-gnu/libmount.so.1.1.0
74fe030b5000-74fe030e9000 r-xp 00009000 103:05 14970096                  /usr/lib/x86_64-linux-gnu/libmount.so.1.1.0
74fe030e9000-74fe030f6000 r--p 0003d000 103:05 14970096                  /usr/lib/x86_64-linux-gnu/libmount.so.1.1.0
74fe030f6000-74fe030f8000 r--p 00049000 103:05 14970096                  /usr/lib/x86_64-linux-gnu/libmount.so.1.1.0
74fe030f8000-74fe030f9000 rw-p 0004b000 103:05 14970096                  /usr/lib/x86_64-linux-gnu/libmount.so.1.1.0
74fe032fb000-74fe032fd000 r--p 00000000 103:05 14942599                  /usr/lib/x86_64-linux-gnu/libpcre2-8.so.0.11.2
74fe032fd000-74fe0336b000 r-xp 00002000 103:05 14942599                  /usr/lib/x86_64-linux-gnu/libpcre2-8.so.0.11.2
74fe0336b000-74fe03393000 r--p 00070000 103:05 14942599                  /usr/lib/x86_64-linux-gnu/libpcre2-8.so.0.11.2
74fe03393000-74fe03394000 r--p 00097000 103:05 14942599                  /usr/lib/x86_64-linux-gnu/libpcre2-8.so.0.11.2
74fe03394000-74fe03395000 rw-p 00098000 103:05 14942599                  /usr/lib/x86_64-linux-gnu/libpcre2-8.so.0.11.2
74fe03630000-74fe03669000 r--p 00000000 103:05 14942577                  /usr/lib/x86_64-linux-gnu/libgio-2.0.so.0.8000.0
74fe03669000-74fe03780000 r-xp 00039000 103:05 14942577                  /usr/lib/x86_64-linux-gnu/libgio-2.0.so.0.8000.0
74fe03780000-74fe037f5000 r--p 00150000 103:05 14942577                  /usr/lib/x86_64-linux-gnu/libgio-2.0.so.0.8000.0
74fe037f5000-74fe037fd000 r--p 001c4000 103:05 14942577                  /usr/lib/x86_64-linux-gnu/libgio-2.0.so.0.8000.0
74fe037fd000-74fe037fe000 rw-p 001cc000 103:05 14942577                  /usr/lib/x86_64-linux-gnu/libgio-2.0.so.0.8000.0
74fe037fe000-74fe03800000 rw-p 00000000 00:00 0 
74fe03f01000-74fe04000000 rw-s 00000000 00:01 15691                      /memfd:wayland-cursor (deleted)
74fe04000000-74fe041a8000 rw-p 00000000 00:00 0 
74fe041a8000-74fe08000000 ---p 00000000 00:00 0 
74fe08000000-74fe084c3000 rw-p 00000000 00:00 0 
74fe084c3000-74fe0c000000 ---p 00000000 00:00 0 
74fe0c000000-74fe0c22f000 rw-p 00000000 00:00 0 
74fe0c22f000-74fe10000000 ---p 00000000 00:00 0 
74fe10000000-74fe10021000 rw-p 00000000 00:00 0 
74fe10021000-74fe14000000 ---p 00000000 00:00 0 
74fe14000000-74fe14021000 rw-p 00000000 00:00 0 
74fe14021000-74fe18000000 ---p 00000000 00:00 0 
74fe18000000-74fe18021000 rw-p 00000000 00:00 0 
74fe18021000-74fe1c000000 ---p 00000000 00:00 0 
74fe1c000000-74fe1c021000 rw-p 00000000 00:00 0 
74fe1c021000-74fe20000000 ---p 00000000 00:00 0 
74fe20000000-74fe20021000 rw-p 00000000 00:00 0 
74fe20021000-74fe24000000 ---p 00000000 00:00 0 
74fe24000000-74fe243bd000 rw-p 00000000 00:00 0 
74fe243bd000-74fe28000000 ---p 00000000 00:00 0 
74fe28000000-74fe28021000 rw-p 00000000 00:00 0 
74fe28021000-74fe2c000000 ---p 00000000 00:00 0 
74fe2c000000-74fe2c021000 rw-p 00000000 00:00 0 
74fe2c021000-74fe30000000 ---p 00000000 00:00 0 
74fe30000000-74fe3039a000 rw-p 00000000 00:00 0 
74fe3039a000-74fe34000000 ---p 00000000 00:00 0 
74fe34000000-74fe34021000 rw-p 00000000 00:00 0 
74fe34021000-74fe38000000 ---p 00000000 00:00 0 
74fe38000000-74fe38021000 rw-p 00000000 00:00 0 
74fe38021000-74fe3c000000 ---p 00000000 00:00 0 
74fe3c000000-74fe3c021000 rw-p 00000000 00:00 0 
74fe3c021000-74fe40000000 ---p 00000000 00:00 0 
74fe40000000-74fe40021000 rw-p 00000000 00:00 0 
74fe40021000-74fe44000000 ---p 00000000 00:00 0 
74fe44000000-74fe44021000 rw-p 00000000 00:00 0 
74fe44021000-74fe48000000 ---p 00000000 00:00 0 
74fe48000000-74fe48006000 r--p 00000000 103:05 14942867                  /usr/lib/x86_64-linux-gnu/libselinux.so.1
74fe48006000-74fe48023000 r-xp 00006000 103:05 14942867                  /usr/lib/x86_64-linux-gnu/libselinux.so.1
74fe48023000-74fe48029000 r--p 00023000 103:05 14942867                  /usr/lib/x86_64-linux-gnu/libselinux.so.1
74fe48029000-74fe4802a000 r--p 00029000 103:05 14942867                  /usr/lib/x86_64-linux-gnu/libselinux.so.1
74fe4802a000-74fe4802b000 rw-p 0002a000 103:05 14942867                  /usr/lib/x86_64-linux-gnu/libselinux.so.1
74fe4802b000-74fe4802d000 rw-p 00000000 00:00 0 
74fe480bd000-74fe481bc000 rw-s 00000000 00:01 17724                      /memfd:wayland-cursor (deleted)
74fe481bc000-74fe481da000 r--p 00000000 103:05 14942585                  /usr/lib/x86_64-linux-gnu/libglib-2.0.so.0.8000.0
74fe481da000-74fe4827a000 r-xp 0001e000 103:05 14942585                  /usr/lib/x86_64-linux-gnu/libglib-2.0.so.0.8000.0
74fe4827a000-74fe48302000 r--p 000be000 103:05 14942585                  /usr/lib/x86_64-linux-gnu/libglib-2.0.so.0.8000.0
74fe48302000-74fe48303000 r--p 00146000 103:05 14942585                  /usr/lib/x86_64-linux-gnu/libglib-2.0.so.0.8000.0
74fe48303000-74fe48304000 rw-p 00147000 103:05 14942585                  /usr/lib/x86_64-linux-gnu/libglib-2.0.so.0.8000.0
74fe48304000-74fe48305000 rw-p 00000000 00:00 0 
74fe48400000-74fe48c00000 rw-p 00000000 00:00 0 
74fe48c00000-74fe48c08000 r--p 00000000 103:05 4225292                   /tmp/lwjgl_cookiebot/3.3.6+1/x64/libjemalloc.so
74fe48c08000-74fe48c60000 r-xp 00008000 103:05 4225292                   /tmp/lwjgl_cookiebot/3.3.6+1/x64/libjemalloc.so
74fe48c60000-74fe48c71000 r--p 00060000 103:05 4225292                   /tmp/lwjgl_cookiebot/3.3.6+1/x64/libjemalloc.so
74fe48c71000-74fe48c72000 ---p 00071000 103:05 4225292                   /tmp/lwjgl_cookiebot/3.3.6+1/x64/libjemalloc.so
74fe48c72000-74fe48c78000 r--p 00071000 103:05 4225292                   /tmp/lwjgl_cookiebot/3.3.6+1/x64/libjemalloc.so
74fe48c78000-74fe48c79000 rw-p 00077000 103:05 4225292                   /tmp/lwjgl_cookiebot/3.3.6+1/x64/libjemalloc.so
74fe48c79000-74fe48e83000 rw-p 00000000 00:00 0 
74fe48f30000-74fe49000000 rw-s 00000000 00:01 15690                      /memfd:wayland-cursor (deleted)
74fe49000000-74fe49007000 r-xp 00000000 103:05 15074263                  /usr/lib/jvm/java-17-amazon-corretto/lib/libzip.so
74fe49007000-74fe49207000 ---p 00007000 103:05 15074263                  /usr/lib/jvm/java-17-amazon-corretto/lib/libzip.so
74fe49207000-74fe49208000 r--p 00007000 103:05 15074263                  /usr/lib/jvm/java-17-amazon-corretto/lib/libzip.so
74fe49208000-74fe49209000 rw-p 00000000 00:00 0 
74fe49300000-74fe49304000 ---p 00000000 00:00 0 
74fe49304000-74fe49400000 rw-p 00000000 00:00 0 
74fe49400000-74fe494af000 r-xp 00000000 103:05 15074436                  /usr/lib/jvm/java-17-amazon-corretto/lib/libfreetype.so
74fe494af000-74fe496af000 ---p 000af000 103:05 15074436                  /usr/lib/jvm/java-17-amazon-corretto/lib/libfreetype.so
74fe496af000-74fe496b5000 r--p 000af000 103:05 15074436                  /usr/lib/jvm/java-17-amazon-corretto/lib/libfreetype.so
74fe496b5000-74fe496b6000 rw-p 00000000 00:00 0 
74fe49700000-74fe49704000 ---p 00000000 00:00 0 
74fe49704000-74fe49800000 rw-p 00000000 00:00 0 
74fe49800000-74fe499a7000 r-xp 00000000 103:05 15074435                  /usr/lib/jvm/java-17-amazon-corretto/lib/libfontmanager.so
74fe499a7000-74fe49ba6000 ---p 001a7000 103:05 15074435                  /usr/lib/jvm/java-17-amazon-corretto/lib/libfontmanager.so
74fe49ba6000-74fe49ba8000 r--p 001a6000 103:05 15074435                  /usr/lib/jvm/java-17-amazon-corretto/lib/libfontmanager.so
74fe49ba8000-74fe49ba9000 rw-p 001a8000 103:05 15074435                  /usr/lib/jvm/java-17-amazon-corretto/lib/libfontmanager.so
74fe49ba9000-74fe49baa000 rw-p 00000000 00:00 0 
74fe49c00000-74fe49c6e000 r-xp 00000000 103:05 15074434                  /usr/lib/jvm/java-17-amazon-corretto/lib/libawt_xawt.so
74fe49c6e000-74fe49e6e000 ---p 0006e000 103:05 15074434                  /usr/lib/jvm/java-17-amazon-corretto/lib/libawt_xawt.so
74fe49e6e000-74fe49e73000 r--p 0006e000 103:05 15074434                  /usr/lib/jvm/java-17-amazon-corretto/lib/libawt_xawt.so
74fe49e73000-74fe49e75000 rw-p 00073000 103:05 15074434                  /usr/lib/jvm/java-17-amazon-corretto/lib/libawt_xawt.so
74fe49e75000-74fe49e77000 rw-p 00000000 00:00 0 
74fe49f00000-74fe49f04000 ---p 00000000 00:00 0 
74fe49f04000-74fe4a000000 rw-p 00000000 00:00 0 
74fe4a000000-74fe4a0bc000 r-xp 00000000 103:05 15074432                  /usr/lib/jvm/java-17-amazon-corretto/lib/libawt.so
74fe4a0bc000-74fe4a2bc000 ---p 000bc000 103:05 15074432                  /usr/lib/jvm/java-17-amazon-corretto/lib/libawt.so
74fe4a2bc000-74fe4a2bd000 r--p 000bc000 103:05 15074432                  /usr/lib/jvm/java-17-amazon-corretto/lib/libawt.so
74fe4a2bd000-74fe4a2c8000 rw-p 000bd000 103:05 15074432                  /usr/lib/jvm/java-17-amazon-corretto/lib/libawt.so
74fe4a2c8000-74fe4a2ed000 rw-p 00000000 00:00 0 
74fe4a300000-74fe4a304000 ---p 00000000 00:00 0 
74fe4a304000-74fe4a400000 rw-p 00000000 00:00 0 
74fe4a400000-74fe4a415000 r-xp 00000000 103:05 15074260                  /usr/lib/jvm/java-17-amazon-corretto/lib/libnet.so
74fe4a415000-74fe4a614000 ---p 00015000 103:05 15074260                  /usr/lib/jvm/java-17-amazon-corretto/lib/libnet.so
74fe4a614000-74fe4a615000 r--p 00014000 103:05 15074260                  /usr/lib/jvm/java-17-amazon-corretto/lib/libnet.so
74fe4a615000-74fe4a616000 rw-p 00015000 103:05 15074260                  /usr/lib/jvm/java-17-amazon-corretto/lib/libnet.so
74fe4a665000-74fe4a66a000 r--p 00000000 103:05 14942481                  /usr/lib/x86_64-linux-gnu/libpng16.so.16.43.0
74fe4a66a000-74fe4a692000 r-xp 00005000 103:05 14942481                  /usr/lib/x86_64-linux-gnu/libpng16.so.16.43.0
74fe4a692000-74fe4a69b000 r--p 0002d000 103:05 14942481                  /usr/lib/x86_64-linux-gnu/libpng16.so.16.43.0
74fe4a69b000-74fe4a69c000 r--p 00035000 103:05 14942481                  /usr/lib/x86_64-linux-gnu/libpng16.so.16.43.0
74fe4a69c000-74fe4a69d000 rw-p 00036000 103:05 14942481                  /usr/lib/x86_64-linux-gnu/libpng16.so.16.43.0
74fe4a69d000-74fe4a6ac000 r--p 00000000 103:05 14942608                  /usr/lib/x86_64-linux-gnu/libgobject-2.0.so.0.8000.0
74fe4a6ac000-74fe4a6e3000 r-xp 0000f000 103:05 14942608                  /usr/lib/x86_64-linux-gnu/libgobject-2.0.so.0.8000.0
74fe4a6e3000-74fe4a6fc000 r--p 00046000 103:05 14942608                  /usr/lib/x86_64-linux-gnu/libgobject-2.0.so.0.8000.0
74fe4a6fc000-74fe4a6ff000 r--p 0005e000 103:05 14942608                  /usr/lib/x86_64-linux-gnu/libgobject-2.0.so.0.8000.0
74fe4a6ff000-74fe4a700000 rw-p 00061000 103:05 14942608                  /usr/lib/x86_64-linux-gnu/libgobject-2.0.so.0.8000.0
74fe4a700000-74fe4a704000 ---p 00000000 00:00 0 
74fe4a704000-74fe4a800000 rw-p 00000000 00:00 0 
74fe4a800000-74fe4a812000 r-xp 00000000 103:05 15074261                  /usr/lib/jvm/java-17-amazon-corretto/lib/libnio.so
74fe4a812000-74fe4aa12000 ---p 00012000 103:05 15074261                  /usr/lib/jvm/java-17-amazon-corretto/lib/libnio.so
74fe4aa12000-74fe4aa13000 r--p 00012000 103:05 15074261                  /usr/lib/jvm/java-17-amazon-corretto/lib/libnio.so
74fe4aa13000-74fe4aa14000 rw-p 00013000 103:05 15074261                  /usr/lib/jvm/java-17-amazon-corretto/lib/libnio.so
74fe4aa2b000-74fe4aa3b000 r--p 00000000 103:05 4225293                   /tmp/lwjgl_cookiebot/3.3.6+1/x64/libglfw.so
74fe4aa3b000-74fe4aa5c000 r-xp 00010000 103:05 4225293                   /tmp/lwjgl_cookiebot/3.3.6+1/x64/libglfw.so
74fe4aa5c000-74fe4aa98000 r--p 00031000 103:05 4225293                   /tmp/lwjgl_cookiebot/3.3.6+1/x64/libglfw.so
74fe4aa98000-74fe4aa9c000 r--p 0006c000 103:05 4225293                   /tmp/lwjgl_cookiebot/3.3.6+1/x64/libglfw.so
74fe4aa9c000-74fe4aa9f000 rw-p 00070000 103:05 4225293                   /tmp/lwjgl_cookiebot/3.3.6+1/x64/libglfw.so
74fe4aa9f000-74fe4aac2000 rw-p 00000000 00:00 0 
74fe4aac2000-74fe4aadb000 r--p 00000000 103:05 14950133                  /usr/lib/x86_64-linux-gnu/libX11.so.6.4.0
74fe4aadb000-74fe4ab6b000 r-xp 00019000 103:05 14950133                  /usr/lib/x86_64-linux-gnu/libX11.so.6.4.0
74fe4ab6b000-74fe4abfa000 r--p 000a9000 103:05 14950133                  /usr/lib/x86_64-linux-gnu/libX11.so.6.4.0
74fe4abfa000-74fe4abfb000 r--p 00138000 103:05 14950133                  /usr/lib/x86_64-linux-gnu/libX11.so.6.4.0
74fe4abfb000-74fe4abff000 rw-p 00139000 103:05 14950133                  /usr/lib/x86_64-linux-gnu/libX11.so.6.4.0
74fe4abff000-74fe4ac03000 ---p 00000000 00:00 0 
74fe4ac03000-74fe4acff000 rw-p 00000000 00:00 0 
74fe4acff000-74fe4ad00000 ---p 00000000 00:00 0 
74fe4ad00000-74fe4ae00000 rw-p 00000000 00:00 0 
74fe4ae00000-74fe4ae04000 ---p 00000000 00:00 0 
74fe4ae04000-74fe4af00000 rw-p 00000000 00:00 0 
74fe4af00000-74fe4af04000 ---p 00000000 00:00 0 
74fe4af04000-74fe4b000000 rw-p 00000000 00:00 0 
74fe4b000000-74fe4b2e0000 rw-p 00000000 00:00 0 
74fe4b2e0000-74fe4b400000 ---p 00000000 00:00 0 
74fe4b400000-74fe4b530000 rw-p 00000000 00:00 0 
74fe4b530000-74fe4f000000 ---p 00000000 00:00 0 
74fe4f000000-74fe4fbca000 rw-p 00001000 103:05 15074430                  /usr/lib/jvm/java-17-amazon-corretto/lib/server/classes.jsa
74fe4fbca000-74fe50000000 ---p 00000000 00:00 0 
74fe50000000-74fe50030000 rw-p 00000000 00:00 0 
74fe50030000-74fe50080000 rw-p 00000000 00:00 0 
74fe50080000-74fe90000000 ---p 00000000 00:00 0 
74fe90000000-74fe90021000 rw-p 00000000 00:00 0 
74fe90021000-74fe94000000 ---p 00000000 00:00 0 
74fe94000000-74fe94021000 rw-p 00000000 00:00 0 
74fe94021000-74fe98000000 ---p 00000000 00:00 0 
74fe98000000-74fe98021000 rw-p 00000000 00:00 0 
74fe98021000-74fe9c000000 ---p 00000000 00:00 0 
74fe9c000000-74fe9c021000 rw-p 00000000 00:00 0 
74fe9c021000-74fea0000000 ---p 00000000 00:00 0 
74fea0000000-74fea0021000 rw-p 00000000 00:00 0 
74fea0021000-74fea4004000 ---p 00000000 00:00 0 
74fea4004000-74fea4100000 rw-p 00000000 00:00 0 
74fea4100000-74fea4104000 ---p 00000000 00:00 0 
74fea4104000-74fea4200000 rw-p 00000000 00:00 0 
74fea4200000-74fea4204000 ---p 00000000 00:00 0 
74fea4204000-74fea4300000 rw-p 00000000 00:00 0 
74fea4300000-74fea4304000 ---p 00000000 00:00 0 
74fea4304000-74fea4400000 rw-p 00000000 00:00 0 
74fea4400000-74fea4975000 r--p 00000000 103:05 14942597                  /usr/lib/locale/locale-archive
74fea4983000-74fea49af000 r--p 00000000 103:05 4225291                   /tmp/lwjgl_cookiebot/3.3.6+1/x64/liblwjgl.so
74fea49af000-74fea49e3000 r-xp 0002c000 103:05 4225291                   /tmp/lwjgl_cookiebot/3.3.6+1/x64/liblwjgl.so
74fea49e3000-74fea49fd000 r--p 00060000 103:05 4225291                   /tmp/lwjgl_cookiebot/3.3.6+1/x64/liblwjgl.so
74fea49fd000-74fea49fe000 r--p 00079000 103:05 4225291                   /tmp/lwjgl_cookiebot/3.3.6+1/x64/liblwjgl.so
74fea49fe000-74fea49ff000 rw-p 0007a000 103:05 4225291                   /tmp/lwjgl_cookiebot/3.3.6+1/x64/liblwjgl.so
74fea49ff000-74fea4a03000 ---p 00000000 00:00 0 
74fea4a03000-74fea4aff000 rw-p 00000000 00:00 0 
74fea4aff000-74fea4b03000 ---p 00000000 00:00 0 
74fea4b03000-74fea4bff000 rw-p 00000000 00:00 0 
74fea4bff000-74fea4c03000 ---p 00000000 00:00 0 
74fea4c03000-74fea4cff000 rw-p 00000000 00:00 0 
74fea4cff000-74fea4d00000 ---p 00000000 00:00 0 
74fea4d00000-74fea4e00000 rw-p 00000000 00:00 0 
74fea4e00000-74fea4ece000 r-xp 00000000 103:05 15074832                  /usr/lib/jvm/java-17-amazon-corretto/lib/libjsvml.so
74fea4ece000-74fea50cd000 ---p 000ce000 103:05 15074832                  /usr/lib/jvm/java-17-amazon-corretto/lib/libjsvml.so
74fea50cd000-74fea50ce000 r--p 000cd000 103:05 15074832                  /usr/lib/jvm/java-17-amazon-corretto/lib/libjsvml.so
74fea50ce000-74fea50cf000 rw-p 000ce000 103:05 15074832                  /usr/lib/jvm/java-17-amazon-corretto/lib/libjsvml.so
74fea50f7000-74fea50f8000 ---p 00000000 00:00 0 
74fea50f8000-74fea51f8000 rw-p 00000000 00:00 0 
74fea51f8000-74fea51f9000 ---p 00000000 00:00 0 
74fea51f9000-74fea52f9000 rw-p 00000000 00:00 0 
74fea52f9000-74fea7a00000 rw-p 00000000 00:00 0 
74fea7a5e000-74fea83b0000 rw-p 00000000 00:00 0 
74fea83b0000-74feaf840000 ---p 00000000 00:00 0 
74feaf840000-74feb0030000 rw-p 00000000 00:00 0 
74feb0030000-74feb74c0000 ---p 00000000 00:00 0 
74feb74c0000-74feb75da000 rw-p 00000000 00:00 0 
74feb75da000-74feb846c000 ---p 00000000 00:00 0 
74feb846c000-74feb856a000 rw-p 00000000 00:00 0 
74feb856a000-74feb93fc000 ---p 00000000 00:00 0 
74feb93fc000-74feb9400000 rw-p 00000000 00:00 0 
74feb9400000-74feb9670000 rwxp 00000000 00:00 0 
74feb9670000-74fec0937000 ---p 00000000 00:00 0 
74fec0937000-74fec0ba7000 rwxp 00000000 00:00 0 
74fec0ba7000-74fec0ec9000 ---p 00000000 00:00 0 
74fec0ec9000-74fec1139000 rwxp 00000000 00:00 0 
74fec1139000-74fec8400000 ---p 00000000 00:00 0 
74fec8400000-74fecfff3000 r--s 00000000 103:05 15074230                  /usr/lib/jvm/java-17-amazon-corretto/lib/modules
74fed0000000-74fed0268000 rw-p 00000000 00:00 0 
74fed0268000-74fed4000000 ---p 00000000 00:00 0 
74fed401b000-74fed4020000 r--p 00000000 103:05 14971451                  /usr/lib/x86_64-linux-gnu/libxkbcommon.so.0.0.0
74fed4020000-74fed4040000 r-xp 00005000 103:05 14971451                  /usr/lib/x86_64-linux-gnu/libxkbcommon.so.0.0.0
74fed4040000-74fed4061000 r--p 00025000 103:05 14971451                  /usr/lib/x86_64-linux-gnu/libxkbcommon.so.0.0.0
74fed4061000-74fed4063000 r--p 00045000 103:05 14971451                  /usr/lib/x86_64-linux-gnu/libxkbcommon.so.0.0.0
74fed4063000-74fed4064000 rw-p 00047000 103:05 14971451                  /usr/lib/x86_64-linux-gnu/libxkbcommon.so.0.0.0
74fed4064000-74fed4266000 rw-p 00000000 00:00 0 
74fed4266000-74fed4267000 ---p 00000000 00:00 0 
74fed4267000-74fed4367000 rw-p 00000000 00:00 0 
74fed4367000-74fed4368000 ---p 00000000 00:00 0 
74fed4368000-74fed4468000 rw-p 00000000 00:00 0 
74fed4468000-74fed4469000 ---p 00000000 00:00 0 
74fed4469000-74fed4569000 rw-p 00000000 00:00 0 
74fed4569000-74fed4663000 rw-p 00000000 00:00 0 
74fed4663000-74fed54f5000 ---p 00000000 00:00 0 
74fed54f5000-74fed5c00000 rw-p 00000000 00:00 0 
74fed5c00000-74fed5c24000 r-xp 00000000 103:05 15074239                  /usr/lib/jvm/java-17-amazon-corretto/lib/libjava.so
74fed5c24000-74fed5e24000 ---p 00024000 103:05 15074239                  /usr/lib/jvm/java-17-amazon-corretto/lib/libjava.so
74fed5e24000-74fed5e25000 r--p 00024000 103:05 15074239                  /usr/lib/jvm/java-17-amazon-corretto/lib/libjava.so
74fed5e25000-74fed5e26000 rw-p 00025000 103:05 15074239                  /usr/lib/jvm/java-17-amazon-corretto/lib/libjava.so
74fed5e26000-74fed5e27000 rw-p 00000000 00:00 0 
74fed5e2d000-74fed5e2f000 r--p 00000000 103:05 14942607                  /usr/lib/x86_64-linux-gnu/libgmodule-2.0.so.0.8000.0
74fed5e2f000-74fed5e31000 r-xp 00002000 103:05 14942607                  /usr/lib/x86_64-linux-gnu/libgmodule-2.0.so.0.8000.0
74fed5e31000-74fed5e32000 r--p 00004000 103:05 14942607                  /usr/lib/x86_64-linux-gnu/libgmodule-2.0.so.0.8000.0
74fed5e32000-74fed5e33000 r--p 00004000 103:05 14942607                  /usr/lib/x86_64-linux-gnu/libgmodule-2.0.so.0.8000.0
74fed5e33000-74fed5e34000 rw-p 00005000 103:05 14942607                  /usr/lib/x86_64-linux-gnu/libgmodule-2.0.so.0.8000.0
74fed5e34000-74fed5e38000 r--p 00000000 103:05 14951002                  /usr/lib/x86_64-linux-gnu/libdecor-0.so.0.200.2
74fed5e38000-74fed5e3b000 r-xp 00004000 103:05 14951002                  /usr/lib/x86_64-linux-gnu/libdecor-0.so.0.200.2
74fed5e3b000-74fed5e3d000 r--p 00007000 103:05 14951002                  /usr/lib/x86_64-linux-gnu/libdecor-0.so.0.200.2
74fed5e3d000-74fed5e3e000 r--p 00008000 103:05 14951002                  /usr/lib/x86_64-linux-gnu/libdecor-0.so.0.200.2
74fed5e3e000-74fed5e3f000 rw-p 00009000 103:05 14951002                  /usr/lib/x86_64-linux-gnu/libdecor-0.so.0.200.2
74fed5e3f000-74fed5e41000 r--p 00000000 103:05 14964482                  /usr/lib/x86_64-linux-gnu/libwayland-cursor.so.0.22.0
74fed5e41000-74fed5e43000 r-xp 00002000 103:05 14964482                  /usr/lib/x86_64-linux-gnu/libwayland-cursor.so.0.22.0
74fed5e43000-74fed5e44000 r--p 00004000 103:05 14964482                  /usr/lib/x86_64-linux-gnu/libwayland-cursor.so.0.22.0
74fed5e44000-74fed5e45000 r--p 00004000 103:05 14964482                  /usr/lib/x86_64-linux-gnu/libwayland-cursor.so.0.22.0
74fed5e45000-74fed5e49000 rw-p 00005000 103:05 14964482                  /usr/lib/x86_64-linux-gnu/libwayland-cursor.so.0.22.0
74fed5e49000-74fed5e4b000 r--p 00000000 103:05 14942351                  /usr/lib/x86_64-linux-gnu/libffi.so.8.1.4
74fed5e4b000-74fed5e52000 r-xp 00002000 103:05 14942351                  /usr/lib/x86_64-linux-gnu/libffi.so.8.1.4
74fed5e52000-74fed5e53000 r--p 00009000 103:05 14942351                  /usr/lib/x86_64-linux-gnu/libffi.so.8.1.4
74fed5e53000-74fed5e54000 r--p 0000a000 103:05 14942351                  /usr/lib/x86_64-linux-gnu/libffi.so.8.1.4
74fed5e54000-74fed5e55000 rw-p 0000b000 103:05 14942351                  /usr/lib/x86_64-linux-gnu/libffi.so.8.1.4
74fed5e55000-74fed5e5a000 r--p 00000000 103:05 14942239                  /usr/lib/x86_64-linux-gnu/libwayland-client.so.0.22.0
74fed5e5a000-74fed5e60000 r-xp 00005000 103:05 14942239                  /usr/lib/x86_64-linux-gnu/libwayland-client.so.0.22.0
74fed5e60000-74fed5e62000 r--p 0000b000 103:05 14942239                  /usr/lib/x86_64-linux-gnu/libwayland-client.so.0.22.0
74fed5e62000-74fed5e64000 r--p 0000d000 103:05 14942239                  /usr/lib/x86_64-linux-gnu/libwayland-client.so.0.22.0
74fed5e64000-74fed5e65000 rw-p 0000f000 103:05 14942239                  /usr/lib/x86_64-linux-gnu/libwayland-client.so.0.22.0
74fed5e65000-74fed5e69000 r--p 00000000 103:05 14943150                  /usr/lib/x86_64-linux-gnu/libbsd.so.0.12.1
74fed5e69000-74fed5e75000 r-xp 00004000 103:05 14943150                  /usr/lib/x86_64-linux-gnu/libbsd.so.0.12.1
74fed5e75000-74fed5e78000 r--p 00010000 103:05 14943150                  /usr/lib/x86_64-linux-gnu/libbsd.so.0.12.1
74fed5e78000-74fed5e79000 r--p 00012000 103:05 14943150                  /usr/lib/x86_64-linux-gnu/libbsd.so.0.12.1
74fed5e79000-74fed5e7a000 rw-p 00013000 103:05 14943150                  /usr/lib/x86_64-linux-gnu/libbsd.so.0.12.1
74fed5e7a000-74fed5e7b000 rw-p 00000000 00:00 0 
74fed5e7b000-74fed5e86000 r--p 00000000 103:05 14943322                  /usr/lib/x86_64-linux-gnu/libxcb.so.1.1.0
74fed5e86000-74fed5e99000 r-xp 0000b000 103:05 14943322                  /usr/lib/x86_64-linux-gnu/libxcb.so.1.1.0
74fed5e99000-74fed5ea2000 r--p 0001e000 103:05 14943322                  /usr/lib/x86_64-linux-gnu/libxcb.so.1.1.0
74fed5ea2000-74fed5ea3000 r--p 00026000 103:05 14943322                  /usr/lib/x86_64-linux-gnu/libxcb.so.1.1.0
74fed5ea3000-74fed5ea4000 rw-p 00027000 103:05 14943322                  /usr/lib/x86_64-linux-gnu/libxcb.so.1.1.0
74fed5ea4000-74fed6000000 rw-p 00000000 00:00 0 
74fed6000000-74fed601b000 r-xp 00000000 103:05 15074241                  /usr/lib/jvm/java-17-amazon-corretto/lib/libjimage.so
74fed601b000-74fed621a000 ---p 0001b000 103:05 15074241                  /usr/lib/jvm/java-17-amazon-corretto/lib/libjimage.so
74fed621a000-74fed621c000 r--p 0001a000 103:05 15074241                  /usr/lib/jvm/java-17-amazon-corretto/lib/libjimage.so
74fed621c000-74fed621d000 rw-p 0001c000 103:05 15074241                  /usr/lib/jvm/java-17-amazon-corretto/lib/libjimage.so
74fed621d000-74fed621e000 r--p 00000000 103:05 15473344                  /usr/share/locale-langpack/en/LC_MESSAGES/gtk30.mo
74fed621e000-74fed6220000 r--p 00000000 103:05 14943111                  /usr/lib/x86_64-linux-gnu/libmd.so.0.1.0
74fed6220000-74fed6229000 r-xp 00002000 103:05 14943111                  /usr/lib/x86_64-linux-gnu/libmd.so.0.1.0
74fed6229000-74fed622b000 r--p 0000b000 103:05 14943111                  /usr/lib/x86_64-linux-gnu/libmd.so.0.1.0
74fed622b000-74fed622c000 r--p 0000c000 103:05 14943111                  /usr/lib/x86_64-linux-gnu/libmd.so.0.1.0
74fed622c000-74fed622d000 rw-p 0000d000 103:05 14943111                  /usr/lib/x86_64-linux-gnu/libmd.so.0.1.0
74fed622d000-74fed622f000 r--p 00000000 103:05 14943311                  /usr/lib/x86_64-linux-gnu/libXdmcp.so.6.0.0
74fed622f000-74fed6231000 r-xp 00002000 103:05 14943311                  /usr/lib/x86_64-linux-gnu/libXdmcp.so.6.0.0
74fed6231000-74fed6233000 r--p 00004000 103:05 14943311                  /usr/lib/x86_64-linux-gnu/libXdmcp.so.6.0.0
74fed6233000-74fed6234000 r--p 00005000 103:05 14943311                  /usr/lib/x86_64-linux-gnu/libXdmcp.so.6.0.0
74fed6234000-74fed6235000 rw-p 00006000 103:05 14943311                  /usr/lib/x86_64-linux-gnu/libXdmcp.so.6.0.0
74fed6235000-74fed6238000 r--p 00000000 103:05 14969839                  /usr/lib/x86_64-linux-gnu/libXi.so.6.1.0
74fed6238000-74fed6244000 r-xp 00003000 103:05 14969839                  /usr/lib/x86_64-linux-gnu/libXi.so.6.1.0
74fed6244000-74fed6246000 r--p 0000f000 103:05 14969839                  /usr/lib/x86_64-linux-gnu/libXi.so.6.1.0
74fed6246000-74fed6247000 r--p 00011000 103:05 14969839                  /usr/lib/x86_64-linux-gnu/libXi.so.6.1.0
74fed6247000-74fed6248000 rw-p 00012000 103:05 14969839                  /usr/lib/x86_64-linux-gnu/libXi.so.6.1.0
74fed6248000-74fed6289000 rw-p 00000000 00:00 0 
74fed6289000-74fed628a000 r--p 00000000 103:05 14943091                  /usr/lib/x86_64-linux-gnu/libXau.so.6.0.0
74fed628a000-74fed628c000 r-xp 00001000 103:05 14943091                  /usr/lib/x86_64-linux-gnu/libXau.so.6.0.0
74fed628c000-74fed628d000 r--p 00003000 103:05 14943091                  /usr/lib/x86_64-linux-gnu/libXau.so.6.0.0
74fed628d000-74fed628e000 r--p 00003000 103:05 14943091                  /usr/lib/x86_64-linux-gnu/libXau.so.6.0.0
74fed628e000-74fed628f000 rw-p 00004000 103:05 14943091                  /usr/lib/x86_64-linux-gnu/libXau.so.6.0.0
74fed628f000-74fed6400000 rw-p 00000000 00:00 0 
74fed6400000-74fed76c9000 r-xp 00000000 103:05 15074267                  /usr/lib/jvm/java-17-amazon-corretto/lib/server/libjvm.so
74fed76c9000-74fed78c9000 ---p 012c9000 103:05 15074267                  /usr/lib/jvm/java-17-amazon-corretto/lib/server/libjvm.so
74fed78c9000-74fed7982000 r--p 012c9000 103:05 15074267                  /usr/lib/jvm/java-17-amazon-corretto/lib/server/libjvm.so
74fed7982000-74fed79b7000 rw-p 01382000 103:05 15074267                  /usr/lib/jvm/java-17-amazon-corretto/lib/server/libjvm.so
74fed79b7000-74fed7a12000 rw-p 00000000 00:00 0 
74fed7a12000-74fed7a13000 r--p 00000000 103:05 14968157                  /usr/lib/x86_64-linux-gnu/libwayland-egl.so.1.22.0
74fed7a13000-74fed7a14000 r-xp 00001000 103:05 14968157                  /usr/lib/x86_64-linux-gnu/libwayland-egl.so.1.22.0
74fed7a14000-74fed7a15000 r--p 00002000 103:05 14968157                  /usr/lib/x86_64-linux-gnu/libwayland-egl.so.1.22.0
74fed7a15000-74fed7a16000 r--p 00002000 103:05 14968157                  /usr/lib/x86_64-linux-gnu/libwayland-egl.so.1.22.0
74fed7a16000-74fed7a17000 rw-p 00003000 103:05 14968157                  /usr/lib/x86_64-linux-gnu/libwayland-egl.so.1.22.0
74fed7a17000-74fed7a19000 r--p 00000000 103:05 14969833                  /usr/lib/x86_64-linux-gnu/libXtst.so.6.1.0
74fed7a19000-74fed7a1c000 r-xp 00002000 103:05 14969833                  /usr/lib/x86_64-linux-gnu/libXtst.so.6.1.0
74fed7a1c000-74fed7a1d000 r--p 00005000 103:05 14969833                  /usr/lib/x86_64-linux-gnu/libXtst.so.6.1.0
74fed7a1d000-74fed7a1e000 r--p 00005000 103:05 14969833                  /usr/lib/x86_64-linux-gnu/libXtst.so.6.1.0
74fed7a1e000-74fed7a1f000 rw-p 00006000 103:05 14969833                  /usr/lib/x86_64-linux-gnu/libXtst.so.6.1.0
74fed7a1f000-74fed7a21000 r--p 00000000 103:05 14943468                  /usr/lib/x86_64-linux-gnu/libXrender.so.1.3.0
74fed7a21000-74fed7a28000 r-xp 00002000 103:05 14943468                  /usr/lib/x86_64-linux-gnu/libXrender.so.1.3.0
74fed7a28000-74fed7a29000 r--p 00009000 103:05 14943468                  /usr/lib/x86_64-linux-gnu/libXrender.so.1.3.0
74fed7a29000-74fed7a2a000 r--p 00009000 103:05 14943468                  /usr/lib/x86_64-linux-gnu/libXrender.so.1.3.0
74fed7a2a000-74fed7a2b000 rw-p 0000a000 103:05 14943468                  /usr/lib/x86_64-linux-gnu/libXrender.so.1.3.0
74fed7a2b000-74fed7a2f000 r--p 00000000 103:05 14943423                  /usr/lib/x86_64-linux-gnu/libXext.so.6.4.0
74fed7a2f000-74fed7a3a000 r-xp 00004000 103:05 14943423                  /usr/lib/x86_64-linux-gnu/libXext.so.6.4.0
74fed7a3a000-74fed7a3d000 r--p 0000f000 103:05 14943423                  /usr/lib/x86_64-linux-gnu/libXext.so.6.4.0
74fed7a3d000-74fed7a3e000 r--p 00011000 103:05 14943423                  /usr/lib/x86_64-linux-gnu/libXext.so.6.4.0
74fed7a3e000-74fed7a3f000 rw-p 00012000 103:05 14943423                  /usr/lib/x86_64-linux-gnu/libXext.so.6.4.0
74fed7a3f000-74fed7c00000 rw-p 00000000 00:00 0 
74fed7c00000-74fed7c28000 r--p 00000000 103:05 14944734                  /usr/lib/x86_64-linux-gnu/libc.so.6
74fed7c28000-74fed7db0000 r-xp 00028000 103:05 14944734                  /usr/lib/x86_64-linux-gnu/libc.so.6
74fed7db0000-74fed7dff000 r--p 001b0000 103:05 14944734                  /usr/lib/x86_64-linux-gnu/libc.so.6
74fed7dff000-74fed7e03000 r--p 001fe000 103:05 14944734                  /usr/lib/x86_64-linux-gnu/libc.so.6
74fed7e03000-74fed7e05000 rw-p 00202000 103:05 14944734                  /usr/lib/x86_64-linux-gnu/libc.so.6
74fed7e05000-74fed7e12000 rw-p 00000000 00:00 0 
74fed7e22000-74fed7e29000 r--s 00000000 103:05 14944723                  /usr/lib/x86_64-linux-gnu/gconv/gconv-modules.cache
74fed7e29000-74fed7e2f000 rw-p 00000000 00:00 0 
74fed7e2f000-74fed7f15000 ---p 00000000 00:00 0 
74fed7f15000-74fed7f1a000 rw-p 00000000 00:00 0 
74fed7f1a000-74fed8000000 ---p 00000000 00:00 0 
74fed8000000-74fed800f000 r-xp 00000000 103:05 15074242                  /usr/lib/jvm/java-17-amazon-corretto/lib/libjli.so
74fed800f000-74fed820e000 ---p 0000f000 103:05 15074242                  /usr/lib/jvm/java-17-amazon-corretto/lib/libjli.so
74fed820e000-74fed820f000 r--p 0000e000 103:05 15074242                  /usr/lib/jvm/java-17-amazon-corretto/lib/libjli.so
74fed820f000-74fed8210000 rw-p 0000f000 103:05 15074242                  /usr/lib/jvm/java-17-amazon-corretto/lib/libjli.so
74fed8210000-74fed8211000 r-xp 0005e000 103:05 4225291                   /tmp/lwjgl_cookiebot/3.3.6+1/x64/liblwjgl.so
74fed8211000-74fed8212000 rw-p 00000000 00:00 0 
74fed8212000-74fed8216000 ---p 00000000 00:00 0 
74fed8216000-74fed8312000 rw-p 00000000 00:00 0 
74fed8312000-74fed8322000 r--p 00000000 103:05 14944737                  /usr/lib/x86_64-linux-gnu/libm.so.6
74fed8322000-74fed83a1000 r-xp 00010000 103:05 14944737                  /usr/lib/x86_64-linux-gnu/libm.so.6
74fed83a1000-74fed83f9000 r--p 0008f000 103:05 14944737                  /usr/lib/x86_64-linux-gnu/libm.so.6
74fed83f9000-74fed83fa000 r--p 000e7000 103:05 14944737                  /usr/lib/x86_64-linux-gnu/libm.so.6
74fed83fa000-74fed83fb000 rw-p 000e8000 103:05 14944737                  /usr/lib/x86_64-linux-gnu/libm.so.6
74fed83fb000-74fed83fc000 r--p 00000000 103:05 14944748                  /usr/lib/x86_64-linux-gnu/librt.so.1
74fed83fc000-74fed83fd000 r-xp 00001000 103:05 14944748                  /usr/lib/x86_64-linux-gnu/librt.so.1
74fed83fd000-74fed83fe000 r--p 00002000 103:05 14944748                  /usr/lib/x86_64-linux-gnu/librt.so.1
74fed83fe000-74fed83ff000 r--p 00002000 103:05 14944748                  /usr/lib/x86_64-linux-gnu/librt.so.1
74fed83ff000-74fed8400000 rw-p 00003000 103:05 14944748                  /usr/lib/x86_64-linux-gnu/librt.so.1
74fed8400000-74fed8404000 rw-p 00000000 00:00 0 
74fed8404000-74fed8405000 r--p 00000000 103:05 14944736                  /usr/lib/x86_64-linux-gnu/libdl.so.2
74fed8405000-74fed8406000 r-xp 00001000 103:05 14944736                  /usr/lib/x86_64-linux-gnu/libdl.so.2
74fed8406000-74fed8407000 r--p 00002000 103:05 14944736                  /usr/lib/x86_64-linux-gnu/libdl.so.2
74fed8407000-74fed8408000 r--p 00002000 103:05 14944736                  /usr/lib/x86_64-linux-gnu/libdl.so.2
74fed8408000-74fed8409000 rw-p 00003000 103:05 14944736                  /usr/lib/x86_64-linux-gnu/libdl.so.2
74fed8409000-74fed840a000 r--p 00000000 103:05 14944746                  /usr/lib/x86_64-linux-gnu/libpthread.so.0
74fed840a000-74fed840b000 r-xp 00001000 103:05 14944746                  /usr/lib/x86_64-linux-gnu/libpthread.so.0
74fed840b000-74fed840c000 r--p 00002000 103:05 14944746                  /usr/lib/x86_64-linux-gnu/libpthread.so.0
74fed840c000-74fed840d000 r--p 00002000 103:05 14944746                  /usr/lib/x86_64-linux-gnu/libpthread.so.0
74fed840d000-74fed840e000 rw-p 00003000 103:05 14944746                  /usr/lib/x86_64-linux-gnu/libpthread.so.0
74fed840e000-74fed8410000 r--p 00000000 103:05 14944802                  /usr/lib/x86_64-linux-gnu/libz.so.1.3
74fed8410000-74fed8422000 r-xp 00002000 103:05 14944802                  /usr/lib/x86_64-linux-gnu/libz.so.1.3
74fed8422000-74fed8428000 r--p 00014000 103:05 14944802                  /usr/lib/x86_64-linux-gnu/libz.so.1.3
74fed8428000-74fed8429000 r--p 0001a000 103:05 14944802                  /usr/lib/x86_64-linux-gnu/libz.so.1.3
74fed8429000-74fed842a000 rw-p 0001b000 103:05 14944802                  /usr/lib/x86_64-linux-gnu/libz.so.1.3
74fed842a000-74fed842f000 rw-p 00000000 00:00 0 
74fed842f000-74fed8436000 ---p 00000000 00:00 0 
74fed8436000-74fed843e000 rw-s 00000000 103:05 4228989                   /tmp/hsperfdata_cookiebot/11156
74fed843e000-74fed843f000 ---p 00000000 00:00 0 
74fed843f000-74fed8440000 r--p 00000000 00:00 0 
74fed8440000-74fed8441000 ---p 00000000 00:00 0 
74fed8441000-74fed8443000 rw-p 00000000 00:00 0 
74fed8443000-74fed8447000 r--p 00000000 00:00 0                          [vvar]
74fed8447000-74fed8449000 r-xp 00000000 00:00 0                          [vdso]
74fed8449000-74fed844a000 r--p 00000000 103:05 14944731                  /usr/lib/x86_64-linux-gnu/ld-linux-x86-64.so.2
74fed844a000-74fed8475000 r-xp 00001000 103:05 14944731                  /usr/lib/x86_64-linux-gnu/ld-linux-x86-64.so.2
74fed8475000-74fed847f000 r--p 0002c000 103:05 14944731                  /usr/lib/x86_64-linux-gnu/ld-linux-x86-64.so.2
74fed847f000-74fed8481000 r--p 00036000 103:05 14944731                  /usr/lib/x86_64-linux-gnu/ld-linux-x86-64.so.2
74fed8481000-74fed8483000 rw-p 00038000 103:05 14944731                  /usr/lib/x86_64-linux-gnu/ld-linux-x86-64.so.2
7ffc279d7000-7ffc279fa000 rw-p 00000000 00:00 0                          [stack]
ffffffffff600000-ffffffffff601000 --xp 00000000 00:00 0                  [vsyscall]


VM Arguments:
java_command: engine.framework.Start
java_class_path (initial): /home/cookiebot/JavaProjects/HodgePodgeBarrage/target/classes:/home/cookiebot/.m2/repository/org/lwjgl/lwjgl/3.3.6/lwjgl-3.3.6.jar:/home/cookiebot/.m2/repository/org/lwjgl/lwjgl-assimp/3.3.6/lwjgl-assimp-3.3.6.jar:/home/cookiebot/.m2/repository/org/lwjgl/lwjgl-bgfx/3.3.6/lwjgl-bgfx-3.3.6.jar:/home/cookiebot/.m2/repository/org/lwjgl/lwjgl-cuda/3.3.6/lwjgl-cuda-3.3.6.jar:/home/cookiebot/.m2/repository/org/lwjgl/lwjgl-egl/3.3.6/lwjgl-egl-3.3.6.jar:/home/cookiebot/.m2/repository/org/lwjgl/lwjgl-fmod/3.3.6/lwjgl-fmod-3.3.6.jar:/home/cookiebot/.m2/repository/org/lwjgl/lwjgl-freetype/3.3.6/lwjgl-freetype-3.3.6.jar:/home/cookiebot/.m2/repository/org/lwjgl/lwjgl-glfw/3.3.6/lwjgl-glfw-3.3.6.jar:/home/cookiebot/.m2/repository/org/lwjgl/lwjgl-harfbuzz/3.3.6/lwjgl-harfbuzz-3.3.6.jar:/home/cookiebot/.m2/repository/org/lwjgl/lwjgl-hwloc/3.3.6/lwjgl-hwloc-3.3.6.jar:/home/cookiebot/.m2/repository/org/lwjgl/lwjgl-jawt/3.3.6/lwjgl-jawt-3.3.6.jar:/home/cookiebot/.m2/repository/org/lwjgl/lwjgl-jemalloc/3.3.6/lwjgl-jemalloc-3.3.6.jar:/home/cookiebot/.m2/repository/org/lwjgl/lwjgl-ktx/3.3.6/lwjgl-ktx-3.3.6.jar:/home/cookiebot/.m2/repository/org/lwjgl/lwjgl-libdivide/3.3.6/lwjgl-libdivide-3.3.6.jar:/home/cookiebot/.m2/repository/org/lwjgl/lwjgl-llvm/3.3.6/lwjgl-llvm-3.3.6.jar:/home/cookiebot/.m2/repository/org/lwjgl/lwjgl-lmdb/3.3.6/lwjgl-lmdb-3.3.6.jar:/home/cookiebot/.m2/repository/org/lwjgl/lwjgl-lz4/3.3.6/lwjgl-lz4-3.3.6.jar:/home/cookiebot/.m2/repository/org/lwjgl/lwjgl-meow/3.3.6/lwjgl-meow-3.3.6.jar:/home/cookiebot/.m2/repository/org/lwjgl/lwjgl-meshoptimizer/3.3.6/lwjgl-meshoptimizer-3.3.6.jar:/home/cookiebot/.m2/repository/org/lwjgl/lwjgl-msdfgen/3.3.6/lwjgl-msdfgen-3.3.6.jar:/home/cookiebot/.m2/repository/org/lwjgl/lwjgl-nanovg/3.3.6/lwjgl-nanovg-3.3.6.jar:/home/cookiebot/.m2/repository/org/lwjgl/lwjgl-nfd/3.3.6/lwjgl-nfd-3.3.6.jar:/home/cookiebot/.m2/repository/org/lwjgl/lwjgl-nuklear/3.3.6/lwjgl-nuklear-3.3.6.jar:/home/cookiebot/.m2/repository/org/l
Launcher Type: SUN_STANDARD

[Global flags]
     intx CICompilerCount                          = 4                                         {product} {ergonomic}
     uint ConcGCThreads                            = 3                                         {product} {ergonomic}
     uint G1ConcRefinementThreads                  = 10                                        {product} {ergonomic}
   size_t G1HeapRegionSize                         = 4194304                                   {product} {ergonomic}
    uintx GCDrainStackTargetSize                   = 64                                        {product} {ergonomic}
   size_t InitialHeapSize                          = 524288000                                 {product} {ergonomic}
   size_t MarkStackSize                            = 4194304                                   {product} {ergonomic}
   size_t MaxHeapSize                              = 8355053568                                {product} {ergonomic}
   size_t MaxNewSize                               = 5012193280                                {product} {ergonomic}
   size_t MinHeapDeltaBytes                        = 4194304                                   {product} {ergonomic}
   size_t MinHeapSize                              = 8388608                                   {product} {ergonomic}
    uintx NonNMethodCodeHeapSize                   = 5839372                                {pd product} {ergonomic}
    uintx NonProfiledCodeHeapSize                  = 122909434                              {pd product} {ergonomic}
    uintx ProfiledCodeHeapSize                     = 122909434                              {pd product} {ergonomic}
    uintx ReservedCodeCacheSize                    = 251658240                              {pd product} {ergonomic}
     bool SegmentedCodeCache                       = true                                      {product} {ergonomic}
   size_t SoftMaxHeapSize                          = 8355053568                             {manageable} {ergonomic}
     bool UseCompressedClassPointers               = true                           {product lp64_product} {ergonomic}
     bool UseCompressedOops                        = true                           {product lp64_product} {ergonomic}
     bool UseG1GC                                  = true                                      {product} {ergonomic}

Logging:
Log output configuration:
 #0: stdout all=warning uptime,level,tags
 #1: stderr all=off uptime,level,tags

Environment Variables:
JAVA_HOME=/usr/lib/jvm/java-17-amazon-corretto
PATH=/usr/local/sbin:/usr/local/bin:/usr/sbin:/usr/bin:/sbin:/bin:/usr/games:/usr/local/games:/snap/bin:/snap/bin:/home/cookiebot/.lmstudio/bin
USERNAME=cookiebot
SHELL=/bin/bash
DISPLAY=:0
LANG=en_US.UTF-8

Active Locale:
LC_ALL=en_US.UTF-8
LC_COLLATE=en_US.UTF-8
LC_CTYPE=en_US.UTF-8
LC_MESSAGES=en_US.UTF-8
LC_MONETARY=en_US.UTF-8
LC_NUMERIC=en_US.UTF-8
LC_TIME=en_US.UTF-8

Signal Handlers:
   SIGSEGV: 