#
# A fatal error has been detected by the Java Runtime Environment:
#
#  SIGSEGV (0xb) at pc=0x00007f3d0e6e9244, pid=24775, tid=24817
#
# JRE version: Java(TM) SE Runtime Environment (21.0.5+9) (build 21.0.5+9-LTS-239)
# Java VM: Java HotSpot(TM) 64-Bit Server VM (21.0.5+9-LTS-239, mixed mode, sharing, tiered, compressed oops, compressed class ptrs, g1 gc, linux-amd64)
# Problematic frame:
# V  [libjvm.so+0xb60244]  PhaseLive::add_liveout(Block_List&, Block*, IndexSet*, VectorSet&)+0x124
#
# Core dump will be written. Default location: Core dumps may be processed with "/usr/share/apport/apport -p%p -s%s -c%c -d%d -P%P -u%u -g%g -- %E" (or dumping to /home/cookiebot/JavaProjects/HodgePodgeBarrage/core.24775)
#
# If you would like to submit a bug report, please visit:
#   https://bugreport.java.com/bugreport/crash.jsp
#

---------------  S U M M A R Y ------------

Command Line: -Dclassworlds.conf=/usr/share/maven/bin/m2.conf -Dmaven.home=/usr/share/maven -Dlibrary.jansi.path=/usr/share/maven/lib/jansi-native -Dmaven.multiModuleProjectDirectory=/home/cookiebot/JavaProjects/HodgePodgeBarrage org.codehaus.plexus.classworlds.launcher.Launcher -Dmaven.ext.class.path=/home/cookiebot/Apps/folders/diffblue-cover-cli-2025.05.01/cover-buildsystem-maven-spy-jar-with-dependencies.jar -Dcom.diffblue.cover.skipTests=true -DskipTestOptimizer --batch-mode --global-settings=/usr/share/maven/conf/settings.xml install -Dmaven.compiler.failOnWarning=false --also-make -DskipTests -DskipITs --threads=1C

Host: AMD Ryzen 5 3550H with Radeon Vega Mobile Gfx, 8 cores, 30G, Ubuntu 20.04.6 LTS
Time: Thu May 15 20:39:22 2025 CDT elapsed time: 2.069349 seconds (0d 0h 0m 2s)

---------------  T H R E A D  ---------------

Current thread (0x00007f3c682becd0):  JavaThread "C2 CompilerThread1" daemon [_thread_in_native, id=24817, stack(0x00007f3c8edfe000,0x00007f3c8eeff000) (1028K)]


Current CompileTask:
C2:   2069 2774       4       java.util.regex.Pattern$CharPropertyGreedy::match (160 bytes)

Stack: [0x00007f3c8edfe000,0x00007f3c8eeff000],  sp=0x00007f3c8eefb050,  free space=1012k
Native frames: (J=compiled Java code, j=interpreted, Vv=VM code, C=native code)
V  [libjvm.so+0xb60244]  PhaseLive::add_liveout(Block_List&, Block*, IndexSet*, VectorSet&)+0x124
V  [libjvm.so+0xb60c86]  PhaseLive::compute(unsigned int)+0x666
V  [libjvm.so+0x5a4c57]  PhaseChaitin::Register_Allocate()+0x857
V  [libjvm.so+0x646dd6]  Compile::Code_Gen()+0x326
V  [libjvm.so+0x64af6c]  Compile::Compile(ciEnv*, ciMethod*, int, Options, DirectiveSet*)+0x155c
V  [libjvm.so+0x57784b]  C2Compiler::compile_method(ciEnv*, ciMethod*, int, bool, DirectiveSet*)+0x18b
V  [libjvm.so+0x650797]  CompileBroker::invoke_compiler_on_method(CompileTask*)+0xac7
V  [libjvm.so+0x6538c8]  CompileBroker::compiler_thread_loop()+0x6a8
V  [libjvm.so+0x9012b8]  JavaThread::thread_main_inner() [clone .part.0]+0xb8
V  [libjvm.so+0xeac498]  Thread::call_run()+0xa8
V  [libjvm.so+0xcce9ea]  thread_native_entry(Thread*)+0xda

siginfo: si_signo: 11 (SIGSEGV), si_code: 128 (SI_KERNEL), si_addr: 0x0000000000000000

Registers:
RAX=0x00207f3d0efc1760, RBX=0x0000000000000008, RCX=0x000000000000034d, RDX=0x0000000000000003
RSP=0x00007f3c8eefb050, RBP=0x00007f3c8eefb0f0, RSI=0x000000000000000d, RDI=0x0000000000000000
R8 =0x0000000000002000, R9 =0x0000000000002000, R10=0x00007f3c6438aff8, R11=0x00007f3c68213a00
R12=0x00007f3c8eefb380, R13=0x00007f3c544b8670, R14=0x00007f3c5449fc90, R15=0x00007f3c64389dd8
RIP=0x00007f3d0e6e9244, EFLAGS=0x0000000000010202, CSGSFS=0x002b000000000033, ERR=0x0000000000000000
  TRAPNO=0x000000000000000d


Register to memory mapping:

RAX=0x00207f3d0efc1760 is an unknown value
RBX=0x0000000000000008 is an unknown value
RCX=0x000000000000034d is an unknown value
RDX=0x0000000000000003 is an unknown value
RSP=0x00007f3c8eefb050 is pointing into the stack for thread: 0x00007f3c682becd0
RBP=0x00007f3c8eefb0f0 is pointing into the stack for thread: 0x00007f3c682becd0
RSI=0x000000000000000d is an unknown value
RDI=0x0 is null
R8 =0x0000000000002000 is an unknown value
R9 =0x0000000000002000 is an unknown value
R10=0x00007f3c6438aff8 points into unknown readable memory: 0x0000000400000009 | 09 00 00 00 04 00 00 00
R11=0x00007f3c68213a00 points into unknown readable memory: 0x000000000000000c | 0c 00 00 00 00 00 00 00
R12=0x00007f3c8eefb380 is pointing into the stack for thread: 0x00007f3c682becd0
R13=0x00007f3c544b8670 points into unknown readable memory: 0x0000000000000000 | 00 00 00 00 00 00 00 00
R14=0x00007f3c5449fc90 points into unknown readable memory: 0x0000000400000004 | 04 00 00 00 04 00 00 00
R15=0x00007f3c64389dd8 points into unknown readable memory: 0x0000000100000003 | 03 00 00 00 01 00 00 00

Top of Stack: (sp=0x00007f3c8eefb050)
0x00007f3c8eefb050:   0000000000007fd8 00007f3c8eefb180
0x00007f3c8eefb060:   00007f3c8eefb1a0 0000000000000003
0x00007f3c8eefb070:   000000000000034d 0000000000000000
0x00007f3c8eefb080:   00007f3c644f6b10 00007f3c8eefb090
0x00007f3c8eefb090:   000000000004001e 000000020000034d
0x00007f3c8eefb0a0:   0000000400000004 00007f3c68214660
0x00007f3c8eefb0b0:   00007f3c6438b008 00007f3c6438aff8
0x00007f3c8eefb0c0:   fffffffffffffff8 00007f3c644f6b10
0x00007f3c8eefb0d0:   00007f3c8eefb380 00007f3c8eefb180
0x00007f3c8eefb0e0:   0000000000000001 00007f3c644f9ca0
0x00007f3c8eefb0f0:   00007f3c8eefb1f0 00007f3d0e6e9c86
0x00007f3c8eefb100:   00007f3c580b0c20 00007f3c580b25d0
0x00007f3c8eefb110:   00007f3c580b25d0 00007f3c580b8c08
0x00007f3c8eefb120:   00000000000a8a08 00007f3c580b0c20
0x00007f3c8eefb130:   00007f3c682be080 00007f3c8eefb1a0
0x00007f3c8eefb140:   00000000000002c8 0000000000000000
0x00007f3c8eefb150:   00007f3c6438aff8 0000000000000001
0x00007f3c8eefb160:   00007f3c644f9ca0 0000000000000008
0x00007f3c8eefb170:   0000000000000040 00007f3c8eefb1a0
0x00007f3c8eefb180:   0000000000000008 00007f3c682be080
0x00007f3c8eefb190:   00007f3c64389930 0100000000000000
0x00007f3c8eefb1a0:   00007f3c00000020 00007f3c6438c6e8
0x00007f3c8eefb1b0:   00007f3c00000020 00007f3c682be080
0x00007f3c8eefb1c0:   0000000000000000 00007f3c8eefb5f0
0x00007f3c8eefb1d0:   00007f3c8eefb2b0 00007f3c8eefb3e0
0x00007f3c8eefb1e0:   00007f3c8eefb2b0 00007f3c8eefb380
0x00007f3c8eefb1f0:   00007f3c8eefb4d0 00007f3d0e12dc57
0x00007f3c8eefb200:   0000000000000000 00007f3d0efe15d0
0x00007f3c8eefb210:   00007f3d0efe1510 00007f3c58001e50
0x00007f3c8eefb220:   00007f3c8eefb280 00007f3c8eefb2e0
0x00007f3c8eefb230:   00007f3c8eefb320 00007f3c58001e60
0x00007f3c8eefb240:   00007f3c58001e50 00007f3c58001e60 

Instructions: (pc=0x00007f3d0e6e9244)
0x00007f3d0e6e9144:   85 70 ff ff ff 4c 8b 6f 20 44 8d 70 ff 48 8b 47
0x00007f3d0e6e9154:   28 48 89 b5 68 ff ff ff 4a 8b 04 f0 48 89 45 88
0x00007f3d0e6e9164:   49 89 c0 48 85 c0 0f 84 60 02 00 00 8b 13 85 d2
0x00007f3d0e6e9174:   0f 84 09 01 00 00 4b 8d 04 b6 48 8d 7d a0 48 c7
0x00007f3d0e6e9184:   45 a0 00 00 00 00 48 c1 e0 05 c7 45 b0 00 00 00
0x00007f3d0e6e9194:   00 4d 8d 34 07 49 01 c5 48 89 5d c8 4d 89 c7 48
0x00007f3d0e6e91a4:   8b 05 d6 5d 58 00 48 c7 45 b8 00 00 00 00 48 89
0x00007f3d0e6e91b4:   7d 98 48 89 45 a8 8b 43 04 89 45 b4 48 8b 43 08
0x00007f3d0e6e91c4:   48 89 45 c0 31 c0 e9 87 00 00 00 90 31 c9 f3 48
0x00007f3d0e6e91d4:   0f bc c8 48 d3 e8 03 4d a8 48 83 e8 01 89 4d a8
0x00007f3d0e6e91e4:   48 89 45 a0 85 c9 0f 84 90 00 00 00 49 8b 46 08
0x00007f3d0e6e91f4:   89 ca c1 ea 08 48 8b 04 d0 48 3b 05 f4 12 89 00
0x00007f3d0e6e9204:   0f 84 b6 00 00 00 89 cb 41 b8 01 00 00 00 89 ce
0x00007f3d0e6e9214:   c1 eb 06 49 d3 e0 83 e6 3f 83 e3 03 4d 89 c1 48
0x00007f3d0e6e9224:   c1 e3 03 48 01 d8 48 8b 38 49 09 f9 4c 89 08 49
0x00007f3d0e6e9234:   85 f8 75 1a 41 83 06 01 49 8b 45 08 48 8b 04 d0
0x00007f3d0e6e9244:   48 8b 04 18 48 0f a3 f0 0f 83 c6 00 00 00 48 8b
0x00007f3d0e6e9254:   45 a0 48 85 c0 0f 85 71 ff ff ff 83 7d ac 03 76
0x00007f3d0e6e9264:   08 8b 45 b4 39 45 b0 73 13 48 8b 7d 98 e8 7a 57
0x00007f3d0e6e9274:   d5 ff 89 c1 85 c9 0f 85 70 ff ff ff 4d 89 f8 41
0x00007f3d0e6e9284:   8b 00 85 c0 0f 84 c2 00 00 00 48 8b 45 90 48 83
0x00007f3d0e6e9294:   7d 88 00 8b 40 4c 8d 50 ff 49 8b 44 24 28 4c 89
0x00007f3d0e6e92a4:   04 d0 0f 84 c4 00 00 00 48 83 c4 78 5b 41 5c 41
0x00007f3d0e6e92b4:   5d 41 5e 41 5f 5d c3 0f 1f 44 00 00 89 ce 4c 89
0x00007f3d0e6e92c4:   f7 48 89 95 78 ff ff ff 89 4d 80 e8 ac 51 d5 ff
0x00007f3d0e6e92d4:   8b 4d 80 41 b8 01 00 00 00 48 8b 95 78 ff ff ff
0x00007f3d0e6e92e4:   89 cb 49 d3 e0 89 ce c1 eb 06 83 e6 3f 83 e3 03
0x00007f3d0e6e92f4:   48 c1 e3 03 48 01 d8 48 8b 38 49 89 f9 4d 09 c1
0x00007f3d0e6e9304:   4c 85 c7 4c 89 08 0f 84 28 ff ff ff e9 3d ff ff
0x00007f3d0e6e9314:   ff 0f 1f 00 49 8b 47 08 48 8b 04 d0 48 3b 05 d1
0x00007f3d0e6e9324:   11 89 00 0f 84 f3 00 00 00 48 01 d8 48 8b 10 4c
0x00007f3d0e6e9334:   89 c1 48 09 d1 48 89 08 49 85 d0 0f 85 0d ff ff 


Stack slot to memory mapping:

stack at sp + 0 slots: 0x0000000000007fd8 is an unknown value
stack at sp + 1 slots: 0x00007f3c8eefb180 is pointing into the stack for thread: 0x00007f3c682becd0
stack at sp + 2 slots: 0x00007f3c8eefb1a0 is pointing into the stack for thread: 0x00007f3c682becd0
stack at sp + 3 slots: 0x0000000000000003 is an unknown value
stack at sp + 4 slots: 0x000000000000034d is an unknown value
stack at sp + 5 slots: 0x0 is null
stack at sp + 6 slots: 0x00007f3c644f6b10 points into unknown readable memory: 0x00007f3d0eeab230 | 30 b2 ea 0e 3d 7f 00 00
stack at sp + 7 slots: 0x00007f3c8eefb090 is pointing into the stack for thread: 0x00007f3c682becd0


---------------  P R O C E S S  ---------------

Threads class SMR info:
_java_thread_list=0x00007f3d08933120, length=13, elements={
0x00007f3d08028ce0, 0x00007f3d0812d3b0, 0x00007f3d0812ea30, 0x00007f3d081301b0,
0x00007f3d081317e0, 0x00007f3d08132d70, 0x00007f3d081348a0, 0x00007f3d08135f50,
0x00007f3d08141db0, 0x00007f3d08145190, 0x00007f3c682becd0, 0x00007f3c6840a470,
0x00007f3d08935db0
}

Java Threads: ( => current thread )
  0x00007f3d08028ce0 JavaThread "main"                              [_thread_blocked, id=24800, stack(0x00007f3d0d92f000,0x00007f3d0da30000) (1028K)]
  0x00007f3d0812d3b0 JavaThread "Reference Handler"          daemon [_thread_blocked, id=24808, stack(0x00007f3ce4825000,0x00007f3ce4926000) (1028K)]
  0x00007f3d0812ea30 JavaThread "Finalizer"                  daemon [_thread_blocked, id=24809, stack(0x00007f3ce4724000,0x00007f3ce4825000) (1028K)]
  0x00007f3d081301b0 JavaThread "Signal Dispatcher"          daemon [_thread_blocked, id=24810, stack(0x00007f3ce4623000,0x00007f3ce4724000) (1028K)]
  0x00007f3d081317e0 JavaThread "Service Thread"             daemon [_thread_blocked, id=24811, stack(0x00007f3ce4522000,0x00007f3ce4623000) (1028K)]
  0x00007f3d08132d70 JavaThread "Monitor Deflation Thread"   daemon [_thread_blocked, id=24812, stack(0x00007f3ce4421000,0x00007f3ce4522000) (1028K)]
  0x00007f3d081348a0 JavaThread "C2 CompilerThread0"         daemon [_thread_blocked, id=24813, stack(0x00007f3ce4320000,0x00007f3ce4421000) (1028K)]
  0x00007f3d08135f50 JavaThread "C1 CompilerThread0"         daemon [_thread_blocked, id=24814, stack(0x00007f3ce421f000,0x00007f3ce4320000) (1028K)]
  0x00007f3d08141db0 JavaThread "Notification Thread"        daemon [_thread_blocked, id=24815, stack(0x00007f3ce404e000,0x00007f3ce414f000) (1028K)]
  0x00007f3d08145190 JavaThread "Common-Cleaner"             daemon [_thread_blocked, id=24816, stack(0x00007f3c8eeff000,0x00007f3c8f000000) (1028K)]
=>0x00007f3c682becd0 JavaThread "C2 CompilerThread1"         daemon [_thread_in_native, id=24817, stack(0x00007f3c8edfe000,0x00007f3c8eeff000) (1028K)]
  0x00007f3c6840a470 JavaThread "C2 CompilerThread2"         daemon [_thread_blocked, id=24827, stack(0x00007f3c8e5f6000,0x00007f3c8e6f7000) (1028K)]
  0x00007f3d08935db0 JavaThread "BuilderThread 0"                   [_thread_in_vm, id=24828, stack(0x00007f3c8e4f5000,0x00007f3c8e5f6000) (1028K)]
Total: 13

Other Threads:
  0x00007f3d08123f50 VMThread "VM Thread"                           [id=24807, stack(0x00007f3ce4e97000,0x00007f3ce4f97000) (1024K)]
  0x00007f3d08112230 WatcherThread "VM Periodic Task Thread"        [id=24806, stack(0x00007f3ce4f98000,0x00007f3ce5098000) (1024K)]
  0x00007f3d08052830 WorkerThread "GC Thread#0"                     [id=24801, stack(0x00007f3d0ccfe000,0x00007f3d0cdfe000) (1024K)]
  0x00007f3c7c0079f0 WorkerThread "GC Thread#1"                     [id=24819, stack(0x00007f3c8ecfe000,0x00007f3c8edfe000) (1024K)]
  0x00007f3c7c0080e0 WorkerThread "GC Thread#2"                     [id=24820, stack(0x00007f3c8ebfd000,0x00007f3c8ecfd000) (1024K)]
  0x00007f3c7c008a00 WorkerThread "GC Thread#3"                     [id=24821, stack(0x00007f3c8eafc000,0x00007f3c8ebfc000) (1024K)]
  0x00007f3c7c0094e0 WorkerThread "GC Thread#4"                     [id=24822, stack(0x00007f3c8e9fb000,0x00007f3c8eafb000) (1024K)]
  0x00007f3c7c009fe0 WorkerThread "GC Thread#5"                     [id=24823, stack(0x00007f3c8e8fa000,0x00007f3c8e9fa000) (1024K)]
  0x00007f3c7c00ab30 WorkerThread "GC Thread#6"                     [id=24824, stack(0x00007f3c8e7f9000,0x00007f3c8e8f9000) (1024K)]
  0x00007f3c7c00b680 WorkerThread "GC Thread#7"                     [id=24825, stack(0x00007f3c8e6f8000,0x00007f3c8e7f8000) (1024K)]
  0x00007f3d08063490 ConcurrentGCThread "G1 Main Marker"            [id=24802, stack(0x00007f3d0cbfd000,0x00007f3d0ccfd000) (1024K)]
  0x00007f3d08064430 WorkerThread "G1 Conc#0"                       [id=24803, stack(0x00007f3d0cafc000,0x00007f3d0cbfc000) (1024K)]
  0x00007f3d080f7770 ConcurrentGCThread "G1 Refine#0"               [id=24804, stack(0x00007f3d0c1f3000,0x00007f3d0c2f3000) (1024K)]
  0x00007f3d080f8720 ConcurrentGCThread "G1 Service"                [id=24805, stack(0x00007f3d0c0f2000,0x00007f3d0c1f2000) (1024K)]
Total: 14

Threads with active compile tasks:
C2 CompilerThread1     2079 2774       4       java.util.regex.Pattern$CharPropertyGreedy::match (160 bytes)
Total: 1

VM state: not at safepoint (normal execution)

VM Mutex/Monitor currently owned by a thread: None

Heap address: 0x0000000613400000, size: 7884 MB, Compressed Oops mode: Zero based, Oop shift amount: 3

CDS archive(s) mapped at: [0x00007f3c8f000000-0x00007f3c8fcab000-0x00007f3c8fcab000), size 13283328, SharedBaseAddress: 0x00007f3c8f000000, ArchiveRelocationMode: 1.
Compressed class space mapped at: 0x00007f3c90000000-0x00007f3cd0000000, reserved size: 1073741824
Narrow klass base: 0x00007f3c8f000000, Narrow klass shift: 0, Narrow klass range: 0x100000000

GC Precious Log:
 CardTable entry size: 512
 Card Set container configuration: InlinePtr #cards 4 size 8 Array Of Cards #cards 32 size 80 Howl #buckets 8 coarsen threshold 7372 Howl Bitmap #cards 1024 size 144 coarsen threshold 921 Card regions per heap region 1 cards per card region 8192
 CPUs: 8 total, 8 available
 Memory: 31521M
 Large Page Support: Disabled
 NUMA Support: Disabled
 Compressed Oops: Enabled (Zero based)
 Heap Region Size: 4M
 Heap Min Capacity: 8M
 Heap Initial Capacity: 496M
 Heap Max Capacity: 7884M
 Pre-touch: Disabled
 Parallel Workers: 8
 Concurrent Workers: 2
 Concurrent Refinement Workers: 8
 Periodic GC: Disabled

Heap:
 garbage-first heap   total 512000K, used 51676K [0x0000000613400000, 0x0000000800000000)
  region size 4096K, 13 young (53248K), 1 survivors (4096K)
 Metaspace       used 17971K, committed 18304K, reserved 1114112K
  class space    used 2037K, committed 2176K, reserved 1048576K

Heap Regions: E=young(eden), S=young(survivor), O=old, HS=humongous(starts), HC=humongous(continues), CS=collection set, F=free, TAMS=top-at-mark-start, PB=parsable bottom
|   0|0x0000000613400000, 0x00000006136d7f48, 0x0000000613800000| 71%| O|  |TAMS 0x0000000613400000| PB 0x0000000613400000| Untracked 
|   1|0x0000000613800000, 0x0000000613800000, 0x0000000613c00000|  0%| F|  |TAMS 0x0000000613800000| PB 0x0000000613800000| Untracked 
|   2|0x0000000613c00000, 0x0000000613c00000, 0x0000000614000000|  0%| F|  |TAMS 0x0000000613c00000| PB 0x0000000613c00000| Untracked 
|   3|0x0000000614000000, 0x0000000614000000, 0x0000000614400000|  0%| F|  |TAMS 0x0000000614000000| PB 0x0000000614000000| Untracked 
|   4|0x0000000614400000, 0x0000000614400000, 0x0000000614800000|  0%| F|  |TAMS 0x0000000614400000| PB 0x0000000614400000| Untracked 
|   5|0x0000000614800000, 0x0000000614800000, 0x0000000614c00000|  0%| F|  |TAMS 0x0000000614800000| PB 0x0000000614800000| Untracked 
|   6|0x0000000614c00000, 0x0000000614c00000, 0x0000000615000000|  0%| F|  |TAMS 0x0000000614c00000| PB 0x0000000614c00000| Untracked 
|   7|0x0000000615000000, 0x0000000615000000, 0x0000000615400000|  0%| F|  |TAMS 0x0000000615000000| PB 0x0000000615000000| Untracked 
|   8|0x0000000615400000, 0x0000000615400000, 0x0000000615800000|  0%| F|  |TAMS 0x0000000615400000| PB 0x0000000615400000| Untracked 
|   9|0x0000000615800000, 0x0000000615800000, 0x0000000615c00000|  0%| F|  |TAMS 0x0000000615800000| PB 0x0000000615800000| Untracked 
|  10|0x0000000615c00000, 0x0000000615c00000, 0x0000000616000000|  0%| F|  |TAMS 0x0000000615c00000| PB 0x0000000615c00000| Untracked 
|  11|0x0000000616000000, 0x0000000616000000, 0x0000000616400000|  0%| F|  |TAMS 0x0000000616000000| PB 0x0000000616000000| Untracked 
|  12|0x0000000616400000, 0x0000000616400000, 0x0000000616800000|  0%| F|  |TAMS 0x0000000616400000| PB 0x0000000616400000| Untracked 
|  13|0x0000000616800000, 0x0000000616800000, 0x0000000616c00000|  0%| F|  |TAMS 0x0000000616800000| PB 0x0000000616800000| Untracked 
|  14|0x0000000616c00000, 0x0000000616c00000, 0x0000000617000000|  0%| F|  |TAMS 0x0000000616c00000| PB 0x0000000616c00000| Untracked 
|  15|0x0000000617000000, 0x0000000617000000, 0x0000000617400000|  0%| F|  |TAMS 0x0000000617000000| PB 0x0000000617000000| Untracked 
|  16|0x0000000617400000, 0x0000000617400000, 0x0000000617800000|  0%| F|  |TAMS 0x0000000617400000| PB 0x0000000617400000| Untracked 
|  17|0x0000000617800000, 0x0000000617800000, 0x0000000617c00000|  0%| F|  |TAMS 0x0000000617800000| PB 0x0000000617800000| Untracked 
|  18|0x0000000617c00000, 0x0000000617c00000, 0x0000000618000000|  0%| F|  |TAMS 0x0000000617c00000| PB 0x0000000617c00000| Untracked 
|  19|0x0000000618000000, 0x0000000618000000, 0x0000000618400000|  0%| F|  |TAMS 0x0000000618000000| PB 0x0000000618000000| Untracked 
|  20|0x0000000618400000, 0x0000000618400000, 0x0000000618800000|  0%| F|  |TAMS 0x0000000618400000| PB 0x0000000618400000| Untracked 
|  21|0x0000000618800000, 0x0000000618800000, 0x0000000618c00000|  0%| F|  |TAMS 0x0000000618800000| PB 0x0000000618800000| Untracked 
|  22|0x0000000618c00000, 0x0000000618c00000, 0x0000000619000000|  0%| F|  |TAMS 0x0000000618c00000| PB 0x0000000618c00000| Untracked 
|  23|0x0000000619000000, 0x0000000619000000, 0x0000000619400000|  0%| F|  |TAMS 0x0000000619000000| PB 0x0000000619000000| Untracked 
|  24|0x0000000619400000, 0x0000000619400000, 0x0000000619800000|  0%| F|  |TAMS 0x0000000619400000| PB 0x0000000619400000| Untracked 
|  25|0x0000000619800000, 0x0000000619800000, 0x0000000619c00000|  0%| F|  |TAMS 0x0000000619800000| PB 0x0000000619800000| Untracked 
|  26|0x0000000619c00000, 0x0000000619c00000, 0x000000061a000000|  0%| F|  |TAMS 0x0000000619c00000| PB 0x0000000619c00000| Untracked 
|  27|0x000000061a000000, 0x000000061a000000, 0x000000061a400000|  0%| F|  |TAMS 0x000000061a000000| PB 0x000000061a000000| Untracked 
|  28|0x000000061a400000, 0x000000061a400000, 0x000000061a800000|  0%| F|  |TAMS 0x000000061a400000| PB 0x000000061a400000| Untracked 
|  29|0x000000061a800000, 0x000000061a800000, 0x000000061ac00000|  0%| F|  |TAMS 0x000000061a800000| PB 0x000000061a800000| Untracked 
|  30|0x000000061ac00000, 0x000000061ac00000, 0x000000061b000000|  0%| F|  |TAMS 0x000000061ac00000| PB 0x000000061ac00000| Untracked 
|  31|0x000000061b000000, 0x000000061b000000, 0x000000061b400000|  0%| F|  |TAMS 0x000000061b000000| PB 0x000000061b000000| Untracked 
|  32|0x000000061b400000, 0x000000061b400000, 0x000000061b800000|  0%| F|  |TAMS 0x000000061b400000| PB 0x000000061b400000| Untracked 
|  33|0x000000061b800000, 0x000000061b800000, 0x000000061bc00000|  0%| F|  |TAMS 0x000000061b800000| PB 0x000000061b800000| Untracked 
|  34|0x000000061bc00000, 0x000000061bc00000, 0x000000061c000000|  0%| F|  |TAMS 0x000000061bc00000| PB 0x000000061bc00000| Untracked 
|  35|0x000000061c000000, 0x000000061c000000, 0x000000061c400000|  0%| F|  |TAMS 0x000000061c000000| PB 0x000000061c000000| Untracked 
|  36|0x000000061c400000, 0x000000061c400000, 0x000000061c800000|  0%| F|  |TAMS 0x000000061c400000| PB 0x000000061c400000| Untracked 
|  37|0x000000061c800000, 0x000000061c800000, 0x000000061cc00000|  0%| F|  |TAMS 0x000000061c800000| PB 0x000000061c800000| Untracked 
|  38|0x000000061cc00000, 0x000000061cc00000, 0x000000061d000000|  0%| F|  |TAMS 0x000000061cc00000| PB 0x000000061cc00000| Untracked 
|  39|0x000000061d000000, 0x000000061d000000, 0x000000061d400000|  0%| F|  |TAMS 0x000000061d000000| PB 0x000000061d000000| Untracked 
|  40|0x000000061d400000, 0x000000061d400000, 0x000000061d800000|  0%| F|  |TAMS 0x000000061d400000| PB 0x000000061d400000| Untracked 
|  41|0x000000061d800000, 0x000000061d800000, 0x000000061dc00000|  0%| F|  |TAMS 0x000000061d800000| PB 0x000000061d800000| Untracked 
|  42|0x000000061dc00000, 0x000000061dc00000, 0x000000061e000000|  0%| F|  |TAMS 0x000000061dc00000| PB 0x000000061dc00000| Untracked 
|  43|0x000000061e000000, 0x000000061e000000, 0x000000061e400000|  0%| F|  |TAMS 0x000000061e000000| PB 0x000000061e000000| Untracked 
|  44|0x000000061e400000, 0x000000061e400000, 0x000000061e800000|  0%| F|  |TAMS 0x000000061e400000| PB 0x000000061e400000| Untracked 
|  45|0x000000061e800000, 0x000000061e800000, 0x000000061ec00000|  0%| F|  |TAMS 0x000000061e800000| PB 0x000000061e800000| Untracked 
|  46|0x000000061ec00000, 0x000000061ec00000, 0x000000061f000000|  0%| F|  |TAMS 0x000000061ec00000| PB 0x000000061ec00000| Untracked 
|  47|0x000000061f000000, 0x000000061f000000, 0x000000061f400000|  0%| F|  |TAMS 0x000000061f000000| PB 0x000000061f000000| Untracked 
|  48|0x000000061f400000, 0x000000061f400000, 0x000000061f800000|  0%| F|  |TAMS 0x000000061f400000| PB 0x000000061f400000| Untracked 
|  49|0x000000061f800000, 0x000000061f800000, 0x000000061fc00000|  0%| F|  |TAMS 0x000000061f800000| PB 0x000000061f800000| Untracked 
|  50|0x000000061fc00000, 0x000000061fc00000, 0x0000000620000000|  0%| F|  |TAMS 0x000000061fc00000| PB 0x000000061fc00000| Untracked 
|  51|0x0000000620000000, 0x0000000620000000, 0x0000000620400000|  0%| F|  |TAMS 0x0000000620000000| PB 0x0000000620000000| Untracked 
|  52|0x0000000620400000, 0x0000000620400000, 0x0000000620800000|  0%| F|  |TAMS 0x0000000620400000| PB 0x0000000620400000| Untracked 
|  53|0x0000000620800000, 0x0000000620800000, 0x0000000620c00000|  0%| F|  |TAMS 0x0000000620800000| PB 0x0000000620800000| Untracked 
|  54|0x0000000620c00000, 0x0000000620c00000, 0x0000000621000000|  0%| F|  |TAMS 0x0000000620c00000| PB 0x0000000620c00000| Untracked 
|  55|0x0000000621000000, 0x0000000621000000, 0x0000000621400000|  0%| F|  |TAMS 0x0000000621000000| PB 0x0000000621000000| Untracked 
|  56|0x0000000621400000, 0x0000000621400000, 0x0000000621800000|  0%| F|  |TAMS 0x0000000621400000| PB 0x0000000621400000| Untracked 
|  57|0x0000000621800000, 0x0000000621800000, 0x0000000621c00000|  0%| F|  |TAMS 0x0000000621800000| PB 0x0000000621800000| Untracked 
|  58|0x0000000621c00000, 0x0000000621c00000, 0x0000000622000000|  0%| F|  |TAMS 0x0000000621c00000| PB 0x0000000621c00000| Untracked 
|  59|0x0000000622000000, 0x0000000622000000, 0x0000000622400000|  0%| F|  |TAMS 0x0000000622000000| PB 0x0000000622000000| Untracked 
|  60|0x0000000622400000, 0x0000000622400000, 0x0000000622800000|  0%| F|  |TAMS 0x0000000622400000| PB 0x0000000622400000| Untracked 
|  61|0x0000000622800000, 0x0000000622800000, 0x0000000622c00000|  0%| F|  |TAMS 0x0000000622800000| PB 0x0000000622800000| Untracked 
|  62|0x0000000622c00000, 0x0000000622c00000, 0x0000000623000000|  0%| F|  |TAMS 0x0000000622c00000| PB 0x0000000622c00000| Untracked 
|  63|0x0000000623000000, 0x0000000623000000, 0x0000000623400000|  0%| F|  |TAMS 0x0000000623000000| PB 0x0000000623000000| Untracked 
|  64|0x0000000623400000, 0x0000000623400000, 0x0000000623800000|  0%| F|  |TAMS 0x0000000623400000| PB 0x0000000623400000| Untracked 
|  65|0x0000000623800000, 0x0000000623800000, 0x0000000623c00000|  0%| F|  |TAMS 0x0000000623800000| PB 0x0000000623800000| Untracked 
|  66|0x0000000623c00000, 0x0000000623c00000, 0x0000000624000000|  0%| F|  |TAMS 0x0000000623c00000| PB 0x0000000623c00000| Untracked 
|  67|0x0000000624000000, 0x0000000624000000, 0x0000000624400000|  0%| F|  |TAMS 0x0000000624000000| PB 0x0000000624000000| Untracked 
|  68|0x0000000624400000, 0x0000000624400000, 0x0000000624800000|  0%| F|  |TAMS 0x0000000624400000| PB 0x0000000624400000| Untracked 
|  69|0x0000000624800000, 0x0000000624800000, 0x0000000624c00000|  0%| F|  |TAMS 0x0000000624800000| PB 0x0000000624800000| Untracked 
|  70|0x0000000624c00000, 0x0000000624c00000, 0x0000000625000000|  0%| F|  |TAMS 0x0000000624c00000| PB 0x0000000624c00000| Untracked 
|  71|0x0000000625000000, 0x0000000625000000, 0x0000000625400000|  0%| F|  |TAMS 0x0000000625000000| PB 0x0000000625000000| Untracked 
|  72|0x0000000625400000, 0x0000000625400000, 0x0000000625800000|  0%| F|  |TAMS 0x0000000625400000| PB 0x0000000625400000| Untracked 
|  73|0x0000000625800000, 0x0000000625800000, 0x0000000625c00000|  0%| F|  |TAMS 0x0000000625800000| PB 0x0000000625800000| Untracked 
|  74|0x0000000625c00000, 0x0000000625c00000, 0x0000000626000000|  0%| F|  |TAMS 0x0000000625c00000| PB 0x0000000625c00000| Untracked 
|  75|0x0000000626000000, 0x0000000626000000, 0x0000000626400000|  0%| F|  |TAMS 0x0000000626000000| PB 0x0000000626000000| Untracked 
|  76|0x0000000626400000, 0x0000000626400000, 0x0000000626800000|  0%| F|  |TAMS 0x0000000626400000| PB 0x0000000626400000| Untracked 
|  77|0x0000000626800000, 0x0000000626800000, 0x0000000626c00000|  0%| F|  |TAMS 0x0000000626800000| PB 0x0000000626800000| Untracked 
|  78|0x0000000626c00000, 0x0000000626c00000, 0x0000000627000000|  0%| F|  |TAMS 0x0000000626c00000| PB 0x0000000626c00000| Untracked 
|  79|0x0000000627000000, 0x0000000627000000, 0x0000000627400000|  0%| F|  |TAMS 0x0000000627000000| PB 0x0000000627000000| Untracked 
|  80|0x0000000627400000, 0x0000000627400000, 0x0000000627800000|  0%| F|  |TAMS 0x0000000627400000| PB 0x0000000627400000| Untracked 
|  81|0x0000000627800000, 0x0000000627800000, 0x0000000627c00000|  0%| F|  |TAMS 0x0000000627800000| PB 0x0000000627800000| Untracked 
|  82|0x0000000627c00000, 0x0000000627c00000, 0x0000000628000000|  0%| F|  |TAMS 0x0000000627c00000| PB 0x0000000627c00000| Untracked 
|  83|0x0000000628000000, 0x0000000628000000, 0x0000000628400000|  0%| F|  |TAMS 0x0000000628000000| PB 0x0000000628000000| Untracked 
|  84|0x0000000628400000, 0x0000000628400000, 0x0000000628800000|  0%| F|  |TAMS 0x0000000628400000| PB 0x0000000628400000| Untracked 
|  85|0x0000000628800000, 0x0000000628800000, 0x0000000628c00000|  0%| F|  |TAMS 0x0000000628800000| PB 0x0000000628800000| Untracked 
|  86|0x0000000628c00000, 0x0000000628c00000, 0x0000000629000000|  0%| F|  |TAMS 0x0000000628c00000| PB 0x0000000628c00000| Untracked 
|  87|0x0000000629000000, 0x0000000629000000, 0x0000000629400000|  0%| F|  |TAMS 0x0000000629000000| PB 0x0000000629000000| Untracked 
|  88|0x0000000629400000, 0x0000000629400000, 0x0000000629800000|  0%| F|  |TAMS 0x0000000629400000| PB 0x0000000629400000| Untracked 
|  89|0x0000000629800000, 0x0000000629800000, 0x0000000629c00000|  0%| F|  |TAMS 0x0000000629800000| PB 0x0000000629800000| Untracked 
|  90|0x0000000629c00000, 0x0000000629c00000, 0x000000062a000000|  0%| F|  |TAMS 0x0000000629c00000| PB 0x0000000629c00000| Untracked 
|  91|0x000000062a000000, 0x000000062a000000, 0x000000062a400000|  0%| F|  |TAMS 0x000000062a000000| PB 0x000000062a000000| Untracked 
|  92|0x000000062a400000, 0x000000062a400000, 0x000000062a800000|  0%| F|  |TAMS 0x000000062a400000| PB 0x000000062a400000| Untracked 
|  93|0x000000062a800000, 0x000000062a800000, 0x000000062ac00000|  0%| F|  |TAMS 0x000000062a800000| PB 0x000000062a800000| Untracked 
|  94|0x000000062ac00000, 0x000000062ac00000, 0x000000062b000000|  0%| F|  |TAMS 0x000000062ac00000| PB 0x000000062ac00000| Untracked 
|  95|0x000000062b000000, 0x000000062b000000, 0x000000062b400000|  0%| F|  |TAMS 0x000000062b000000| PB 0x000000062b000000| Untracked 
|  96|0x000000062b400000, 0x000000062b400000, 0x000000062b800000|  0%| F|  |TAMS 0x000000062b400000| PB 0x000000062b400000| Untracked 
|  97|0x000000062b800000, 0x000000062b800000, 0x000000062bc00000|  0%| F|  |TAMS 0x000000062b800000| PB 0x000000062b800000| Untracked 
|  98|0x000000062bc00000, 0x000000062bc00000, 0x000000062c000000|  0%| F|  |TAMS 0x000000062bc00000| PB 0x000000062bc00000| Untracked 
|  99|0x000000062c000000, 0x000000062c000000, 0x000000062c400000|  0%| F|  |TAMS 0x000000062c000000| PB 0x000000062c000000| Untracked 
| 100|0x000000062c400000, 0x000000062c400000, 0x000000062c800000|  0%| F|  |TAMS 0x000000062c400000| PB 0x000000062c400000| Untracked 
| 101|0x000000062c800000, 0x000000062c800000, 0x000000062cc00000|  0%| F|  |TAMS 0x000000062c800000| PB 0x000000062c800000| Untracked 
| 102|0x000000062cc00000, 0x000000062cc00000, 0x000000062d000000|  0%| F|  |TAMS 0x000000062cc00000| PB 0x000000062cc00000| Untracked 
| 103|0x000000062d000000, 0x000000062d000000, 0x000000062d400000|  0%| F|  |TAMS 0x000000062d000000| PB 0x000000062d000000| Untracked 
| 104|0x000000062d400000, 0x000000062d400000, 0x000000062d800000|  0%| F|  |TAMS 0x000000062d400000| PB 0x000000062d400000| Untracked 
| 105|0x000000062d800000, 0x000000062d800000, 0x000000062dc00000|  0%| F|  |TAMS 0x000000062d800000| PB 0x000000062d800000| Untracked 
| 106|0x000000062dc00000, 0x000000062dc00000, 0x000000062e000000|  0%| F|  |TAMS 0x000000062dc00000| PB 0x000000062dc00000| Untracked 
| 107|0x000000062e000000, 0x000000062e000000, 0x000000062e400000|  0%| F|  |TAMS 0x000000062e000000| PB 0x000000062e000000| Untracked 
| 108|0x000000062e400000, 0x000000062e400000, 0x000000062e800000|  0%| F|  |TAMS 0x000000062e400000| PB 0x000000062e400000| Untracked 
| 109|0x000000062e800000, 0x000000062e800000, 0x000000062ec00000|  0%| F|  |TAMS 0x000000062e800000| PB 0x000000062e800000| Untracked 
| 110|0x000000062ec00000, 0x000000062ec00000, 0x000000062f000000|  0%| F|  |TAMS 0x000000062ec00000| PB 0x000000062ec00000| Untracked 
| 111|0x000000062f000000, 0x000000062f1ec068, 0x000000062f400000| 48%| E|  |TAMS 0x000000062f000000| PB 0x000000062f000000| Complete 
| 112|0x000000062f400000, 0x000000062f800000, 0x000000062f800000|100%| E|CS|TAMS 0x000000062f400000| PB 0x000000062f400000| Complete 
| 113|0x000000062f800000, 0x000000062fc00000, 0x000000062fc00000|100%| E|CS|TAMS 0x000000062f800000| PB 0x000000062f800000| Complete 
| 114|0x000000062fc00000, 0x0000000630000000, 0x0000000630000000|100%| E|CS|TAMS 0x000000062fc00000| PB 0x000000062fc00000| Complete 
| 115|0x0000000630000000, 0x0000000630291a80, 0x0000000630400000| 64%| S|CS|TAMS 0x0000000630000000| PB 0x0000000630000000| Complete 
| 116|0x0000000630400000, 0x0000000630800000, 0x0000000630800000|100%| E|CS|TAMS 0x0000000630400000| PB 0x0000000630400000| Complete 
| 117|0x0000000630800000, 0x0000000630c00000, 0x0000000630c00000|100%| E|CS|TAMS 0x0000000630800000| PB 0x0000000630800000| Complete 
| 118|0x0000000630c00000, 0x0000000631000000, 0x0000000631000000|100%| E|CS|TAMS 0x0000000630c00000| PB 0x0000000630c00000| Complete 
| 119|0x0000000631000000, 0x0000000631400000, 0x0000000631400000|100%| E|CS|TAMS 0x0000000631000000| PB 0x0000000631000000| Complete 
| 120|0x0000000631400000, 0x0000000631800000, 0x0000000631800000|100%| E|CS|TAMS 0x0000000631400000| PB 0x0000000631400000| Complete 
| 121|0x0000000631800000, 0x0000000631c00000, 0x0000000631c00000|100%| E|CS|TAMS 0x0000000631800000| PB 0x0000000631800000| Complete 
| 122|0x0000000631c00000, 0x0000000632000000, 0x0000000632000000|100%| E|CS|TAMS 0x0000000631c00000| PB 0x0000000631c00000| Complete 
| 123|0x0000000632000000, 0x0000000632400000, 0x0000000632400000|100%| E|CS|TAMS 0x0000000632000000| PB 0x0000000632000000| Complete 
|1970|0x00000007ffc00000, 0x00000007ffd0d838, 0x0000000800000000| 26%| O|  |TAMS 0x00000007ffc00000| PB 0x00000007ffc00000| Untracked 

Card table byte_map: [0x00007f3ceec49000,0x00007f3cefbaf000] _byte_map_base: 0x00007f3cebbaf000

Marking Bits: (CMBitMap*) 0x00007f3d08053350
 Bits: [0x00007f3ce7119000, 0x00007f3ceec49000)

Polling page: 0x00007f3d0f276000

Metaspace:

Usage:
  Non-class:     15.60 MB used.
      Class:      1.99 MB used.
       Both:     17.59 MB used.

Virtual space:
  Non-class space:       64.00 MB reserved,      15.75 MB ( 25%) committed,  1 nodes.
      Class space:        1.00 GB reserved,       2.12 MB ( <1%) committed,  1 nodes.
             Both:        1.06 GB reserved,      17.88 MB (  2%) committed. 

Chunk freelists:
   Non-Class:  15.56 MB
       Class:  13.92 MB
        Both:  29.48 MB

MaxMetaspaceSize: unlimited
CompressedClassSpaceSize: 1.00 GB
Initial GC threshold: 21.00 MB
Current GC threshold: 21.00 MB
CDS: on
 - commit_granule_bytes: 65536.
 - commit_granule_words: 8192.
 - virtual_space_node_default_size: 8388608.
 - enlarge_chunks_in_place: 1.
 - use_allocation_guard: 0.


Internal statistics:

num_allocs_failed_limit: 0.
num_arena_births: 238.
num_arena_deaths: 0.
num_vsnodes_births: 2.
num_vsnodes_deaths: 0.
num_space_committed: 287.
num_space_uncommitted: 0.
num_chunks_returned_to_freelist: 0.
num_chunks_taken_from_freelist: 811.
num_chunk_merges: 0.
num_chunk_splits: 625.
num_chunks_enlarged: 516.
num_inconsistent_stats: 0.

CodeHeap 'non-profiled nmethods': size=120028Kb used=1370Kb max_used=1370Kb free=118657Kb
 bounds [0x00007f3cf85de000, 0x00007f3cf884e000, 0x00007f3cffb15000]
CodeHeap 'profiled nmethods': size=120028Kb used=5448Kb max_used=5448Kb free=114579Kb
 bounds [0x00007f3cf0b15000, 0x00007f3cf1075000, 0x00007f3cf804c000]
CodeHeap 'non-nmethods': size=5704Kb used=1385Kb max_used=1421Kb free=4318Kb
 bounds [0x00007f3cf804c000, 0x00007f3cf82bc000, 0x00007f3cf85de000]
 total_blobs=3477 nmethods=2983 adapters=399
 compilation: enabled
              stopped_count=0, restarted_count=0
 full_count=0

Compilation events (20 events):
Event: 2.003 Thread 0x00007f3d08135f50 2912       3       java.net.URI$Parser::scan (76 bytes)
Event: 2.003 Thread 0x00007f3d08135f50 nmethod 2912 0x00007f3cf1045690 code [0x00007f3cf10458c0, 0x00007f3cf1046148]
Event: 2.003 Thread 0x00007f3c6840a470 nmethod 2911 0x00007f3cf872b010 code [0x00007f3cf872b180, 0x00007f3cf872b298]
Event: 2.004 Thread 0x00007f3c6840a470 2913       4       sun.nio.fs.UnixPath::checkNotNul (16 bytes)
Event: 2.005 Thread 0x00007f3c6840a470 nmethod 2913 0x00007f3cf872b390 code [0x00007f3cf872b500, 0x00007f3cf872b588]
Event: 2.005 Thread 0x00007f3d08135f50 2915       3       java.util.TreeMap::successor (66 bytes)
Event: 2.005 Thread 0x00007f3d081348a0 nmethod 2877% 0x00007f3cf872b690 code [0x00007f3cf872b9a0, 0x00007f3cf872c9b0]
Event: 2.005 Thread 0x00007f3d08135f50 nmethod 2915 0x00007f3cf1046510 code [0x00007f3cf10466c0, 0x00007f3cf1046a20]
Event: 2.005 Thread 0x00007f3d08135f50 2914       3       java.util.TreeMap$PrivateEntryIterator::nextEntry (54 bytes)
Event: 2.006 Thread 0x00007f3d08135f50 nmethod 2914 0x00007f3cf1046b90 code [0x00007f3cf1046d60, 0x00007f3cf10471b0]
Event: 2.006 Thread 0x00007f3d08135f50 2916       3       java.util.TreeMap$KeyIterator::next (8 bytes)
Event: 2.006 Thread 0x00007f3d08135f50 nmethod 2916 0x00007f3cf1047310 code [0x00007f3cf10474a0, 0x00007f3cf10475e0]
Event: 2.006 Thread 0x00007f3d08135f50 2917       3       org.codehaus.plexus.classworlds.realm.Entry::matches (282 bytes)
Event: 2.008 Thread 0x00007f3c6840a470 2920       4       java.lang.reflect.Method::isBridge (16 bytes)
Event: 2.009 Thread 0x00007f3c6840a470 nmethod 2920 0x00007f3cf872d790 code [0x00007f3cf872d900, 0x00007f3cf872d998]
Event: 2.009 Thread 0x00007f3d08135f50 nmethod 2917 0x00007f3cf1047690 code [0x00007f3cf1047d20, 0x00007f3cf104b308]
Event: 2.009 Thread 0x00007f3d08135f50 2918       3       com.google.inject.internal.util.SourceProvider::shouldBeSkipped (35 bytes)
Event: 2.010 Thread 0x00007f3d08135f50 nmethod 2918 0x00007f3cf104c590 code [0x00007f3cf104c760, 0x00007f3cf104cc60]
Event: 2.010 Thread 0x00007f3d08135f50 2919       1       java.lang.StackTraceElement::getClassName (5 bytes)
Event: 2.010 Thread 0x00007f3d08135f50 nmethod 2919 0x00007f3cf872da90 code [0x00007f3cf872dc20, 0x00007f3cf872dce8]

GC Heap History (4 events):
Event: 0.691 GC heap before
{Heap before GC invocations=0 (full 0):
 garbage-first heap   total 512000K, used 25654K [0x0000000613400000, 0x0000000800000000)
  region size 4096K, 6 young (24576K), 0 survivors (0K)
 Metaspace       used 5282K, committed 5440K, reserved 1114112K
  class space    used 615K, committed 704K, reserved 1048576K
}
Event: 0.697 GC heap after
{Heap after GC invocations=1 (full 0):
 garbage-first heap   total 512000K, used 4247K [0x0000000613400000, 0x0000000800000000)
  region size 4096K, 1 young (4096K), 1 survivors (4096K)
 Metaspace       used 5282K, committed 5440K, reserved 1114112K
  class space    used 615K, committed 704K, reserved 1048576K
}
Event: 1.314 GC heap before
{Heap before GC invocations=1 (full 0):
 garbage-first heap   total 512000K, used 32919K [0x0000000613400000, 0x0000000800000000)
  region size 4096K, 8 young (32768K), 1 survivors (4096K)
 Metaspace       used 10691K, committed 11008K, reserved 1114112K
  class space    used 1302K, committed 1472K, reserved 1048576K
}
Event: 1.319 GC heap after
{Heap after GC invocations=2 (full 0):
 garbage-first heap   total 512000K, used 6620K [0x0000000613400000, 0x0000000800000000)
  region size 4096K, 1 young (4096K), 1 survivors (4096K)
 Metaspace       used 10691K, committed 11008K, reserved 1114112K
  class space    used 1302K, committed 1472K, reserved 1048576K
}

Dll operation events (7 events):
Event: 0.003 Loaded shared library /usr/lib/jvm/jdk-21.0.5-oracle-x64/lib/libjava.so
Event: 0.024 Loaded shared library /usr/lib/jvm/jdk-21.0.5-oracle-x64/lib/libjsvml.so
Event: 0.028 Loaded shared library /usr/lib/jvm/jdk-21.0.5-oracle-x64/lib/libnio.so
Event: 0.030 Loaded shared library /usr/lib/jvm/jdk-21.0.5-oracle-x64/lib/libzip.so
Event: 0.104 Loaded shared library /usr/lib/jvm/jdk-21.0.5-oracle-x64/lib/libverify.so
Event: 0.115 Loaded shared library /usr/lib/jvm/jdk-21.0.5-oracle-x64/lib/libjimage.so
Event: 1.524 Loaded shared library /usr/lib/jvm/jdk-21.0.5-oracle-x64/lib/libnet.so

Deoptimization events (20 events):
Event: 1.783 Thread 0x00007f3d08935db0 Uncommon trap: reason=bimorphic_or_optimized_type_check action=maybe_recompile pc=0x00007f3cf86cb718 method=java.util.regex.Pattern$Start.match(Ljava/util/regex/Matcher;ILjava/lang/CharSequence;)Z @ 44 c2
Event: 1.783 Thread 0x00007f3d08935db0 DEOPT PACKING pc=0x00007f3cf86cb718 sp=0x00007f3c8e5f3360
Event: 1.783 Thread 0x00007f3d08935db0 DEOPT UNPACKING pc=0x00007f3cf809ff99 sp=0x00007f3c8e5f32d0 mode 2
Event: 1.783 Thread 0x00007f3d08935db0 Uncommon trap: trap_request=0xffffff6e fr.pc=0x00007f3cf86cb584 relative=0x0000000000000b84
Event: 1.783 Thread 0x00007f3d08935db0 Uncommon trap: reason=loop_limit_check action=maybe_recompile pc=0x00007f3cf86cb584 method=java.util.regex.Pattern$Start.match(Ljava/util/regex/Matcher;ILjava/lang/CharSequence;)Z @ 34 c2
Event: 1.783 Thread 0x00007f3d08935db0 DEOPT PACKING pc=0x00007f3cf86cb584 sp=0x00007f3c8e5f3360
Event: 1.783 Thread 0x00007f3d08935db0 DEOPT UNPACKING pc=0x00007f3cf809ff99 sp=0x00007f3c8e5f32e0 mode 2
Event: 1.838 Thread 0x00007f3d08935db0 Uncommon trap: trap_request=0xffffff45 fr.pc=0x00007f3cf868cb48 relative=0x0000000000000048
Event: 1.838 Thread 0x00007f3d08935db0 Uncommon trap: reason=unstable_if action=reinterpret pc=0x00007f3cf868cb48 method=java.lang.reflect.Modifier.isSynthetic(I)Z @ 5 c2
Event: 1.838 Thread 0x00007f3d08935db0 DEOPT PACKING pc=0x00007f3cf868cb48 sp=0x00007f3c8e5f32f0
Event: 1.838 Thread 0x00007f3d08935db0 DEOPT UNPACKING pc=0x00007f3cf809ff99 sp=0x00007f3c8e5f32a0 mode 2
Event: 1.982 Thread 0x00007f3d08935db0 Uncommon trap: trap_request=0xffffff45 fr.pc=0x00007f3cf86d2178 relative=0x0000000000000df8
Event: 1.982 Thread 0x00007f3d08935db0 Uncommon trap: reason=unstable_if action=reinterpret pc=0x00007f3cf86d2178 method=org.codehaus.plexus.util.xml.pull.MXParser.nextImpl()I @ 972 c2
Event: 1.982 Thread 0x00007f3d08935db0 DEOPT PACKING pc=0x00007f3cf86d2178 sp=0x00007f3c8e5f2d00
Event: 1.982 Thread 0x00007f3d08935db0 DEOPT UNPACKING pc=0x00007f3cf809ff99 sp=0x00007f3c8e5f2c70 mode 2
Event: 1.990 Thread 0x00007f3d08935db0 DEOPT PACKING pc=0x00007f3cf0f4a936 sp=0x00007f3c8e5f3040
Event: 1.990 Thread 0x00007f3d08935db0 DEOPT UNPACKING pc=0x00007f3cf80a072f sp=0x00007f3c8e5f2588 mode 0
Event: 2.010 Thread 0x00007f3d08935db0 Uncommon trap: trap_request=0xffffffcc fr.pc=0x00007f3cf870fcb4 relative=0x00000000000001f4
Event: 2.010 Thread 0x00007f3d08935db0 Uncommon trap: reason=intrinsic_or_type_checked_inlining action=make_not_entrant pc=0x00007f3cf870fcb4 method=java.util.Arrays.copyOf([Ljava/lang/Object;ILjava/lang/Class;)[Ljava/lang/Object; @ 35 c2
Event: 2.010 Thread 0x00007f3d08935db0 DEOPT PACKING pc=0x00007f3cf870fcb4 sp=0x00007f3c8e5f3560

Classes loaded (20 events):
Event: 1.775 Loading class java/util/concurrent/atomic/AtomicBoolean
Event: 1.775 Loading class java/util/concurrent/atomic/AtomicBoolean done
Event: 1.794 Loading class java/lang/invoke/DirectMethodHandle$Special
Event: 1.794 Loading class java/lang/invoke/DirectMethodHandle$Special done
Event: 1.796 Loading class java/util/OptionalLong
Event: 1.796 Loading class java/util/OptionalLong done
Event: 1.796 Loading class java/util/OptionalDouble
Event: 1.796 Loading class java/util/OptionalDouble done
Event: 1.806 Loading class java/util/stream/LongStream
Event: 1.806 Loading class java/util/stream/LongStream done
Event: 1.806 Loading class java/util/stream/DoubleStream
Event: 1.807 Loading class java/util/stream/DoubleStream done
Event: 1.827 Loading class org/w3c/dom/Node
Event: 1.827 Loading class org/w3c/dom/Node done
Event: 1.827 Loading class org/w3c/dom/Document
Event: 1.827 Loading class org/w3c/dom/Document done
Event: 1.828 Loading class java/net/InetSocketAddress
Event: 1.828 Loading class java/net/SocketAddress
Event: 1.828 Loading class java/net/SocketAddress done
Event: 1.828 Loading class java/net/InetSocketAddress done

Classes unloaded (0 events):
No events

Classes redefined (0 events):
No events

Internal exceptions (20 events):
Event: 0.099 Thread 0x00007f3d08028ce0 Exception <a 'java/lang/NoClassDefFoundError'{0x0000000631c4f948}: org/fusesource/jansi/internal/CLibrary> (0x0000000631c4f948) 
thrown [open/src/hotspot/share/oops/constantPool.cpp, line 873]
Event: 0.356 Thread 0x00007f3d08028ce0 Exception <a 'java/lang/NoSuchMethodError'{0x0000000631521580}: 'java.lang.Object java.lang.invoke.DirectMethodHandle$Holder.newInvokeSpecial(java.lang.Object, java.lang.Object, java.lang.Object, java.lang.Object, java.lang.Object)'> (0x0000000631521580) 
thrown [open/src/hotspot/share/interpreter/linkResolver.cpp, line 772]
Event: 1.164 Thread 0x00007f3d08028ce0 Exception <a 'java/lang/NoSuchMethodError'{0x0000000630ecc978}: 'void java.lang.invoke.DirectMethodHandle$Holder.invokeSpecial(java.lang.Object, java.lang.Object, java.lang.Object)'> (0x0000000630ecc978) 
thrown [open/src/hotspot/share/interpreter/linkResolver.cpp, line 772]
Event: 1.168 Thread 0x00007f3d08028ce0 Exception <a 'java/lang/NoSuchMethodError'{0x0000000630ef60c8}: 'void java.lang.invoke.Invokers$Holder.invokeExact_MT(java.lang.Object, java.lang.Object, java.lang.Object, java.lang.Object)'> (0x0000000630ef60c8) 
thrown [open/src/hotspot/share/interpreter/linkResolver.cpp, line 772]
Event: 1.182 Thread 0x00007f3d08028ce0 Exception <a 'java/lang/NoClassDefFoundError'{0x0000000630f75a00}: com/google/inject/servlet/ServletModuleTargetVisitor> (0x0000000630f75a00) 
thrown [open/src/hotspot/share/classfile/systemDictionary.cpp, line 301]
Event: 1.212 Thread 0x00007f3d08028ce0 Exception <a 'java/lang/NoSuchMethodError'{0x000000063044bd58}: 'java.lang.Object java.lang.invoke.DirectMethodHandle$Holder.invokeStatic(java.lang.Object, java.lang.Object, int)'> (0x000000063044bd58) 
thrown [open/src/hotspot/share/interpreter/linkResolver.cpp, line 772]
Event: 1.212 Thread 0x00007f3d08028ce0 Exception <a 'java/lang/NoSuchMethodError'{0x0000000630450c30}: 'void java.lang.invoke.DirectMethodHandle$Holder.invokeStatic(java.lang.Object, java.lang.Object, int, java.lang.Object)'> (0x0000000630450c30) 
thrown [open/src/hotspot/share/interpreter/linkResolver.cpp, line 772]
Event: 1.213 Thread 0x00007f3d08028ce0 Exception <a 'java/lang/NoSuchMethodError'{0x0000000630458670}: 'void java.lang.invoke.DelegatingMethodHandle$Holder.delegate(java.lang.Object, java.lang.Object, int, java.lang.Object)'> (0x0000000630458670) 
thrown [open/src/hotspot/share/interpreter/linkResolver.cpp, line 772]
Event: 1.214 Thread 0x00007f3d08028ce0 Exception <a 'java/lang/NoSuchMethodError'{0x000000063045cec0}: 'int java.lang.invoke.DirectMethodHandle$Holder.invokeSpecial(java.lang.Object, java.lang.Object, java.lang.Object)'> (0x000000063045cec0) 
thrown [open/src/hotspot/share/interpreter/linkResolver.cpp, line 772]
Event: 1.243 Thread 0x00007f3d08028ce0 Exception <a 'java/lang/NoSuchMethodError'{0x00000006305a6778}: 'java.lang.Object java.lang.invoke.DirectMethodHandle$Holder.newInvokeSpecial(java.lang.Object, java.lang.Object, java.lang.Object, java.lang.Object, java.lang.Object, java.lang.Object, java.lang.Object)'> (0x00000006305a6778) 
thrown [open/src/hotspot/share/interpreter/linkResolver.cpp, line 772]
Event: 1.249 Thread 0x00007f3d08028ce0 Exception <a 'java/lang/NoSuchMethodError'{0x00000006305df3f8}: 'java.lang.Object java.lang.invoke.DirectMethodHandle$Holder.newInvokeSpecial(java.lang.Object, java.lang.Object, java.lang.Object, java.lang.Object, java.lang.Object, java.lang.Object, java.lang.Object, java.lang.Object, java.lang.Object)'> (0x00000006305df3f8) 
thrown [open/src/hotspot/share/interpreter/linkResolver.cpp, line 772]
Event: 1.267 Thread 0x00007f3d08028ce0 Exception <a 'java/lang/NoSuchMethodError'{0x0000000630687538}: 'java.lang.Object java.lang.invoke.DirectMethodHandle$Holder.newInvokeSpecial(java.lang.Object, java.lang.Object, java.lang.Object, java.lang.Object, java.lang.Object, java.lang.Object, java.lang.Object, java.lang.Object, java.lang.Object, java.lang.Object, java.lang.Object, java.lang.Object)'> (0x0000000630687538) 
thrown [open/src/hotspot/share/interpreter/linkResolver.cpp, line 772]
Event: 1.272 Thread 0x00007f3d08028ce0 Exception <a 'java/lang/NoSuchMethodError'{0x00000006306cc4c0}: 'java.lang.Object java.lang.invoke.DirectMethodHandle$Holder.invokeStatic(java.lang.Object, java.lang.Object, java.lang.Object, java.lang.Object, java.lang.Object, java.lang.Object, java.lang.Object, java.lang.Object, java.lang.Object, java.lang.Object, java.lang.Object, java.lang.Object, java.lang.Object)'> (0x00000006306cc4c0) 
thrown [open/src/hotspot/share/interpreter/linkResolver.cpp, line 772]
Event: 1.274 Thread 0x00007f3d08028ce0 Exception <a 'java/lang/NoSuchMethodError'{0x00000006306eb048}: 'java.lang.Object java.lang.invoke.DirectMethodHandle$Holder.invokeStatic(java.lang.Object, java.lang.Object, java.lang.Object, java.lang.Object, java.lang.Object, java.lang.Object, java.lang.Object, java.lang.Object, java.lang.Object, java.lang.Object, java.lang.Object, java.lang.Object, java.lang.Object, java.lang.Object)'> (0x00000006306eb048) 
thrown [open/src/hotspot/share/interpreter/linkResolver.cpp, line 772]
Event: 1.276 Thread 0x00007f3d08028ce0 Exception <a 'java/lang/NoSuchMethodError'{0x000000063070bfd8}: 'java.lang.Object java.lang.invoke.DirectMethodHandle$Holder.invokeStatic(java.lang.Object, java.lang.Object, java.lang.Object, java.lang.Object, java.lang.Object, java.lang.Object, java.lang.Object, java.lang.Object, java.lang.Object, java.lang.Object, java.lang.Object, java.lang.Object, java.lang.Object, java.lang.Object, java.lang.Object)'> (0x000000063070bfd8) 
thrown [open/src/hotspot/share/interpreter/linkResolver.cpp, line 772]
Event: 1.466 Thread 0x00007f3d08028ce0 Exception <a 'java/lang/NoSuchMethodError'{0x0000000631e14400}: 'void java.lang.invoke.DirectMethodHandle$Holder.invokeVirtual(java.lang.Object, java.lang.Object, int)'> (0x0000000631e14400) 
thrown [open/src/hotspot/share/interpreter/linkResolver.cpp, line 772]
Event: 1.466 Thread 0x00007f3d08028ce0 Exception <a 'java/lang/NoSuchMethodError'{0x0000000631e18538}: 'int java.lang.invoke.DirectMethodHandle$Holder.invokeSpecial(java.lang.Object, java.lang.Object, java.lang.Object, int)'> (0x0000000631e18538) 
thrown [open/src/hotspot/share/interpreter/linkResolver.cpp, line 772]
Event: 1.468 Thread 0x00007f3d08028ce0 Exception <a 'java/lang/NoSuchMethodError'{0x0000000631e28aa8}: 'java.lang.Object java.lang.invoke.DirectMethodHandle$Holder.invokeStatic(java.lang.Object, java.lang.Object, java.lang.Object, java.lang.Object, int)'> (0x0000000631e28aa8) 
thrown [open/src/hotspot/share/interpreter/linkResolver.cpp, line 772]
Event: 1.469 Thread 0x00007f3d08028ce0 Exception <a 'java/lang/NoSuchMethodError'{0x0000000631e33ff8}: 'void java.lang.invoke.DelegatingMethodHandle$Holder.reinvoke_L(java.lang.Object, java.lang.Object, int)'> (0x0000000631e33ff8) 
thrown [open/src/hotspot/share/interpreter/linkResolver.cpp, line 772]
Event: 1.794 Thread 0x00007f3d08935db0 Exception <a 'java/lang/NoSuchMethodError'{0x00000006304326b8}: 'void java.lang.invoke.DirectMethodHandle$Holder.invokeSpecial(java.lang.Object, java.lang.Object, java.lang.Object, java.lang.Object, java.lang.Object)'> (0x00000006304326b8) 
thrown [open/src/hotspot/share/interpreter/linkResolver.cpp, line 772]

ZGC Phase Switch (0 events):
No events

VM Operations (20 events):
Event: 1.284 Executing VM operation: HandshakeAllThreads (Deoptimize)
Event: 1.284 Executing VM operation: HandshakeAllThreads (Deoptimize) done
Event: 1.314 Executing VM operation: G1CollectForAllocation (G1 Evacuation Pause)
Event: 1.319 Executing VM operation: G1CollectForAllocation (G1 Evacuation Pause) done
Event: 1.325 Executing VM operation: HandshakeAllThreads (Deoptimize)
Event: 1.325 Executing VM operation: HandshakeAllThreads (Deoptimize) done
Event: 1.360 Executing VM operation: HandshakeAllThreads (Deoptimize)
Event: 1.360 Executing VM operation: HandshakeAllThreads (Deoptimize) done
Event: 1.418 Executing VM operation: HandshakeAllThreads (Deoptimize)
Event: 1.418 Executing VM operation: HandshakeAllThreads (Deoptimize) done
Event: 1.504 Executing VM operation: HandshakeAllThreads (Deoptimize)
Event: 1.504 Executing VM operation: HandshakeAllThreads (Deoptimize) done
Event: 1.506 Executing VM operation: HandshakeAllThreads (Deoptimize)
Event: 1.506 Executing VM operation: HandshakeAllThreads (Deoptimize) done
Event: 1.506 Executing VM operation: HandshakeAllThreads (Deoptimize)
Event: 1.506 Executing VM operation: HandshakeAllThreads (Deoptimize) done
Event: 1.810 Executing VM operation: HandshakeAllThreads (Deoptimize)
Event: 1.810 Executing VM operation: HandshakeAllThreads (Deoptimize) done
Event: 1.858 Executing VM operation: ICBufferFull
Event: 1.858 Executing VM operation: ICBufferFull done

Events (20 events):
Event: 0.022 Protecting memory [0x00007f3ce4522000,0x00007f3ce4526000] with protection modes 0
Event: 0.022 Thread 0x00007f3d08132d70 Thread added: 0x00007f3d08132d70
Event: 0.022 Protecting memory [0x00007f3ce4421000,0x00007f3ce4425000] with protection modes 0
Event: 0.022 Thread 0x00007f3d081348a0 Thread added: 0x00007f3d081348a0
Event: 0.023 Protecting memory [0x00007f3ce4320000,0x00007f3ce4324000] with protection modes 0
Event: 0.023 Thread 0x00007f3d08135f50 Thread added: 0x00007f3d08135f50
Event: 0.023 Protecting memory [0x00007f3ce421f000,0x00007f3ce4223000] with protection modes 0
Event: 0.025 Thread 0x00007f3d08141db0 Thread added: 0x00007f3d08141db0
Event: 0.025 Protecting memory [0x00007f3ce404e000,0x00007f3ce4052000] with protection modes 0
Event: 0.027 Thread 0x00007f3d08145190 Thread added: 0x00007f3d08145190
Event: 0.027 Protecting memory [0x00007f3c8eeff000,0x00007f3c8ef03000] with protection modes 0
Event: 0.418 Thread 0x00007f3c682becd0 Thread added: 0x00007f3c682becd0
Event: 0.418 Protecting memory [0x00007f3c8edfe000,0x00007f3c8ee02000] with protection modes 0
Event: 0.419 Thread 0x00007f3c682c00e0 Thread added: 0x00007f3c682c00e0
Event: 0.419 Protecting memory [0x00007f3c8ecfd000,0x00007f3c8ed01000] with protection modes 0
Event: 0.659 Thread 0x00007f3c682c00e0 Thread exited: 0x00007f3c682c00e0
Event: 1.283 Thread 0x00007f3c6840a470 Thread added: 0x00007f3c6840a470
Event: 1.283 Protecting memory [0x00007f3c8e5f6000,0x00007f3c8e5fa000] with protection modes 0
Event: 1.506 Thread 0x00007f3d08935db0 Thread added: 0x00007f3d08935db0
Event: 1.506 Protecting memory [0x00007f3c8e4f5000,0x00007f3c8e4f9000] with protection modes 0


Dynamic libraries:
613400000-632400000 rw-p 00000000 00:00 0 
632400000-7ffc00000 ---p 00000000 00:00 0 
7ffc00000-7ffd0e000 rw-p 00ceb000 08:02 21107010                         /usr/lib/jvm/jdk-21.0.5-oracle-x64/lib/server/classes.jsa
7ffd0e000-800000000 rw-p 00000000 00:00 0 
56481b044000-56481b045000 r-xp 00000000 08:02 21104557                   /usr/lib/jvm/jdk-21.0.5-oracle-x64/bin/java
56481b046000-56481b047000 r--p 00001000 08:02 21104557                   /usr/lib/jvm/jdk-21.0.5-oracle-x64/bin/java
56481b047000-56481b048000 rw-p 00002000 08:02 21104557                   /usr/lib/jvm/jdk-21.0.5-oracle-x64/bin/java
56481c933000-56481c979000 rw-p 00000000 00:00 0                          [heap]
7f3c34000000-7f3c343a4000 rw-p 00000000 00:00 0 
7f3c343a4000-7f3c38000000 ---p 00000000 00:00 0 
7f3c38000000-7f3c382a9000 rw-p 00000000 00:00 0 
7f3c382a9000-7f3c3c000000 ---p 00000000 00:00 0 
7f3c3c000000-7f3c3c021000 rw-p 00000000 00:00 0 
7f3c3c021000-7f3c40000000 ---p 00000000 00:00 0 
7f3c40000000-7f3c40021000 rw-p 00000000 00:00 0 
7f3c40021000-7f3c44000000 ---p 00000000 00:00 0 
7f3c44000000-7f3c44021000 rw-p 00000000 00:00 0 
7f3c44021000-7f3c48000000 ---p 00000000 00:00 0 
7f3c48000000-7f3c48021000 rw-p 00000000 00:00 0 
7f3c48021000-7f3c4c000000 ---p 00000000 00:00 0 
7f3c4c000000-7f3c4c021000 rw-p 00000000 00:00 0 
7f3c4c021000-7f3c50000000 ---p 00000000 00:00 0 
7f3c50000000-7f3c50021000 rw-p 00000000 00:00 0 
7f3c50021000-7f3c54000000 ---p 00000000 00:00 0 
7f3c54000000-7f3c5453f000 rw-p 00000000 00:00 0 
7f3c5453f000-7f3c58000000 ---p 00000000 00:00 0 
7f3c58000000-7f3c584a2000 rw-p 00000000 00:00 0 
7f3c584a2000-7f3c5c000000 ---p 00000000 00:00 0 
7f3c5c000000-7f3c5c021000 rw-p 00000000 00:00 0 
7f3c5c021000-7f3c60000000 ---p 00000000 00:00 0 
7f3c60000000-7f3c60021000 rw-p 00000000 00:00 0 
7f3c60021000-7f3c64000000 ---p 00000000 00:00 0 
7f3c64000000-7f3c64aa7000 rw-p 00000000 00:00 0 
7f3c64aa7000-7f3c68000000 ---p 00000000 00:00 0 
7f3c68000000-7f3c68450000 rw-p 00000000 00:00 0 
7f3c68450000-7f3c6c000000 ---p 00000000 00:00 0 
7f3c6c000000-7f3c6c021000 rw-p 00000000 00:00 0 
7f3c6c021000-7f3c70000000 ---p 00000000 00:00 0 
7f3c70000000-7f3c70021000 rw-p 00000000 00:00 0 
7f3c70021000-7f3c74000000 ---p 00000000 00:00 0 
7f3c74000000-7f3c74021000 rw-p 00000000 00:00 0 
7f3c74021000-7f3c78000000 ---p 00000000 00:00 0 
7f3c78000000-7f3c78021000 rw-p 00000000 00:00 0 
7f3c78021000-7f3c7c000000 ---p 00000000 00:00 0 
7f3c7c000000-7f3c7c021000 rw-p 00000000 00:00 0 
7f3c7c021000-7f3c80000000 ---p 00000000 00:00 0 
7f3c80000000-7f3c80021000 rw-p 00000000 00:00 0 
7f3c80021000-7f3c84000000 ---p 00000000 00:00 0 
7f3c84000000-7f3c84350000 rw-p 00000000 00:00 0 
7f3c84350000-7f3c84400000 ---p 00000000 00:00 0 
7f3c84400000-7f3c85080000 rw-p 00000000 00:00 0 
7f3c85080000-7f3c88000000 ---p 00000000 00:00 0 
7f3c88000000-7f3c88021000 rw-p 00000000 00:00 0 
7f3c88021000-7f3c8c000000 ---p 00000000 00:00 0 
7f3c8e0c7000-7f3c8e4f5000 rw-p 00000000 00:00 0 
7f3c8e4f5000-7f3c8e4f9000 ---p 00000000 00:00 0 
7f3c8e4f9000-7f3c8e5f6000 rw-p 00000000 00:00 0 
7f3c8e5f6000-7f3c8e5fa000 ---p 00000000 00:00 0 
7f3c8e5fa000-7f3c8e6f7000 rw-p 00000000 00:00 0 
7f3c8e6f7000-7f3c8e6f8000 ---p 00000000 00:00 0 
7f3c8e6f8000-7f3c8e7f8000 rw-p 00000000 00:00 0 
7f3c8e7f8000-7f3c8e7f9000 ---p 00000000 00:00 0 
7f3c8e7f9000-7f3c8e8f9000 rw-p 00000000 00:00 0 
7f3c8e8f9000-7f3c8e8fa000 ---p 00000000 00:00 0 
7f3c8e8fa000-7f3c8e9fa000 rw-p 00000000 00:00 0 
7f3c8e9fa000-7f3c8e9fb000 ---p 00000000 00:00 0 
7f3c8e9fb000-7f3c8eafb000 rw-p 00000000 00:00 0 
7f3c8eafb000-7f3c8eafc000 ---p 00000000 00:00 0 
7f3c8eafc000-7f3c8ebfc000 rw-p 00000000 00:00 0 
7f3c8ebfc000-7f3c8ebfd000 ---p 00000000 00:00 0 
7f3c8ebfd000-7f3c8ecfd000 rw-p 00000000 00:00 0 
7f3c8ecfd000-7f3c8ed01000 ---p 00000000 00:00 0 
7f3c8ed01000-7f3c8edfe000 rw-p 00000000 00:00 0 
7f3c8edfe000-7f3c8ee02000 ---p 00000000 00:00 0 
7f3c8ee02000-7f3c8eeff000 rw-p 00000000 00:00 0 
7f3c8eeff000-7f3c8ef03000 ---p 00000000 00:00 0 
7f3c8ef03000-7f3c8f000000 rw-p 00000000 00:00 0 
7f3c8f000000-7f3c8fcab000 rw-p 00001000 08:02 21107010                   /usr/lib/jvm/jdk-21.0.5-oracle-x64/lib/server/classes.jsa
7f3c8fcab000-7f3c90000000 ---p 00000000 00:00 0 
7f3c90000000-7f3c90040000 rw-p 00000000 00:00 0 
7f3c90040000-7f3c90080000 rw-p 00000000 00:00 0 
7f3c90080000-7f3c90220000 rw-p 00000000 00:00 0 
7f3c90220000-7f3cd0000000 ---p 00000000 00:00 0 
7f3cd0000000-7f3cd0021000 rw-p 00000000 00:00 0 
7f3cd0021000-7f3cd4000000 ---p 00000000 00:00 0 
7f3cd4000000-7f3cd4021000 rw-p 00000000 00:00 0 
7f3cd4021000-7f3cd8000000 ---p 00000000 00:00 0 
7f3cd8000000-7f3cd8021000 rw-p 00000000 00:00 0 
7f3cd8021000-7f3cdc000000 ---p 00000000 00:00 0 
7f3cdc000000-7f3cdc021000 rw-p 00000000 00:00 0 
7f3cdc021000-7f3ce0000000 ---p 00000000 00:00 0 
7f3ce0000000-7f3ce0021000 rw-p 00000000 00:00 0 
7f3ce0021000-7f3ce4000000 ---p 00000000 00:00 0 
7f3ce404e000-7f3ce4052000 ---p 00000000 00:00 0 
7f3ce4052000-7f3ce414f000 rw-p 00000000 00:00 0 
7f3ce414f000-7f3ce421d000 r-xp 00000000 08:02 21106984                   /usr/lib/jvm/jdk-21.0.5-oracle-x64/lib/libjsvml.so
7f3ce421d000-7f3ce421e000 r--p 000cd000 08:02 21106984                   /usr/lib/jvm/jdk-21.0.5-oracle-x64/lib/libjsvml.so
7f3ce421e000-7f3ce421f000 rw-p 000ce000 08:02 21106984                   /usr/lib/jvm/jdk-21.0.5-oracle-x64/lib/libjsvml.so
7f3ce421f000-7f3ce4223000 ---p 00000000 00:00 0 
7f3ce4223000-7f3ce4320000 rw-p 00000000 00:00 0 
7f3ce4320000-7f3ce4324000 ---p 00000000 00:00 0 
7f3ce4324000-7f3ce4421000 rw-p 00000000 00:00 0 
7f3ce4421000-7f3ce4425000 ---p 00000000 00:00 0 
7f3ce4425000-7f3ce4522000 rw-p 00000000 00:00 0 
7f3ce4522000-7f3ce4526000 ---p 00000000 00:00 0 
7f3ce4526000-7f3ce4623000 rw-p 00000000 00:00 0 
7f3ce4623000-7f3ce4627000 ---p 00000000 00:00 0 
7f3ce4627000-7f3ce4724000 rw-p 00000000 00:00 0 
7f3ce4724000-7f3ce4728000 ---p 00000000 00:00 0 
7f3ce4728000-7f3ce4825000 rw-p 00000000 00:00 0 
7f3ce4825000-7f3ce4829000 ---p 00000000 00:00 0 
7f3ce4829000-7f3ce4926000 rw-p 00000000 00:00 0 
7f3ce4926000-7f3ce4e96000 r--p 00000000 08:02 20711595                   /usr/lib/locale/locale-archive
7f3ce4e96000-7f3ce4e97000 ---p 00000000 00:00 0 
7f3ce4e97000-7f3ce4f97000 rw-p 00000000 00:00 0 
7f3ce4f97000-7f3ce4f98000 ---p 00000000 00:00 0 
7f3ce4f98000-7f3ce78d9000 rw-p 00000000 00:00 0 
7f3ce78d9000-7f3ceec39000 ---p 00000000 00:00 0 
7f3ceec39000-7f3ceed41000 rw-p 00000000 00:00 0 
7f3ceed41000-7f3cefbad000 ---p 00000000 00:00 0 
7f3cefbad000-7f3cefca7000 rw-p 00000000 00:00 0 
7f3cefca7000-7f3cf0b13000 ---p 00000000 00:00 0 
7f3cf0b13000-7f3cf0b15000 rw-p 00000000 00:00 0 
7f3cf0b15000-7f3cf1075000 rwxp 00000000 00:00 0 
7f3cf1075000-7f3cf804c000 ---p 00000000 00:00 0 
7f3cf804c000-7f3cf82bc000 rwxp 00000000 00:00 0 
7f3cf82bc000-7f3cf85de000 ---p 00000000 00:00 0 
7f3cf85de000-7f3cf884e000 rwxp 00000000 00:00 0 
7f3cf884e000-7f3cffb15000 ---p 00000000 00:00 0 
7f3cffb15000-7f3d08000000 r--s 00000000 08:02 21107001                   /usr/lib/jvm/jdk-21.0.5-oracle-x64/lib/modules
7f3d08000000-7f3d08939000 rw-p 00000000 00:00 0 
7f3d08939000-7f3d0c000000 ---p 00000000 00:00 0 
7f3d0c017000-7f3d0c024000 r-xp 00000000 08:02 21106999                   /usr/lib/jvm/jdk-21.0.5-oracle-x64/lib/libverify.so
7f3d0c024000-7f3d0c026000 r--p 0000c000 08:02 21106999                   /usr/lib/jvm/jdk-21.0.5-oracle-x64/lib/libverify.so
7f3d0c026000-7f3d0c027000 rw-p 0000e000 08:02 21106999                   /usr/lib/jvm/jdk-21.0.5-oracle-x64/lib/libverify.so
7f3d0c027000-7f3d0c02e000 r-xp 00000000 08:02 21107000                   /usr/lib/jvm/jdk-21.0.5-oracle-x64/lib/libzip.so
7f3d0c02e000-7f3d0c02f000 ---p 00007000 08:02 21107000                   /usr/lib/jvm/jdk-21.0.5-oracle-x64/lib/libzip.so
7f3d0c02f000-7f3d0c030000 r--p 00007000 08:02 21107000                   /usr/lib/jvm/jdk-21.0.5-oracle-x64/lib/libzip.so
7f3d0c030000-7f3d0c031000 rw-p 00008000 08:02 21107000                   /usr/lib/jvm/jdk-21.0.5-oracle-x64/lib/libzip.so
7f3d0c031000-7f3d0c03d000 r-xp 00000000 08:02 21106991                   /usr/lib/jvm/jdk-21.0.5-oracle-x64/lib/libnet.so
7f3d0c03d000-7f3d0c03e000 r--p 0000b000 08:02 21106991                   /usr/lib/jvm/jdk-21.0.5-oracle-x64/lib/libnet.so
7f3d0c03e000-7f3d0c03f000 rw-p 0000c000 08:02 21106991                   /usr/lib/jvm/jdk-21.0.5-oracle-x64/lib/libnet.so
7f3d0c03f000-7f3d0c052000 r-xp 00000000 08:02 21106992                   /usr/lib/jvm/jdk-21.0.5-oracle-x64/lib/libnio.so
7f3d0c052000-7f3d0c053000 ---p 00013000 08:02 21106992                   /usr/lib/jvm/jdk-21.0.5-oracle-x64/lib/libnio.so
7f3d0c053000-7f3d0c054000 r--p 00013000 08:02 21106992                   /usr/lib/jvm/jdk-21.0.5-oracle-x64/lib/libnio.so
7f3d0c054000-7f3d0c055000 rw-p 00014000 08:02 21106992                   /usr/lib/jvm/jdk-21.0.5-oracle-x64/lib/libnio.so
7f3d0c055000-7f3d0c0f1000 rw-p 00000000 00:00 0 
7f3d0c0f1000-7f3d0c0f2000 ---p 00000000 00:00 0 
7f3d0c0f2000-7f3d0c1f2000 rw-p 00000000 00:00 0 
7f3d0c1f2000-7f3d0c1f3000 ---p 00000000 00:00 0 
7f3d0c1f3000-7f3d0cafb000 rw-p 00000000 00:00 0 
7f3d0cafb000-7f3d0cafc000 ---p 00000000 00:00 0 
7f3d0cafc000-7f3d0cbfc000 rw-p 00000000 00:00 0 
7f3d0cbfc000-7f3d0cbfd000 ---p 00000000 00:00 0 
7f3d0cbfd000-7f3d0ccfd000 rw-p 00000000 00:00 0 
7f3d0ccfd000-7f3d0ccfe000 ---p 00000000 00:00 0 
7f3d0ccfe000-7f3d0d707000 rw-p 00000000 00:00 0 
7f3d0d707000-7f3d0d7ed000 ---p 00000000 00:00 0 
7f3d0d7ed000-7f3d0d7f8000 rw-p 00000000 00:00 0 
7f3d0d7f8000-7f3d0d8d8000 ---p 00000000 00:00 0 
7f3d0d8d8000-7f3d0d8dd000 rw-p 00000000 00:00 0 
7f3d0d8dd000-7f3d0d8e4000 ---p 00000000 00:00 0 
7f3d0d8e4000-7f3d0d904000 r-xp 00000000 08:02 21105651                   /usr/lib/jvm/jdk-21.0.5-oracle-x64/lib/libjava.so
7f3d0d904000-7f3d0d905000 ---p 00020000 08:02 21105651                   /usr/lib/jvm/jdk-21.0.5-oracle-x64/lib/libjava.so
7f3d0d905000-7f3d0d906000 r--p 00020000 08:02 21105651                   /usr/lib/jvm/jdk-21.0.5-oracle-x64/lib/libjava.so
7f3d0d906000-7f3d0d907000 rw-p 00021000 08:02 21105651                   /usr/lib/jvm/jdk-21.0.5-oracle-x64/lib/libjava.so
7f3d0d907000-7f3d0d908000 rw-p 00000000 00:00 0 
7f3d0d908000-7f3d0d910000 rw-s 00000000 08:02 8126635                    /tmp/hsperfdata_cookiebot/24775
7f3d0d910000-7f3d0d92b000 r-xp 00000000 08:02 21105655                   /usr/lib/jvm/jdk-21.0.5-oracle-x64/lib/libjimage.so
7f3d0d92b000-7f3d0d92c000 ---p 0001b000 08:02 21105655                   /usr/lib/jvm/jdk-21.0.5-oracle-x64/lib/libjimage.so
7f3d0d92c000-7f3d0d92e000 r--p 0001b000 08:02 21105655                   /usr/lib/jvm/jdk-21.0.5-oracle-x64/lib/libjimage.so
7f3d0d92e000-7f3d0d92f000 rw-p 0001d000 08:02 21105655                   /usr/lib/jvm/jdk-21.0.5-oracle-x64/lib/libjimage.so
7f3d0d92f000-7f3d0d933000 ---p 00000000 00:00 0 
7f3d0d933000-7f3d0da30000 rw-p 00000000 00:00 0 
7f3d0da30000-7f3d0da3d000 r--p 00000000 08:02 20711591                   /usr/lib/x86_64-linux-gnu/libm-2.31.so
7f3d0da3d000-7f3d0dae4000 r-xp 0000d000 08:02 20711591                   /usr/lib/x86_64-linux-gnu/libm-2.31.so
7f3d0dae4000-7f3d0db7d000 r--p 000b4000 08:02 20711591                   /usr/lib/x86_64-linux-gnu/libm-2.31.so
7f3d0db7d000-7f3d0db7e000 r--p 0014c000 08:02 20711591                   /usr/lib/x86_64-linux-gnu/libm-2.31.so
7f3d0db7e000-7f3d0db7f000 rw-p 0014d000 08:02 20711591                   /usr/lib/x86_64-linux-gnu/libm-2.31.so
7f3d0db7f000-7f3d0db81000 r--p 00000000 08:02 20711711                   /usr/lib/x86_64-linux-gnu/librt-2.31.so
7f3d0db81000-7f3d0db85000 r-xp 00002000 08:02 20711711                   /usr/lib/x86_64-linux-gnu/librt-2.31.so
7f3d0db85000-7f3d0db87000 r--p 00006000 08:02 20711711                   /usr/lib/x86_64-linux-gnu/librt-2.31.so
7f3d0db87000-7f3d0db88000 r--p 00007000 08:02 20711711                   /usr/lib/x86_64-linux-gnu/librt-2.31.so
7f3d0db88000-7f3d0db89000 rw-p 00008000 08:02 20711711                   /usr/lib/x86_64-linux-gnu/librt-2.31.so
7f3d0db89000-7f3d0eea9000 r-xp 00000000 08:02 21107013                   /usr/lib/jvm/jdk-21.0.5-oracle-x64/lib/server/libjvm.so
7f3d0eea9000-7f3d0eeaa000 ---p 01320000 08:02 21107013                   /usr/lib/jvm/jdk-21.0.5-oracle-x64/lib/server/libjvm.so
7f3d0eeaa000-7f3d0ef7b000 r--p 01320000 08:02 21107013                   /usr/lib/jvm/jdk-21.0.5-oracle-x64/lib/server/libjvm.so
7f3d0ef7b000-7f3d0efa9000 rw-p 013f1000 08:02 21107013                   /usr/lib/jvm/jdk-21.0.5-oracle-x64/lib/server/libjvm.so
7f3d0efa9000-7f3d0f011000 rw-p 00000000 00:00 0 
7f3d0f011000-7f3d0f033000 r--p 00000000 08:02 20711586                   /usr/lib/x86_64-linux-gnu/libc-2.31.so
7f3d0f033000-7f3d0f1ab000 r-xp 00022000 08:02 20711586                   /usr/lib/x86_64-linux-gnu/libc-2.31.so
7f3d0f1ab000-7f3d0f1f9000 r--p 0019a000 08:02 20711586                   /usr/lib/x86_64-linux-gnu/libc-2.31.so
7f3d0f1f9000-7f3d0f1fd000 r--p 001e7000 08:02 20711586                   /usr/lib/x86_64-linux-gnu/libc-2.31.so
7f3d0f1fd000-7f3d0f1ff000 rw-p 001eb000 08:02 20711586                   /usr/lib/x86_64-linux-gnu/libc-2.31.so
7f3d0f1ff000-7f3d0f203000 rw-p 00000000 00:00 0 
7f3d0f203000-7f3d0f204000 r--p 00000000 08:02 20711590                   /usr/lib/x86_64-linux-gnu/libdl-2.31.so
7f3d0f204000-7f3d0f206000 r-xp 00001000 08:02 20711590                   /usr/lib/x86_64-linux-gnu/libdl-2.31.so
7f3d0f206000-7f3d0f207000 r--p 00003000 08:02 20711590                   /usr/lib/x86_64-linux-gnu/libdl-2.31.so
7f3d0f207000-7f3d0f208000 r--p 00003000 08:02 20711590                   /usr/lib/x86_64-linux-gnu/libdl-2.31.so
7f3d0f208000-7f3d0f209000 rw-p 00004000 08:02 20711590                   /usr/lib/x86_64-linux-gnu/libdl-2.31.so
7f3d0f209000-7f3d0f20f000 r--p 00000000 08:02 20711691                   /usr/lib/x86_64-linux-gnu/libpthread-2.31.so
7f3d0f20f000-7f3d0f220000 r-xp 00006000 08:02 20711691                   /usr/lib/x86_64-linux-gnu/libpthread-2.31.so
7f3d0f220000-7f3d0f226000 r--p 00017000 08:02 20711691                   /usr/lib/x86_64-linux-gnu/libpthread-2.31.so
7f3d0f226000-7f3d0f227000 r--p 0001c000 08:02 20711691                   /usr/lib/x86_64-linux-gnu/libpthread-2.31.so
7f3d0f227000-7f3d0f228000 rw-p 0001d000 08:02 20711691                   /usr/lib/x86_64-linux-gnu/libpthread-2.31.so
7f3d0f228000-7f3d0f22c000 rw-p 00000000 00:00 0 
7f3d0f22c000-7f3d0f23a000 r-xp 00000000 08:02 21105656                   /usr/lib/jvm/jdk-21.0.5-oracle-x64/lib/libjli.so
7f3d0f23a000-7f3d0f23b000 ---p 0000e000 08:02 21105656                   /usr/lib/jvm/jdk-21.0.5-oracle-x64/lib/libjli.so
7f3d0f23b000-7f3d0f23c000 r--p 0000e000 08:02 21105656                   /usr/lib/jvm/jdk-21.0.5-oracle-x64/lib/libjli.so
7f3d0f23c000-7f3d0f23d000 rw-p 0000f000 08:02 21105656                   /usr/lib/jvm/jdk-21.0.5-oracle-x64/lib/libjli.so
7f3d0f23d000-7f3d0f23f000 r--p 00000000 08:02 20737079                   /usr/lib/x86_64-linux-gnu/libz.so.1.2.11
7f3d0f23f000-7f3d0f250000 r-xp 00002000 08:02 20737079                   /usr/lib/x86_64-linux-gnu/libz.so.1.2.11
7f3d0f250000-7f3d0f256000 r--p 00013000 08:02 20737079                   /usr/lib/x86_64-linux-gnu/libz.so.1.2.11
7f3d0f256000-7f3d0f257000 ---p 00019000 08:02 20737079                   /usr/lib/x86_64-linux-gnu/libz.so.1.2.11
7f3d0f257000-7f3d0f258000 r--p 00019000 08:02 20737079                   /usr/lib/x86_64-linux-gnu/libz.so.1.2.11
7f3d0f258000-7f3d0f259000 rw-p 0001a000 08:02 20737079                   /usr/lib/x86_64-linux-gnu/libz.so.1.2.11
7f3d0f259000-7f3d0f25b000 rw-p 00000000 00:00 0 
7f3d0f25b000-7f3d0f262000 r--s 00000000 08:02 20736814                   /usr/lib/x86_64-linux-gnu/gconv/gconv-modules.cache
7f3d0f262000-7f3d0f265000 r--p 00000000 08:02 20711634                   /usr/lib/x86_64-linux-gnu/libnss_files-2.31.so
7f3d0f265000-7f3d0f26c000 r-xp 00003000 08:02 20711634                   /usr/lib/x86_64-linux-gnu/libnss_files-2.31.so
7f3d0f26c000-7f3d0f26e000 r--p 0000a000 08:02 20711634                   /usr/lib/x86_64-linux-gnu/libnss_files-2.31.so
7f3d0f26e000-7f3d0f26f000 r--p 0000b000 08:02 20711634                   /usr/lib/x86_64-linux-gnu/libnss_files-2.31.so
7f3d0f26f000-7f3d0f270000 rw-p 0000c000 08:02 20711634                   /usr/lib/x86_64-linux-gnu/libnss_files-2.31.so
7f3d0f270000-7f3d0f276000 rw-p 00000000 00:00 0 
7f3d0f276000-7f3d0f277000 ---p 00000000 00:00 0 
7f3d0f277000-7f3d0f278000 r--p 00000000 00:00 0 
7f3d0f278000-7f3d0f279000 r--p 00000000 08:02 20711562                   /usr/lib/x86_64-linux-gnu/ld-2.31.so
7f3d0f279000-7f3d0f29c000 r-xp 00001000 08:02 20711562                   /usr/lib/x86_64-linux-gnu/ld-2.31.so
7f3d0f29c000-7f3d0f2a4000 r--p 00024000 08:02 20711562                   /usr/lib/x86_64-linux-gnu/ld-2.31.so
7f3d0f2a4000-7f3d0f2a5000 ---p 00000000 00:00 0 
7f3d0f2a5000-7f3d0f2a6000 r--p 0002c000 08:02 20711562                   /usr/lib/x86_64-linux-gnu/ld-2.31.so
7f3d0f2a6000-7f3d0f2a7000 rw-p 0002d000 08:02 20711562                   /usr/lib/x86_64-linux-gnu/ld-2.31.so
7f3d0f2a7000-7f3d0f2a8000 rw-p 00000000 00:00 0 
7fffa46ba000-7fffa46dc000 rw-p 00000000 00:00 0                          [stack]
7fffa47ad000-7fffa47b1000 r--p 00000000 00:00 0                          [vvar]
7fffa47b1000-7fffa47b3000 r-xp 00000000 00:00 0                          [vdso]
ffffffffff600000-ffffffffff601000 --xp 00000000 00:00 0                  [vsyscall]
Total number of mappings: 237


VM Arguments:
jvm_args: -Dclassworlds.conf=/usr/share/maven/bin/m2.conf -Dmaven.home=/usr/share/maven -Dlibrary.jansi.path=/usr/share/maven/lib/jansi-native -Dmaven.multiModuleProjectDirectory=/home/cookiebot/JavaProjects/HodgePodgeBarrage 
java_command: org.codehaus.plexus.classworlds.launcher.Launcher -Dmaven.ext.class.path=/home/cookiebot/Apps/folders/diffblue-cover-cli-2025.05.01/cover-buildsystem-maven-spy-jar-with-dependencies.jar -Dcom.diffblue.cover.skipTests=true -DskipTestOptimizer --batch-mode --global-settings=/usr/share/maven/conf/settings.xml install -Dmaven.compiler.failOnWarning=false --also-make -DskipTests -DskipITs --threads=1C
java_class_path (initial): /usr/share/maven/boot/plexus-classworlds-2.x.jar
Launcher Type: SUN_STANDARD

[Global flags]
     intx CICompilerCount                          = 4                                         {product} {ergonomic}
     uint ConcGCThreads                            = 2                                         {product} {ergonomic}
     uint G1ConcRefinementThreads                  = 8                                         {product} {ergonomic}
   size_t G1HeapRegionSize                         = 4194304                                   {product} {ergonomic}
    uintx GCDrainStackTargetSize                   = 64                                        {product} {ergonomic}
   size_t InitialHeapSize                          = 520093696                                 {product} {ergonomic}
   size_t MarkStackSize                            = 4194304                                   {product} {ergonomic}
   size_t MaxHeapSize                              = 8266973184                                {product} {ergonomic}
   size_t MaxNewSize                               = 4957667328                                {product} {ergonomic}
   size_t MinHeapDeltaBytes                        = 4194304                                   {product} {ergonomic}
   size_t MinHeapSize                              = 8388608                                   {product} {ergonomic}
    uintx NonNMethodCodeHeapSize                   = 5839372                                {pd product} {ergonomic}
    uintx NonProfiledCodeHeapSize                  = 122909434                              {pd product} {ergonomic}
    uintx ProfiledCodeHeapSize                     = 122909434                              {pd product} {ergonomic}
    uintx ReservedCodeCacheSize                    = 251658240                              {pd product} {ergonomic}
     bool SegmentedCodeCache                       = true                                      {product} {ergonomic}
   size_t SoftMaxHeapSize                          = 8266973184                             {manageable} {ergonomic}
     bool UseCompressedOops                        = true                           {product lp64_product} {ergonomic}
     bool UseG1GC                                  = true                                      {product} {ergonomic}

Logging:
Log output configuration:
 #0: stdout all=warning uptime,level,tags foldmultilines=false
 #1: stderr all=off uptime,level,tags foldmultilines=false

Environment Variables:
PATH=/usr/local/sbin:/usr/local/bin:/usr/sbin:/usr/bin:/sbin:/bin:/usr/games:/usr/local/games:/snap/bin:/home/cookiebot/.lmstudio/bin:/home/cookiebot/.lmstudio/bin:/home/cookiebot/Apps/folders/diffblue-cover-cli-2025.05.01
USERNAME=cookiebot
SHELL=/bin/bash
DISPLAY=:0
LANG=en_US.UTF-8
TERM=xterm-256color

Active Locale:
LC_ALL=en_US.UTF-8
LC_COLLATE=en_US.UTF-8
LC_CTYPE=en_US.UTF-8
LC_MESSAGES=en_US.UTF-8
LC_MONETARY=en_US.UTF-8
LC_NUMERIC=en_US.UTF-8
LC_TIME=en_US.UTF-8

Signal Handlers:
   SIGSEGV: crash_handler in libjvm.so, mask=11100100010111111101111111111110, flags=SA_RESTART|SA_SIGINFO, unblocked
    SIGBUS: crash_handler in libjvm.so, mask=11100100010111111101111111111110, flags=SA_RESTART|SA_SIGINFO, unblocked
    SIGFPE: crash_handler in libjvm.so, mask=11100100010111111101111111111110, flags=SA_RESTART|SA_SIGINFO, unblocked
   SIGPIPE: javaSignalHandler in libjvm.so, mask=11100100010111111101111111111110, flags=SA_RESTART|SA_SIGINFO, blocked
   SIGXFSZ: javaSignalHandler in libjvm.so, mask=11100100010111111101111111111110, flags=SA_RESTART|SA_SIGINFO, blocked
    SIGILL: crash_handler in libjvm.so, mask=11100100010111111101111111111110, flags=SA_RESTART|SA_SIGINFO, unblocked
   SIGUSR2: SR_handler in libjvm.so, mask=00000000000000000000000000000000, flags=SA_RESTART|SA_SIGINFO, blocked
    SIGHUP: UserHandler in libjvm.so, mask=11100100010111111101111111111110, flags=SA_RESTART|SA_SIGINFO, blocked
    SIGINT: UserHandler in libjvm.so, mask=11100100010111111101111111111110, flags=SA_RESTART|SA_SIGINFO, blocked
   SIGTERM: UserHandler in libjvm.so, mask=11100100010111111101111111111110, flags=SA_RESTART|SA_SIGINFO, blocked
   SIGQUIT: UserHandler in libjvm.so, mask=11100100010111111101111111111110, flags=SA_RESTART|SA_SIGINFO, blocked
   SIGTRAP: crash_handler in libjvm.so, mask=11100100010111111101111111111110, flags=SA_RESTART|SA_SIGINFO, unblocked


Periodic native trim disabled

---------------  S Y S T E M  ---------------

OS:
DISTRIB_ID=Ubuntu
DISTRIB_RELEASE=20.04
DISTRIB_CODENAME=focal
DISTRIB_DESCRIPTION="Ubuntu 20.04.6 LTS"
uname: Linux 5.15.0-107-generic #117~20.04.1-Ubuntu SMP Tue Apr 30 10:35:57 UTC 2024 x86_64
OS uptime: 0 days 22:06 hours
libc: glibc 2.31 NPTL 2.31 
rlimit (soft/hard): STACK 8192k/infinity , CORE 0k/infinity , NPROC 125765/125765 , NOFILE 1048576/1048576 , AS infinity/infinity , CPU infinity/infinity , DATA infinity/infinity , FSIZE infinity/infinity , MEMLOCK infinity/infinity
load average: 1.67 1.18 1.40

/proc/meminfo:
MemTotal:       32278156 kB
MemFree:        20649940 kB
MemAvailable:   25826612 kB
Buffers:          238220 kB
Cached:          4844048 kB
SwapCached:            0 kB
Active:          2503584 kB
Inactive:        7635836 kB
Active(anon):       3508 kB
Inactive(anon):  5099512 kB
Active(file):    2500076 kB
Inactive(file):  2536324 kB
Unevictable:          96 kB
Mlocked:              96 kB
SwapTotal:       2097148 kB
SwapFree:        2097148 kB
Dirty:               648 kB
Writeback:             0 kB
AnonPages:       5057480 kB
Mapped:          1135608 kB
Shmem:             45868 kB
KReclaimable:     601296 kB
Slab:             808096 kB
SReclaimable:     601296 kB
SUnreclaim:       206800 kB
KernelStack:       20400 kB
PageTables:        46628 kB
NFS_Unstable:          0 kB
Bounce:                0 kB
WritebackTmp:          0 kB
CommitLimit:    18236224 kB
Committed_AS:   10903276 kB
VmallocTotal:   34359738367 kB
VmallocUsed:       69464 kB
VmallocChunk:          0 kB
Percpu:            17344 kB
HardwareCorrupted:     0 kB
AnonHugePages:         0 kB
ShmemHugePages:        0 kB
ShmemPmdMapped:        0 kB
FileHugePages:         0 kB
FilePmdMapped:         0 kB
HugePages_Total:       0
HugePages_Free:        0
HugePages_Rsvd:        0
HugePages_Surp:        0
Hugepagesize:       2048 kB
Hugetlb:               0 kB
DirectMap4k:      883996 kB
DirectMap2M:    11110400 kB
DirectMap1G:    22020096 kB

/sys/kernel/mm/transparent_hugepage/enabled: always [madvise] never
/sys/kernel/mm/transparent_hugepage/defrag (defrag/compaction efforts parameter): always defer defer+madvise [madvise] never

Process Memory:
Virtual Size: 11630516K (peak: 11630516K)
Resident Set Size: 156944K (peak: 156944K) (anon: 134444K, file: 22500K, shmem: 0K)
Swapped out: 0K
C-Heap outstanding allocations: 52857K, retained: 11030K (may have wrapped)
glibc malloc tunables: (default)

/proc/sys/kernel/threads-max (system-wide limit on the number of threads): 251531
/proc/sys/vm/max_map_count (maximum number of memory map areas a process may have): 65530
/proc/sys/kernel/pid_max (system-wide limit on number of process identifiers): 4194304

container (cgroup) information:
container_type: cgroupv1
cpu_cpuset_cpus: 0-7
cpu_memory_nodes: 0
active_processor_count: 8
cpu_quota: no quota
cpu_period: 100000
cpu_shares: no shares
memory_limit_in_bytes: unlimited
memory_and_swap_limit_in_bytes: unlimited
memory_soft_limit_in_bytes: unlimited
memory_usage_in_bytes: 9123912 k
memory_max_usage_in_bytes: 9155836 k
kernel_memory_usage_in_bytes: 593736 k
kernel_memory_max_usage_in_bytes: unlimited
kernel_memory_limit_in_bytes: 594228 k
maximum number of tasks: unlimited
current number of tasks: 962

Steal ticks since vm start: 0
Steal ticks percentage since vm start:  0.000

CPU: total 8 (initial active 8) (8 cores per cpu, 2 threads per core) family 23 model 24 stepping 1 microcode 0x8108102, cx8, cmov, fxsr, ht, mmx, 3dnowpref, sse, sse2, sse3, ssse3, sse4a, sse4.1, sse4.2, popcnt, lzcnt, tsc, tscinvbit, avx, avx2, aes, clmul, bmi1, bmi2, adx, sha, fma, vzeroupper, clflush, clflushopt, rdtscp, f16c
CPU Model and flags from /proc/cpuinfo:
model name	: AMD Ryzen 5 3550H with Radeon Vega Mobile Gfx
flags		: fpu vme de pse tsc msr pae mce cx8 apic sep mtrr pge mca cmov pat pse36 clflush mmx fxsr sse sse2 ht syscall nx mmxext fxsr_opt pdpe1gb rdtscp lm constant_tsc rep_good nopl nonstop_tsc cpuid extd_apicid aperfmperf rapl pni pclmulqdq monitor ssse3 fma cx16 sse4_1 sse4_2 movbe popcnt aes xsave avx f16c rdrand lahf_lm cmp_legacy svm extapic cr8_legacy abm sse4a misalignsse 3dnowprefetch osvw skinit wdt tce topoext perfctr_core perfctr_nb bpext perfctr_llc mwaitx cpb hw_pstate ssbd ibpb vmmcall fsgsbase bmi1 avx2 smep bmi2 rdseed adx smap clflushopt sha_ni xsaveopt xsavec xgetbv1 clzero irperf xsaveerptr arat npt lbrv svm_lock nrip_save tsc_scale vmcb_clean flushbyasid decodeassists pausefilter pfthreshold avic v_vmsave_vmload vgif overflow_recov succor smca sme sev sev_es

Online cpus: 0-7
Offline cpus: 8-15
BIOS frequency limitation: 2100000
Frequency switch latency (ns): 0
Available cpu frequencies: 2100000 1700000 1400000 
Current governor: ondemand
Core performance/turbo boost: 1

Memory: 4k page, physical 32278156k(25824596k free), swap 2097148k(2097148k free)
Page Sizes: 4k

vm_info: Java HotSpot(TM) 64-Bit Server VM (21.0.5+9-LTS-239) for linux-amd64 JRE (21.0.5+9-LTS-239), built on 2024-09-30T05:17:38Z by "mach5one" with gcc 11.2.0

END.
