#
# A fatal error has been detected by the Java Runtime Environment:
#
#  SIGSEGV (0xb) at pc=0x000078b2a687a504, pid=10058, tid=10084
#
# JRE version: OpenJDK Runtime Environment Corretto-17.0.15.6.1 (17.0.15+6) (build 17.0.15+6-LTS)
# Java VM: OpenJDK 64-Bit Server VM Corretto-17.0.15.6.1 (17.0.15+6-LTS, mixed mode, sharing, tiered, compressed oops, compressed class ptrs, g1 gc, linux-amd64)
# Problematic frame:
# C  [libglfw.so+0x12504]
#
# Core dump will be written. Default location: Core dumps may be processed with "/usr/share/apport/apport -p%p -s%s -c%c -d%d -P%P -u%u -g%g -F%F -- %E" (or dumping to /home/cookiebot/JavaProjects/HodgePodgeBarrage/core.10058)
#
# If you would like to submit a bug report, please visit:
#   https://github.com/corretto/corretto-17/issues/
# The crash happened outside the Java Virtual Machine in native code.
# See problematic frame for where to report the bug.
#

---------------  S U M M A R Y ------------

Command Line: engine.framework.Start

Host: Intel(R) Core(TM) i7-10750H CPU @ 2.60GHz, 12 cores, 31G, Ubuntu 24.04.2 LTS
Time: Sat Sep  6 21:11:44 2025 CDT elapsed time: 0.280583 seconds (0d 0h 0m 0s)

---------------  T H R E A D  ---------------

Current thread (0x000078b2e02644f0):  JavaThread "Thread-1" [_thread_in_native, id=10084, stack(0x000078b2a5100000,0x000078b2a5200000)]

Stack: [0x000078b2a5100000,0x000078b2a5200000],  sp=0x000078b2a51fe5c0,  free space=1017k
Native frames: (J=compiled Java code, j=interpreted, Vv=VM code, C=native code)
C  [libglfw.so+0x12504]

Java frames: (J=compiled Java code, j=interpreted, Vv=VM code)
j  org.lwjgl.system.JNI.invokeI(J)I+0
j  org.lwjgl.glfw.GLFW.glfwInit()Z+8
j  engine.framework.NewWindow.init()V+10
j  engine.framework.NewEngine.run()V+4
j  java.lang.Thread.run()V+11 java.base@17.0.15
v  ~StubRoutines::call_stub

siginfo: si_signo: 11 (SIGSEGV), si_code: 2 (SEGV_ACCERR), si_addr: 0x000078b20c4cd08d

Registers:
RAX=0x000078b20c4cd08d, RBX=0x000078b20c4cd00d, RCX=0x000078b2a68c4c30, RDX=0x0000000000000020
RSP=0x000078b2a51fe5c0, RBP=0x0000000000000000, RSI=0x000078b2a68c4c30, RDI=0x000078b20c4cd00d
R8 =0x1999999999999999, R9 =0x0000000000000000, R10=0x000078b2e6bb1fc0, R11=0x000078b2e6bb28c0
R12=0x000078b2a68db500, R13=0x000078b2a68c4c51, R14=0x000078b2a51fe848, R15=0x000078b2e02644f0
RIP=0x000078b2a687a504, EFLAGS=0x0000000000010246, CSGSFS=0x002b000000000033, ERR=0x0000000000000006
  TRAPNO=0x000000000000000e

XMM[0]=0x3030303034306535 0x3030303030303530
XMM[1]=0x0000000000000000 0x000000ffffffffff
XMM[2]=0x00000000ffffffff 0xffffff0000000000
XMM[3]=0x0000000000000000 0x0000000000000000
XMM[4]=0x655320786f62582c 0x3030303035303730
XMM[5]=0x000000006f000000 0x0000000000000000
XMM[6]=0x623a6b6361622c31 0x623a622c30623a61
XMM[7]=0xffffffffffffffff 0xffffffffffffffff
XMM[8]=0x000078b2180cbe60 0x000078b2180cb400
XMM[9]=0x0000000000000000 0x0000000000000140
XMM[10]=0x0000000000000000 0x00000000000000a0
XMM[11]=0x0000000000000000 0x00000000000000a0
XMM[12]=0x0000000000000000 0x00000000000000a0
XMM[13]=0x0000000000000000 0x00000000000000a0
XMM[14]=0x0000000000000000 0x0000000000000280
XMM[15]=0x0000000000000000 0x0000000000000000
  MXCSR=0x00001fa0


Register to memory mapping:

RAX=0x000078b20c4cd08d is an unknown value
RBX=0x000078b20c4cd00d is an unknown value
RCX=0x000078b2a68c4c30: <offset 0x000000000005cc30> in /tmp/lwjgl_cookiebot/3.3.6+1/x64/libglfw.so at 0x000078b2a6868000
RDX=0x0000000000000020 is an unknown value
RSP=0x000078b2a51fe5c0 is pointing into the stack for thread: 0x000078b2e02644f0
RBP=0x0 is NULL
RSI=0x000078b2a68c4c30: <offset 0x000000000005cc30> in /tmp/lwjgl_cookiebot/3.3.6+1/x64/libglfw.so at 0x000078b2a6868000
RDI=0x000078b20c4cd00d is an unknown value
R8 =0x1999999999999999 is an unknown value
R9 =0x0 is NULL
R10=0x000078b2e6bb1fc0: <offset 0x00000000001b1fc0> in /lib/x86_64-linux-gnu/libc.so.6 at 0x000078b2e6a00000
R11=0x000078b2e6bb28c0: <offset 0x00000000001b28c0> in /lib/x86_64-linux-gnu/libc.so.6 at 0x000078b2e6a00000
R12=0x000078b2a68db500: <offset 0x0000000000073500> in /tmp/lwjgl_cookiebot/3.3.6+1/x64/libglfw.so at 0x000078b2a6868000
R13=0x000078b2a68c4c51: <offset 0x000000000005cc51> in /tmp/lwjgl_cookiebot/3.3.6+1/x64/libglfw.so at 0x000078b2a6868000
R14=0x000078b2a51fe848 is pointing into the stack for thread: 0x000078b2e02644f0
R15=0x000078b2e02644f0 is a thread


Top of Stack: (sp=0x000078b2a51fe5c0)
0x000078b2a51fe5c0:   000078b2a51fe600 000078b2a51fe5f0
0x000078b2a51fe5d0:   000078b2a51fe5e8 000078b20c4cd08d
0x000078b2a51fe5e0:   0000003000000028 000078b2a68c4c30
0x000078b2a51fe5f0:   000078b2a68997e0 0000000000000000
0x000078b2a51fe600:   000078b2a68cb7a1 000078b20c4cd0ae
0x000078b2a51fe610:   000078b2a68cb753 000078b20c4cd0b2
0x000078b2a51fe620:   000078b2a68caf6c 000078b20c4cd0b6
0x000078b2a51fe630:   000078b2a68c76fa 000078b20c4cd0ba
0x000078b2a51fe640:   000078b2a68c9344 000078b20c4cd0c6
0x000078b2a51fe650:   000078b2a68997e9 000078b20c4cd0ca
0x000078b2a51fe660:   000078b2a68997ef 000078b20c4cd0ce
0x000078b2a51fe670:   000078b2a68997f5 000078b20c4cd0be
0x000078b2a51fe680:   000078b2a6899802 000078b20c4cd0c2
0x000078b2a51fe690:   000078b2a6899810 000078b20c4cd0d2
0x000078b2a51fe6a0:   000078b2a689981a 000078b20c4cd0d6
0x000078b2a51fe6b0:   000078b2a6899825 000078b20c4cd0da
0x000078b2a51fe6c0:   000078b2a689982a 000078b20c4cd0de
0x000078b2a51fe6d0:   000078b2a6899832 000078b20c4cd0e2
0x000078b2a51fe6e0:   000078b2a6899839 000078b20c4cd0e6
0x000078b2a51fe6f0:   000078b2a6899840 000078b20c4cd0fa
0x000078b2a51fe700:   000078b2a689984c 000078b20c4cd0fe
0x000078b2a51fe710:   000078b2a6899859 000078b20c4cd0ea
0x000078b2a51fe720:   000078b2a689985f 000078b20c4cd0ee
0x000078b2a51fe730:   000078b2a6899865 000078b20c4cd0f2
0x000078b2a51fe740:   000078b2a689986c 000078b20c4cd0f6
0x000078b2a51fe750:   0000000100000069 000078b2a68da6d8
0x000078b2a51fe760:   000078b2a68da730 000078b2a68db500
0x000078b2a51fe770:   000078b2534dcd68 000078b2a51fe848
0x000078b2a51fe780:   000078b2e02644f0 000078b2a687adea
0x000078b2a51fe790:   000078b2534dcd68 000078b2a68fbe4c
0x000078b2a51fe7a0:   0000000000000000 000078b2a6879fa4
0x000078b2a51fe7b0:   000078b2a51fe820 000078b2d09445da 

Instructions: (pc=0x000078b2a687a504)
0x000078b2a687a404:   00 48 89 84 24 28 01 00 00 48 8d 05 2c f4 01 00
0x000078b2a687a414:   48 89 84 24 30 01 00 00 48 8d 87 ed 00 00 00 48
0x000078b2a687a424:   89 84 24 38 01 00 00 48 8d 05 1a f4 01 00 48 89
0x000078b2a687a434:   84 24 40 01 00 00 48 8d 87 f1 00 00 00 48 89 84
0x000078b2a687a444:   24 48 01 00 00 48 8d 05 09 f4 01 00 48 89 84 24
0x000078b2a687a454:   50 01 00 00 48 8d 87 dd 00 00 00 48 89 84 24 58
0x000078b2a687a464:   01 00 00 48 8d 05 f1 f3 01 00 48 89 84 24 60 01
0x000078b2a687a474:   00 00 48 8d 87 e1 00 00 00 48 89 84 24 68 01 00
0x000078b2a687a484:   00 48 8d 05 d9 f3 01 00 48 89 84 24 70 01 00 00
0x000078b2a687a494:   48 8d 87 e5 00 00 00 48 89 84 24 78 01 00 00 48
0x000078b2a687a4a4:   8d 05 c2 f3 01 00 48 89 84 24 80 01 00 00 48 8d
0x000078b2a687a4b4:   87 e9 00 00 00 48 89 84 24 88 01 00 00 0f b6 06
0x000078b2a687a4c4:   84 c0 75 18 e9 13 02 00 00 0f 1f 00 48 83 c2 01
0x000078b2a687a4d4:   0f b6 04 11 84 c0 0f 84 00 02 00 00 3c 2c 75 ec
0x000078b2a687a4e4:   48 83 fa 20 0f 85 f2 01 00 00 f3 0f 6f 01 48 8d
0x000078b2a687a4f4:   83 80 00 00 00 4c 8d 69 21 31 ed 48 89 44 24 18
0x000078b2a687a504:   0f 11 83 80 00 00 00 f3 0f 6f 49 10 4c 89 6c 24
0x000078b2a687a514:   28 0f 11 8b 90 00 00 00 0f b6 41 21 84 c0 75 1d
0x000078b2a687a524:   e9 b7 01 00 00 0f 1f 80 00 00 00 00 48 83 c5 01
0x000078b2a687a534:   0f b6 44 29 21 84 c0 0f 84 9f 01 00 00 3c 2c 75
0x000078b2a687a544:   eb 48 83 fd 7f 0f 87 91 01 00 00 48 89 ea 4c 89
0x000078b2a687a554:   ee 49 8d 6c 2d 01 48 89 df e8 3e dd ff ff 0f b6
0x000078b2a687a564:   45 00 48 8d 74 24 28 48 89 6c 24 28 48 89 74 24
0x000078b2a687a574:   10 84 c0 0f 84 19 01 00 00 0f 1f 00 83 e8 2b a8
0x000078b2a687a584:   fd 0f 84 b8 02 00 00 48 8d 44 24 30 45 31 ed 48
0x000078b2a687a594:   89 44 24 08 48 8b 44 24 08 4d 89 ec 49 c1 e4 04
0x000078b2a687a5a4:   4e 8b 3c 20 4c 89 ff e8 a0 db ff ff 4c 89 fe 48
0x000078b2a687a5b4:   89 ef 48 89 c2 49 89 c6 e8 cf da ff ff 85 c0 0f
0x000078b2a687a5c4:   85 3f 01 00 00 42 80 7c 35 00 3a 0f 85 33 01 00
0x000078b2a687a5d4:   00 4a 8d 6c 35 01 4e 8b 74 24 38 48 89 6c 24 28
0x000078b2a687a5e4:   4d 85 f6 0f 84 3b 01 00 00 0f b6 55 00 80 fa 2b
0x000078b2a687a5f4:   0f 84 de 01 00 00 41 bc 01 00 00 00 41 bf ff ff 


Stack slot to memory mapping:
stack at sp + 0 slots: 0x000078b2a51fe600 is pointing into the stack for thread: 0x000078b2e02644f0
stack at sp + 1 slots: 0x000078b2a51fe5f0 is pointing into the stack for thread: 0x000078b2e02644f0
stack at sp + 2 slots: 0x000078b2a51fe5e8 is pointing into the stack for thread: 0x000078b2e02644f0
stack at sp + 3 slots: 0x000078b20c4cd08d is an unknown value
stack at sp + 4 slots: 0x0000003000000028 is an unknown value
stack at sp + 5 slots: 0x000078b2a68c4c30: <offset 0x000000000005cc30> in /tmp/lwjgl_cookiebot/3.3.6+1/x64/libglfw.so at 0x000078b2a6868000
stack at sp + 6 slots: 0x000078b2a68997e0: <offset 0x00000000000317e0> in /tmp/lwjgl_cookiebot/3.3.6+1/x64/libglfw.so at 0x000078b2a6868000
stack at sp + 7 slots: 0x0 is NULL


---------------  P R O C E S S  ---------------

Threads class SMR info:
_java_thread_list=0x000078b214001f90, length=15, elements={
0x000078b2e015d6c0, 0x000078b2e015eaa0, 0x000078b2e0164030, 0x000078b2e01653e0,
0x000078b2e01667f0, 0x000078b2e01681a0, 0x000078b2e01696d0, 0x000078b2e0172b30,
0x000078b2e017a770, 0x000078b2e017df00, 0x000078b2e02428f0, 0x000078b238174f10,
0x000078b2e02644f0, 0x000078b214000ff0, 0x000078b2e002c070
}

Java Threads: ( => current thread )
  0x000078b2e015d6c0 JavaThread "Reference Handler" daemon [_thread_blocked, id=10070, stack(0x000078b2a7900000,0x000078b2a7a00000)]
  0x000078b2e015eaa0 JavaThread "Finalizer" daemon [_thread_blocked, id=10071, stack(0x000078b2a7800000,0x000078b2a7900000)]
  0x000078b2e0164030 JavaThread "Signal Dispatcher" daemon [_thread_blocked, id=10072, stack(0x000078b2a7100000,0x000078b2a7200000)]
  0x000078b2e01653e0 JavaThread "Service Thread" daemon [_thread_blocked, id=10073, stack(0x000078b2a7000000,0x000078b2a7100000)]
  0x000078b2e01667f0 JavaThread "Monitor Deflation Thread" daemon [_thread_blocked, id=10074, stack(0x000078b2a6f00000,0x000078b2a7000000)]
  0x000078b2e01681a0 JavaThread "C2 CompilerThread0" daemon [_thread_blocked, id=10075, stack(0x000078b2a6e00000,0x000078b2a6f00000)]
  0x000078b2e01696d0 JavaThread "C1 CompilerThread0" daemon [_thread_blocked, id=10076, stack(0x000078b2a6d00000,0x000078b2a6e00000)]
  0x000078b2e0172b30 JavaThread "Sweeper thread" daemon [_thread_blocked, id=10077, stack(0x000078b2a6c00000,0x000078b2a6d00000)]
  0x000078b2e017a770 JavaThread "Notification Thread" daemon [_thread_blocked, id=10078, stack(0x000078b2a6b00000,0x000078b2a6c00000)]
  0x000078b2e017df00 JavaThread "Common-Cleaner" daemon [_thread_blocked, id=10080, stack(0x000078b2a68ff000,0x000078b2a69ff000)]
  0x000078b2e02428f0 JavaThread "Java2D Disposer" daemon [_thread_blocked, id=10081, stack(0x000078b2a6100000,0x000078b2a6200000)]
  0x000078b238174f10 JavaThread "C2 CompilerThread1" daemon [_thread_blocked, id=10082, stack(0x000078b2a5d00000,0x000078b2a5e00000)]
=>0x000078b2e02644f0 JavaThread "Thread-1" [_thread_in_native, id=10084, stack(0x000078b2a5100000,0x000078b2a5200000)]
  0x000078b214000ff0 JavaThread "Thread-2" [_thread_in_native, id=10085, stack(0x000078b2a5000000,0x000078b2a5100000)]
  0x000078b2e002c070 JavaThread "DestroyJavaVM" [_thread_blocked, id=10059, stack(0x000078b2e6d00000,0x000078b2e6e00000)]

Other Threads:
  0x000078b2e0159730 VMThread "VM Thread" [stack: 0x000078b2a7cfe000,0x000078b2a7dfe000] [id=10069]
  0x000078b2e017c0b0 WatcherThread [stack: 0x000078b2a6a00000,0x000078b2a6b00000] [id=10079]
  0x000078b2e005aa60 GCTaskThread "GC Thread#0" [stack: 0x000078b2e41f9000,0x000078b2e42f9000] [id=10060]
  0x000078b2e006b980 ConcurrentGCThread "G1 Main Marker" [stack: 0x000078b2e40f8000,0x000078b2e41f8000] [id=10061]
  0x000078b2e006c8f0 ConcurrentGCThread "G1 Conc#0" [stack: 0x000078b2b6b50000,0x000078b2b6c50000] [id=10062]
  0x000078b2e0129e80 ConcurrentGCThread "G1 Refine#0" [stack: 0x000078b2a7f00000,0x000078b2a8000000] [id=10063]
  0x000078b2e012ad80 ConcurrentGCThread "G1 Service" [stack: 0x000078b2a7dff000,0x000078b2a7eff000] [id=10064]

Threads with active compile tasks:

VM state: not at safepoint (normal execution)

VM Mutex/Monitor currently owned by a thread: None

Heap address: 0x000000060e000000, size: 7968 MB, Compressed Oops mode: Zero based, Oop shift amount: 3

CDS archive(s) mapped at: [0x000078b257000000-0x000078b257bca000-0x000078b257bca000), size 12361728, SharedBaseAddress: 0x000078b257000000, ArchiveRelocationMode: 1.
Compressed class space mapped at: 0x000078b258000000-0x000078b298000000, reserved size: 1073741824
Narrow klass base: 0x000078b257000000, Narrow klass shift: 0, Narrow klass range: 0x100000000

GC Precious Log:
 CPUs: 12 total, 12 available
 Memory: 31861M
 Large Page Support: Disabled
 NUMA Support: Disabled
 Compressed Oops: Enabled (Zero based)
 Heap Region Size: 4M
 Heap Min Capacity: 8M
 Heap Initial Capacity: 500M
 Heap Max Capacity: 7968M
 Pre-touch: Disabled
 Parallel Workers: 10
 Concurrent Workers: 3
 Concurrent Refinement Workers: 10
 Periodic GC: Disabled

Heap:
 garbage-first heap   total 520192K, used 16308K [0x000000060e000000, 0x0000000800000000)
  region size 4096K, 4 young (16384K), 0 survivors (0K)
 Metaspace       used 4209K, committed 4416K, reserved 1114112K
  class space    used 349K, committed 448K, reserved 1048576K

Heap Regions: E=young(eden), S=young(survivor), O=old, HS=humongous(starts), HC=humongous(continues), CS=collection set, F=free, OA=open archive, CA=closed archive, TAMS=top-at-mark-start (previous, next)
|   0|0x000000060e000000, 0x000000060e000000, 0x000000060e400000|  0%| F|  |TAMS 0x000000060e000000, 0x000000060e000000| Untracked 
|   1|0x000000060e400000, 0x000000060e400000, 0x000000060e800000|  0%| F|  |TAMS 0x000000060e400000, 0x000000060e400000| Untracked 
|   2|0x000000060e800000, 0x000000060e800000, 0x000000060ec00000|  0%| F|  |TAMS 0x000000060e800000, 0x000000060e800000| Untracked 
|   3|0x000000060ec00000, 0x000000060ec00000, 0x000000060f000000|  0%| F|  |TAMS 0x000000060ec00000, 0x000000060ec00000| Untracked 
|   4|0x000000060f000000, 0x000000060f000000, 0x000000060f400000|  0%| F|  |TAMS 0x000000060f000000, 0x000000060f000000| Untracked 
|   5|0x000000060f400000, 0x000000060f400000, 0x000000060f800000|  0%| F|  |TAMS 0x000000060f400000, 0x000000060f400000| Untracked 
|   6|0x000000060f800000, 0x000000060f800000, 0x000000060fc00000|  0%| F|  |TAMS 0x000000060f800000, 0x000000060f800000| Untracked 
|   7|0x000000060fc00000, 0x000000060fc00000, 0x0000000610000000|  0%| F|  |TAMS 0x000000060fc00000, 0x000000060fc00000| Untracked 
|   8|0x0000000610000000, 0x0000000610000000, 0x0000000610400000|  0%| F|  |TAMS 0x0000000610000000, 0x0000000610000000| Untracked 
|   9|0x0000000610400000, 0x0000000610400000, 0x0000000610800000|  0%| F|  |TAMS 0x0000000610400000, 0x0000000610400000| Untracked 
|  10|0x0000000610800000, 0x0000000610800000, 0x0000000610c00000|  0%| F|  |TAMS 0x0000000610800000, 0x0000000610800000| Untracked 
|  11|0x0000000610c00000, 0x0000000610c00000, 0x0000000611000000|  0%| F|  |TAMS 0x0000000610c00000, 0x0000000610c00000| Untracked 
|  12|0x0000000611000000, 0x0000000611000000, 0x0000000611400000|  0%| F|  |TAMS 0x0000000611000000, 0x0000000611000000| Untracked 
|  13|0x0000000611400000, 0x0000000611400000, 0x0000000611800000|  0%| F|  |TAMS 0x0000000611400000, 0x0000000611400000| Untracked 
|  14|0x0000000611800000, 0x0000000611800000, 0x0000000611c00000|  0%| F|  |TAMS 0x0000000611800000, 0x0000000611800000| Untracked 
|  15|0x0000000611c00000, 0x0000000611c00000, 0x0000000612000000|  0%| F|  |TAMS 0x0000000611c00000, 0x0000000611c00000| Untracked 
|  16|0x0000000612000000, 0x0000000612000000, 0x0000000612400000|  0%| F|  |TAMS 0x0000000612000000, 0x0000000612000000| Untracked 
|  17|0x0000000612400000, 0x0000000612400000, 0x0000000612800000|  0%| F|  |TAMS 0x0000000612400000, 0x0000000612400000| Untracked 
|  18|0x0000000612800000, 0x0000000612800000, 0x0000000612c00000|  0%| F|  |TAMS 0x0000000612800000, 0x0000000612800000| Untracked 
|  19|0x0000000612c00000, 0x0000000612c00000, 0x0000000613000000|  0%| F|  |TAMS 0x0000000612c00000, 0x0000000612c00000| Untracked 
|  20|0x0000000613000000, 0x0000000613000000, 0x0000000613400000|  0%| F|  |TAMS 0x0000000613000000, 0x0000000613000000| Untracked 
|  21|0x0000000613400000, 0x0000000613400000, 0x0000000613800000|  0%| F|  |TAMS 0x0000000613400000, 0x0000000613400000| Untracked 
|  22|0x0000000613800000, 0x0000000613800000, 0x0000000613c00000|  0%| F|  |TAMS 0x0000000613800000, 0x0000000613800000| Untracked 
|  23|0x0000000613c00000, 0x0000000613c00000, 0x0000000614000000|  0%| F|  |TAMS 0x0000000613c00000, 0x0000000613c00000| Untracked 
|  24|0x0000000614000000, 0x0000000614000000, 0x0000000614400000|  0%| F|  |TAMS 0x0000000614000000, 0x0000000614000000| Untracked 
|  25|0x0000000614400000, 0x0000000614400000, 0x0000000614800000|  0%| F|  |TAMS 0x0000000614400000, 0x0000000614400000| Untracked 
|  26|0x0000000614800000, 0x0000000614800000, 0x0000000614c00000|  0%| F|  |TAMS 0x0000000614800000, 0x0000000614800000| Untracked 
|  27|0x0000000614c00000, 0x0000000614c00000, 0x0000000615000000|  0%| F|  |TAMS 0x0000000614c00000, 0x0000000614c00000| Untracked 
|  28|0x0000000615000000, 0x0000000615000000, 0x0000000615400000|  0%| F|  |TAMS 0x0000000615000000, 0x0000000615000000| Untracked 
|  29|0x0000000615400000, 0x0000000615400000, 0x0000000615800000|  0%| F|  |TAMS 0x0000000615400000, 0x0000000615400000| Untracked 
|  30|0x0000000615800000, 0x0000000615800000, 0x0000000615c00000|  0%| F|  |TAMS 0x0000000615800000, 0x0000000615800000| Untracked 
|  31|0x0000000615c00000, 0x0000000615c00000, 0x0000000616000000|  0%| F|  |TAMS 0x0000000615c00000, 0x0000000615c00000| Untracked 
|  32|0x0000000616000000, 0x0000000616000000, 0x0000000616400000|  0%| F|  |TAMS 0x0000000616000000, 0x0000000616000000| Untracked 
|  33|0x0000000616400000, 0x0000000616400000, 0x0000000616800000|  0%| F|  |TAMS 0x0000000616400000, 0x0000000616400000| Untracked 
|  34|0x0000000616800000, 0x0000000616800000, 0x0000000616c00000|  0%| F|  |TAMS 0x0000000616800000, 0x0000000616800000| Untracked 
|  35|0x0000000616c00000, 0x0000000616c00000, 0x0000000617000000|  0%| F|  |TAMS 0x0000000616c00000, 0x0000000616c00000| Untracked 
|  36|0x0000000617000000, 0x0000000617000000, 0x0000000617400000|  0%| F|  |TAMS 0x0000000617000000, 0x0000000617000000| Untracked 
|  37|0x0000000617400000, 0x0000000617400000, 0x0000000617800000|  0%| F|  |TAMS 0x0000000617400000, 0x0000000617400000| Untracked 
|  38|0x0000000617800000, 0x0000000617800000, 0x0000000617c00000|  0%| F|  |TAMS 0x0000000617800000, 0x0000000617800000| Untracked 
|  39|0x0000000617c00000, 0x0000000617c00000, 0x0000000618000000|  0%| F|  |TAMS 0x0000000617c00000, 0x0000000617c00000| Untracked 
|  40|0x0000000618000000, 0x0000000618000000, 0x0000000618400000|  0%| F|  |TAMS 0x0000000618000000, 0x0000000618000000| Untracked 
|  41|0x0000000618400000, 0x0000000618400000, 0x0000000618800000|  0%| F|  |TAMS 0x0000000618400000, 0x0000000618400000| Untracked 
|  42|0x0000000618800000, 0x0000000618800000, 0x0000000618c00000|  0%| F|  |TAMS 0x0000000618800000, 0x0000000618800000| Untracked 
|  43|0x0000000618c00000, 0x0000000618c00000, 0x0000000619000000|  0%| F|  |TAMS 0x0000000618c00000, 0x0000000618c00000| Untracked 
|  44|0x0000000619000000, 0x0000000619000000, 0x0000000619400000|  0%| F|  |TAMS 0x0000000619000000, 0x0000000619000000| Untracked 
|  45|0x0000000619400000, 0x0000000619400000, 0x0000000619800000|  0%| F|  |TAMS 0x0000000619400000, 0x0000000619400000| Untracked 
|  46|0x0000000619800000, 0x0000000619800000, 0x0000000619c00000|  0%| F|  |TAMS 0x0000000619800000, 0x0000000619800000| Untracked 
|  47|0x0000000619c00000, 0x0000000619c00000, 0x000000061a000000|  0%| F|  |TAMS 0x0000000619c00000, 0x0000000619c00000| Untracked 
|  48|0x000000061a000000, 0x000000061a000000, 0x000000061a400000|  0%| F|  |TAMS 0x000000061a000000, 0x000000061a000000| Untracked 
|  49|0x000000061a400000, 0x000000061a400000, 0x000000061a800000|  0%| F|  |TAMS 0x000000061a400000, 0x000000061a400000| Untracked 
|  50|0x000000061a800000, 0x000000061a800000, 0x000000061ac00000|  0%| F|  |TAMS 0x000000061a800000, 0x000000061a800000| Untracked 
|  51|0x000000061ac00000, 0x000000061ac00000, 0x000000061b000000|  0%| F|  |TAMS 0x000000061ac00000, 0x000000061ac00000| Untracked 
|  52|0x000000061b000000, 0x000000061b000000, 0x000000061b400000|  0%| F|  |TAMS 0x000000061b000000, 0x000000061b000000| Untracked 
|  53|0x000000061b400000, 0x000000061b400000, 0x000000061b800000|  0%| F|  |TAMS 0x000000061b400000, 0x000000061b400000| Untracked 
|  54|0x000000061b800000, 0x000000061b800000, 0x000000061bc00000|  0%| F|  |TAMS 0x000000061b800000, 0x000000061b800000| Untracked 
|  55|0x000000061bc00000, 0x000000061bc00000, 0x000000061c000000|  0%| F|  |TAMS 0x000000061bc00000, 0x000000061bc00000| Untracked 
|  56|0x000000061c000000, 0x000000061c000000, 0x000000061c400000|  0%| F|  |TAMS 0x000000061c000000, 0x000000061c000000| Untracked 
|  57|0x000000061c400000, 0x000000061c400000, 0x000000061c800000|  0%| F|  |TAMS 0x000000061c400000, 0x000000061c400000| Untracked 
|  58|0x000000061c800000, 0x000000061c800000, 0x000000061cc00000|  0%| F|  |TAMS 0x000000061c800000, 0x000000061c800000| Untracked 
|  59|0x000000061cc00000, 0x000000061cc00000, 0x000000061d000000|  0%| F|  |TAMS 0x000000061cc00000, 0x000000061cc00000| Untracked 
|  60|0x000000061d000000, 0x000000061d000000, 0x000000061d400000|  0%| F|  |TAMS 0x000000061d000000, 0x000000061d000000| Untracked 
|  61|0x000000061d400000, 0x000000061d400000, 0x000000061d800000|  0%| F|  |TAMS 0x000000061d400000, 0x000000061d400000| Untracked 
|  62|0x000000061d800000, 0x000000061d800000, 0x000000061dc00000|  0%| F|  |TAMS 0x000000061d800000, 0x000000061d800000| Untracked 
|  63|0x000000061dc00000, 0x000000061dc00000, 0x000000061e000000|  0%| F|  |TAMS 0x000000061dc00000, 0x000000061dc00000| Untracked 
|  64|0x000000061e000000, 0x000000061e000000, 0x000000061e400000|  0%| F|  |TAMS 0x000000061e000000, 0x000000061e000000| Untracked 
|  65|0x000000061e400000, 0x000000061e400000, 0x000000061e800000|  0%| F|  |TAMS 0x000000061e400000, 0x000000061e400000| Untracked 
|  66|0x000000061e800000, 0x000000061e800000, 0x000000061ec00000|  0%| F|  |TAMS 0x000000061e800000, 0x000000061e800000| Untracked 
|  67|0x000000061ec00000, 0x000000061ec00000, 0x000000061f000000|  0%| F|  |TAMS 0x000000061ec00000, 0x000000061ec00000| Untracked 
|  68|0x000000061f000000, 0x000000061f000000, 0x000000061f400000|  0%| F|  |TAMS 0x000000061f000000, 0x000000061f000000| Untracked 
|  69|0x000000061f400000, 0x000000061f400000, 0x000000061f800000|  0%| F|  |TAMS 0x000000061f400000, 0x000000061f400000| Untracked 
|  70|0x000000061f800000, 0x000000061f800000, 0x000000061fc00000|  0%| F|  |TAMS 0x000000061f800000, 0x000000061f800000| Untracked 
|  71|0x000000061fc00000, 0x000000061fc00000, 0x0000000620000000|  0%| F|  |TAMS 0x000000061fc00000, 0x000000061fc00000| Untracked 
|  72|0x0000000620000000, 0x0000000620000000, 0x0000000620400000|  0%| F|  |TAMS 0x0000000620000000, 0x0000000620000000| Untracked 
|  73|0x0000000620400000, 0x0000000620400000, 0x0000000620800000|  0%| F|  |TAMS 0x0000000620400000, 0x0000000620400000| Untracked 
|  74|0x0000000620800000, 0x0000000620800000, 0x0000000620c00000|  0%| F|  |TAMS 0x0000000620800000, 0x0000000620800000| Untracked 
|  75|0x0000000620c00000, 0x0000000620c00000, 0x0000000621000000|  0%| F|  |TAMS 0x0000000620c00000, 0x0000000620c00000| Untracked 
|  76|0x0000000621000000, 0x0000000621000000, 0x0000000621400000|  0%| F|  |TAMS 0x0000000621000000, 0x0000000621000000| Untracked 
|  77|0x0000000621400000, 0x0000000621400000, 0x0000000621800000|  0%| F|  |TAMS 0x0000000621400000, 0x0000000621400000| Untracked 
|  78|0x0000000621800000, 0x0000000621800000, 0x0000000621c00000|  0%| F|  |TAMS 0x0000000621800000, 0x0000000621800000| Untracked 
|  79|0x0000000621c00000, 0x0000000621c00000, 0x0000000622000000|  0%| F|  |TAMS 0x0000000621c00000, 0x0000000621c00000| Untracked 
|  80|0x0000000622000000, 0x0000000622000000, 0x0000000622400000|  0%| F|  |TAMS 0x0000000622000000, 0x0000000622000000| Untracked 
|  81|0x0000000622400000, 0x0000000622400000, 0x0000000622800000|  0%| F|  |TAMS 0x0000000622400000, 0x0000000622400000| Untracked 
|  82|0x0000000622800000, 0x0000000622800000, 0x0000000622c00000|  0%| F|  |TAMS 0x0000000622800000, 0x0000000622800000| Untracked 
|  83|0x0000000622c00000, 0x0000000622c00000, 0x0000000623000000|  0%| F|  |TAMS 0x0000000622c00000, 0x0000000622c00000| Untracked 
|  84|0x0000000623000000, 0x0000000623000000, 0x0000000623400000|  0%| F|  |TAMS 0x0000000623000000, 0x0000000623000000| Untracked 
|  85|0x0000000623400000, 0x0000000623400000, 0x0000000623800000|  0%| F|  |TAMS 0x0000000623400000, 0x0000000623400000| Untracked 
|  86|0x0000000623800000, 0x0000000623800000, 0x0000000623c00000|  0%| F|  |TAMS 0x0000000623800000, 0x0000000623800000| Untracked 
|  87|0x0000000623c00000, 0x0000000623c00000, 0x0000000624000000|  0%| F|  |TAMS 0x0000000623c00000, 0x0000000623c00000| Untracked 
|  88|0x0000000624000000, 0x0000000624000000, 0x0000000624400000|  0%| F|  |TAMS 0x0000000624000000, 0x0000000624000000| Untracked 
|  89|0x0000000624400000, 0x0000000624400000, 0x0000000624800000|  0%| F|  |TAMS 0x0000000624400000, 0x0000000624400000| Untracked 
|  90|0x0000000624800000, 0x0000000624800000, 0x0000000624c00000|  0%| F|  |TAMS 0x0000000624800000, 0x0000000624800000| Untracked 
|  91|0x0000000624c00000, 0x0000000624c00000, 0x0000000625000000|  0%| F|  |TAMS 0x0000000624c00000, 0x0000000624c00000| Untracked 
|  92|0x0000000625000000, 0x0000000625000000, 0x0000000625400000|  0%| F|  |TAMS 0x0000000625000000, 0x0000000625000000| Untracked 
|  93|0x0000000625400000, 0x0000000625400000, 0x0000000625800000|  0%| F|  |TAMS 0x0000000625400000, 0x0000000625400000| Untracked 
|  94|0x0000000625800000, 0x0000000625800000, 0x0000000625c00000|  0%| F|  |TAMS 0x0000000625800000, 0x0000000625800000| Untracked 
|  95|0x0000000625c00000, 0x0000000625c00000, 0x0000000626000000|  0%| F|  |TAMS 0x0000000625c00000, 0x0000000625c00000| Untracked 
|  96|0x0000000626000000, 0x0000000626000000, 0x0000000626400000|  0%| F|  |TAMS 0x0000000626000000, 0x0000000626000000| Untracked 
|  97|0x0000000626400000, 0x0000000626400000, 0x0000000626800000|  0%| F|  |TAMS 0x0000000626400000, 0x0000000626400000| Untracked 
|  98|0x0000000626800000, 0x0000000626800000, 0x0000000626c00000|  0%| F|  |TAMS 0x0000000626800000, 0x0000000626800000| Untracked 
|  99|0x0000000626c00000, 0x0000000626c00000, 0x0000000627000000|  0%| F|  |TAMS 0x0000000626c00000, 0x0000000626c00000| Untracked 
| 100|0x0000000627000000, 0x0000000627000000, 0x0000000627400000|  0%| F|  |TAMS 0x0000000627000000, 0x0000000627000000| Untracked 
| 101|0x0000000627400000, 0x0000000627400000, 0x0000000627800000|  0%| F|  |TAMS 0x0000000627400000, 0x0000000627400000| Untracked 
| 102|0x0000000627800000, 0x0000000627800000, 0x0000000627c00000|  0%| F|  |TAMS 0x0000000627800000, 0x0000000627800000| Untracked 
| 103|0x0000000627c00000, 0x0000000627c00000, 0x0000000628000000|  0%| F|  |TAMS 0x0000000627c00000, 0x0000000627c00000| Untracked 
| 104|0x0000000628000000, 0x0000000628000000, 0x0000000628400000|  0%| F|  |TAMS 0x0000000628000000, 0x0000000628000000| Untracked 
| 105|0x0000000628400000, 0x0000000628400000, 0x0000000628800000|  0%| F|  |TAMS 0x0000000628400000, 0x0000000628400000| Untracked 
| 106|0x0000000628800000, 0x0000000628800000, 0x0000000628c00000|  0%| F|  |TAMS 0x0000000628800000, 0x0000000628800000| Untracked 
| 107|0x0000000628c00000, 0x0000000628c00000, 0x0000000629000000|  0%| F|  |TAMS 0x0000000628c00000, 0x0000000628c00000| Untracked 
| 108|0x0000000629000000, 0x0000000629000000, 0x0000000629400000|  0%| F|  |TAMS 0x0000000629000000, 0x0000000629000000| Untracked 
| 109|0x0000000629400000, 0x0000000629400000, 0x0000000629800000|  0%| F|  |TAMS 0x0000000629400000, 0x0000000629400000| Untracked 
| 110|0x0000000629800000, 0x0000000629800000, 0x0000000629c00000|  0%| F|  |TAMS 0x0000000629800000, 0x0000000629800000| Untracked 
| 111|0x0000000629c00000, 0x0000000629c00000, 0x000000062a000000|  0%| F|  |TAMS 0x0000000629c00000, 0x0000000629c00000| Untracked 
| 112|0x000000062a000000, 0x000000062a000000, 0x000000062a400000|  0%| F|  |TAMS 0x000000062a000000, 0x000000062a000000| Untracked 
| 113|0x000000062a400000, 0x000000062a400000, 0x000000062a800000|  0%| F|  |TAMS 0x000000062a400000, 0x000000062a400000| Untracked 
| 114|0x000000062a800000, 0x000000062a800000, 0x000000062ac00000|  0%| F|  |TAMS 0x000000062a800000, 0x000000062a800000| Untracked 
| 115|0x000000062ac00000, 0x000000062ac00000, 0x000000062b000000|  0%| F|  |TAMS 0x000000062ac00000, 0x000000062ac00000| Untracked 
| 116|0x000000062b000000, 0x000000062b000000, 0x000000062b400000|  0%| F|  |TAMS 0x000000062b000000, 0x000000062b000000| Untracked 
| 117|0x000000062b400000, 0x000000062b400000, 0x000000062b800000|  0%| F|  |TAMS 0x000000062b400000, 0x000000062b400000| Untracked 
| 118|0x000000062b800000, 0x000000062b800000, 0x000000062bc00000|  0%| F|  |TAMS 0x000000062b800000, 0x000000062b800000| Untracked 
| 119|0x000000062bc00000, 0x000000062bc00000, 0x000000062c000000|  0%| F|  |TAMS 0x000000062bc00000, 0x000000062bc00000| Untracked 
| 120|0x000000062c000000, 0x000000062c000000, 0x000000062c400000|  0%| F|  |TAMS 0x000000062c000000, 0x000000062c000000| Untracked 
| 121|0x000000062c400000, 0x000000062c576800, 0x000000062c800000| 36%| E|  |TAMS 0x000000062c400000, 0x000000062c400000| Complete 
| 122|0x000000062c800000, 0x000000062cc00000, 0x000000062cc00000|100%| E|CS|TAMS 0x000000062c800000, 0x000000062c800000| Complete 
| 123|0x000000062cc00000, 0x000000062d000000, 0x000000062d000000|100%| E|CS|TAMS 0x000000062cc00000, 0x000000062cc00000| Complete 
| 124|0x000000062d000000, 0x000000062d400000, 0x000000062d400000|100%| E|CS|TAMS 0x000000062d000000, 0x000000062d000000| Complete 
|1990|0x00000007ff800000, 0x00000007ffb75000, 0x00000007ffc00000| 86%|OA|  |TAMS 0x00000007ff800000, 0x00000007ff800000| Untracked 
|1991|0x00000007ffc00000, 0x00000007ffc78000, 0x0000000800000000| 11%|CA|  |TAMS 0x00000007ffc00000, 0x00000007ffc00000| Untracked 

Card table byte_map: [0x000078b2c74e0000,0x000078b2c8470000] _byte_map_base: 0x000078b2c4470000

Marking Bits (Prev, Next): (CMBitMap*) 0x000078b2e005b4f0, (CMBitMap*) 0x000078b2e005b530
 Prev Bits: [0x000078b2be8d0000, 0x000078b2c6550000)
 Next Bits: [0x000078b2b6c50000, 0x000078b2be8d0000)

Polling page: 0x000078b2e722e000

Metaspace:

Usage:
  Non-class:      3.77 MB used.
      Class:    349.16 KB used.
       Both:      4.11 MB used.

Virtual space:
  Non-class space:       64.00 MB reserved,       3.88 MB (  6%) committed,  1 nodes.
      Class space:        1.00 GB reserved,     448.00 KB ( <1%) committed,  1 nodes.
             Both:        1.06 GB reserved,       4.31 MB ( <1%) committed. 

Chunk freelists:
   Non-Class:  10.88 MB
       Class:  15.61 MB
        Both:  26.48 MB

MaxMetaspaceSize: unlimited
CompressedClassSpaceSize: 1.00 GB
Initial GC threshold: 21.00 MB
Current GC threshold: 21.00 MB
CDS: on
MetaspaceReclaimPolicy: balanced
 - commit_granule_bytes: 65536.
 - commit_granule_words: 8192.
 - virtual_space_node_default_size: 8388608.
 - enlarge_chunks_in_place: 1.
 - new_chunks_are_fully_committed: 0.
 - uncommit_free_chunks: 1.
 - use_allocation_guard: 0.
 - handle_deallocations: 1.


Internal statistics:

num_allocs_failed_limit: 0.
num_arena_births: 162.
num_arena_deaths: 0.
num_vsnodes_births: 2.
num_vsnodes_deaths: 0.
num_space_committed: 69.
num_space_uncommitted: 0.
num_chunks_returned_to_freelist: 0.
num_chunks_taken_from_freelist: 233.
num_chunk_merges: 0.
num_chunk_splits: 157.
num_chunks_enlarged: 98.
num_inconsistent_stats: 0.

CodeHeap 'non-profiled nmethods': size=120028Kb used=300Kb max_used=300Kb free=119728Kb
 bounds [0x000078b2d0ec9000, 0x000078b2d1139000, 0x000078b2d8400000]
CodeHeap 'profiled nmethods': size=120028Kb used=1401Kb max_used=1401Kb free=118626Kb
 bounds [0x000078b2c9400000, 0x000078b2c9670000, 0x000078b2d0937000]
CodeHeap 'non-nmethods': size=5704Kb used=1595Kb max_used=1613Kb free=4108Kb
 bounds [0x000078b2d0937000, 0x000078b2d0ba7000, 0x000078b2d0ec9000]
 total_blobs=1895 nmethods=865 adapters=944
 compilation: enabled
              stopped_count=0, restarted_count=0
 full_count=0

Compilation events (20 events):
Event: 0.253 Thread 0x000078b2e01696d0  854       3       java.lang.ref.Reference::<init> (7 bytes)
Event: 0.253 Thread 0x000078b2e01696d0 nmethod 854 0x000078b2c955bb90 code [0x000078b2c955bd40, 0x000078b2c955bff0]
Event: 0.253 Thread 0x000078b2e01696d0  859       3       java.lang.Integer::valueOf (32 bytes)
Event: 0.253 Thread 0x000078b2e01696d0 nmethod 859 0x000078b2c955c110 code [0x000078b2c955c2e0, 0x000078b2c955c5f0]
Event: 0.253 Thread 0x000078b2e01696d0  855       1       java.lang.reflect.Field::getDeclaringClass (5 bytes)
Event: 0.253 Thread 0x000078b2e01696d0 nmethod 855 0x000078b2d0f13a10 code [0x000078b2d0f13ba0, 0x000078b2d0f13c70]
Event: 0.253 Thread 0x000078b2e01696d0  860       3       java.lang.reflect.Field::setFieldAccessor (34 bytes)
Event: 0.254 Thread 0x000078b2e01696d0 nmethod 860 0x000078b2c955c710 code [0x000078b2c955c8e0, 0x000078b2c955cd20]
Event: 0.254 Thread 0x000078b2e01696d0  856       1       java.lang.reflect.Field::getRoot (5 bytes)
Event: 0.254 Thread 0x000078b2e01696d0 nmethod 856 0x000078b2d0f13d10 code [0x000078b2d0f13ea0, 0x000078b2d0f13f70]
Event: 0.254 Thread 0x000078b2e01696d0  862       3       jdk.internal.misc.Unsafe::ensureClassInitialized (18 bytes)
Event: 0.254 Thread 0x000078b2e01696d0 nmethod 862 0x000078b2c955ce10 code [0x000078b2c955cfc0, 0x000078b2c955d1f0]
Event: 0.254 Thread 0x000078b2e01696d0  863       3       java.lang.reflect.Modifier::isVolatile (13 bytes)
Event: 0.254 Thread 0x000078b2e01696d0 nmethod 863 0x000078b2c955d310 code [0x000078b2c955d4a0, 0x000078b2c955d5d0]
Event: 0.254 Thread 0x000078b2e01696d0  864       3       jdk.internal.reflect.MagicAccessorImpl::<init> (5 bytes)
Event: 0.254 Thread 0x000078b2e01696d0 nmethod 864 0x000078b2c955d690 code [0x000078b2c955d840, 0x000078b2c955d990]
Event: 0.254 Thread 0x000078b2e01696d0  865       3       java.lang.ref.WeakReference::<init> (6 bytes)
Event: 0.254 Thread 0x000078b2e01696d0 nmethod 865 0x000078b2c955da90 code [0x000078b2c955dc40, 0x000078b2c955df50]
Event: 0.254 Thread 0x000078b2e01696d0  861       3       java.lang.reflect.AccessibleObject::checkAccess (40 bytes)
Event: 0.254 Thread 0x000078b2e01696d0 nmethod 861 0x000078b2c955e090 code [0x000078b2c955e260, 0x000078b2c955e590]

GC Heap History (0 events):
No events

Dll operation events (10 events):
Event: 0.001 Loaded shared library /usr/lib/jvm/java-17-amazon-corretto/lib/libjava.so
Event: 0.012 Loaded shared library /usr/lib/jvm/java-17-amazon-corretto/lib/libjsvml.so
Event: 0.035 Loaded shared library /usr/lib/jvm/java-17-amazon-corretto/lib/libnio.so
Event: 0.035 Loaded shared library /usr/lib/jvm/java-17-amazon-corretto/lib/libjimage.so
Event: 0.037 Loaded shared library /usr/lib/jvm/java-17-amazon-corretto/lib/libawt.so
Event: 0.041 Loaded shared library /usr/lib/jvm/java-17-amazon-corretto/lib/libawt_xawt.so
Event: 0.074 Loaded shared library /usr/lib/jvm/java-17-amazon-corretto/lib/libnet.so
Event: 0.078 Loaded shared library /usr/lib/jvm/java-17-amazon-corretto/lib/libfontmanager.so
Event: 0.125 Loaded shared library /usr/lib/jvm/java-17-amazon-corretto/lib/libzip.so
Event: 0.174 Loaded shared library /tmp/lwjgl_cookiebot/3.3.6+1/x64/liblwjgl.so

Deoptimization events (20 events):
Event: 0.242 Thread 0x000078b2e02644f0 DEOPT PACKING pc=0x000078b2c951d654 sp=0x000078b2a51fc020
Event: 0.242 Thread 0x000078b2e02644f0 DEOPT UNPACKING pc=0x000078b2d098de2f sp=0x000078b2a51fb4b8 mode 0
Event: 0.242 Thread 0x000078b2e02644f0 DEOPT PACKING pc=0x000078b2c951d79c sp=0x000078b2a51fc020
Event: 0.242 Thread 0x000078b2e02644f0 DEOPT UNPACKING pc=0x000078b2d098de2f sp=0x000078b2a51fb4b8 mode 0
Event: 0.242 Thread 0x000078b2e02644f0 DEOPT PACKING pc=0x000078b2c951d763 sp=0x000078b2a51fc020
Event: 0.242 Thread 0x000078b2e02644f0 DEOPT UNPACKING pc=0x000078b2d098de2f sp=0x000078b2a51fb4b8 mode 0
Event: 0.242 Thread 0x000078b2e02644f0 DEOPT PACKING pc=0x000078b2c951d654 sp=0x000078b2a51fc020
Event: 0.242 Thread 0x000078b2e02644f0 DEOPT UNPACKING pc=0x000078b2d098de2f sp=0x000078b2a51fb4b8 mode 0
Event: 0.242 Thread 0x000078b2e02644f0 DEOPT PACKING pc=0x000078b2c951d654 sp=0x000078b2a51fc020
Event: 0.242 Thread 0x000078b2e02644f0 DEOPT UNPACKING pc=0x000078b2d098de2f sp=0x000078b2a51fb4b8 mode 0
Event: 0.242 Thread 0x000078b2e02644f0 DEOPT PACKING pc=0x000078b2c951d654 sp=0x000078b2a51fc020
Event: 0.242 Thread 0x000078b2e02644f0 DEOPT UNPACKING pc=0x000078b2d098de2f sp=0x000078b2a51fb4b8 mode 0
Event: 0.242 Thread 0x000078b2e02644f0 DEOPT PACKING pc=0x000078b2c951d654 sp=0x000078b2a51fc020
Event: 0.242 Thread 0x000078b2e02644f0 DEOPT UNPACKING pc=0x000078b2d098de2f sp=0x000078b2a51fb4b8 mode 0
Event: 0.242 Thread 0x000078b2e02644f0 DEOPT PACKING pc=0x000078b2c951d79c sp=0x000078b2a51fc020
Event: 0.242 Thread 0x000078b2e02644f0 DEOPT UNPACKING pc=0x000078b2d098de2f sp=0x000078b2a51fb4b8 mode 0
Event: 0.242 Thread 0x000078b2e02644f0 DEOPT PACKING pc=0x000078b2c951d763 sp=0x000078b2a51fc020
Event: 0.242 Thread 0x000078b2e02644f0 DEOPT UNPACKING pc=0x000078b2d098de2f sp=0x000078b2a51fb4b8 mode 0
Event: 0.242 Thread 0x000078b2e02644f0 DEOPT PACKING pc=0x000078b2c951d763 sp=0x000078b2a51fc020
Event: 0.242 Thread 0x000078b2e02644f0 DEOPT UNPACKING pc=0x000078b2d098de2f sp=0x000078b2a51fb4b8 mode 0

Classes loaded (20 events):
Event: 0.222 Loading class sun/misc/Unsafe
Event: 0.223 Loading class sun/misc/Unsafe done
Event: 0.223 Loading class jdk/internal/reflect/UnsafeFieldAccessorFactory
Event: 0.223 Loading class jdk/internal/reflect/UnsafeFieldAccessorFactory done
Event: 0.223 Loading class jdk/internal/reflect/UnsafeQualifiedStaticObjectFieldAccessorImpl
Event: 0.223 Loading class jdk/internal/reflect/UnsafeQualifiedStaticFieldAccessorImpl
Event: 0.223 Loading class jdk/internal/reflect/UnsafeQualifiedStaticFieldAccessorImpl done
Event: 0.223 Loading class jdk/internal/reflect/UnsafeQualifiedStaticObjectFieldAccessorImpl done
Event: 0.224 Loading class java/util/function/LongPredicate
Event: 0.224 Loading class java/util/function/LongPredicate done
Event: 0.225 Loading class jdk/internal/access/foreign/MemorySegmentProxy
Event: 0.225 Loading class jdk/internal/access/foreign/MemorySegmentProxy done
Event: 0.225 Loading class java/lang/NoSuchFieldError
Event: 0.225 Loading class java/lang/NoSuchFieldError done
Event: 0.227 Loading class java/nio/InvalidMarkException
Event: 0.227 Loading class java/nio/InvalidMarkException done
Event: 0.227 Loading class java/nio/BufferUnderflowException
Event: 0.227 Loading class java/nio/BufferUnderflowException done
Event: 0.252 Loading class jdk/internal/reflect/UnsafeQualifiedStaticIntegerFieldAccessorImpl
Event: 0.252 Loading class jdk/internal/reflect/UnsafeQualifiedStaticIntegerFieldAccessorImpl done

Classes unloaded (0 events):
No events

Classes redefined (0 events):
No events

Internal exceptions (18 events):
Event: 0.030 Thread 0x000078b2e002c070 Exception <a 'java/lang/ClassNotFoundException'{0x000000062d047368}: sun/awt/resources/spi/awtProvider> (0x000000062d047368) 
thrown [src/hotspot/share/classfile/systemDictionary.cpp, line 256]
Event: 0.049 Thread 0x000078b2e002c070 Exception <a 'java/io/FileNotFoundException'{0x000000062d19e960}> (0x000000062d19e960) 
thrown [src/hotspot/share/prims/jni.cpp, line 516]
Event: 0.054 Thread 0x000078b2e002c070 Exception <a 'java/io/FileNotFoundException'{0x000000062d1cb658}> (0x000000062d1cb658) 
thrown [src/hotspot/share/prims/jni.cpp, line 516]
Event: 0.082 Thread 0x000078b2e002c070 Exception <a 'java/lang/NoSuchMethodError'{0x000000062d242368}: 'java.lang.Object java.lang.invoke.DirectMethodHandle$Holder.invokeStaticInit(java.lang.Object)'> (0x000000062d242368) 
thrown [src/hotspot/share/interpreter/linkResolver.cpp, line 759]
Event: 0.140 Thread 0x000078b214000ff0 Exception <a 'java/lang/NoSuchMethodError'{0x000000062ce99e98}: 'void java.lang.invoke.DirectMethodHandle$Holder.invokeStatic(java.lang.Object, java.lang.Object)'> (0x000000062ce99e98) 
thrown [src/hotspot/share/interpreter/linkResolver.cpp, line 759]
Event: 0.140 Thread 0x000078b214000ff0 Exception <a 'java/lang/NoSuchMethodError'{0x000000062ce9ef18}: 'void java.lang.invoke.DirectMethodHandle$Holder.invokeSpecial(java.lang.Object, java.lang.Object, java.lang.Object)'> (0x000000062ce9ef18) 
thrown [src/hotspot/share/interpreter/linkResolver.cpp, line 759]
Event: 0.142 Thread 0x000078b214000ff0 Exception <a 'java/lang/NoSuchMethodError'{0x000000062ceaffb0}: 'java.lang.Object java.lang.invoke.DirectMethodHandle$Holder.invokeStatic(java.lang.Object, java.lang.Object, int)'> (0x000000062ceaffb0) 
thrown [src/hotspot/share/interpreter/linkResolver.cpp, line 759]
Event: 0.142 Thread 0x000078b214000ff0 Exception <a 'java/lang/NoSuchMethodError'{0x000000062cebb238}: 'void java.lang.invoke.DelegatingMethodHandle$Holder.delegate(java.lang.Object, java.lang.Object, int, java.lang.Object)'> (0x000000062cebb238) 
thrown [src/hotspot/share/interpreter/linkResolver.cpp, line 759]
Event: 0.142 Thread 0x000078b214000ff0 Exception <a 'java/lang/NoSuchMethodError'{0x000000062cebf350}: 'int java.lang.invoke.DirectMethodHandle$Holder.invokeSpecial(java.lang.Object, java.lang.Object, java.lang.Object)'> (0x000000062cebf350) 
thrown [src/hotspot/share/interpreter/linkResolver.cpp, line 759]
Event: 0.177 Thread 0x000078b214000ff0 Exception <a 'sun/nio/fs/UnixException'{0x000000062ca187d0}> (0x000000062ca187d0) 
thrown [src/hotspot/share/prims/jni.cpp, line 516]
Event: 0.224 Thread 0x000078b2e02644f0 Exception <a 'java/lang/NoSuchMethodError'{0x000000062ce2bbb8}: 'int java.lang.invoke.DirectMethodHandle$Holder.invokeStaticInit(java.lang.Object, java.lang.Object, int, long)'> (0x000000062ce2bbb8) 
thrown [src/hotspot/share/interpreter/linkResolver.cpp, line 759]
Event: 0.224 Thread 0x000078b2e02644f0 Exception <a 'java/lang/NoSuchMethodError'{0x000000062ce31480}: 'java.lang.Object java.lang.invoke.DirectMethodHandle$Holder.newInvokeSpecial(java.lang.Object, java.lang.Object, int)'> (0x000000062ce31480) 
thrown [src/hotspot/share/interpreter/linkResolver.cpp, line 759]
Event: 0.225 Thread 0x000078b214000ff0 Exception <a 'sun/nio/fs/UnixException'{0x000000062c466618}> (0x000000062c466618) 
thrown [src/hotspot/share/prims/jni.cpp, line 516]
Event: 0.225 Thread 0x000078b2e02644f0 Exception <a 'java/lang/NoSuchMethodError'{0x000000062ce3fda0}: 'int java.lang.invoke.DirectMethodHandle$Holder.invokeStaticInit(java.lang.Object, java.lang.Object, long, long)'> (0x000000062ce3fda0) 
thrown [src/hotspot/share/interpreter/linkResolver.cpp, line 759]
Event: 0.226 Thread 0x000078b2e02644f0 Exception <a 'java/lang/NoSuchMethodError'{0x000000062ce45a30}: 'java.lang.Object java.lang.invoke.DirectMethodHandle$Holder.newInvokeSpecial(java.lang.Object, java.lang.Object, long)'> (0x000000062ce45a30) 
thrown [src/hotspot/share/interpreter/linkResolver.cpp, line 759]
Event: 0.226 Thread 0x000078b2e02644f0 Exception <a 'java/lang/NoSuchMethodError'{0x000000062ce495a0}: 'java.lang.Object java.lang.invoke.Invokers$Holder.linkToTargetMethod(java.lang.Object, long, java.lang.Object)'> (0x000000062ce495a0) 
thrown [src/hotspot/share/interpreter/linkResolver.cpp, line 759]
Event: 0.226 Thread 0x000078b2e02644f0 Exception <a 'java/lang/NoSuchMethodError'{0x000000062ce50a70}: 'int java.lang.invoke.DirectMethodHandle$Holder.invokeStaticInit(java.lang.Object, java.lang.Object, java.lang.Object, long)'> (0x000000062ce50a70) 
thrown [src/hotspot/share/interpreter/linkResolver.cpp, line 759]
Event: 0.235 Thread 0x000078b2e02644f0 Exception <a 'sun/nio/fs/UnixException'{0x000000062c4bef98}> (0x000000062c4bef98) 
thrown [src/hotspot/share/prims/jni.cpp, line 516]

VM Operations (4 events):
Event: 0.089 Executing VM operation: HandshakeAllThreads
Event: 0.089 Executing VM operation: HandshakeAllThreads done
Event: 0.222 Executing VM operation: HandshakeAllThreads
Event: 0.222 Executing VM operation: HandshakeAllThreads done

Memory protections (17 events):
Event: 0.001 Protecting memory [0x000078b2e6d00000,0x000078b2e6d04000] with protection modes 0
Event: 0.014 Protecting memory [0x000078b2a7900000,0x000078b2a7904000] with protection modes 0
Event: 0.014 Protecting memory [0x000078b2a7800000,0x000078b2a7804000] with protection modes 0
Event: 0.016 Protecting memory [0x000078b2a7100000,0x000078b2a7104000] with protection modes 0
Event: 0.016 Protecting memory [0x000078b2a7000000,0x000078b2a7004000] with protection modes 0
Event: 0.016 Protecting memory [0x000078b2a6f00000,0x000078b2a6f04000] with protection modes 0
Event: 0.016 Protecting memory [0x000078b2a6e00000,0x000078b2a6e04000] with protection modes 0
Event: 0.016 Protecting memory [0x000078b2a6d00000,0x000078b2a6d04000] with protection modes 0
Event: 0.016 Protecting memory [0x000078b2a6c00000,0x000078b2a6c04000] with protection modes 0
Event: 0.021 Protecting memory [0x000078b2a6b00000,0x000078b2a6b04000] with protection modes 0
Event: 0.022 Protecting memory [0x000078b2a68ff000,0x000078b2a6903000] with protection modes 0
Event: 0.083 Protecting memory [0x000078b2a6100000,0x000078b2a6104000] with protection modes 0
Event: 0.115 Protecting memory [0x000078b2a5d00000,0x000078b2a5d04000] with protection modes 0
Event: 0.123 Protecting memory [0x000078b2a5500000,0x000078b2a5504000] with protection modes 0
Event: 0.123 Protecting memory [0x000078b2a5100000,0x000078b2a5104000] with protection modes 0
Event: 0.123 Protecting memory [0x000078b2a5000000,0x000078b2a5004000] with protection modes 0
Event: 0.123 Protecting memory [0x000078b2e6d00000,0x000078b2e6d04000] with protection modes 0

Nmethod flushes (0 events):
No events

Events (19 events):
Event: 0.012 Thread 0x000078b2e002c070 Thread added: 0x000078b2e002c070
Event: 0.014 Thread 0x000078b2e002c070 Thread added: 0x000078b2e015d6c0
Event: 0.014 Thread 0x000078b2e002c070 Thread added: 0x000078b2e015eaa0
Event: 0.016 Thread 0x000078b2e002c070 Thread added: 0x000078b2e0164030
Event: 0.016 Thread 0x000078b2e002c070 Thread added: 0x000078b2e01653e0
Event: 0.016 Thread 0x000078b2e002c070 Thread added: 0x000078b2e01667f0
Event: 0.016 Thread 0x000078b2e002c070 Thread added: 0x000078b2e01681a0
Event: 0.016 Thread 0x000078b2e002c070 Thread added: 0x000078b2e01696d0
Event: 0.016 Thread 0x000078b2e002c070 Thread added: 0x000078b2e0172b30
Event: 0.021 Thread 0x000078b2e002c070 Thread added: 0x000078b2e017a770
Event: 0.022 Thread 0x000078b2e002c070 Thread added: 0x000078b2e017df00
Event: 0.083 Thread 0x000078b2e002c070 Thread added: 0x000078b2e02428f0
Event: 0.115 Thread 0x000078b2e01696d0 Thread added: 0x000078b238174f10
Event: 0.123 Thread 0x000078b2e002c070 Thread added: 0x000078b2e02636f0
Event: 0.123 Thread 0x000078b2e002c070 Thread added: 0x000078b2e02644f0
Event: 0.123 Thread 0x000078b2e02636f0 Thread added: 0x000078b214000ff0
Event: 0.123 Thread 0x000078b2e002c070 Thread exited: 0x000078b2e002c070
Event: 0.123 Thread 0x000078b2e02636f0 Thread exited: 0x000078b2e02636f0
Event: 0.123 Thread 0x000078b2e002c070 Thread added: 0x000078b2e002c070


Dynamic libraries:
60e000000-62d400000 rw-p 00000000 00:00 0 
62d400000-7ff800000 ---p 00000000 00:00 0 
7ff800000-7ffb00000 rw-p 00000000 00:00 0 
7ffb00000-7ffb75000 rw-p 00c7a000 103:05 15074430                        /usr/lib/jvm/java-17-amazon-corretto/lib/server/classes.jsa
7ffb75000-7ffc00000 rw-p 00000000 00:00 0 
7ffc00000-7ffc78000 rw-p 00c02000 103:05 15074430                        /usr/lib/jvm/java-17-amazon-corretto/lib/server/classes.jsa
7ffc78000-800000000 rw-p 00000000 00:00 0 
60fb3ca00000-60fb3ca01000 r-xp 00000000 103:05 15077193                  /usr/lib/jvm/java-17-amazon-corretto/bin/java
60fb3cc01000-60fb3cc02000 r--p 00001000 103:05 15077193                  /usr/lib/jvm/java-17-amazon-corretto/bin/java
60fb3cc02000-60fb3cc03000 rw-p 00002000 103:05 15077193                  /usr/lib/jvm/java-17-amazon-corretto/bin/java
60fb3f3db000-60fb3f425000 rw-p 00000000 00:00 0                          [heap]
78b20c000000-78b20c4cd000 rw-p 00000000 00:00 0 
78b20c4cd000-78b210000000 ---p 00000000 00:00 0 
78b214000000-78b214021000 rw-p 00000000 00:00 0 
78b214021000-78b218000000 ---p 00000000 00:00 0 
78b218000000-78b21819f000 rw-p 00000000 00:00 0 
78b21819f000-78b21c000000 ---p 00000000 00:00 0 
78b21c000000-78b21c021000 rw-p 00000000 00:00 0 
78b21c021000-78b220000000 ---p 00000000 00:00 0 
78b220000000-78b2203a6000 rw-p 00000000 00:00 0 
78b2203a6000-78b224000000 ---p 00000000 00:00 0 
78b224000000-78b224021000 rw-p 00000000 00:00 0 
78b224021000-78b228000000 ---p 00000000 00:00 0 
78b228000000-78b228021000 rw-p 00000000 00:00 0 
78b228021000-78b22c000000 ---p 00000000 00:00 0 
78b22c000000-78b22c021000 rw-p 00000000 00:00 0 
78b22c021000-78b230000000 ---p 00000000 00:00 0 
78b230000000-78b230021000 rw-p 00000000 00:00 0 
78b230021000-78b234000000 ---p 00000000 00:00 0 
78b234000000-78b234373000 rw-p 00000000 00:00 0 
78b234373000-78b238000000 ---p 00000000 00:00 0 
78b238000000-78b238335000 rw-p 00000000 00:00 0 
78b238335000-78b23c000000 ---p 00000000 00:00 0 
78b23c000000-78b23c021000 rw-p 00000000 00:00 0 
78b23c021000-78b240000000 ---p 00000000 00:00 0 
78b240000000-78b240021000 rw-p 00000000 00:00 0 
78b240021000-78b244000000 ---p 00000000 00:00 0 
78b244000000-78b244021000 rw-p 00000000 00:00 0 
78b244021000-78b248000000 ---p 00000000 00:00 0 
78b248000000-78b248021000 rw-p 00000000 00:00 0 
78b248021000-78b24c000000 ---p 00000000 00:00 0 
78b24c000000-78b24c021000 rw-p 00000000 00:00 0 
78b24c021000-78b250000000 ---p 00000000 00:00 0 
78b251d1b000-78b251d22000 r--p 00000000 103:05 14971447                  /usr/lib/x86_64-linux-gnu/libblkid.so.1.1.0
78b251d22000-78b251d46000 r-xp 00007000 103:05 14971447                  /usr/lib/x86_64-linux-gnu/libblkid.so.1.1.0
78b251d46000-78b251d4f000 r--p 0002b000 103:05 14971447                  /usr/lib/x86_64-linux-gnu/libblkid.so.1.1.0
78b251d4f000-78b251d55000 r--p 00033000 103:05 14971447                  /usr/lib/x86_64-linux-gnu/libblkid.so.1.1.0
78b251d55000-78b251d56000 rw-p 00039000 103:05 14971447                  /usr/lib/x86_64-linux-gnu/libblkid.so.1.1.0
78b252230000-78b252269000 r--p 00000000 103:05 14942577                  /usr/lib/x86_64-linux-gnu/libgio-2.0.so.0.8000.0
78b252269000-78b252380000 r-xp 00039000 103:05 14942577                  /usr/lib/x86_64-linux-gnu/libgio-2.0.so.0.8000.0
78b252380000-78b2523f5000 r--p 00150000 103:05 14942577                  /usr/lib/x86_64-linux-gnu/libgio-2.0.so.0.8000.0
78b2523f5000-78b2523fd000 r--p 001c4000 103:05 14942577                  /usr/lib/x86_64-linux-gnu/libgio-2.0.so.0.8000.0
78b2523fd000-78b2523fe000 rw-p 001cc000 103:05 14942577                  /usr/lib/x86_64-linux-gnu/libgio-2.0.so.0.8000.0
78b2523fe000-78b252400000 rw-p 00000000 00:00 0 
78b252b01000-78b252c00000 rw-s 00000000 00:01 5873                       /memfd:wayland-cursor (deleted)
78b252c00000-78b253000000 rw-p 00000000 00:00 0 
78b253000000-78b2532c0000 rw-p 00000000 00:00 0 
78b2532c0000-78b253400000 ---p 00000000 00:00 0 
78b253400000-78b253520000 rw-p 00000000 00:00 0 
78b253520000-78b257000000 ---p 00000000 00:00 0 
78b257000000-78b257bca000 rw-p 00001000 103:05 15074430                  /usr/lib/jvm/java-17-amazon-corretto/lib/server/classes.jsa
78b257bca000-78b258000000 ---p 00000000 00:00 0 
78b258000000-78b258030000 rw-p 00000000 00:00 0 
78b258030000-78b258040000 ---p 00000000 00:00 0 
78b258040000-78b258080000 rw-p 00000000 00:00 0 
78b258080000-78b298000000 ---p 00000000 00:00 0 
78b298000000-78b298021000 rw-p 00000000 00:00 0 
78b298021000-78b29c000000 ---p 00000000 00:00 0 
78b29c000000-78b29c021000 rw-p 00000000 00:00 0 
78b29c021000-78b2a0000000 ---p 00000000 00:00 0 
78b2a0000000-78b2a0021000 rw-p 00000000 00:00 0 
78b2a0021000-78b2a4000000 ---p 00000000 00:00 0 
78b2a4071000-78b2a4073000 r--p 00000000 103:05 14942599                  /usr/lib/x86_64-linux-gnu/libpcre2-8.so.0.11.2
78b2a4073000-78b2a40e1000 r-xp 00002000 103:05 14942599                  /usr/lib/x86_64-linux-gnu/libpcre2-8.so.0.11.2
78b2a40e1000-78b2a4109000 r--p 00070000 103:05 14942599                  /usr/lib/x86_64-linux-gnu/libpcre2-8.so.0.11.2
78b2a4109000-78b2a410a000 r--p 00097000 103:05 14942599                  /usr/lib/x86_64-linux-gnu/libpcre2-8.so.0.11.2
78b2a410a000-78b2a410b000 rw-p 00098000 103:05 14942599                  /usr/lib/x86_64-linux-gnu/libpcre2-8.so.0.11.2
78b2a41b8000-78b2a42b7000 rw-s 00000000 00:01 19647                      /memfd:wayland-cursor (deleted)
78b2a42b7000-78b2a42d5000 r--p 00000000 103:05 14942585                  /usr/lib/x86_64-linux-gnu/libglib-2.0.so.0.8000.0
78b2a42d5000-78b2a4375000 r-xp 0001e000 103:05 14942585                  /usr/lib/x86_64-linux-gnu/libglib-2.0.so.0.8000.0
78b2a4375000-78b2a43fd000 r--p 000be000 103:05 14942585                  /usr/lib/x86_64-linux-gnu/libglib-2.0.so.0.8000.0
78b2a43fd000-78b2a43fe000 r--p 00146000 103:05 14942585                  /usr/lib/x86_64-linux-gnu/libglib-2.0.so.0.8000.0
78b2a43fe000-78b2a43ff000 rw-p 00147000 103:05 14942585                  /usr/lib/x86_64-linux-gnu/libglib-2.0.so.0.8000.0
78b2a43ff000-78b2a4400000 rw-p 00000000 00:00 0 
78b2a4400000-78b2a4800000 rw-p 00000000 00:00 0 
78b2a4800000-78b2a4808000 r--p 00000000 103:05 4225292                   /tmp/lwjgl_cookiebot/3.3.6+1/x64/libjemalloc.so
78b2a4808000-78b2a4860000 r-xp 00008000 103:05 4225292                   /tmp/lwjgl_cookiebot/3.3.6+1/x64/libjemalloc.so
78b2a4860000-78b2a4871000 r--p 00060000 103:05 4225292                   /tmp/lwjgl_cookiebot/3.3.6+1/x64/libjemalloc.so
78b2a4871000-78b2a4872000 ---p 00071000 103:05 4225292                   /tmp/lwjgl_cookiebot/3.3.6+1/x64/libjemalloc.so
78b2a4872000-78b2a4878000 r--p 00071000 103:05 4225292                   /tmp/lwjgl_cookiebot/3.3.6+1/x64/libjemalloc.so
78b2a4878000-78b2a4879000 rw-p 00077000 103:05 4225292                   /tmp/lwjgl_cookiebot/3.3.6+1/x64/libjemalloc.so
78b2a4879000-78b2a4a83000 rw-p 00000000 00:00 0 
78b2a4a8b000-78b2a4a91000 r--p 00000000 103:05 14942867                  /usr/lib/x86_64-linux-gnu/libselinux.so.1
78b2a4a91000-78b2a4aae000 r-xp 00006000 103:05 14942867                  /usr/lib/x86_64-linux-gnu/libselinux.so.1
78b2a4aae000-78b2a4ab4000 r--p 00023000 103:05 14942867                  /usr/lib/x86_64-linux-gnu/libselinux.so.1
78b2a4ab4000-78b2a4ab5000 r--p 00029000 103:05 14942867                  /usr/lib/x86_64-linux-gnu/libselinux.so.1
78b2a4ab5000-78b2a4ab6000 rw-p 0002a000 103:05 14942867                  /usr/lib/x86_64-linux-gnu/libselinux.so.1
78b2a4ab6000-78b2a4ab8000 rw-p 00000000 00:00 0 
78b2a4ab8000-78b2a4ac1000 r--p 00000000 103:05 14970096                  /usr/lib/x86_64-linux-gnu/libmount.so.1.1.0
78b2a4ac1000-78b2a4af5000 r-xp 00009000 103:05 14970096                  /usr/lib/x86_64-linux-gnu/libmount.so.1.1.0
78b2a4af5000-78b2a4b02000 r--p 0003d000 103:05 14970096                  /usr/lib/x86_64-linux-gnu/libmount.so.1.1.0
78b2a4b02000-78b2a4b04000 r--p 00049000 103:05 14970096                  /usr/lib/x86_64-linux-gnu/libmount.so.1.1.0
78b2a4b04000-78b2a4b05000 rw-p 0004b000 103:05 14970096                  /usr/lib/x86_64-linux-gnu/libmount.so.1.1.0
78b2a4c00000-78b2a4c07000 r-xp 00000000 103:05 15074263                  /usr/lib/jvm/java-17-amazon-corretto/lib/libzip.so
78b2a4c07000-78b2a4e07000 ---p 00007000 103:05 15074263                  /usr/lib/jvm/java-17-amazon-corretto/lib/libzip.so
78b2a4e07000-78b2a4e08000 r--p 00007000 103:05 15074263                  /usr/lib/jvm/java-17-amazon-corretto/lib/libzip.so
78b2a4e08000-78b2a4e09000 rw-p 00000000 00:00 0 
78b2a4e60000-78b2a4f30000 rw-s 00000000 00:01 5872                       /memfd:wayland-cursor (deleted)
78b2a4f30000-78b2a5000000 rw-s 00000000 00:01 19646                      /memfd:wayland-cursor (deleted)
78b2a5000000-78b2a5004000 ---p 00000000 00:00 0 
78b2a5004000-78b2a5100000 rw-p 00000000 00:00 0 
78b2a5100000-78b2a5104000 ---p 00000000 00:00 0 
78b2a5104000-78b2a5200000 rw-p 00000000 00:00 0 
78b2a5200000-78b2a52af000 r-xp 00000000 103:05 15074436                  /usr/lib/jvm/java-17-amazon-corretto/lib/libfreetype.so
78b2a52af000-78b2a54af000 ---p 000af000 103:05 15074436                  /usr/lib/jvm/java-17-amazon-corretto/lib/libfreetype.so
78b2a54af000-78b2a54b5000 r--p 000af000 103:05 15074436                  /usr/lib/jvm/java-17-amazon-corretto/lib/libfreetype.so
78b2a54b5000-78b2a54b6000 rw-p 00000000 00:00 0 
78b2a5500000-78b2a5504000 ---p 00000000 00:00 0 
78b2a5504000-78b2a5600000 rw-p 00000000 00:00 0 
78b2a5600000-78b2a57a7000 r-xp 00000000 103:05 15074435                  /usr/lib/jvm/java-17-amazon-corretto/lib/libfontmanager.so
78b2a57a7000-78b2a59a6000 ---p 001a7000 103:05 15074435                  /usr/lib/jvm/java-17-amazon-corretto/lib/libfontmanager.so
78b2a59a6000-78b2a59a8000 r--p 001a6000 103:05 15074435                  /usr/lib/jvm/java-17-amazon-corretto/lib/libfontmanager.so
78b2a59a8000-78b2a59a9000 rw-p 001a8000 103:05 15074435                  /usr/lib/jvm/java-17-amazon-corretto/lib/libfontmanager.so
78b2a59a9000-78b2a59aa000 rw-p 00000000 00:00 0 
78b2a5a00000-78b2a5a6e000 r-xp 00000000 103:05 15074434                  /usr/lib/jvm/java-17-amazon-corretto/lib/libawt_xawt.so
78b2a5a6e000-78b2a5c6e000 ---p 0006e000 103:05 15074434                  /usr/lib/jvm/java-17-amazon-corretto/lib/libawt_xawt.so
78b2a5c6e000-78b2a5c73000 r--p 0006e000 103:05 15074434                  /usr/lib/jvm/java-17-amazon-corretto/lib/libawt_xawt.so
78b2a5c73000-78b2a5c75000 rw-p 00073000 103:05 15074434                  /usr/lib/jvm/java-17-amazon-corretto/lib/libawt_xawt.so
78b2a5c75000-78b2a5c77000 rw-p 00000000 00:00 0 
78b2a5d00000-78b2a5d04000 ---p 00000000 00:00 0 
78b2a5d04000-78b2a5e00000 rw-p 00000000 00:00 0 
78b2a5e00000-78b2a5ebc000 r-xp 00000000 103:05 15074432                  /usr/lib/jvm/java-17-amazon-corretto/lib/libawt.so
78b2a5ebc000-78b2a60bc000 ---p 000bc000 103:05 15074432                  /usr/lib/jvm/java-17-amazon-corretto/lib/libawt.so
78b2a60bc000-78b2a60bd000 r--p 000bc000 103:05 15074432                  /usr/lib/jvm/java-17-amazon-corretto/lib/libawt.so
78b2a60bd000-78b2a60c8000 rw-p 000bd000 103:05 15074432                  /usr/lib/jvm/java-17-amazon-corretto/lib/libawt.so
78b2a60c8000-78b2a60ed000 rw-p 00000000 00:00 0 
78b2a6100000-78b2a6104000 ---p 00000000 00:00 0 
78b2a6104000-78b2a6200000 rw-p 00000000 00:00 0 
78b2a6200000-78b2a6215000 r-xp 00000000 103:05 15074260                  /usr/lib/jvm/java-17-amazon-corretto/lib/libnet.so
78b2a6215000-78b2a6414000 ---p 00015000 103:05 15074260                  /usr/lib/jvm/java-17-amazon-corretto/lib/libnet.so
78b2a6414000-78b2a6415000 r--p 00014000 103:05 15074260                  /usr/lib/jvm/java-17-amazon-corretto/lib/libnet.so
78b2a6415000-78b2a6416000 rw-p 00015000 103:05 15074260                  /usr/lib/jvm/java-17-amazon-corretto/lib/libnet.so
78b2a64c3000-78b2a64dc000 r--p 00000000 103:05 14950133                  /usr/lib/x86_64-linux-gnu/libX11.so.6.4.0
78b2a64dc000-78b2a656c000 r-xp 00019000 103:05 14950133                  /usr/lib/x86_64-linux-gnu/libX11.so.6.4.0
78b2a656c000-78b2a65fb000 r--p 000a9000 103:05 14950133                  /usr/lib/x86_64-linux-gnu/libX11.so.6.4.0
78b2a65fb000-78b2a65fc000 r--p 00138000 103:05 14950133                  /usr/lib/x86_64-linux-gnu/libX11.so.6.4.0
78b2a65fc000-78b2a6600000 rw-p 00139000 103:05 14950133                  /usr/lib/x86_64-linux-gnu/libX11.so.6.4.0
78b2a6600000-78b2a6612000 r-xp 00000000 103:05 15074261                  /usr/lib/jvm/java-17-amazon-corretto/lib/libnio.so
78b2a6612000-78b2a6812000 ---p 00012000 103:05 15074261                  /usr/lib/jvm/java-17-amazon-corretto/lib/libnio.so
78b2a6812000-78b2a6813000 r--p 00012000 103:05 15074261                  /usr/lib/jvm/java-17-amazon-corretto/lib/libnio.so
78b2a6813000-78b2a6814000 rw-p 00013000 103:05 15074261                  /usr/lib/jvm/java-17-amazon-corretto/lib/libnio.so
78b2a6868000-78b2a6878000 r--p 00000000 103:05 4225293                   /tmp/lwjgl_cookiebot/3.3.6+1/x64/libglfw.so
78b2a6878000-78b2a6899000 r-xp 00010000 103:05 4225293                   /tmp/lwjgl_cookiebot/3.3.6+1/x64/libglfw.so
78b2a6899000-78b2a68d5000 r--p 00031000 103:05 4225293                   /tmp/lwjgl_cookiebot/3.3.6+1/x64/libglfw.so
78b2a68d5000-78b2a68d9000 r--p 0006c000 103:05 4225293                   /tmp/lwjgl_cookiebot/3.3.6+1/x64/libglfw.so
78b2a68d9000-78b2a68dc000 rw-p 00070000 103:05 4225293                   /tmp/lwjgl_cookiebot/3.3.6+1/x64/libglfw.so
78b2a68dc000-78b2a68ff000 rw-p 00000000 00:00 0 
78b2a68ff000-78b2a6903000 ---p 00000000 00:00 0 
78b2a6903000-78b2a69ff000 rw-p 00000000 00:00 0 
78b2a69ff000-78b2a6a00000 ---p 00000000 00:00 0 
78b2a6a00000-78b2a6b00000 rw-p 00000000 00:00 0 
78b2a6b00000-78b2a6b04000 ---p 00000000 00:00 0 
78b2a6b04000-78b2a6c00000 rw-p 00000000 00:00 0 
78b2a6c00000-78b2a6c04000 ---p 00000000 00:00 0 
78b2a6c04000-78b2a6d00000 rw-p 00000000 00:00 0 
78b2a6d00000-78b2a6d04000 ---p 00000000 00:00 0 
78b2a6d04000-78b2a6e00000 rw-p 00000000 00:00 0 
78b2a6e00000-78b2a6e04000 ---p 00000000 00:00 0 
78b2a6e04000-78b2a6f00000 rw-p 00000000 00:00 0 
78b2a6f00000-78b2a6f04000 ---p 00000000 00:00 0 
78b2a6f04000-78b2a7000000 rw-p 00000000 00:00 0 
78b2a7000000-78b2a7004000 ---p 00000000 00:00 0 
78b2a7004000-78b2a7100000 rw-p 00000000 00:00 0 
78b2a7100000-78b2a7104000 ---p 00000000 00:00 0 
78b2a7104000-78b2a7200000 rw-p 00000000 00:00 0 
78b2a7200000-78b2a7775000 r--p 00000000 103:05 14942597                  /usr/lib/locale/locale-archive
78b2a779d000-78b2a77ac000 r--p 00000000 103:05 14942608                  /usr/lib/x86_64-linux-gnu/libgobject-2.0.so.0.8000.0
78b2a77ac000-78b2a77e3000 r-xp 0000f000 103:05 14942608                  /usr/lib/x86_64-linux-gnu/libgobject-2.0.so.0.8000.0
78b2a77e3000-78b2a77fc000 r--p 00046000 103:05 14942608                  /usr/lib/x86_64-linux-gnu/libgobject-2.0.so.0.8000.0
78b2a77fc000-78b2a77ff000 r--p 0005e000 103:05 14942608                  /usr/lib/x86_64-linux-gnu/libgobject-2.0.so.0.8000.0
78b2a77ff000-78b2a7800000 rw-p 00061000 103:05 14942608                  /usr/lib/x86_64-linux-gnu/libgobject-2.0.so.0.8000.0
78b2a7800000-78b2a7804000 ---p 00000000 00:00 0 
78b2a7804000-78b2a7900000 rw-p 00000000 00:00 0 
78b2a7900000-78b2a7904000 ---p 00000000 00:00 0 
78b2a7904000-78b2a7a00000 rw-p 00000000 00:00 0 
78b2a7a00000-78b2a7ace000 r-xp 00000000 103:05 15074832                  /usr/lib/jvm/java-17-amazon-corretto/lib/libjsvml.so
78b2a7ace000-78b2a7ccd000 ---p 000ce000 103:05 15074832                  /usr/lib/jvm/java-17-amazon-corretto/lib/libjsvml.so
78b2a7ccd000-78b2a7cce000 r--p 000cd000 103:05 15074832                  /usr/lib/jvm/java-17-amazon-corretto/lib/libjsvml.so
78b2a7cce000-78b2a7ccf000 rw-p 000ce000 103:05 15074832                  /usr/lib/jvm/java-17-amazon-corretto/lib/libjsvml.so
78b2a7cfd000-78b2a7cfe000 ---p 00000000 00:00 0 
78b2a7cfe000-78b2a7dfe000 rw-p 00000000 00:00 0 
78b2a7dfe000-78b2a7dff000 ---p 00000000 00:00 0 
78b2a7dff000-78b2a7eff000 rw-p 00000000 00:00 0 
78b2a7eff000-78b2a7f00000 ---p 00000000 00:00 0 
78b2a7f00000-78b2a8000000 rw-p 00000000 00:00 0 
78b2a8000000-78b2a8021000 rw-p 00000000 00:00 0 
78b2a8021000-78b2ac000000 ---p 00000000 00:00 0 
78b2ac000000-78b2ac021000 rw-p 00000000 00:00 0 
78b2ac021000-78b2b0000000 ---p 00000000 00:00 0 
78b2b0000000-78b2b0021000 rw-p 00000000 00:00 0 
78b2b0021000-78b2b4000000 ---p 00000000 00:00 0 
78b2b407b000-78b2b40a7000 r--p 00000000 103:05 4225291                   /tmp/lwjgl_cookiebot/3.3.6+1/x64/liblwjgl.so
78b2b40a7000-78b2b40db000 r-xp 0002c000 103:05 4225291                   /tmp/lwjgl_cookiebot/3.3.6+1/x64/liblwjgl.so
78b2b40db000-78b2b40f5000 r--p 00060000 103:05 4225291                   /tmp/lwjgl_cookiebot/3.3.6+1/x64/liblwjgl.so
78b2b40f5000-78b2b40f6000 r--p 00079000 103:05 4225291                   /tmp/lwjgl_cookiebot/3.3.6+1/x64/liblwjgl.so
78b2b40f6000-78b2b40f7000 rw-p 0007a000 103:05 4225291                   /tmp/lwjgl_cookiebot/3.3.6+1/x64/liblwjgl.so
78b2b40f7000-78b2b6a00000 rw-p 00000000 00:00 0 
78b2b6a16000-78b2b6a1b000 r--p 00000000 103:05 14942481                  /usr/lib/x86_64-linux-gnu/libpng16.so.16.43.0
78b2b6a1b000-78b2b6a43000 r-xp 00005000 103:05 14942481                  /usr/lib/x86_64-linux-gnu/libpng16.so.16.43.0
78b2b6a43000-78b2b6a4c000 r--p 0002d000 103:05 14942481                  /usr/lib/x86_64-linux-gnu/libpng16.so.16.43.0
78b2b6a4c000-78b2b6a4d000 r--p 00035000 103:05 14942481                  /usr/lib/x86_64-linux-gnu/libpng16.so.16.43.0
78b2b6a4d000-78b2b6a4e000 rw-p 00036000 103:05 14942481                  /usr/lib/x86_64-linux-gnu/libpng16.so.16.43.0
78b2b6a4e000-78b2b6b4f000 rw-p 00000000 00:00 0 
78b2b6b4f000-78b2b6b50000 ---p 00000000 00:00 0 
78b2b6b50000-78b2b6c50000 rw-p 00000000 00:00 0 
78b2b6c50000-78b2b7420000 rw-p 00000000 00:00 0 
78b2b7420000-78b2be8b0000 ---p 00000000 00:00 0 
78b2be8b0000-78b2bf0a0000 rw-p 00000000 00:00 0 
78b2bf0a0000-78b2c6530000 ---p 00000000 00:00 0 
78b2c6530000-78b2c664a000 rw-p 00000000 00:00 0 
78b2c664a000-78b2c74dc000 ---p 00000000 00:00 0 
78b2c74dc000-78b2c75da000 rw-p 00000000 00:00 0 
78b2c75da000-78b2c846c000 ---p 00000000 00:00 0 
78b2c846c000-78b2c856a000 rw-p 00000000 00:00 0 
78b2c856a000-78b2c93fc000 ---p 00000000 00:00 0 
78b2c93fc000-78b2c9400000 rw-p 00000000 00:00 0 
78b2c9400000-78b2c9670000 rwxp 00000000 00:00 0 
78b2c9670000-78b2d0937000 ---p 00000000 00:00 0 
78b2d0937000-78b2d0ba7000 rwxp 00000000 00:00 0 
78b2d0ba7000-78b2d0ec9000 ---p 00000000 00:00 0 
78b2d0ec9000-78b2d1139000 rwxp 00000000 00:00 0 
78b2d1139000-78b2d8400000 ---p 00000000 00:00 0 
78b2d8400000-78b2dfff3000 r--s 00000000 103:05 15074230                  /usr/lib/jvm/java-17-amazon-corretto/lib/modules
78b2e0000000-78b2e0268000 rw-p 00000000 00:00 0 
78b2e0268000-78b2e4000000 ---p 00000000 00:00 0 
78b2e4004000-78b2e4006000 r--p 00000000 103:05 14942607                  /usr/lib/x86_64-linux-gnu/libgmodule-2.0.so.0.8000.0
78b2e4006000-78b2e4008000 r-xp 00002000 103:05 14942607                  /usr/lib/x86_64-linux-gnu/libgmodule-2.0.so.0.8000.0
78b2e4008000-78b2e4009000 r--p 00004000 103:05 14942607                  /usr/lib/x86_64-linux-gnu/libgmodule-2.0.so.0.8000.0
78b2e4009000-78b2e400a000 r--p 00004000 103:05 14942607                  /usr/lib/x86_64-linux-gnu/libgmodule-2.0.so.0.8000.0
78b2e400a000-78b2e400b000 rw-p 00005000 103:05 14942607                  /usr/lib/x86_64-linux-gnu/libgmodule-2.0.so.0.8000.0
78b2e4022000-78b2e4026000 r--p 00000000 103:05 14951002                  /usr/lib/x86_64-linux-gnu/libdecor-0.so.0.200.2
78b2e4026000-78b2e4029000 r-xp 00004000 103:05 14951002                  /usr/lib/x86_64-linux-gnu/libdecor-0.so.0.200.2
78b2e4029000-78b2e402b000 r--p 00007000 103:05 14951002                  /usr/lib/x86_64-linux-gnu/libdecor-0.so.0.200.2
78b2e402b000-78b2e402c000 r--p 00008000 103:05 14951002                  /usr/lib/x86_64-linux-gnu/libdecor-0.so.0.200.2
78b2e402c000-78b2e402d000 rw-p 00009000 103:05 14951002                  /usr/lib/x86_64-linux-gnu/libdecor-0.so.0.200.2
78b2e402d000-78b2e4032000 r--p 00000000 103:05 14971451                  /usr/lib/x86_64-linux-gnu/libxkbcommon.so.0.0.0
78b2e4032000-78b2e4052000 r-xp 00005000 103:05 14971451                  /usr/lib/x86_64-linux-gnu/libxkbcommon.so.0.0.0
78b2e4052000-78b2e4073000 r--p 00025000 103:05 14971451                  /usr/lib/x86_64-linux-gnu/libxkbcommon.so.0.0.0
78b2e4073000-78b2e4075000 r--p 00045000 103:05 14971451                  /usr/lib/x86_64-linux-gnu/libxkbcommon.so.0.0.0
78b2e4075000-78b2e4076000 rw-p 00047000 103:05 14971451                  /usr/lib/x86_64-linux-gnu/libxkbcommon.so.0.0.0
78b2e4076000-78b2e40f7000 rw-p 00000000 00:00 0 
78b2e40f7000-78b2e40f8000 ---p 00000000 00:00 0 
78b2e40f8000-78b2e41f8000 rw-p 00000000 00:00 0 
78b2e41f8000-78b2e41f9000 ---p 00000000 00:00 0 
78b2e41f9000-78b2e42f9000 rw-p 00000000 00:00 0 
78b2e42f9000-78b2e4a00000 rw-p 00000000 00:00 0 
78b2e4a00000-78b2e4a24000 r-xp 00000000 103:05 15074239                  /usr/lib/jvm/java-17-amazon-corretto/lib/libjava.so
78b2e4a24000-78b2e4c24000 ---p 00024000 103:05 15074239                  /usr/lib/jvm/java-17-amazon-corretto/lib/libjava.so
78b2e4c24000-78b2e4c25000 r--p 00024000 103:05 15074239                  /usr/lib/jvm/java-17-amazon-corretto/lib/libjava.so
78b2e4c25000-78b2e4c26000 rw-p 00025000 103:05 15074239                  /usr/lib/jvm/java-17-amazon-corretto/lib/libjava.so
78b2e4c26000-78b2e4c27000 rw-p 00000000 00:00 0 
78b2e4c28000-78b2e4c2a000 r--p 00000000 103:05 14964482                  /usr/lib/x86_64-linux-gnu/libwayland-cursor.so.0.22.0
78b2e4c2a000-78b2e4c2c000 r-xp 00002000 103:05 14964482                  /usr/lib/x86_64-linux-gnu/libwayland-cursor.so.0.22.0
78b2e4c2c000-78b2e4c2d000 r--p 00004000 103:05 14964482                  /usr/lib/x86_64-linux-gnu/libwayland-cursor.so.0.22.0
78b2e4c2d000-78b2e4c2e000 r--p 00004000 103:05 14964482                  /usr/lib/x86_64-linux-gnu/libwayland-cursor.so.0.22.0
78b2e4c2e000-78b2e4c32000 rw-p 00005000 103:05 14964482                  /usr/lib/x86_64-linux-gnu/libwayland-cursor.so.0.22.0
78b2e4c32000-78b2e4c34000 r--p 00000000 103:05 14942351                  /usr/lib/x86_64-linux-gnu/libffi.so.8.1.4
78b2e4c34000-78b2e4c3b000 r-xp 00002000 103:05 14942351                  /usr/lib/x86_64-linux-gnu/libffi.so.8.1.4
78b2e4c3b000-78b2e4c3c000 r--p 00009000 103:05 14942351                  /usr/lib/x86_64-linux-gnu/libffi.so.8.1.4
78b2e4c3c000-78b2e4c3d000 r--p 0000a000 103:05 14942351                  /usr/lib/x86_64-linux-gnu/libffi.so.8.1.4
78b2e4c3d000-78b2e4c3e000 rw-p 0000b000 103:05 14942351                  /usr/lib/x86_64-linux-gnu/libffi.so.8.1.4
78b2e4c3e000-78b2e4c43000 r--p 00000000 103:05 14942239                  /usr/lib/x86_64-linux-gnu/libwayland-client.so.0.22.0
78b2e4c43000-78b2e4c49000 r-xp 00005000 103:05 14942239                  /usr/lib/x86_64-linux-gnu/libwayland-client.so.0.22.0
78b2e4c49000-78b2e4c4b000 r--p 0000b000 103:05 14942239                  /usr/lib/x86_64-linux-gnu/libwayland-client.so.0.22.0
78b2e4c4b000-78b2e4c4d000 r--p 0000d000 103:05 14942239                  /usr/lib/x86_64-linux-gnu/libwayland-client.so.0.22.0
78b2e4c4d000-78b2e4c4e000 rw-p 0000f000 103:05 14942239                  /usr/lib/x86_64-linux-gnu/libwayland-client.so.0.22.0
78b2e4c4e000-78b2e4c50000 r--p 00000000 103:05 14943111                  /usr/lib/x86_64-linux-gnu/libmd.so.0.1.0
78b2e4c50000-78b2e4c59000 r-xp 00002000 103:05 14943111                  /usr/lib/x86_64-linux-gnu/libmd.so.0.1.0
78b2e4c59000-78b2e4c5b000 r--p 0000b000 103:05 14943111                  /usr/lib/x86_64-linux-gnu/libmd.so.0.1.0
78b2e4c5b000-78b2e4c5c000 r--p 0000c000 103:05 14943111                  /usr/lib/x86_64-linux-gnu/libmd.so.0.1.0
78b2e4c5c000-78b2e4c5d000 rw-p 0000d000 103:05 14943111                  /usr/lib/x86_64-linux-gnu/libmd.so.0.1.0
78b2e4c5d000-78b2e4c61000 r--p 00000000 103:05 14943150                  /usr/lib/x86_64-linux-gnu/libbsd.so.0.12.1
78b2e4c61000-78b2e4c6d000 r-xp 00004000 103:05 14943150                  /usr/lib/x86_64-linux-gnu/libbsd.so.0.12.1
78b2e4c6d000-78b2e4c70000 r--p 00010000 103:05 14943150                  /usr/lib/x86_64-linux-gnu/libbsd.so.0.12.1
78b2e4c70000-78b2e4c71000 r--p 00012000 103:05 14943150                  /usr/lib/x86_64-linux-gnu/libbsd.so.0.12.1
78b2e4c71000-78b2e4c72000 rw-p 00013000 103:05 14943150                  /usr/lib/x86_64-linux-gnu/libbsd.so.0.12.1
78b2e4c72000-78b2e4c73000 rw-p 00000000 00:00 0 
78b2e4c73000-78b2e4c75000 r--p 00000000 103:05 14943311                  /usr/lib/x86_64-linux-gnu/libXdmcp.so.6.0.0
78b2e4c75000-78b2e4c77000 r-xp 00002000 103:05 14943311                  /usr/lib/x86_64-linux-gnu/libXdmcp.so.6.0.0
78b2e4c77000-78b2e4c79000 r--p 00004000 103:05 14943311                  /usr/lib/x86_64-linux-gnu/libXdmcp.so.6.0.0
78b2e4c79000-78b2e4c7a000 r--p 00005000 103:05 14943311                  /usr/lib/x86_64-linux-gnu/libXdmcp.so.6.0.0
78b2e4c7a000-78b2e4c7b000 rw-p 00006000 103:05 14943311                  /usr/lib/x86_64-linux-gnu/libXdmcp.so.6.0.0
78b2e4c7b000-78b2e4c86000 r--p 00000000 103:05 14943322                  /usr/lib/x86_64-linux-gnu/libxcb.so.1.1.0
78b2e4c86000-78b2e4c99000 r-xp 0000b000 103:05 14943322                  /usr/lib/x86_64-linux-gnu/libxcb.so.1.1.0
78b2e4c99000-78b2e4ca2000 r--p 0001e000 103:05 14943322                  /usr/lib/x86_64-linux-gnu/libxcb.so.1.1.0
78b2e4ca2000-78b2e4ca3000 r--p 00026000 103:05 14943322                  /usr/lib/x86_64-linux-gnu/libxcb.so.1.1.0
78b2e4ca3000-78b2e4ca4000 rw-p 00027000 103:05 14943322                  /usr/lib/x86_64-linux-gnu/libxcb.so.1.1.0
78b2e4ca4000-78b2e4e00000 rw-p 00000000 00:00 0 
78b2e4e00000-78b2e4e1b000 r-xp 00000000 103:05 15074241                  /usr/lib/jvm/java-17-amazon-corretto/lib/libjimage.so
78b2e4e1b000-78b2e501a000 ---p 0001b000 103:05 15074241                  /usr/lib/jvm/java-17-amazon-corretto/lib/libjimage.so
78b2e501a000-78b2e501c000 r--p 0001a000 103:05 15074241                  /usr/lib/jvm/java-17-amazon-corretto/lib/libjimage.so
78b2e501c000-78b2e501d000 rw-p 0001c000 103:05 15074241                  /usr/lib/jvm/java-17-amazon-corretto/lib/libjimage.so
78b2e5021000-78b2e5024000 r--p 00000000 103:05 14969839                  /usr/lib/x86_64-linux-gnu/libXi.so.6.1.0
78b2e5024000-78b2e5030000 r-xp 00003000 103:05 14969839                  /usr/lib/x86_64-linux-gnu/libXi.so.6.1.0
78b2e5030000-78b2e5032000 r--p 0000f000 103:05 14969839                  /usr/lib/x86_64-linux-gnu/libXi.so.6.1.0
78b2e5032000-78b2e5033000 r--p 00011000 103:05 14969839                  /usr/lib/x86_64-linux-gnu/libXi.so.6.1.0
78b2e5033000-78b2e5034000 rw-p 00012000 103:05 14969839                  /usr/lib/x86_64-linux-gnu/libXi.so.6.1.0
78b2e5034000-78b2e5036000 r--p 00000000 103:05 14969833                  /usr/lib/x86_64-linux-gnu/libXtst.so.6.1.0
78b2e5036000-78b2e5039000 r-xp 00002000 103:05 14969833                  /usr/lib/x86_64-linux-gnu/libXtst.so.6.1.0
78b2e5039000-78b2e503a000 r--p 00005000 103:05 14969833                  /usr/lib/x86_64-linux-gnu/libXtst.so.6.1.0
78b2e503a000-78b2e503b000 r--p 00005000 103:05 14969833                  /usr/lib/x86_64-linux-gnu/libXtst.so.6.1.0
78b2e503b000-78b2e503c000 rw-p 00006000 103:05 14969833                  /usr/lib/x86_64-linux-gnu/libXtst.so.6.1.0
78b2e503c000-78b2e503e000 r--p 00000000 103:05 14943468                  /usr/lib/x86_64-linux-gnu/libXrender.so.1.3.0
78b2e503e000-78b2e5045000 r-xp 00002000 103:05 14943468                  /usr/lib/x86_64-linux-gnu/libXrender.so.1.3.0
78b2e5045000-78b2e5046000 r--p 00009000 103:05 14943468                  /usr/lib/x86_64-linux-gnu/libXrender.so.1.3.0
78b2e5046000-78b2e5047000 r--p 00009000 103:05 14943468                  /usr/lib/x86_64-linux-gnu/libXrender.so.1.3.0
78b2e5047000-78b2e5048000 rw-p 0000a000 103:05 14943468                  /usr/lib/x86_64-linux-gnu/libXrender.so.1.3.0
78b2e5048000-78b2e5089000 rw-p 00000000 00:00 0 
78b2e508a000-78b2e508b000 r--p 00000000 103:05 14968157                  /usr/lib/x86_64-linux-gnu/libwayland-egl.so.1.22.0
78b2e508b000-78b2e508c000 r-xp 00001000 103:05 14968157                  /usr/lib/x86_64-linux-gnu/libwayland-egl.so.1.22.0
78b2e508c000-78b2e508d000 r--p 00002000 103:05 14968157                  /usr/lib/x86_64-linux-gnu/libwayland-egl.so.1.22.0
78b2e508d000-78b2e508e000 r--p 00002000 103:05 14968157                  /usr/lib/x86_64-linux-gnu/libwayland-egl.so.1.22.0
78b2e508e000-78b2e508f000 rw-p 00003000 103:05 14968157                  /usr/lib/x86_64-linux-gnu/libwayland-egl.so.1.22.0
78b2e508f000-78b2e5200000 rw-p 00000000 00:00 0 
78b2e5200000-78b2e64c9000 r-xp 00000000 103:05 15074267                  /usr/lib/jvm/java-17-amazon-corretto/lib/server/libjvm.so
78b2e64c9000-78b2e66c9000 ---p 012c9000 103:05 15074267                  /usr/lib/jvm/java-17-amazon-corretto/lib/server/libjvm.so
78b2e66c9000-78b2e6782000 r--p 012c9000 103:05 15074267                  /usr/lib/jvm/java-17-amazon-corretto/lib/server/libjvm.so
78b2e6782000-78b2e67b7000 rw-p 01382000 103:05 15074267                  /usr/lib/jvm/java-17-amazon-corretto/lib/server/libjvm.so
78b2e67b7000-78b2e6812000 rw-p 00000000 00:00 0 
78b2e6814000-78b2e6818000 r--p 00000000 103:05 14943423                  /usr/lib/x86_64-linux-gnu/libXext.so.6.4.0
78b2e6818000-78b2e6823000 r-xp 00004000 103:05 14943423                  /usr/lib/x86_64-linux-gnu/libXext.so.6.4.0
78b2e6823000-78b2e6826000 r--p 0000f000 103:05 14943423                  /usr/lib/x86_64-linux-gnu/libXext.so.6.4.0
78b2e6826000-78b2e6827000 r--p 00011000 103:05 14943423                  /usr/lib/x86_64-linux-gnu/libXext.so.6.4.0
78b2e6827000-78b2e6828000 rw-p 00012000 103:05 14943423                  /usr/lib/x86_64-linux-gnu/libXext.so.6.4.0
78b2e6838000-78b2e683f000 r--s 00000000 103:05 14944723                  /usr/lib/x86_64-linux-gnu/gconv/gconv-modules.cache
78b2e683f000-78b2e6a00000 rw-p 00000000 00:00 0 
78b2e6a00000-78b2e6a28000 r--p 00000000 103:05 14944734                  /usr/lib/x86_64-linux-gnu/libc.so.6
78b2e6a28000-78b2e6bb0000 r-xp 00028000 103:05 14944734                  /usr/lib/x86_64-linux-gnu/libc.so.6
78b2e6bb0000-78b2e6bff000 r--p 001b0000 103:05 14944734                  /usr/lib/x86_64-linux-gnu/libc.so.6
78b2e6bff000-78b2e6c03000 r--p 001fe000 103:05 14944734                  /usr/lib/x86_64-linux-gnu/libc.so.6
78b2e6c03000-78b2e6c05000 rw-p 00202000 103:05 14944734                  /usr/lib/x86_64-linux-gnu/libc.so.6
78b2e6c05000-78b2e6c12000 rw-p 00000000 00:00 0 
78b2e6c12000-78b2e6c13000 r--p 00000000 103:05 15473344                  /usr/share/locale-langpack/en/LC_MESSAGES/gtk30.mo
78b2e6c13000-78b2e6c14000 r-xp 0005e000 103:05 4225291                   /tmp/lwjgl_cookiebot/3.3.6+1/x64/liblwjgl.so
78b2e6c14000-78b2e6c1a000 rw-p 00000000 00:00 0 
78b2e6c1a000-78b2e6d00000 ---p 00000000 00:00 0 
78b2e6d00000-78b2e6d04000 ---p 00000000 00:00 0 
78b2e6d04000-78b2e6e00000 rw-p 00000000 00:00 0 
78b2e6e00000-78b2e6e0f000 r-xp 00000000 103:05 15074242                  /usr/lib/jvm/java-17-amazon-corretto/lib/libjli.so
78b2e6e0f000-78b2e700e000 ---p 0000f000 103:05 15074242                  /usr/lib/jvm/java-17-amazon-corretto/lib/libjli.so
78b2e700e000-78b2e700f000 r--p 0000e000 103:05 15074242                  /usr/lib/jvm/java-17-amazon-corretto/lib/libjli.so
78b2e700f000-78b2e7010000 rw-p 0000f000 103:05 15074242                  /usr/lib/jvm/java-17-amazon-corretto/lib/libjli.so
78b2e7010000-78b2e7011000 rw-p 00000000 00:00 0 
78b2e7011000-78b2e7012000 r--p 00000000 103:05 14943091                  /usr/lib/x86_64-linux-gnu/libXau.so.6.0.0
78b2e7012000-78b2e7014000 r-xp 00001000 103:05 14943091                  /usr/lib/x86_64-linux-gnu/libXau.so.6.0.0
78b2e7014000-78b2e7015000 r--p 00003000 103:05 14943091                  /usr/lib/x86_64-linux-gnu/libXau.so.6.0.0
78b2e7015000-78b2e7016000 r--p 00003000 103:05 14943091                  /usr/lib/x86_64-linux-gnu/libXau.so.6.0.0
78b2e7016000-78b2e7017000 rw-p 00004000 103:05 14943091                  /usr/lib/x86_64-linux-gnu/libXau.so.6.0.0
78b2e7017000-78b2e701c000 rw-p 00000000 00:00 0 
78b2e701c000-78b2e7102000 ---p 00000000 00:00 0 
78b2e7102000-78b2e7112000 r--p 00000000 103:05 14944737                  /usr/lib/x86_64-linux-gnu/libm.so.6
78b2e7112000-78b2e7191000 r-xp 00010000 103:05 14944737                  /usr/lib/x86_64-linux-gnu/libm.so.6
78b2e7191000-78b2e71e9000 r--p 0008f000 103:05 14944737                  /usr/lib/x86_64-linux-gnu/libm.so.6
78b2e71e9000-78b2e71ea000 r--p 000e7000 103:05 14944737                  /usr/lib/x86_64-linux-gnu/libm.so.6
78b2e71ea000-78b2e71eb000 rw-p 000e8000 103:05 14944737                  /usr/lib/x86_64-linux-gnu/libm.so.6
78b2e71eb000-78b2e71ec000 r--p 00000000 103:05 14944748                  /usr/lib/x86_64-linux-gnu/librt.so.1
78b2e71ec000-78b2e71ed000 r-xp 00001000 103:05 14944748                  /usr/lib/x86_64-linux-gnu/librt.so.1
78b2e71ed000-78b2e71ee000 r--p 00002000 103:05 14944748                  /usr/lib/x86_64-linux-gnu/librt.so.1
78b2e71ee000-78b2e71ef000 r--p 00002000 103:05 14944748                  /usr/lib/x86_64-linux-gnu/librt.so.1
78b2e71ef000-78b2e71f0000 rw-p 00003000 103:05 14944748                  /usr/lib/x86_64-linux-gnu/librt.so.1
78b2e71f0000-78b2e71f4000 rw-p 00000000 00:00 0 
78b2e71f4000-78b2e71f5000 r--p 00000000 103:05 14944736                  /usr/lib/x86_64-linux-gnu/libdl.so.2
78b2e71f5000-78b2e71f6000 r-xp 00001000 103:05 14944736                  /usr/lib/x86_64-linux-gnu/libdl.so.2
78b2e71f6000-78b2e71f7000 r--p 00002000 103:05 14944736                  /usr/lib/x86_64-linux-gnu/libdl.so.2
78b2e71f7000-78b2e71f8000 r--p 00002000 103:05 14944736                  /usr/lib/x86_64-linux-gnu/libdl.so.2
78b2e71f8000-78b2e71f9000 rw-p 00003000 103:05 14944736                  /usr/lib/x86_64-linux-gnu/libdl.so.2
78b2e71f9000-78b2e71fa000 r--p 00000000 103:05 14944746                  /usr/lib/x86_64-linux-gnu/libpthread.so.0
78b2e71fa000-78b2e71fb000 r-xp 00001000 103:05 14944746                  /usr/lib/x86_64-linux-gnu/libpthread.so.0
78b2e71fb000-78b2e71fc000 r--p 00002000 103:05 14944746                  /usr/lib/x86_64-linux-gnu/libpthread.so.0
78b2e71fc000-78b2e71fd000 r--p 00002000 103:05 14944746                  /usr/lib/x86_64-linux-gnu/libpthread.so.0
78b2e71fd000-78b2e71fe000 rw-p 00003000 103:05 14944746                  /usr/lib/x86_64-linux-gnu/libpthread.so.0
78b2e71fe000-78b2e7200000 r--p 00000000 103:05 14944802                  /usr/lib/x86_64-linux-gnu/libz.so.1.3
78b2e7200000-78b2e7212000 r-xp 00002000 103:05 14944802                  /usr/lib/x86_64-linux-gnu/libz.so.1.3
78b2e7212000-78b2e7218000 r--p 00014000 103:05 14944802                  /usr/lib/x86_64-linux-gnu/libz.so.1.3
78b2e7218000-78b2e7219000 r--p 0001a000 103:05 14944802                  /usr/lib/x86_64-linux-gnu/libz.so.1.3
78b2e7219000-78b2e721a000 rw-p 0001b000 103:05 14944802                  /usr/lib/x86_64-linux-gnu/libz.so.1.3
78b2e721a000-78b2e721f000 rw-p 00000000 00:00 0 
78b2e721f000-78b2e7226000 ---p 00000000 00:00 0 
78b2e7226000-78b2e722e000 rw-s 00000000 103:05 4228728                   /tmp/hsperfdata_cookiebot/10058
78b2e722e000-78b2e722f000 ---p 00000000 00:00 0 
78b2e722f000-78b2e7230000 r--p 00000000 00:00 0 
78b2e7230000-78b2e7231000 ---p 00000000 00:00 0 
78b2e7231000-78b2e7233000 rw-p 00000000 00:00 0 
78b2e7233000-78b2e7234000 r--p 00000000 103:05 14944731                  /usr/lib/x86_64-linux-gnu/ld-linux-x86-64.so.2
78b2e7234000-78b2e725f000 r-xp 00001000 103:05 14944731                  /usr/lib/x86_64-linux-gnu/ld-linux-x86-64.so.2
78b2e725f000-78b2e7269000 r--p 0002c000 103:05 14944731                  /usr/lib/x86_64-linux-gnu/ld-linux-x86-64.so.2
78b2e7269000-78b2e726b000 r--p 00036000 103:05 14944731                  /usr/lib/x86_64-linux-gnu/ld-linux-x86-64.so.2
78b2e726b000-78b2e726d000 rw-p 00038000 103:05 14944731                  /usr/lib/x86_64-linux-gnu/ld-linux-x86-64.so.2
7ffe60031000-7ffe60054000 rw-p 00000000 00:00 0                          [stack]
7ffe60148000-7ffe6014c000 r--p 00000000 00:00 0                          [vvar]
7ffe6014c000-7ffe6014e000 r-xp 00000000 00:00 0                          [vdso]
ffffffffff600000-ffffffffff601000 --xp 00000000 00:00 0                  [vsyscall]


VM Arguments:
java_command: engine.framework.Start
java_class_path (initial): /home/cookiebot/JavaProjects/HodgePodgeBarrage/target/classes:/home/cookiebot/.m2/repository/org/lwjgl/lwjgl/3.3.6/lwjgl-3.3.6.jar:/home/cookiebot/.m2/repository/org/lwjgl/lwjgl-assimp/3.3.6/lwjgl-assimp-3.3.6.jar:/home/cookiebot/.m2/repository/org/lwjgl/lwjgl-bgfx/3.3.6/lwjgl-bgfx-3.3.6.jar:/home/cookiebot/.m2/repository/org/lwjgl/lwjgl-cuda/3.3.6/lwjgl-cuda-3.3.6.jar:/home/cookiebot/.m2/repository/org/lwjgl/lwjgl-egl/3.3.6/lwjgl-egl-3.3.6.jar:/home/cookiebot/.m2/repository/org/lwjgl/lwjgl-fmod/3.3.6/lwjgl-fmod-3.3.6.jar:/home/cookiebot/.m2/repository/org/lwjgl/lwjgl-freetype/3.3.6/lwjgl-freetype-3.3.6.jar:/home/cookiebot/.m2/repository/org/lwjgl/lwjgl-glfw/3.3.6/lwjgl-glfw-3.3.6.jar:/home/cookiebot/.m2/repository/org/lwjgl/lwjgl-harfbuzz/3.3.6/lwjgl-harfbuzz-3.3.6.jar:/home/cookiebot/.m2/repository/org/lwjgl/lwjgl-hwloc/3.3.6/lwjgl-hwloc-3.3.6.jar:/home/cookiebot/.m2/repository/org/lwjgl/lwjgl-jawt/3.3.6/lwjgl-jawt-3.3.6.jar:/home/cookiebot/.m2/repository/org/lwjgl/lwjgl-jemalloc/3.3.6/lwjgl-jemalloc-3.3.6.jar:/home/cookiebot/.m2/repository/org/lwjgl/lwjgl-ktx/3.3.6/lwjgl-ktx-3.3.6.jar:/home/cookiebot/.m2/repository/org/lwjgl/lwjgl-libdivide/3.3.6/lwjgl-libdivide-3.3.6.jar:/home/cookiebot/.m2/repository/org/lwjgl/lwjgl-llvm/3.3.6/lwjgl-llvm-3.3.6.jar:/home/cookiebot/.m2/repository/org/lwjgl/lwjgl-lmdb/3.3.6/lwjgl-lmdb-3.3.6.jar:/home/cookiebot/.m2/repository/org/lwjgl/lwjgl-lz4/3.3.6/lwjgl-lz4-3.3.6.jar:/home/cookiebot/.m2/repository/org/lwjgl/lwjgl-meow/3.3.6/lwjgl-meow-3.3.6.jar:/home/cookiebot/.m2/repository/org/lwjgl/lwjgl-meshoptimizer/3.3.6/lwjgl-meshoptimizer-3.3.6.jar:/home/cookiebot/.m2/repository/org/lwjgl/lwjgl-msdfgen/3.3.6/lwjgl-msdfgen-3.3.6.jar:/home/cookiebot/.m2/repository/org/lwjgl/lwjgl-nanovg/3.3.6/lwjgl-nanovg-3.3.6.jar:/home/cookiebot/.m2/repository/org/lwjgl/lwjgl-nfd/3.3.6/lwjgl-nfd-3.3.6.jar:/home/cookiebot/.m2/repository/org/lwjgl/lwjgl-nuklear/3.3.6/lwjgl-nuklear-3.3.6.jar:/home/cookiebot/.m2/repository/org/l
Launcher Type: SUN_STANDARD

[Global flags]
     intx CICompilerCount                          = 4                                         {product} {ergonomic}
     uint ConcGCThreads                            = 3                                         {product} {ergonomic}
     uint G1ConcRefinementThreads                  = 10                                        {product} {ergonomic}
   size_t G1HeapRegionSize                         = 4194304                                   {product} {ergonomic}
    uintx GCDrainStackTargetSize                   = 64                                        {product} {ergonomic}
   size_t InitialHeapSize                          = 524288000                                 {product} {ergonomic}
   size_t MarkStackSize                            = 4194304                                   {product} {ergonomic}
   size_t MaxHeapSize                              = 8355053568                                {product} {ergonomic}
   size_t MaxNewSize                               = 5012193280                                {product} {ergonomic}
   size_t MinHeapDeltaBytes                        = 4194304                                   {product} {ergonomic}
   size_t MinHeapSize                              = 8388608                                   {product} {ergonomic}
    uintx NonNMethodCodeHeapSize                   = 5839372                                {pd product} {ergonomic}
    uintx NonProfiledCodeHeapSize                  = 122909434                              {pd product} {ergonomic}
    uintx ProfiledCodeHeapSize                     = 122909434                              {pd product} {ergonomic}
    uintx ReservedCodeCacheSize                    = 251658240                              {pd product} {ergonomic}
     bool SegmentedCodeCache                       = true                                      {product} {ergonomic}
   size_t SoftMaxHeapSize                          = 8355053568                             {manageable} {ergonomic}
     bool UseCompressedClassPointers               = true                           {product lp64_product} {ergonomic}
     bool UseCompressedOops                        = true                           {product lp64_product} {ergonomic}
     bool UseG1GC                                  = true                                      {product} {ergonomic}

Logging:
Log output configuration:
 #0: stdout all=warning uptime,level,tags
 #1: stderr all=off uptime,level,tags

Environment Variables:
JAVA_HOME=/usr/lib/jvm/java-17-amazon-corretto
PATH=/usr/local/sbin:/usr/local/bin:/usr/sbin:/usr/bin:/sbin:/bin:/usr/games:/usr/local/games:/snap/bin:/snap/bin:/home/cookiebot/.lmstudio/bin
USERNAME=cookiebot
SHELL=/bin/bash
DISPLAY=:0
LANG=en_US.UTF-8

Active Locale:
LC_ALL=en_US.UTF-8
LC_COLLATE=en_US.UTF-8
LC_CTYPE=en_US.UTF-8
LC_MESSAGES=en_US.UTF-8
LC_MONETARY=en_US.UTF-8
LC_NUMERIC=en_US.UTF-8
LC_TIME=en_US.UTF-8

Signal Handlers:
   SIGSEGV: crash_handler in libjvm.so, mask=11100100010111111101111111111110, flags=SA_RESTART|SA_SIGINFO, unblocked
    SIGBUS: crash_handler in libjvm.so, mask=11100100010111111101111111111110, flags=SA_RESTART|SA_SIGINFO, unblocked
    SIGFPE: crash_handler in libjvm.so, mask=11100100010111111101111111111110, flags=SA_RESTART|SA_SIGINFO, unblocked
   SIGPIPE: SIG_IGN, mask=00000000000010000000000000000000, flags=SA_RESTART, blocked
  *** Handler was modified!
  *** Expected: javaSignalHandler in libjvm.so, mask=11100100110111111111111111111110, flags=SA_RESTART|SA_SIGINFO
   SIGXFSZ: javaSignalHandler in libjvm.so, mask=11100100010111111101111111111110, flags=SA_RESTART|SA_SIGINFO, blocked
    SIGILL: crash_handler in libjvm.so, mask=11100100010111111101111111111110, flags=SA_RESTART|SA_SIGINFO, unblocked
   SIGUSR2: SR_handler in libjvm.so, mask=00100000000000000000000000000000, flags=SA_RESTART|SA_SIGINFO, blocked
    SIGHUP: UserHandler in libjvm.so, mask=11100100010111111101111111111110, flags=SA_RESTART|SA_SIGINFO, blocked
    SIGINT: SIG_IGN, mask=00000000000000000000000000000000, flags=none, blocked
   SIGTERM: UserHandler in libjvm.so, mask=11100100010111111101111111111110, flags=SA_RESTART|SA_SIGINFO, blocked
   SIGQUIT: UserHandler in libjvm.so, mask=11100100010111111101111111111110, flags=SA_RESTART|SA_SIGINFO, blocked
   SIGTRAP: crash_handler in libjvm.so, mask=11100100010111111101111111111110, flags=SA_RESTART|SA_SIGINFO, unblocked


Periodic native trim disabled


---------------  S Y S T E M  ---------------

OS:
DISTRIB_ID=Ubuntu
DISTRIB_RELEASE=24.04
DISTRIB_CODENAME=noble
DISTRIB_DESCRIPTION="Ubuntu 24.04.2 LTS"
uname: Linux 6.8.0-79-generic #79-Ubuntu SMP PREEMPT_DYNAMIC Tue Aug 12 14:42:46 UTC 2025 x86_64
OS uptime: 0 days 0:11 hours
libc: glibc 2.39 NPTL 2.39 
rlimit (soft/hard): STACK 8192k/infinity , CORE 0k/infinity , NPROC 127138/127138 , NOFILE 1048576/1048576 , AS infinity/infinity , CPU infinity/infinity , DATA infinity/infinity , FSIZE infinity/infinity , MEMLOCK 4078240k/4078240k
load average: 3.44 2.72 2.01

/proc/meminfo:
MemTotal:       32625924 kB
MemFree:        18624736 kB
MemAvailable:   25918636 kB
Buffers:          113476 kB
Cached:          7926868 kB
SwapCached:            0 kB
Active:          6981124 kB
Inactive:        5601984 kB
Active(anon):    5036380 kB
Inactive(anon):        0 kB
Active(file):    1944744 kB
Inactive(file):  5601984 kB
Unevictable:      675180 kB
Mlocked:              32 kB
SwapTotal:       2097148 kB
SwapFree:        2097148 kB
Zswap:                 0 kB
Zswapped:              0 kB
Dirty:            180328 kB
Writeback:             0 kB
AnonPages:       5218140 kB
Mapped:          1037120 kB
Shmem:            721172 kB
KReclaimable:     217992 kB
Slab:             491716 kB
SReclaimable:     217992 kB
SUnreclaim:       273724 kB
KernelStack:       23072 kB
PageTables:        50400 kB
SecPageTables:         0 kB
NFS_Unstable:          0 kB
Bounce:                0 kB
WritebackTmp:          0 kB
CommitLimit:    18410108 kB
Committed_AS:   16804524 kB
VmallocTotal:   34359738367 kB
VmallocUsed:       61056 kB
VmallocChunk:          0 kB
Percpu:            12720 kB
HardwareCorrupted:     0 kB
AnonHugePages:         0 kB
ShmemHugePages:        0 kB
ShmemPmdMapped:        0 kB
FileHugePages:         0 kB
FilePmdMapped:         0 kB
Unaccepted:            0 kB
HugePages_Total:       0
HugePages_Free:        0
HugePages_Rsvd:        0
HugePages_Surp:        0
Hugepagesize:       2048 kB
Hugetlb:               0 kB
DirectMap4k:      240544 kB
DirectMap2M:     3715072 kB
DirectMap1G:    30408704 kB

/sys/kernel/mm/transparent_hugepage/enabled: always [madvise] never
/sys/kernel/mm/transparent_hugepage/hpage_pmd_size: 2097152
/sys/kernel/mm/transparent_hugepage/defrag (defrag/compaction efforts parameter): always defer defer+madvise [madvise] never

Process Memory:
Virtual Size: 11640808K (peak: 11678976K)
Resident Set Size: 82932K (peak: 84316K) (anon: 55412K, file: 26896K, shmem: 624K)
Swapped out: 0K
C-Heap outstanding allocations: 18014344686389697K, retained: 53823139902K
glibc malloc tunables: (default)

/proc/sys/kernel/threads-max (system-wide limit on the number of threads): 254277
/proc/sys/vm/max_map_count (maximum number of memory map areas a process may have): 1048576
/proc/sys/vm/swappiness (control to define how aggressively the kernel swaps out anonymous memory): 60
/proc/sys/kernel/pid_max (system-wide limit on number of process identifiers): 4194304

container (cgroup) information:
container_type: cgroupv2
cpu_cpuset_cpus: not supported
cpu_memory_nodes: not supported
active_processor_count: 12
cpu_quota: not supported
cpu_period: not supported
cpu_shares: not supported
memory_limit_in_bytes: unlimited
memory_and_swap_limit_in_bytes: unlimited
memory_soft_limit_in_bytes: unlimited
memory_usage_in_bytes: 5829240 k
memory_max_usage_in_bytes: not supported
memory_swap_current_in_bytes: unlimited
memory_swap_max_limit_in_bytes: unlimited
maximum number of tasks: 38141
current number of tasks: 136

Steal ticks since vm start: 0
Steal ticks percentage since vm start:  0.000

CPU: total 12 (initial active 12) (6 cores per cpu, 2 threads per core) family 6 model 165 stepping 2 microcode 0x100, cx8, cmov, fxsr, ht, mmx, 3dnowpref, sse, sse2, sse3, ssse3, sse4.1, sse4.2, popcnt, lzcnt, tsc, tscinvbit, avx, avx2, aes, erms, clmul, bmi1, bmi2, adx, fma, vzeroupper, clflush, clflushopt
CPU Model and flags from /proc/cpuinfo:
model name	: Intel(R) Core(TM) i7-10750H CPU @ 2.60GHz
flags		: fpu vme de pse tsc msr pae mce cx8 apic sep mtrr pge mca cmov pat pse36 clflush dts acpi mmx fxsr sse sse2 ss ht tm pbe syscall nx pdpe1gb rdtscp lm constant_tsc art arch_perfmon pebs bts rep_good nopl xtopology nonstop_tsc cpuid aperfmperf pni pclmulqdq dtes64 monitor ds_cpl vmx est tm2 ssse3 sdbg fma cx16 xtpr pdcm pcid sse4_1 sse4_2 x2apic movbe popcnt tsc_deadline_timer aes xsave avx f16c rdrand lahf_lm abm 3dnowprefetch cpuid_fault epb ssbd ibrs ibpb stibp ibrs_enhanced tpr_shadow flexpriority ept vpid ept_ad fsgsbase tsc_adjust bmi1 avx2 smep bmi2 erms invpcid mpx rdseed adx smap clflushopt intel_pt xsaveopt xsavec xgetbv1 xsaves dtherm ida arat pln pts hwp hwp_notify hwp_act_window hwp_epp vnmi pku ospke md_clear flush_l1d arch_capabilities

Online cpus: 0-11
Offline cpus: 
BIOS frequency limitation: <Not Available>
Frequency switch latency (ns): 0
Available cpu frequencies: <Not Available>
Current governor: powersave
Core performance/turbo boost: <Not Available>

Memory: 4k page, physical 32625924k(18623980k free), swap 2097148k(2097148k free)
Page Sizes: 4k

vm_info: OpenJDK 64-Bit Server VM (17.0.15+6-LTS) for linux-amd64 JRE (17.0.15+6-LTS), built on Apr 11 2025 20:41:04 by "jenkins" with gcc 7.3.1 20180303 (Red Hat 7.3.1-5)

END.
