#
# A fatal error has been detected by the Java Runtime Environment:
#
#  SIGSEGV (0xb) at pc=0x00007e22c807a504, pid=129454, tid=129455
#
# JRE version: OpenJDK Runtime Environment Corretto-17.0.15.6.1 (17.0.15+6) (build 17.0.15+6-LTS)
# Java VM: OpenJDK 64-Bit Server VM Corretto-17.0.15.6.1 (17.0.15+6-LTS, mixed mode, sharing, tiered, compressed oops, compressed class ptrs, g1 gc, linux-amd64)
# Problematic frame:
# C  [libglfw.so+0x12504]
#
# Core dump will be written. Default location: Core dumps may be processed with "/usr/share/apport/apport -p%p -s%s -c%c -d%d -P%P -u%u -g%g -F%F -- %E" (or dumping to /home/cookiebot/JavaProjects/HodgePodgeBarrage/core.129454)
#
# If you would like to submit a bug report, please visit:
#   https://github.com/corretto/corretto-17/issues/
# The crash happened outside the Java Virtual Machine in native code.
# See problematic frame for where to report the bug.
#

---------------  S U M M A R Y ------------

Command Line: engine.framework.Start

Host: Intel(R) Core(TM) i7-10750H CPU @ 2.60GHz, 12 cores, 31G, Ubuntu 24.04.2 LTS
Time: Sun Aug 24 20:23:32 2025 CDT elapsed time: 0.269640 seconds (0d 0h 0m 0s)

---------------  T H R E A D  ---------------

Current thread (0x00007e22f402c070):  JavaThread "main" [_thread_in_native, id=129455, stack(0x00007e22fc417000,0x00007e22fc517000)]

Stack: [0x00007e22fc417000,0x00007e22fc517000],  sp=0x00007e22fc515530,  free space=1017k
Native frames: (J=compiled Java code, j=interpreted, Vv=VM code, C=native code)
C  [libglfw.so+0x12504]

Java frames: (J=compiled Java code, j=interpreted, Vv=VM code)
j  org.lwjgl.system.JNI.invokeI(J)I+0
j  org.lwjgl.glfw.GLFW.glfwInit()Z+8
j  engine.framework.NewWindow.init()V+10
j  engine.framework.NewEngine.start(Ljava/lang/String;IIZ)V+23
j  game.Game.<init>()V+26
j  engine.framework.Start.main([Ljava/lang/String;)V+4
v  ~StubRoutines::call_stub

siginfo: si_signo: 11 (SIGSEGV), si_code: 2 (SEGV_ACCERR), si_addr: 0x00007e22f43af057

Registers:
RAX=0x00007e22f43af057, RBX=0x00007e22f43aefd7, RCX=0x00007e22c809a7c0, RDX=0x0000000000000020
RSP=0x00007e22fc515530, RBP=0x0000000000000000, RSI=0x00007e22c809a7c0, RDI=0x00007e22f43aefd7
R8 =0x1999999999999999, R9 =0x0000000000000000, R10=0x00007e22fc3b1fc0, R11=0x00007e22fc3b28c0
R12=0x00007e22c80db500, R13=0x00007e22c809a7e1, R14=0x00007e22fc5157b0, R15=0x00007e22f402c070
RIP=0x00007e22c807a504, EFLAGS=0x0000000000010246, CSGSFS=0x002b000000000033, ERR=0x0000000000000006
  TRAPNO=0x000000000000000e

XMM[0]=0x3030303064323863 0x3030303030303530
XMM[1]=0x0000000000000000 0x000000ffffffffff
XMM[2]=0x0000000000000000 0x0000ff0000000000
XMM[3]=0x0000000000000000 0x0000000000000000
XMM[4]=0x3030303031303030 0x3030303038326136
XMM[5]=0x0000000000000000 0x0000000000000000
XMM[6]=0x776f6470642c3362 0x3a622c30623a612c
XMM[7]=0xffffffffffffffff 0xffffffffffffffff
XMM[8]=0x00007e22f42dbfc0 0x00007e22f42db7c0
XMM[9]=0x0000000000000000 0x0000000000000140
XMM[10]=0x0000000000000000 0x00000000000000a0
XMM[11]=0x0000000000000000 0x00000000000000a0
XMM[12]=0x0000000000000000 0x00000000000000a0
XMM[13]=0x0000000000000000 0x00000000000000a0
XMM[14]=0x0000000000000000 0x0000000000000280
XMM[15]=0x0000000000000000 0x0000000000000000
  MXCSR=0x00001fa0


Register to memory mapping:

RAX=0x00007e22f43af057 is an unknown value
RBX=0x00007e22f43aefd7 points into unknown readable memory: 00
RCX=0x00007e22c809a7c0: <offset 0x00000000000327c0> in /tmp/lwjgl_cookiebot/3.3.6+1/x64/libglfw.so at 0x00007e22c8068000
RDX=0x0000000000000020 is an unknown value
RSP=0x00007e22fc515530 is pointing into the stack for thread: 0x00007e22f402c070
RBP=0x0 is NULL
RSI=0x00007e22c809a7c0: <offset 0x00000000000327c0> in /tmp/lwjgl_cookiebot/3.3.6+1/x64/libglfw.so at 0x00007e22c8068000
RDI=0x00007e22f43aefd7 points into unknown readable memory: 00
R8 =0x1999999999999999 is an unknown value
R9 =0x0 is NULL
R10=0x00007e22fc3b1fc0: <offset 0x00000000001b1fc0> in /lib/x86_64-linux-gnu/libc.so.6 at 0x00007e22fc200000
R11=0x00007e22fc3b28c0: <offset 0x00000000001b28c0> in /lib/x86_64-linux-gnu/libc.so.6 at 0x00007e22fc200000
R12=0x00007e22c80db500: <offset 0x0000000000073500> in /tmp/lwjgl_cookiebot/3.3.6+1/x64/libglfw.so at 0x00007e22c8068000
R13=0x00007e22c809a7e1: <offset 0x00000000000327e1> in /tmp/lwjgl_cookiebot/3.3.6+1/x64/libglfw.so at 0x00007e22c8068000
R14=0x00007e22fc5157b0 is pointing into the stack for thread: 0x00007e22f402c070
R15=0x00007e22f402c070 is a thread


Top of Stack: (sp=0x00007e22fc515530)
0x00007e22fc515530:   00007e22fc515570 00007e22fc515560
0x00007e22fc515540:   00007e22fc515558 00007e22f43af057
0x00007e22fc515550:   0000003000000028 00007e22c809a7c0
0x00007e22fc515560:   00007e22c80997e0 0000000000000000
0x00007e22fc515570:   00007e22c80cb7a1 00007e22f43af078
0x00007e22fc515580:   00007e22c80cb753 00007e22f43af07c
0x00007e22fc515590:   00007e22c80caf6c 00007e22f43af080
0x00007e22fc5155a0:   00007e22c80c76fa 00007e22f43af084
0x00007e22fc5155b0:   00007e22c80c9344 00007e22f43af090
0x00007e22fc5155c0:   00007e22c80997e9 00007e22f43af094
0x00007e22fc5155d0:   00007e22c80997ef 00007e22f43af098
0x00007e22fc5155e0:   00007e22c80997f5 00007e22f43af088
0x00007e22fc5155f0:   00007e22c8099802 00007e22f43af08c
0x00007e22fc515600:   00007e22c8099810 00007e22f43af09c
0x00007e22fc515610:   00007e22c809981a 00007e22f43af0a0
0x00007e22fc515620:   00007e22c8099825 00007e22f43af0a4
0x00007e22fc515630:   00007e22c809982a 00007e22f43af0a8
0x00007e22fc515640:   00007e22c8099832 00007e22f43af0ac
0x00007e22fc515650:   00007e22c8099839 00007e22f43af0b0
0x00007e22fc515660:   00007e22c8099840 00007e22f43af0c4
0x00007e22fc515670:   00007e22c809984c 00007e22f43af0c8
0x00007e22fc515680:   00007e22c8099859 00007e22f43af0b4
0x00007e22fc515690:   00007e22c809985f 00007e22f43af0b8
0x00007e22fc5156a0:   00007e22c8099865 00007e22f43af0bc
0x00007e22fc5156b0:   00007e22c809986c 00007e22f43af0c0
0x00007e22fc5156c0:   0000000100000069 00007e22c80d9348
0x00007e22fc5156d0:   00007e22c80da730 00007e22c80db500
0x00007e22fc5156e0:   00007e226f4dcd68 00007e22fc5157b0
0x00007e22fc5156f0:   00007e22f402c070 00007e22c807adea
0x00007e22fc515700:   00007e226f4dcd68 00007e22c80fbe4c
0x00007e22fc515710:   0000000000000000 00007e22c8079fa4
0x00007e22fc515720:   00007e22fc515788 00007e22e49445da 

Instructions: (pc=0x00007e22c807a504)
0x00007e22c807a404:   00 48 89 84 24 28 01 00 00 48 8d 05 2c f4 01 00
0x00007e22c807a414:   48 89 84 24 30 01 00 00 48 8d 87 ed 00 00 00 48
0x00007e22c807a424:   89 84 24 38 01 00 00 48 8d 05 1a f4 01 00 48 89
0x00007e22c807a434:   84 24 40 01 00 00 48 8d 87 f1 00 00 00 48 89 84
0x00007e22c807a444:   24 48 01 00 00 48 8d 05 09 f4 01 00 48 89 84 24
0x00007e22c807a454:   50 01 00 00 48 8d 87 dd 00 00 00 48 89 84 24 58
0x00007e22c807a464:   01 00 00 48 8d 05 f1 f3 01 00 48 89 84 24 60 01
0x00007e22c807a474:   00 00 48 8d 87 e1 00 00 00 48 89 84 24 68 01 00
0x00007e22c807a484:   00 48 8d 05 d9 f3 01 00 48 89 84 24 70 01 00 00
0x00007e22c807a494:   48 8d 87 e5 00 00 00 48 89 84 24 78 01 00 00 48
0x00007e22c807a4a4:   8d 05 c2 f3 01 00 48 89 84 24 80 01 00 00 48 8d
0x00007e22c807a4b4:   87 e9 00 00 00 48 89 84 24 88 01 00 00 0f b6 06
0x00007e22c807a4c4:   84 c0 75 18 e9 13 02 00 00 0f 1f 00 48 83 c2 01
0x00007e22c807a4d4:   0f b6 04 11 84 c0 0f 84 00 02 00 00 3c 2c 75 ec
0x00007e22c807a4e4:   48 83 fa 20 0f 85 f2 01 00 00 f3 0f 6f 01 48 8d
0x00007e22c807a4f4:   83 80 00 00 00 4c 8d 69 21 31 ed 48 89 44 24 18
0x00007e22c807a504:   0f 11 83 80 00 00 00 f3 0f 6f 49 10 4c 89 6c 24
0x00007e22c807a514:   28 0f 11 8b 90 00 00 00 0f b6 41 21 84 c0 75 1d
0x00007e22c807a524:   e9 b7 01 00 00 0f 1f 80 00 00 00 00 48 83 c5 01
0x00007e22c807a534:   0f b6 44 29 21 84 c0 0f 84 9f 01 00 00 3c 2c 75
0x00007e22c807a544:   eb 48 83 fd 7f 0f 87 91 01 00 00 48 89 ea 4c 89
0x00007e22c807a554:   ee 49 8d 6c 2d 01 48 89 df e8 3e dd ff ff 0f b6
0x00007e22c807a564:   45 00 48 8d 74 24 28 48 89 6c 24 28 48 89 74 24
0x00007e22c807a574:   10 84 c0 0f 84 19 01 00 00 0f 1f 00 83 e8 2b a8
0x00007e22c807a584:   fd 0f 84 b8 02 00 00 48 8d 44 24 30 45 31 ed 48
0x00007e22c807a594:   89 44 24 08 48 8b 44 24 08 4d 89 ec 49 c1 e4 04
0x00007e22c807a5a4:   4e 8b 3c 20 4c 89 ff e8 a0 db ff ff 4c 89 fe 48
0x00007e22c807a5b4:   89 ef 48 89 c2 49 89 c6 e8 cf da ff ff 85 c0 0f
0x00007e22c807a5c4:   85 3f 01 00 00 42 80 7c 35 00 3a 0f 85 33 01 00
0x00007e22c807a5d4:   00 4a 8d 6c 35 01 4e 8b 74 24 38 48 89 6c 24 28
0x00007e22c807a5e4:   4d 85 f6 0f 84 3b 01 00 00 0f b6 55 00 80 fa 2b
0x00007e22c807a5f4:   0f 84 de 01 00 00 41 bc 01 00 00 00 41 bf ff ff 


Stack slot to memory mapping:
stack at sp + 0 slots: 0x00007e22fc515570 is pointing into the stack for thread: 0x00007e22f402c070
stack at sp + 1 slots: 0x00007e22fc515560 is pointing into the stack for thread: 0x00007e22f402c070
stack at sp + 2 slots: 0x00007e22fc515558 is pointing into the stack for thread: 0x00007e22f402c070
stack at sp + 3 slots: 0x00007e22f43af057 is an unknown value
stack at sp + 4 slots: 0x0000003000000028 is an unknown value
stack at sp + 5 slots: 0x00007e22c809a7c0: <offset 0x00000000000327c0> in /tmp/lwjgl_cookiebot/3.3.6+1/x64/libglfw.so at 0x00007e22c8068000
stack at sp + 6 slots: 0x00007e22c80997e0: <offset 0x00000000000317e0> in /tmp/lwjgl_cookiebot/3.3.6+1/x64/libglfw.so at 0x00007e22c8068000
stack at sp + 7 slots: 0x0 is NULL


---------------  P R O C E S S  ---------------

Threads class SMR info:
_java_thread_list=0x00007e22f42624d0, length=14, elements={
0x00007e22f402c070, 0x00007e22f415d6c0, 0x00007e22f415eaa0, 0x00007e22f4164030,
0x00007e22f41653e0, 0x00007e22f41667f0, 0x00007e22f41681a0, 0x00007e22f41696d0,
0x00007e22f4172b30, 0x00007e22f417a770, 0x00007e22f417df00, 0x00007e22f4241280,
0x00007e2248176430, 0x00007e22f4261740
}

Java Threads: ( => current thread )
=>0x00007e22f402c070 JavaThread "main" [_thread_in_native, id=129455, stack(0x00007e22fc417000,0x00007e22fc517000)]
  0x00007e22f415d6c0 JavaThread "Reference Handler" daemon [_thread_blocked, id=129466, stack(0x00007e22c9100000,0x00007e22c9200000)]
  0x00007e22f415eaa0 JavaThread "Finalizer" daemon [_thread_blocked, id=129467, stack(0x00007e22c9000000,0x00007e22c9100000)]
  0x00007e22f4164030 JavaThread "Signal Dispatcher" daemon [_thread_blocked, id=129468, stack(0x00007e22c8900000,0x00007e22c8a00000)]
  0x00007e22f41653e0 JavaThread "Service Thread" daemon [_thread_blocked, id=129469, stack(0x00007e22c8800000,0x00007e22c8900000)]
  0x00007e22f41667f0 JavaThread "Monitor Deflation Thread" daemon [_thread_blocked, id=129470, stack(0x00007e22c8700000,0x00007e22c8800000)]
  0x00007e22f41681a0 JavaThread "C2 CompilerThread0" daemon [_thread_blocked, id=129471, stack(0x00007e22c8600000,0x00007e22c8700000)]
  0x00007e22f41696d0 JavaThread "C1 CompilerThread0" daemon [_thread_in_native, id=129472, stack(0x00007e22c8500000,0x00007e22c8600000)]
  0x00007e22f4172b30 JavaThread "Sweeper thread" daemon [_thread_blocked, id=129473, stack(0x00007e22c8400000,0x00007e22c8500000)]
  0x00007e22f417a770 JavaThread "Notification Thread" daemon [_thread_blocked, id=129474, stack(0x00007e22c8300000,0x00007e22c8400000)]
  0x00007e22f417df00 JavaThread "Common-Cleaner" daemon [_thread_blocked, id=129476, stack(0x00007e22c80ff000,0x00007e22c81ff000)]
  0x00007e22f4241280 JavaThread "Java2D Disposer" daemon [_thread_blocked, id=129477, stack(0x00007e226eb00000,0x00007e226ec00000)]
  0x00007e2248176430 JavaThread "C2 CompilerThread1" daemon [_thread_blocked, id=129478, stack(0x00007e226e700000,0x00007e226e800000)]
  0x00007e22f4261740 JavaThread "Thread-0" [_thread_in_vm, id=129479, stack(0x00007e226e300000,0x00007e226e400000)]

Other Threads:
  0x00007e22f4159730 VMThread "VM Thread" [stack: 0x00007e22c94fc000,0x00007e22c95fc000] [id=129465]
  0x00007e22f417c0b0 WatcherThread [stack: 0x00007e22c8200000,0x00007e22c8300000] [id=129475]
  0x00007e22f405aa60 GCTaskThread "GC Thread#0" [stack: 0x00007e22f8968000,0x00007e22f8a68000] [id=129456]
  0x00007e22f406b980 ConcurrentGCThread "G1 Main Marker" [stack: 0x00007e22f8867000,0x00007e22f8967000] [id=129457]
  0x00007e22f406c8f0 ConcurrentGCThread "G1 Conc#0" [stack: 0x00007e22f8766000,0x00007e22f8866000] [id=129458]
  0x00007e22f4129e80 ConcurrentGCThread "G1 Refine#0" [stack: 0x00007e22c96fe000,0x00007e22c97fe000] [id=129459]
  0x00007e22f412ad80 ConcurrentGCThread "G1 Service" [stack: 0x00007e22c95fd000,0x00007e22c96fd000] [id=129460]

Threads with active compile tasks:
C1 CompilerThread0      275  900       3       sun.util.locale.LocaleUtils::isUpper (18 bytes)

VM state: not at safepoint (normal execution)

VM Mutex/Monitor currently owned by a thread: None

Heap address: 0x000000060e000000, size: 7968 MB, Compressed Oops mode: Zero based, Oop shift amount: 3

CDS archive(s) mapped at: [0x00007e2273000000-0x00007e2273bca000-0x00007e2273bca000), size 12361728, SharedBaseAddress: 0x00007e2273000000, ArchiveRelocationMode: 1.
Compressed class space mapped at: 0x00007e2274000000-0x00007e22b4000000, reserved size: 1073741824
Narrow klass base: 0x00007e2273000000, Narrow klass shift: 0, Narrow klass range: 0x100000000

GC Precious Log:
 CPUs: 12 total, 12 available
 Memory: 31861M
 Large Page Support: Disabled
 NUMA Support: Disabled
 Compressed Oops: Enabled (Zero based)
 Heap Region Size: 4M
 Heap Min Capacity: 8M
 Heap Initial Capacity: 500M
 Heap Max Capacity: 7968M
 Pre-touch: Disabled
 Parallel Workers: 10
 Concurrent Workers: 3
 Concurrent Refinement Workers: 10
 Periodic GC: Disabled

Heap:
 garbage-first heap   total 520192K, used 16308K [0x000000060e000000, 0x0000000800000000)
  region size 4096K, 4 young (16384K), 0 survivors (0K)
 Metaspace       used 4314K, committed 4608K, reserved 1114112K
  class space    used 357K, committed 512K, reserved 1048576K

Heap Regions: E=young(eden), S=young(survivor), O=old, HS=humongous(starts), HC=humongous(continues), CS=collection set, F=free, OA=open archive, CA=closed archive, TAMS=top-at-mark-start (previous, next)
|   0|0x000000060e000000, 0x000000060e000000, 0x000000060e400000|  0%| F|  |TAMS 0x000000060e000000, 0x000000060e000000| Untracked 
|   1|0x000000060e400000, 0x000000060e400000, 0x000000060e800000|  0%| F|  |TAMS 0x000000060e400000, 0x000000060e400000| Untracked 
|   2|0x000000060e800000, 0x000000060e800000, 0x000000060ec00000|  0%| F|  |TAMS 0x000000060e800000, 0x000000060e800000| Untracked 
|   3|0x000000060ec00000, 0x000000060ec00000, 0x000000060f000000|  0%| F|  |TAMS 0x000000060ec00000, 0x000000060ec00000| Untracked 
|   4|0x000000060f000000, 0x000000060f000000, 0x000000060f400000|  0%| F|  |TAMS 0x000000060f000000, 0x000000060f000000| Untracked 
|   5|0x000000060f400000, 0x000000060f400000, 0x000000060f800000|  0%| F|  |TAMS 0x000000060f400000, 0x000000060f400000| Untracked 
|   6|0x000000060f800000, 0x000000060f800000, 0x000000060fc00000|  0%| F|  |TAMS 0x000000060f800000, 0x000000060f800000| Untracked 
|   7|0x000000060fc00000, 0x000000060fc00000, 0x0000000610000000|  0%| F|  |TAMS 0x000000060fc00000, 0x000000060fc00000| Untracked 
|   8|0x0000000610000000, 0x0000000610000000, 0x0000000610400000|  0%| F|  |TAMS 0x0000000610000000, 0x0000000610000000| Untracked 
|   9|0x0000000610400000, 0x0000000610400000, 0x0000000610800000|  0%| F|  |TAMS 0x0000000610400000, 0x0000000610400000| Untracked 
|  10|0x0000000610800000, 0x0000000610800000, 0x0000000610c00000|  0%| F|  |TAMS 0x0000000610800000, 0x0000000610800000| Untracked 
|  11|0x0000000610c00000, 0x0000000610c00000, 0x0000000611000000|  0%| F|  |TAMS 0x0000000610c00000, 0x0000000610c00000| Untracked 
|  12|0x0000000611000000, 0x0000000611000000, 0x0000000611400000|  0%| F|  |TAMS 0x0000000611000000, 0x0000000611000000| Untracked 
|  13|0x0000000611400000, 0x0000000611400000, 0x0000000611800000|  0%| F|  |TAMS 0x0000000611400000, 0x0000000611400000| Untracked 
|  14|0x0000000611800000, 0x0000000611800000, 0x0000000611c00000|  0%| F|  |TAMS 0x0000000611800000, 0x0000000611800000| Untracked 
|  15|0x0000000611c00000, 0x0000000611c00000, 0x0000000612000000|  0%| F|  |TAMS 0x0000000611c00000, 0x0000000611c00000| Untracked 
|  16|0x0000000612000000, 0x0000000612000000, 0x0000000612400000|  0%| F|  |TAMS 0x0000000612000000, 0x0000000612000000| Untracked 
|  17|0x0000000612400000, 0x0000000612400000, 0x0000000612800000|  0%| F|  |TAMS 0x0000000612400000, 0x0000000612400000| Untracked 
|  18|0x0000000612800000, 0x0000000612800000, 0x0000000612c00000|  0%| F|  |TAMS 0x0000000612800000, 0x0000000612800000| Untracked 
|  19|0x0000000612c00000, 0x0000000612c00000, 0x0000000613000000|  0%| F|  |TAMS 0x0000000612c00000, 0x0000000612c00000| Untracked 
|  20|0x0000000613000000, 0x0000000613000000, 0x0000000613400000|  0%| F|  |TAMS 0x0000000613000000, 0x0000000613000000| Untracked 
|  21|0x0000000613400000, 0x0000000613400000, 0x0000000613800000|  0%| F|  |TAMS 0x0000000613400000, 0x0000000613400000| Untracked 
|  22|0x0000000613800000, 0x0000000613800000, 0x0000000613c00000|  0%| F|  |TAMS 0x0000000613800000, 0x0000000613800000| Untracked 
|  23|0x0000000613c00000, 0x0000000613c00000, 0x0000000614000000|  0%| F|  |TAMS 0x0000000613c00000, 0x0000000613c00000| Untracked 
|  24|0x0000000614000000, 0x0000000614000000, 0x0000000614400000|  0%| F|  |TAMS 0x0000000614000000, 0x0000000614000000| Untracked 
|  25|0x0000000614400000, 0x0000000614400000, 0x0000000614800000|  0%| F|  |TAMS 0x0000000614400000, 0x0000000614400000| Untracked 
|  26|0x0000000614800000, 0x0000000614800000, 0x0000000614c00000|  0%| F|  |TAMS 0x0000000614800000, 0x0000000614800000| Untracked 
|  27|0x0000000614c00000, 0x0000000614c00000, 0x0000000615000000|  0%| F|  |TAMS 0x0000000614c00000, 0x0000000614c00000| Untracked 
|  28|0x0000000615000000, 0x0000000615000000, 0x0000000615400000|  0%| F|  |TAMS 0x0000000615000000, 0x0000000615000000| Untracked 
|  29|0x0000000615400000, 0x0000000615400000, 0x0000000615800000|  0%| F|  |TAMS 0x0000000615400000, 0x0000000615400000| Untracked 
|  30|0x0000000615800000, 0x0000000615800000, 0x0000000615c00000|  0%| F|  |TAMS 0x0000000615800000, 0x0000000615800000| Untracked 
|  31|0x0000000615c00000, 0x0000000615c00000, 0x0000000616000000|  0%| F|  |TAMS 0x0000000615c00000, 0x0000000615c00000| Untracked 
|  32|0x0000000616000000, 0x0000000616000000, 0x0000000616400000|  0%| F|  |TAMS 0x0000000616000000, 0x0000000616000000| Untracked 
|  33|0x0000000616400000, 0x0000000616400000, 0x0000000616800000|  0%| F|  |TAMS 0x0000000616400000, 0x0000000616400000| Untracked 
|  34|0x0000000616800000, 0x0000000616800000, 0x0000000616c00000|  0%| F|  |TAMS 0x0000000616800000, 0x0000000616800000| Untracked 
|  35|0x0000000616c00000, 0x0000000616c00000, 0x0000000617000000|  0%| F|  |TAMS 0x0000000616c00000, 0x0000000616c00000| Untracked 
|  36|0x0000000617000000, 0x0000000617000000, 0x0000000617400000|  0%| F|  |TAMS 0x0000000617000000, 0x0000000617000000| Untracked 
|  37|0x0000000617400000, 0x0000000617400000, 0x0000000617800000|  0%| F|  |TAMS 0x0000000617400000, 0x0000000617400000| Untracked 
|  38|0x0000000617800000, 0x0000000617800000, 0x0000000617c00000|  0%| F|  |TAMS 0x0000000617800000, 0x0000000617800000| Untracked 
|  39|0x0000000617c00000, 0x0000000617c00000, 0x0000000618000000|  0%| F|  |TAMS 0x0000000617c00000, 0x0000000617c00000| Untracked 
|  40|0x0000000618000000, 0x0000000618000000, 0x0000000618400000|  0%| F|  |TAMS 0x0000000618000000, 0x0000000618000000| Untracked 
|  41|0x0000000618400000, 0x0000000618400000, 0x0000000618800000|  0%| F|  |TAMS 0x0000000618400000, 0x0000000618400000| Untracked 
|  42|0x0000000618800000, 0x0000000618800000, 0x0000000618c00000|  0%| F|  |TAMS 0x0000000618800000, 0x0000000618800000| Untracked 
|  43|0x0000000618c00000, 0x0000000618c00000, 0x0000000619000000|  0%| F|  |TAMS 0x0000000618c00000, 0x0000000618c00000| Untracked 
|  44|0x0000000619000000, 0x0000000619000000, 0x0000000619400000|  0%| F|  |TAMS 0x0000000619000000, 0x0000000619000000| Untracked 
|  45|0x0000000619400000, 0x0000000619400000, 0x0000000619800000|  0%| F|  |TAMS 0x0000000619400000, 0x0000000619400000| Untracked 
|  46|0x0000000619800000, 0x0000000619800000, 0x0000000619c00000|  0%| F|  |TAMS 0x0000000619800000, 0x0000000619800000| Untracked 
|  47|0x0000000619c00000, 0x0000000619c00000, 0x000000061a000000|  0%| F|  |TAMS 0x0000000619c00000, 0x0000000619c00000| Untracked 
|  48|0x000000061a000000, 0x000000061a000000, 0x000000061a400000|  0%| F|  |TAMS 0x000000061a000000, 0x000000061a000000| Untracked 
|  49|0x000000061a400000, 0x000000061a400000, 0x000000061a800000|  0%| F|  |TAMS 0x000000061a400000, 0x000000061a400000| Untracked 
|  50|0x000000061a800000, 0x000000061a800000, 0x000000061ac00000|  0%| F|  |TAMS 0x000000061a800000, 0x000000061a800000| Untracked 
|  51|0x000000061ac00000, 0x000000061ac00000, 0x000000061b000000|  0%| F|  |TAMS 0x000000061ac00000, 0x000000061ac00000| Untracked 
|  52|0x000000061b000000, 0x000000061b000000, 0x000000061b400000|  0%| F|  |TAMS 0x000000061b000000, 0x000000061b000000| Untracked 
|  53|0x000000061b400000, 0x000000061b400000, 0x000000061b800000|  0%| F|  |TAMS 0x000000061b400000, 0x000000061b400000| Untracked 
|  54|0x000000061b800000, 0x000000061b800000, 0x000000061bc00000|  0%| F|  |TAMS 0x000000061b800000, 0x000000061b800000| Untracked 
|  55|0x000000061bc00000, 0x000000061bc00000, 0x000000061c000000|  0%| F|  |TAMS 0x000000061bc00000, 0x000000061bc00000| Untracked 
|  56|0x000000061c000000, 0x000000061c000000, 0x000000061c400000|  0%| F|  |TAMS 0x000000061c000000, 0x000000061c000000| Untracked 
|  57|0x000000061c400000, 0x000000061c400000, 0x000000061c800000|  0%| F|  |TAMS 0x000000061c400000, 0x000000061c400000| Untracked 
|  58|0x000000061c800000, 0x000000061c800000, 0x000000061cc00000|  0%| F|  |TAMS 0x000000061c800000, 0x000000061c800000| Untracked 
|  59|0x000000061cc00000, 0x000000061cc00000, 0x000000061d000000|  0%| F|  |TAMS 0x000000061cc00000, 0x000000061cc00000| Untracked 
|  60|0x000000061d000000, 0x000000061d000000, 0x000000061d400000|  0%| F|  |TAMS 0x000000061d000000, 0x000000061d000000| Untracked 
|  61|0x000000061d400000, 0x000000061d400000, 0x000000061d800000|  0%| F|  |TAMS 0x000000061d400000, 0x000000061d400000| Untracked 
|  62|0x000000061d800000, 0x000000061d800000, 0x000000061dc00000|  0%| F|  |TAMS 0x000000061d800000, 0x000000061d800000| Untracked 
|  63|0x000000061dc00000, 0x000000061dc00000, 0x000000061e000000|  0%| F|  |TAMS 0x000000061dc00000, 0x000000061dc00000| Untracked 
|  64|0x000000061e000000, 0x000000061e000000, 0x000000061e400000|  0%| F|  |TAMS 0x000000061e000000, 0x000000061e000000| Untracked 
|  65|0x000000061e400000, 0x000000061e400000, 0x000000061e800000|  0%| F|  |TAMS 0x000000061e400000, 0x000000061e400000| Untracked 
|  66|0x000000061e800000, 0x000000061e800000, 0x000000061ec00000|  0%| F|  |TAMS 0x000000061e800000, 0x000000061e800000| Untracked 
|  67|0x000000061ec00000, 0x000000061ec00000, 0x000000061f000000|  0%| F|  |TAMS 0x000000061ec00000, 0x000000061ec00000| Untracked 
|  68|0x000000061f000000, 0x000000061f000000, 0x000000061f400000|  0%| F|  |TAMS 0x000000061f000000, 0x000000061f000000| Untracked 
|  69|0x000000061f400000, 0x000000061f400000, 0x000000061f800000|  0%| F|  |TAMS 0x000000061f400000, 0x000000061f400000| Untracked 
|  70|0x000000061f800000, 0x000000061f800000, 0x000000061fc00000|  0%| F|  |TAMS 0x000000061f800000, 0x000000061f800000| Untracked 
|  71|0x000000061fc00000, 0x000000061fc00000, 0x0000000620000000|  0%| F|  |TAMS 0x000000061fc00000, 0x000000061fc00000| Untracked 
|  72|0x0000000620000000, 0x0000000620000000, 0x0000000620400000|  0%| F|  |TAMS 0x0000000620000000, 0x0000000620000000| Untracked 
|  73|0x0000000620400000, 0x0000000620400000, 0x0000000620800000|  0%| F|  |TAMS 0x0000000620400000, 0x0000000620400000| Untracked 
|  74|0x0000000620800000, 0x0000000620800000, 0x0000000620c00000|  0%| F|  |TAMS 0x0000000620800000, 0x0000000620800000| Untracked 
|  75|0x0000000620c00000, 0x0000000620c00000, 0x0000000621000000|  0%| F|  |TAMS 0x0000000620c00000, 0x0000000620c00000| Untracked 
|  76|0x0000000621000000, 0x0000000621000000, 0x0000000621400000|  0%| F|  |TAMS 0x0000000621000000, 0x0000000621000000| Untracked 
|  77|0x0000000621400000, 0x0000000621400000, 0x0000000621800000|  0%| F|  |TAMS 0x0000000621400000, 0x0000000621400000| Untracked 
|  78|0x0000000621800000, 0x0000000621800000, 0x0000000621c00000|  0%| F|  |TAMS 0x0000000621800000, 0x0000000621800000| Untracked 
|  79|0x0000000621c00000, 0x0000000621c00000, 0x0000000622000000|  0%| F|  |TAMS 0x0000000621c00000, 0x0000000621c00000| Untracked 
|  80|0x0000000622000000, 0x0000000622000000, 0x0000000622400000|  0%| F|  |TAMS 0x0000000622000000, 0x0000000622000000| Untracked 
|  81|0x0000000622400000, 0x0000000622400000, 0x0000000622800000|  0%| F|  |TAMS 0x0000000622400000, 0x0000000622400000| Untracked 
|  82|0x0000000622800000, 0x0000000622800000, 0x0000000622c00000|  0%| F|  |TAMS 0x0000000622800000, 0x0000000622800000| Untracked 
|  83|0x0000000622c00000, 0x0000000622c00000, 0x0000000623000000|  0%| F|  |TAMS 0x0000000622c00000, 0x0000000622c00000| Untracked 
|  84|0x0000000623000000, 0x0000000623000000, 0x0000000623400000|  0%| F|  |TAMS 0x0000000623000000, 0x0000000623000000| Untracked 
|  85|0x0000000623400000, 0x0000000623400000, 0x0000000623800000|  0%| F|  |TAMS 0x0000000623400000, 0x0000000623400000| Untracked 
|  86|0x0000000623800000, 0x0000000623800000, 0x0000000623c00000|  0%| F|  |TAMS 0x0000000623800000, 0x0000000623800000| Untracked 
|  87|0x0000000623c00000, 0x0000000623c00000, 0x0000000624000000|  0%| F|  |TAMS 0x0000000623c00000, 0x0000000623c00000| Untracked 
|  88|0x0000000624000000, 0x0000000624000000, 0x0000000624400000|  0%| F|  |TAMS 0x0000000624000000, 0x0000000624000000| Untracked 
|  89|0x0000000624400000, 0x0000000624400000, 0x0000000624800000|  0%| F|  |TAMS 0x0000000624400000, 0x0000000624400000| Untracked 
|  90|0x0000000624800000, 0x0000000624800000, 0x0000000624c00000|  0%| F|  |TAMS 0x0000000624800000, 0x0000000624800000| Untracked 
|  91|0x0000000624c00000, 0x0000000624c00000, 0x0000000625000000|  0%| F|  |TAMS 0x0000000624c00000, 0x0000000624c00000| Untracked 
|  92|0x0000000625000000, 0x0000000625000000, 0x0000000625400000|  0%| F|  |TAMS 0x0000000625000000, 0x0000000625000000| Untracked 
|  93|0x0000000625400000, 0x0000000625400000, 0x0000000625800000|  0%| F|  |TAMS 0x0000000625400000, 0x0000000625400000| Untracked 
|  94|0x0000000625800000, 0x0000000625800000, 0x0000000625c00000|  0%| F|  |TAMS 0x0000000625800000, 0x0000000625800000| Untracked 
|  95|0x0000000625c00000, 0x0000000625c00000, 0x0000000626000000|  0%| F|  |TAMS 0x0000000625c00000, 0x0000000625c00000| Untracked 
|  96|0x0000000626000000, 0x0000000626000000, 0x0000000626400000|  0%| F|  |TAMS 0x0000000626000000, 0x0000000626000000| Untracked 
|  97|0x0000000626400000, 0x0000000626400000, 0x0000000626800000|  0%| F|  |TAMS 0x0000000626400000, 0x0000000626400000| Untracked 
|  98|0x0000000626800000, 0x0000000626800000, 0x0000000626c00000|  0%| F|  |TAMS 0x0000000626800000, 0x0000000626800000| Untracked 
|  99|0x0000000626c00000, 0x0000000626c00000, 0x0000000627000000|  0%| F|  |TAMS 0x0000000626c00000, 0x0000000626c00000| Untracked 
| 100|0x0000000627000000, 0x0000000627000000, 0x0000000627400000|  0%| F|  |TAMS 0x0000000627000000, 0x0000000627000000| Untracked 
| 101|0x0000000627400000, 0x0000000627400000, 0x0000000627800000|  0%| F|  |TAMS 0x0000000627400000, 0x0000000627400000| Untracked 
| 102|0x0000000627800000, 0x0000000627800000, 0x0000000627c00000|  0%| F|  |TAMS 0x0000000627800000, 0x0000000627800000| Untracked 
| 103|0x0000000627c00000, 0x0000000627c00000, 0x0000000628000000|  0%| F|  |TAMS 0x0000000627c00000, 0x0000000627c00000| Untracked 
| 104|0x0000000628000000, 0x0000000628000000, 0x0000000628400000|  0%| F|  |TAMS 0x0000000628000000, 0x0000000628000000| Untracked 
| 105|0x0000000628400000, 0x0000000628400000, 0x0000000628800000|  0%| F|  |TAMS 0x0000000628400000, 0x0000000628400000| Untracked 
| 106|0x0000000628800000, 0x0000000628800000, 0x0000000628c00000|  0%| F|  |TAMS 0x0000000628800000, 0x0000000628800000| Untracked 
| 107|0x0000000628c00000, 0x0000000628c00000, 0x0000000629000000|  0%| F|  |TAMS 0x0000000628c00000, 0x0000000628c00000| Untracked 
| 108|0x0000000629000000, 0x0000000629000000, 0x0000000629400000|  0%| F|  |TAMS 0x0000000629000000, 0x0000000629000000| Untracked 
| 109|0x0000000629400000, 0x0000000629400000, 0x0000000629800000|  0%| F|  |TAMS 0x0000000629400000, 0x0000000629400000| Untracked 
| 110|0x0000000629800000, 0x0000000629800000, 0x0000000629c00000|  0%| F|  |TAMS 0x0000000629800000, 0x0000000629800000| Untracked 
| 111|0x0000000629c00000, 0x0000000629c00000, 0x000000062a000000|  0%| F|  |TAMS 0x0000000629c00000, 0x0000000629c00000| Untracked 
| 112|0x000000062a000000, 0x000000062a000000, 0x000000062a400000|  0%| F|  |TAMS 0x000000062a000000, 0x000000062a000000| Untracked 
| 113|0x000000062a400000, 0x000000062a400000, 0x000000062a800000|  0%| F|  |TAMS 0x000000062a400000, 0x000000062a400000| Untracked 
| 114|0x000000062a800000, 0x000000062a800000, 0x000000062ac00000|  0%| F|  |TAMS 0x000000062a800000, 0x000000062a800000| Untracked 
| 115|0x000000062ac00000, 0x000000062ac00000, 0x000000062b000000|  0%| F|  |TAMS 0x000000062ac00000, 0x000000062ac00000| Untracked 
| 116|0x000000062b000000, 0x000000062b000000, 0x000000062b400000|  0%| F|  |TAMS 0x000000062b000000, 0x000000062b000000| Untracked 
| 117|0x000000062b400000, 0x000000062b400000, 0x000000062b800000|  0%| F|  |TAMS 0x000000062b400000, 0x000000062b400000| Untracked 
| 118|0x000000062b800000, 0x000000062b800000, 0x000000062bc00000|  0%| F|  |TAMS 0x000000062b800000, 0x000000062b800000| Untracked 
| 119|0x000000062bc00000, 0x000000062bc00000, 0x000000062c000000|  0%| F|  |TAMS 0x000000062bc00000, 0x000000062bc00000| Untracked 
| 120|0x000000062c000000, 0x000000062c000000, 0x000000062c400000|  0%| F|  |TAMS 0x000000062c000000, 0x000000062c000000| Untracked 
| 121|0x000000062c400000, 0x000000062c4f6218, 0x000000062c800000| 24%| E|  |TAMS 0x000000062c400000, 0x000000062c400000| Complete 
| 122|0x000000062c800000, 0x000000062cc00000, 0x000000062cc00000|100%| E|CS|TAMS 0x000000062c800000, 0x000000062c800000| Complete 
| 123|0x000000062cc00000, 0x000000062d000000, 0x000000062d000000|100%| E|CS|TAMS 0x000000062cc00000, 0x000000062cc00000| Complete 
| 124|0x000000062d000000, 0x000000062d400000, 0x000000062d400000|100%| E|CS|TAMS 0x000000062d000000, 0x000000062d000000| Complete 
|1990|0x00000007ff800000, 0x00000007ffb75000, 0x00000007ffc00000| 86%|OA|  |TAMS 0x00000007ff800000, 0x00000007ff800000| Untracked 
|1991|0x00000007ffc00000, 0x00000007ffc78000, 0x0000000800000000| 11%|CA|  |TAMS 0x00000007ffc00000, 0x00000007ffc00000| Untracked 

Card table byte_map: [0x00007e22dc470000,0x00007e22dd400000] _byte_map_base: 0x00007e22d9400000

Marking Bits (Prev, Next): (CMBitMap*) 0x00007e22f405b4f0, (CMBitMap*) 0x00007e22f405b530
 Prev Bits: [0x00007e22d3860000, 0x00007e22db4e0000)
 Next Bits: [0x00007e22cbbe0000, 0x00007e22d3860000)

Polling page: 0x00007e22fc909000

Metaspace:

Usage:
  Non-class:      3.88 MB used.
      Class:    359.26 KB used.
       Both:      4.23 MB used.

Virtual space:
  Non-class space:       64.00 MB reserved,       4.00 MB (  6%) committed,  1 nodes.
      Class space:        1.00 GB reserved,     512.00 KB ( <1%) committed,  1 nodes.
             Both:        1.06 GB reserved,       4.50 MB ( <1%) committed. 

Chunk freelists:
   Non-Class:  10.86 MB
       Class:  15.54 MB
        Both:  26.40 MB

MaxMetaspaceSize: unlimited
CompressedClassSpaceSize: 1.00 GB
Initial GC threshold: 21.00 MB
Current GC threshold: 21.00 MB
CDS: on
MetaspaceReclaimPolicy: balanced
 - commit_granule_bytes: 65536.
 - commit_granule_words: 8192.
 - virtual_space_node_default_size: 8388608.
 - enlarge_chunks_in_place: 1.
 - new_chunks_are_fully_committed: 0.
 - uncommit_free_chunks: 1.
 - use_allocation_guard: 0.
 - handle_deallocations: 1.


Internal statistics:

num_allocs_failed_limit: 0.
num_arena_births: 164.
num_arena_deaths: 0.
num_vsnodes_births: 2.
num_vsnodes_deaths: 0.
num_space_committed: 72.
num_space_uncommitted: 0.
num_chunks_returned_to_freelist: 0.
num_chunks_taken_from_freelist: 248.
num_chunk_merges: 0.
num_chunk_splits: 160.
num_chunks_enlarged: 88.
num_inconsistent_stats: 0.

CodeHeap 'non-profiled nmethods': size=120028Kb used=310Kb max_used=310Kb free=119717Kb
 bounds [0x00007e22e4ec9000, 0x00007e22e5139000, 0x00007e22ec400000]
CodeHeap 'profiled nmethods': size=120028Kb used=1434Kb max_used=1434Kb free=118593Kb
 bounds [0x00007e22dd400000, 0x00007e22dd670000, 0x00007e22e4937000]
CodeHeap 'non-nmethods': size=5704Kb used=1596Kb max_used=1624Kb free=4108Kb
 bounds [0x00007e22e4937000, 0x00007e22e4ba7000, 0x00007e22e4ec9000]
 total_blobs=1931 nmethods=900 adapters=945
 compilation: enabled
              stopped_count=0, restarted_count=0
 full_count=0

Compilation events (20 events):
Event: 0.233 Thread 0x00007e22f41696d0 nmethod 858 0x00007e22e4f12810 code [0x00007e22e4f129a0, 0x00007e22e4f12a70]
Event: 0.233 Thread 0x00007e22f41696d0  863       3       jdk.internal.reflect.MagicAccessorImpl::<init> (5 bytes)
Event: 0.233 Thread 0x00007e22f41696d0 nmethod 863 0x00007e22dd555010 code [0x00007e22dd5551c0, 0x00007e22dd555310]
Event: 0.233 Thread 0x00007e22f41696d0  864       3       java.lang.ref.WeakReference::<init> (6 bytes)
Event: 0.233 Thread 0x00007e22f41696d0 nmethod 864 0x00007e22dd555410 code [0x00007e22dd5555c0, 0x00007e22dd5558d0]
Event: 0.233 Thread 0x00007e22f41696d0  865   !   3       jdk.internal.reflect.ReflectionFactory::checkInitted (100 bytes)
Event: 0.233 Thread 0x00007e2248176430 nmethod 842 0x00007e22e4f12b10 code [0x00007e22e4f12ca0, 0x00007e22e4f12ff8]
Event: 0.233 Thread 0x00007e22f41696d0 nmethod 865 0x00007e22dd555a10 code [0x00007e22dd555d20, 0x00007e22dd556d40]
Event: 0.233 Thread 0x00007e22f41696d0  868       3       jdk.internal.misc.Unsafe::ensureClassInitialized (18 bytes)
Event: 0.233 Thread 0x00007e22f41696d0 nmethod 868 0x00007e22dd557190 code [0x00007e22dd557340, 0x00007e22dd557570]
Event: 0.233 Thread 0x00007e22f41696d0  869       3       java.lang.reflect.Modifier::isVolatile (13 bytes)
Event: 0.234 Thread 0x00007e22f41696d0 nmethod 869 0x00007e22dd557690 code [0x00007e22dd557820, 0x00007e22dd557950]
Event: 0.234 Thread 0x00007e22f41696d0  866       3       java.lang.reflect.ReflectAccess::getRoot (5 bytes)
Event: 0.234 Thread 0x00007e22f41696d0 nmethod 866 0x00007e22dd557a10 code [0x00007e22dd557bc0, 0x00007e22dd557d80]
Event: 0.234 Thread 0x00007e22f41696d0  867       3       java.lang.reflect.AccessibleObject::checkAccess (40 bytes)
Event: 0.234 Thread 0x00007e22f41696d0 nmethod 867 0x00007e22dd557e90 code [0x00007e22dd558060, 0x00007e22dd558390]
Event: 0.240 Thread 0x00007e22f41681a0 nmethod 835 0x00007e22e4f13190 code [0x00007e22e4f13340, 0x00007e22e4f14038]
Event: 0.269 Thread 0x00007e22f41696d0  870   !   3       sun.nio.ch.FileChannelImpl::read (266 bytes)
Event: 0.269 Thread 0x00007e22f41681a0  873   !   4       java.nio.DirectByteBuffer::get (34 bytes)
Event: 0.269 Thread 0x00007e2248176430  874       4       java.lang.StringLatin1::indexOf (121 bytes)

GC Heap History (0 events):
No events

Dll operation events (10 events):
Event: 0.001 Loaded shared library /usr/lib/jvm/java-17-amazon-corretto/lib/libjava.so
Event: 0.012 Loaded shared library /usr/lib/jvm/java-17-amazon-corretto/lib/libjsvml.so
Event: 0.033 Loaded shared library /usr/lib/jvm/java-17-amazon-corretto/lib/libnio.so
Event: 0.034 Loaded shared library /usr/lib/jvm/java-17-amazon-corretto/lib/libjimage.so
Event: 0.035 Loaded shared library /usr/lib/jvm/java-17-amazon-corretto/lib/libawt.so
Event: 0.039 Loaded shared library /usr/lib/jvm/java-17-amazon-corretto/lib/libawt_xawt.so
Event: 0.073 Loaded shared library /usr/lib/jvm/java-17-amazon-corretto/lib/libnet.so
Event: 0.075 Loaded shared library /usr/lib/jvm/java-17-amazon-corretto/lib/libfontmanager.so
Event: 0.118 Loaded shared library /usr/lib/jvm/java-17-amazon-corretto/lib/libzip.so
Event: 0.165 Loaded shared library /tmp/lwjgl_cookiebot/3.3.6+1/x64/liblwjgl.so

Deoptimization events (20 events):
Event: 0.223 Thread 0x00007e22f402c070 DEOPT PACKING pc=0x00007e22dd5189d4 sp=0x00007e22fc512f90
Event: 0.223 Thread 0x00007e22f402c070 DEOPT UNPACKING pc=0x00007e22e498de2f sp=0x00007e22fc512428 mode 0
Event: 0.223 Thread 0x00007e22f402c070 DEOPT PACKING pc=0x00007e22dd518a71 sp=0x00007e22fc512f90
Event: 0.223 Thread 0x00007e22f402c070 DEOPT UNPACKING pc=0x00007e22e498de2f sp=0x00007e22fc512428 mode 0
Event: 0.223 Thread 0x00007e22f402c070 DEOPT PACKING pc=0x00007e22dd5189d4 sp=0x00007e22fc512f90
Event: 0.223 Thread 0x00007e22f402c070 DEOPT UNPACKING pc=0x00007e22e498de2f sp=0x00007e22fc512428 mode 0
Event: 0.224 Thread 0x00007e22f402c070 DEOPT PACKING pc=0x00007e22dd5189d4 sp=0x00007e22fc512f90
Event: 0.224 Thread 0x00007e22f402c070 DEOPT UNPACKING pc=0x00007e22e498de2f sp=0x00007e22fc512428 mode 0
Event: 0.224 Thread 0x00007e22f402c070 DEOPT PACKING pc=0x00007e22dd5189d4 sp=0x00007e22fc512f90
Event: 0.224 Thread 0x00007e22f402c070 DEOPT UNPACKING pc=0x00007e22e498de2f sp=0x00007e22fc512428 mode 0
Event: 0.224 Thread 0x00007e22f402c070 DEOPT PACKING pc=0x00007e22dd5189d4 sp=0x00007e22fc512f90
Event: 0.224 Thread 0x00007e22f402c070 DEOPT UNPACKING pc=0x00007e22e498de2f sp=0x00007e22fc512428 mode 0
Event: 0.224 Thread 0x00007e22f402c070 DEOPT PACKING pc=0x00007e22dd518a71 sp=0x00007e22fc512f90
Event: 0.224 Thread 0x00007e22f402c070 DEOPT UNPACKING pc=0x00007e22e498de2f sp=0x00007e22fc512428 mode 0
Event: 0.224 Thread 0x00007e22f402c070 DEOPT PACKING pc=0x00007e22dd5189d4 sp=0x00007e22fc512f90
Event: 0.224 Thread 0x00007e22f402c070 DEOPT UNPACKING pc=0x00007e22e498de2f sp=0x00007e22fc512428 mode 0
Event: 0.268 Thread 0x00007e22f4261740 Uncommon trap: trap_request=0xffffff6e fr.pc=0x00007e22e4f02a00 relative=0x0000000000000460
Event: 0.268 Thread 0x00007e22f4261740 Uncommon trap: reason=loop_limit_check action=maybe_recompile pc=0x00007e22e4f02a00 method=java.lang.StringLatin1.indexOf([BI[BII)I @ 37 c2
Event: 0.268 Thread 0x00007e22f4261740 DEOPT PACKING pc=0x00007e22e4f02a00 sp=0x00007e226e3fe490
Event: 0.268 Thread 0x00007e22f4261740 DEOPT UNPACKING pc=0x00007e22e498d699 sp=0x00007e226e3fe410 mode 2

Classes loaded (20 events):
Event: 0.204 Loading class sun/misc/Unsafe
Event: 0.204 Loading class sun/misc/Unsafe done
Event: 0.204 Loading class jdk/internal/reflect/UnsafeFieldAccessorFactory
Event: 0.204 Loading class jdk/internal/reflect/UnsafeFieldAccessorFactory done
Event: 0.204 Loading class jdk/internal/reflect/UnsafeQualifiedStaticObjectFieldAccessorImpl
Event: 0.204 Loading class jdk/internal/reflect/UnsafeQualifiedStaticFieldAccessorImpl
Event: 0.204 Loading class jdk/internal/reflect/UnsafeQualifiedStaticFieldAccessorImpl done
Event: 0.204 Loading class jdk/internal/reflect/UnsafeQualifiedStaticObjectFieldAccessorImpl done
Event: 0.205 Loading class java/util/function/LongPredicate
Event: 0.205 Loading class java/util/function/LongPredicate done
Event: 0.206 Loading class jdk/internal/access/foreign/MemorySegmentProxy
Event: 0.206 Loading class jdk/internal/access/foreign/MemorySegmentProxy done
Event: 0.206 Loading class java/lang/NoSuchFieldError
Event: 0.206 Loading class java/lang/NoSuchFieldError done
Event: 0.208 Loading class java/nio/InvalidMarkException
Event: 0.208 Loading class java/nio/InvalidMarkException done
Event: 0.208 Loading class java/nio/BufferUnderflowException
Event: 0.208 Loading class java/nio/BufferUnderflowException done
Event: 0.232 Loading class jdk/internal/reflect/UnsafeQualifiedStaticIntegerFieldAccessorImpl
Event: 0.232 Loading class jdk/internal/reflect/UnsafeQualifiedStaticIntegerFieldAccessorImpl done

Classes unloaded (0 events):
No events

Classes redefined (0 events):
No events

Internal exceptions (20 events):
Event: 0.135 Thread 0x00007e22f4261740 Exception <a 'java/lang/NoSuchMethodError'{0x000000062cdbc178}: 'java.lang.Object java.lang.invoke.DirectMethodHandle$Holder.invokeStatic(java.lang.Object, java.lang.Object, int)'> (0x000000062cdbc178) 
thrown [src/hotspot/share/interpreter/linkResolver.cpp, line 759]
Event: 0.136 Thread 0x00007e22f4261740 Exception <a 'java/lang/NoSuchMethodError'{0x000000062cdc7400}: 'void java.lang.invoke.DelegatingMethodHandle$Holder.delegate(java.lang.Object, java.lang.Object, int, java.lang.Object)'> (0x000000062cdc7400) 
thrown [src/hotspot/share/interpreter/linkResolver.cpp, line 759]
Event: 0.136 Thread 0x00007e22f4261740 Exception <a 'java/lang/NoSuchMethodError'{0x000000062cdcb518}: 'int java.lang.invoke.DirectMethodHandle$Holder.invokeSpecial(java.lang.Object, java.lang.Object, java.lang.Object)'> (0x000000062cdcb518) 
thrown [src/hotspot/share/interpreter/linkResolver.cpp, line 759]
Event: 0.158 Thread 0x00007e22f4261740 Exception <a 'sun/nio/fs/UnixException'{0x000000062c911208}> (0x000000062c911208) 
thrown [src/hotspot/share/prims/jni.cpp, line 516]
Event: 0.158 Thread 0x00007e22f4261740 Exception <a 'sun/nio/fs/UnixException'{0x000000062c911918}> (0x000000062c911918) 
thrown [src/hotspot/share/prims/jni.cpp, line 516]
Event: 0.160 Thread 0x00007e22f4261740 Exception <a 'sun/nio/fs/UnixException'{0x000000062c92da88}> (0x000000062c92da88) 
thrown [src/hotspot/share/prims/jni.cpp, line 516]
Event: 0.161 Thread 0x00007e22f4261740 Exception <a 'sun/nio/fs/UnixException'{0x000000062c9349c0}> (0x000000062c9349c0) 
thrown [src/hotspot/share/prims/jni.cpp, line 516]
Event: 0.167 Thread 0x00007e22f4261740 Exception <a 'sun/nio/fs/UnixException'{0x000000062c940308}> (0x000000062c940308) 
thrown [src/hotspot/share/prims/jni.cpp, line 516]
Event: 0.203 Thread 0x00007e22f4261740 Exception <a 'sun/nio/fs/UnixException'{0x000000062cb6a7c0}> (0x000000062cb6a7c0) 
thrown [src/hotspot/share/prims/jni.cpp, line 516]
Event: 0.204 Thread 0x00007e22f4261740 Exception <a 'sun/nio/fs/UnixException'{0x000000062cb70cb0}> (0x000000062cb70cb0) 
thrown [src/hotspot/share/prims/jni.cpp, line 516]
Event: 0.205 Thread 0x00007e22f402c070 Exception <a 'java/lang/NoSuchMethodError'{0x000000062cd772f0}: 'int java.lang.invoke.DirectMethodHandle$Holder.invokeStaticInit(java.lang.Object, java.lang.Object, int, long)'> (0x000000062cd772f0) 
thrown [src/hotspot/share/interpreter/linkResolver.cpp, line 759]
Event: 0.206 Thread 0x00007e22f402c070 Exception <a 'java/lang/NoSuchMethodError'{0x000000062cd7ce60}: 'java.lang.Object java.lang.invoke.DirectMethodHandle$Holder.newInvokeSpecial(java.lang.Object, java.lang.Object, int)'> (0x000000062cd7ce60) 
thrown [src/hotspot/share/interpreter/linkResolver.cpp, line 759]
Event: 0.206 Thread 0x00007e22f4261740 Exception <a 'sun/nio/fs/UnixException'{0x000000062cb73750}> (0x000000062cb73750) 
thrown [src/hotspot/share/prims/jni.cpp, line 516]
Event: 0.207 Thread 0x00007e22f402c070 Exception <a 'java/lang/NoSuchMethodError'{0x000000062cbc4350}: 'int java.lang.invoke.DirectMethodHandle$Holder.invokeStaticInit(java.lang.Object, java.lang.Object, long, long)'> (0x000000062cbc4350) 
thrown [src/hotspot/share/interpreter/linkResolver.cpp, line 759]
Event: 0.207 Thread 0x00007e22f402c070 Exception <a 'java/lang/NoSuchMethodError'{0x000000062cbc9fe0}: 'java.lang.Object java.lang.invoke.DirectMethodHandle$Holder.newInvokeSpecial(java.lang.Object, java.lang.Object, long)'> (0x000000062cbc9fe0) 
thrown [src/hotspot/share/interpreter/linkResolver.cpp, line 759]
Event: 0.207 Thread 0x00007e22f402c070 Exception <a 'java/lang/NoSuchMethodError'{0x000000062cbcdb50}: 'java.lang.Object java.lang.invoke.Invokers$Holder.linkToTargetMethod(java.lang.Object, long, java.lang.Object)'> (0x000000062cbcdb50) 
thrown [src/hotspot/share/interpreter/linkResolver.cpp, line 759]
Event: 0.208 Thread 0x00007e22f402c070 Exception <a 'java/lang/NoSuchMethodError'{0x000000062cbd5020}: 'int java.lang.invoke.DirectMethodHandle$Holder.invokeStaticInit(java.lang.Object, java.lang.Object, java.lang.Object, long)'> (0x000000062cbd5020) 
thrown [src/hotspot/share/interpreter/linkResolver.cpp, line 759]
Event: 0.213 Thread 0x00007e22f402c070 Exception <a 'sun/nio/fs/UnixException'{0x000000062c42cbe8}> (0x000000062c42cbe8) 
thrown [src/hotspot/share/prims/jni.cpp, line 516]
Event: 0.214 Thread 0x00007e22f402c070 Exception <a 'sun/nio/fs/UnixException'{0x000000062c433128}> (0x000000062c433128) 
thrown [src/hotspot/share/prims/jni.cpp, line 516]
Event: 0.217 Thread 0x00007e22f402c070 Exception <a 'sun/nio/fs/UnixException'{0x000000062c435c80}> (0x000000062c435c80) 
thrown [src/hotspot/share/prims/jni.cpp, line 516]

VM Operations (4 events):
Event: 0.083 Executing VM operation: HandshakeAllThreads
Event: 0.083 Executing VM operation: HandshakeAllThreads done
Event: 0.203 Executing VM operation: HandshakeAllThreads
Event: 0.203 Executing VM operation: HandshakeAllThreads done

Memory protections (14 events):
Event: 0.001 Protecting memory [0x00007e22fc417000,0x00007e22fc41b000] with protection modes 0
Event: 0.013 Protecting memory [0x00007e22c9100000,0x00007e22c9104000] with protection modes 0
Event: 0.013 Protecting memory [0x00007e22c9000000,0x00007e22c9004000] with protection modes 0
Event: 0.015 Protecting memory [0x00007e22c8900000,0x00007e22c8904000] with protection modes 0
Event: 0.015 Protecting memory [0x00007e22c8800000,0x00007e22c8804000] with protection modes 0
Event: 0.015 Protecting memory [0x00007e22c8700000,0x00007e22c8704000] with protection modes 0
Event: 0.015 Protecting memory [0x00007e22c8600000,0x00007e22c8604000] with protection modes 0
Event: 0.015 Protecting memory [0x00007e22c8500000,0x00007e22c8504000] with protection modes 0
Event: 0.016 Protecting memory [0x00007e22c8400000,0x00007e22c8404000] with protection modes 0
Event: 0.020 Protecting memory [0x00007e22c8300000,0x00007e22c8304000] with protection modes 0
Event: 0.021 Protecting memory [0x00007e22c80ff000,0x00007e22c8103000] with protection modes 0
Event: 0.078 Protecting memory [0x00007e226eb00000,0x00007e226eb04000] with protection modes 0
Event: 0.109 Protecting memory [0x00007e226e700000,0x00007e226e704000] with protection modes 0
Event: 0.115 Protecting memory [0x00007e226e300000,0x00007e226e304000] with protection modes 0

Nmethod flushes (0 events):
No events

Events (14 events):
Event: 0.012 Thread 0x00007e22f402c070 Thread added: 0x00007e22f402c070
Event: 0.013 Thread 0x00007e22f402c070 Thread added: 0x00007e22f415d6c0
Event: 0.013 Thread 0x00007e22f402c070 Thread added: 0x00007e22f415eaa0
Event: 0.015 Thread 0x00007e22f402c070 Thread added: 0x00007e22f4164030
Event: 0.015 Thread 0x00007e22f402c070 Thread added: 0x00007e22f41653e0
Event: 0.015 Thread 0x00007e22f402c070 Thread added: 0x00007e22f41667f0
Event: 0.015 Thread 0x00007e22f402c070 Thread added: 0x00007e22f41681a0
Event: 0.015 Thread 0x00007e22f402c070 Thread added: 0x00007e22f41696d0
Event: 0.015 Thread 0x00007e22f402c070 Thread added: 0x00007e22f4172b30
Event: 0.020 Thread 0x00007e22f402c070 Thread added: 0x00007e22f417a770
Event: 0.021 Thread 0x00007e22f402c070 Thread added: 0x00007e22f417df00
Event: 0.078 Thread 0x00007e22f402c070 Thread added: 0x00007e22f4241280
Event: 0.109 Thread 0x00007e22f41696d0 Thread added: 0x00007e2248176430
Event: 0.115 Thread 0x00007e22f402c070 Thread added: 0x00007e22f4261740


Dynamic libraries:
60e000000-62d400000 rw-p 00000000 00:00 0 
62d400000-7ff800000 ---p 00000000 00:00 0 
7ff800000-7ffb00000 rw-p 00000000 00:00 0 
7ffb00000-7ffb75000 rw-p 00c7a000 103:05 15074430                        /usr/lib/jvm/java-17-amazon-corretto/lib/server/classes.jsa
7ffb75000-7ffc00000 rw-p 00000000 00:00 0 
7ffc00000-7ffc78000 rw-p 00c02000 103:05 15074430                        /usr/lib/jvm/java-17-amazon-corretto/lib/server/classes.jsa
7ffc78000-800000000 rw-p 00000000 00:00 0 
60de70800000-60de70801000 r-xp 00000000 103:05 15077193                  /usr/lib/jvm/java-17-amazon-corretto/bin/java
60de70a01000-60de70a02000 r--p 00001000 103:05 15077193                  /usr/lib/jvm/java-17-amazon-corretto/bin/java
60de70a02000-60de70a03000 rw-p 00002000 103:05 15077193                  /usr/lib/jvm/java-17-amazon-corretto/bin/java
60de875ed000-60de87637000 rw-p 00000000 00:00 0                          [heap]
7e222f606000-7e222f60d000 r--p 00000000 103:05 14971447                  /usr/lib/x86_64-linux-gnu/libblkid.so.1.1.0
7e222f60d000-7e222f631000 r-xp 00007000 103:05 14971447                  /usr/lib/x86_64-linux-gnu/libblkid.so.1.1.0
7e222f631000-7e222f63a000 r--p 0002b000 103:05 14971447                  /usr/lib/x86_64-linux-gnu/libblkid.so.1.1.0
7e222f63a000-7e222f640000 r--p 00033000 103:05 14971447                  /usr/lib/x86_64-linux-gnu/libblkid.so.1.1.0
7e222f640000-7e222f641000 rw-p 00039000 103:05 14971447                  /usr/lib/x86_64-linux-gnu/libblkid.so.1.1.0
7e2230000000-7e2230115000 rw-p 00000000 00:00 0 
7e2230115000-7e2234000000 ---p 00000000 00:00 0 
7e2234000000-7e223451c000 rw-p 00000000 00:00 0 
7e223451c000-7e2238000000 ---p 00000000 00:00 0 
7e2238000000-7e2238021000 rw-p 00000000 00:00 0 
7e2238021000-7e223c000000 ---p 00000000 00:00 0 
7e223c000000-7e223c021000 rw-p 00000000 00:00 0 
7e223c021000-7e2240000000 ---p 00000000 00:00 0 
7e2240000000-7e2240021000 rw-p 00000000 00:00 0 
7e2240021000-7e2244000000 ---p 00000000 00:00 0 
7e2244000000-7e2244021000 rw-p 00000000 00:00 0 
7e2244021000-7e2248000000 ---p 00000000 00:00 0 
7e2248000000-7e224832d000 rw-p 00000000 00:00 0 
7e224832d000-7e224c000000 ---p 00000000 00:00 0 
7e224c000000-7e224c021000 rw-p 00000000 00:00 0 
7e224c021000-7e2250000000 ---p 00000000 00:00 0 
7e2250000000-7e2250021000 rw-p 00000000 00:00 0 
7e2250021000-7e2254000000 ---p 00000000 00:00 0 
7e2254000000-7e2254342000 rw-p 00000000 00:00 0 
7e2254342000-7e2258000000 ---p 00000000 00:00 0 
7e2258000000-7e2258021000 rw-p 00000000 00:00 0 
7e2258021000-7e225c000000 ---p 00000000 00:00 0 
7e225c000000-7e225c021000 rw-p 00000000 00:00 0 
7e225c021000-7e2260000000 ---p 00000000 00:00 0 
7e2260000000-7e2260021000 rw-p 00000000 00:00 0 
7e2260021000-7e2264000000 ---p 00000000 00:00 0 
7e2264000000-7e2264021000 rw-p 00000000 00:00 0 
7e2264021000-7e2268000000 ---p 00000000 00:00 0 
7e2268000000-7e2268021000 rw-p 00000000 00:00 0 
7e2268021000-7e226c000000 ---p 00000000 00:00 0 
7e226c015000-7e226c01b000 r--p 00000000 103:05 14942867                  /usr/lib/x86_64-linux-gnu/libselinux.so.1
7e226c01b000-7e226c038000 r-xp 00006000 103:05 14942867                  /usr/lib/x86_64-linux-gnu/libselinux.so.1
7e226c038000-7e226c03e000 r--p 00023000 103:05 14942867                  /usr/lib/x86_64-linux-gnu/libselinux.so.1
7e226c03e000-7e226c03f000 r--p 00029000 103:05 14942867                  /usr/lib/x86_64-linux-gnu/libselinux.so.1
7e226c03f000-7e226c040000 rw-p 0002a000 103:05 14942867                  /usr/lib/x86_64-linux-gnu/libselinux.so.1
7e226c040000-7e226c042000 rw-p 00000000 00:00 0 
7e226c042000-7e226c04b000 r--p 00000000 103:05 14970096                  /usr/lib/x86_64-linux-gnu/libmount.so.1.1.0
7e226c04b000-7e226c07f000 r-xp 00009000 103:05 14970096                  /usr/lib/x86_64-linux-gnu/libmount.so.1.1.0
7e226c07f000-7e226c08c000 r--p 0003d000 103:05 14970096                  /usr/lib/x86_64-linux-gnu/libmount.so.1.1.0
7e226c08c000-7e226c08e000 r--p 00049000 103:05 14970096                  /usr/lib/x86_64-linux-gnu/libmount.so.1.1.0
7e226c08e000-7e226c08f000 rw-p 0004b000 103:05 14970096                  /usr/lib/x86_64-linux-gnu/libmount.so.1.1.0
7e226c1d7000-7e226c1d9000 r--p 00000000 103:05 14942599                  /usr/lib/x86_64-linux-gnu/libpcre2-8.so.0.11.2
7e226c1d9000-7e226c247000 r-xp 00002000 103:05 14942599                  /usr/lib/x86_64-linux-gnu/libpcre2-8.so.0.11.2
7e226c247000-7e226c26f000 r--p 00070000 103:05 14942599                  /usr/lib/x86_64-linux-gnu/libpcre2-8.so.0.11.2
7e226c26f000-7e226c270000 r--p 00097000 103:05 14942599                  /usr/lib/x86_64-linux-gnu/libpcre2-8.so.0.11.2
7e226c270000-7e226c271000 rw-p 00098000 103:05 14942599                  /usr/lib/x86_64-linux-gnu/libpcre2-8.so.0.11.2
7e226c4a1000-7e226c4da000 r--p 00000000 103:05 14942577                  /usr/lib/x86_64-linux-gnu/libgio-2.0.so.0.8000.0
7e226c4da000-7e226c5f1000 r-xp 00039000 103:05 14942577                  /usr/lib/x86_64-linux-gnu/libgio-2.0.so.0.8000.0
7e226c5f1000-7e226c666000 r--p 00150000 103:05 14942577                  /usr/lib/x86_64-linux-gnu/libgio-2.0.so.0.8000.0
7e226c666000-7e226c66e000 r--p 001c4000 103:05 14942577                  /usr/lib/x86_64-linux-gnu/libgio-2.0.so.0.8000.0
7e226c66e000-7e226c66f000 rw-p 001cc000 103:05 14942577                  /usr/lib/x86_64-linux-gnu/libgio-2.0.so.0.8000.0
7e226c66f000-7e226c671000 rw-p 00000000 00:00 0 
7e226c701000-7e226c800000 rw-s 00000000 00:01 231826                     /memfd:wayland-cursor (deleted)
7e226c800000-7e226d000000 rw-p 00000000 00:00 0 
7e226d000000-7e226d008000 r--p 00000000 103:05 3014752                   /tmp/lwjgl_cookiebot/3.3.6+1/x64/libjemalloc.so
7e226d008000-7e226d060000 r-xp 00008000 103:05 3014752                   /tmp/lwjgl_cookiebot/3.3.6+1/x64/libjemalloc.so
7e226d060000-7e226d071000 r--p 00060000 103:05 3014752                   /tmp/lwjgl_cookiebot/3.3.6+1/x64/libjemalloc.so
7e226d071000-7e226d072000 ---p 00071000 103:05 3014752                   /tmp/lwjgl_cookiebot/3.3.6+1/x64/libjemalloc.so
7e226d072000-7e226d078000 r--p 00071000 103:05 3014752                   /tmp/lwjgl_cookiebot/3.3.6+1/x64/libjemalloc.so
7e226d078000-7e226d079000 rw-p 00077000 103:05 3014752                   /tmp/lwjgl_cookiebot/3.3.6+1/x64/libjemalloc.so
7e226d079000-7e226d283000 rw-p 00000000 00:00 0 
7e226d2b7000-7e226d2d5000 r--p 00000000 103:05 14942585                  /usr/lib/x86_64-linux-gnu/libglib-2.0.so.0.8000.0
7e226d2d5000-7e226d375000 r-xp 0001e000 103:05 14942585                  /usr/lib/x86_64-linux-gnu/libglib-2.0.so.0.8000.0
7e226d375000-7e226d3fd000 r--p 000be000 103:05 14942585                  /usr/lib/x86_64-linux-gnu/libglib-2.0.so.0.8000.0
7e226d3fd000-7e226d3fe000 r--p 00146000 103:05 14942585                  /usr/lib/x86_64-linux-gnu/libglib-2.0.so.0.8000.0
7e226d3fe000-7e226d3ff000 rw-p 00147000 103:05 14942585                  /usr/lib/x86_64-linux-gnu/libglib-2.0.so.0.8000.0
7e226d3ff000-7e226d400000 rw-p 00000000 00:00 0 
7e226d400000-7e226d407000 r-xp 00000000 103:05 15074263                  /usr/lib/jvm/java-17-amazon-corretto/lib/libzip.so
7e226d407000-7e226d607000 ---p 00007000 103:05 15074263                  /usr/lib/jvm/java-17-amazon-corretto/lib/libzip.so
7e226d607000-7e226d608000 r--p 00007000 103:05 15074263                  /usr/lib/jvm/java-17-amazon-corretto/lib/libzip.so
7e226d608000-7e226d609000 rw-p 00000000 00:00 0 
7e226d701000-7e226d800000 rw-s 00000000 00:01 228121                     /memfd:wayland-cursor (deleted)
7e226d800000-7e226d8af000 r-xp 00000000 103:05 15074436                  /usr/lib/jvm/java-17-amazon-corretto/lib/libfreetype.so
7e226d8af000-7e226daaf000 ---p 000af000 103:05 15074436                  /usr/lib/jvm/java-17-amazon-corretto/lib/libfreetype.so
7e226daaf000-7e226dab5000 r--p 000af000 103:05 15074436                  /usr/lib/jvm/java-17-amazon-corretto/lib/libfreetype.so
7e226dab5000-7e226dab6000 rw-p 00000000 00:00 0 
7e226db30000-7e226dc00000 rw-s 00000000 00:01 231825                     /memfd:wayland-cursor (deleted)
7e226dc00000-7e226dda7000 r-xp 00000000 103:05 15074435                  /usr/lib/jvm/java-17-amazon-corretto/lib/libfontmanager.so
7e226dda7000-7e226dfa6000 ---p 001a7000 103:05 15074435                  /usr/lib/jvm/java-17-amazon-corretto/lib/libfontmanager.so
7e226dfa6000-7e226dfa8000 r--p 001a6000 103:05 15074435                  /usr/lib/jvm/java-17-amazon-corretto/lib/libfontmanager.so
7e226dfa8000-7e226dfa9000 rw-p 001a8000 103:05 15074435                  /usr/lib/jvm/java-17-amazon-corretto/lib/libfontmanager.so
7e226dfa9000-7e226dfaa000 rw-p 00000000 00:00 0 
7e226e000000-7e226e06e000 r-xp 00000000 103:05 15074434                  /usr/lib/jvm/java-17-amazon-corretto/lib/libawt_xawt.so
7e226e06e000-7e226e26e000 ---p 0006e000 103:05 15074434                  /usr/lib/jvm/java-17-amazon-corretto/lib/libawt_xawt.so
7e226e26e000-7e226e273000 r--p 0006e000 103:05 15074434                  /usr/lib/jvm/java-17-amazon-corretto/lib/libawt_xawt.so
7e226e273000-7e226e275000 rw-p 00073000 103:05 15074434                  /usr/lib/jvm/java-17-amazon-corretto/lib/libawt_xawt.so
7e226e275000-7e226e277000 rw-p 00000000 00:00 0 
7e226e300000-7e226e304000 ---p 00000000 00:00 0 
7e226e304000-7e226e400000 rw-p 00000000 00:00 0 
7e226e400000-7e226e4bc000 r-xp 00000000 103:05 15074432                  /usr/lib/jvm/java-17-amazon-corretto/lib/libawt.so
7e226e4bc000-7e226e6bc000 ---p 000bc000 103:05 15074432                  /usr/lib/jvm/java-17-amazon-corretto/lib/libawt.so
7e226e6bc000-7e226e6bd000 r--p 000bc000 103:05 15074432                  /usr/lib/jvm/java-17-amazon-corretto/lib/libawt.so
7e226e6bd000-7e226e6c8000 rw-p 000bd000 103:05 15074432                  /usr/lib/jvm/java-17-amazon-corretto/lib/libawt.so
7e226e6c8000-7e226e6ed000 rw-p 00000000 00:00 0 
7e226e700000-7e226e704000 ---p 00000000 00:00 0 
7e226e704000-7e226e800000 rw-p 00000000 00:00 0 
7e226e800000-7e226e815000 r-xp 00000000 103:05 15074260                  /usr/lib/jvm/java-17-amazon-corretto/lib/libnet.so
7e226e815000-7e226ea14000 ---p 00015000 103:05 15074260                  /usr/lib/jvm/java-17-amazon-corretto/lib/libnet.so
7e226ea14000-7e226ea15000 r--p 00014000 103:05 15074260                  /usr/lib/jvm/java-17-amazon-corretto/lib/libnet.so
7e226ea15000-7e226ea16000 rw-p 00015000 103:05 15074260                  /usr/lib/jvm/java-17-amazon-corretto/lib/libnet.so
7e226ea30000-7e226eb00000 rw-s 00000000 00:01 228120                     /memfd:wayland-cursor (deleted)
7e226eb00000-7e226eb04000 ---p 00000000 00:00 0 
7e226eb04000-7e226ec00000 rw-p 00000000 00:00 0 
7e226ec00000-7e226ec12000 r-xp 00000000 103:05 15074261                  /usr/lib/jvm/java-17-amazon-corretto/lib/libnio.so
7e226ec12000-7e226ee12000 ---p 00012000 103:05 15074261                  /usr/lib/jvm/java-17-amazon-corretto/lib/libnio.so
7e226ee12000-7e226ee13000 r--p 00012000 103:05 15074261                  /usr/lib/jvm/java-17-amazon-corretto/lib/libnio.so
7e226ee13000-7e226ee14000 rw-p 00013000 103:05 15074261                  /usr/lib/jvm/java-17-amazon-corretto/lib/libnio.so
7e226ee28000-7e226ee2d000 r--p 00000000 103:05 14942481                  /usr/lib/x86_64-linux-gnu/libpng16.so.16.43.0
7e226ee2d000-7e226ee55000 r-xp 00005000 103:05 14942481                  /usr/lib/x86_64-linux-gnu/libpng16.so.16.43.0
7e226ee55000-7e226ee5e000 r--p 0002d000 103:05 14942481                  /usr/lib/x86_64-linux-gnu/libpng16.so.16.43.0
7e226ee5e000-7e226ee5f000 r--p 00035000 103:05 14942481                  /usr/lib/x86_64-linux-gnu/libpng16.so.16.43.0
7e226ee5f000-7e226ee60000 rw-p 00036000 103:05 14942481                  /usr/lib/x86_64-linux-gnu/libpng16.so.16.43.0
7e226ee60000-7e226ee6f000 r--p 00000000 103:05 14942608                  /usr/lib/x86_64-linux-gnu/libgobject-2.0.so.0.8000.0
7e226ee6f000-7e226eea6000 r-xp 0000f000 103:05 14942608                  /usr/lib/x86_64-linux-gnu/libgobject-2.0.so.0.8000.0
7e226eea6000-7e226eebf000 r--p 00046000 103:05 14942608                  /usr/lib/x86_64-linux-gnu/libgobject-2.0.so.0.8000.0
7e226eebf000-7e226eec2000 r--p 0005e000 103:05 14942608                  /usr/lib/x86_64-linux-gnu/libgobject-2.0.so.0.8000.0
7e226eec2000-7e226eec3000 rw-p 00061000 103:05 14942608                  /usr/lib/x86_64-linux-gnu/libgobject-2.0.so.0.8000.0
7e226eec3000-7e226eedc000 r--p 00000000 103:05 14950133                  /usr/lib/x86_64-linux-gnu/libX11.so.6.4.0
7e226eedc000-7e226ef6c000 r-xp 00019000 103:05 14950133                  /usr/lib/x86_64-linux-gnu/libX11.so.6.4.0
7e226ef6c000-7e226effb000 r--p 000a9000 103:05 14950133                  /usr/lib/x86_64-linux-gnu/libX11.so.6.4.0
7e226effb000-7e226effc000 r--p 00138000 103:05 14950133                  /usr/lib/x86_64-linux-gnu/libX11.so.6.4.0
7e226effc000-7e226f000000 rw-p 00139000 103:05 14950133                  /usr/lib/x86_64-linux-gnu/libX11.so.6.4.0
7e226f000000-7e226f2d0000 rw-p 00000000 00:00 0 
7e226f2d0000-7e226f400000 ---p 00000000 00:00 0 
7e226f400000-7e226f530000 rw-p 00000000 00:00 0 
7e226f530000-7e2273000000 ---p 00000000 00:00 0 
7e2273000000-7e2273bca000 rw-p 00001000 103:05 15074430                  /usr/lib/jvm/java-17-amazon-corretto/lib/server/classes.jsa
7e2273bca000-7e2274000000 ---p 00000000 00:00 0 
7e2274000000-7e2274030000 rw-p 00000000 00:00 0 
7e2274030000-7e2274080000 rw-p 00000000 00:00 0 
7e2274080000-7e22b4000000 ---p 00000000 00:00 0 
7e22b4000000-7e22b4021000 rw-p 00000000 00:00 0 
7e22b4021000-7e22b8000000 ---p 00000000 00:00 0 
7e22b8000000-7e22b8021000 rw-p 00000000 00:00 0 
7e22b8021000-7e22bc000000 ---p 00000000 00:00 0 
7e22bc000000-7e22bc021000 rw-p 00000000 00:00 0 
7e22bc021000-7e22c0000000 ---p 00000000 00:00 0 
7e22c0000000-7e22c0021000 rw-p 00000000 00:00 0 
7e22c0021000-7e22c4000000 ---p 00000000 00:00 0 
7e22c4000000-7e22c4021000 rw-p 00000000 00:00 0 
7e22c4021000-7e22c8000000 ---p 00000000 00:00 0 
7e22c8068000-7e22c8078000 r--p 00000000 103:05 3014751                   /tmp/lwjgl_cookiebot/3.3.6+1/x64/libglfw.so
7e22c8078000-7e22c8099000 r-xp 00010000 103:05 3014751                   /tmp/lwjgl_cookiebot/3.3.6+1/x64/libglfw.so
7e22c8099000-7e22c80d5000 r--p 00031000 103:05 3014751                   /tmp/lwjgl_cookiebot/3.3.6+1/x64/libglfw.so
7e22c80d5000-7e22c80d9000 r--p 0006c000 103:05 3014751                   /tmp/lwjgl_cookiebot/3.3.6+1/x64/libglfw.so
7e22c80d9000-7e22c80dc000 rw-p 00070000 103:05 3014751                   /tmp/lwjgl_cookiebot/3.3.6+1/x64/libglfw.so
7e22c80dc000-7e22c80ff000 rw-p 00000000 00:00 0 
7e22c80ff000-7e22c8103000 ---p 00000000 00:00 0 
7e22c8103000-7e22c81ff000 rw-p 00000000 00:00 0 
7e22c81ff000-7e22c8200000 ---p 00000000 00:00 0 
7e22c8200000-7e22c8300000 rw-p 00000000 00:00 0 
7e22c8300000-7e22c8304000 ---p 00000000 00:00 0 
7e22c8304000-7e22c8400000 rw-p 00000000 00:00 0 
7e22c8400000-7e22c8404000 ---p 00000000 00:00 0 
7e22c8404000-7e22c8500000 rw-p 00000000 00:00 0 
7e22c8500000-7e22c8504000 ---p 00000000 00:00 0 
7e22c8504000-7e22c8600000 rw-p 00000000 00:00 0 
7e22c8600000-7e22c8604000 ---p 00000000 00:00 0 
7e22c8604000-7e22c8700000 rw-p 00000000 00:00 0 
7e22c8700000-7e22c8704000 ---p 00000000 00:00 0 
7e22c8704000-7e22c8800000 rw-p 00000000 00:00 0 
7e22c8800000-7e22c8804000 ---p 00000000 00:00 0 
7e22c8804000-7e22c8900000 rw-p 00000000 00:00 0 
7e22c8900000-7e22c8904000 ---p 00000000 00:00 0 
7e22c8904000-7e22c8a00000 rw-p 00000000 00:00 0 
7e22c8a00000-7e22c8f75000 r--p 00000000 103:05 14942597                  /usr/lib/locale/locale-archive
7e22c8f84000-7e22c8fb0000 r--p 00000000 103:05 3014749                   /tmp/lwjgl_cookiebot/3.3.6+1/x64/liblwjgl.so
7e22c8fb0000-7e22c8fe4000 r-xp 0002c000 103:05 3014749                   /tmp/lwjgl_cookiebot/3.3.6+1/x64/liblwjgl.so
7e22c8fe4000-7e22c8ffe000 r--p 00060000 103:05 3014749                   /tmp/lwjgl_cookiebot/3.3.6+1/x64/liblwjgl.so
7e22c8ffe000-7e22c8fff000 r--p 00079000 103:05 3014749                   /tmp/lwjgl_cookiebot/3.3.6+1/x64/liblwjgl.so
7e22c8fff000-7e22c9000000 rw-p 0007a000 103:05 3014749                   /tmp/lwjgl_cookiebot/3.3.6+1/x64/liblwjgl.so
7e22c9000000-7e22c9004000 ---p 00000000 00:00 0 
7e22c9004000-7e22c9100000 rw-p 00000000 00:00 0 
7e22c9100000-7e22c9104000 ---p 00000000 00:00 0 
7e22c9104000-7e22c9200000 rw-p 00000000 00:00 0 
7e22c9200000-7e22c92ce000 r-xp 00000000 103:05 15074832                  /usr/lib/jvm/java-17-amazon-corretto/lib/libjsvml.so
7e22c92ce000-7e22c94cd000 ---p 000ce000 103:05 15074832                  /usr/lib/jvm/java-17-amazon-corretto/lib/libjsvml.so
7e22c94cd000-7e22c94ce000 r--p 000cd000 103:05 15074832                  /usr/lib/jvm/java-17-amazon-corretto/lib/libjsvml.so
7e22c94ce000-7e22c94cf000 rw-p 000ce000 103:05 15074832                  /usr/lib/jvm/java-17-amazon-corretto/lib/libjsvml.so
7e22c94fb000-7e22c94fc000 ---p 00000000 00:00 0 
7e22c94fc000-7e22c95fc000 rw-p 00000000 00:00 0 
7e22c95fc000-7e22c95fd000 ---p 00000000 00:00 0 
7e22c95fd000-7e22c96fd000 rw-p 00000000 00:00 0 
7e22c96fd000-7e22c96fe000 ---p 00000000 00:00 0 
7e22c96fe000-7e22c97fe000 rw-p 00000000 00:00 0 
7e22c97fe000-7e22cba00000 rw-p 00000000 00:00 0 
7e22cba15000-7e22cba1a000 r--p 00000000 103:05 14971451                  /usr/lib/x86_64-linux-gnu/libxkbcommon.so.0.0.0
7e22cba1a000-7e22cba3a000 r-xp 00005000 103:05 14971451                  /usr/lib/x86_64-linux-gnu/libxkbcommon.so.0.0.0
7e22cba3a000-7e22cba5b000 r--p 00025000 103:05 14971451                  /usr/lib/x86_64-linux-gnu/libxkbcommon.so.0.0.0
7e22cba5b000-7e22cba5d000 r--p 00045000 103:05 14971451                  /usr/lib/x86_64-linux-gnu/libxkbcommon.so.0.0.0
7e22cba5d000-7e22cba5e000 rw-p 00047000 103:05 14971451                  /usr/lib/x86_64-linux-gnu/libxkbcommon.so.0.0.0
7e22cba5e000-7e22cc3b0000 rw-p 00000000 00:00 0 
7e22cc3b0000-7e22d3840000 ---p 00000000 00:00 0 
7e22d3840000-7e22d4030000 rw-p 00000000 00:00 0 
7e22d4030000-7e22db4c0000 ---p 00000000 00:00 0 
7e22db4c0000-7e22db5da000 rw-p 00000000 00:00 0 
7e22db5da000-7e22dc46c000 ---p 00000000 00:00 0 
7e22dc46c000-7e22dc56a000 rw-p 00000000 00:00 0 
7e22dc56a000-7e22dd3fc000 ---p 00000000 00:00 0 
7e22dd3fc000-7e22dd400000 rw-p 00000000 00:00 0 
7e22dd400000-7e22dd670000 rwxp 00000000 00:00 0 
7e22dd670000-7e22e4937000 ---p 00000000 00:00 0 
7e22e4937000-7e22e4ba7000 rwxp 00000000 00:00 0 
7e22e4ba7000-7e22e4ec9000 ---p 00000000 00:00 0 
7e22e4ec9000-7e22e5139000 rwxp 00000000 00:00 0 
7e22e5139000-7e22ec400000 ---p 00000000 00:00 0 
7e22ec400000-7e22f3ff3000 r--s 00000000 103:05 15074230                  /usr/lib/jvm/java-17-amazon-corretto/lib/modules
7e22f4000000-7e22f43af000 rw-p 00000000 00:00 0 
7e22f43af000-7e22f8000000 ---p 00000000 00:00 0 
7e22f8007000-7e22f8009000 r--p 00000000 103:05 14942607                  /usr/lib/x86_64-linux-gnu/libgmodule-2.0.so.0.8000.0
7e22f8009000-7e22f800b000 r-xp 00002000 103:05 14942607                  /usr/lib/x86_64-linux-gnu/libgmodule-2.0.so.0.8000.0
7e22f800b000-7e22f800c000 r--p 00004000 103:05 14942607                  /usr/lib/x86_64-linux-gnu/libgmodule-2.0.so.0.8000.0
7e22f800c000-7e22f800d000 r--p 00004000 103:05 14942607                  /usr/lib/x86_64-linux-gnu/libgmodule-2.0.so.0.8000.0
7e22f800d000-7e22f800e000 rw-p 00005000 103:05 14942607                  /usr/lib/x86_64-linux-gnu/libgmodule-2.0.so.0.8000.0
7e22f8034000-7e22f8038000 r--p 00000000 103:05 14951002                  /usr/lib/x86_64-linux-gnu/libdecor-0.so.0.200.2
7e22f8038000-7e22f803b000 r-xp 00004000 103:05 14951002                  /usr/lib/x86_64-linux-gnu/libdecor-0.so.0.200.2
7e22f803b000-7e22f803d000 r--p 00007000 103:05 14951002                  /usr/lib/x86_64-linux-gnu/libdecor-0.so.0.200.2
7e22f803d000-7e22f803e000 r--p 00008000 103:05 14951002                  /usr/lib/x86_64-linux-gnu/libdecor-0.so.0.200.2
7e22f803e000-7e22f803f000 rw-p 00009000 103:05 14951002                  /usr/lib/x86_64-linux-gnu/libdecor-0.so.0.200.2
7e22f803f000-7e22f8040000 r--p 00000000 103:05 14968157                  /usr/lib/x86_64-linux-gnu/libwayland-egl.so.1.22.0
7e22f8040000-7e22f8041000 r-xp 00001000 103:05 14968157                  /usr/lib/x86_64-linux-gnu/libwayland-egl.so.1.22.0
7e22f8041000-7e22f8042000 r--p 00002000 103:05 14968157                  /usr/lib/x86_64-linux-gnu/libwayland-egl.so.1.22.0
7e22f8042000-7e22f8043000 r--p 00002000 103:05 14968157                  /usr/lib/x86_64-linux-gnu/libwayland-egl.so.1.22.0
7e22f8043000-7e22f8044000 rw-p 00003000 103:05 14968157                  /usr/lib/x86_64-linux-gnu/libwayland-egl.so.1.22.0
7e22f8044000-7e22f8046000 r--p 00000000 103:05 14964482                  /usr/lib/x86_64-linux-gnu/libwayland-cursor.so.0.22.0
7e22f8046000-7e22f8048000 r-xp 00002000 103:05 14964482                  /usr/lib/x86_64-linux-gnu/libwayland-cursor.so.0.22.0
7e22f8048000-7e22f8049000 r--p 00004000 103:05 14964482                  /usr/lib/x86_64-linux-gnu/libwayland-cursor.so.0.22.0
7e22f8049000-7e22f804a000 r--p 00004000 103:05 14964482                  /usr/lib/x86_64-linux-gnu/libwayland-cursor.so.0.22.0
7e22f804a000-7e22f804e000 rw-p 00005000 103:05 14964482                  /usr/lib/x86_64-linux-gnu/libwayland-cursor.so.0.22.0
7e22f804e000-7e22f8053000 r--p 00000000 103:05 14942239                  /usr/lib/x86_64-linux-gnu/libwayland-client.so.0.22.0
7e22f8053000-7e22f8059000 r-xp 00005000 103:05 14942239                  /usr/lib/x86_64-linux-gnu/libwayland-client.so.0.22.0
7e22f8059000-7e22f805b000 r--p 0000b000 103:05 14942239                  /usr/lib/x86_64-linux-gnu/libwayland-client.so.0.22.0
7e22f805b000-7e22f805d000 r--p 0000d000 103:05 14942239                  /usr/lib/x86_64-linux-gnu/libwayland-client.so.0.22.0
7e22f805d000-7e22f805e000 rw-p 0000f000 103:05 14942239                  /usr/lib/x86_64-linux-gnu/libwayland-client.so.0.22.0
7e22f805e000-7e22f8765000 rw-p 00000000 00:00 0 
7e22f8765000-7e22f8766000 ---p 00000000 00:00 0 
7e22f8766000-7e22f8866000 rw-p 00000000 00:00 0 
7e22f8866000-7e22f8867000 ---p 00000000 00:00 0 
7e22f8867000-7e22f8967000 rw-p 00000000 00:00 0 
7e22f8967000-7e22f8968000 ---p 00000000 00:00 0 
7e22f8968000-7e22f8a68000 rw-p 00000000 00:00 0 
7e22f8a68000-7e22f8b62000 rw-p 00000000 00:00 0 
7e22f8b62000-7e22f99f4000 ---p 00000000 00:00 0 
7e22f99f4000-7e22fa200000 rw-p 00000000 00:00 0 
7e22fa200000-7e22fa224000 r-xp 00000000 103:05 15074239                  /usr/lib/jvm/java-17-amazon-corretto/lib/libjava.so
7e22fa224000-7e22fa424000 ---p 00024000 103:05 15074239                  /usr/lib/jvm/java-17-amazon-corretto/lib/libjava.so
7e22fa424000-7e22fa425000 r--p 00024000 103:05 15074239                  /usr/lib/jvm/java-17-amazon-corretto/lib/libjava.so
7e22fa425000-7e22fa426000 rw-p 00025000 103:05 15074239                  /usr/lib/jvm/java-17-amazon-corretto/lib/libjava.so
7e22fa426000-7e22fa427000 rw-p 00000000 00:00 0 
7e22fa427000-7e22fa429000 r--p 00000000 103:05 14942351                  /usr/lib/x86_64-linux-gnu/libffi.so.8.1.4
7e22fa429000-7e22fa430000 r-xp 00002000 103:05 14942351                  /usr/lib/x86_64-linux-gnu/libffi.so.8.1.4
7e22fa430000-7e22fa431000 r--p 00009000 103:05 14942351                  /usr/lib/x86_64-linux-gnu/libffi.so.8.1.4
7e22fa431000-7e22fa432000 r--p 0000a000 103:05 14942351                  /usr/lib/x86_64-linux-gnu/libffi.so.8.1.4
7e22fa432000-7e22fa433000 rw-p 0000b000 103:05 14942351                  /usr/lib/x86_64-linux-gnu/libffi.so.8.1.4
7e22fa433000-7e22fa435000 r--p 00000000 103:05 14943111                  /usr/lib/x86_64-linux-gnu/libmd.so.0.1.0
7e22fa435000-7e22fa43e000 r-xp 00002000 103:05 14943111                  /usr/lib/x86_64-linux-gnu/libmd.so.0.1.0
7e22fa43e000-7e22fa440000 r--p 0000b000 103:05 14943111                  /usr/lib/x86_64-linux-gnu/libmd.so.0.1.0
7e22fa440000-7e22fa441000 r--p 0000c000 103:05 14943111                  /usr/lib/x86_64-linux-gnu/libmd.so.0.1.0
7e22fa441000-7e22fa442000 rw-p 0000d000 103:05 14943111                  /usr/lib/x86_64-linux-gnu/libmd.so.0.1.0
7e22fa442000-7e22fa446000 r--p 00000000 103:05 14943150                  /usr/lib/x86_64-linux-gnu/libbsd.so.0.12.1
7e22fa446000-7e22fa452000 r-xp 00004000 103:05 14943150                  /usr/lib/x86_64-linux-gnu/libbsd.so.0.12.1
7e22fa452000-7e22fa455000 r--p 00010000 103:05 14943150                  /usr/lib/x86_64-linux-gnu/libbsd.so.0.12.1
7e22fa455000-7e22fa456000 r--p 00012000 103:05 14943150                  /usr/lib/x86_64-linux-gnu/libbsd.so.0.12.1
7e22fa456000-7e22fa457000 rw-p 00013000 103:05 14943150                  /usr/lib/x86_64-linux-gnu/libbsd.so.0.12.1
7e22fa457000-7e22fa458000 rw-p 00000000 00:00 0 
7e22fa458000-7e22fa45a000 r--p 00000000 103:05 14943311                  /usr/lib/x86_64-linux-gnu/libXdmcp.so.6.0.0
7e22fa45a000-7e22fa45c000 r-xp 00002000 103:05 14943311                  /usr/lib/x86_64-linux-gnu/libXdmcp.so.6.0.0
7e22fa45c000-7e22fa45e000 r--p 00004000 103:05 14943311                  /usr/lib/x86_64-linux-gnu/libXdmcp.so.6.0.0
7e22fa45e000-7e22fa45f000 r--p 00005000 103:05 14943311                  /usr/lib/x86_64-linux-gnu/libXdmcp.so.6.0.0
7e22fa45f000-7e22fa460000 rw-p 00006000 103:05 14943311                  /usr/lib/x86_64-linux-gnu/libXdmcp.so.6.0.0
7e22fa460000-7e22fa46b000 r--p 00000000 103:05 14943322                  /usr/lib/x86_64-linux-gnu/libxcb.so.1.1.0
7e22fa46b000-7e22fa47e000 r-xp 0000b000 103:05 14943322                  /usr/lib/x86_64-linux-gnu/libxcb.so.1.1.0
7e22fa47e000-7e22fa487000 r--p 0001e000 103:05 14943322                  /usr/lib/x86_64-linux-gnu/libxcb.so.1.1.0
7e22fa487000-7e22fa488000 r--p 00026000 103:05 14943322                  /usr/lib/x86_64-linux-gnu/libxcb.so.1.1.0
7e22fa488000-7e22fa489000 rw-p 00027000 103:05 14943322                  /usr/lib/x86_64-linux-gnu/libxcb.so.1.1.0
7e22fa489000-7e22fa48c000 r--p 00000000 103:05 14969839                  /usr/lib/x86_64-linux-gnu/libXi.so.6.1.0
7e22fa48c000-7e22fa498000 r-xp 00003000 103:05 14969839                  /usr/lib/x86_64-linux-gnu/libXi.so.6.1.0
7e22fa498000-7e22fa49a000 r--p 0000f000 103:05 14969839                  /usr/lib/x86_64-linux-gnu/libXi.so.6.1.0
7e22fa49a000-7e22fa49b000 r--p 00011000 103:05 14969839                  /usr/lib/x86_64-linux-gnu/libXi.so.6.1.0
7e22fa49b000-7e22fa49c000 rw-p 00012000 103:05 14969839                  /usr/lib/x86_64-linux-gnu/libXi.so.6.1.0
7e22fa49c000-7e22fa49e000 r--p 00000000 103:05 14969833                  /usr/lib/x86_64-linux-gnu/libXtst.so.6.1.0
7e22fa49e000-7e22fa4a1000 r-xp 00002000 103:05 14969833                  /usr/lib/x86_64-linux-gnu/libXtst.so.6.1.0
7e22fa4a1000-7e22fa4a2000 r--p 00005000 103:05 14969833                  /usr/lib/x86_64-linux-gnu/libXtst.so.6.1.0
7e22fa4a2000-7e22fa4a3000 r--p 00005000 103:05 14969833                  /usr/lib/x86_64-linux-gnu/libXtst.so.6.1.0
7e22fa4a3000-7e22fa4a4000 rw-p 00006000 103:05 14969833                  /usr/lib/x86_64-linux-gnu/libXtst.so.6.1.0
7e22fa4a4000-7e22fa600000 rw-p 00000000 00:00 0 
7e22fa600000-7e22fa61b000 r-xp 00000000 103:05 15074241                  /usr/lib/jvm/java-17-amazon-corretto/lib/libjimage.so
7e22fa61b000-7e22fa81a000 ---p 0001b000 103:05 15074241                  /usr/lib/jvm/java-17-amazon-corretto/lib/libjimage.so
7e22fa81a000-7e22fa81c000 r--p 0001a000 103:05 15074241                  /usr/lib/jvm/java-17-amazon-corretto/lib/libjimage.so
7e22fa81c000-7e22fa81d000 rw-p 0001c000 103:05 15074241                  /usr/lib/jvm/java-17-amazon-corretto/lib/libjimage.so
7e22fa81d000-7e22fa81f000 r--p 00000000 103:05 14943468                  /usr/lib/x86_64-linux-gnu/libXrender.so.1.3.0
7e22fa81f000-7e22fa826000 r-xp 00002000 103:05 14943468                  /usr/lib/x86_64-linux-gnu/libXrender.so.1.3.0
7e22fa826000-7e22fa827000 r--p 00009000 103:05 14943468                  /usr/lib/x86_64-linux-gnu/libXrender.so.1.3.0
7e22fa827000-7e22fa828000 r--p 00009000 103:05 14943468                  /usr/lib/x86_64-linux-gnu/libXrender.so.1.3.0
7e22fa828000-7e22fa829000 rw-p 0000a000 103:05 14943468                  /usr/lib/x86_64-linux-gnu/libXrender.so.1.3.0
7e22fa829000-7e22fa82d000 r--p 00000000 103:05 14943423                  /usr/lib/x86_64-linux-gnu/libXext.so.6.4.0
7e22fa82d000-7e22fa838000 r-xp 00004000 103:05 14943423                  /usr/lib/x86_64-linux-gnu/libXext.so.6.4.0
7e22fa838000-7e22fa83b000 r--p 0000f000 103:05 14943423                  /usr/lib/x86_64-linux-gnu/libXext.so.6.4.0
7e22fa83b000-7e22fa83c000 r--p 00011000 103:05 14943423                  /usr/lib/x86_64-linux-gnu/libXext.so.6.4.0
7e22fa83c000-7e22fa83d000 rw-p 00012000 103:05 14943423                  /usr/lib/x86_64-linux-gnu/libXext.so.6.4.0
7e22fa83d000-7e22faa00000 rw-p 00000000 00:00 0 
7e22faa00000-7e22fbcc9000 r-xp 00000000 103:05 15074267                  /usr/lib/jvm/java-17-amazon-corretto/lib/server/libjvm.so
7e22fbcc9000-7e22fbec9000 ---p 012c9000 103:05 15074267                  /usr/lib/jvm/java-17-amazon-corretto/lib/server/libjvm.so
7e22fbec9000-7e22fbf82000 r--p 012c9000 103:05 15074267                  /usr/lib/jvm/java-17-amazon-corretto/lib/server/libjvm.so
7e22fbf82000-7e22fbfb7000 rw-p 01382000 103:05 15074267                  /usr/lib/jvm/java-17-amazon-corretto/lib/server/libjvm.so
7e22fbfb7000-7e22fc012000 rw-p 00000000 00:00 0 
7e22fc023000-7e22fc02a000 r--s 00000000 103:05 14944723                  /usr/lib/x86_64-linux-gnu/gconv/gconv-modules.cache
7e22fc02a000-7e22fc02f000 rw-p 00000000 00:00 0 
7e22fc02f000-7e22fc115000 ---p 00000000 00:00 0 
7e22fc115000-7e22fc11a000 rw-p 00000000 00:00 0 
7e22fc11a000-7e22fc200000 ---p 00000000 00:00 0 
7e22fc200000-7e22fc228000 r--p 00000000 103:05 14944734                  /usr/lib/x86_64-linux-gnu/libc.so.6
7e22fc228000-7e22fc3b0000 r-xp 00028000 103:05 14944734                  /usr/lib/x86_64-linux-gnu/libc.so.6
7e22fc3b0000-7e22fc3ff000 r--p 001b0000 103:05 14944734                  /usr/lib/x86_64-linux-gnu/libc.so.6
7e22fc3ff000-7e22fc403000 r--p 001fe000 103:05 14944734                  /usr/lib/x86_64-linux-gnu/libc.so.6
7e22fc403000-7e22fc405000 rw-p 00202000 103:05 14944734                  /usr/lib/x86_64-linux-gnu/libc.so.6
7e22fc405000-7e22fc412000 rw-p 00000000 00:00 0 
7e22fc414000-7e22fc415000 r--p 00000000 103:05 15473344                  /usr/share/locale-langpack/en/LC_MESSAGES/gtk30.mo
7e22fc415000-7e22fc416000 r-xp 0005e000 103:05 3014749                   /tmp/lwjgl_cookiebot/3.3.6+1/x64/liblwjgl.so
7e22fc416000-7e22fc417000 rw-p 00000000 00:00 0 
7e22fc417000-7e22fc41b000 ---p 00000000 00:00 0 
7e22fc41b000-7e22fc517000 rw-p 00000000 00:00 0 
7e22fc517000-7e22fc527000 r--p 00000000 103:05 14944737                  /usr/lib/x86_64-linux-gnu/libm.so.6
7e22fc527000-7e22fc5a6000 r-xp 00010000 103:05 14944737                  /usr/lib/x86_64-linux-gnu/libm.so.6
7e22fc5a6000-7e22fc5fe000 r--p 0008f000 103:05 14944737                  /usr/lib/x86_64-linux-gnu/libm.so.6
7e22fc5fe000-7e22fc5ff000 r--p 000e7000 103:05 14944737                  /usr/lib/x86_64-linux-gnu/libm.so.6
7e22fc5ff000-7e22fc600000 rw-p 000e8000 103:05 14944737                  /usr/lib/x86_64-linux-gnu/libm.so.6
7e22fc600000-7e22fc60f000 r-xp 00000000 103:05 15074242                  /usr/lib/jvm/java-17-amazon-corretto/lib/libjli.so
7e22fc60f000-7e22fc80e000 ---p 0000f000 103:05 15074242                  /usr/lib/jvm/java-17-amazon-corretto/lib/libjli.so
7e22fc80e000-7e22fc80f000 r--p 0000e000 103:05 15074242                  /usr/lib/jvm/java-17-amazon-corretto/lib/libjli.so
7e22fc80f000-7e22fc810000 rw-p 0000f000 103:05 15074242                  /usr/lib/jvm/java-17-amazon-corretto/lib/libjli.so
7e22fc810000-7e22fc811000 rw-p 00000000 00:00 0 
7e22fc811000-7e22fc812000 r--p 00000000 103:05 14943091                  /usr/lib/x86_64-linux-gnu/libXau.so.6.0.0
7e22fc812000-7e22fc814000 r-xp 00001000 103:05 14943091                  /usr/lib/x86_64-linux-gnu/libXau.so.6.0.0
7e22fc814000-7e22fc815000 r--p 00003000 103:05 14943091                  /usr/lib/x86_64-linux-gnu/libXau.so.6.0.0
7e22fc815000-7e22fc816000 r--p 00003000 103:05 14943091                  /usr/lib/x86_64-linux-gnu/libXau.so.6.0.0
7e22fc816000-7e22fc817000 rw-p 00004000 103:05 14943091                  /usr/lib/x86_64-linux-gnu/libXau.so.6.0.0
7e22fc817000-7e22fc8c6000 rw-p 00000000 00:00 0 
7e22fc8c6000-7e22fc8c7000 r--p 00000000 103:05 14944748                  /usr/lib/x86_64-linux-gnu/librt.so.1
7e22fc8c7000-7e22fc8c8000 r-xp 00001000 103:05 14944748                  /usr/lib/x86_64-linux-gnu/librt.so.1
7e22fc8c8000-7e22fc8c9000 r--p 00002000 103:05 14944748                  /usr/lib/x86_64-linux-gnu/librt.so.1
7e22fc8c9000-7e22fc8ca000 r--p 00002000 103:05 14944748                  /usr/lib/x86_64-linux-gnu/librt.so.1
7e22fc8ca000-7e22fc8cb000 rw-p 00003000 103:05 14944748                  /usr/lib/x86_64-linux-gnu/librt.so.1
7e22fc8cb000-7e22fc8cf000 rw-p 00000000 00:00 0 
7e22fc8cf000-7e22fc8d0000 r--p 00000000 103:05 14944736                  /usr/lib/x86_64-linux-gnu/libdl.so.2
7e22fc8d0000-7e22fc8d1000 r-xp 00001000 103:05 14944736                  /usr/lib/x86_64-linux-gnu/libdl.so.2
7e22fc8d1000-7e22fc8d2000 r--p 00002000 103:05 14944736                  /usr/lib/x86_64-linux-gnu/libdl.so.2
7e22fc8d2000-7e22fc8d3000 r--p 00002000 103:05 14944736                  /usr/lib/x86_64-linux-gnu/libdl.so.2
7e22fc8d3000-7e22fc8d4000 rw-p 00003000 103:05 14944736                  /usr/lib/x86_64-linux-gnu/libdl.so.2
7e22fc8d4000-7e22fc8d5000 r--p 00000000 103:05 14944746                  /usr/lib/x86_64-linux-gnu/libpthread.so.0
7e22fc8d5000-7e22fc8d6000 r-xp 00001000 103:05 14944746                  /usr/lib/x86_64-linux-gnu/libpthread.so.0
7e22fc8d6000-7e22fc8d7000 r--p 00002000 103:05 14944746                  /usr/lib/x86_64-linux-gnu/libpthread.so.0
7e22fc8d7000-7e22fc8d8000 r--p 00002000 103:05 14944746                  /usr/lib/x86_64-linux-gnu/libpthread.so.0
7e22fc8d8000-7e22fc8d9000 rw-p 00003000 103:05 14944746                  /usr/lib/x86_64-linux-gnu/libpthread.so.0
7e22fc8d9000-7e22fc8db000 r--p 00000000 103:05 14944802                  /usr/lib/x86_64-linux-gnu/libz.so.1.3
7e22fc8db000-7e22fc8ed000 r-xp 00002000 103:05 14944802                  /usr/lib/x86_64-linux-gnu/libz.so.1.3
7e22fc8ed000-7e22fc8f3000 r--p 00014000 103:05 14944802                  /usr/lib/x86_64-linux-gnu/libz.so.1.3
7e22fc8f3000-7e22fc8f4000 r--p 0001a000 103:05 14944802                  /usr/lib/x86_64-linux-gnu/libz.so.1.3
7e22fc8f4000-7e22fc8f5000 rw-p 0001b000 103:05 14944802                  /usr/lib/x86_64-linux-gnu/libz.so.1.3
7e22fc8f5000-7e22fc8fa000 rw-p 00000000 00:00 0 
7e22fc8fa000-7e22fc901000 ---p 00000000 00:00 0 
7e22fc901000-7e22fc909000 rw-s 00000000 103:05 3014745                   /tmp/hsperfdata_cookiebot/129454
7e22fc909000-7e22fc90a000 ---p 00000000 00:00 0 
7e22fc90a000-7e22fc90b000 r--p 00000000 00:00 0 
7e22fc90b000-7e22fc90c000 ---p 00000000 00:00 0 
7e22fc90c000-7e22fc90e000 rw-p 00000000 00:00 0 
7e22fc90e000-7e22fc90f000 r--p 00000000 103:05 14944731                  /usr/lib/x86_64-linux-gnu/ld-linux-x86-64.so.2
7e22fc90f000-7e22fc93a000 r-xp 00001000 103:05 14944731                  /usr/lib/x86_64-linux-gnu/ld-linux-x86-64.so.2
7e22fc93a000-7e22fc944000 r--p 0002c000 103:05 14944731                  /usr/lib/x86_64-linux-gnu/ld-linux-x86-64.so.2
7e22fc944000-7e22fc946000 r--p 00036000 103:05 14944731                  /usr/lib/x86_64-linux-gnu/ld-linux-x86-64.so.2
7e22fc946000-7e22fc948000 rw-p 00038000 103:05 14944731                  /usr/lib/x86_64-linux-gnu/ld-linux-x86-64.so.2
7fff17b99000-7fff17bbc000 rw-p 00000000 00:00 0                          [stack]
7fff17bf9000-7fff17bfd000 r--p 00000000 00:00 0                          [vvar]
7fff17bfd000-7fff17bff000 r-xp 00000000 00:00 0                          [vdso]
ffffffffff600000-ffffffffff601000 --xp 00000000 00:00 0                  [vsyscall]


VM Arguments:
java_command: engine.framework.Start
java_class_path (initial): /home/cookiebot/JavaProjects/HodgePodgeBarrage/target/classes:/home/cookiebot/.m2/repository/org/lwjgl/lwjgl/3.3.6/lwjgl-3.3.6.jar:/home/cookiebot/.m2/repository/org/lwjgl/lwjgl-assimp/3.3.6/lwjgl-assimp-3.3.6.jar:/home/cookiebot/.m2/repository/org/lwjgl/lwjgl-bgfx/3.3.6/lwjgl-bgfx-3.3.6.jar:/home/cookiebot/.m2/repository/org/lwjgl/lwjgl-cuda/3.3.6/lwjgl-cuda-3.3.6.jar:/home/cookiebot/.m2/repository/org/lwjgl/lwjgl-egl/3.3.6/lwjgl-egl-3.3.6.jar:/home/cookiebot/.m2/repository/org/lwjgl/lwjgl-fmod/3.3.6/lwjgl-fmod-3.3.6.jar:/home/cookiebot/.m2/repository/org/lwjgl/lwjgl-freetype/3.3.6/lwjgl-freetype-3.3.6.jar:/home/cookiebot/.m2/repository/org/lwjgl/lwjgl-glfw/3.3.6/lwjgl-glfw-3.3.6.jar:/home/cookiebot/.m2/repository/org/lwjgl/lwjgl-harfbuzz/3.3.6/lwjgl-harfbuzz-3.3.6.jar:/home/cookiebot/.m2/repository/org/lwjgl/lwjgl-hwloc/3.3.6/lwjgl-hwloc-3.3.6.jar:/home/cookiebot/.m2/repository/org/lwjgl/lwjgl-jawt/3.3.6/lwjgl-jawt-3.3.6.jar:/home/cookiebot/.m2/repository/org/lwjgl/lwjgl-jemalloc/3.3.6/lwjgl-jemalloc-3.3.6.jar:/home/cookiebot/.m2/repository/org/lwjgl/lwjgl-ktx/3.3.6/lwjgl-ktx-3.3.6.jar:/home/cookiebot/.m2/repository/org/lwjgl/lwjgl-libdivide/3.3.6/lwjgl-libdivide-3.3.6.jar:/home/cookiebot/.m2/repository/org/lwjgl/lwjgl-llvm/3.3.6/lwjgl-llvm-3.3.6.jar:/home/cookiebot/.m2/repository/org/lwjgl/lwjgl-lmdb/3.3.6/lwjgl-lmdb-3.3.6.jar:/home/cookiebot/.m2/repository/org/lwjgl/lwjgl-lz4/3.3.6/lwjgl-lz4-3.3.6.jar:/home/cookiebot/.m2/repository/org/lwjgl/lwjgl-meow/3.3.6/lwjgl-meow-3.3.6.jar:/home/cookiebot/.m2/repository/org/lwjgl/lwjgl-meshoptimizer/3.3.6/lwjgl-meshoptimizer-3.3.6.jar:/home/cookiebot/.m2/repository/org/lwjgl/lwjgl-msdfgen/3.3.6/lwjgl-msdfgen-3.3.6.jar:/home/cookiebot/.m2/repository/org/lwjgl/lwjgl-nanovg/3.3.6/lwjgl-nanovg-3.3.6.jar:/home/cookiebot/.m2/repository/org/lwjgl/lwjgl-nfd/3.3.6/lwjgl-nfd-3.3.6.jar:/home/cookiebot/.m2/repository/org/lwjgl/lwjgl-nuklear/3.3.6/lwjgl-nuklear-3.3.6.jar:/home/cookiebot/.m2/repository/org/l
Launcher Type: SUN_STANDARD

[Global flags]
     intx CICompilerCount                          = 4                                         {product} {ergonomic}
     uint ConcGCThreads                            = 3                                         {product} {ergonomic}
     uint G1ConcRefinementThreads                  = 10                                        {product} {ergonomic}
   size_t G1HeapRegionSize                         = 4194304                                   {product} {ergonomic}
    uintx GCDrainStackTargetSize                   = 64                                        {product} {ergonomic}
   size_t InitialHeapSize                          = 524288000                                 {product} {ergonomic}
   size_t MarkStackSize                            = 4194304                                   {product} {ergonomic}
   size_t MaxHeapSize                              = 8355053568                                {product} {ergonomic}
   size_t MaxNewSize                               = 5012193280                                {product} {ergonomic}
   size_t MinHeapDeltaBytes                        = 4194304                                   {product} {ergonomic}
   size_t MinHeapSize                              = 8388608                                   {product} {ergonomic}
    uintx NonNMethodCodeHeapSize                   = 5839372                                {pd product} {ergonomic}
    uintx NonProfiledCodeHeapSize                  = 122909434                              {pd product} {ergonomic}
    uintx ProfiledCodeHeapSize                     = 122909434                              {pd product} {ergonomic}
    uintx ReservedCodeCacheSize                    = 251658240                              {pd product} {ergonomic}
     bool SegmentedCodeCache                       = true                                      {product} {ergonomic}
   size_t SoftMaxHeapSize                          = 8355053568                             {manageable} {ergonomic}
     bool UseCompressedClassPointers               = true                           {product lp64_product} {ergonomic}
     bool UseCompressedOops                        = true                           {product lp64_product} {ergonomic}
     bool UseG1GC                                  = true                                      {product} {ergonomic}

Logging:
Log output configuration:
 #0: stdout all=warning uptime,level,tags
 #1: stderr all=off uptime,level,tags

Environment Variables:
JAVA_HOME=/usr/lib/jvm/java-17-amazon-corretto
PATH=/usr/local/sbin:/usr/local/bin:/usr/sbin:/usr/bin:/sbin:/bin:/usr/games:/usr/local/games:/snap/bin:/snap/bin
USERNAME=cookiebot
SHELL=/bin/bash
DISPLAY=:0
LANG=en_US.UTF-8

Active Locale:
LC_ALL=en_US.UTF-8
LC_COLLATE=en_US.UTF-8
LC_CTYPE=en_US.UTF-8
LC_MESSAGES=en_US.UTF-8
LC_MONETARY=en_US.UTF-8
LC_NUMERIC=en_US.UTF-8
LC_TIME=en_US.UTF-8

Signal Handlers:
   SIGSEGV: 