#
# A fatal error has been detected by the Java Runtime Environment:
#
#  SIGSEGV (0xb) at pc=0x00007a6351e447fb, pid=110750, tid=110751
#
# JRE version: OpenJDK Runtime Environment Corretto-17.0.15.6.1 (17.0.15+6) (build 17.0.15+6-LTS)
# Java VM: OpenJDK 64-Bit Server VM Corretto-17.0.15.6.1 (17.0.15+6-LTS, mixed mode, sharing, tiered, compressed oops, compressed class ptrs, g1 gc, linux-amd64)
# Problematic frame:
# C  [libglfw.so+0x117fb]
#
# Core dump will be written. Default location: Core dumps may be processed with "/usr/share/apport/apport -p%p -s%s -c%c -d%d -P%P -u%u -g%g -F%F -- %E" (or dumping to /home/cookiebot/JavaProjects/HodgePodgeBarrage/core.110750)
#
# If you would like to submit a bug report, please visit:
#   https://github.com/corretto/corretto-17/issues/
# The crash happened outside the Java Virtual Machine in native code.
# See problematic frame for where to report the bug.
#

---------------  S U M M A R Y ------------

Command Line: engine.framework.Start

Host: Intel(R) Core(TM) i7-10750H CPU @ 2.60GHz, 12 cores, 31G, Ubuntu 24.04.2 LTS
Time: Sat Aug 23 16:14:20 2025 CDT elapsed time: 0.364885 seconds (0d 0h 0m 0s)

---------------  T H R E A D  ---------------

Current thread (0x00007a638c02a9c0):  JavaThread "main" [_thread_in_native, id=110751, stack(0x00007a6392417000,0x00007a6392517000)]

Stack: [0x00007a6392417000,0x00007a6392517000],  sp=0x00007a6392515530,  free space=1017k
Native frames: (J=compiled Java code, j=interpreted, Vv=VM code, C=native code)
C  [libglfw.so+0x117fb]

Java frames: (J=compiled Java code, j=interpreted, Vv=VM code)
j  org.lwjgl.system.JNI.invokeI(J)I+0
j  org.lwjgl.glfw.GLFW.glfwInit()Z+8
j  engine.framework.NewWindow.init()V+10
j  engine.framework.NewEngine.start(Ljava/lang/String;IIZ)V+23
j  game.Game.<init>()V+38
j  engine.framework.Start.main([Ljava/lang/String;)V+4
v  ~StubRoutines::call_stub

siginfo: si_signo: 11 (SIGSEGV), si_code: 2 (SEGV_ACCERR), si_addr: 0x00007a638c496002

Registers:
RAX=0x0000000000000000, RBX=0x00007a638c495f2d, RCX=0x0000000083fc3fc0, RDX=0x0000000000000068
RSP=0x00007a6392515530, RBP=0x00007a6351e64874, RSI=0x00007a6351e63832, RDI=0x00007a6351e6486d
R8 =0x1999999999999999, R9 =0x0000000000000000, R10=0x00007a63923b1fc0, R11=0x00007a63923b28c0
R12=0x0000000000000001, R13=0x00007a6392515558, R14=0x00007a638c496002, R15=0x00000000ffffffff
RIP=0x00007a6351e447fb, EFLAGS=0x0000000000010246, CSGSFS=0x002b000000000033, ERR=0x0000000000000006
  TRAPNO=0x000000000000000e

XMM[0]=0x656c70642c342e30 0x683a6e776f647064
XMM[1]=0xffff000000000000 0x0000ffffffffffff
XMM[2]=0x0000000000000000 0x0000000000000000
XMM[3]=0x0000000000000000 0x0000000000000000
XMM[4]=0x3030303031303131 0x3030303031353231
XMM[5]=0x0000000000000000 0x0000000000000000
XMM[6]=0x31623a6b6361622c 0x30623a622c31623a
XMM[7]=0xffffffffffffffff 0xffffffffffffffff
XMM[8]=0x0000000000000000 0x0000000000000000
XMM[9]=0x0000000000000000 0x000000062cfd2c30
XMM[10]=0x0000000000000000 0x776c2f67726f4c49
XMM[11]=0x0000000000000000 0x6a776c2f67726f4c
XMM[12]=0x0000000000000000 0x2020202020202020
XMM[13]=0x0000000000000000 0x0000000000000000
XMM[14]=0x0000000000000000 0x0000000000000000
XMM[15]=0x0000000000000000 0x0000000000000000
  MXCSR=0x00001fa0


Register to memory mapping:

RAX=0x0 is NULL
RBX=0x00007a638c495f2d points into unknown readable memory: 38 42 69
RCX=0x0000000083fc3fc0 is an unknown value
RDX=0x0000000000000068 is an unknown value
RSP=0x00007a6392515530 is pointing into the stack for thread: 0x00007a638c02a9c0
RBP=0x00007a6351e64874: <offset 0x0000000000031874> in /tmp/lwjgl_cookiebot/3.3.4+7/x64/libglfw.so at 0x00007a6351e33000
RSI=0x00007a6351e63832: <offset 0x0000000000030832> in /tmp/lwjgl_cookiebot/3.3.4+7/x64/libglfw.so at 0x00007a6351e33000
RDI=0x00007a6351e6486d: <offset 0x000000000003186d> in /tmp/lwjgl_cookiebot/3.3.4+7/x64/libglfw.so at 0x00007a6351e33000
R8 =0x1999999999999999 is an unknown value
R9 =0x0 is NULL
R10=0x00007a63923b1fc0: <offset 0x00000000001b1fc0> in /lib/x86_64-linux-gnu/libc.so.6 at 0x00007a6392200000
R11=0x00007a63923b28c0: <offset 0x00000000001b28c0> in /lib/x86_64-linux-gnu/libc.so.6 at 0x00007a6392200000
R12=0x0000000000000001 is an unknown value
R13=0x00007a6392515558 is pointing into the stack for thread: 0x00007a638c02a9c0
R14=0x00007a638c496002 is an unknown value
R15=0x00000000ffffffff is an unknown value


Top of Stack: (sp=0x00007a6392515530)
0x00007a6392515530:   00007a6392515570 00007a6392515560
0x00007a6392515540:   00007a6392515558 00007a638c495fad
0x00007a6392515550:   0000003000000028 00007a6351e64874
0x00007a6392515560:   00007a6351e637e0 0000000000000000
0x00007a6392515570:   00007a6351e8e1fa 00007a638c495fce
0x00007a6392515580:   00007a6351e8e1ac 00007a638c495fd2
0x00007a6392515590:   00007a6351e8d9ec 00007a638c495fd6
0x00007a63925155a0:   00007a6351e8a17a 00007a638c495fda
0x00007a63925155b0:   00007a6351e8bdc4 00007a638c495fe6
0x00007a63925155c0:   00007a6351e637e9 00007a638c495fea
0x00007a63925155d0:   00007a6351e637ef 00007a638c495fee
0x00007a63925155e0:   00007a6351e637f5 00007a638c495fde
0x00007a63925155f0:   00007a6351e63802 00007a638c495fe2
0x00007a6392515600:   00007a6351e63810 00007a638c495ff2
0x00007a6392515610:   00007a6351e6381a 00007a638c495ff6
0x00007a6392515620:   00007a6351e63825 00007a638c495ffa
0x00007a6392515630:   00007a6351e6382a 00007a638c495ffe
0x00007a6392515640:   00007a6351e63832 00007a638c496002
0x00007a6392515650:   00007a6351e63839 00007a638c496006
0x00007a6392515660:   00007a6351e63840 00007a638c49601a
0x00007a6392515670:   00007a6351e6384c 00007a638c49601e
0x00007a6392515680:   00007a6351e63859 00007a638c49600a
0x00007a6392515690:   00007a6351e6385f 00007a638c49600e
0x00007a63925156a0:   00007a6351e63865 00007a638c496012
0x00007a63925156b0:   00007a6351e6386c 00007a638c496016
0x00007a63925156c0:   0000000100000027 00007a6351e9c350
0x00007a63925156d0:   00007a6351e9d3f8 00007a6351e9e1c0
0x00007a63925156e0:   00007a62ff4cfda0 00007a63925157b0
0x00007a63925156f0:   00007a638c02a9c0 00007a6351e44dea
0x00007a6392515700:   00007a62ff4cfda0 00007a6351ebeb0c
0x00007a6392515710:   0000000000000000 00007a6351e43fa4
0x00007a6392515720:   00007a6392515788 00007a637c9445da 

Instructions: (pc=0x00007a6351e447fb)
0x00007a6351e446fb:   41 5d 41 5e 41 5f c3 66 0f 1f 44 00 00 49 83 c5
0x00007a6351e4470b:   01 49 83 fd 16 0f 85 82 fe ff ff 48 8b 6c 24 28
0x00007a6351e4471b:   0f b6 55 00 e9 1c ff ff ff 0f 1f 40 00 48 8d 05
0x00007a6351e4472b:   91 9a 05 00 ff 90 e0 00 00 00 48 89 c7 49 89 c6
0x00007a6351e4473b:   e8 10 da ff ff 48 8b 6c 24 28 4c 89 f6 48 89 c2
0x00007a6351e4474b:   48 89 ef e8 3d d9 ff ff 85 c0 0f 85 e8 00 00 00
0x00007a6351e4475b:   0f b6 55 00 e9 dc fe ff ff 0f 1f 40 00 b8 01 00
0x00007a6351e4476b:   00 00 41 88 06 48 8b 74 24 10 48 8d 7d 01 ba 0a
0x00007a6351e4477b:   00 00 00 e8 bd dc ff ff 41 80 3e 01 48 8b 6c 24
0x00007a6351e4478b:   28 41 88 46 01 75 c9 41 80 ff 01 b8 02 00 00 00
0x00007a6351e4479b:   41 0f be f4 83 de ff 99 45 01 e7 f7 fe 44 89 fa
0x00007a6351e447ab:   f7 da 41 88 56 03 41 88 46 02 0f b6 55 00 80 fa
0x00007a6351e447bb:   7e 0f 85 7e fe ff ff f7 d8 45 88 7e 03 41 88 46
0x00007a6351e447cb:   02 0f b6 55 00 e9 6b fe ff ff 0f 1f 00 48 8d 45
0x00007a6351e447db:   01 41 bc 01 00 00 00 45 31 ff 48 89 44 24 28 0f
0x00007a6351e447eb:   b6 55 01 48 89 c5 e9 28 fe ff ff 4c 8b 6c 24 10
0x00007a6351e447fb:   41 c6 06 03 48 8d 7d 01 ba 0a 00 00 00 4c 89 ee
0x00007a6351e4480b:   e8 30 dc ff ff ba 0a 00 00 00 4c 89 ee 48 89 c5
0x00007a6351e4481b:   48 8b 44 24 28 48 8d 78 01 e8 17 dc ff ff 49 89
0x00007a6351e4482b:   c0 89 e8 c1 e0 04 44 09 c0 e9 4a ff ff ff b8 02
0x00007a6351e4483b:   00 00 00 e9 2a ff ff ff 31 c0 e9 a6 fe ff ff 66
0x00007a6351e4484b:   0f 1f 44 00 00 48 8d 15 69 99 05 00 41 56 41 55
0x00007a6351e4485b:   41 54 55 53 8b 82 48 09 02 00 85 c0 0f 8e 95 00
0x00007a6351e4486b:   00 00 83 e8 01 48 8b 9a 40 09 02 00 48 89 fd 4c
0x00007a6351e4487b:   8d af c0 00 00 00 48 69 c0 f5 00 00 00 4c 8d b4
0x00007a6351e4488b:   03 f5 00 00 00 eb 12 66 0f 1f 44 00 00 48 8d 9b
0x00007a6351e4489b:   f5 00 00 00 49 39 de 74 5e 48 8d bb 80 00 00 00
0x00007a6351e448ab:   4c 89 ee 49 89 dc e8 aa d9 ff ff 85 c0 75 de 48
0x00007a6351e448bb:   85 db 74 46 48 8d 83 a2 00 00 00 48 8d 8b de 00
0x00007a6351e448cb:   00 00 eb 1c 90 80 fa 02 74 43 80 fa 01 75 08 0f
0x00007a6351e448db:   b6 10 3b 55 10 7d 20 48 83 c0 04 48 39 c8 74 3e
0x00007a6351e448eb:   0f b6 50 ff 80 fa 03 75 dc 0f b6 10 c0 ea 04 0f 


Stack slot to memory mapping:
stack at sp + 0 slots: 0x00007a6392515570 is pointing into the stack for thread: 0x00007a638c02a9c0
stack at sp + 1 slots: 0x00007a6392515560 is pointing into the stack for thread: 0x00007a638c02a9c0
stack at sp + 2 slots: 0x00007a6392515558 is pointing into the stack for thread: 0x00007a638c02a9c0
stack at sp + 3 slots: 0x00007a638c495fad points into unknown readable memory: 30 33 30
stack at sp + 4 slots: 0x0000003000000028 is an unknown value
stack at sp + 5 slots: 0x00007a6351e64874: <offset 0x0000000000031874> in /tmp/lwjgl_cookiebot/3.3.4+7/x64/libglfw.so at 0x00007a6351e33000
stack at sp + 6 slots: 0x00007a6351e637e0: <offset 0x00000000000307e0> in /tmp/lwjgl_cookiebot/3.3.4+7/x64/libglfw.so at 0x00007a6351e33000
stack at sp + 7 slots: 0x0 is NULL


---------------  P R O C E S S  ---------------

Threads class SMR info:
_java_thread_list=0x00007a638c258db0, length=14, elements={
0x00007a638c02a9c0, 0x00007a638c15c010, 0x00007a638c15d3f0, 0x00007a638c162980,
0x00007a638c163d30, 0x00007a638c165140, 0x00007a638c166af0, 0x00007a638c168020,
0x00007a638c171480, 0x00007a638c178f80, 0x00007a638c17c710, 0x00007a62e4142660,
0x00007a638c237d80, 0x00007a638c258020
}

Java Threads: ( => current thread )
=>0x00007a638c02a9c0 JavaThread "main" [_thread_in_native, id=110751, stack(0x00007a6392417000,0x00007a6392517000)]
  0x00007a638c15c010 JavaThread "Reference Handler" daemon [_thread_blocked, id=110771, stack(0x00007a6352fff000,0x00007a63530ff000)]
  0x00007a638c15d3f0 JavaThread "Finalizer" daemon [_thread_blocked, id=110772, stack(0x00007a6352eff000,0x00007a6352fff000)]
  0x00007a638c162980 JavaThread "Signal Dispatcher" daemon [_thread_blocked, id=110773, stack(0x00007a6352dff000,0x00007a6352eff000)]
  0x00007a638c163d30 JavaThread "Service Thread" daemon [_thread_blocked, id=110774, stack(0x00007a6352700000,0x00007a6352800000)]
  0x00007a638c165140 JavaThread "Monitor Deflation Thread" daemon [_thread_blocked, id=110775, stack(0x00007a6352600000,0x00007a6352700000)]
  0x00007a638c166af0 JavaThread "C2 CompilerThread0" daemon [_thread_blocked, id=110776, stack(0x00007a6352500000,0x00007a6352600000)]
  0x00007a638c168020 JavaThread "C1 CompilerThread0" daemon [_thread_blocked, id=110777, stack(0x00007a6352400000,0x00007a6352500000)]
  0x00007a638c171480 JavaThread "Sweeper thread" daemon [_thread_blocked, id=110778, stack(0x00007a6352300000,0x00007a6352400000)]
  0x00007a638c178f80 JavaThread "Notification Thread" daemon [_thread_blocked, id=110779, stack(0x00007a6352200000,0x00007a6352300000)]
  0x00007a638c17c710 JavaThread "Common-Cleaner" daemon [_thread_blocked, id=110781, stack(0x00007a6351fff000,0x00007a63520ff000)]
  0x00007a62e4142660 JavaThread "C2 CompilerThread1" daemon [_thread_in_native, id=110784, stack(0x00007a6351b00000,0x00007a6351c00000)]
  0x00007a638c237d80 JavaThread "Java2D Disposer" daemon [_thread_blocked, id=110786, stack(0x00007a6351700000,0x00007a6351800000)]
  0x00007a638c258020 JavaThread "Thread-0" [_thread_in_vm, id=110787, stack(0x00007a6351300000,0x00007a6351400000)]

Other Threads:
  0x00007a638c158080 VMThread "VM Thread" [stack: 0x00007a6353100000,0x00007a6353200000] [id=110770]
  0x00007a638c17a8c0 WatcherThread [stack: 0x00007a6352100000,0x00007a6352200000] [id=110780]
  0x00007a638c0593b0 GCTaskThread "GC Thread#0" [stack: 0x00007a6362449000,0x00007a6362549000] [id=110752]
  0x00007a638c06a2d0 ConcurrentGCThread "G1 Main Marker" [stack: 0x00007a6362348000,0x00007a6362448000] [id=110753]
  0x00007a638c06b240 ConcurrentGCThread "G1 Conc#0" [stack: 0x00007a6362247000,0x00007a6362347000] [id=110754]
  0x00007a638c1287d0 ConcurrentGCThread "G1 Refine#0" [stack: 0x00007a63535f7000,0x00007a63536f7000] [id=110755]
  0x00007a638c1296d0 ConcurrentGCThread "G1 Service" [stack: 0x00007a63534f6000,0x00007a63535f6000] [id=110757]

Threads with active compile tasks:
C1 CompilerThread0      372  802       3       java.lang.invoke.MethodHandles$Lookup::checkAccess (232 bytes)
C2 CompilerThread1      372  799       4       java.lang.StringLatin1::newString (24 bytes)

VM state: not at safepoint (normal execution)

VM Mutex/Monitor currently owned by a thread: None

Heap address: 0x000000060e000000, size: 7968 MB, Compressed Oops mode: Zero based, Oop shift amount: 3

CDS archive(s) mapped at: [0x00007a6303000000-0x00007a6303bca000-0x00007a6303bca000), size 12361728, SharedBaseAddress: 0x00007a6303000000, ArchiveRelocationMode: 1.
Compressed class space mapped at: 0x00007a6304000000-0x00007a6344000000, reserved size: 1073741824
Narrow klass base: 0x00007a6303000000, Narrow klass shift: 0, Narrow klass range: 0x100000000

GC Precious Log:
 CPUs: 12 total, 12 available
 Memory: 31861M
 Large Page Support: Disabled
 NUMA Support: Disabled
 Compressed Oops: Enabled (Zero based)
 Heap Region Size: 4M
 Heap Min Capacity: 8M
 Heap Initial Capacity: 500M
 Heap Max Capacity: 7968M
 Pre-touch: Disabled
 Parallel Workers: 10
 Concurrent Workers: 3
 Concurrent Refinement Workers: 10
 Periodic GC: Disabled

Heap:
 garbage-first heap   total 520192K, used 12212K [0x000000060e000000, 0x0000000800000000)
  region size 4096K, 3 young (12288K), 0 survivors (0K)
 Metaspace       used 4351K, committed 4608K, reserved 1114112K
  class space    used 363K, committed 512K, reserved 1048576K

Heap Regions: E=young(eden), S=young(survivor), O=old, HS=humongous(starts), HC=humongous(continues), CS=collection set, F=free, OA=open archive, CA=closed archive, TAMS=top-at-mark-start (previous, next)
|   0|0x000000060e000000, 0x000000060e000000, 0x000000060e400000|  0%| F|  |TAMS 0x000000060e000000, 0x000000060e000000| Untracked 
|   1|0x000000060e400000, 0x000000060e400000, 0x000000060e800000|  0%| F|  |TAMS 0x000000060e400000, 0x000000060e400000| Untracked 
|   2|0x000000060e800000, 0x000000060e800000, 0x000000060ec00000|  0%| F|  |TAMS 0x000000060e800000, 0x000000060e800000| Untracked 
|   3|0x000000060ec00000, 0x000000060ec00000, 0x000000060f000000|  0%| F|  |TAMS 0x000000060ec00000, 0x000000060ec00000| Untracked 
|   4|0x000000060f000000, 0x000000060f000000, 0x000000060f400000|  0%| F|  |TAMS 0x000000060f000000, 0x000000060f000000| Untracked 
|   5|0x000000060f400000, 0x000000060f400000, 0x000000060f800000|  0%| F|  |TAMS 0x000000060f400000, 0x000000060f400000| Untracked 
|   6|0x000000060f800000, 0x000000060f800000, 0x000000060fc00000|  0%| F|  |TAMS 0x000000060f800000, 0x000000060f800000| Untracked 
|   7|0x000000060fc00000, 0x000000060fc00000, 0x0000000610000000|  0%| F|  |TAMS 0x000000060fc00000, 0x000000060fc00000| Untracked 
|   8|0x0000000610000000, 0x0000000610000000, 0x0000000610400000|  0%| F|  |TAMS 0x0000000610000000, 0x0000000610000000| Untracked 
|   9|0x0000000610400000, 0x0000000610400000, 0x0000000610800000|  0%| F|  |TAMS 0x0000000610400000, 0x0000000610400000| Untracked 
|  10|0x0000000610800000, 0x0000000610800000, 0x0000000610c00000|  0%| F|  |TAMS 0x0000000610800000, 0x0000000610800000| Untracked 
|  11|0x0000000610c00000, 0x0000000610c00000, 0x0000000611000000|  0%| F|  |TAMS 0x0000000610c00000, 0x0000000610c00000| Untracked 
|  12|0x0000000611000000, 0x0000000611000000, 0x0000000611400000|  0%| F|  |TAMS 0x0000000611000000, 0x0000000611000000| Untracked 
|  13|0x0000000611400000, 0x0000000611400000, 0x0000000611800000|  0%| F|  |TAMS 0x0000000611400000, 0x0000000611400000| Untracked 
|  14|0x0000000611800000, 0x0000000611800000, 0x0000000611c00000|  0%| F|  |TAMS 0x0000000611800000, 0x0000000611800000| Untracked 
|  15|0x0000000611c00000, 0x0000000611c00000, 0x0000000612000000|  0%| F|  |TAMS 0x0000000611c00000, 0x0000000611c00000| Untracked 
|  16|0x0000000612000000, 0x0000000612000000, 0x0000000612400000|  0%| F|  |TAMS 0x0000000612000000, 0x0000000612000000| Untracked 
|  17|0x0000000612400000, 0x0000000612400000, 0x0000000612800000|  0%| F|  |TAMS 0x0000000612400000, 0x0000000612400000| Untracked 
|  18|0x0000000612800000, 0x0000000612800000, 0x0000000612c00000|  0%| F|  |TAMS 0x0000000612800000, 0x0000000612800000| Untracked 
|  19|0x0000000612c00000, 0x0000000612c00000, 0x0000000613000000|  0%| F|  |TAMS 0x0000000612c00000, 0x0000000612c00000| Untracked 
|  20|0x0000000613000000, 0x0000000613000000, 0x0000000613400000|  0%| F|  |TAMS 0x0000000613000000, 0x0000000613000000| Untracked 
|  21|0x0000000613400000, 0x0000000613400000, 0x0000000613800000|  0%| F|  |TAMS 0x0000000613400000, 0x0000000613400000| Untracked 
|  22|0x0000000613800000, 0x0000000613800000, 0x0000000613c00000|  0%| F|  |TAMS 0x0000000613800000, 0x0000000613800000| Untracked 
|  23|0x0000000613c00000, 0x0000000613c00000, 0x0000000614000000|  0%| F|  |TAMS 0x0000000613c00000, 0x0000000613c00000| Untracked 
|  24|0x0000000614000000, 0x0000000614000000, 0x0000000614400000|  0%| F|  |TAMS 0x0000000614000000, 0x0000000614000000| Untracked 
|  25|0x0000000614400000, 0x0000000614400000, 0x0000000614800000|  0%| F|  |TAMS 0x0000000614400000, 0x0000000614400000| Untracked 
|  26|0x0000000614800000, 0x0000000614800000, 0x0000000614c00000|  0%| F|  |TAMS 0x0000000614800000, 0x0000000614800000| Untracked 
|  27|0x0000000614c00000, 0x0000000614c00000, 0x0000000615000000|  0%| F|  |TAMS 0x0000000614c00000, 0x0000000614c00000| Untracked 
|  28|0x0000000615000000, 0x0000000615000000, 0x0000000615400000|  0%| F|  |TAMS 0x0000000615000000, 0x0000000615000000| Untracked 
|  29|0x0000000615400000, 0x0000000615400000, 0x0000000615800000|  0%| F|  |TAMS 0x0000000615400000, 0x0000000615400000| Untracked 
|  30|0x0000000615800000, 0x0000000615800000, 0x0000000615c00000|  0%| F|  |TAMS 0x0000000615800000, 0x0000000615800000| Untracked 
|  31|0x0000000615c00000, 0x0000000615c00000, 0x0000000616000000|  0%| F|  |TAMS 0x0000000615c00000, 0x0000000615c00000| Untracked 
|  32|0x0000000616000000, 0x0000000616000000, 0x0000000616400000|  0%| F|  |TAMS 0x0000000616000000, 0x0000000616000000| Untracked 
|  33|0x0000000616400000, 0x0000000616400000, 0x0000000616800000|  0%| F|  |TAMS 0x0000000616400000, 0x0000000616400000| Untracked 
|  34|0x0000000616800000, 0x0000000616800000, 0x0000000616c00000|  0%| F|  |TAMS 0x0000000616800000, 0x0000000616800000| Untracked 
|  35|0x0000000616c00000, 0x0000000616c00000, 0x0000000617000000|  0%| F|  |TAMS 0x0000000616c00000, 0x0000000616c00000| Untracked 
|  36|0x0000000617000000, 0x0000000617000000, 0x0000000617400000|  0%| F|  |TAMS 0x0000000617000000, 0x0000000617000000| Untracked 
|  37|0x0000000617400000, 0x0000000617400000, 0x0000000617800000|  0%| F|  |TAMS 0x0000000617400000, 0x0000000617400000| Untracked 
|  38|0x0000000617800000, 0x0000000617800000, 0x0000000617c00000|  0%| F|  |TAMS 0x0000000617800000, 0x0000000617800000| Untracked 
|  39|0x0000000617c00000, 0x0000000617c00000, 0x0000000618000000|  0%| F|  |TAMS 0x0000000617c00000, 0x0000000617c00000| Untracked 
|  40|0x0000000618000000, 0x0000000618000000, 0x0000000618400000|  0%| F|  |TAMS 0x0000000618000000, 0x0000000618000000| Untracked 
|  41|0x0000000618400000, 0x0000000618400000, 0x0000000618800000|  0%| F|  |TAMS 0x0000000618400000, 0x0000000618400000| Untracked 
|  42|0x0000000618800000, 0x0000000618800000, 0x0000000618c00000|  0%| F|  |TAMS 0x0000000618800000, 0x0000000618800000| Untracked 
|  43|0x0000000618c00000, 0x0000000618c00000, 0x0000000619000000|  0%| F|  |TAMS 0x0000000618c00000, 0x0000000618c00000| Untracked 
|  44|0x0000000619000000, 0x0000000619000000, 0x0000000619400000|  0%| F|  |TAMS 0x0000000619000000, 0x0000000619000000| Untracked 
|  45|0x0000000619400000, 0x0000000619400000, 0x0000000619800000|  0%| F|  |TAMS 0x0000000619400000, 0x0000000619400000| Untracked 
|  46|0x0000000619800000, 0x0000000619800000, 0x0000000619c00000|  0%| F|  |TAMS 0x0000000619800000, 0x0000000619800000| Untracked 
|  47|0x0000000619c00000, 0x0000000619c00000, 0x000000061a000000|  0%| F|  |TAMS 0x0000000619c00000, 0x0000000619c00000| Untracked 
|  48|0x000000061a000000, 0x000000061a000000, 0x000000061a400000|  0%| F|  |TAMS 0x000000061a000000, 0x000000061a000000| Untracked 
|  49|0x000000061a400000, 0x000000061a400000, 0x000000061a800000|  0%| F|  |TAMS 0x000000061a400000, 0x000000061a400000| Untracked 
|  50|0x000000061a800000, 0x000000061a800000, 0x000000061ac00000|  0%| F|  |TAMS 0x000000061a800000, 0x000000061a800000| Untracked 
|  51|0x000000061ac00000, 0x000000061ac00000, 0x000000061b000000|  0%| F|  |TAMS 0x000000061ac00000, 0x000000061ac00000| Untracked 
|  52|0x000000061b000000, 0x000000061b000000, 0x000000061b400000|  0%| F|  |TAMS 0x000000061b000000, 0x000000061b000000| Untracked 
|  53|0x000000061b400000, 0x000000061b400000, 0x000000061b800000|  0%| F|  |TAMS 0x000000061b400000, 0x000000061b400000| Untracked 
|  54|0x000000061b800000, 0x000000061b800000, 0x000000061bc00000|  0%| F|  |TAMS 0x000000061b800000, 0x000000061b800000| Untracked 
|  55|0x000000061bc00000, 0x000000061bc00000, 0x000000061c000000|  0%| F|  |TAMS 0x000000061bc00000, 0x000000061bc00000| Untracked 
|  56|0x000000061c000000, 0x000000061c000000, 0x000000061c400000|  0%| F|  |TAMS 0x000000061c000000, 0x000000061c000000| Untracked 
|  57|0x000000061c400000, 0x000000061c400000, 0x000000061c800000|  0%| F|  |TAMS 0x000000061c400000, 0x000000061c400000| Untracked 
|  58|0x000000061c800000, 0x000000061c800000, 0x000000061cc00000|  0%| F|  |TAMS 0x000000061c800000, 0x000000061c800000| Untracked 
|  59|0x000000061cc00000, 0x000000061cc00000, 0x000000061d000000|  0%| F|  |TAMS 0x000000061cc00000, 0x000000061cc00000| Untracked 
|  60|0x000000061d000000, 0x000000061d000000, 0x000000061d400000|  0%| F|  |TAMS 0x000000061d000000, 0x000000061d000000| Untracked 
|  61|0x000000061d400000, 0x000000061d400000, 0x000000061d800000|  0%| F|  |TAMS 0x000000061d400000, 0x000000061d400000| Untracked 
|  62|0x000000061d800000, 0x000000061d800000, 0x000000061dc00000|  0%| F|  |TAMS 0x000000061d800000, 0x000000061d800000| Untracked 
|  63|0x000000061dc00000, 0x000000061dc00000, 0x000000061e000000|  0%| F|  |TAMS 0x000000061dc00000, 0x000000061dc00000| Untracked 
|  64|0x000000061e000000, 0x000000061e000000, 0x000000061e400000|  0%| F|  |TAMS 0x000000061e000000, 0x000000061e000000| Untracked 
|  65|0x000000061e400000, 0x000000061e400000, 0x000000061e800000|  0%| F|  |TAMS 0x000000061e400000, 0x000000061e400000| Untracked 
|  66|0x000000061e800000, 0x000000061e800000, 0x000000061ec00000|  0%| F|  |TAMS 0x000000061e800000, 0x000000061e800000| Untracked 
|  67|0x000000061ec00000, 0x000000061ec00000, 0x000000061f000000|  0%| F|  |TAMS 0x000000061ec00000, 0x000000061ec00000| Untracked 
|  68|0x000000061f000000, 0x000000061f000000, 0x000000061f400000|  0%| F|  |TAMS 0x000000061f000000, 0x000000061f000000| Untracked 
|  69|0x000000061f400000, 0x000000061f400000, 0x000000061f800000|  0%| F|  |TAMS 0x000000061f400000, 0x000000061f400000| Untracked 
|  70|0x000000061f800000, 0x000000061f800000, 0x000000061fc00000|  0%| F|  |TAMS 0x000000061f800000, 0x000000061f800000| Untracked 
|  71|0x000000061fc00000, 0x000000061fc00000, 0x0000000620000000|  0%| F|  |TAMS 0x000000061fc00000, 0x000000061fc00000| Untracked 
|  72|0x0000000620000000, 0x0000000620000000, 0x0000000620400000|  0%| F|  |TAMS 0x0000000620000000, 0x0000000620000000| Untracked 
|  73|0x0000000620400000, 0x0000000620400000, 0x0000000620800000|  0%| F|  |TAMS 0x0000000620400000, 0x0000000620400000| Untracked 
|  74|0x0000000620800000, 0x0000000620800000, 0x0000000620c00000|  0%| F|  |TAMS 0x0000000620800000, 0x0000000620800000| Untracked 
|  75|0x0000000620c00000, 0x0000000620c00000, 0x0000000621000000|  0%| F|  |TAMS 0x0000000620c00000, 0x0000000620c00000| Untracked 
|  76|0x0000000621000000, 0x0000000621000000, 0x0000000621400000|  0%| F|  |TAMS 0x0000000621000000, 0x0000000621000000| Untracked 
|  77|0x0000000621400000, 0x0000000621400000, 0x0000000621800000|  0%| F|  |TAMS 0x0000000621400000, 0x0000000621400000| Untracked 
|  78|0x0000000621800000, 0x0000000621800000, 0x0000000621c00000|  0%| F|  |TAMS 0x0000000621800000, 0x0000000621800000| Untracked 
|  79|0x0000000621c00000, 0x0000000621c00000, 0x0000000622000000|  0%| F|  |TAMS 0x0000000621c00000, 0x0000000621c00000| Untracked 
|  80|0x0000000622000000, 0x0000000622000000, 0x0000000622400000|  0%| F|  |TAMS 0x0000000622000000, 0x0000000622000000| Untracked 
|  81|0x0000000622400000, 0x0000000622400000, 0x0000000622800000|  0%| F|  |TAMS 0x0000000622400000, 0x0000000622400000| Untracked 
|  82|0x0000000622800000, 0x0000000622800000, 0x0000000622c00000|  0%| F|  |TAMS 0x0000000622800000, 0x0000000622800000| Untracked 
|  83|0x0000000622c00000, 0x0000000622c00000, 0x0000000623000000|  0%| F|  |TAMS 0x0000000622c00000, 0x0000000622c00000| Untracked 
|  84|0x0000000623000000, 0x0000000623000000, 0x0000000623400000|  0%| F|  |TAMS 0x0000000623000000, 0x0000000623000000| Untracked 
|  85|0x0000000623400000, 0x0000000623400000, 0x0000000623800000|  0%| F|  |TAMS 0x0000000623400000, 0x0000000623400000| Untracked 
|  86|0x0000000623800000, 0x0000000623800000, 0x0000000623c00000|  0%| F|  |TAMS 0x0000000623800000, 0x0000000623800000| Untracked 
|  87|0x0000000623c00000, 0x0000000623c00000, 0x0000000624000000|  0%| F|  |TAMS 0x0000000623c00000, 0x0000000623c00000| Untracked 
|  88|0x0000000624000000, 0x0000000624000000, 0x0000000624400000|  0%| F|  |TAMS 0x0000000624000000, 0x0000000624000000| Untracked 
|  89|0x0000000624400000, 0x0000000624400000, 0x0000000624800000|  0%| F|  |TAMS 0x0000000624400000, 0x0000000624400000| Untracked 
|  90|0x0000000624800000, 0x0000000624800000, 0x0000000624c00000|  0%| F|  |TAMS 0x0000000624800000, 0x0000000624800000| Untracked 
|  91|0x0000000624c00000, 0x0000000624c00000, 0x0000000625000000|  0%| F|  |TAMS 0x0000000624c00000, 0x0000000624c00000| Untracked 
|  92|0x0000000625000000, 0x0000000625000000, 0x0000000625400000|  0%| F|  |TAMS 0x0000000625000000, 0x0000000625000000| Untracked 
|  93|0x0000000625400000, 0x0000000625400000, 0x0000000625800000|  0%| F|  |TAMS 0x0000000625400000, 0x0000000625400000| Untracked 
|  94|0x0000000625800000, 0x0000000625800000, 0x0000000625c00000|  0%| F|  |TAMS 0x0000000625800000, 0x0000000625800000| Untracked 
|  95|0x0000000625c00000, 0x0000000625c00000, 0x0000000626000000|  0%| F|  |TAMS 0x0000000625c00000, 0x0000000625c00000| Untracked 
|  96|0x0000000626000000, 0x0000000626000000, 0x0000000626400000|  0%| F|  |TAMS 0x0000000626000000, 0x0000000626000000| Untracked 
|  97|0x0000000626400000, 0x0000000626400000, 0x0000000626800000|  0%| F|  |TAMS 0x0000000626400000, 0x0000000626400000| Untracked 
|  98|0x0000000626800000, 0x0000000626800000, 0x0000000626c00000|  0%| F|  |TAMS 0x0000000626800000, 0x0000000626800000| Untracked 
|  99|0x0000000626c00000, 0x0000000626c00000, 0x0000000627000000|  0%| F|  |TAMS 0x0000000626c00000, 0x0000000626c00000| Untracked 
| 100|0x0000000627000000, 0x0000000627000000, 0x0000000627400000|  0%| F|  |TAMS 0x0000000627000000, 0x0000000627000000| Untracked 
| 101|0x0000000627400000, 0x0000000627400000, 0x0000000627800000|  0%| F|  |TAMS 0x0000000627400000, 0x0000000627400000| Untracked 
| 102|0x0000000627800000, 0x0000000627800000, 0x0000000627c00000|  0%| F|  |TAMS 0x0000000627800000, 0x0000000627800000| Untracked 
| 103|0x0000000627c00000, 0x0000000627c00000, 0x0000000628000000|  0%| F|  |TAMS 0x0000000627c00000, 0x0000000627c00000| Untracked 
| 104|0x0000000628000000, 0x0000000628000000, 0x0000000628400000|  0%| F|  |TAMS 0x0000000628000000, 0x0000000628000000| Untracked 
| 105|0x0000000628400000, 0x0000000628400000, 0x0000000628800000|  0%| F|  |TAMS 0x0000000628400000, 0x0000000628400000| Untracked 
| 106|0x0000000628800000, 0x0000000628800000, 0x0000000628c00000|  0%| F|  |TAMS 0x0000000628800000, 0x0000000628800000| Untracked 
| 107|0x0000000628c00000, 0x0000000628c00000, 0x0000000629000000|  0%| F|  |TAMS 0x0000000628c00000, 0x0000000628c00000| Untracked 
| 108|0x0000000629000000, 0x0000000629000000, 0x0000000629400000|  0%| F|  |TAMS 0x0000000629000000, 0x0000000629000000| Untracked 
| 109|0x0000000629400000, 0x0000000629400000, 0x0000000629800000|  0%| F|  |TAMS 0x0000000629400000, 0x0000000629400000| Untracked 
| 110|0x0000000629800000, 0x0000000629800000, 0x0000000629c00000|  0%| F|  |TAMS 0x0000000629800000, 0x0000000629800000| Untracked 
| 111|0x0000000629c00000, 0x0000000629c00000, 0x000000062a000000|  0%| F|  |TAMS 0x0000000629c00000, 0x0000000629c00000| Untracked 
| 112|0x000000062a000000, 0x000000062a000000, 0x000000062a400000|  0%| F|  |TAMS 0x000000062a000000, 0x000000062a000000| Untracked 
| 113|0x000000062a400000, 0x000000062a400000, 0x000000062a800000|  0%| F|  |TAMS 0x000000062a400000, 0x000000062a400000| Untracked 
| 114|0x000000062a800000, 0x000000062a800000, 0x000000062ac00000|  0%| F|  |TAMS 0x000000062a800000, 0x000000062a800000| Untracked 
| 115|0x000000062ac00000, 0x000000062ac00000, 0x000000062b000000|  0%| F|  |TAMS 0x000000062ac00000, 0x000000062ac00000| Untracked 
| 116|0x000000062b000000, 0x000000062b000000, 0x000000062b400000|  0%| F|  |TAMS 0x000000062b000000, 0x000000062b000000| Untracked 
| 117|0x000000062b400000, 0x000000062b400000, 0x000000062b800000|  0%| F|  |TAMS 0x000000062b400000, 0x000000062b400000| Untracked 
| 118|0x000000062b800000, 0x000000062b800000, 0x000000062bc00000|  0%| F|  |TAMS 0x000000062b800000, 0x000000062b800000| Untracked 
| 119|0x000000062bc00000, 0x000000062bc00000, 0x000000062c000000|  0%| F|  |TAMS 0x000000062bc00000, 0x000000062bc00000| Untracked 
| 120|0x000000062c000000, 0x000000062c000000, 0x000000062c400000|  0%| F|  |TAMS 0x000000062c000000, 0x000000062c000000| Untracked 
| 121|0x000000062c400000, 0x000000062c400000, 0x000000062c800000|  0%| F|  |TAMS 0x000000062c400000, 0x000000062c400000| Untracked 
| 122|0x000000062c800000, 0x000000062c8f7c50, 0x000000062cc00000| 24%| E|  |TAMS 0x000000062c800000, 0x000000062c800000| Complete 
| 123|0x000000062cc00000, 0x000000062d000000, 0x000000062d000000|100%| E|CS|TAMS 0x000000062cc00000, 0x000000062cc00000| Complete 
| 124|0x000000062d000000, 0x000000062d400000, 0x000000062d400000|100%| E|CS|TAMS 0x000000062d000000, 0x000000062d000000| Complete 
|1990|0x00000007ff800000, 0x00000007ffb75000, 0x00000007ffc00000| 86%|OA|  |TAMS 0x00000007ff800000, 0x00000007ff800000| Untracked 
|1991|0x00000007ffc00000, 0x00000007ffc78000, 0x0000000800000000| 11%|CA|  |TAMS 0x00000007ffc00000, 0x00000007ffc00000| Untracked 

Card table byte_map: [0x00007a6372dd9000,0x00007a6373d69000] _byte_map_base: 0x00007a636fd69000

Marking Bits (Prev, Next): (CMBitMap*) 0x00007a638c059e40, (CMBitMap*) 0x00007a638c059e80
 Prev Bits: [0x00007a636a1c9000, 0x00007a6371e49000)
 Next Bits: [0x00007a6362549000, 0x00007a636a1c9000)

Polling page: 0x00007a6392859000

Metaspace:

Usage:
  Non-class:      3.91 MB used.
      Class:    366.32 KB used.
       Both:      4.27 MB used.

Virtual space:
  Non-class space:       64.00 MB reserved,       4.06 MB (  6%) committed,  1 nodes.
      Class space:        1.00 GB reserved,     512.00 KB ( <1%) committed,  1 nodes.
             Both:        1.06 GB reserved,       4.56 MB ( <1%) committed. 

Chunk freelists:
   Non-Class:  10.81 MB
       Class:  15.53 MB
        Both:  26.34 MB

MaxMetaspaceSize: unlimited
CompressedClassSpaceSize: 1.00 GB
Initial GC threshold: 21.00 MB
Current GC threshold: 21.00 MB
CDS: on
MetaspaceReclaimPolicy: balanced
 - commit_granule_bytes: 65536.
 - commit_granule_words: 8192.
 - virtual_space_node_default_size: 8388608.
 - enlarge_chunks_in_place: 1.
 - new_chunks_are_fully_committed: 0.
 - uncommit_free_chunks: 1.
 - use_allocation_guard: 0.
 - handle_deallocations: 1.


Internal statistics:

num_allocs_failed_limit: 0.
num_arena_births: 166.
num_arena_deaths: 0.
num_vsnodes_births: 2.
num_vsnodes_deaths: 0.
num_space_committed: 73.
num_space_uncommitted: 0.
num_chunks_returned_to_freelist: 0.
num_chunks_taken_from_freelist: 247.
num_chunk_merges: 0.
num_chunk_splits: 164.
num_chunks_enlarged: 98.
num_inconsistent_stats: 0.

CodeHeap 'non-profiled nmethods': size=120028Kb used=264Kb max_used=264Kb free=119764Kb
 bounds [0x00007a637cec9000, 0x00007a637d139000, 0x00007a6384400000]
CodeHeap 'profiled nmethods': size=120028Kb used=1224Kb max_used=1224Kb free=118803Kb
 bounds [0x00007a6375400000, 0x00007a6375670000, 0x00007a637c937000]
CodeHeap 'non-nmethods': size=5704Kb used=1610Kb max_used=1623Kb free=4093Kb
 bounds [0x00007a637c937000, 0x00007a637cba7000, 0x00007a637cec9000]
 total_blobs=1863 nmethods=813 adapters=964
 compilation: enabled
              stopped_count=0, restarted_count=0
 full_count=0

Compilation events (20 events):
Event: 0.361 Thread 0x00007a638c168020  781       3       jdk.internal.jimage.ImageReader::verifyLocation (14 bytes)
Event: 0.361 Thread 0x00007a62e4142660 nmethod 775 0x00007a637cf08a90 code [0x00007a637cf08c20, 0x00007a637cf08cf8]
Event: 0.361 Thread 0x00007a638c168020 nmethod 781 0x00007a637551e710 code [0x00007a637551e8e0, 0x00007a637551ec30]
Event: 0.361 Thread 0x00007a638c168020  777       3       jdk.internal.misc.Unsafe::convEndian (16 bytes)
Event: 0.361 Thread 0x00007a638c168020 nmethod 777 0x00007a637551ed90 code [0x00007a637551ef40, 0x00007a637551f0f0]
Event: 0.361 Thread 0x00007a638c168020  778       3       java.lang.Short::reverseBytes (14 bytes)
Event: 0.362 Thread 0x00007a638c168020 nmethod 778 0x00007a637551f190 code [0x00007a637551f320, 0x00007a637551f410]
Event: 0.362 Thread 0x00007a638c168020  779       3       java.nio.ByteBufferAsShortBufferB::get (30 bytes)
Event: 0.362 Thread 0x00007a638c168020 nmethod 779 0x00007a637551f490 code [0x00007a637551f6e0, 0x00007a63755200a0]
Event: 0.362 Thread 0x00007a638c168020  780       3       java.nio.ByteBufferAsShortBufferB::byteOffset (9 bytes)
Event: 0.362 Thread 0x00007a638c168020 nmethod 780 0x00007a6375520510 code [0x00007a63755206a0, 0x00007a63755207b0]
Event: 0.362 Thread 0x00007a638c168020  782       3       jdk.internal.jimage.BasicImageReader::verifyLocation (39 bytes)
Event: 0.362 Thread 0x00007a638c168020 nmethod 782 0x00007a6375520810 code [0x00007a63755209e0, 0x00007a6375520cc0]
Event: 0.362 Thread 0x00007a638c168020  783       3       jdk.internal.misc.Unsafe::getShortUnaligned (12 bytes)
Event: 0.363 Thread 0x00007a638c168020 nmethod 783 0x00007a6375520e10 code [0x00007a6375520fc0, 0x00007a63755211f0]
Event: 0.363 Thread 0x00007a638c168020  784       3       java.lang.String::regionMatches (150 bytes)
Event: 0.363 Thread 0x00007a638c168020 nmethod 784 0x00007a6375521310 code [0x00007a6375521560, 0x00007a6375521d40]
Event: 0.363 Thread 0x00007a638c168020  787       3       jdk.internal.module.SystemModuleFinders$SystemModuleReader::containsImageLocation (42 bytes)
Event: 0.363 Thread 0x00007a638c168020 nmethod 787 0x00007a6375522010 code [0x00007a6375522220, 0x00007a63755228d0]
Event: 0.363 Thread 0x00007a638c168020  788       3       jdk.internal.jimage.ImageStringsReader::stringFromByteBufferMatches (138 bytes)

GC Heap History (0 events):
No events

Dll operation events (11 events):
Event: 0.002 Loaded shared library /usr/lib/jvm/java-17-amazon-corretto/lib/libjava.so
Event: 0.015 Loaded shared library /usr/lib/jvm/java-17-amazon-corretto/lib/libjsvml.so
Event: 0.041 Loaded shared library /usr/lib/jvm/java-17-amazon-corretto/lib/libnio.so
Event: 0.042 Loaded shared library /usr/lib/jvm/java-17-amazon-corretto/lib/libjimage.so
Event: 0.044 Loaded shared library /usr/lib/jvm/java-17-amazon-corretto/lib/libawt.so
Event: 0.049 Loaded shared library /usr/lib/jvm/java-17-amazon-corretto/lib/libawt_xawt.so
Event: 0.095 Loaded shared library /usr/lib/jvm/java-17-amazon-corretto/lib/libnet.so
Event: 0.098 Loaded shared library /usr/lib/jvm/java-17-amazon-corretto/lib/libfontmanager.so
Event: 0.160 Loaded shared library /usr/lib/jvm/java-17-amazon-corretto/lib/libzip.so
Event: 0.199 Loaded shared library /tmp/lwjgl_cookiebot/3.3.4+7/x64/liblwjgl.so
Event: 0.261 Loaded shared library /tmp/lwjgl_cookiebot/3.3.4+7/x64/liblwjgl_stb.so

Deoptimization events (20 events):
Event: 0.301 Thread 0x00007a638c02a9c0 DEOPT PACKING pc=0x00007a63754d9763 sp=0x00007a63925141f0
Event: 0.301 Thread 0x00007a638c02a9c0 DEOPT UNPACKING pc=0x00007a637c98de2f sp=0x00007a6392513688 mode 0
Event: 0.301 Thread 0x00007a638c02a9c0 DEOPT PACKING pc=0x00007a63754d972a sp=0x00007a63925141f0
Event: 0.301 Thread 0x00007a638c02a9c0 DEOPT UNPACKING pc=0x00007a637c98de2f sp=0x00007a6392513688 mode 0
Event: 0.301 Thread 0x00007a638c02a9c0 DEOPT PACKING pc=0x00007a63754d96f1 sp=0x00007a63925141f0
Event: 0.301 Thread 0x00007a638c02a9c0 DEOPT UNPACKING pc=0x00007a637c98de2f sp=0x00007a6392513688 mode 0
Event: 0.302 Thread 0x00007a638c02a9c0 DEOPT PACKING pc=0x00007a63754d9763 sp=0x00007a63925141f0
Event: 0.302 Thread 0x00007a638c02a9c0 DEOPT UNPACKING pc=0x00007a637c98de2f sp=0x00007a6392513688 mode 0
Event: 0.302 Thread 0x00007a638c02a9c0 DEOPT PACKING pc=0x00007a63754d972a sp=0x00007a63925141f0
Event: 0.302 Thread 0x00007a638c02a9c0 DEOPT UNPACKING pc=0x00007a637c98de2f sp=0x00007a6392513688 mode 0
Event: 0.302 Thread 0x00007a638c02a9c0 DEOPT PACKING pc=0x00007a63754d96f1 sp=0x00007a63925141f0
Event: 0.302 Thread 0x00007a638c02a9c0 DEOPT UNPACKING pc=0x00007a637c98de2f sp=0x00007a6392513688 mode 0
Event: 0.302 Thread 0x00007a638c02a9c0 DEOPT PACKING pc=0x00007a63754d9763 sp=0x00007a63925141f0
Event: 0.302 Thread 0x00007a638c02a9c0 DEOPT UNPACKING pc=0x00007a637c98de2f sp=0x00007a6392513688 mode 0
Event: 0.302 Thread 0x00007a638c02a9c0 DEOPT PACKING pc=0x00007a63754d9763 sp=0x00007a63925141f0
Event: 0.302 Thread 0x00007a638c02a9c0 DEOPT UNPACKING pc=0x00007a637c98de2f sp=0x00007a6392513688 mode 0
Event: 0.302 Thread 0x00007a638c02a9c0 DEOPT PACKING pc=0x00007a63754d972a sp=0x00007a63925141f0
Event: 0.302 Thread 0x00007a638c02a9c0 DEOPT UNPACKING pc=0x00007a637c98de2f sp=0x00007a6392513688 mode 0
Event: 0.303 Thread 0x00007a638c02a9c0 DEOPT PACKING pc=0x00007a63754d96f1 sp=0x00007a63925141f0
Event: 0.303 Thread 0x00007a638c02a9c0 DEOPT UNPACKING pc=0x00007a637c98de2f sp=0x00007a6392513688 mode 0

Classes loaded (20 events):
Event: 0.242 Loading class jdk/internal/access/foreign/MemorySegmentProxy
Event: 0.242 Loading class jdk/internal/access/foreign/MemorySegmentProxy done
Event: 0.244 Loading class java/lang/NoSuchFieldError
Event: 0.244 Loading class java/lang/NoSuchFieldError done
Event: 0.246 Loading class java/nio/InvalidMarkException
Event: 0.246 Loading class java/nio/InvalidMarkException done
Event: 0.246 Loading class java/nio/BufferUnderflowException
Event: 0.246 Loading class java/nio/BufferUnderflowException done
Event: 0.260 Loading class jdk/internal/misc/ScopedMemoryAccess$Scope
Event: 0.261 Loading class jdk/internal/misc/ScopedMemoryAccess$Scope done
Event: 0.305 Loading class java/util/Formatter$FixedString
Event: 0.305 Loading class java/util/Formatter$FixedString done
Event: 0.327 Loading class jdk/internal/reflect/UnsafeQualifiedStaticIntegerFieldAccessorImpl
Event: 0.327 Loading class jdk/internal/reflect/UnsafeQualifiedStaticIntegerFieldAccessorImpl done
Event: 0.362 Loading class java/lang/NumberFormatException
Event: 0.362 Loading class java/lang/NumberFormatException done
Event: 0.363 Loading class java/io/UnsupportedEncodingException
Event: 0.363 Loading class java/io/UnsupportedEncodingException done
Event: 0.363 Loading class java/util/Scanner
Event: 0.364 Loading class java/util/Scanner done

Classes unloaded (0 events):
No events

Classes redefined (0 events):
No events

Internal exceptions (18 events):
Event: 0.034 Thread 0x00007a638c02a9c0 Exception <a 'java/lang/ClassNotFoundException'{0x000000062d03bd50}: sun/awt/resources/spi/awtProvider> (0x000000062d03bd50) 
thrown [src/hotspot/share/classfile/systemDictionary.cpp, line 256]
Event: 0.061 Thread 0x00007a638c02a9c0 Exception <a 'java/io/FileNotFoundException'{0x000000062d193440}> (0x000000062d193440) 
thrown [src/hotspot/share/prims/jni.cpp, line 516]
Event: 0.068 Thread 0x00007a638c02a9c0 Exception <a 'java/io/FileNotFoundException'{0x000000062d1c0138}> (0x000000062d1c0138) 
thrown [src/hotspot/share/prims/jni.cpp, line 516]
Event: 0.102 Thread 0x00007a638c02a9c0 Exception <a 'java/lang/NoSuchMethodError'{0x000000062d236e48}: 'java.lang.Object java.lang.invoke.DirectMethodHandle$Holder.invokeStaticInit(java.lang.Object)'> (0x000000062d236e48) 
thrown [src/hotspot/share/interpreter/linkResolver.cpp, line 759]
Event: 0.179 Thread 0x00007a638c02a9c0 Exception <a 'java/lang/NoSuchMethodError'{0x000000062cd11c80}: 'void java.lang.invoke.DirectMethodHandle$Holder.invokeStatic(java.lang.Object, java.lang.Object)'> (0x000000062cd11c80) 
thrown [src/hotspot/share/interpreter/linkResolver.cpp, line 759]
Event: 0.180 Thread 0x00007a638c02a9c0 Exception <a 'java/lang/NoSuchMethodError'{0x000000062cd16d00}: 'void java.lang.invoke.DirectMethodHandle$Holder.invokeSpecial(java.lang.Object, java.lang.Object, java.lang.Object)'> (0x000000062cd16d00) 
thrown [src/hotspot/share/interpreter/linkResolver.cpp, line 759]
Event: 0.181 Thread 0x00007a638c02a9c0 Exception <a 'java/lang/NoSuchMethodError'{0x000000062cd27d98}: 'java.lang.Object java.lang.invoke.DirectMethodHandle$Holder.invokeStatic(java.lang.Object, java.lang.Object, int)'> (0x000000062cd27d98) 
thrown [src/hotspot/share/interpreter/linkResolver.cpp, line 759]
Event: 0.182 Thread 0x00007a638c02a9c0 Exception <a 'java/lang/NoSuchMethodError'{0x000000062cd33020}: 'void java.lang.invoke.DelegatingMethodHandle$Holder.delegate(java.lang.Object, java.lang.Object, int, java.lang.Object)'> (0x000000062cd33020) 
thrown [src/hotspot/share/interpreter/linkResolver.cpp, line 759]
Event: 0.183 Thread 0x00007a638c02a9c0 Exception <a 'java/lang/NoSuchMethodError'{0x000000062cd37138}: 'int java.lang.invoke.DirectMethodHandle$Holder.invokeSpecial(java.lang.Object, java.lang.Object, java.lang.Object)'> (0x000000062cd37138) 
thrown [src/hotspot/share/interpreter/linkResolver.cpp, line 759]
Event: 0.203 Thread 0x00007a638c02a9c0 Exception <a 'sun/nio/fs/UnixException'{0x000000062ce51eb8}> (0x000000062ce51eb8) 
thrown [src/hotspot/share/prims/jni.cpp, line 516]
Event: 0.241 Thread 0x00007a638c02a9c0 Exception <a 'java/lang/NoSuchMethodError'{0x000000062cf14448}: 'int java.lang.invoke.DirectMethodHandle$Holder.invokeStaticInit(java.lang.Object, java.lang.Object, int, long)'> (0x000000062cf14448) 
thrown [src/hotspot/share/interpreter/linkResolver.cpp, line 759]
Event: 0.242 Thread 0x00007a638c02a9c0 Exception <a 'java/lang/NoSuchMethodError'{0x000000062cf19d10}: 'java.lang.Object java.lang.invoke.DirectMethodHandle$Holder.newInvokeSpecial(java.lang.Object, java.lang.Object, int)'> (0x000000062cf19d10) 
thrown [src/hotspot/share/interpreter/linkResolver.cpp, line 759]
Event: 0.244 Thread 0x00007a638c258020 Exception <a 'sun/nio/fs/UnixException'{0x000000062cd94430}> (0x000000062cd94430) 
thrown [src/hotspot/share/prims/jni.cpp, line 516]
Event: 0.244 Thread 0x00007a638c02a9c0 Exception <a 'java/lang/NoSuchMethodError'{0x000000062cf284b8}: 'int java.lang.invoke.DirectMethodHandle$Holder.invokeStaticInit(java.lang.Object, java.lang.Object, long, long)'> (0x000000062cf284b8) 
thrown [src/hotspot/share/interpreter/linkResolver.cpp, line 759]
Event: 0.244 Thread 0x00007a638c02a9c0 Exception <a 'java/lang/NoSuchMethodError'{0x000000062cf2e148}: 'java.lang.Object java.lang.invoke.DirectMethodHandle$Holder.newInvokeSpecial(java.lang.Object, java.lang.Object, long)'> (0x000000062cf2e148) 
thrown [src/hotspot/share/interpreter/linkResolver.cpp, line 759]
Event: 0.245 Thread 0x00007a638c02a9c0 Exception <a 'java/lang/NoSuchMethodError'{0x000000062cf31a10}: 'java.lang.Object java.lang.invoke.Invokers$Holder.linkToTargetMethod(java.lang.Object, long, java.lang.Object)'> (0x000000062cf31a10) 
thrown [src/hotspot/share/interpreter/linkResolver.cpp, line 759]
Event: 0.245 Thread 0x00007a638c02a9c0 Exception <a 'java/lang/NoSuchMethodError'{0x000000062cf38ee0}: 'int java.lang.invoke.DirectMethodHandle$Holder.invokeStaticInit(java.lang.Object, java.lang.Object, java.lang.Object, long)'> (0x000000062cf38ee0) 
thrown [src/hotspot/share/interpreter/linkResolver.cpp, line 759]
Event: 0.261 Thread 0x00007a638c02a9c0 Exception <a 'sun/nio/fs/UnixException'{0x000000062cf81430}> (0x000000062cf81430) 
thrown [src/hotspot/share/prims/jni.cpp, line 516]

VM Operations (2 events):
Event: 0.110 Executing VM operation: HandshakeAllThreads
Event: 0.110 Executing VM operation: HandshakeAllThreads done

Memory protections (14 events):
Event: 0.001 Protecting memory [0x00007a6392417000,0x00007a639241b000] with protection modes 0
Event: 0.017 Protecting memory [0x00007a6352fff000,0x00007a6353003000] with protection modes 0
Event: 0.017 Protecting memory [0x00007a6352eff000,0x00007a6352f03000] with protection modes 0
Event: 0.019 Protecting memory [0x00007a6352dff000,0x00007a6352e03000] with protection modes 0
Event: 0.019 Protecting memory [0x00007a6352700000,0x00007a6352704000] with protection modes 0
Event: 0.019 Protecting memory [0x00007a6352600000,0x00007a6352604000] with protection modes 0
Event: 0.020 Protecting memory [0x00007a6352500000,0x00007a6352504000] with protection modes 0
Event: 0.020 Protecting memory [0x00007a6352400000,0x00007a6352404000] with protection modes 0
Event: 0.020 Protecting memory [0x00007a6352300000,0x00007a6352304000] with protection modes 0
Event: 0.023 Protecting memory [0x00007a6352200000,0x00007a6352204000] with protection modes 0
Event: 0.025 Protecting memory [0x00007a6351fff000,0x00007a6352003000] with protection modes 0
Event: 0.085 Protecting memory [0x00007a6351b00000,0x00007a6351b04000] with protection modes 0
Event: 0.103 Protecting memory [0x00007a6351700000,0x00007a6351704000] with protection modes 0
Event: 0.157 Protecting memory [0x00007a6351300000,0x00007a6351304000] with protection modes 0

Nmethod flushes (0 events):
No events

Events (14 events):
Event: 0.015 Thread 0x00007a638c02a9c0 Thread added: 0x00007a638c02a9c0
Event: 0.017 Thread 0x00007a638c02a9c0 Thread added: 0x00007a638c15c010
Event: 0.017 Thread 0x00007a638c02a9c0 Thread added: 0x00007a638c15d3f0
Event: 0.019 Thread 0x00007a638c02a9c0 Thread added: 0x00007a638c162980
Event: 0.019 Thread 0x00007a638c02a9c0 Thread added: 0x00007a638c163d30
Event: 0.019 Thread 0x00007a638c02a9c0 Thread added: 0x00007a638c165140
Event: 0.020 Thread 0x00007a638c02a9c0 Thread added: 0x00007a638c166af0
Event: 0.020 Thread 0x00007a638c02a9c0 Thread added: 0x00007a638c168020
Event: 0.020 Thread 0x00007a638c02a9c0 Thread added: 0x00007a638c171480
Event: 0.023 Thread 0x00007a638c02a9c0 Thread added: 0x00007a638c178f80
Event: 0.025 Thread 0x00007a638c02a9c0 Thread added: 0x00007a638c17c710
Event: 0.085 Thread 0x00007a638c168020 Thread added: 0x00007a62e4142660
Event: 0.103 Thread 0x00007a638c02a9c0 Thread added: 0x00007a638c237d80
Event: 0.157 Thread 0x00007a638c02a9c0 Thread added: 0x00007a638c258020


Dynamic libraries:
60e000000-62d400000 rw-p 00000000 00:00 0 
62d400000-7ff800000 ---p 00000000 00:00 0 
7ff800000-7ffb00000 rw-p 00000000 00:00 0 
7ffb00000-7ffb75000 rw-p 00c7a000 103:05 15074430                        /usr/lib/jvm/java-17-amazon-corretto/lib/server/classes.jsa
7ffb75000-7ffc00000 rw-p 00000000 00:00 0 
7ffc00000-7ffc78000 rw-p 00c02000 103:05 15074430                        /usr/lib/jvm/java-17-amazon-corretto/lib/server/classes.jsa
7ffc78000-800000000 rw-p 00000000 00:00 0 
5d8249800000-5d8249801000 r-xp 00000000 103:05 15077193                  /usr/lib/jvm/java-17-amazon-corretto/bin/java
5d8249a01000-5d8249a02000 r--p 00001000 103:05 15077193                  /usr/lib/jvm/java-17-amazon-corretto/bin/java
5d8249a02000-5d8249a03000 rw-p 00002000 103:05 15077193                  /usr/lib/jvm/java-17-amazon-corretto/bin/java
5d826bde1000-5d826be29000 rw-p 00000000 00:00 0                          [heap]
7a62c0000000-7a62c019b000 rw-p 00000000 00:00 0 
7a62c019b000-7a62c4000000 ---p 00000000 00:00 0 
7a62c8000000-7a62c807b000 rw-p 00000000 00:00 0 
7a62c807b000-7a62cc000000 ---p 00000000 00:00 0 
7a62cc000000-7a62cc021000 rw-p 00000000 00:00 0 
7a62cc021000-7a62d0000000 ---p 00000000 00:00 0 
7a62d0000000-7a62d0021000 rw-p 00000000 00:00 0 
7a62d0021000-7a62d4000000 ---p 00000000 00:00 0 
7a62d4000000-7a62d4021000 rw-p 00000000 00:00 0 
7a62d4021000-7a62d8000000 ---p 00000000 00:00 0 
7a62d8000000-7a62d8021000 rw-p 00000000 00:00 0 
7a62d8021000-7a62dc000000 ---p 00000000 00:00 0 
7a62dc000000-7a62dc021000 rw-p 00000000 00:00 0 
7a62dc021000-7a62e0000000 ---p 00000000 00:00 0 
7a62e0000000-7a62e01de000 rw-p 00000000 00:00 0 
7a62e01de000-7a62e4000000 ---p 00000000 00:00 0 
7a62e4000000-7a62e4219000 rw-p 00000000 00:00 0 
7a62e4219000-7a62e8000000 ---p 00000000 00:00 0 
7a62e8000000-7a62e8021000 rw-p 00000000 00:00 0 
7a62e8021000-7a62ec000000 ---p 00000000 00:00 0 
7a62ec000000-7a62ec021000 rw-p 00000000 00:00 0 
7a62ec021000-7a62f0000000 ---p 00000000 00:00 0 
7a62f0000000-7a62f0021000 rw-p 00000000 00:00 0 
7a62f0021000-7a62f4000000 ---p 00000000 00:00 0 
7a62f4000000-7a62f4021000 rw-p 00000000 00:00 0 
7a62f4021000-7a62f8000000 ---p 00000000 00:00 0 
7a62f8000000-7a62f8021000 rw-p 00000000 00:00 0 
7a62f8021000-7a62fc000000 ---p 00000000 00:00 0 
7a62fddc3000-7a62fde93000 rw-s 00000000 00:01 178289                     /memfd:wayland-cursor (deleted)
7a62fdf84000-7a62fdf8b000 r--p 00000000 103:05 14971447                  /usr/lib/x86_64-linux-gnu/libblkid.so.1.1.0
7a62fdf8b000-7a62fdfaf000 r-xp 00007000 103:05 14971447                  /usr/lib/x86_64-linux-gnu/libblkid.so.1.1.0
7a62fdfaf000-7a62fdfb8000 r--p 0002b000 103:05 14971447                  /usr/lib/x86_64-linux-gnu/libblkid.so.1.1.0
7a62fdfb8000-7a62fdfbe000 r--p 00033000 103:05 14971447                  /usr/lib/x86_64-linux-gnu/libblkid.so.1.1.0
7a62fdfbe000-7a62fdfbf000 rw-p 00039000 103:05 14971447                  /usr/lib/x86_64-linux-gnu/libblkid.so.1.1.0
7a62fe0ea000-7a62fe0f0000 r--p 00000000 103:05 14942867                  /usr/lib/x86_64-linux-gnu/libselinux.so.1
7a62fe0f0000-7a62fe10d000 r-xp 00006000 103:05 14942867                  /usr/lib/x86_64-linux-gnu/libselinux.so.1
7a62fe10d000-7a62fe113000 r--p 00023000 103:05 14942867                  /usr/lib/x86_64-linux-gnu/libselinux.so.1
7a62fe113000-7a62fe114000 r--p 00029000 103:05 14942867                  /usr/lib/x86_64-linux-gnu/libselinux.so.1
7a62fe114000-7a62fe115000 rw-p 0002a000 103:05 14942867                  /usr/lib/x86_64-linux-gnu/libselinux.so.1
7a62fe115000-7a62fe117000 rw-p 00000000 00:00 0 
7a62fe117000-7a62fe120000 r--p 00000000 103:05 14970096                  /usr/lib/x86_64-linux-gnu/libmount.so.1.1.0
7a62fe120000-7a62fe154000 r-xp 00009000 103:05 14970096                  /usr/lib/x86_64-linux-gnu/libmount.so.1.1.0
7a62fe154000-7a62fe161000 r--p 0003d000 103:05 14970096                  /usr/lib/x86_64-linux-gnu/libmount.so.1.1.0
7a62fe161000-7a62fe163000 r--p 00049000 103:05 14970096                  /usr/lib/x86_64-linux-gnu/libmount.so.1.1.0
7a62fe163000-7a62fe164000 rw-p 0004b000 103:05 14970096                  /usr/lib/x86_64-linux-gnu/libmount.so.1.1.0
7a62fe366000-7a62fe368000 r--p 00000000 103:05 14942599                  /usr/lib/x86_64-linux-gnu/libpcre2-8.so.0.11.2
7a62fe368000-7a62fe3d6000 r-xp 00002000 103:05 14942599                  /usr/lib/x86_64-linux-gnu/libpcre2-8.so.0.11.2
7a62fe3d6000-7a62fe3fe000 r--p 00070000 103:05 14942599                  /usr/lib/x86_64-linux-gnu/libpcre2-8.so.0.11.2
7a62fe3fe000-7a62fe3ff000 r--p 00097000 103:05 14942599                  /usr/lib/x86_64-linux-gnu/libpcre2-8.so.0.11.2
7a62fe3ff000-7a62fe400000 rw-p 00098000 103:05 14942599                  /usr/lib/x86_64-linux-gnu/libpcre2-8.so.0.11.2
7a62fe630000-7a62fe669000 r--p 00000000 103:05 14942577                  /usr/lib/x86_64-linux-gnu/libgio-2.0.so.0.8000.0
7a62fe669000-7a62fe780000 r-xp 00039000 103:05 14942577                  /usr/lib/x86_64-linux-gnu/libgio-2.0.so.0.8000.0
7a62fe780000-7a62fe7f5000 r--p 00150000 103:05 14942577                  /usr/lib/x86_64-linux-gnu/libgio-2.0.so.0.8000.0
7a62fe7f5000-7a62fe7fd000 r--p 001c4000 103:05 14942577                  /usr/lib/x86_64-linux-gnu/libgio-2.0.so.0.8000.0
7a62fe7fd000-7a62fe7fe000 rw-p 001cc000 103:05 14942577                  /usr/lib/x86_64-linux-gnu/libgio-2.0.so.0.8000.0
7a62fe7fe000-7a62fe800000 rw-p 00000000 00:00 0 
7a62ff000000-7a62ff2d0000 rw-p 00000000 00:00 0 
7a62ff2d0000-7a62ff400000 ---p 00000000 00:00 0 
7a62ff400000-7a62ff540000 rw-p 00000000 00:00 0 
7a62ff540000-7a6303000000 ---p 00000000 00:00 0 
7a6303000000-7a6303bca000 rw-p 00001000 103:05 15074430                  /usr/lib/jvm/java-17-amazon-corretto/lib/server/classes.jsa
7a6303bca000-7a6304000000 ---p 00000000 00:00 0 
7a6304000000-7a6304030000 rw-p 00000000 00:00 0 
7a6304030000-7a6304080000 rw-p 00000000 00:00 0 
7a6304080000-7a6344000000 ---p 00000000 00:00 0 
7a6344000000-7a6344021000 rw-p 00000000 00:00 0 
7a6344021000-7a6348000000 ---p 00000000 00:00 0 
7a6348000000-7a6348021000 rw-p 00000000 00:00 0 
7a6348021000-7a634c000000 ---p 00000000 00:00 0 
7a634c000000-7a634c021000 rw-p 00000000 00:00 0 
7a634c021000-7a6350000000 ---p 00000000 00:00 0 
7a63501b8000-7a63502b7000 rw-s 00000000 00:01 177496                     /memfd:wayland-cursor (deleted)
7a63502b7000-7a63502d5000 r--p 00000000 103:05 14942585                  /usr/lib/x86_64-linux-gnu/libglib-2.0.so.0.8000.0
7a63502d5000-7a6350375000 r-xp 0001e000 103:05 14942585                  /usr/lib/x86_64-linux-gnu/libglib-2.0.so.0.8000.0
7a6350375000-7a63503fd000 r--p 000be000 103:05 14942585                  /usr/lib/x86_64-linux-gnu/libglib-2.0.so.0.8000.0
7a63503fd000-7a63503fe000 r--p 00146000 103:05 14942585                  /usr/lib/x86_64-linux-gnu/libglib-2.0.so.0.8000.0
7a63503fe000-7a63503ff000 rw-p 00147000 103:05 14942585                  /usr/lib/x86_64-linux-gnu/libglib-2.0.so.0.8000.0
7a63503ff000-7a6350400000 rw-p 00000000 00:00 0 
7a6350400000-7a6350407000 r-xp 00000000 103:05 15074263                  /usr/lib/jvm/java-17-amazon-corretto/lib/libzip.so
7a6350407000-7a6350607000 ---p 00007000 103:05 15074263                  /usr/lib/jvm/java-17-amazon-corretto/lib/libzip.so
7a6350607000-7a6350608000 r--p 00007000 103:05 15074263                  /usr/lib/jvm/java-17-amazon-corretto/lib/libzip.so
7a6350608000-7a6350609000 rw-p 00000000 00:00 0 
7a6350701000-7a6350800000 rw-s 00000000 00:01 178290                     /memfd:wayland-cursor (deleted)
7a6350800000-7a63508af000 r-xp 00000000 103:05 15074436                  /usr/lib/jvm/java-17-amazon-corretto/lib/libfreetype.so
7a63508af000-7a6350aaf000 ---p 000af000 103:05 15074436                  /usr/lib/jvm/java-17-amazon-corretto/lib/libfreetype.so
7a6350aaf000-7a6350ab5000 r--p 000af000 103:05 15074436                  /usr/lib/jvm/java-17-amazon-corretto/lib/libfreetype.so
7a6350ab5000-7a6350ab6000 rw-p 00000000 00:00 0 
7a6350b30000-7a6350c00000 rw-s 00000000 00:01 177495                     /memfd:wayland-cursor (deleted)
7a6350c00000-7a6350da7000 r-xp 00000000 103:05 15074435                  /usr/lib/jvm/java-17-amazon-corretto/lib/libfontmanager.so
7a6350da7000-7a6350fa6000 ---p 001a7000 103:05 15074435                  /usr/lib/jvm/java-17-amazon-corretto/lib/libfontmanager.so
7a6350fa6000-7a6350fa8000 r--p 001a6000 103:05 15074435                  /usr/lib/jvm/java-17-amazon-corretto/lib/libfontmanager.so
7a6350fa8000-7a6350fa9000 rw-p 001a8000 103:05 15074435                  /usr/lib/jvm/java-17-amazon-corretto/lib/libfontmanager.so
7a6350fa9000-7a6350faa000 rw-p 00000000 00:00 0 
7a6351000000-7a635106e000 r-xp 00000000 103:05 15074434                  /usr/lib/jvm/java-17-amazon-corretto/lib/libawt_xawt.so
7a635106e000-7a635126e000 ---p 0006e000 103:05 15074434                  /usr/lib/jvm/java-17-amazon-corretto/lib/libawt_xawt.so
7a635126e000-7a6351273000 r--p 0006e000 103:05 15074434                  /usr/lib/jvm/java-17-amazon-corretto/lib/libawt_xawt.so
7a6351273000-7a6351275000 rw-p 00073000 103:05 15074434                  /usr/lib/jvm/java-17-amazon-corretto/lib/libawt_xawt.so
7a6351275000-7a6351277000 rw-p 00000000 00:00 0 
7a635129d000-7a63512ac000 r--p 00000000 103:05 14942608                  /usr/lib/x86_64-linux-gnu/libgobject-2.0.so.0.8000.0
7a63512ac000-7a63512e3000 r-xp 0000f000 103:05 14942608                  /usr/lib/x86_64-linux-gnu/libgobject-2.0.so.0.8000.0
7a63512e3000-7a63512fc000 r--p 00046000 103:05 14942608                  /usr/lib/x86_64-linux-gnu/libgobject-2.0.so.0.8000.0
7a63512fc000-7a63512ff000 r--p 0005e000 103:05 14942608                  /usr/lib/x86_64-linux-gnu/libgobject-2.0.so.0.8000.0
7a63512ff000-7a6351300000 rw-p 00061000 103:05 14942608                  /usr/lib/x86_64-linux-gnu/libgobject-2.0.so.0.8000.0
7a6351300000-7a6351304000 ---p 00000000 00:00 0 
7a6351304000-7a6351400000 rw-p 00000000 00:00 0 
7a6351400000-7a63514bc000 r-xp 00000000 103:05 15074432                  /usr/lib/jvm/java-17-amazon-corretto/lib/libawt.so
7a63514bc000-7a63516bc000 ---p 000bc000 103:05 15074432                  /usr/lib/jvm/java-17-amazon-corretto/lib/libawt.so
7a63516bc000-7a63516bd000 r--p 000bc000 103:05 15074432                  /usr/lib/jvm/java-17-amazon-corretto/lib/libawt.so
7a63516bd000-7a63516c8000 rw-p 000bd000 103:05 15074432                  /usr/lib/jvm/java-17-amazon-corretto/lib/libawt.so
7a63516c8000-7a63516ed000 rw-p 00000000 00:00 0 
7a6351700000-7a6351704000 ---p 00000000 00:00 0 
7a6351704000-7a6351800000 rw-p 00000000 00:00 0 
7a6351800000-7a6351815000 r-xp 00000000 103:05 15074260                  /usr/lib/jvm/java-17-amazon-corretto/lib/libnet.so
7a6351815000-7a6351a14000 ---p 00015000 103:05 15074260                  /usr/lib/jvm/java-17-amazon-corretto/lib/libnet.so
7a6351a14000-7a6351a15000 r--p 00014000 103:05 15074260                  /usr/lib/jvm/java-17-amazon-corretto/lib/libnet.so
7a6351a15000-7a6351a16000 rw-p 00015000 103:05 15074260                  /usr/lib/jvm/java-17-amazon-corretto/lib/libnet.so
7a6351a71000-7a6351a79000 r--p 00000000 103:05 3014741                   /tmp/lwjgl_cookiebot/3.3.4+7/x64/liblwjgl_stb.so
7a6351a79000-7a6351af0000 r-xp 00008000 103:05 3014741                   /tmp/lwjgl_cookiebot/3.3.4+7/x64/liblwjgl_stb.so
7a6351af0000-7a6351afe000 r--p 0007f000 103:05 3014741                   /tmp/lwjgl_cookiebot/3.3.4+7/x64/liblwjgl_stb.so
7a6351afe000-7a6351aff000 r--p 0008c000 103:05 3014741                   /tmp/lwjgl_cookiebot/3.3.4+7/x64/liblwjgl_stb.so
7a6351aff000-7a6351b00000 rw-p 0008d000 103:05 3014741                   /tmp/lwjgl_cookiebot/3.3.4+7/x64/liblwjgl_stb.so
7a6351b00000-7a6351b04000 ---p 00000000 00:00 0 
7a6351b04000-7a6351c00000 rw-p 00000000 00:00 0 
7a6351c00000-7a6351c12000 r-xp 00000000 103:05 15074261                  /usr/lib/jvm/java-17-amazon-corretto/lib/libnio.so
7a6351c12000-7a6351e12000 ---p 00012000 103:05 15074261                  /usr/lib/jvm/java-17-amazon-corretto/lib/libnio.so
7a6351e12000-7a6351e13000 r--p 00012000 103:05 15074261                  /usr/lib/jvm/java-17-amazon-corretto/lib/libnio.so
7a6351e13000-7a6351e14000 rw-p 00013000 103:05 15074261                  /usr/lib/jvm/java-17-amazon-corretto/lib/libnio.so
7a6351e33000-7a6351e42000 r--p 00000000 103:05 3014739                   /tmp/lwjgl_cookiebot/3.3.4+7/x64/libglfw.so
7a6351e42000-7a6351e63000 r-xp 0000f000 103:05 3014739                   /tmp/lwjgl_cookiebot/3.3.4+7/x64/libglfw.so
7a6351e63000-7a6351e97000 r--p 00030000 103:05 3014739                   /tmp/lwjgl_cookiebot/3.3.4+7/x64/libglfw.so
7a6351e97000-7a6351e98000 ---p 00064000 103:05 3014739                   /tmp/lwjgl_cookiebot/3.3.4+7/x64/libglfw.so
7a6351e98000-7a6351e9c000 r--p 00064000 103:05 3014739                   /tmp/lwjgl_cookiebot/3.3.4+7/x64/libglfw.so
7a6351e9c000-7a6351e9f000 rw-p 00068000 103:05 3014739                   /tmp/lwjgl_cookiebot/3.3.4+7/x64/libglfw.so
7a6351e9f000-7a6351ec2000 rw-p 00000000 00:00 0 
7a6351ec2000-7a6351edb000 r--p 00000000 103:05 14950133                  /usr/lib/x86_64-linux-gnu/libX11.so.6.4.0
7a6351edb000-7a6351f6b000 r-xp 00019000 103:05 14950133                  /usr/lib/x86_64-linux-gnu/libX11.so.6.4.0
7a6351f6b000-7a6351ffa000 r--p 000a9000 103:05 14950133                  /usr/lib/x86_64-linux-gnu/libX11.so.6.4.0
7a6351ffa000-7a6351ffb000 r--p 00138000 103:05 14950133                  /usr/lib/x86_64-linux-gnu/libX11.so.6.4.0
7a6351ffb000-7a6351fff000 rw-p 00139000 103:05 14950133                  /usr/lib/x86_64-linux-gnu/libX11.so.6.4.0
7a6351fff000-7a6352003000 ---p 00000000 00:00 0 
7a6352003000-7a63520ff000 rw-p 00000000 00:00 0 
7a63520ff000-7a6352100000 ---p 00000000 00:00 0 
7a6352100000-7a6352200000 rw-p 00000000 00:00 0 
7a6352200000-7a6352204000 ---p 00000000 00:00 0 
7a6352204000-7a6352300000 rw-p 00000000 00:00 0 
7a6352300000-7a6352304000 ---p 00000000 00:00 0 
7a6352304000-7a6352400000 rw-p 00000000 00:00 0 
7a6352400000-7a6352404000 ---p 00000000 00:00 0 
7a6352404000-7a6352500000 rw-p 00000000 00:00 0 
7a6352500000-7a6352504000 ---p 00000000 00:00 0 
7a6352504000-7a6352600000 rw-p 00000000 00:00 0 
7a6352600000-7a6352604000 ---p 00000000 00:00 0 
7a6352604000-7a6352700000 rw-p 00000000 00:00 0 
7a6352700000-7a6352704000 ---p 00000000 00:00 0 
7a6352704000-7a6352800000 rw-p 00000000 00:00 0 
7a6352800000-7a6352d75000 r--p 00000000 103:05 14942597                  /usr/lib/locale/locale-archive
7a6352d78000-7a6352d7d000 r--p 00000000 103:05 14942481                  /usr/lib/x86_64-linux-gnu/libpng16.so.16.43.0
7a6352d7d000-7a6352da5000 r-xp 00005000 103:05 14942481                  /usr/lib/x86_64-linux-gnu/libpng16.so.16.43.0
7a6352da5000-7a6352dae000 r--p 0002d000 103:05 14942481                  /usr/lib/x86_64-linux-gnu/libpng16.so.16.43.0
7a6352dae000-7a6352daf000 r--p 00035000 103:05 14942481                  /usr/lib/x86_64-linux-gnu/libpng16.so.16.43.0
7a6352daf000-7a6352db0000 rw-p 00036000 103:05 14942481                  /usr/lib/x86_64-linux-gnu/libpng16.so.16.43.0
7a6352dff000-7a6352e03000 ---p 00000000 00:00 0 
7a6352e03000-7a6352eff000 rw-p 00000000 00:00 0 
7a6352eff000-7a6352f03000 ---p 00000000 00:00 0 
7a6352f03000-7a6352fff000 rw-p 00000000 00:00 0 
7a6352fff000-7a6353003000 ---p 00000000 00:00 0 
7a6353003000-7a63530ff000 rw-p 00000000 00:00 0 
7a63530ff000-7a6353100000 ---p 00000000 00:00 0 
7a6353100000-7a6353200000 rw-p 00000000 00:00 0 
7a6353200000-7a63532ce000 r-xp 00000000 103:05 15074832                  /usr/lib/jvm/java-17-amazon-corretto/lib/libjsvml.so
7a63532ce000-7a63534cd000 ---p 000ce000 103:05 15074832                  /usr/lib/jvm/java-17-amazon-corretto/lib/libjsvml.so
7a63534cd000-7a63534ce000 r--p 000cd000 103:05 15074832                  /usr/lib/jvm/java-17-amazon-corretto/lib/libjsvml.so
7a63534ce000-7a63534cf000 rw-p 000ce000 103:05 15074832                  /usr/lib/jvm/java-17-amazon-corretto/lib/libjsvml.so
7a63534f5000-7a63534f6000 ---p 00000000 00:00 0 
7a63534f6000-7a63535f6000 rw-p 00000000 00:00 0 
7a63535f6000-7a63535f7000 ---p 00000000 00:00 0 
7a63535f7000-7a63536f7000 rw-p 00000000 00:00 0 
7a63536f7000-7a6354021000 rw-p 00000000 00:00 0 
7a6354021000-7a6358000000 ---p 00000000 00:00 0 
7a6358000000-7a6358021000 rw-p 00000000 00:00 0 
7a6358021000-7a635c000000 ---p 00000000 00:00 0 
7a635c000000-7a635c021000 rw-p 00000000 00:00 0 
7a635c021000-7a6360000000 ---p 00000000 00:00 0 
7a6360006000-7a6360008000 r--p 00000000 103:05 14942607                  /usr/lib/x86_64-linux-gnu/libgmodule-2.0.so.0.8000.0
7a6360008000-7a636000a000 r-xp 00002000 103:05 14942607                  /usr/lib/x86_64-linux-gnu/libgmodule-2.0.so.0.8000.0
7a636000a000-7a636000b000 r--p 00004000 103:05 14942607                  /usr/lib/x86_64-linux-gnu/libgmodule-2.0.so.0.8000.0
7a636000b000-7a636000c000 r--p 00004000 103:05 14942607                  /usr/lib/x86_64-linux-gnu/libgmodule-2.0.so.0.8000.0
7a636000c000-7a636000d000 rw-p 00005000 103:05 14942607                  /usr/lib/x86_64-linux-gnu/libgmodule-2.0.so.0.8000.0
7a6360024000-7a6360028000 r--p 00000000 103:05 14951002                  /usr/lib/x86_64-linux-gnu/libdecor-0.so.0.200.2
7a6360028000-7a636002b000 r-xp 00004000 103:05 14951002                  /usr/lib/x86_64-linux-gnu/libdecor-0.so.0.200.2
7a636002b000-7a636002d000 r--p 00007000 103:05 14951002                  /usr/lib/x86_64-linux-gnu/libdecor-0.so.0.200.2
7a636002d000-7a636002e000 r--p 00008000 103:05 14951002                  /usr/lib/x86_64-linux-gnu/libdecor-0.so.0.200.2
7a636002e000-7a636002f000 rw-p 00009000 103:05 14951002                  /usr/lib/x86_64-linux-gnu/libdecor-0.so.0.200.2
7a636002f000-7a6360034000 r--p 00000000 103:05 14971451                  /usr/lib/x86_64-linux-gnu/libxkbcommon.so.0.0.0
7a6360034000-7a6360054000 r-xp 00005000 103:05 14971451                  /usr/lib/x86_64-linux-gnu/libxkbcommon.so.0.0.0
7a6360054000-7a6360075000 r--p 00025000 103:05 14971451                  /usr/lib/x86_64-linux-gnu/libxkbcommon.so.0.0.0
7a6360075000-7a6360077000 r--p 00045000 103:05 14971451                  /usr/lib/x86_64-linux-gnu/libxkbcommon.so.0.0.0
7a6360077000-7a6360078000 rw-p 00047000 103:05 14971451                  /usr/lib/x86_64-linux-gnu/libxkbcommon.so.0.0.0
7a6360078000-7a636007d000 r--p 00000000 103:05 14942239                  /usr/lib/x86_64-linux-gnu/libwayland-client.so.0.22.0
7a636007d000-7a6360083000 r-xp 00005000 103:05 14942239                  /usr/lib/x86_64-linux-gnu/libwayland-client.so.0.22.0
7a6360083000-7a6360085000 r--p 0000b000 103:05 14942239                  /usr/lib/x86_64-linux-gnu/libwayland-client.so.0.22.0
7a6360085000-7a6360087000 r--p 0000d000 103:05 14942239                  /usr/lib/x86_64-linux-gnu/libwayland-client.so.0.22.0
7a6360087000-7a6360088000 rw-p 0000f000 103:05 14942239                  /usr/lib/x86_64-linux-gnu/libwayland-client.so.0.22.0
7a6360088000-7a63600b2000 r--p 00000000 103:05 3014738                   /tmp/lwjgl_cookiebot/3.3.4+7/x64/liblwjgl.so
7a63600b2000-7a63600e4000 r-xp 0002a000 103:05 3014738                   /tmp/lwjgl_cookiebot/3.3.4+7/x64/liblwjgl.so
7a63600e4000-7a63600fd000 r--p 0005c000 103:05 3014738                   /tmp/lwjgl_cookiebot/3.3.4+7/x64/liblwjgl.so
7a63600fd000-7a63600fe000 r--p 00074000 103:05 3014738                   /tmp/lwjgl_cookiebot/3.3.4+7/x64/liblwjgl.so
7a63600fe000-7a63600ff000 rw-p 00075000 103:05 3014738                   /tmp/lwjgl_cookiebot/3.3.4+7/x64/liblwjgl.so
7a63600ff000-7a6362200000 rw-p 00000000 00:00 0 
7a6362204000-7a6362206000 r--p 00000000 103:05 14964482                  /usr/lib/x86_64-linux-gnu/libwayland-cursor.so.0.22.0
7a6362206000-7a6362208000 r-xp 00002000 103:05 14964482                  /usr/lib/x86_64-linux-gnu/libwayland-cursor.so.0.22.0
7a6362208000-7a6362209000 r--p 00004000 103:05 14964482                  /usr/lib/x86_64-linux-gnu/libwayland-cursor.so.0.22.0
7a6362209000-7a636220a000 r--p 00004000 103:05 14964482                  /usr/lib/x86_64-linux-gnu/libwayland-cursor.so.0.22.0
7a636220a000-7a636220e000 rw-p 00005000 103:05 14964482                  /usr/lib/x86_64-linux-gnu/libwayland-cursor.so.0.22.0
7a636220e000-7a6362210000 r--p 00000000 103:05 14943111                  /usr/lib/x86_64-linux-gnu/libmd.so.0.1.0
7a6362210000-7a6362219000 r-xp 00002000 103:05 14943111                  /usr/lib/x86_64-linux-gnu/libmd.so.0.1.0
7a6362219000-7a636221b000 r--p 0000b000 103:05 14943111                  /usr/lib/x86_64-linux-gnu/libmd.so.0.1.0
7a636221b000-7a636221c000 r--p 0000c000 103:05 14943111                  /usr/lib/x86_64-linux-gnu/libmd.so.0.1.0
7a636221c000-7a636221d000 rw-p 0000d000 103:05 14943111                  /usr/lib/x86_64-linux-gnu/libmd.so.0.1.0
7a636221d000-7a6362228000 r--p 00000000 103:05 14943322                  /usr/lib/x86_64-linux-gnu/libxcb.so.1.1.0
7a6362228000-7a636223b000 r-xp 0000b000 103:05 14943322                  /usr/lib/x86_64-linux-gnu/libxcb.so.1.1.0
7a636223b000-7a6362244000 r--p 0001e000 103:05 14943322                  /usr/lib/x86_64-linux-gnu/libxcb.so.1.1.0
7a6362244000-7a6362245000 r--p 00026000 103:05 14943322                  /usr/lib/x86_64-linux-gnu/libxcb.so.1.1.0
7a6362245000-7a6362246000 rw-p 00027000 103:05 14943322                  /usr/lib/x86_64-linux-gnu/libxcb.so.1.1.0
7a6362246000-7a6362247000 ---p 00000000 00:00 0 
7a6362247000-7a6362347000 rw-p 00000000 00:00 0 
7a6362347000-7a6362348000 ---p 00000000 00:00 0 
7a6362348000-7a6362448000 rw-p 00000000 00:00 0 
7a6362448000-7a6362449000 ---p 00000000 00:00 0 
7a6362449000-7a6362549000 rw-p 00000000 00:00 0 
7a6362549000-7a6362d19000 rw-p 00000000 00:00 0 
7a6362d19000-7a636a1a9000 ---p 00000000 00:00 0 
7a636a1a9000-7a636a999000 rw-p 00000000 00:00 0 
7a636a999000-7a6371e29000 ---p 00000000 00:00 0 
7a6371e29000-7a6371f43000 rw-p 00000000 00:00 0 
7a6371f43000-7a6372dd5000 ---p 00000000 00:00 0 
7a6372dd5000-7a6372ed3000 rw-p 00000000 00:00 0 
7a6372ed3000-7a6373d65000 ---p 00000000 00:00 0 
7a6373d65000-7a6373e63000 rw-p 00000000 00:00 0 
7a6373e63000-7a6374cf5000 ---p 00000000 00:00 0 
7a6374cf5000-7a6375400000 rw-p 00000000 00:00 0 
7a6375400000-7a6375670000 rwxp 00000000 00:00 0 
7a6375670000-7a637c937000 ---p 00000000 00:00 0 
7a637c937000-7a637cba7000 rwxp 00000000 00:00 0 
7a637cba7000-7a637cec9000 ---p 00000000 00:00 0 
7a637cec9000-7a637d139000 rwxp 00000000 00:00 0 
7a637d139000-7a6384400000 ---p 00000000 00:00 0 
7a6384400000-7a638bff3000 r--s 00000000 103:05 15074230                  /usr/lib/jvm/java-17-amazon-corretto/lib/modules
7a638bff4000-7a638bff6000 r--p 00000000 103:05 14942351                  /usr/lib/x86_64-linux-gnu/libffi.so.8.1.4
7a638bff6000-7a638bffd000 r-xp 00002000 103:05 14942351                  /usr/lib/x86_64-linux-gnu/libffi.so.8.1.4
7a638bffd000-7a638bffe000 r--p 00009000 103:05 14942351                  /usr/lib/x86_64-linux-gnu/libffi.so.8.1.4
7a638bffe000-7a638bfff000 r--p 0000a000 103:05 14942351                  /usr/lib/x86_64-linux-gnu/libffi.so.8.1.4
7a638bfff000-7a638c000000 rw-p 0000b000 103:05 14942351                  /usr/lib/x86_64-linux-gnu/libffi.so.8.1.4
7a638c000000-7a638c496000 rw-p 00000000 00:00 0 
7a638c496000-7a6390000000 ---p 00000000 00:00 0 
7a6390005000-7a6390009000 r--p 00000000 103:05 14943150                  /usr/lib/x86_64-linux-gnu/libbsd.so.0.12.1
7a6390009000-7a6390015000 r-xp 00004000 103:05 14943150                  /usr/lib/x86_64-linux-gnu/libbsd.so.0.12.1
7a6390015000-7a6390018000 r--p 00010000 103:05 14943150                  /usr/lib/x86_64-linux-gnu/libbsd.so.0.12.1
7a6390018000-7a6390019000 r--p 00012000 103:05 14943150                  /usr/lib/x86_64-linux-gnu/libbsd.so.0.12.1
7a6390019000-7a639001a000 rw-p 00013000 103:05 14943150                  /usr/lib/x86_64-linux-gnu/libbsd.so.0.12.1
7a639001a000-7a639001b000 rw-p 00000000 00:00 0 
7a639001b000-7a639001d000 r--p 00000000 103:05 14943311                  /usr/lib/x86_64-linux-gnu/libXdmcp.so.6.0.0
7a639001d000-7a639001f000 r-xp 00002000 103:05 14943311                  /usr/lib/x86_64-linux-gnu/libXdmcp.so.6.0.0
7a639001f000-7a6390021000 r--p 00004000 103:05 14943311                  /usr/lib/x86_64-linux-gnu/libXdmcp.so.6.0.0
7a6390021000-7a6390022000 r--p 00005000 103:05 14943311                  /usr/lib/x86_64-linux-gnu/libXdmcp.so.6.0.0
7a6390022000-7a6390023000 rw-p 00006000 103:05 14943311                  /usr/lib/x86_64-linux-gnu/libXdmcp.so.6.0.0
7a6390023000-7a6390200000 rw-p 00000000 00:00 0 
7a6390200000-7a6390224000 r-xp 00000000 103:05 15074239                  /usr/lib/jvm/java-17-amazon-corretto/lib/libjava.so
7a6390224000-7a6390424000 ---p 00024000 103:05 15074239                  /usr/lib/jvm/java-17-amazon-corretto/lib/libjava.so
7a6390424000-7a6390425000 r--p 00024000 103:05 15074239                  /usr/lib/jvm/java-17-amazon-corretto/lib/libjava.so
7a6390425000-7a6390426000 rw-p 00025000 103:05 15074239                  /usr/lib/jvm/java-17-amazon-corretto/lib/libjava.so
7a6390426000-7a6390427000 rw-p 00000000 00:00 0 
7a639042d000-7a6390430000 r--p 00000000 103:05 14969839                  /usr/lib/x86_64-linux-gnu/libXi.so.6.1.0
7a6390430000-7a639043c000 r-xp 00003000 103:05 14969839                  /usr/lib/x86_64-linux-gnu/libXi.so.6.1.0
7a639043c000-7a639043e000 r--p 0000f000 103:05 14969839                  /usr/lib/x86_64-linux-gnu/libXi.so.6.1.0
7a639043e000-7a639043f000 r--p 00011000 103:05 14969839                  /usr/lib/x86_64-linux-gnu/libXi.so.6.1.0
7a639043f000-7a6390440000 rw-p 00012000 103:05 14969839                  /usr/lib/x86_64-linux-gnu/libXi.so.6.1.0
7a6390440000-7a6390442000 r--p 00000000 103:05 14969833                  /usr/lib/x86_64-linux-gnu/libXtst.so.6.1.0
7a6390442000-7a6390445000 r-xp 00002000 103:05 14969833                  /usr/lib/x86_64-linux-gnu/libXtst.so.6.1.0
7a6390445000-7a6390446000 r--p 00005000 103:05 14969833                  /usr/lib/x86_64-linux-gnu/libXtst.so.6.1.0
7a6390446000-7a6390447000 r--p 00005000 103:05 14969833                  /usr/lib/x86_64-linux-gnu/libXtst.so.6.1.0
7a6390447000-7a6390448000 rw-p 00006000 103:05 14969833                  /usr/lib/x86_64-linux-gnu/libXtst.so.6.1.0
7a6390448000-7a6390489000 rw-p 00000000 00:00 0 
7a6390489000-7a639048a000 r--p 00000000 103:05 15473344                  /usr/share/locale-langpack/en/LC_MESSAGES/gtk30.mo
7a639048f000-7a6390600000 rw-p 00000000 00:00 0 
7a6390600000-7a639061b000 r-xp 00000000 103:05 15074241                  /usr/lib/jvm/java-17-amazon-corretto/lib/libjimage.so
7a639061b000-7a639081a000 ---p 0001b000 103:05 15074241                  /usr/lib/jvm/java-17-amazon-corretto/lib/libjimage.so
7a639081a000-7a639081c000 r--p 0001a000 103:05 15074241                  /usr/lib/jvm/java-17-amazon-corretto/lib/libjimage.so
7a639081c000-7a639081d000 rw-p 0001c000 103:05 15074241                  /usr/lib/jvm/java-17-amazon-corretto/lib/libjimage.so
7a639081d000-7a639081e000 r-xp 0005a000 103:05 3014738                   /tmp/lwjgl_cookiebot/3.3.4+7/x64/liblwjgl.so
7a639081e000-7a639081f000 rw-p 00000000 00:00 0 
7a639081f000-7a6390821000 r--p 00000000 103:05 14943468                  /usr/lib/x86_64-linux-gnu/libXrender.so.1.3.0
7a6390821000-7a6390828000 r-xp 00002000 103:05 14943468                  /usr/lib/x86_64-linux-gnu/libXrender.so.1.3.0
7a6390828000-7a6390829000 r--p 00009000 103:05 14943468                  /usr/lib/x86_64-linux-gnu/libXrender.so.1.3.0
7a6390829000-7a639082a000 r--p 00009000 103:05 14943468                  /usr/lib/x86_64-linux-gnu/libXrender.so.1.3.0
7a639082a000-7a639082b000 rw-p 0000a000 103:05 14943468                  /usr/lib/x86_64-linux-gnu/libXrender.so.1.3.0
7a639082b000-7a639082f000 r--p 00000000 103:05 14943423                  /usr/lib/x86_64-linux-gnu/libXext.so.6.4.0
7a639082f000-7a639083a000 r-xp 00004000 103:05 14943423                  /usr/lib/x86_64-linux-gnu/libXext.so.6.4.0
7a639083a000-7a639083d000 r--p 0000f000 103:05 14943423                  /usr/lib/x86_64-linux-gnu/libXext.so.6.4.0
7a639083d000-7a639083e000 r--p 00011000 103:05 14943423                  /usr/lib/x86_64-linux-gnu/libXext.so.6.4.0
7a639083e000-7a639083f000 rw-p 00012000 103:05 14943423                  /usr/lib/x86_64-linux-gnu/libXext.so.6.4.0
7a639083f000-7a6390a00000 rw-p 00000000 00:00 0 
7a6390a00000-7a6391cc9000 r-xp 00000000 103:05 15074267                  /usr/lib/jvm/java-17-amazon-corretto/lib/server/libjvm.so
7a6391cc9000-7a6391ec9000 ---p 012c9000 103:05 15074267                  /usr/lib/jvm/java-17-amazon-corretto/lib/server/libjvm.so
7a6391ec9000-7a6391f82000 r--p 012c9000 103:05 15074267                  /usr/lib/jvm/java-17-amazon-corretto/lib/server/libjvm.so
7a6391f82000-7a6391fb7000 rw-p 01382000 103:05 15074267                  /usr/lib/jvm/java-17-amazon-corretto/lib/server/libjvm.so
7a6391fb7000-7a6392013000 rw-p 00000000 00:00 0 
7a6392023000-7a639202a000 r--s 00000000 103:05 14944723                  /usr/lib/x86_64-linux-gnu/gconv/gconv-modules.cache
7a639202a000-7a639202f000 rw-p 00000000 00:00 0 
7a639202f000-7a6392115000 ---p 00000000 00:00 0 
7a6392115000-7a639211a000 rw-p 00000000 00:00 0 
7a639211a000-7a6392200000 ---p 00000000 00:00 0 
7a6392200000-7a6392228000 r--p 00000000 103:05 14944734                  /usr/lib/x86_64-linux-gnu/libc.so.6
7a6392228000-7a63923b0000 r-xp 00028000 103:05 14944734                  /usr/lib/x86_64-linux-gnu/libc.so.6
7a63923b0000-7a63923ff000 r--p 001b0000 103:05 14944734                  /usr/lib/x86_64-linux-gnu/libc.so.6
7a63923ff000-7a6392403000 r--p 001fe000 103:05 14944734                  /usr/lib/x86_64-linux-gnu/libc.so.6
7a6392403000-7a6392405000 rw-p 00202000 103:05 14944734                  /usr/lib/x86_64-linux-gnu/libc.so.6
7a6392405000-7a6392412000 rw-p 00000000 00:00 0 
7a6392412000-7a6392413000 r--p 00000000 103:05 14968157                  /usr/lib/x86_64-linux-gnu/libwayland-egl.so.1.22.0
7a6392413000-7a6392414000 r-xp 00001000 103:05 14968157                  /usr/lib/x86_64-linux-gnu/libwayland-egl.so.1.22.0
7a6392414000-7a6392415000 r--p 00002000 103:05 14968157                  /usr/lib/x86_64-linux-gnu/libwayland-egl.so.1.22.0
7a6392415000-7a6392416000 r--p 00002000 103:05 14968157                  /usr/lib/x86_64-linux-gnu/libwayland-egl.so.1.22.0
7a6392416000-7a6392417000 rw-p 00003000 103:05 14968157                  /usr/lib/x86_64-linux-gnu/libwayland-egl.so.1.22.0
7a6392417000-7a639241b000 ---p 00000000 00:00 0 
7a639241b000-7a6392517000 rw-p 00000000 00:00 0 
7a6392517000-7a6392527000 r--p 00000000 103:05 14944737                  /usr/lib/x86_64-linux-gnu/libm.so.6
7a6392527000-7a63925a6000 r-xp 00010000 103:05 14944737                  /usr/lib/x86_64-linux-gnu/libm.so.6
7a63925a6000-7a63925fe000 r--p 0008f000 103:05 14944737                  /usr/lib/x86_64-linux-gnu/libm.so.6
7a63925fe000-7a63925ff000 r--p 000e7000 103:05 14944737                  /usr/lib/x86_64-linux-gnu/libm.so.6
7a63925ff000-7a6392600000 rw-p 000e8000 103:05 14944737                  /usr/lib/x86_64-linux-gnu/libm.so.6
7a6392600000-7a639260f000 r-xp 00000000 103:05 15074242                  /usr/lib/jvm/java-17-amazon-corretto/lib/libjli.so
7a639260f000-7a639280e000 ---p 0000f000 103:05 15074242                  /usr/lib/jvm/java-17-amazon-corretto/lib/libjli.so
7a639280e000-7a639280f000 r--p 0000e000 103:05 15074242                  /usr/lib/jvm/java-17-amazon-corretto/lib/libjli.so
7a639280f000-7a6392810000 rw-p 0000f000 103:05 15074242                  /usr/lib/jvm/java-17-amazon-corretto/lib/libjli.so
7a6392810000-7a6392811000 r--p 00000000 103:05 14943091                  /usr/lib/x86_64-linux-gnu/libXau.so.6.0.0
7a6392811000-7a6392813000 r-xp 00001000 103:05 14943091                  /usr/lib/x86_64-linux-gnu/libXau.so.6.0.0
7a6392813000-7a6392814000 r--p 00003000 103:05 14943091                  /usr/lib/x86_64-linux-gnu/libXau.so.6.0.0
7a6392814000-7a6392815000 r--p 00003000 103:05 14943091                  /usr/lib/x86_64-linux-gnu/libXau.so.6.0.0
7a6392815000-7a6392816000 rw-p 00004000 103:05 14943091                  /usr/lib/x86_64-linux-gnu/libXau.so.6.0.0
7a6392816000-7a6392817000 r--p 00000000 103:05 14944748                  /usr/lib/x86_64-linux-gnu/librt.so.1
7a6392817000-7a6392818000 r-xp 00001000 103:05 14944748                  /usr/lib/x86_64-linux-gnu/librt.so.1
7a6392818000-7a6392819000 r--p 00002000 103:05 14944748                  /usr/lib/x86_64-linux-gnu/librt.so.1
7a6392819000-7a639281a000 r--p 00002000 103:05 14944748                  /usr/lib/x86_64-linux-gnu/librt.so.1
7a639281a000-7a639281b000 rw-p 00003000 103:05 14944748                  /usr/lib/x86_64-linux-gnu/librt.so.1
7a639281b000-7a639281f000 rw-p 00000000 00:00 0 
7a639281f000-7a6392820000 r--p 00000000 103:05 14944736                  /usr/lib/x86_64-linux-gnu/libdl.so.2
7a6392820000-7a6392821000 r-xp 00001000 103:05 14944736                  /usr/lib/x86_64-linux-gnu/libdl.so.2
7a6392821000-7a6392822000 r--p 00002000 103:05 14944736                  /usr/lib/x86_64-linux-gnu/libdl.so.2
7a6392822000-7a6392823000 r--p 00002000 103:05 14944736                  /usr/lib/x86_64-linux-gnu/libdl.so.2
7a6392823000-7a6392824000 rw-p 00003000 103:05 14944736                  /usr/lib/x86_64-linux-gnu/libdl.so.2
7a6392824000-7a6392825000 r--p 00000000 103:05 14944746                  /usr/lib/x86_64-linux-gnu/libpthread.so.0
7a6392825000-7a6392826000 r-xp 00001000 103:05 14944746                  /usr/lib/x86_64-linux-gnu/libpthread.so.0
7a6392826000-7a6392827000 r--p 00002000 103:05 14944746                  /usr/lib/x86_64-linux-gnu/libpthread.so.0
7a6392827000-7a6392828000 r--p 00002000 103:05 14944746                  /usr/lib/x86_64-linux-gnu/libpthread.so.0
7a6392828000-7a6392829000 rw-p 00003000 103:05 14944746                  /usr/lib/x86_64-linux-gnu/libpthread.so.0
7a6392829000-7a639282b000 r--p 00000000 103:05 14944802                  /usr/lib/x86_64-linux-gnu/libz.so.1.3
7a639282b000-7a639283d000 r-xp 00002000 103:05 14944802                  /usr/lib/x86_64-linux-gnu/libz.so.1.3
7a639283d000-7a6392843000 r--p 00014000 103:05 14944802                  /usr/lib/x86_64-linux-gnu/libz.so.1.3
7a6392843000-7a6392844000 r--p 0001a000 103:05 14944802                  /usr/lib/x86_64-linux-gnu/libz.so.1.3
7a6392844000-7a6392845000 rw-p 0001b000 103:05 14944802                  /usr/lib/x86_64-linux-gnu/libz.so.1.3
7a6392845000-7a639284a000 rw-p 00000000 00:00 0 
7a639284a000-7a6392851000 ---p 00000000 00:00 0 
7a6392851000-7a6392859000 rw-s 00000000 103:05 3014751                   /tmp/hsperfdata_cookiebot/110750
7a6392859000-7a639285a000 ---p 00000000 00:00 0 
7a639285a000-7a639285b000 r--p 00000000 00:00 0 
7a639285b000-7a639285c000 ---p 00000000 00:00 0 
7a639285c000-7a639285e000 rw-p 00000000 00:00 0 
7a639285e000-7a639285f000 r--p 00000000 103:05 14944731                  /usr/lib/x86_64-linux-gnu/ld-linux-x86-64.so.2
7a639285f000-7a639288a000 r-xp 00001000 103:05 14944731                  /usr/lib/x86_64-linux-gnu/ld-linux-x86-64.so.2
7a639288a000-7a6392894000 r--p 0002c000 103:05 14944731                  /usr/lib/x86_64-linux-gnu/ld-linux-x86-64.so.2
7a6392894000-7a6392896000 r--p 00036000 103:05 14944731                  /usr/lib/x86_64-linux-gnu/ld-linux-x86-64.so.2
7a6392896000-7a6392898000 rw-p 00038000 103:05 14944731                  /usr/lib/x86_64-linux-gnu/ld-linux-x86-64.so.2
7ffde2852000-7ffde2874000 rw-p 00000000 00:00 0                          [stack]
7ffde29dd000-7ffde29e1000 r--p 00000000 00:00 0                          [vvar]
7ffde29e1000-7ffde29e3000 r-xp 00000000 00:00 0                          [vdso]
ffffffffff600000-ffffffffff601000 --xp 00000000 00:00 0                  [vsyscall]


VM Arguments:
java_command: engine.framework.Start
java_class_path (initial): /home/cookiebot/JavaProjects/HodgePodgeBarrage/target/classes:/home/cookiebot/.m2/repository/org/lwjgl/lwjgl/3.3.4/lwjgl-3.3.4.jar:/home/cookiebot/.m2/repository/org/lwjgl/lwjgl-glfw/3.3.4/lwjgl-glfw-3.3.4.jar:/home/cookiebot/.m2/repository/org/lwjgl/lwjgl-opengl/3.3.4/lwjgl-opengl-3.3.4.jar:/home/cookiebot/.m2/repository/org/lwjgl/lwjgl-stb/3.3.4/lwjgl-stb-3.3.4.jar:/home/cookiebot/.m2/repository/org/lwjgl/lwjgl-openal/3.3.4/lwjgl-openal-3.3.4.jar:/home/cookiebot/.m2/repository/org/lwjgl/lwjgl-nanovg/3.3.4/lwjgl-nanovg-3.3.4.jar:/home/cookiebot/.m2/repository/org/joml/joml/1.10.5/joml-1.10.5.jar:/home/cookiebot/.m2/repository/org/lwjgl/lwjgl/3.3.4/lwjgl-3.3.4-natives-windows.jar:/home/cookiebot/.m2/repository/org/lwjgl/lwjgl-glfw/3.3.4/lwjgl-glfw-3.3.4-natives-windows.jar:/home/cookiebot/.m2/repository/org/lwjgl/lwjgl-opengl/3.3.4/lwjgl-opengl-3.3.4-natives-windows.jar:/home/cookiebot/.m2/repository/org/lwjgl/lwjgl-stb/3.3.4/lwjgl-stb-3.3.4-natives-windows.jar:/home/cookiebot/.m2/repository/org/lwjgl/lwjgl-openal/3.3.4/lwjgl-openal-3.3.4-natives-windows.jar:/home/cookiebot/.m2/repository/org/lwjgl/lwjgl-nanovg/3.3.4/lwjgl-nanovg-3.3.4-natives-windows.jar:/home/cookiebot/.m2/repository/org/lwjgl/lwjgl/3.3.4/lwjgl-3.3.4-natives-linux.jar:/home/cookiebot/.m2/repository/org/lwjgl/lwjgl-glfw/3.3.4/lwjgl-glfw-3.3.4-natives-linux.jar:/home/cookiebot/.m2/repository/org/lwjgl/lwjgl-opengl/3.3.4/lwjgl-opengl-3.3.4-natives-linux.jar:/home/cookiebot/.m2/repository/org/lwjgl/lwjgl-stb/3.3.4/lwjgl-stb-3.3.4-natives-linux.jar:/home/cookiebot/.m2/repository/org/lwjgl/lwjgl-openal/3.3.4/lwjgl-openal-3.3.4-natives-linux.jar:/home/cookiebot/.m2/repository/org/lwjgl/lwjgl-nanovg/3.3.4/lwjgl-nanovg-3.3.4-natives-linux.jar:/home/cookiebot/.m2/repository/org/lwjgl/lwjgl/3.3.4/lwjgl-3.3.4-natives-macos.jar:/home/cookiebot/.m2/repository/org/lwjgl/lwjgl-glfw/3.3.4/lwjgl-glfw-3.3.4-natives-macos.jar:/home/cookiebot/.m2/repository/org/lwjgl/lwjgl-opengl/3.3.4/lwj
Launcher Type: SUN_STANDARD

[Global flags]
     intx CICompilerCount                          = 4                                         {product} {ergonomic}
     uint ConcGCThreads                            = 3                                         {product} {ergonomic}
     uint G1ConcRefinementThreads                  = 10                                        {product} {ergonomic}
   size_t G1HeapRegionSize                         = 4194304                                   {product} {ergonomic}
    uintx GCDrainStackTargetSize                   = 64                                        {product} {ergonomic}
   size_t InitialHeapSize                          = 524288000                                 {product} {ergonomic}
   size_t MarkStackSize                            = 4194304                                   {product} {ergonomic}
   size_t MaxHeapSize                              = 8355053568                                {product} {ergonomic}
   size_t MaxNewSize                               = 5012193280                                {product} {ergonomic}
   size_t MinHeapDeltaBytes                        = 4194304                                   {product} {ergonomic}
   size_t MinHeapSize                              = 8388608                                   {product} {ergonomic}
    uintx NonNMethodCodeHeapSize                   = 5839372                                {pd product} {ergonomic}
    uintx NonProfiledCodeHeapSize                  = 122909434                              {pd product} {ergonomic}
    uintx ProfiledCodeHeapSize                     = 122909434                              {pd product} {ergonomic}
    uintx ReservedCodeCacheSize                    = 251658240                              {pd product} {ergonomic}
     bool SegmentedCodeCache                       = true                                      {product} {ergonomic}
   size_t SoftMaxHeapSize                          = 8355053568                             {manageable} {ergonomic}
     bool UseCompressedClassPointers               = true                           {product lp64_product} {ergonomic}
     bool UseCompressedOops                        = true                           {product lp64_product} {ergonomic}
     bool UseG1GC                                  = true                                      {product} {ergonomic}

Logging:
Log output configuration:
 #0: stdout all=warning uptime,level,tags
 #1: stderr all=off uptime,level,tags

Environment Variables:
JAVA_HOME=/usr/lib/jvm/java-17-amazon-corretto
PATH=/usr/local/sbin:/usr/local/bin:/usr/sbin:/usr/bin:/sbin:/bin:/usr/games:/usr/local/games:/snap/bin:/snap/bin
USERNAME=cookiebot
SHELL=/bin/bash
DISPLAY=:0
LANG=en_US.UTF-8

Active Locale:
LC_ALL=en_US.UTF-8
LC_COLLATE=en_US.UTF-8
LC_CTYPE=en_US.UTF-8
LC_MESSAGES=en_US.UTF-8
LC_MONETARY=en_US.UTF-8
LC_NUMERIC=en_US.UTF-8
LC_TIME=en_US.UTF-8

Signal Handlers:
   SIGSEGV: 