#
# A fatal error has been detected by the Java Runtime Environment:
#
#  SIGSEGV (0xb) at pc=0x000070fc9807a76d, pid=130280, tid=130281
#
# JRE version: OpenJDK Runtime Environment Corretto-17.0.15.6.1 (17.0.15+6) (build 17.0.15+6-LTS)
# Java VM: OpenJDK 64-Bit Server VM Corretto-17.0.15.6.1 (17.0.15+6-LTS, mixed mode, sharing, tiered, compressed oops, compressed class ptrs, g1 gc, linux-amd64)
# Problematic frame:
# C  [libglfw.so+0x1276d]
#
# Core dump will be written. Default location: Core dumps may be processed with "/usr/share/apport/apport -p%p -s%s -c%c -d%d -P%P -u%u -g%g -F%F -- %E" (or dumping to /home/cookiebot/JavaProjects/HodgePodgeBarrage/core.130280)
#
# If you would like to submit a bug report, please visit:
#   https://github.com/corretto/corretto-17/issues/
# The crash happened outside the Java Virtual Machine in native code.
# See problematic frame for where to report the bug.
#

---------------  S U M M A R Y ------------

Command Line: -agentlib:jdwp=transport=dt_socket,server=n,address=44177 engine.framework.Start

Host: Intel(R) Core(TM) i7-10750H CPU @ 2.60GHz, 12 cores, 31G, Ubuntu 24.04.2 LTS
Time: Sun Aug 24 20:25:20 2025 CDT elapsed time: 0.312527 seconds (0d 0h 0m 0s)

---------------  T H R E A D  ---------------

Current thread (0x000070fcc402d870):  JavaThread "main" [_thread_in_native, id=130281, stack(0x000070fccb617000,0x000070fccb717000)]

Stack: [0x000070fccb617000,0x000070fccb717000],  sp=0x000070fccb715530,  free space=1017k
Native frames: (J=compiled Java code, j=interpreted, Vv=VM code, C=native code)
C  [libglfw.so+0x1276d]

Java frames: (J=compiled Java code, j=interpreted, Vv=VM code)
j  org.lwjgl.system.JNI.invokeI(J)I+0
j  org.lwjgl.glfw.GLFW.glfwInit()Z+8
j  engine.framework.NewWindow.init()V+10
j  engine.framework.NewEngine.start(Ljava/lang/String;IIZ)V+23
j  game.Game.<init>()V+26
j  engine.framework.Start.main([Ljava/lang/String;)V+4
v  ~StubRoutines::call_stub

siginfo: si_signo: 11 (SIGSEGV), si_code: 2 (SEGV_ACCERR), si_addr: 0x000070fbf01ca00c

Registers:
RAX=0x0000000000000002, RBX=0x000070fbf01c9f53, RCX=0x00000000fdfffff0, RDX=0x0000000000000062
RSP=0x000070fccb715530, RBP=0x000070fc980c2c9c, RSI=0x000070fc980c9344, RDI=0x000070fc980c2c97
R8 =0x1999999999999999, R9 =0x0000000000000000, R10=0x000070fccb5b1fc0, R11=0x000070fccb5b28c0
R12=0x0000000000000001, R13=0x0000000000000005, R14=0x000070fbf01ca00c, R15=0x00000000ffffffff
RIP=0x000070fc9807a76d, EFLAGS=0x0000000000010246, CSGSFS=0x002b000000000033, ERR=0x0000000000000006
  TRAPNO=0x000000000000000e

XMM[0]=0x3a6e776f6470642c 0x3031623a6b636162
XMM[1]=0x0000000000000000 0x00000000ffffffff
XMM[2]=0x0000000000000000 0x0000000000000000
XMM[3]=0x0000000000000000 0x0000000000000000
XMM[4]=0x3030303031303030 0x3030303031613430
XMM[5]=0x0000000000000000 0x0000000000000000
XMM[6]=0x3a6b6361622c3262 0x3a622c30623a612c
XMM[7]=0xffffffffffffffff 0xffffffffffffffff
XMM[8]=0x0000000000000000 0x0000000000000000
XMM[9]=0x0000000000000000 0x0000000000000140
XMM[10]=0x0000000000000000 0x00000000000000a0
XMM[11]=0x0000000000000000 0x00000000000000a0
XMM[12]=0x0000000000000000 0x00000000000000a0
XMM[13]=0x0000000000000000 0x00000000000000a0
XMM[14]=0x0000000000000000 0x0000000000000280
XMM[15]=0x0000000000000000 0x0000000000000000
  MXCSR=0x00001fa0


Register to memory mapping:

RAX=0x0000000000000002 is an unknown value
RBX=0x000070fbf01c9f53 points into unknown readable memory: 58 62 6f 78 20
RCX=0x00000000fdfffff0 is an unknown value
RDX=0x0000000000000062 is an unknown value
RSP=0x000070fccb715530 is pointing into the stack for thread: 0x000070fcc402d870
RBP=0x000070fc980c2c9c: <offset 0x000000000005ac9c> in /tmp/lwjgl_cookiebot/3.3.6+1/x64/libglfw.so at 0x000070fc98068000
RSI=0x000070fc980c9344: <offset 0x0000000000061344> in /tmp/lwjgl_cookiebot/3.3.6+1/x64/libglfw.so at 0x000070fc98068000
RDI=0x000070fc980c2c97: <offset 0x000000000005ac97> in /tmp/lwjgl_cookiebot/3.3.6+1/x64/libglfw.so at 0x000070fc98068000
R8 =0x1999999999999999 is an unknown value
R9 =0x0 is NULL
R10=0x000070fccb5b1fc0: <offset 0x00000000001b1fc0> in /lib/x86_64-linux-gnu/libc.so.6 at 0x000070fccb400000
R11=0x000070fccb5b28c0: <offset 0x00000000001b28c0> in /lib/x86_64-linux-gnu/libc.so.6 at 0x000070fccb400000
R12=0x0000000000000001 is an unknown value
R13=0x0000000000000005 is an unknown value
R14=0x000070fbf01ca00c is an unknown value
R15=0x00000000ffffffff is an unknown value


Top of Stack: (sp=0x000070fccb715530)
0x000070fccb715530:   000070fccb715570 000070fccb715560
0x000070fccb715540:   000070fccb715558 000070fbf01c9fd3
0x000070fccb715550:   0000000000000000 000070fc980c2c9c
0x000070fccb715560:   000070fc980997e0 0000000000000000
0x000070fccb715570:   000070fc980cb7a1 000070fbf01c9ff4
0x000070fccb715580:   000070fc980cb753 000070fbf01c9ff8
0x000070fccb715590:   000070fc980caf6c 000070fbf01c9ffc
0x000070fccb7155a0:   000070fc980c76fa 000070fbf01ca000
0x000070fccb7155b0:   000070fc980c9344 000070fbf01ca00c
0x000070fccb7155c0:   000070fc980997e9 000070fbf01ca010
0x000070fccb7155d0:   000070fc980997ef 000070fbf01ca014
0x000070fccb7155e0:   000070fc980997f5 000070fbf01ca004
0x000070fccb7155f0:   000070fc98099802 000070fbf01ca008
0x000070fccb715600:   000070fc98099810 000070fbf01ca018
0x000070fccb715610:   000070fc9809981a 000070fbf01ca01c
0x000070fccb715620:   000070fc98099825 000070fbf01ca020
0x000070fccb715630:   000070fc9809982a 000070fbf01ca024
0x000070fccb715640:   000070fc98099832 000070fbf01ca028
0x000070fccb715650:   000070fc98099839 000070fbf01ca02c
0x000070fccb715660:   000070fc98099840 000070fbf01ca040
0x000070fccb715670:   000070fc9809984c 000070fbf01ca044
0x000070fccb715680:   000070fc98099859 000070fbf01ca030
0x000070fccb715690:   000070fc9809985f 000070fbf01ca034
0x000070fccb7156a0:   000070fc98099865 000070fbf01ca038
0x000070fccb7156b0:   000070fc9809986c 000070fbf01ca03c
0x000070fccb7156c0:   0000000100000069 000070fc980da600
0x000070fccb7156d0:   000070fc980da730 000070fc980db500
0x000070fccb7156e0:   000070fc3f4e00c8 000070fccb7157b0
0x000070fccb7156f0:   000070fcc402d870 000070fc9807adea
0x000070fccb715700:   000070fc3f4e00c8 000070fc980fbe4c
0x000070fccb715710:   0000000000000000 000070fc98079fa4
0x000070fccb715720:   000070fccb715788 000070fcb49479c7 

Instructions: (pc=0x000070fc9807a76d)
0x000070fc9807a66d:   17 48 8d 45 01 66 0f 1f 44 00 00 48 89 c5 48 83
0x000070fc9807a67d:   c0 01 80 78 ff 2c 74 f3 48 89 6c 24 28 0f b6 45
0x000070fc9807a68d:   00 84 c0 0f 85 ea fe ff ff 48 8b 44 24 18 48 81
0x000070fc9807a69d:   c3 a0 00 00 00 66 0f 1f 44 00 00 0f b6 10 8d 4a
0x000070fc9807a6ad:   bf 80 f9 05 77 05 83 c2 20 88 10 48 83 c0 01 48
0x000070fc9807a6bd:   39 c3 75 e7 48 8d 05 38 0e 06 00 48 8b 7c 24 18
0x000070fc9807a6cd:   ff 90 e8 00 00 00 b8 01 00 00 00 eb 16 66 0f 1f
0x000070fc9807a6dd:   44 00 00 31 c0 31 f6 bf 04 00 01 00 e8 22 f0 ff
0x000070fc9807a6ed:   ff 31 c0 48 81 c4 98 01 00 00 5b 5d 41 5c 41 5d
0x000070fc9807a6fd:   41 5e 41 5f c3 66 0f 1f 44 00 00 49 83 c5 01 49
0x000070fc9807a70d:   83 fd 16 0f 85 82 fe ff ff 48 8b 6c 24 28 0f b6
0x000070fc9807a71d:   55 00 e9 1c ff ff ff 0f 1f 40 00 48 8d 05 d1 0d
0x000070fc9807a72d:   06 00 ff 90 e0 00 00 00 48 89 c7 49 89 c6 e8 10
0x000070fc9807a73d:   da ff ff 48 8b 6c 24 28 4c 89 f6 48 89 c2 48 89
0x000070fc9807a74d:   ef e8 3d d9 ff ff 85 c0 0f 85 e8 00 00 00 0f b6
0x000070fc9807a75d:   55 00 e9 dc fe ff ff 0f 1f 40 00 b8 01 00 00 00
0x000070fc9807a76d:   41 88 06 48 8b 74 24 10 48 8d 7d 01 ba 0a 00 00
0x000070fc9807a77d:   00 e8 bd dc ff ff 41 80 3e 01 48 8b 6c 24 28 41
0x000070fc9807a78d:   88 46 01 75 c9 41 80 ff 01 b8 02 00 00 00 41 0f
0x000070fc9807a79d:   be f4 83 de ff 99 45 01 e7 f7 fe 44 89 fa f7 da
0x000070fc9807a7ad:   41 88 56 03 41 88 46 02 0f b6 55 00 80 fa 7e 0f
0x000070fc9807a7bd:   85 7e fe ff ff f7 d8 45 88 7e 03 41 88 46 02 0f
0x000070fc9807a7cd:   b6 55 00 e9 6b fe ff ff 0f 1f 00 48 8d 45 01 41
0x000070fc9807a7dd:   bc 01 00 00 00 45 31 ff 48 89 44 24 28 0f b6 55
0x000070fc9807a7ed:   01 48 89 c5 e9 28 fe ff ff 4c 8b 6c 24 10 41 c6
0x000070fc9807a7fd:   06 03 48 8d 7d 01 ba 0a 00 00 00 4c 89 ee e8 30
0x000070fc9807a80d:   dc ff ff ba 0a 00 00 00 4c 89 ee 48 89 c5 48 8b
0x000070fc9807a81d:   44 24 28 48 8d 78 01 e8 17 dc ff ff 49 89 c0 89
0x000070fc9807a82d:   e8 c1 e0 04 44 09 c0 e9 4a ff ff ff b8 02 00 00
0x000070fc9807a83d:   00 e9 2a ff ff ff 31 c0 e9 a6 fe ff ff 66 0f 1f
0x000070fc9807a84d:   44 00 00 48 8d 15 a9 0c 06 00 41 56 41 55 41 54
0x000070fc9807a85d:   55 53 8b 82 48 09 02 00 85 c0 0f 8e 95 00 00 00 


Stack slot to memory mapping:
stack at sp + 0 slots: 0x000070fccb715570 is pointing into the stack for thread: 0x000070fcc402d870
stack at sp + 1 slots: 0x000070fccb715560 is pointing into the stack for thread: 0x000070fcc402d870
stack at sp + 2 slots: 0x000070fccb715558 is pointing into the stack for thread: 0x000070fcc402d870
stack at sp + 3 slots: 0x000070fbf01c9fd3 points into unknown readable memory: 30 35 30 30 30
stack at sp + 4 slots: 0x0 is NULL
stack at sp + 5 slots: 0x000070fc980c2c9c: <offset 0x000000000005ac9c> in /tmp/lwjgl_cookiebot/3.3.6+1/x64/libglfw.so at 0x000070fc98068000
stack at sp + 6 slots: 0x000070fc980997e0: <offset 0x00000000000317e0> in /tmp/lwjgl_cookiebot/3.3.6+1/x64/libglfw.so at 0x000070fc98068000
stack at sp + 7 slots: 0x0 is NULL


---------------  P R O C E S S  ---------------

Threads class SMR info:
_java_thread_list=0x000070fc181fa530, length=18, elements={
0x000070fcc402d870, 0x000070fcc415e970, 0x000070fcc415fd50, 0x000070fcc41652e0,
0x000070fcc4166690, 0x000070fcc4167aa0, 0x000070fcc4169450, 0x000070fcc416a980,
0x000070fcc4173de0, 0x000070fcc418d690, 0x000070fcc4190420, 0x000070fc10001130,
0x000070fcc41912f0, 0x000070fcc4195310, 0x000070fcc4255e70, 0x000070fc18157380,
0x000070fcc427aec0, 0x000070fc181f9550
}

Java Threads: ( => current thread )
=>0x000070fcc402d870 JavaThread "main" [_thread_in_native, id=130281, stack(0x000070fccb617000,0x000070fccb717000)]
  0x000070fcc415e970 JavaThread "Reference Handler" daemon [_thread_blocked, id=130292, stack(0x000070fc3ef00000,0x000070fc3f000000)]
  0x000070fcc415fd50 JavaThread "Finalizer" daemon [_thread_blocked, id=130293, stack(0x000070fc3ee00000,0x000070fc3ef00000)]
  0x000070fcc41652e0 JavaThread "Signal Dispatcher" daemon [_thread_blocked, id=130294, stack(0x000070fc3e700000,0x000070fc3e800000)]
  0x000070fcc4166690 JavaThread "Service Thread" daemon [_thread_blocked, id=130295, stack(0x000070fc3e600000,0x000070fc3e700000)]
  0x000070fcc4167aa0 JavaThread "Monitor Deflation Thread" daemon [_thread_blocked, id=130296, stack(0x000070fc3e500000,0x000070fc3e600000)]
  0x000070fcc4169450 JavaThread "C2 CompilerThread0" daemon [_thread_blocked, id=130297, stack(0x000070fc3e400000,0x000070fc3e500000)]
  0x000070fcc416a980 JavaThread "C1 CompilerThread0" daemon [_thread_blocked, id=130298, stack(0x000070fc3e300000,0x000070fc3e400000)]
  0x000070fcc4173de0 JavaThread "Sweeper thread" daemon [_thread_blocked, id=130299, stack(0x000070fc3e200000,0x000070fc3e300000)]
  0x000070fcc418d690 JavaThread "JDWP Transport Listener: dt_socket" daemon [_thread_blocked, id=130300, stack(0x000070fc3e100000,0x000070fc3e200000)]
  0x000070fcc4190420 JavaThread "JDWP Event Helper Thread" daemon [_thread_blocked, id=130301, stack(0x000070fc3dd00000,0x000070fc3de00000)]
  0x000070fc10001130 JavaThread "JDWP Command Reader" daemon [_thread_in_native, id=130303, stack(0x000070fc3dc00000,0x000070fc3dd00000)]
  0x000070fcc41912f0 JavaThread "Notification Thread" daemon [_thread_blocked, id=130306, stack(0x000070fc3db00000,0x000070fc3dc00000)]
  0x000070fcc4195310 JavaThread "Common-Cleaner" daemon [_thread_blocked, id=130308, stack(0x000070fc3d8ff000,0x000070fc3d9ff000)]
  0x000070fcc4255e70 JavaThread "Java2D Disposer" daemon [_thread_blocked, id=130309, stack(0x000070fc3d100000,0x000070fc3d200000)]
  0x000070fc18157380 JavaThread "C2 CompilerThread1" daemon [_thread_blocked, id=130310, stack(0x000070fc3cd00000,0x000070fc3ce00000)]
  0x000070fcc427aec0 JavaThread "Thread-0" [_thread_in_native, id=130311, stack(0x000070fc3c500000,0x000070fc3c600000)]
  0x000070fc181f9550 JavaThread "C2 CompilerThread2" daemon [_thread_blocked, id=130312, stack(0x000070fc3c100000,0x000070fc3c200000)]

Other Threads:
  0x000070fcc415a9e0 VMThread "VM Thread" [stack: 0x000070fc98100000,0x000070fc98200000] [id=130291]
  0x000070fcc4192b40 WatcherThread [stack: 0x000070fc3da00000,0x000070fc3db00000] [id=130307]
  0x000070fcc405bd10 GCTaskThread "GC Thread#0" [stack: 0x000070fcc87f9000,0x000070fcc88f9000] [id=130282]
  0x000070fcc406cc30 ConcurrentGCThread "G1 Main Marker" [stack: 0x000070fcc86f8000,0x000070fcc87f8000] [id=130283]
  0x000070fcc406dba0 ConcurrentGCThread "G1 Conc#0" [stack: 0x000070fcc85f7000,0x000070fcc86f7000] [id=130284]
  0x000070fcc412b130 ConcurrentGCThread "G1 Refine#0" [stack: 0x000070fc985fb000,0x000070fc986fb000] [id=130285]
  0x000070fcc412c030 ConcurrentGCThread "G1 Service" [stack: 0x000070fc984fa000,0x000070fc985fa000] [id=130286]

Threads with active compile tasks:

VM state: not at safepoint (normal execution)

VM Mutex/Monitor currently owned by a thread: None

Heap address: 0x000000060e000000, size: 7968 MB, Compressed Oops mode: Zero based, Oop shift amount: 3

CDS archive(s) mapped at: [0x000070fc43000000-0x000070fc43bca000-0x000070fc43bca000), size 12361728, SharedBaseAddress: 0x000070fc43000000, ArchiveRelocationMode: 1.
Compressed class space mapped at: 0x000070fc44000000-0x000070fc84000000, reserved size: 1073741824
Narrow klass base: 0x000070fc43000000, Narrow klass shift: 0, Narrow klass range: 0x100000000

GC Precious Log:
 CPUs: 12 total, 12 available
 Memory: 31861M
 Large Page Support: Disabled
 NUMA Support: Disabled
 Compressed Oops: Enabled (Zero based)
 Heap Region Size: 4M
 Heap Min Capacity: 8M
 Heap Initial Capacity: 500M
 Heap Max Capacity: 7968M
 Pre-touch: Disabled
 Parallel Workers: 10
 Concurrent Workers: 3
 Concurrent Refinement Workers: 10
 Periodic GC: Disabled

Heap:
 garbage-first heap   total 520192K, used 16308K [0x000000060e000000, 0x0000000800000000)
  region size 4096K, 4 young (16384K), 0 survivors (0K)
 Metaspace       used 4207K, committed 4416K, reserved 1114112K
  class space    used 348K, committed 448K, reserved 1048576K

Heap Regions: E=young(eden), S=young(survivor), O=old, HS=humongous(starts), HC=humongous(continues), CS=collection set, F=free, OA=open archive, CA=closed archive, TAMS=top-at-mark-start (previous, next)
|   0|0x000000060e000000, 0x000000060e000000, 0x000000060e400000|  0%| F|  |TAMS 0x000000060e000000, 0x000000060e000000| Untracked 
|   1|0x000000060e400000, 0x000000060e400000, 0x000000060e800000|  0%| F|  |TAMS 0x000000060e400000, 0x000000060e400000| Untracked 
|   2|0x000000060e800000, 0x000000060e800000, 0x000000060ec00000|  0%| F|  |TAMS 0x000000060e800000, 0x000000060e800000| Untracked 
|   3|0x000000060ec00000, 0x000000060ec00000, 0x000000060f000000|  0%| F|  |TAMS 0x000000060ec00000, 0x000000060ec00000| Untracked 
|   4|0x000000060f000000, 0x000000060f000000, 0x000000060f400000|  0%| F|  |TAMS 0x000000060f000000, 0x000000060f000000| Untracked 
|   5|0x000000060f400000, 0x000000060f400000, 0x000000060f800000|  0%| F|  |TAMS 0x000000060f400000, 0x000000060f400000| Untracked 
|   6|0x000000060f800000, 0x000000060f800000, 0x000000060fc00000|  0%| F|  |TAMS 0x000000060f800000, 0x000000060f800000| Untracked 
|   7|0x000000060fc00000, 0x000000060fc00000, 0x0000000610000000|  0%| F|  |TAMS 0x000000060fc00000, 0x000000060fc00000| Untracked 
|   8|0x0000000610000000, 0x0000000610000000, 0x0000000610400000|  0%| F|  |TAMS 0x0000000610000000, 0x0000000610000000| Untracked 
|   9|0x0000000610400000, 0x0000000610400000, 0x0000000610800000|  0%| F|  |TAMS 0x0000000610400000, 0x0000000610400000| Untracked 
|  10|0x0000000610800000, 0x0000000610800000, 0x0000000610c00000|  0%| F|  |TAMS 0x0000000610800000, 0x0000000610800000| Untracked 
|  11|0x0000000610c00000, 0x0000000610c00000, 0x0000000611000000|  0%| F|  |TAMS 0x0000000610c00000, 0x0000000610c00000| Untracked 
|  12|0x0000000611000000, 0x0000000611000000, 0x0000000611400000|  0%| F|  |TAMS 0x0000000611000000, 0x0000000611000000| Untracked 
|  13|0x0000000611400000, 0x0000000611400000, 0x0000000611800000|  0%| F|  |TAMS 0x0000000611400000, 0x0000000611400000| Untracked 
|  14|0x0000000611800000, 0x0000000611800000, 0x0000000611c00000|  0%| F|  |TAMS 0x0000000611800000, 0x0000000611800000| Untracked 
|  15|0x0000000611c00000, 0x0000000611c00000, 0x0000000612000000|  0%| F|  |TAMS 0x0000000611c00000, 0x0000000611c00000| Untracked 
|  16|0x0000000612000000, 0x0000000612000000, 0x0000000612400000|  0%| F|  |TAMS 0x0000000612000000, 0x0000000612000000| Untracked 
|  17|0x0000000612400000, 0x0000000612400000, 0x0000000612800000|  0%| F|  |TAMS 0x0000000612400000, 0x0000000612400000| Untracked 
|  18|0x0000000612800000, 0x0000000612800000, 0x0000000612c00000|  0%| F|  |TAMS 0x0000000612800000, 0x0000000612800000| Untracked 
|  19|0x0000000612c00000, 0x0000000612c00000, 0x0000000613000000|  0%| F|  |TAMS 0x0000000612c00000, 0x0000000612c00000| Untracked 
|  20|0x0000000613000000, 0x0000000613000000, 0x0000000613400000|  0%| F|  |TAMS 0x0000000613000000, 0x0000000613000000| Untracked 
|  21|0x0000000613400000, 0x0000000613400000, 0x0000000613800000|  0%| F|  |TAMS 0x0000000613400000, 0x0000000613400000| Untracked 
|  22|0x0000000613800000, 0x0000000613800000, 0x0000000613c00000|  0%| F|  |TAMS 0x0000000613800000, 0x0000000613800000| Untracked 
|  23|0x0000000613c00000, 0x0000000613c00000, 0x0000000614000000|  0%| F|  |TAMS 0x0000000613c00000, 0x0000000613c00000| Untracked 
|  24|0x0000000614000000, 0x0000000614000000, 0x0000000614400000|  0%| F|  |TAMS 0x0000000614000000, 0x0000000614000000| Untracked 
|  25|0x0000000614400000, 0x0000000614400000, 0x0000000614800000|  0%| F|  |TAMS 0x0000000614400000, 0x0000000614400000| Untracked 
|  26|0x0000000614800000, 0x0000000614800000, 0x0000000614c00000|  0%| F|  |TAMS 0x0000000614800000, 0x0000000614800000| Untracked 
|  27|0x0000000614c00000, 0x0000000614c00000, 0x0000000615000000|  0%| F|  |TAMS 0x0000000614c00000, 0x0000000614c00000| Untracked 
|  28|0x0000000615000000, 0x0000000615000000, 0x0000000615400000|  0%| F|  |TAMS 0x0000000615000000, 0x0000000615000000| Untracked 
|  29|0x0000000615400000, 0x0000000615400000, 0x0000000615800000|  0%| F|  |TAMS 0x0000000615400000, 0x0000000615400000| Untracked 
|  30|0x0000000615800000, 0x0000000615800000, 0x0000000615c00000|  0%| F|  |TAMS 0x0000000615800000, 0x0000000615800000| Untracked 
|  31|0x0000000615c00000, 0x0000000615c00000, 0x0000000616000000|  0%| F|  |TAMS 0x0000000615c00000, 0x0000000615c00000| Untracked 
|  32|0x0000000616000000, 0x0000000616000000, 0x0000000616400000|  0%| F|  |TAMS 0x0000000616000000, 0x0000000616000000| Untracked 
|  33|0x0000000616400000, 0x0000000616400000, 0x0000000616800000|  0%| F|  |TAMS 0x0000000616400000, 0x0000000616400000| Untracked 
|  34|0x0000000616800000, 0x0000000616800000, 0x0000000616c00000|  0%| F|  |TAMS 0x0000000616800000, 0x0000000616800000| Untracked 
|  35|0x0000000616c00000, 0x0000000616c00000, 0x0000000617000000|  0%| F|  |TAMS 0x0000000616c00000, 0x0000000616c00000| Untracked 
|  36|0x0000000617000000, 0x0000000617000000, 0x0000000617400000|  0%| F|  |TAMS 0x0000000617000000, 0x0000000617000000| Untracked 
|  37|0x0000000617400000, 0x0000000617400000, 0x0000000617800000|  0%| F|  |TAMS 0x0000000617400000, 0x0000000617400000| Untracked 
|  38|0x0000000617800000, 0x0000000617800000, 0x0000000617c00000|  0%| F|  |TAMS 0x0000000617800000, 0x0000000617800000| Untracked 
|  39|0x0000000617c00000, 0x0000000617c00000, 0x0000000618000000|  0%| F|  |TAMS 0x0000000617c00000, 0x0000000617c00000| Untracked 
|  40|0x0000000618000000, 0x0000000618000000, 0x0000000618400000|  0%| F|  |TAMS 0x0000000618000000, 0x0000000618000000| Untracked 
|  41|0x0000000618400000, 0x0000000618400000, 0x0000000618800000|  0%| F|  |TAMS 0x0000000618400000, 0x0000000618400000| Untracked 
|  42|0x0000000618800000, 0x0000000618800000, 0x0000000618c00000|  0%| F|  |TAMS 0x0000000618800000, 0x0000000618800000| Untracked 
|  43|0x0000000618c00000, 0x0000000618c00000, 0x0000000619000000|  0%| F|  |TAMS 0x0000000618c00000, 0x0000000618c00000| Untracked 
|  44|0x0000000619000000, 0x0000000619000000, 0x0000000619400000|  0%| F|  |TAMS 0x0000000619000000, 0x0000000619000000| Untracked 
|  45|0x0000000619400000, 0x0000000619400000, 0x0000000619800000|  0%| F|  |TAMS 0x0000000619400000, 0x0000000619400000| Untracked 
|  46|0x0000000619800000, 0x0000000619800000, 0x0000000619c00000|  0%| F|  |TAMS 0x0000000619800000, 0x0000000619800000| Untracked 
|  47|0x0000000619c00000, 0x0000000619c00000, 0x000000061a000000|  0%| F|  |TAMS 0x0000000619c00000, 0x0000000619c00000| Untracked 
|  48|0x000000061a000000, 0x000000061a000000, 0x000000061a400000|  0%| F|  |TAMS 0x000000061a000000, 0x000000061a000000| Untracked 
|  49|0x000000061a400000, 0x000000061a400000, 0x000000061a800000|  0%| F|  |TAMS 0x000000061a400000, 0x000000061a400000| Untracked 
|  50|0x000000061a800000, 0x000000061a800000, 0x000000061ac00000|  0%| F|  |TAMS 0x000000061a800000, 0x000000061a800000| Untracked 
|  51|0x000000061ac00000, 0x000000061ac00000, 0x000000061b000000|  0%| F|  |TAMS 0x000000061ac00000, 0x000000061ac00000| Untracked 
|  52|0x000000061b000000, 0x000000061b000000, 0x000000061b400000|  0%| F|  |TAMS 0x000000061b000000, 0x000000061b000000| Untracked 
|  53|0x000000061b400000, 0x000000061b400000, 0x000000061b800000|  0%| F|  |TAMS 0x000000061b400000, 0x000000061b400000| Untracked 
|  54|0x000000061b800000, 0x000000061b800000, 0x000000061bc00000|  0%| F|  |TAMS 0x000000061b800000, 0x000000061b800000| Untracked 
|  55|0x000000061bc00000, 0x000000061bc00000, 0x000000061c000000|  0%| F|  |TAMS 0x000000061bc00000, 0x000000061bc00000| Untracked 
|  56|0x000000061c000000, 0x000000061c000000, 0x000000061c400000|  0%| F|  |TAMS 0x000000061c000000, 0x000000061c000000| Untracked 
|  57|0x000000061c400000, 0x000000061c400000, 0x000000061c800000|  0%| F|  |TAMS 0x000000061c400000, 0x000000061c400000| Untracked 
|  58|0x000000061c800000, 0x000000061c800000, 0x000000061cc00000|  0%| F|  |TAMS 0x000000061c800000, 0x000000061c800000| Untracked 
|  59|0x000000061cc00000, 0x000000061cc00000, 0x000000061d000000|  0%| F|  |TAMS 0x000000061cc00000, 0x000000061cc00000| Untracked 
|  60|0x000000061d000000, 0x000000061d000000, 0x000000061d400000|  0%| F|  |TAMS 0x000000061d000000, 0x000000061d000000| Untracked 
|  61|0x000000061d400000, 0x000000061d400000, 0x000000061d800000|  0%| F|  |TAMS 0x000000061d400000, 0x000000061d400000| Untracked 
|  62|0x000000061d800000, 0x000000061d800000, 0x000000061dc00000|  0%| F|  |TAMS 0x000000061d800000, 0x000000061d800000| Untracked 
|  63|0x000000061dc00000, 0x000000061dc00000, 0x000000061e000000|  0%| F|  |TAMS 0x000000061dc00000, 0x000000061dc00000| Untracked 
|  64|0x000000061e000000, 0x000000061e000000, 0x000000061e400000|  0%| F|  |TAMS 0x000000061e000000, 0x000000061e000000| Untracked 
|  65|0x000000061e400000, 0x000000061e400000, 0x000000061e800000|  0%| F|  |TAMS 0x000000061e400000, 0x000000061e400000| Untracked 
|  66|0x000000061e800000, 0x000000061e800000, 0x000000061ec00000|  0%| F|  |TAMS 0x000000061e800000, 0x000000061e800000| Untracked 
|  67|0x000000061ec00000, 0x000000061ec00000, 0x000000061f000000|  0%| F|  |TAMS 0x000000061ec00000, 0x000000061ec00000| Untracked 
|  68|0x000000061f000000, 0x000000061f000000, 0x000000061f400000|  0%| F|  |TAMS 0x000000061f000000, 0x000000061f000000| Untracked 
|  69|0x000000061f400000, 0x000000061f400000, 0x000000061f800000|  0%| F|  |TAMS 0x000000061f400000, 0x000000061f400000| Untracked 
|  70|0x000000061f800000, 0x000000061f800000, 0x000000061fc00000|  0%| F|  |TAMS 0x000000061f800000, 0x000000061f800000| Untracked 
|  71|0x000000061fc00000, 0x000000061fc00000, 0x0000000620000000|  0%| F|  |TAMS 0x000000061fc00000, 0x000000061fc00000| Untracked 
|  72|0x0000000620000000, 0x0000000620000000, 0x0000000620400000|  0%| F|  |TAMS 0x0000000620000000, 0x0000000620000000| Untracked 
|  73|0x0000000620400000, 0x0000000620400000, 0x0000000620800000|  0%| F|  |TAMS 0x0000000620400000, 0x0000000620400000| Untracked 
|  74|0x0000000620800000, 0x0000000620800000, 0x0000000620c00000|  0%| F|  |TAMS 0x0000000620800000, 0x0000000620800000| Untracked 
|  75|0x0000000620c00000, 0x0000000620c00000, 0x0000000621000000|  0%| F|  |TAMS 0x0000000620c00000, 0x0000000620c00000| Untracked 
|  76|0x0000000621000000, 0x0000000621000000, 0x0000000621400000|  0%| F|  |TAMS 0x0000000621000000, 0x0000000621000000| Untracked 
|  77|0x0000000621400000, 0x0000000621400000, 0x0000000621800000|  0%| F|  |TAMS 0x0000000621400000, 0x0000000621400000| Untracked 
|  78|0x0000000621800000, 0x0000000621800000, 0x0000000621c00000|  0%| F|  |TAMS 0x0000000621800000, 0x0000000621800000| Untracked 
|  79|0x0000000621c00000, 0x0000000621c00000, 0x0000000622000000|  0%| F|  |TAMS 0x0000000621c00000, 0x0000000621c00000| Untracked 
|  80|0x0000000622000000, 0x0000000622000000, 0x0000000622400000|  0%| F|  |TAMS 0x0000000622000000, 0x0000000622000000| Untracked 
|  81|0x0000000622400000, 0x0000000622400000, 0x0000000622800000|  0%| F|  |TAMS 0x0000000622400000, 0x0000000622400000| Untracked 
|  82|0x0000000622800000, 0x0000000622800000, 0x0000000622c00000|  0%| F|  |TAMS 0x0000000622800000, 0x0000000622800000| Untracked 
|  83|0x0000000622c00000, 0x0000000622c00000, 0x0000000623000000|  0%| F|  |TAMS 0x0000000622c00000, 0x0000000622c00000| Untracked 
|  84|0x0000000623000000, 0x0000000623000000, 0x0000000623400000|  0%| F|  |TAMS 0x0000000623000000, 0x0000000623000000| Untracked 
|  85|0x0000000623400000, 0x0000000623400000, 0x0000000623800000|  0%| F|  |TAMS 0x0000000623400000, 0x0000000623400000| Untracked 
|  86|0x0000000623800000, 0x0000000623800000, 0x0000000623c00000|  0%| F|  |TAMS 0x0000000623800000, 0x0000000623800000| Untracked 
|  87|0x0000000623c00000, 0x0000000623c00000, 0x0000000624000000|  0%| F|  |TAMS 0x0000000623c00000, 0x0000000623c00000| Untracked 
|  88|0x0000000624000000, 0x0000000624000000, 0x0000000624400000|  0%| F|  |TAMS 0x0000000624000000, 0x0000000624000000| Untracked 
|  89|0x0000000624400000, 0x0000000624400000, 0x0000000624800000|  0%| F|  |TAMS 0x0000000624400000, 0x0000000624400000| Untracked 
|  90|0x0000000624800000, 0x0000000624800000, 0x0000000624c00000|  0%| F|  |TAMS 0x0000000624800000, 0x0000000624800000| Untracked 
|  91|0x0000000624c00000, 0x0000000624c00000, 0x0000000625000000|  0%| F|  |TAMS 0x0000000624c00000, 0x0000000624c00000| Untracked 
|  92|0x0000000625000000, 0x0000000625000000, 0x0000000625400000|  0%| F|  |TAMS 0x0000000625000000, 0x0000000625000000| Untracked 
|  93|0x0000000625400000, 0x0000000625400000, 0x0000000625800000|  0%| F|  |TAMS 0x0000000625400000, 0x0000000625400000| Untracked 
|  94|0x0000000625800000, 0x0000000625800000, 0x0000000625c00000|  0%| F|  |TAMS 0x0000000625800000, 0x0000000625800000| Untracked 
|  95|0x0000000625c00000, 0x0000000625c00000, 0x0000000626000000|  0%| F|  |TAMS 0x0000000625c00000, 0x0000000625c00000| Untracked 
|  96|0x0000000626000000, 0x0000000626000000, 0x0000000626400000|  0%| F|  |TAMS 0x0000000626000000, 0x0000000626000000| Untracked 
|  97|0x0000000626400000, 0x0000000626400000, 0x0000000626800000|  0%| F|  |TAMS 0x0000000626400000, 0x0000000626400000| Untracked 
|  98|0x0000000626800000, 0x0000000626800000, 0x0000000626c00000|  0%| F|  |TAMS 0x0000000626800000, 0x0000000626800000| Untracked 
|  99|0x0000000626c00000, 0x0000000626c00000, 0x0000000627000000|  0%| F|  |TAMS 0x0000000626c00000, 0x0000000626c00000| Untracked 
| 100|0x0000000627000000, 0x0000000627000000, 0x0000000627400000|  0%| F|  |TAMS 0x0000000627000000, 0x0000000627000000| Untracked 
| 101|0x0000000627400000, 0x0000000627400000, 0x0000000627800000|  0%| F|  |TAMS 0x0000000627400000, 0x0000000627400000| Untracked 
| 102|0x0000000627800000, 0x0000000627800000, 0x0000000627c00000|  0%| F|  |TAMS 0x0000000627800000, 0x0000000627800000| Untracked 
| 103|0x0000000627c00000, 0x0000000627c00000, 0x0000000628000000|  0%| F|  |TAMS 0x0000000627c00000, 0x0000000627c00000| Untracked 
| 104|0x0000000628000000, 0x0000000628000000, 0x0000000628400000|  0%| F|  |TAMS 0x0000000628000000, 0x0000000628000000| Untracked 
| 105|0x0000000628400000, 0x0000000628400000, 0x0000000628800000|  0%| F|  |TAMS 0x0000000628400000, 0x0000000628400000| Untracked 
| 106|0x0000000628800000, 0x0000000628800000, 0x0000000628c00000|  0%| F|  |TAMS 0x0000000628800000, 0x0000000628800000| Untracked 
| 107|0x0000000628c00000, 0x0000000628c00000, 0x0000000629000000|  0%| F|  |TAMS 0x0000000628c00000, 0x0000000628c00000| Untracked 
| 108|0x0000000629000000, 0x0000000629000000, 0x0000000629400000|  0%| F|  |TAMS 0x0000000629000000, 0x0000000629000000| Untracked 
| 109|0x0000000629400000, 0x0000000629400000, 0x0000000629800000|  0%| F|  |TAMS 0x0000000629400000, 0x0000000629400000| Untracked 
| 110|0x0000000629800000, 0x0000000629800000, 0x0000000629c00000|  0%| F|  |TAMS 0x0000000629800000, 0x0000000629800000| Untracked 
| 111|0x0000000629c00000, 0x0000000629c00000, 0x000000062a000000|  0%| F|  |TAMS 0x0000000629c00000, 0x0000000629c00000| Untracked 
| 112|0x000000062a000000, 0x000000062a000000, 0x000000062a400000|  0%| F|  |TAMS 0x000000062a000000, 0x000000062a000000| Untracked 
| 113|0x000000062a400000, 0x000000062a400000, 0x000000062a800000|  0%| F|  |TAMS 0x000000062a400000, 0x000000062a400000| Untracked 
| 114|0x000000062a800000, 0x000000062a800000, 0x000000062ac00000|  0%| F|  |TAMS 0x000000062a800000, 0x000000062a800000| Untracked 
| 115|0x000000062ac00000, 0x000000062ac00000, 0x000000062b000000|  0%| F|  |TAMS 0x000000062ac00000, 0x000000062ac00000| Untracked 
| 116|0x000000062b000000, 0x000000062b000000, 0x000000062b400000|  0%| F|  |TAMS 0x000000062b000000, 0x000000062b000000| Untracked 
| 117|0x000000062b400000, 0x000000062b400000, 0x000000062b800000|  0%| F|  |TAMS 0x000000062b400000, 0x000000062b400000| Untracked 
| 118|0x000000062b800000, 0x000000062b800000, 0x000000062bc00000|  0%| F|  |TAMS 0x000000062b800000, 0x000000062b800000| Untracked 
| 119|0x000000062bc00000, 0x000000062bc00000, 0x000000062c000000|  0%| F|  |TAMS 0x000000062bc00000, 0x000000062bc00000| Untracked 
| 120|0x000000062c000000, 0x000000062c000000, 0x000000062c400000|  0%| F|  |TAMS 0x000000062c000000, 0x000000062c000000| Untracked 
| 121|0x000000062c400000, 0x000000062c4fb840, 0x000000062c800000| 24%| E|  |TAMS 0x000000062c400000, 0x000000062c400000| Complete 
| 122|0x000000062c800000, 0x000000062cc00000, 0x000000062cc00000|100%| E|CS|TAMS 0x000000062c800000, 0x000000062c800000| Complete 
| 123|0x000000062cc00000, 0x000000062d000000, 0x000000062d000000|100%| E|CS|TAMS 0x000000062cc00000, 0x000000062cc00000| Complete 
| 124|0x000000062d000000, 0x000000062d400000, 0x000000062d400000|100%| E|CS|TAMS 0x000000062d000000, 0x000000062d000000| Complete 
|1990|0x00000007ff800000, 0x00000007ffb75000, 0x00000007ffc00000| 86%|OA|  |TAMS 0x00000007ff800000, 0x00000007ff800000| Untracked 
|1991|0x00000007ffc00000, 0x00000007ffc78000, 0x0000000800000000| 11%|CA|  |TAMS 0x00000007ffc00000, 0x00000007ffc00000| Untracked 

Card table byte_map: [0x000070fcab4e0000,0x000070fcac470000] _byte_map_base: 0x000070fca8470000

Marking Bits (Prev, Next): (CMBitMap*) 0x000070fcc405c7a0, (CMBitMap*) 0x000070fcc405c7e0
 Prev Bits: [0x000070fca28d0000, 0x000070fcaa550000)
 Next Bits: [0x000070fc9ac50000, 0x000070fca28d0000)

Polling page: 0x000070fccbaf7000

Metaspace:

Usage:
  Non-class:      3.77 MB used.
      Class:    348.50 KB used.
       Both:      4.11 MB used.

Virtual space:
  Non-class space:       64.00 MB reserved,       3.88 MB (  6%) committed,  1 nodes.
      Class space:        1.00 GB reserved,     448.00 KB ( <1%) committed,  1 nodes.
             Both:        1.06 GB reserved,       4.31 MB ( <1%) committed. 

Chunk freelists:
   Non-Class:  10.86 MB
       Class:  15.61 MB
        Both:  26.47 MB

MaxMetaspaceSize: unlimited
CompressedClassSpaceSize: 1.00 GB
Initial GC threshold: 21.00 MB
Current GC threshold: 21.00 MB
CDS: on
MetaspaceReclaimPolicy: balanced
 - commit_granule_bytes: 65536.
 - commit_granule_words: 8192.
 - virtual_space_node_default_size: 8388608.
 - enlarge_chunks_in_place: 1.
 - new_chunks_are_fully_committed: 0.
 - uncommit_free_chunks: 1.
 - use_allocation_guard: 0.
 - handle_deallocations: 1.


Internal statistics:

num_allocs_failed_limit: 0.
num_arena_births: 162.
num_arena_deaths: 0.
num_vsnodes_births: 2.
num_vsnodes_deaths: 0.
num_space_committed: 69.
num_space_uncommitted: 0.
num_chunks_returned_to_freelist: 0.
num_chunks_taken_from_freelist: 257.
num_chunk_merges: 0.
num_chunk_splits: 159.
num_chunks_enlarged: 76.
num_inconsistent_stats: 0.

CodeHeap 'non-profiled nmethods': size=120028Kb used=319Kb max_used=319Kb free=119708Kb
 bounds [0x000070fcb4ec9000, 0x000070fcb5139000, 0x000070fcbc400000]
CodeHeap 'profiled nmethods': size=120028Kb used=1364Kb max_used=1364Kb free=118663Kb
 bounds [0x000070fcad400000, 0x000070fcad670000, 0x000070fcb4937000]
CodeHeap 'non-nmethods': size=5704Kb used=1651Kb max_used=1669Kb free=4052Kb
 bounds [0x000070fcb4937000, 0x000070fcb4ba7000, 0x000070fcb4ec9000]
 total_blobs=1879 nmethods=849 adapters=944
 compilation: enabled
              stopped_count=0, restarted_count=0
 full_count=0

Compilation events (20 events):
Event: 0.278 Thread 0x000070fcc416a980 nmethod 843 0x000070fcad552890 code [0x000070fcad552a60, 0x000070fcad552ec0]
Event: 0.278 Thread 0x000070fcc416a980  837       1       java.lang.reflect.Field::getDeclaringClass (5 bytes)
Event: 0.278 Thread 0x000070fcc416a980 nmethod 837 0x000070fcb4f17390 code [0x000070fcb4f17520, 0x000070fcb4f175f0]
Event: 0.278 Thread 0x000070fcc416a980  840       1       java.lang.reflect.Field::getRoot (5 bytes)
Event: 0.278 Thread 0x000070fcc416a980 nmethod 840 0x000070fcb4f17690 code [0x000070fcb4f17820, 0x000070fcb4f178f0]
Event: 0.278 Thread 0x000070fcc416a980  826       3       java.lang.invoke.BoundMethodHandle::<init> (32 bytes)
Event: 0.278 Thread 0x000070fcc416a980 nmethod 826 0x000070fcad553010 code [0x000070fcad5531c0, 0x000070fcad553320]
Event: 0.278 Thread 0x000070fcc416a980  846       3       java.lang.Integer::valueOf (32 bytes)
Event: 0.279 Thread 0x000070fcc416a980 nmethod 846 0x000070fcad553410 code [0x000070fcad5535e0, 0x000070fcad5538f0]
Event: 0.279 Thread 0x000070fcc416a980  845       3       jdk.internal.misc.Unsafe::ensureClassInitialized (18 bytes)
Event: 0.279 Thread 0x000070fcc416a980 nmethod 845 0x000070fcad553a10 code [0x000070fcad553be0, 0x000070fcad553e30]
Event: 0.279 Thread 0x000070fcc416a980  847       3       java.lang.reflect.Modifier::isVolatile (13 bytes)
Event: 0.279 Thread 0x000070fcc416a980 nmethod 847 0x000070fcad553f10 code [0x000070fcad5540a0, 0x000070fcad5541d0]
Event: 0.279 Thread 0x000070fcc416a980  848       3       jdk.internal.reflect.MagicAccessorImpl::<init> (5 bytes)
Event: 0.279 Thread 0x000070fcc416a980 nmethod 848 0x000070fcad554290 code [0x000070fcad554440, 0x000070fcad554590]
Event: 0.279 Thread 0x000070fcc416a980  849       3       java.lang.ref.WeakReference::<init> (6 bytes)
Event: 0.279 Thread 0x000070fcc416a980 nmethod 849 0x000070fcad554690 code [0x000070fcad554840, 0x000070fcad554b50]
Event: 0.279 Thread 0x000070fcc416a980  844       3       java.lang.reflect.Field::getFieldAccessor (35 bytes)
Event: 0.279 Thread 0x000070fcc416a980 nmethod 844 0x000070fcad554c90 code [0x000070fcad554e40, 0x000070fcad555040]
Event: 0.292 Thread 0x000070fc181f9550 nmethod 820 0x000070fcb4f17990 code [0x000070fcb4f17b40, 0x000070fcb4f18938]

GC Heap History (0 events):
No events

Dll operation events (10 events):
Event: 0.001 Loaded shared library /usr/lib/jvm/java-17-amazon-corretto/lib/libjava.so
Event: 0.012 Loaded shared library /usr/lib/jvm/java-17-amazon-corretto/lib/libjsvml.so
Event: 0.055 Loaded shared library /usr/lib/jvm/java-17-amazon-corretto/lib/libnio.so
Event: 0.056 Loaded shared library /usr/lib/jvm/java-17-amazon-corretto/lib/libjimage.so
Event: 0.058 Loaded shared library /usr/lib/jvm/java-17-amazon-corretto/lib/libawt.so
Event: 0.063 Loaded shared library /usr/lib/jvm/java-17-amazon-corretto/lib/libawt_xawt.so
Event: 0.102 Loaded shared library /usr/lib/jvm/java-17-amazon-corretto/lib/libnet.so
Event: 0.104 Loaded shared library /usr/lib/jvm/java-17-amazon-corretto/lib/libfontmanager.so
Event: 0.154 Loaded shared library /usr/lib/jvm/java-17-amazon-corretto/lib/libzip.so
Event: 0.211 Loaded shared library /tmp/lwjgl_cookiebot/3.3.6+1/x64/liblwjgl.so

Deoptimization events (20 events):
Event: 0.274 Thread 0x000070fcc402d870 DEOPT PACKING pc=0x000070fcad51d8fc sp=0x000070fccb712f80
Event: 0.274 Thread 0x000070fcc402d870 DEOPT UNPACKING pc=0x000070fcb498de2f sp=0x000070fccb712428 mode 0
Event: 0.274 Thread 0x000070fcc402d870 DEOPT PACKING pc=0x000070fcad51d8fc sp=0x000070fccb712f80
Event: 0.274 Thread 0x000070fcc402d870 DEOPT UNPACKING pc=0x000070fcb498de2f sp=0x000070fccb712428 mode 0
Event: 0.274 Thread 0x000070fcc402d870 DEOPT PACKING pc=0x000070fcad51da44 sp=0x000070fccb712f80
Event: 0.274 Thread 0x000070fcc402d870 DEOPT UNPACKING pc=0x000070fcb498de2f sp=0x000070fccb712428 mode 0
Event: 0.274 Thread 0x000070fcc402d870 DEOPT PACKING pc=0x000070fcad51da0b sp=0x000070fccb712f80
Event: 0.274 Thread 0x000070fcc402d870 DEOPT UNPACKING pc=0x000070fcb498de2f sp=0x000070fccb712428 mode 0
Event: 0.274 Thread 0x000070fcc402d870 DEOPT PACKING pc=0x000070fcad51d8fc sp=0x000070fccb712f80
Event: 0.274 Thread 0x000070fcc402d870 DEOPT UNPACKING pc=0x000070fcb498de2f sp=0x000070fccb712428 mode 0
Event: 0.274 Thread 0x000070fcc402d870 DEOPT PACKING pc=0x000070fcad51d8fc sp=0x000070fccb712f80
Event: 0.274 Thread 0x000070fcc402d870 DEOPT UNPACKING pc=0x000070fcb498de2f sp=0x000070fccb712428 mode 0
Event: 0.274 Thread 0x000070fcc402d870 DEOPT PACKING pc=0x000070fcad51d8fc sp=0x000070fccb712f80
Event: 0.274 Thread 0x000070fcc402d870 DEOPT UNPACKING pc=0x000070fcb498de2f sp=0x000070fccb712428 mode 0
Event: 0.275 Thread 0x000070fcc402d870 DEOPT PACKING pc=0x000070fcad51d8fc sp=0x000070fccb712f80
Event: 0.275 Thread 0x000070fcc402d870 DEOPT UNPACKING pc=0x000070fcb498de2f sp=0x000070fccb712428 mode 0
Event: 0.275 Thread 0x000070fcc402d870 DEOPT PACKING pc=0x000070fcad51da44 sp=0x000070fccb712f80
Event: 0.275 Thread 0x000070fcc402d870 DEOPT UNPACKING pc=0x000070fcb498de2f sp=0x000070fccb712428 mode 0
Event: 0.275 Thread 0x000070fcc402d870 DEOPT PACKING pc=0x000070fcad51da0b sp=0x000070fccb712f80
Event: 0.275 Thread 0x000070fcc402d870 DEOPT UNPACKING pc=0x000070fcb498de2f sp=0x000070fccb712428 mode 0

Classes loaded (20 events):
Event: 0.252 Loading class sun/misc/Unsafe
Event: 0.252 Loading class sun/misc/Unsafe done
Event: 0.252 Loading class jdk/internal/reflect/UnsafeFieldAccessorFactory
Event: 0.253 Loading class jdk/internal/reflect/UnsafeFieldAccessorFactory done
Event: 0.253 Loading class jdk/internal/reflect/UnsafeQualifiedStaticObjectFieldAccessorImpl
Event: 0.253 Loading class jdk/internal/reflect/UnsafeQualifiedStaticFieldAccessorImpl
Event: 0.253 Loading class jdk/internal/reflect/UnsafeQualifiedStaticFieldAccessorImpl done
Event: 0.253 Loading class jdk/internal/reflect/UnsafeQualifiedStaticObjectFieldAccessorImpl done
Event: 0.254 Loading class java/util/function/LongPredicate
Event: 0.254 Loading class java/util/function/LongPredicate done
Event: 0.255 Loading class java/lang/NoSuchFieldError
Event: 0.255 Loading class java/lang/NoSuchFieldError done
Event: 0.255 Loading class jdk/internal/access/foreign/MemorySegmentProxy
Event: 0.255 Loading class jdk/internal/access/foreign/MemorySegmentProxy done
Event: 0.258 Loading class java/nio/InvalidMarkException
Event: 0.258 Loading class java/nio/InvalidMarkException done
Event: 0.258 Loading class java/nio/BufferUnderflowException
Event: 0.258 Loading class java/nio/BufferUnderflowException done
Event: 0.277 Loading class jdk/internal/reflect/UnsafeQualifiedStaticIntegerFieldAccessorImpl
Event: 0.277 Loading class jdk/internal/reflect/UnsafeQualifiedStaticIntegerFieldAccessorImpl done

Classes unloaded (0 events):
No events

Classes redefined (0 events):
No events

Internal exceptions (18 events):
Event: 0.049 Thread 0x000070fcc402d870 Exception <a 'java/lang/ClassNotFoundException'{0x000000062d044a38}: sun/awt/resources/spi/awtProvider> (0x000000062d044a38) 
thrown [src/hotspot/share/classfile/systemDictionary.cpp, line 256]
Event: 0.072 Thread 0x000070fcc402d870 Exception <a 'java/io/FileNotFoundException'{0x000000062d19c060}> (0x000000062d19c060) 
thrown [src/hotspot/share/prims/jni.cpp, line 516]
Event: 0.079 Thread 0x000070fcc402d870 Exception <a 'java/io/FileNotFoundException'{0x000000062d1c8d58}> (0x000000062d1c8d58) 
thrown [src/hotspot/share/prims/jni.cpp, line 516]
Event: 0.108 Thread 0x000070fcc402d870 Exception <a 'java/lang/NoSuchMethodError'{0x000000062d2ba730}: 'java.lang.Object java.lang.invoke.DirectMethodHandle$Holder.invokeStaticInit(java.lang.Object)'> (0x000000062d2ba730) 
thrown [src/hotspot/share/interpreter/linkResolver.cpp, line 759]
Event: 0.173 Thread 0x000070fcc402d870 Exception <a 'java/lang/NoSuchMethodError'{0x000000062ce60000}: 'void java.lang.invoke.DirectMethodHandle$Holder.invokeStatic(java.lang.Object, java.lang.Object)'> (0x000000062ce60000) 
thrown [src/hotspot/share/interpreter/linkResolver.cpp, line 759]
Event: 0.174 Thread 0x000070fcc402d870 Exception <a 'java/lang/NoSuchMethodError'{0x000000062ce65328}: 'void java.lang.invoke.DirectMethodHandle$Holder.invokeSpecial(java.lang.Object, java.lang.Object, java.lang.Object)'> (0x000000062ce65328) 
thrown [src/hotspot/share/interpreter/linkResolver.cpp, line 759]
Event: 0.175 Thread 0x000070fcc402d870 Exception <a 'java/lang/NoSuchMethodError'{0x000000062ce763c0}: 'java.lang.Object java.lang.invoke.DirectMethodHandle$Holder.invokeStatic(java.lang.Object, java.lang.Object, int)'> (0x000000062ce763c0) 
thrown [src/hotspot/share/interpreter/linkResolver.cpp, line 759]
Event: 0.176 Thread 0x000070fcc402d870 Exception <a 'java/lang/NoSuchMethodError'{0x000000062ce81648}: 'void java.lang.invoke.DelegatingMethodHandle$Holder.delegate(java.lang.Object, java.lang.Object, int, java.lang.Object)'> (0x000000062ce81648) 
thrown [src/hotspot/share/interpreter/linkResolver.cpp, line 759]
Event: 0.176 Thread 0x000070fcc402d870 Exception <a 'java/lang/NoSuchMethodError'{0x000000062ce85a60}: 'int java.lang.invoke.DirectMethodHandle$Holder.invokeSpecial(java.lang.Object, java.lang.Object, java.lang.Object)'> (0x000000062ce85a60) 
thrown [src/hotspot/share/interpreter/linkResolver.cpp, line 759]
Event: 0.214 Thread 0x000070fcc402d870 Exception <a 'sun/nio/fs/UnixException'{0x000000062c9dd020}> (0x000000062c9dd020) 
thrown [src/hotspot/share/prims/jni.cpp, line 516]
Event: 0.255 Thread 0x000070fcc402d870 Exception <a 'java/lang/NoSuchMethodError'{0x000000062c449978}: 'int java.lang.invoke.DirectMethodHandle$Holder.invokeStaticInit(java.lang.Object, java.lang.Object, int, long)'> (0x000000062c449978) 
thrown [src/hotspot/share/interpreter/linkResolver.cpp, line 759]
Event: 0.255 Thread 0x000070fcc427aec0 Exception <a 'sun/nio/fs/UnixException'{0x000000062cdafb00}> (0x000000062cdafb00) 
thrown [src/hotspot/share/prims/jni.cpp, line 516]
Event: 0.255 Thread 0x000070fcc402d870 Exception <a 'java/lang/NoSuchMethodError'{0x000000062c44f4e8}: 'java.lang.Object java.lang.invoke.DirectMethodHandle$Holder.newInvokeSpecial(java.lang.Object, java.lang.Object, int)'> (0x000000062c44f4e8) 
thrown [src/hotspot/share/interpreter/linkResolver.cpp, line 759]
Event: 0.256 Thread 0x000070fcc402d870 Exception <a 'java/lang/NoSuchMethodError'{0x000000062c45de08}: 'int java.lang.invoke.DirectMethodHandle$Holder.invokeStaticInit(java.lang.Object, java.lang.Object, long, long)'> (0x000000062c45de08) 
thrown [src/hotspot/share/interpreter/linkResolver.cpp, line 759]
Event: 0.257 Thread 0x000070fcc402d870 Exception <a 'java/lang/NoSuchMethodError'{0x000000062c463a98}: 'java.lang.Object java.lang.invoke.DirectMethodHandle$Holder.newInvokeSpecial(java.lang.Object, java.lang.Object, long)'> (0x000000062c463a98) 
thrown [src/hotspot/share/interpreter/linkResolver.cpp, line 759]
Event: 0.257 Thread 0x000070fcc402d870 Exception <a 'java/lang/NoSuchMethodError'{0x000000062c467608}: 'java.lang.Object java.lang.invoke.Invokers$Holder.linkToTargetMethod(java.lang.Object, long, java.lang.Object)'> (0x000000062c467608) 
thrown [src/hotspot/share/interpreter/linkResolver.cpp, line 759]
Event: 0.257 Thread 0x000070fcc402d870 Exception <a 'java/lang/NoSuchMethodError'{0x000000062c46ead8}: 'int java.lang.invoke.DirectMethodHandle$Holder.invokeStaticInit(java.lang.Object, java.lang.Object, java.lang.Object, long)'> (0x000000062c46ead8) 
thrown [src/hotspot/share/interpreter/linkResolver.cpp, line 759]
Event: 0.267 Thread 0x000070fcc402d870 Exception <a 'sun/nio/fs/UnixException'{0x000000062c4d1290}> (0x000000062c4d1290) 
thrown [src/hotspot/share/prims/jni.cpp, line 516]

VM Operations (14 events):
Event: 0.022 Executing VM operation: ChangeBreakpoints
Event: 0.022 Executing VM operation: ChangeBreakpoints done
Event: 0.114 Executing VM operation: HandshakeAllThreads
Event: 0.114 Executing VM operation: HandshakeAllThreads done
Event: 0.153 Executing VM operation: ChangeBreakpoints
Event: 0.153 Executing VM operation: ChangeBreakpoints done
Event: 0.153 Executing VM operation: ChangeBreakpoints
Event: 0.153 Executing VM operation: ChangeBreakpoints done
Event: 0.154 Executing VM operation: ChangeBreakpoints
Event: 0.154 Executing VM operation: ChangeBreakpoints done
Event: 0.154 Executing VM operation: ChangeBreakpoints
Event: 0.154 Executing VM operation: ChangeBreakpoints done
Event: 0.251 Executing VM operation: HandshakeAllThreads
Event: 0.251 Executing VM operation: HandshakeAllThreads done

Memory protections (18 events):
Event: 0.001 Protecting memory [0x000070fccb617000,0x000070fccb61b000] with protection modes 0
Event: 0.014 Protecting memory [0x000070fc3ef00000,0x000070fc3ef04000] with protection modes 0
Event: 0.014 Protecting memory [0x000070fc3ee00000,0x000070fc3ee04000] with protection modes 0
Event: 0.016 Protecting memory [0x000070fc3e700000,0x000070fc3e704000] with protection modes 0
Event: 0.016 Protecting memory [0x000070fc3e600000,0x000070fc3e604000] with protection modes 0
Event: 0.016 Protecting memory [0x000070fc3e500000,0x000070fc3e504000] with protection modes 0
Event: 0.016 Protecting memory [0x000070fc3e400000,0x000070fc3e404000] with protection modes 0
Event: 0.016 Protecting memory [0x000070fc3e300000,0x000070fc3e304000] with protection modes 0
Event: 0.016 Protecting memory [0x000070fc3e200000,0x000070fc3e204000] with protection modes 0
Event: 0.022 Protecting memory [0x000070fc3e100000,0x000070fc3e104000] with protection modes 0
Event: 0.022 Protecting memory [0x000070fc3dd00000,0x000070fc3dd04000] with protection modes 0
Event: 0.022 Protecting memory [0x000070fc3dc00000,0x000070fc3dc04000] with protection modes 0
Event: 0.037 Protecting memory [0x000070fc3db00000,0x000070fc3db04000] with protection modes 0
Event: 0.039 Protecting memory [0x000070fc3d8ff000,0x000070fc3d903000] with protection modes 0
Event: 0.109 Protecting memory [0x000070fc3d100000,0x000070fc3d104000] with protection modes 0
Event: 0.143 Protecting memory [0x000070fc3cd00000,0x000070fc3cd04000] with protection modes 0
Event: 0.151 Protecting memory [0x000070fc3c500000,0x000070fc3c504000] with protection modes 0
Event: 0.240 Protecting memory [0x000070fc3c100000,0x000070fc3c104000] with protection modes 0

Nmethod flushes (0 events):
No events

Events (18 events):
Event: 0.012 Thread 0x000070fcc402d870 Thread added: 0x000070fcc402d870
Event: 0.014 Thread 0x000070fcc402d870 Thread added: 0x000070fcc415e970
Event: 0.014 Thread 0x000070fcc402d870 Thread added: 0x000070fcc415fd50
Event: 0.016 Thread 0x000070fcc402d870 Thread added: 0x000070fcc41652e0
Event: 0.016 Thread 0x000070fcc402d870 Thread added: 0x000070fcc4166690
Event: 0.016 Thread 0x000070fcc402d870 Thread added: 0x000070fcc4167aa0
Event: 0.016 Thread 0x000070fcc402d870 Thread added: 0x000070fcc4169450
Event: 0.016 Thread 0x000070fcc402d870 Thread added: 0x000070fcc416a980
Event: 0.016 Thread 0x000070fcc402d870 Thread added: 0x000070fcc4173de0
Event: 0.022 Thread 0x000070fcc402d870 Thread added: 0x000070fcc418d690
Event: 0.022 Thread 0x000070fcc402d870 Thread added: 0x000070fcc4190420
Event: 0.022 Thread 0x000070fcc418d690 Thread added: 0x000070fc10001130
Event: 0.037 Thread 0x000070fcc402d870 Thread added: 0x000070fcc41912f0
Event: 0.039 Thread 0x000070fcc402d870 Thread added: 0x000070fcc4195310
Event: 0.109 Thread 0x000070fcc402d870 Thread added: 0x000070fcc4255e70
Event: 0.143 Thread 0x000070fcc416a980 Thread added: 0x000070fc18157380
Event: 0.151 Thread 0x000070fcc402d870 Thread added: 0x000070fcc427aec0
Event: 0.240 Thread 0x000070fcc416a980 Thread added: 0x000070fc181f9550


Dynamic libraries:
60e000000-62d400000 rw-p 00000000 00:00 0 
62d400000-7ff800000 ---p 00000000 00:00 0 
7ff800000-7ffb00000 rw-p 00000000 00:00 0 
7ffb00000-7ffb75000 rw-p 00c7a000 103:05 15074430                        /usr/lib/jvm/java-17-amazon-corretto/lib/server/classes.jsa
7ffb75000-7ffc00000 rw-p 00000000 00:00 0 
7ffc00000-7ffc78000 rw-p 00c02000 103:05 15074430                        /usr/lib/jvm/java-17-amazon-corretto/lib/server/classes.jsa
7ffc78000-800000000 rw-p 00000000 00:00 0 
5704af000000-5704af001000 r-xp 00000000 103:05 15077193                  /usr/lib/jvm/java-17-amazon-corretto/bin/java
5704af201000-5704af202000 r--p 00001000 103:05 15077193                  /usr/lib/jvm/java-17-amazon-corretto/bin/java
5704af202000-5704af203000 rw-p 00002000 103:05 15077193                  /usr/lib/jvm/java-17-amazon-corretto/bin/java
5704c3e57000-5704c3ea1000 rw-p 00000000 00:00 0                          [heap]
70fbec000000-70fbec282000 rw-p 00000000 00:00 0 
70fbec282000-70fbf0000000 ---p 00000000 00:00 0 
70fbf0000000-70fbf01ca000 rw-p 00000000 00:00 0 
70fbf01ca000-70fbf4000000 ---p 00000000 00:00 0 
70fbf5f91000-70fbf5f98000 r--p 00000000 103:05 14971447                  /usr/lib/x86_64-linux-gnu/libblkid.so.1.1.0
70fbf5f98000-70fbf5fbc000 r-xp 00007000 103:05 14971447                  /usr/lib/x86_64-linux-gnu/libblkid.so.1.1.0
70fbf5fbc000-70fbf5fc5000 r--p 0002b000 103:05 14971447                  /usr/lib/x86_64-linux-gnu/libblkid.so.1.1.0
70fbf5fc5000-70fbf5fcb000 r--p 00033000 103:05 14971447                  /usr/lib/x86_64-linux-gnu/libblkid.so.1.1.0
70fbf5fcb000-70fbf5fcc000 rw-p 00039000 103:05 14971447                  /usr/lib/x86_64-linux-gnu/libblkid.so.1.1.0
70fbf60d1000-70fbf60da000 r--p 00000000 103:05 14970096                  /usr/lib/x86_64-linux-gnu/libmount.so.1.1.0
70fbf60da000-70fbf610e000 r-xp 00009000 103:05 14970096                  /usr/lib/x86_64-linux-gnu/libmount.so.1.1.0
70fbf610e000-70fbf611b000 r--p 0003d000 103:05 14970096                  /usr/lib/x86_64-linux-gnu/libmount.so.1.1.0
70fbf611b000-70fbf611d000 r--p 00049000 103:05 14970096                  /usr/lib/x86_64-linux-gnu/libmount.so.1.1.0
70fbf611d000-70fbf611e000 rw-p 0004b000 103:05 14970096                  /usr/lib/x86_64-linux-gnu/libmount.so.1.1.0
70fbf6550000-70fbf6589000 r--p 00000000 103:05 14942577                  /usr/lib/x86_64-linux-gnu/libgio-2.0.so.0.8000.0
70fbf6589000-70fbf66a0000 r-xp 00039000 103:05 14942577                  /usr/lib/x86_64-linux-gnu/libgio-2.0.so.0.8000.0
70fbf66a0000-70fbf6715000 r--p 00150000 103:05 14942577                  /usr/lib/x86_64-linux-gnu/libgio-2.0.so.0.8000.0
70fbf6715000-70fbf671d000 r--p 001c4000 103:05 14942577                  /usr/lib/x86_64-linux-gnu/libgio-2.0.so.0.8000.0
70fbf671d000-70fbf671e000 rw-p 001cc000 103:05 14942577                  /usr/lib/x86_64-linux-gnu/libgio-2.0.so.0.8000.0
70fbf671e000-70fbf6720000 rw-p 00000000 00:00 0 
70fbf7000000-70fbf7800000 rw-p 00000000 00:00 0 
70fbf7800000-70fbf7808000 r--p 00000000 103:05 3014752                   /tmp/lwjgl_cookiebot/3.3.6+1/x64/libjemalloc.so
70fbf7808000-70fbf7860000 r-xp 00008000 103:05 3014752                   /tmp/lwjgl_cookiebot/3.3.6+1/x64/libjemalloc.so
70fbf7860000-70fbf7871000 r--p 00060000 103:05 3014752                   /tmp/lwjgl_cookiebot/3.3.6+1/x64/libjemalloc.so
70fbf7871000-70fbf7872000 ---p 00071000 103:05 3014752                   /tmp/lwjgl_cookiebot/3.3.6+1/x64/libjemalloc.so
70fbf7872000-70fbf7878000 r--p 00071000 103:05 3014752                   /tmp/lwjgl_cookiebot/3.3.6+1/x64/libjemalloc.so
70fbf7878000-70fbf7879000 rw-p 00077000 103:05 3014752                   /tmp/lwjgl_cookiebot/3.3.6+1/x64/libjemalloc.so
70fbf7879000-70fbf7a83000 rw-p 00000000 00:00 0 
70fbf7a8a000-70fbf7a90000 r--p 00000000 103:05 14942867                  /usr/lib/x86_64-linux-gnu/libselinux.so.1
70fbf7a90000-70fbf7aad000 r-xp 00006000 103:05 14942867                  /usr/lib/x86_64-linux-gnu/libselinux.so.1
70fbf7aad000-70fbf7ab3000 r--p 00023000 103:05 14942867                  /usr/lib/x86_64-linux-gnu/libselinux.so.1
70fbf7ab3000-70fbf7ab4000 r--p 00029000 103:05 14942867                  /usr/lib/x86_64-linux-gnu/libselinux.so.1
70fbf7ab4000-70fbf7ab5000 rw-p 0002a000 103:05 14942867                  /usr/lib/x86_64-linux-gnu/libselinux.so.1
70fbf7ab5000-70fbf7ab7000 rw-p 00000000 00:00 0 
70fbf7ab7000-70fbf7ad5000 r--p 00000000 103:05 14942585                  /usr/lib/x86_64-linux-gnu/libglib-2.0.so.0.8000.0
70fbf7ad5000-70fbf7b75000 r-xp 0001e000 103:05 14942585                  /usr/lib/x86_64-linux-gnu/libglib-2.0.so.0.8000.0
70fbf7b75000-70fbf7bfd000 r--p 000be000 103:05 14942585                  /usr/lib/x86_64-linux-gnu/libglib-2.0.so.0.8000.0
70fbf7bfd000-70fbf7bfe000 r--p 00146000 103:05 14942585                  /usr/lib/x86_64-linux-gnu/libglib-2.0.so.0.8000.0
70fbf7bfe000-70fbf7bff000 rw-p 00147000 103:05 14942585                  /usr/lib/x86_64-linux-gnu/libglib-2.0.so.0.8000.0
70fbf7bff000-70fbf7c00000 rw-p 00000000 00:00 0 
70fbf7c00000-70fbf7c07000 r-xp 00000000 103:05 15074263                  /usr/lib/jvm/java-17-amazon-corretto/lib/libzip.so
70fbf7c07000-70fbf7e07000 ---p 00007000 103:05 15074263                  /usr/lib/jvm/java-17-amazon-corretto/lib/libzip.so
70fbf7e07000-70fbf7e08000 r--p 00007000 103:05 15074263                  /usr/lib/jvm/java-17-amazon-corretto/lib/libzip.so
70fbf7e08000-70fbf7e09000 rw-p 00000000 00:00 0 
70fbf7e22000-70fbf7e24000 r--p 00000000 103:05 14942599                  /usr/lib/x86_64-linux-gnu/libpcre2-8.so.0.11.2
70fbf7e24000-70fbf7e92000 r-xp 00002000 103:05 14942599                  /usr/lib/x86_64-linux-gnu/libpcre2-8.so.0.11.2
70fbf7e92000-70fbf7eba000 r--p 00070000 103:05 14942599                  /usr/lib/x86_64-linux-gnu/libpcre2-8.so.0.11.2
70fbf7eba000-70fbf7ebb000 r--p 00097000 103:05 14942599                  /usr/lib/x86_64-linux-gnu/libpcre2-8.so.0.11.2
70fbf7ebb000-70fbf7ebc000 rw-p 00098000 103:05 14942599                  /usr/lib/x86_64-linux-gnu/libpcre2-8.so.0.11.2
70fbf7f01000-70fbf8000000 rw-s 00000000 00:01 228308                     /memfd:wayland-cursor (deleted)
70fbf8000000-70fbf8021000 rw-p 00000000 00:00 0 
70fbf8021000-70fbfc000000 ---p 00000000 00:00 0 
70fbfc000000-70fbfc263000 rw-p 00000000 00:00 0 
70fbfc263000-70fc00000000 ---p 00000000 00:00 0 
70fc00000000-70fc00021000 rw-p 00000000 00:00 0 
70fc00021000-70fc04000000 ---p 00000000 00:00 0 
70fc04000000-70fc04021000 rw-p 00000000 00:00 0 
70fc04021000-70fc08000000 ---p 00000000 00:00 0 
70fc08000000-70fc08021000 rw-p 00000000 00:00 0 
70fc08021000-70fc0c000000 ---p 00000000 00:00 0 
70fc0c000000-70fc0c021000 rw-p 00000000 00:00 0 
70fc0c021000-70fc10000000 ---p 00000000 00:00 0 
70fc10000000-70fc10021000 rw-p 00000000 00:00 0 
70fc10021000-70fc14000000 ---p 00000000 00:00 0 
70fc14000000-70fc14021000 rw-p 00000000 00:00 0 
70fc14021000-70fc18000000 ---p 00000000 00:00 0 
70fc18000000-70fc18384000 rw-p 00000000 00:00 0 
70fc18384000-70fc1c000000 ---p 00000000 00:00 0 
70fc1c000000-70fc1c021000 rw-p 00000000 00:00 0 
70fc1c021000-70fc20000000 ---p 00000000 00:00 0 
70fc20000000-70fc20021000 rw-p 00000000 00:00 0 
70fc20021000-70fc24000000 ---p 00000000 00:00 0 
70fc24000000-70fc2432a000 rw-p 00000000 00:00 0 
70fc2432a000-70fc28000000 ---p 00000000 00:00 0 
70fc28000000-70fc28021000 rw-p 00000000 00:00 0 
70fc28021000-70fc2c000000 ---p 00000000 00:00 0 
70fc2c000000-70fc2c021000 rw-p 00000000 00:00 0 
70fc2c021000-70fc30000000 ---p 00000000 00:00 0 
70fc30000000-70fc30021000 rw-p 00000000 00:00 0 
70fc30021000-70fc34000000 ---p 00000000 00:00 0 
70fc34000000-70fc34021000 rw-p 00000000 00:00 0 
70fc34021000-70fc38000000 ---p 00000000 00:00 0 
70fc38000000-70fc38021000 rw-p 00000000 00:00 0 
70fc38021000-70fc3c000000 ---p 00000000 00:00 0 
70fc3c001000-70fc3c100000 rw-s 00000000 00:01 231348                     /memfd:wayland-cursor (deleted)
70fc3c100000-70fc3c104000 ---p 00000000 00:00 0 
70fc3c104000-70fc3c200000 rw-p 00000000 00:00 0 
70fc3c200000-70fc3c2af000 r-xp 00000000 103:05 15074436                  /usr/lib/jvm/java-17-amazon-corretto/lib/libfreetype.so
70fc3c2af000-70fc3c4af000 ---p 000af000 103:05 15074436                  /usr/lib/jvm/java-17-amazon-corretto/lib/libfreetype.so
70fc3c4af000-70fc3c4b5000 r--p 000af000 103:05 15074436                  /usr/lib/jvm/java-17-amazon-corretto/lib/libfreetype.so
70fc3c4b5000-70fc3c4b6000 rw-p 00000000 00:00 0 
70fc3c500000-70fc3c504000 ---p 00000000 00:00 0 
70fc3c504000-70fc3c600000 rw-p 00000000 00:00 0 
70fc3c600000-70fc3c7a7000 r-xp 00000000 103:05 15074435                  /usr/lib/jvm/java-17-amazon-corretto/lib/libfontmanager.so
70fc3c7a7000-70fc3c9a6000 ---p 001a7000 103:05 15074435                  /usr/lib/jvm/java-17-amazon-corretto/lib/libfontmanager.so
70fc3c9a6000-70fc3c9a8000 r--p 001a6000 103:05 15074435                  /usr/lib/jvm/java-17-amazon-corretto/lib/libfontmanager.so
70fc3c9a8000-70fc3c9a9000 rw-p 001a8000 103:05 15074435                  /usr/lib/jvm/java-17-amazon-corretto/lib/libfontmanager.so
70fc3c9a9000-70fc3c9aa000 rw-p 00000000 00:00 0 
70fc3ca00000-70fc3ca6e000 r-xp 00000000 103:05 15074434                  /usr/lib/jvm/java-17-amazon-corretto/lib/libawt_xawt.so
70fc3ca6e000-70fc3cc6e000 ---p 0006e000 103:05 15074434                  /usr/lib/jvm/java-17-amazon-corretto/lib/libawt_xawt.so
70fc3cc6e000-70fc3cc73000 r--p 0006e000 103:05 15074434                  /usr/lib/jvm/java-17-amazon-corretto/lib/libawt_xawt.so
70fc3cc73000-70fc3cc75000 rw-p 00073000 103:05 15074434                  /usr/lib/jvm/java-17-amazon-corretto/lib/libawt_xawt.so
70fc3cc75000-70fc3cc77000 rw-p 00000000 00:00 0 
70fc3cd00000-70fc3cd04000 ---p 00000000 00:00 0 
70fc3cd04000-70fc3ce00000 rw-p 00000000 00:00 0 
70fc3ce00000-70fc3cebc000 r-xp 00000000 103:05 15074432                  /usr/lib/jvm/java-17-amazon-corretto/lib/libawt.so
70fc3cebc000-70fc3d0bc000 ---p 000bc000 103:05 15074432                  /usr/lib/jvm/java-17-amazon-corretto/lib/libawt.so
70fc3d0bc000-70fc3d0bd000 r--p 000bc000 103:05 15074432                  /usr/lib/jvm/java-17-amazon-corretto/lib/libawt.so
70fc3d0bd000-70fc3d0c8000 rw-p 000bd000 103:05 15074432                  /usr/lib/jvm/java-17-amazon-corretto/lib/libawt.so
70fc3d0c8000-70fc3d0ed000 rw-p 00000000 00:00 0 
70fc3d100000-70fc3d104000 ---p 00000000 00:00 0 
70fc3d104000-70fc3d200000 rw-p 00000000 00:00 0 
70fc3d200000-70fc3d215000 r-xp 00000000 103:05 15074260                  /usr/lib/jvm/java-17-amazon-corretto/lib/libnet.so
70fc3d215000-70fc3d414000 ---p 00015000 103:05 15074260                  /usr/lib/jvm/java-17-amazon-corretto/lib/libnet.so
70fc3d414000-70fc3d415000 r--p 00014000 103:05 15074260                  /usr/lib/jvm/java-17-amazon-corretto/lib/libnet.so
70fc3d415000-70fc3d416000 rw-p 00015000 103:05 15074260                  /usr/lib/jvm/java-17-amazon-corretto/lib/libnet.so
70fc3d4c3000-70fc3d4dc000 r--p 00000000 103:05 14950133                  /usr/lib/x86_64-linux-gnu/libX11.so.6.4.0
70fc3d4dc000-70fc3d56c000 r-xp 00019000 103:05 14950133                  /usr/lib/x86_64-linux-gnu/libX11.so.6.4.0
70fc3d56c000-70fc3d5fb000 r--p 000a9000 103:05 14950133                  /usr/lib/x86_64-linux-gnu/libX11.so.6.4.0
70fc3d5fb000-70fc3d5fc000 r--p 00138000 103:05 14950133                  /usr/lib/x86_64-linux-gnu/libX11.so.6.4.0
70fc3d5fc000-70fc3d600000 rw-p 00139000 103:05 14950133                  /usr/lib/x86_64-linux-gnu/libX11.so.6.4.0
70fc3d600000-70fc3d612000 r-xp 00000000 103:05 15074261                  /usr/lib/jvm/java-17-amazon-corretto/lib/libnio.so
70fc3d612000-70fc3d812000 ---p 00012000 103:05 15074261                  /usr/lib/jvm/java-17-amazon-corretto/lib/libnio.so
70fc3d812000-70fc3d813000 r--p 00012000 103:05 15074261                  /usr/lib/jvm/java-17-amazon-corretto/lib/libnio.so
70fc3d813000-70fc3d814000 rw-p 00013000 103:05 15074261                  /usr/lib/jvm/java-17-amazon-corretto/lib/libnio.so
70fc3d82f000-70fc3d8ff000 rw-s 00000000 00:01 231347                     /memfd:wayland-cursor (deleted)
70fc3d8ff000-70fc3d903000 ---p 00000000 00:00 0 
70fc3d903000-70fc3d9ff000 rw-p 00000000 00:00 0 
70fc3d9ff000-70fc3da00000 ---p 00000000 00:00 0 
70fc3da00000-70fc3db00000 rw-p 00000000 00:00 0 
70fc3db00000-70fc3db04000 ---p 00000000 00:00 0 
70fc3db04000-70fc3dc00000 rw-p 00000000 00:00 0 
70fc3dc00000-70fc3dc04000 ---p 00000000 00:00 0 
70fc3dc04000-70fc3dd00000 rw-p 00000000 00:00 0 
70fc3dd00000-70fc3dd04000 ---p 00000000 00:00 0 
70fc3dd04000-70fc3de00000 rw-p 00000000 00:00 0 
70fc3de00000-70fc3de05000 r-xp 00000000 103:05 15074897                  /usr/lib/jvm/java-17-amazon-corretto/lib/libdt_socket.so
70fc3de05000-70fc3e004000 ---p 00005000 103:05 15074897                  /usr/lib/jvm/java-17-amazon-corretto/lib/libdt_socket.so
70fc3e004000-70fc3e005000 r--p 00004000 103:05 15074897                  /usr/lib/jvm/java-17-amazon-corretto/lib/libdt_socket.so
70fc3e005000-70fc3e006000 rw-p 00005000 103:05 15074897                  /usr/lib/jvm/java-17-amazon-corretto/lib/libdt_socket.so
70fc3e030000-70fc3e100000 rw-s 00000000 00:01 228307                     /memfd:wayland-cursor (deleted)
70fc3e100000-70fc3e104000 ---p 00000000 00:00 0 
70fc3e104000-70fc3e200000 rw-p 00000000 00:00 0 
70fc3e200000-70fc3e204000 ---p 00000000 00:00 0 
70fc3e204000-70fc3e300000 rw-p 00000000 00:00 0 
70fc3e300000-70fc3e304000 ---p 00000000 00:00 0 
70fc3e304000-70fc3e400000 rw-p 00000000 00:00 0 
70fc3e400000-70fc3e404000 ---p 00000000 00:00 0 
70fc3e404000-70fc3e500000 rw-p 00000000 00:00 0 
70fc3e500000-70fc3e504000 ---p 00000000 00:00 0 
70fc3e504000-70fc3e600000 rw-p 00000000 00:00 0 
70fc3e600000-70fc3e604000 ---p 00000000 00:00 0 
70fc3e604000-70fc3e700000 rw-p 00000000 00:00 0 
70fc3e700000-70fc3e704000 ---p 00000000 00:00 0 
70fc3e704000-70fc3e800000 rw-p 00000000 00:00 0 
70fc3e800000-70fc3ed75000 r--p 00000000 103:05 14942597                  /usr/lib/locale/locale-archive
70fc3edc8000-70fc3edcd000 r--p 00000000 103:05 14942481                  /usr/lib/x86_64-linux-gnu/libpng16.so.16.43.0
70fc3edcd000-70fc3edf5000 r-xp 00005000 103:05 14942481                  /usr/lib/x86_64-linux-gnu/libpng16.so.16.43.0
70fc3edf5000-70fc3edfe000 r--p 0002d000 103:05 14942481                  /usr/lib/x86_64-linux-gnu/libpng16.so.16.43.0
70fc3edfe000-70fc3edff000 r--p 00035000 103:05 14942481                  /usr/lib/x86_64-linux-gnu/libpng16.so.16.43.0
70fc3edff000-70fc3ee00000 rw-p 00036000 103:05 14942481                  /usr/lib/x86_64-linux-gnu/libpng16.so.16.43.0
70fc3ee00000-70fc3ee04000 ---p 00000000 00:00 0 
70fc3ee04000-70fc3ef00000 rw-p 00000000 00:00 0 
70fc3ef00000-70fc3ef04000 ---p 00000000 00:00 0 
70fc3ef04000-70fc3f000000 rw-p 00000000 00:00 0 
70fc3f000000-70fc3f2b0000 rw-p 00000000 00:00 0 
70fc3f2b0000-70fc3f400000 ---p 00000000 00:00 0 
70fc3f400000-70fc3f530000 rw-p 00000000 00:00 0 
70fc3f530000-70fc43000000 ---p 00000000 00:00 0 
70fc43000000-70fc43bca000 rw-p 00001000 103:05 15074430                  /usr/lib/jvm/java-17-amazon-corretto/lib/server/classes.jsa
70fc43bca000-70fc44000000 ---p 00000000 00:00 0 
70fc44000000-70fc44030000 rw-p 00000000 00:00 0 
70fc44030000-70fc44040000 ---p 00000000 00:00 0 
70fc44040000-70fc44080000 rw-p 00000000 00:00 0 
70fc44080000-70fc84000000 ---p 00000000 00:00 0 
70fc84000000-70fc84021000 rw-p 00000000 00:00 0 
70fc84021000-70fc88000000 ---p 00000000 00:00 0 
70fc88000000-70fc88021000 rw-p 00000000 00:00 0 
70fc88021000-70fc8c000000 ---p 00000000 00:00 0 
70fc8c000000-70fc8c021000 rw-p 00000000 00:00 0 
70fc8c021000-70fc90000000 ---p 00000000 00:00 0 
70fc90000000-70fc90021000 rw-p 00000000 00:00 0 
70fc90021000-70fc94000000 ---p 00000000 00:00 0 
70fc94000000-70fc94021000 rw-p 00000000 00:00 0 
70fc94021000-70fc98000000 ---p 00000000 00:00 0 
70fc98005000-70fc98014000 r--p 00000000 103:05 14942608                  /usr/lib/x86_64-linux-gnu/libgobject-2.0.so.0.8000.0
70fc98014000-70fc9804b000 r-xp 0000f000 103:05 14942608                  /usr/lib/x86_64-linux-gnu/libgobject-2.0.so.0.8000.0
70fc9804b000-70fc98064000 r--p 00046000 103:05 14942608                  /usr/lib/x86_64-linux-gnu/libgobject-2.0.so.0.8000.0
70fc98064000-70fc98067000 r--p 0005e000 103:05 14942608                  /usr/lib/x86_64-linux-gnu/libgobject-2.0.so.0.8000.0
70fc98067000-70fc98068000 rw-p 00061000 103:05 14942608                  /usr/lib/x86_64-linux-gnu/libgobject-2.0.so.0.8000.0
70fc98068000-70fc98078000 r--p 00000000 103:05 3014751                   /tmp/lwjgl_cookiebot/3.3.6+1/x64/libglfw.so
70fc98078000-70fc98099000 r-xp 00010000 103:05 3014751                   /tmp/lwjgl_cookiebot/3.3.6+1/x64/libglfw.so
70fc98099000-70fc980d5000 r--p 00031000 103:05 3014751                   /tmp/lwjgl_cookiebot/3.3.6+1/x64/libglfw.so
70fc980d5000-70fc980d9000 r--p 0006c000 103:05 3014751                   /tmp/lwjgl_cookiebot/3.3.6+1/x64/libglfw.so
70fc980d9000-70fc980dc000 rw-p 00070000 103:05 3014751                   /tmp/lwjgl_cookiebot/3.3.6+1/x64/libglfw.so
70fc980dc000-70fc980ff000 rw-p 00000000 00:00 0 
70fc980ff000-70fc98100000 ---p 00000000 00:00 0 
70fc98100000-70fc98200000 rw-p 00000000 00:00 0 
70fc98200000-70fc982ce000 r-xp 00000000 103:05 15074832                  /usr/lib/jvm/java-17-amazon-corretto/lib/libjsvml.so
70fc982ce000-70fc984cd000 ---p 000ce000 103:05 15074832                  /usr/lib/jvm/java-17-amazon-corretto/lib/libjsvml.so
70fc984cd000-70fc984ce000 r--p 000cd000 103:05 15074832                  /usr/lib/jvm/java-17-amazon-corretto/lib/libjsvml.so
70fc984ce000-70fc984cf000 rw-p 000ce000 103:05 15074832                  /usr/lib/jvm/java-17-amazon-corretto/lib/libjsvml.so
70fc984f9000-70fc984fa000 ---p 00000000 00:00 0 
70fc984fa000-70fc985fa000 rw-p 00000000 00:00 0 
70fc985fa000-70fc985fb000 ---p 00000000 00:00 0 
70fc985fb000-70fc986fb000 rw-p 00000000 00:00 0 
70fc986fb000-70fc9ac00000 rw-p 00000000 00:00 0 
70fc9ac50000-70fc9b420000 rw-p 00000000 00:00 0 
70fc9b420000-70fca28b0000 ---p 00000000 00:00 0 
70fca28b0000-70fca30a0000 rw-p 00000000 00:00 0 
70fca30a0000-70fcaa530000 ---p 00000000 00:00 0 
70fcaa530000-70fcaa64a000 rw-p 00000000 00:00 0 
70fcaa64a000-70fcab4dc000 ---p 00000000 00:00 0 
70fcab4dc000-70fcab5da000 rw-p 00000000 00:00 0 
70fcab5da000-70fcac46c000 ---p 00000000 00:00 0 
70fcac46c000-70fcac56a000 rw-p 00000000 00:00 0 
70fcac56a000-70fcad3fc000 ---p 00000000 00:00 0 
70fcad3fc000-70fcad400000 rw-p 00000000 00:00 0 
70fcad400000-70fcad670000 rwxp 00000000 00:00 0 
70fcad670000-70fcb4937000 ---p 00000000 00:00 0 
70fcb4937000-70fcb4ba7000 rwxp 00000000 00:00 0 
70fcb4ba7000-70fcb4ec9000 ---p 00000000 00:00 0 
70fcb4ec9000-70fcb5139000 rwxp 00000000 00:00 0 
70fcb5139000-70fcbc400000 ---p 00000000 00:00 0 
70fcbc400000-70fcc3ff3000 r--s 00000000 103:05 15074230                  /usr/lib/jvm/java-17-amazon-corretto/lib/modules
70fcc4000000-70fcc4731000 rw-p 00000000 00:00 0 
70fcc4731000-70fcc8000000 ---p 00000000 00:00 0 
70fcc8017000-70fcc801b000 r--p 00000000 103:05 14951002                  /usr/lib/x86_64-linux-gnu/libdecor-0.so.0.200.2
70fcc801b000-70fcc801e000 r-xp 00004000 103:05 14951002                  /usr/lib/x86_64-linux-gnu/libdecor-0.so.0.200.2
70fcc801e000-70fcc8020000 r--p 00007000 103:05 14951002                  /usr/lib/x86_64-linux-gnu/libdecor-0.so.0.200.2
70fcc8020000-70fcc8021000 r--p 00008000 103:05 14951002                  /usr/lib/x86_64-linux-gnu/libdecor-0.so.0.200.2
70fcc8021000-70fcc8022000 rw-p 00009000 103:05 14951002                  /usr/lib/x86_64-linux-gnu/libdecor-0.so.0.200.2
70fcc8022000-70fcc8027000 r--p 00000000 103:05 14971451                  /usr/lib/x86_64-linux-gnu/libxkbcommon.so.0.0.0
70fcc8027000-70fcc8047000 r-xp 00005000 103:05 14971451                  /usr/lib/x86_64-linux-gnu/libxkbcommon.so.0.0.0
70fcc8047000-70fcc8068000 r--p 00025000 103:05 14971451                  /usr/lib/x86_64-linux-gnu/libxkbcommon.so.0.0.0
70fcc8068000-70fcc806a000 r--p 00045000 103:05 14971451                  /usr/lib/x86_64-linux-gnu/libxkbcommon.so.0.0.0
70fcc806a000-70fcc806b000 rw-p 00047000 103:05 14971451                  /usr/lib/x86_64-linux-gnu/libxkbcommon.so.0.0.0
70fcc806b000-70fcc806d000 r--p 00000000 103:05 14964482                  /usr/lib/x86_64-linux-gnu/libwayland-cursor.so.0.22.0
70fcc806d000-70fcc806f000 r-xp 00002000 103:05 14964482                  /usr/lib/x86_64-linux-gnu/libwayland-cursor.so.0.22.0
70fcc806f000-70fcc8070000 r--p 00004000 103:05 14964482                  /usr/lib/x86_64-linux-gnu/libwayland-cursor.so.0.22.0
70fcc8070000-70fcc8071000 r--p 00004000 103:05 14964482                  /usr/lib/x86_64-linux-gnu/libwayland-cursor.so.0.22.0
70fcc8071000-70fcc8075000 rw-p 00005000 103:05 14964482                  /usr/lib/x86_64-linux-gnu/libwayland-cursor.so.0.22.0
70fcc8075000-70fcc80a1000 r--p 00000000 103:05 3014749                   /tmp/lwjgl_cookiebot/3.3.6+1/x64/liblwjgl.so
70fcc80a1000-70fcc80d5000 r-xp 0002c000 103:05 3014749                   /tmp/lwjgl_cookiebot/3.3.6+1/x64/liblwjgl.so
70fcc80d5000-70fcc80ef000 r--p 00060000 103:05 3014749                   /tmp/lwjgl_cookiebot/3.3.6+1/x64/liblwjgl.so
70fcc80ef000-70fcc80f0000 r--p 00079000 103:05 3014749                   /tmp/lwjgl_cookiebot/3.3.6+1/x64/liblwjgl.so
70fcc80f0000-70fcc80f1000 rw-p 0007a000 103:05 3014749                   /tmp/lwjgl_cookiebot/3.3.6+1/x64/liblwjgl.so
70fcc80f1000-70fcc85f6000 rw-p 00000000 00:00 0 
70fcc85f6000-70fcc85f7000 ---p 00000000 00:00 0 
70fcc85f7000-70fcc86f7000 rw-p 00000000 00:00 0 
70fcc86f7000-70fcc86f8000 ---p 00000000 00:00 0 
70fcc86f8000-70fcc87f8000 rw-p 00000000 00:00 0 
70fcc87f8000-70fcc87f9000 ---p 00000000 00:00 0 
70fcc87f9000-70fcc88f9000 rw-p 00000000 00:00 0 
70fcc88f9000-70fcc9000000 rw-p 00000000 00:00 0 
70fcc9000000-70fcc9024000 r-xp 00000000 103:05 15074239                  /usr/lib/jvm/java-17-amazon-corretto/lib/libjava.so
70fcc9024000-70fcc9224000 ---p 00024000 103:05 15074239                  /usr/lib/jvm/java-17-amazon-corretto/lib/libjava.so
70fcc9224000-70fcc9225000 r--p 00024000 103:05 15074239                  /usr/lib/jvm/java-17-amazon-corretto/lib/libjava.so
70fcc9225000-70fcc9226000 rw-p 00025000 103:05 15074239                  /usr/lib/jvm/java-17-amazon-corretto/lib/libjava.so
70fcc9226000-70fcc9227000 rw-p 00000000 00:00 0 
70fcc9228000-70fcc922a000 r--p 00000000 103:05 14942607                  /usr/lib/x86_64-linux-gnu/libgmodule-2.0.so.0.8000.0
70fcc922a000-70fcc922c000 r-xp 00002000 103:05 14942607                  /usr/lib/x86_64-linux-gnu/libgmodule-2.0.so.0.8000.0
70fcc922c000-70fcc922d000 r--p 00004000 103:05 14942607                  /usr/lib/x86_64-linux-gnu/libgmodule-2.0.so.0.8000.0
70fcc922d000-70fcc922e000 r--p 00004000 103:05 14942607                  /usr/lib/x86_64-linux-gnu/libgmodule-2.0.so.0.8000.0
70fcc922e000-70fcc922f000 rw-p 00005000 103:05 14942607                  /usr/lib/x86_64-linux-gnu/libgmodule-2.0.so.0.8000.0
70fcc9246000-70fcc9248000 r--p 00000000 103:05 14943111                  /usr/lib/x86_64-linux-gnu/libmd.so.0.1.0
70fcc9248000-70fcc9251000 r-xp 00002000 103:05 14943111                  /usr/lib/x86_64-linux-gnu/libmd.so.0.1.0
70fcc9251000-70fcc9253000 r--p 0000b000 103:05 14943111                  /usr/lib/x86_64-linux-gnu/libmd.so.0.1.0
70fcc9253000-70fcc9254000 r--p 0000c000 103:05 14943111                  /usr/lib/x86_64-linux-gnu/libmd.so.0.1.0
70fcc9254000-70fcc9255000 rw-p 0000d000 103:05 14943111                  /usr/lib/x86_64-linux-gnu/libmd.so.0.1.0
70fcc9255000-70fcc9260000 r--p 00000000 103:05 14943322                  /usr/lib/x86_64-linux-gnu/libxcb.so.1.1.0
70fcc9260000-70fcc9273000 r-xp 0000b000 103:05 14943322                  /usr/lib/x86_64-linux-gnu/libxcb.so.1.1.0
70fcc9273000-70fcc927c000 r--p 0001e000 103:05 14943322                  /usr/lib/x86_64-linux-gnu/libxcb.so.1.1.0
70fcc927c000-70fcc927d000 r--p 00026000 103:05 14943322                  /usr/lib/x86_64-linux-gnu/libxcb.so.1.1.0
70fcc927d000-70fcc927e000 rw-p 00027000 103:05 14943322                  /usr/lib/x86_64-linux-gnu/libxcb.so.1.1.0
70fcc927e000-70fcc9400000 rw-p 00000000 00:00 0 
70fcc9400000-70fcc943f000 r-xp 00000000 103:05 15074898                  /usr/lib/jvm/java-17-amazon-corretto/lib/libjdwp.so
70fcc943f000-70fcc963e000 ---p 0003f000 103:05 15074898                  /usr/lib/jvm/java-17-amazon-corretto/lib/libjdwp.so
70fcc963e000-70fcc963f000 r--p 0003e000 103:05 15074898                  /usr/lib/jvm/java-17-amazon-corretto/lib/libjdwp.so
70fcc963f000-70fcc9640000 rw-p 0003f000 103:05 15074898                  /usr/lib/jvm/java-17-amazon-corretto/lib/libjdwp.so
70fcc9640000-70fcc9641000 rw-p 00000000 00:00 0 
70fcc9641000-70fcc9643000 r--p 00000000 103:05 14942351                  /usr/lib/x86_64-linux-gnu/libffi.so.8.1.4
70fcc9643000-70fcc964a000 r-xp 00002000 103:05 14942351                  /usr/lib/x86_64-linux-gnu/libffi.so.8.1.4
70fcc964a000-70fcc964b000 r--p 00009000 103:05 14942351                  /usr/lib/x86_64-linux-gnu/libffi.so.8.1.4
70fcc964b000-70fcc964c000 r--p 0000a000 103:05 14942351                  /usr/lib/x86_64-linux-gnu/libffi.so.8.1.4
70fcc964c000-70fcc964d000 rw-p 0000b000 103:05 14942351                  /usr/lib/x86_64-linux-gnu/libffi.so.8.1.4
70fcc964d000-70fcc9651000 r--p 00000000 103:05 14943150                  /usr/lib/x86_64-linux-gnu/libbsd.so.0.12.1
70fcc9651000-70fcc965d000 r-xp 00004000 103:05 14943150                  /usr/lib/x86_64-linux-gnu/libbsd.so.0.12.1
70fcc965d000-70fcc9660000 r--p 00010000 103:05 14943150                  /usr/lib/x86_64-linux-gnu/libbsd.so.0.12.1
70fcc9660000-70fcc9661000 r--p 00012000 103:05 14943150                  /usr/lib/x86_64-linux-gnu/libbsd.so.0.12.1
70fcc9661000-70fcc9662000 rw-p 00013000 103:05 14943150                  /usr/lib/x86_64-linux-gnu/libbsd.so.0.12.1
70fcc9662000-70fcc9800000 rw-p 00000000 00:00 0 
70fcc9800000-70fcc981b000 r-xp 00000000 103:05 15074241                  /usr/lib/jvm/java-17-amazon-corretto/lib/libjimage.so
70fcc981b000-70fcc9a1a000 ---p 0001b000 103:05 15074241                  /usr/lib/jvm/java-17-amazon-corretto/lib/libjimage.so
70fcc9a1a000-70fcc9a1c000 r--p 0001a000 103:05 15074241                  /usr/lib/jvm/java-17-amazon-corretto/lib/libjimage.so
70fcc9a1c000-70fcc9a1d000 rw-p 0001c000 103:05 15074241                  /usr/lib/jvm/java-17-amazon-corretto/lib/libjimage.so
70fcc9a20000-70fcc9a22000 r--p 00000000 103:05 14943311                  /usr/lib/x86_64-linux-gnu/libXdmcp.so.6.0.0
70fcc9a22000-70fcc9a24000 r-xp 00002000 103:05 14943311                  /usr/lib/x86_64-linux-gnu/libXdmcp.so.6.0.0
70fcc9a24000-70fcc9a26000 r--p 00004000 103:05 14943311                  /usr/lib/x86_64-linux-gnu/libXdmcp.so.6.0.0
70fcc9a26000-70fcc9a27000 r--p 00005000 103:05 14943311                  /usr/lib/x86_64-linux-gnu/libXdmcp.so.6.0.0
70fcc9a27000-70fcc9a28000 rw-p 00006000 103:05 14943311                  /usr/lib/x86_64-linux-gnu/libXdmcp.so.6.0.0
70fcc9a28000-70fcc9a29000 r--p 00000000 103:05 14943091                  /usr/lib/x86_64-linux-gnu/libXau.so.6.0.0
70fcc9a29000-70fcc9a2b000 r-xp 00001000 103:05 14943091                  /usr/lib/x86_64-linux-gnu/libXau.so.6.0.0
70fcc9a2b000-70fcc9a2c000 r--p 00003000 103:05 14943091                  /usr/lib/x86_64-linux-gnu/libXau.so.6.0.0
70fcc9a2c000-70fcc9a2d000 r--p 00003000 103:05 14943091                  /usr/lib/x86_64-linux-gnu/libXau.so.6.0.0
70fcc9a2d000-70fcc9a2e000 rw-p 00004000 103:05 14943091                  /usr/lib/x86_64-linux-gnu/libXau.so.6.0.0
70fcc9a2e000-70fcc9a31000 r--p 00000000 103:05 14969839                  /usr/lib/x86_64-linux-gnu/libXi.so.6.1.0
70fcc9a31000-70fcc9a3d000 r-xp 00003000 103:05 14969839                  /usr/lib/x86_64-linux-gnu/libXi.so.6.1.0
70fcc9a3d000-70fcc9a3f000 r--p 0000f000 103:05 14969839                  /usr/lib/x86_64-linux-gnu/libXi.so.6.1.0
70fcc9a3f000-70fcc9a40000 r--p 00011000 103:05 14969839                  /usr/lib/x86_64-linux-gnu/libXi.so.6.1.0
70fcc9a40000-70fcc9a41000 rw-p 00012000 103:05 14969839                  /usr/lib/x86_64-linux-gnu/libXi.so.6.1.0
70fcc9a41000-70fcc9a43000 r--p 00000000 103:05 14943468                  /usr/lib/x86_64-linux-gnu/libXrender.so.1.3.0
70fcc9a43000-70fcc9a4a000 r-xp 00002000 103:05 14943468                  /usr/lib/x86_64-linux-gnu/libXrender.so.1.3.0
70fcc9a4a000-70fcc9a4b000 r--p 00009000 103:05 14943468                  /usr/lib/x86_64-linux-gnu/libXrender.so.1.3.0
70fcc9a4b000-70fcc9a4c000 r--p 00009000 103:05 14943468                  /usr/lib/x86_64-linux-gnu/libXrender.so.1.3.0
70fcc9a4c000-70fcc9a4d000 rw-p 0000a000 103:05 14943468                  /usr/lib/x86_64-linux-gnu/libXrender.so.1.3.0
70fcc9a4d000-70fcc9c00000 rw-p 00000000 00:00 0 
70fcc9c00000-70fccaec9000 r-xp 00000000 103:05 15074267                  /usr/lib/jvm/java-17-amazon-corretto/lib/server/libjvm.so
70fccaec9000-70fccb0c9000 ---p 012c9000 103:05 15074267                  /usr/lib/jvm/java-17-amazon-corretto/lib/server/libjvm.so
70fccb0c9000-70fccb182000 r--p 012c9000 103:05 15074267                  /usr/lib/jvm/java-17-amazon-corretto/lib/server/libjvm.so
70fccb182000-70fccb1b7000 rw-p 01382000 103:05 15074267                  /usr/lib/jvm/java-17-amazon-corretto/lib/server/libjvm.so
70fccb1b7000-70fccb212000 rw-p 00000000 00:00 0 
70fccb216000-70fccb21a000 r--p 00000000 103:05 14943423                  /usr/lib/x86_64-linux-gnu/libXext.so.6.4.0
70fccb21a000-70fccb225000 r-xp 00004000 103:05 14943423                  /usr/lib/x86_64-linux-gnu/libXext.so.6.4.0
70fccb225000-70fccb228000 r--p 0000f000 103:05 14943423                  /usr/lib/x86_64-linux-gnu/libXext.so.6.4.0
70fccb228000-70fccb229000 r--p 00011000 103:05 14943423                  /usr/lib/x86_64-linux-gnu/libXext.so.6.4.0
70fccb229000-70fccb22a000 rw-p 00012000 103:05 14943423                  /usr/lib/x86_64-linux-gnu/libXext.so.6.4.0
70fccb22a000-70fccb22f000 rw-p 00000000 00:00 0 
70fccb22f000-70fccb315000 ---p 00000000 00:00 0 
70fccb315000-70fccb31a000 rw-p 00000000 00:00 0 
70fccb31a000-70fccb400000 ---p 00000000 00:00 0 
70fccb400000-70fccb428000 r--p 00000000 103:05 14944734                  /usr/lib/x86_64-linux-gnu/libc.so.6
70fccb428000-70fccb5b0000 r-xp 00028000 103:05 14944734                  /usr/lib/x86_64-linux-gnu/libc.so.6
70fccb5b0000-70fccb5ff000 r--p 001b0000 103:05 14944734                  /usr/lib/x86_64-linux-gnu/libc.so.6
70fccb5ff000-70fccb603000 r--p 001fe000 103:05 14944734                  /usr/lib/x86_64-linux-gnu/libc.so.6
70fccb603000-70fccb605000 rw-p 00202000 103:05 14944734                  /usr/lib/x86_64-linux-gnu/libc.so.6
70fccb605000-70fccb612000 rw-p 00000000 00:00 0 
70fccb612000-70fccb613000 r--p 00000000 103:05 14968157                  /usr/lib/x86_64-linux-gnu/libwayland-egl.so.1.22.0
70fccb613000-70fccb614000 r-xp 00001000 103:05 14968157                  /usr/lib/x86_64-linux-gnu/libwayland-egl.so.1.22.0
70fccb614000-70fccb615000 r--p 00002000 103:05 14968157                  /usr/lib/x86_64-linux-gnu/libwayland-egl.so.1.22.0
70fccb615000-70fccb616000 r--p 00002000 103:05 14968157                  /usr/lib/x86_64-linux-gnu/libwayland-egl.so.1.22.0
70fccb616000-70fccb617000 rw-p 00003000 103:05 14968157                  /usr/lib/x86_64-linux-gnu/libwayland-egl.so.1.22.0
70fccb617000-70fccb61b000 ---p 00000000 00:00 0 
70fccb61b000-70fccb717000 rw-p 00000000 00:00 0 
70fccb717000-70fccb727000 r--p 00000000 103:05 14944737                  /usr/lib/x86_64-linux-gnu/libm.so.6
70fccb727000-70fccb7a6000 r-xp 00010000 103:05 14944737                  /usr/lib/x86_64-linux-gnu/libm.so.6
70fccb7a6000-70fccb7fe000 r--p 0008f000 103:05 14944737                  /usr/lib/x86_64-linux-gnu/libm.so.6
70fccb7fe000-70fccb7ff000 r--p 000e7000 103:05 14944737                  /usr/lib/x86_64-linux-gnu/libm.so.6
70fccb7ff000-70fccb800000 rw-p 000e8000 103:05 14944737                  /usr/lib/x86_64-linux-gnu/libm.so.6
70fccb800000-70fccb80f000 r-xp 00000000 103:05 15074242                  /usr/lib/jvm/java-17-amazon-corretto/lib/libjli.so
70fccb80f000-70fccba0e000 ---p 0000f000 103:05 15074242                  /usr/lib/jvm/java-17-amazon-corretto/lib/libjli.so
70fccba0e000-70fccba0f000 r--p 0000e000 103:05 15074242                  /usr/lib/jvm/java-17-amazon-corretto/lib/libjli.so
70fccba0f000-70fccba10000 rw-p 0000f000 103:05 15074242                  /usr/lib/jvm/java-17-amazon-corretto/lib/libjli.so
70fccba10000-70fccba12000 r--p 00000000 103:05 14969833                  /usr/lib/x86_64-linux-gnu/libXtst.so.6.1.0
70fccba12000-70fccba15000 r-xp 00002000 103:05 14969833                  /usr/lib/x86_64-linux-gnu/libXtst.so.6.1.0
70fccba15000-70fccba16000 r--p 00005000 103:05 14969833                  /usr/lib/x86_64-linux-gnu/libXtst.so.6.1.0
70fccba16000-70fccba17000 r--p 00005000 103:05 14969833                  /usr/lib/x86_64-linux-gnu/libXtst.so.6.1.0
70fccba17000-70fccba18000 rw-p 00006000 103:05 14969833                  /usr/lib/x86_64-linux-gnu/libXtst.so.6.1.0
70fccba1b000-70fccba1c000 r--p 00000000 103:05 15473344                  /usr/share/locale-langpack/en/LC_MESSAGES/gtk30.mo
70fccba1c000-70fccba21000 r--p 00000000 103:05 14942239                  /usr/lib/x86_64-linux-gnu/libwayland-client.so.0.22.0
70fccba21000-70fccba27000 r-xp 00005000 103:05 14942239                  /usr/lib/x86_64-linux-gnu/libwayland-client.so.0.22.0
70fccba27000-70fccba29000 r--p 0000b000 103:05 14942239                  /usr/lib/x86_64-linux-gnu/libwayland-client.so.0.22.0
70fccba29000-70fccba2b000 r--p 0000d000 103:05 14942239                  /usr/lib/x86_64-linux-gnu/libwayland-client.so.0.22.0
70fccba2b000-70fccba2c000 rw-p 0000f000 103:05 14942239                  /usr/lib/x86_64-linux-gnu/libwayland-client.so.0.22.0
70fccba2c000-70fccba2d000 rw-p 00000000 00:00 0 
70fccba2d000-70fccba2e000 r-xp 0005e000 103:05 3014749                   /tmp/lwjgl_cookiebot/3.3.6+1/x64/liblwjgl.so
70fccba2e000-70fccba2f000 rw-p 00000000 00:00 0 
70fccba2f000-70fccba36000 r--s 00000000 103:05 14944723                  /usr/lib/x86_64-linux-gnu/gconv/gconv-modules.cache
70fccba36000-70fccbab4000 rw-p 00000000 00:00 0 
70fccbab4000-70fccbab5000 r--p 00000000 103:05 14944748                  /usr/lib/x86_64-linux-gnu/librt.so.1
70fccbab5000-70fccbab6000 r-xp 00001000 103:05 14944748                  /usr/lib/x86_64-linux-gnu/librt.so.1
70fccbab6000-70fccbab7000 r--p 00002000 103:05 14944748                  /usr/lib/x86_64-linux-gnu/librt.so.1
70fccbab7000-70fccbab8000 r--p 00002000 103:05 14944748                  /usr/lib/x86_64-linux-gnu/librt.so.1
70fccbab8000-70fccbab9000 rw-p 00003000 103:05 14944748                  /usr/lib/x86_64-linux-gnu/librt.so.1
70fccbab9000-70fccbabd000 rw-p 00000000 00:00 0 
70fccbabd000-70fccbabe000 r--p 00000000 103:05 14944736                  /usr/lib/x86_64-linux-gnu/libdl.so.2
70fccbabe000-70fccbabf000 r-xp 00001000 103:05 14944736                  /usr/lib/x86_64-linux-gnu/libdl.so.2
70fccbabf000-70fccbac0000 r--p 00002000 103:05 14944736                  /usr/lib/x86_64-linux-gnu/libdl.so.2
70fccbac0000-70fccbac1000 r--p 00002000 103:05 14944736                  /usr/lib/x86_64-linux-gnu/libdl.so.2
70fccbac1000-70fccbac2000 rw-p 00003000 103:05 14944736                  /usr/lib/x86_64-linux-gnu/libdl.so.2
70fccbac2000-70fccbac3000 r--p 00000000 103:05 14944746                  /usr/lib/x86_64-linux-gnu/libpthread.so.0
70fccbac3000-70fccbac4000 r-xp 00001000 103:05 14944746                  /usr/lib/x86_64-linux-gnu/libpthread.so.0
70fccbac4000-70fccbac5000 r--p 00002000 103:05 14944746                  /usr/lib/x86_64-linux-gnu/libpthread.so.0
70fccbac5000-70fccbac6000 r--p 00002000 103:05 14944746                  /usr/lib/x86_64-linux-gnu/libpthread.so.0
70fccbac6000-70fccbac7000 rw-p 00003000 103:05 14944746                  /usr/lib/x86_64-linux-gnu/libpthread.so.0
70fccbac7000-70fccbac9000 r--p 00000000 103:05 14944802                  /usr/lib/x86_64-linux-gnu/libz.so.1.3
70fccbac9000-70fccbadb000 r-xp 00002000 103:05 14944802                  /usr/lib/x86_64-linux-gnu/libz.so.1.3
70fccbadb000-70fccbae1000 r--p 00014000 103:05 14944802                  /usr/lib/x86_64-linux-gnu/libz.so.1.3
70fccbae1000-70fccbae2000 r--p 0001a000 103:05 14944802                  /usr/lib/x86_64-linux-gnu/libz.so.1.3
70fccbae2000-70fccbae3000 rw-p 0001b000 103:05 14944802                  /usr/lib/x86_64-linux-gnu/libz.so.1.3
70fccbae3000-70fccbae8000 rw-p 00000000 00:00 0 
70fccbae8000-70fccbaef000 ---p 00000000 00:00 0 
70fccbaef000-70fccbaf7000 rw-s 00000000 103:05 3014745                   /tmp/hsperfdata_cookiebot/130280
70fccbaf7000-70fccbaf8000 ---p 00000000 00:00 0 
70fccbaf8000-70fccbaf9000 r--p 00000000 00:00 0 
70fccbaf9000-70fccbafa000 ---p 00000000 00:00 0 
70fccbafa000-70fccbafc000 rw-p 00000000 00:00 0 
70fccbafc000-70fccbafd000 r--p 00000000 103:05 14944731                  /usr/lib/x86_64-linux-gnu/ld-linux-x86-64.so.2
70fccbafd000-70fccbb28000 r-xp 00001000 103:05 14944731                  /usr/lib/x86_64-linux-gnu/ld-linux-x86-64.so.2
70fccbb28000-70fccbb32000 r--p 0002c000 103:05 14944731                  /usr/lib/x86_64-linux-gnu/ld-linux-x86-64.so.2
70fccbb32000-70fccbb34000 r--p 00036000 103:05 14944731                  /usr/lib/x86_64-linux-gnu/ld-linux-x86-64.so.2
70fccbb34000-70fccbb36000 rw-p 00038000 103:05 14944731                  /usr/lib/x86_64-linux-gnu/ld-linux-x86-64.so.2
7ffe57077000-7ffe5709a000 rw-p 00000000 00:00 0                          [stack]
7ffe57103000-7ffe57107000 r--p 00000000 00:00 0                          [vvar]
7ffe57107000-7ffe57109000 r-xp 00000000 00:00 0                          [vdso]
ffffffffff600000-ffffffffff601000 --xp 00000000 00:00 0                  [vsyscall]


VM Arguments:
jvm_args: -agentlib:jdwp=transport=dt_socket,server=n,address=44177 
java_command: engine.framework.Start
java_class_path (initial): /home/cookiebot/JavaProjects/HodgePodgeBarrage/target/classes:/home/cookiebot/.m2/repository/org/lwjgl/lwjgl/3.3.6/lwjgl-3.3.6.jar:/home/cookiebot/.m2/repository/org/lwjgl/lwjgl-assimp/3.3.6/lwjgl-assimp-3.3.6.jar:/home/cookiebot/.m2/repository/org/lwjgl/lwjgl-bgfx/3.3.6/lwjgl-bgfx-3.3.6.jar:/home/cookiebot/.m2/repository/org/lwjgl/lwjgl-cuda/3.3.6/lwjgl-cuda-3.3.6.jar:/home/cookiebot/.m2/repository/org/lwjgl/lwjgl-egl/3.3.6/lwjgl-egl-3.3.6.jar:/home/cookiebot/.m2/repository/org/lwjgl/lwjgl-fmod/3.3.6/lwjgl-fmod-3.3.6.jar:/home/cookiebot/.m2/repository/org/lwjgl/lwjgl-freetype/3.3.6/lwjgl-freetype-3.3.6.jar:/home/cookiebot/.m2/repository/org/lwjgl/lwjgl-glfw/3.3.6/lwjgl-glfw-3.3.6.jar:/home/cookiebot/.m2/repository/org/lwjgl/lwjgl-harfbuzz/3.3.6/lwjgl-harfbuzz-3.3.6.jar:/home/cookiebot/.m2/repository/org/lwjgl/lwjgl-hwloc/3.3.6/lwjgl-hwloc-3.3.6.jar:/home/cookiebot/.m2/repository/org/lwjgl/lwjgl-jawt/3.3.6/lwjgl-jawt-3.3.6.jar:/home/cookiebot/.m2/repository/org/lwjgl/lwjgl-jemalloc/3.3.6/lwjgl-jemalloc-3.3.6.jar:/home/cookiebot/.m2/repository/org/lwjgl/lwjgl-ktx/3.3.6/lwjgl-ktx-3.3.6.jar:/home/cookiebot/.m2/repository/org/lwjgl/lwjgl-libdivide/3.3.6/lwjgl-libdivide-3.3.6.jar:/home/cookiebot/.m2/repository/org/lwjgl/lwjgl-llvm/3.3.6/lwjgl-llvm-3.3.6.jar:/home/cookiebot/.m2/repository/org/lwjgl/lwjgl-lmdb/3.3.6/lwjgl-lmdb-3.3.6.jar:/home/cookiebot/.m2/repository/org/lwjgl/lwjgl-lz4/3.3.6/lwjgl-lz4-3.3.6.jar:/home/cookiebot/.m2/repository/org/lwjgl/lwjgl-meow/3.3.6/lwjgl-meow-3.3.6.jar:/home/cookiebot/.m2/repository/org/lwjgl/lwjgl-meshoptimizer/3.3.6/lwjgl-meshoptimizer-3.3.6.jar:/home/cookiebot/.m2/repository/org/lwjgl/lwjgl-msdfgen/3.3.6/lwjgl-msdfgen-3.3.6.jar:/home/cookiebot/.m2/repository/org/lwjgl/lwjgl-nanovg/3.3.6/lwjgl-nanovg-3.3.6.jar:/home/cookiebot/.m2/repository/org/lwjgl/lwjgl-nfd/3.3.6/lwjgl-nfd-3.3.6.jar:/home/cookiebot/.m2/repository/org/lwjgl/lwjgl-nuklear/3.3.6/lwjgl-nuklear-3.3.6.jar:/home/cookiebot/.m2/repository/org/l
Launcher Type: SUN_STANDARD

[Global flags]
     intx CICompilerCount                          = 4                                         {product} {ergonomic}
     uint ConcGCThreads                            = 3                                         {product} {ergonomic}
     uint G1ConcRefinementThreads                  = 10                                        {product} {ergonomic}
   size_t G1HeapRegionSize                         = 4194304                                   {product} {ergonomic}
    uintx GCDrainStackTargetSize                   = 64                                        {product} {ergonomic}
   size_t InitialHeapSize                          = 524288000                                 {product} {ergonomic}
   size_t MarkStackSize                            = 4194304                                   {product} {ergonomic}
   size_t MaxHeapSize                              = 8355053568                                {product} {ergonomic}
   size_t MaxNewSize                               = 5012193280                                {product} {ergonomic}
   size_t MinHeapDeltaBytes                        = 4194304                                   {product} {ergonomic}
   size_t MinHeapSize                              = 8388608                                   {product} {ergonomic}
    uintx NonNMethodCodeHeapSize                   = 5839372                                {pd product} {ergonomic}
    uintx NonProfiledCodeHeapSize                  = 122909434                              {pd product} {ergonomic}
    uintx ProfiledCodeHeapSize                     = 122909434                              {pd product} {ergonomic}
    uintx ReservedCodeCacheSize                    = 251658240                              {pd product} {ergonomic}
     bool SegmentedCodeCache                       = true                                      {product} {ergonomic}
   size_t SoftMaxHeapSize                          = 8355053568                             {manageable} {ergonomic}
     bool UseCompressedClassPointers               = true                           {product lp64_product} {ergonomic}
     bool UseCompressedOops                        = true                           {product lp64_product} {ergonomic}
     bool UseG1GC                                  = true                                      {product} {ergonomic}

Logging:
Log output configuration:
 #0: stdout all=warning uptime,level,tags
 #1: stderr all=off uptime,level,tags

Environment Variables:
JAVA_HOME=/usr/lib/jvm/java-17-amazon-corretto
PATH=/usr/local/sbin:/usr/local/bin:/usr/sbin:/usr/bin:/sbin:/bin:/usr/games:/usr/local/games:/snap/bin:/snap/bin
USERNAME=cookiebot
SHELL=/bin/bash
DISPLAY=:0
LANG=en_US.UTF-8

Active Locale:
LC_ALL=en_US.UTF-8
LC_COLLATE=en_US.UTF-8
LC_CTYPE=en_US.UTF-8
LC_MESSAGES=en_US.UTF-8
LC_MONETARY=en_US.UTF-8
LC_NUMERIC=en_US.UTF-8
LC_TIME=en_US.UTF-8

Signal Handlers:
   SIGSEGV: crash_handler in libjvm.so, mask=11100100010111111101111111111110, flags=SA_RESTART|SA_SIGINFO, unblocked
    SIGBUS: crash_handler in libjvm.so, mask=11100100010111111101111111111110, flags=SA_RESTART|SA_SIGINFO, unblocked
    SIGFPE: crash_handler in libjvm.so, mask=11100100010111111101111111111110, flags=SA_RESTART|SA_SIGINFO, unblocked
   SIGPIPE: SIG_IGN, mask=00000000000010000000000000000000, flags=SA_RESTART, blocked
  *** Handler was modified!
  *** Expected: javaSignalHandler in libjvm.so, mask=11100100110111111111111111111110, flags=SA_RESTART|SA_SIGINFO
   SIGXFSZ: javaSignalHandler in libjvm.so, mask=11100100010111111101111111111110, flags=SA_RESTART|SA_SIGINFO, blocked
    SIGILL: crash_handler in libjvm.so, mask=11100100010111111101111111111110, flags=SA_RESTART|SA_SIGINFO, unblocked
   SIGUSR2: SR_handler in libjvm.so, mask=00100000000000000000000000000000, flags=SA_RESTART|SA_SIGINFO, blocked
    SIGHUP: UserHandler in libjvm.so, mask=11100100010111111101111111111110, flags=SA_RESTART|SA_SIGINFO, blocked
    SIGINT: SIG_IGN, mask=00000000000000000000000000000000, flags=none, blocked
   SIGTERM: UserHandler in libjvm.so, mask=11100100010111111101111111111110, flags=SA_RESTART|SA_SIGINFO, blocked
   SIGQUIT: UserHandler in libjvm.so, mask=11100100010111111101111111111110, flags=SA_RESTART|SA_SIGINFO, blocked
   SIGTRAP: crash_handler in libjvm.so, mask=11100100010111111101111111111110, flags=SA_RESTART|SA_SIGINFO, unblocked


Periodic native trim disabled


---------------  S Y S T E M  ---------------

OS:
DISTRIB_ID=Ubuntu
DISTRIB_RELEASE=24.04
DISTRIB_CODENAME=noble
DISTRIB_DESCRIPTION="Ubuntu 24.04.2 LTS"
uname: Linux 6.8.0-78-generic #78-Ubuntu SMP PREEMPT_DYNAMIC Tue Aug 12 11:34:18 UTC 2025 x86_64
OS uptime: 1 days 23:34 hours
libc: glibc 2.39 NPTL 2.39 
rlimit (soft/hard): STACK 8192k/infinity , CORE 0k/infinity , NPROC 127138/127138 , NOFILE 1048576/1048576 , AS infinity/infinity , CPU infinity/infinity , DATA infinity/infinity , FSIZE infinity/infinity , MEMLOCK 4078236k/4078236k
load average: 2.91 1.85 1.38

/proc/meminfo:
MemTotal:       32625916 kB
MemFree:        16258676 kB
MemAvailable:   23913260 kB
Buffers:          307596 kB
Cached:          7828056 kB
SwapCached:            0 kB
Active:          8507520 kB
Inactive:        5847196 kB
Active(anon):    6513208 kB
Inactive(anon):        0 kB
Active(file):    1994312 kB
Inactive(file):  5847196 kB
Unevictable:     1098796 kB
Mlocked:              32 kB
SwapTotal:       2097148 kB
SwapFree:        2097148 kB
Zswap:                 0 kB
Zswapped:              0 kB
Dirty:              1300 kB
Writeback:             0 kB
AnonPages:       7318096 kB
Mapped:          1069492 kB
Shmem:           1176232 kB
KReclaimable:     283896 kB
Slab:             589456 kB
SReclaimable:     283896 kB
SUnreclaim:       305560 kB
KernelStack:       28448 kB
PageTables:        69528 kB
SecPageTables:         0 kB
NFS_Unstable:          0 kB
Bounce:                0 kB
WritebackTmp:          0 kB
CommitLimit:    18410104 kB
Committed_AS:   20256536 kB
VmallocTotal:   34359738367 kB
VmallocUsed:       66056 kB
VmallocChunk:          0 kB
Percpu:            13968 kB
HardwareCorrupted:     0 kB
AnonHugePages:         0 kB
ShmemHugePages:        0 kB
ShmemPmdMapped:        0 kB
FileHugePages:         0 kB
FilePmdMapped:         0 kB
Unaccepted:            0 kB
HugePages_Total:       0
HugePages_Free:        0
HugePages_Rsvd:        0
HugePages_Surp:        0
Hugepagesize:       2048 kB
Hugetlb:               0 kB
DirectMap4k:      256928 kB
DirectMap2M:     7892992 kB
DirectMap1G:    26214400 kB

/sys/kernel/mm/transparent_hugepage/enabled: always [madvise] never
/sys/kernel/mm/transparent_hugepage/hpage_pmd_size: 2097152
/sys/kernel/mm/transparent_hugepage/defrag (defrag/compaction efforts parameter): always defer defer+madvise [madvise] never

Process Memory:
Virtual Size: 11778308K (peak: 11792804K)
Resident Set Size: 85044K (peak: 86472K) (anon: 56976K, file: 27444K, shmem: 624K)
Swapped out: 0K
C-Heap outstanding allocations: 9970336878810611K, retained: 8044061630720604K
glibc malloc tunables: (default)

/proc/sys/kernel/threads-max (system-wide limit on the number of threads): 254277
/proc/sys/vm/max_map_count (maximum number of memory map areas a process may have): 1048576
/proc/sys/vm/swappiness (control to define how aggressively the kernel swaps out anonymous memory): 60
/proc/sys/kernel/pid_max (system-wide limit on number of process identifiers): 4194304

container (cgroup) information:
container_type: cgroupv2
cpu_cpuset_cpus: not supported
cpu_memory_nodes: not supported
active_processor_count: 12
cpu_quota: not supported
cpu_period: not supported
cpu_shares: not supported
memory_limit_in_bytes: unlimited
memory_and_swap_limit_in_bytes: unlimited
memory_soft_limit_in_bytes: unlimited
memory_usage_in_bytes: 2338652 k
memory_max_usage_in_bytes: not supported
memory_swap_current_in_bytes: unlimited
memory_swap_max_limit_in_bytes: unlimited
maximum number of tasks: 38141
current number of tasks: 140

Steal ticks since vm start: 0
Steal ticks percentage since vm start:  0.000

CPU: total 12 (initial active 12) (6 cores per cpu, 2 threads per core) family 6 model 165 stepping 2 microcode 0x100, cx8, cmov, fxsr, ht, mmx, 3dnowpref, sse, sse2, sse3, ssse3, sse4.1, sse4.2, popcnt, lzcnt, tsc, tscinvbit, avx, avx2, aes, erms, clmul, bmi1, bmi2, adx, fma, vzeroupper, clflush, clflushopt
CPU Model and flags from /proc/cpuinfo:
model name	: Intel(R) Core(TM) i7-10750H CPU @ 2.60GHz
flags		: fpu vme de pse tsc msr pae mce cx8 apic sep mtrr pge mca cmov pat pse36 clflush dts acpi mmx fxsr sse sse2 ss ht tm pbe syscall nx pdpe1gb rdtscp lm constant_tsc art arch_perfmon pebs bts rep_good nopl xtopology nonstop_tsc cpuid aperfmperf pni pclmulqdq dtes64 monitor ds_cpl vmx est tm2 ssse3 sdbg fma cx16 xtpr pdcm pcid sse4_1 sse4_2 x2apic movbe popcnt tsc_deadline_timer aes xsave avx f16c rdrand lahf_lm abm 3dnowprefetch cpuid_fault epb ssbd ibrs ibpb stibp ibrs_enhanced tpr_shadow flexpriority ept vpid ept_ad fsgsbase tsc_adjust bmi1 avx2 smep bmi2 erms invpcid mpx rdseed adx smap clflushopt intel_pt xsaveopt xsavec xgetbv1 xsaves dtherm ida arat pln pts hwp hwp_notify hwp_act_window hwp_epp vnmi pku ospke md_clear flush_l1d arch_capabilities

Online cpus: 0-11
Offline cpus: 
BIOS frequency limitation: <Not Available>
Frequency switch latency (ns): 0
Available cpu frequencies: <Not Available>
Current governor: powersave
Core performance/turbo boost: <Not Available>

Memory: 4k page, physical 32625916k(16258676k free), swap 2097148k(2097148k free)
Page Sizes: 4k

vm_info: OpenJDK 64-Bit Server VM (17.0.15+6-LTS) for linux-amd64 JRE (17.0.15+6-LTS), built on Apr 11 2025 20:41:04 by "jenkins" with gcc 7.3.1 20180303 (Red Hat 7.3.1-5)

END.
