#
# A fatal error has been detected by the Java Runtime Environment:
#
#  SIGSEGV (0xb) at pc=0x000070297987b504, pid=130152, tid=130185
#
# JRE version: OpenJDK Runtime Environment Corretto-17.0.15.6.1 (17.0.15+6) (build 17.0.15+6-LTS)
# Java VM: OpenJDK 64-Bit Server VM Corretto-17.0.15.6.1 (17.0.15+6-LTS, mixed mode, sharing, tiered, compressed oops, compressed class ptrs, g1 gc, linux-amd64)
# Problematic frame:
# C  [libglfw.so+0x12504]
#
# Core dump will be written. Default location: Core dumps may be processed with "/usr/share/apport/apport -p%p -s%s -c%c -d%d -P%P -u%u -g%g -F%F -- %E" (or dumping to /home/cookiebot/JavaProjects/HodgePodgeBarrage/core.130152)
#
# If you would like to submit a bug report, please visit:
#   https://github.com/corretto/corretto-17/issues/
# The crash happened outside the Java Virtual Machine in native code.
# See problematic frame for where to report the bug.
#

---------------  S U M M A R Y ------------

Command Line: -agentlib:jdwp=transport=dt_socket,server=n,address=42717 engine.framework.Start

Host: Intel(R) Core(TM) i7-10750H CPU @ 2.60GHz, 12 cores, 31G, Ubuntu 24.04.2 LTS
Time: Sun Aug 24 20:25:13 2025 CDT elapsed time: 0.497069 seconds (0d 0h 0m 0s)

---------------  T H R E A D  ---------------

Current thread (0x00007029b428ae90):  JavaThread "Thread-0" [_thread_in_native, id=130185, stack(0x0000702978100000,0x0000702978200000)]

Stack: [0x0000702978100000,0x0000702978200000],  sp=0x00007029781fe6c0,  free space=1017k
Native frames: (J=compiled Java code, j=interpreted, Vv=VM code, C=native code)
C  [libglfw.so+0x12504]

Java frames: (J=compiled Java code, j=interpreted, Vv=VM code)
j  org.lwjgl.system.JNI.invokeI(J)I+0
j  org.lwjgl.glfw.GLFW.glfwInit()Z+8
j  engine.input.SnesController.init()V+0
j  game.Game$1.run()V+0
v  ~StubRoutines::call_stub

siginfo: si_signo: 11 (SIGSEGV), si_code: 2 (SEGV_ACCERR), si_addr: 0x00007029b470611b

Registers:
RAX=0x00007029b470611b, RBX=0x00007029b470609b, RCX=0x00007029798b5498, RDX=0x0000000000000020
RSP=0x00007029781fe6c0, RBP=0x0000000000000000, RSI=0x00007029798b5498, RDI=0x00007029b470609b
R8 =0x1999999999999999, R9 =0x0000000000000000, R10=0x00007029b9bb1fc0, R11=0x00007029b9bb28c0
R12=0x00007029798dc500, R13=0x00007029798b54b9, R14=0x00007029781fe948, R15=0x00007029b428ae90
RIP=0x000070297987b504, EFLAGS=0x0000000000010246, CSGSFS=0x002b000000000033, ERR=0x0000000000000006
  TRAPNO=0x000000000000000e

XMM[0]=0x3030303030323664 0x3030303030303330
XMM[1]=0x0000000000000000 0x000000ffffffffff
XMM[2]=0x00000000000000ff 0xffffff0000000000
XMM[3]=0x0000000000000000 0x0000000000000000
XMM[4]=0x33623a792c32623a 0x782c37623a747261
XMM[5]=0x0000000000000000 0x0000000000000000
XMM[6]=0x3030303034323663 0x3030303030303330
XMM[7]=0xffffffffffffffff 0xffffffffffffffff
XMM[8]=0x00007028e41130d0 0x00007028e4112d10
XMM[9]=0x2000202000000000 0x0000000000000000
XMM[10]=0x3f3f3f3f3f3f3f3f 0x3f3f3f3f3f3f3f3f
XMM[11]=0x9999999999999999 0x9999999999999999
XMM[12]=0x2020202020202020 0x2020202020202020
XMM[13]=0x0000000000000000 0x0000000000000000
XMM[14]=0x0000000000000000 0x0000000000000000
XMM[15]=0x0000000000000000 0x0000000000000000
  MXCSR=0x00001fa0


Register to memory mapping:

RAX=0x00007029b470611b is an unknown value
RBX=0x00007029b470609b is an unknown value
RCX=0x00007029798b5498: <offset 0x000000000004c498> in /tmp/lwjgl_cookiebot/3.3.6+1/x64/libglfw.so at 0x0000702979869000
RDX=0x0000000000000020 is an unknown value
RSP=0x00007029781fe6c0 is pointing into the stack for thread: 0x00007029b428ae90
RBP=0x0 is NULL
RSI=0x00007029798b5498: <offset 0x000000000004c498> in /tmp/lwjgl_cookiebot/3.3.6+1/x64/libglfw.so at 0x0000702979869000
RDI=0x00007029b470609b is an unknown value
R8 =0x1999999999999999 is an unknown value
R9 =0x0 is NULL
R10=0x00007029b9bb1fc0: <offset 0x00000000001b1fc0> in /lib/x86_64-linux-gnu/libc.so.6 at 0x00007029b9a00000
R11=0x00007029b9bb28c0: <offset 0x00000000001b28c0> in /lib/x86_64-linux-gnu/libc.so.6 at 0x00007029b9a00000
R12=0x00007029798dc500: <offset 0x0000000000073500> in /tmp/lwjgl_cookiebot/3.3.6+1/x64/libglfw.so at 0x0000702979869000
R13=0x00007029798b54b9: <offset 0x000000000004c4b9> in /tmp/lwjgl_cookiebot/3.3.6+1/x64/libglfw.so at 0x0000702979869000
R14=0x00007029781fe948 is pointing into the stack for thread: 0x00007029b428ae90
R15=0x00007029b428ae90 is a thread


Top of Stack: (sp=0x00007029781fe6c0)
0x00007029781fe6c0:   00007029781fe700 00007029781fe6f0
0x00007029781fe6d0:   00007029781fe6e8 00007029b470611b
0x00007029781fe6e0:   0000003000000028 00007029798b5498
0x00007029781fe6f0:   000070297989a7e0 0000000000000000
0x00007029781fe700:   00007029798cc7a1 00007029b470613c
0x00007029781fe710:   00007029798cc753 00007029b4706140
0x00007029781fe720:   00007029798cbf6c 00007029b4706144
0x00007029781fe730:   00007029798c86fa 00007029b4706148
0x00007029781fe740:   00007029798ca344 00007029b4706154
0x00007029781fe750:   000070297989a7e9 00007029b4706158
0x00007029781fe760:   000070297989a7ef 00007029b470615c
0x00007029781fe770:   000070297989a7f5 00007029b470614c
0x00007029781fe780:   000070297989a802 00007029b4706150
0x00007029781fe790:   000070297989a810 00007029b4706160
0x00007029781fe7a0:   000070297989a81a 00007029b4706164
0x00007029781fe7b0:   000070297989a825 00007029b4706168
0x00007029781fe7c0:   000070297989a82a 00007029b470616c
0x00007029781fe7d0:   000070297989a832 00007029b4706170
0x00007029781fe7e0:   000070297989a839 00007029b4706174
0x00007029781fe7f0:   000070297989a840 00007029b4706188
0x00007029781fe800:   000070297989a84c 00007029b470618c
0x00007029781fe810:   000070297989a859 00007029b4706178
0x00007029781fe820:   000070297989a85f 00007029b470617c
0x00007029781fe830:   000070297989a865 00007029b4706180
0x00007029781fe840:   000070297989a86c 00007029b4706184
0x00007029781fe850:   000000010000003b 00007029798daf40
0x00007029781fe860:   00007029798db730 00007029798dc500
0x00007029781fe870:   00007029274e00c8 00007029781fe948
0x00007029781fe880:   00007029b428ae90 000070297987bdea
0x00007029781fe890:   00007029274e00c8 00007029798fce4c
0x00007029781fe8a0:   0000000000000000 000070297987afa4
0x00007029781fe8b0:   00007029781fe920 00007029a3d479c7 

Instructions: (pc=0x000070297987b504)
0x000070297987b404:   00 48 89 84 24 28 01 00 00 48 8d 05 2c f4 01 00
0x000070297987b414:   48 89 84 24 30 01 00 00 48 8d 87 ed 00 00 00 48
0x000070297987b424:   89 84 24 38 01 00 00 48 8d 05 1a f4 01 00 48 89
0x000070297987b434:   84 24 40 01 00 00 48 8d 87 f1 00 00 00 48 89 84
0x000070297987b444:   24 48 01 00 00 48 8d 05 09 f4 01 00 48 89 84 24
0x000070297987b454:   50 01 00 00 48 8d 87 dd 00 00 00 48 89 84 24 58
0x000070297987b464:   01 00 00 48 8d 05 f1 f3 01 00 48 89 84 24 60 01
0x000070297987b474:   00 00 48 8d 87 e1 00 00 00 48 89 84 24 68 01 00
0x000070297987b484:   00 48 8d 05 d9 f3 01 00 48 89 84 24 70 01 00 00
0x000070297987b494:   48 8d 87 e5 00 00 00 48 89 84 24 78 01 00 00 48
0x000070297987b4a4:   8d 05 c2 f3 01 00 48 89 84 24 80 01 00 00 48 8d
0x000070297987b4b4:   87 e9 00 00 00 48 89 84 24 88 01 00 00 0f b6 06
0x000070297987b4c4:   84 c0 75 18 e9 13 02 00 00 0f 1f 00 48 83 c2 01
0x000070297987b4d4:   0f b6 04 11 84 c0 0f 84 00 02 00 00 3c 2c 75 ec
0x000070297987b4e4:   48 83 fa 20 0f 85 f2 01 00 00 f3 0f 6f 01 48 8d
0x000070297987b4f4:   83 80 00 00 00 4c 8d 69 21 31 ed 48 89 44 24 18
0x000070297987b504:   0f 11 83 80 00 00 00 f3 0f 6f 49 10 4c 89 6c 24
0x000070297987b514:   28 0f 11 8b 90 00 00 00 0f b6 41 21 84 c0 75 1d
0x000070297987b524:   e9 b7 01 00 00 0f 1f 80 00 00 00 00 48 83 c5 01
0x000070297987b534:   0f b6 44 29 21 84 c0 0f 84 9f 01 00 00 3c 2c 75
0x000070297987b544:   eb 48 83 fd 7f 0f 87 91 01 00 00 48 89 ea 4c 89
0x000070297987b554:   ee 49 8d 6c 2d 01 48 89 df e8 3e dd ff ff 0f b6
0x000070297987b564:   45 00 48 8d 74 24 28 48 89 6c 24 28 48 89 74 24
0x000070297987b574:   10 84 c0 0f 84 19 01 00 00 0f 1f 00 83 e8 2b a8
0x000070297987b584:   fd 0f 84 b8 02 00 00 48 8d 44 24 30 45 31 ed 48
0x000070297987b594:   89 44 24 08 48 8b 44 24 08 4d 89 ec 49 c1 e4 04
0x000070297987b5a4:   4e 8b 3c 20 4c 89 ff e8 a0 db ff ff 4c 89 fe 48
0x000070297987b5b4:   89 ef 48 89 c2 49 89 c6 e8 cf da ff ff 85 c0 0f
0x000070297987b5c4:   85 3f 01 00 00 42 80 7c 35 00 3a 0f 85 33 01 00
0x000070297987b5d4:   00 4a 8d 6c 35 01 4e 8b 74 24 38 48 89 6c 24 28
0x000070297987b5e4:   4d 85 f6 0f 84 3b 01 00 00 0f b6 55 00 80 fa 2b
0x000070297987b5f4:   0f 84 de 01 00 00 41 bc 01 00 00 00 41 bf ff ff 


Stack slot to memory mapping:
stack at sp + 0 slots: 0x00007029781fe700 is pointing into the stack for thread: 0x00007029b428ae90
stack at sp + 1 slots: 0x00007029781fe6f0 is pointing into the stack for thread: 0x00007029b428ae90
stack at sp + 2 slots: 0x00007029781fe6e8 is pointing into the stack for thread: 0x00007029b428ae90
stack at sp + 3 slots: 0x00007029b470611b is an unknown value
stack at sp + 4 slots: 0x0000003000000028 is an unknown value
stack at sp + 5 slots: 0x00007029798b5498: <offset 0x000000000004c498> in /tmp/lwjgl_cookiebot/3.3.6+1/x64/libglfw.so at 0x0000702979869000
stack at sp + 6 slots: 0x000070297989a7e0: <offset 0x00000000000317e0> in /tmp/lwjgl_cookiebot/3.3.6+1/x64/libglfw.so at 0x0000702979869000
stack at sp + 7 slots: 0x0 is NULL


---------------  P R O C E S S  ---------------

Threads class SMR info:
_java_thread_list=0x00007029b428bb60, length=17, elements={
0x00007029b402d870, 0x00007029b415e970, 0x00007029b415fd50, 0x00007029b41652e0,
0x00007029b4166690, 0x00007029b4167aa0, 0x00007029b4169450, 0x00007029b416a980,
0x00007029b4173de0, 0x00007029b418d670, 0x00007029b4190400, 0x0000702904001130,
0x00007029b41912d0, 0x00007029b41952f0, 0x00007029b42669a0, 0x000070290c17f350,
0x00007029b428ae90
}

Java Threads: ( => current thread )
  0x00007029b402d870 JavaThread "main" [_thread_in_native, id=130153, stack(0x00007029b9d00000,0x00007029b9e00000)]
  0x00007029b415e970 JavaThread "Reference Handler" daemon [_thread_blocked, id=130164, stack(0x0000702988700000,0x0000702988800000)]
  0x00007029b415fd50 JavaThread "Finalizer" daemon [_thread_blocked, id=130165, stack(0x0000702988600000,0x0000702988700000)]
  0x00007029b41652e0 JavaThread "Signal Dispatcher" daemon [_thread_blocked, id=130166, stack(0x0000702988500000,0x0000702988600000)]
  0x00007029b4166690 JavaThread "Service Thread" daemon [_thread_blocked, id=130167, stack(0x0000702988400000,0x0000702988500000)]
  0x00007029b4167aa0 JavaThread "Monitor Deflation Thread" daemon [_thread_blocked, id=130168, stack(0x0000702988300000,0x0000702988400000)]
  0x00007029b4169450 JavaThread "C2 CompilerThread0" daemon [_thread_blocked, id=130169, stack(0x0000702988200000,0x0000702988300000)]
  0x00007029b416a980 JavaThread "C1 CompilerThread0" daemon [_thread_blocked, id=130170, stack(0x0000702988100000,0x0000702988200000)]
  0x00007029b4173de0 JavaThread "Sweeper thread" daemon [_thread_blocked, id=130171, stack(0x0000702988000000,0x0000702988100000)]
  0x00007029b418d670 JavaThread "JDWP Transport Listener: dt_socket" daemon [_thread_blocked, id=130172, stack(0x0000702979900000,0x0000702979a00000)]
  0x00007029b4190400 JavaThread "JDWP Event Helper Thread" daemon [_thread_blocked, id=130173, stack(0x0000702979500000,0x0000702979600000)]
  0x0000702904001130 JavaThread "JDWP Command Reader" daemon [_thread_in_native, id=130174, stack(0x0000702979400000,0x0000702979500000)]
  0x00007029b41912d0 JavaThread "Notification Thread" daemon [_thread_blocked, id=130180, stack(0x0000702979300000,0x0000702979400000)]
  0x00007029b41952f0 JavaThread "Common-Cleaner" daemon [_thread_blocked, id=130182, stack(0x00007029790ff000,0x00007029791ff000)]
  0x00007029b42669a0 JavaThread "Java2D Disposer" daemon [_thread_blocked, id=130183, stack(0x0000702978900000,0x0000702978a00000)]
  0x000070290c17f350 JavaThread "C2 CompilerThread1" daemon [_thread_blocked, id=130184, stack(0x0000702978500000,0x0000702978600000)]
=>0x00007029b428ae90 JavaThread "Thread-0" [_thread_in_native, id=130185, stack(0x0000702978100000,0x0000702978200000)]

Other Threads:
  0x00007029b415a9e0 VMThread "VM Thread" [stack: 0x0000702988b3c000,0x0000702988c3c000] [id=130163]
  0x00007029b4192b20 WatcherThread [stack: 0x0000702979200000,0x0000702979300000] [id=130181]
  0x00007029b405bd10 GCTaskThread "GC Thread#0" [stack: 0x0000702989a4b000,0x0000702989b4b000] [id=130154]
  0x00007029b406cc30 ConcurrentGCThread "G1 Main Marker" [stack: 0x000070298994a000,0x0000702989a4a000] [id=130155]
  0x00007029b406dba0 ConcurrentGCThread "G1 Conc#0" [stack: 0x0000702989849000,0x0000702989949000] [id=130156]
  0x00007029b412b130 ConcurrentGCThread "G1 Refine#0" [stack: 0x0000702988d3e000,0x0000702988e3e000] [id=130157]
  0x00007029b412c030 ConcurrentGCThread "G1 Service" [stack: 0x0000702988c3d000,0x0000702988d3d000] [id=130158]

Threads with active compile tasks:

VM state: not at safepoint (normal execution)

VM Mutex/Monitor currently owned by a thread: None

Heap address: 0x000000060e000000, size: 7968 MB, Compressed Oops mode: Zero based, Oop shift amount: 3

CDS archive(s) mapped at: [0x000070292b000000-0x000070292bbca000-0x000070292bbca000), size 12361728, SharedBaseAddress: 0x000070292b000000, ArchiveRelocationMode: 1.
Compressed class space mapped at: 0x000070292c000000-0x000070296c000000, reserved size: 1073741824
Narrow klass base: 0x000070292b000000, Narrow klass shift: 0, Narrow klass range: 0x100000000

GC Precious Log:
 CPUs: 12 total, 12 available
 Memory: 31861M
 Large Page Support: Disabled
 NUMA Support: Disabled
 Compressed Oops: Enabled (Zero based)
 Heap Region Size: 4M
 Heap Min Capacity: 8M
 Heap Initial Capacity: 500M
 Heap Max Capacity: 7968M
 Pre-touch: Disabled
 Parallel Workers: 10
 Concurrent Workers: 3
 Concurrent Refinement Workers: 10
 Periodic GC: Disabled

Heap:
 garbage-first heap   total 520192K, used 16308K [0x000000060e000000, 0x0000000800000000)
  region size 4096K, 4 young (16384K), 0 survivors (0K)
 Metaspace       used 4231K, committed 4480K, reserved 1114112K
  class space    used 348K, committed 448K, reserved 1048576K

Heap Regions: E=young(eden), S=young(survivor), O=old, HS=humongous(starts), HC=humongous(continues), CS=collection set, F=free, OA=open archive, CA=closed archive, TAMS=top-at-mark-start (previous, next)
|   0|0x000000060e000000, 0x000000060e000000, 0x000000060e400000|  0%| F|  |TAMS 0x000000060e000000, 0x000000060e000000| Untracked 
|   1|0x000000060e400000, 0x000000060e400000, 0x000000060e800000|  0%| F|  |TAMS 0x000000060e400000, 0x000000060e400000| Untracked 
|   2|0x000000060e800000, 0x000000060e800000, 0x000000060ec00000|  0%| F|  |TAMS 0x000000060e800000, 0x000000060e800000| Untracked 
|   3|0x000000060ec00000, 0x000000060ec00000, 0x000000060f000000|  0%| F|  |TAMS 0x000000060ec00000, 0x000000060ec00000| Untracked 
|   4|0x000000060f000000, 0x000000060f000000, 0x000000060f400000|  0%| F|  |TAMS 0x000000060f000000, 0x000000060f000000| Untracked 
|   5|0x000000060f400000, 0x000000060f400000, 0x000000060f800000|  0%| F|  |TAMS 0x000000060f400000, 0x000000060f400000| Untracked 
|   6|0x000000060f800000, 0x000000060f800000, 0x000000060fc00000|  0%| F|  |TAMS 0x000000060f800000, 0x000000060f800000| Untracked 
|   7|0x000000060fc00000, 0x000000060fc00000, 0x0000000610000000|  0%| F|  |TAMS 0x000000060fc00000, 0x000000060fc00000| Untracked 
|   8|0x0000000610000000, 0x0000000610000000, 0x0000000610400000|  0%| F|  |TAMS 0x0000000610000000, 0x0000000610000000| Untracked 
|   9|0x0000000610400000, 0x0000000610400000, 0x0000000610800000|  0%| F|  |TAMS 0x0000000610400000, 0x0000000610400000| Untracked 
|  10|0x0000000610800000, 0x0000000610800000, 0x0000000610c00000|  0%| F|  |TAMS 0x0000000610800000, 0x0000000610800000| Untracked 
|  11|0x0000000610c00000, 0x0000000610c00000, 0x0000000611000000|  0%| F|  |TAMS 0x0000000610c00000, 0x0000000610c00000| Untracked 
|  12|0x0000000611000000, 0x0000000611000000, 0x0000000611400000|  0%| F|  |TAMS 0x0000000611000000, 0x0000000611000000| Untracked 
|  13|0x0000000611400000, 0x0000000611400000, 0x0000000611800000|  0%| F|  |TAMS 0x0000000611400000, 0x0000000611400000| Untracked 
|  14|0x0000000611800000, 0x0000000611800000, 0x0000000611c00000|  0%| F|  |TAMS 0x0000000611800000, 0x0000000611800000| Untracked 
|  15|0x0000000611c00000, 0x0000000611c00000, 0x0000000612000000|  0%| F|  |TAMS 0x0000000611c00000, 0x0000000611c00000| Untracked 
|  16|0x0000000612000000, 0x0000000612000000, 0x0000000612400000|  0%| F|  |TAMS 0x0000000612000000, 0x0000000612000000| Untracked 
|  17|0x0000000612400000, 0x0000000612400000, 0x0000000612800000|  0%| F|  |TAMS 0x0000000612400000, 0x0000000612400000| Untracked 
|  18|0x0000000612800000, 0x0000000612800000, 0x0000000612c00000|  0%| F|  |TAMS 0x0000000612800000, 0x0000000612800000| Untracked 
|  19|0x0000000612c00000, 0x0000000612c00000, 0x0000000613000000|  0%| F|  |TAMS 0x0000000612c00000, 0x0000000612c00000| Untracked 
|  20|0x0000000613000000, 0x0000000613000000, 0x0000000613400000|  0%| F|  |TAMS 0x0000000613000000, 0x0000000613000000| Untracked 
|  21|0x0000000613400000, 0x0000000613400000, 0x0000000613800000|  0%| F|  |TAMS 0x0000000613400000, 0x0000000613400000| Untracked 
|  22|0x0000000613800000, 0x0000000613800000, 0x0000000613c00000|  0%| F|  |TAMS 0x0000000613800000, 0x0000000613800000| Untracked 
|  23|0x0000000613c00000, 0x0000000613c00000, 0x0000000614000000|  0%| F|  |TAMS 0x0000000613c00000, 0x0000000613c00000| Untracked 
|  24|0x0000000614000000, 0x0000000614000000, 0x0000000614400000|  0%| F|  |TAMS 0x0000000614000000, 0x0000000614000000| Untracked 
|  25|0x0000000614400000, 0x0000000614400000, 0x0000000614800000|  0%| F|  |TAMS 0x0000000614400000, 0x0000000614400000| Untracked 
|  26|0x0000000614800000, 0x0000000614800000, 0x0000000614c00000|  0%| F|  |TAMS 0x0000000614800000, 0x0000000614800000| Untracked 
|  27|0x0000000614c00000, 0x0000000614c00000, 0x0000000615000000|  0%| F|  |TAMS 0x0000000614c00000, 0x0000000614c00000| Untracked 
|  28|0x0000000615000000, 0x0000000615000000, 0x0000000615400000|  0%| F|  |TAMS 0x0000000615000000, 0x0000000615000000| Untracked 
|  29|0x0000000615400000, 0x0000000615400000, 0x0000000615800000|  0%| F|  |TAMS 0x0000000615400000, 0x0000000615400000| Untracked 
|  30|0x0000000615800000, 0x0000000615800000, 0x0000000615c00000|  0%| F|  |TAMS 0x0000000615800000, 0x0000000615800000| Untracked 
|  31|0x0000000615c00000, 0x0000000615c00000, 0x0000000616000000|  0%| F|  |TAMS 0x0000000615c00000, 0x0000000615c00000| Untracked 
|  32|0x0000000616000000, 0x0000000616000000, 0x0000000616400000|  0%| F|  |TAMS 0x0000000616000000, 0x0000000616000000| Untracked 
|  33|0x0000000616400000, 0x0000000616400000, 0x0000000616800000|  0%| F|  |TAMS 0x0000000616400000, 0x0000000616400000| Untracked 
|  34|0x0000000616800000, 0x0000000616800000, 0x0000000616c00000|  0%| F|  |TAMS 0x0000000616800000, 0x0000000616800000| Untracked 
|  35|0x0000000616c00000, 0x0000000616c00000, 0x0000000617000000|  0%| F|  |TAMS 0x0000000616c00000, 0x0000000616c00000| Untracked 
|  36|0x0000000617000000, 0x0000000617000000, 0x0000000617400000|  0%| F|  |TAMS 0x0000000617000000, 0x0000000617000000| Untracked 
|  37|0x0000000617400000, 0x0000000617400000, 0x0000000617800000|  0%| F|  |TAMS 0x0000000617400000, 0x0000000617400000| Untracked 
|  38|0x0000000617800000, 0x0000000617800000, 0x0000000617c00000|  0%| F|  |TAMS 0x0000000617800000, 0x0000000617800000| Untracked 
|  39|0x0000000617c00000, 0x0000000617c00000, 0x0000000618000000|  0%| F|  |TAMS 0x0000000617c00000, 0x0000000617c00000| Untracked 
|  40|0x0000000618000000, 0x0000000618000000, 0x0000000618400000|  0%| F|  |TAMS 0x0000000618000000, 0x0000000618000000| Untracked 
|  41|0x0000000618400000, 0x0000000618400000, 0x0000000618800000|  0%| F|  |TAMS 0x0000000618400000, 0x0000000618400000| Untracked 
|  42|0x0000000618800000, 0x0000000618800000, 0x0000000618c00000|  0%| F|  |TAMS 0x0000000618800000, 0x0000000618800000| Untracked 
|  43|0x0000000618c00000, 0x0000000618c00000, 0x0000000619000000|  0%| F|  |TAMS 0x0000000618c00000, 0x0000000618c00000| Untracked 
|  44|0x0000000619000000, 0x0000000619000000, 0x0000000619400000|  0%| F|  |TAMS 0x0000000619000000, 0x0000000619000000| Untracked 
|  45|0x0000000619400000, 0x0000000619400000, 0x0000000619800000|  0%| F|  |TAMS 0x0000000619400000, 0x0000000619400000| Untracked 
|  46|0x0000000619800000, 0x0000000619800000, 0x0000000619c00000|  0%| F|  |TAMS 0x0000000619800000, 0x0000000619800000| Untracked 
|  47|0x0000000619c00000, 0x0000000619c00000, 0x000000061a000000|  0%| F|  |TAMS 0x0000000619c00000, 0x0000000619c00000| Untracked 
|  48|0x000000061a000000, 0x000000061a000000, 0x000000061a400000|  0%| F|  |TAMS 0x000000061a000000, 0x000000061a000000| Untracked 
|  49|0x000000061a400000, 0x000000061a400000, 0x000000061a800000|  0%| F|  |TAMS 0x000000061a400000, 0x000000061a400000| Untracked 
|  50|0x000000061a800000, 0x000000061a800000, 0x000000061ac00000|  0%| F|  |TAMS 0x000000061a800000, 0x000000061a800000| Untracked 
|  51|0x000000061ac00000, 0x000000061ac00000, 0x000000061b000000|  0%| F|  |TAMS 0x000000061ac00000, 0x000000061ac00000| Untracked 
|  52|0x000000061b000000, 0x000000061b000000, 0x000000061b400000|  0%| F|  |TAMS 0x000000061b000000, 0x000000061b000000| Untracked 
|  53|0x000000061b400000, 0x000000061b400000, 0x000000061b800000|  0%| F|  |TAMS 0x000000061b400000, 0x000000061b400000| Untracked 
|  54|0x000000061b800000, 0x000000061b800000, 0x000000061bc00000|  0%| F|  |TAMS 0x000000061b800000, 0x000000061b800000| Untracked 
|  55|0x000000061bc00000, 0x000000061bc00000, 0x000000061c000000|  0%| F|  |TAMS 0x000000061bc00000, 0x000000061bc00000| Untracked 
|  56|0x000000061c000000, 0x000000061c000000, 0x000000061c400000|  0%| F|  |TAMS 0x000000061c000000, 0x000000061c000000| Untracked 
|  57|0x000000061c400000, 0x000000061c400000, 0x000000061c800000|  0%| F|  |TAMS 0x000000061c400000, 0x000000061c400000| Untracked 
|  58|0x000000061c800000, 0x000000061c800000, 0x000000061cc00000|  0%| F|  |TAMS 0x000000061c800000, 0x000000061c800000| Untracked 
|  59|0x000000061cc00000, 0x000000061cc00000, 0x000000061d000000|  0%| F|  |TAMS 0x000000061cc00000, 0x000000061cc00000| Untracked 
|  60|0x000000061d000000, 0x000000061d000000, 0x000000061d400000|  0%| F|  |TAMS 0x000000061d000000, 0x000000061d000000| Untracked 
|  61|0x000000061d400000, 0x000000061d400000, 0x000000061d800000|  0%| F|  |TAMS 0x000000061d400000, 0x000000061d400000| Untracked 
|  62|0x000000061d800000, 0x000000061d800000, 0x000000061dc00000|  0%| F|  |TAMS 0x000000061d800000, 0x000000061d800000| Untracked 
|  63|0x000000061dc00000, 0x000000061dc00000, 0x000000061e000000|  0%| F|  |TAMS 0x000000061dc00000, 0x000000061dc00000| Untracked 
|  64|0x000000061e000000, 0x000000061e000000, 0x000000061e400000|  0%| F|  |TAMS 0x000000061e000000, 0x000000061e000000| Untracked 
|  65|0x000000061e400000, 0x000000061e400000, 0x000000061e800000|  0%| F|  |TAMS 0x000000061e400000, 0x000000061e400000| Untracked 
|  66|0x000000061e800000, 0x000000061e800000, 0x000000061ec00000|  0%| F|  |TAMS 0x000000061e800000, 0x000000061e800000| Untracked 
|  67|0x000000061ec00000, 0x000000061ec00000, 0x000000061f000000|  0%| F|  |TAMS 0x000000061ec00000, 0x000000061ec00000| Untracked 
|  68|0x000000061f000000, 0x000000061f000000, 0x000000061f400000|  0%| F|  |TAMS 0x000000061f000000, 0x000000061f000000| Untracked 
|  69|0x000000061f400000, 0x000000061f400000, 0x000000061f800000|  0%| F|  |TAMS 0x000000061f400000, 0x000000061f400000| Untracked 
|  70|0x000000061f800000, 0x000000061f800000, 0x000000061fc00000|  0%| F|  |TAMS 0x000000061f800000, 0x000000061f800000| Untracked 
|  71|0x000000061fc00000, 0x000000061fc00000, 0x0000000620000000|  0%| F|  |TAMS 0x000000061fc00000, 0x000000061fc00000| Untracked 
|  72|0x0000000620000000, 0x0000000620000000, 0x0000000620400000|  0%| F|  |TAMS 0x0000000620000000, 0x0000000620000000| Untracked 
|  73|0x0000000620400000, 0x0000000620400000, 0x0000000620800000|  0%| F|  |TAMS 0x0000000620400000, 0x0000000620400000| Untracked 
|  74|0x0000000620800000, 0x0000000620800000, 0x0000000620c00000|  0%| F|  |TAMS 0x0000000620800000, 0x0000000620800000| Untracked 
|  75|0x0000000620c00000, 0x0000000620c00000, 0x0000000621000000|  0%| F|  |TAMS 0x0000000620c00000, 0x0000000620c00000| Untracked 
|  76|0x0000000621000000, 0x0000000621000000, 0x0000000621400000|  0%| F|  |TAMS 0x0000000621000000, 0x0000000621000000| Untracked 
|  77|0x0000000621400000, 0x0000000621400000, 0x0000000621800000|  0%| F|  |TAMS 0x0000000621400000, 0x0000000621400000| Untracked 
|  78|0x0000000621800000, 0x0000000621800000, 0x0000000621c00000|  0%| F|  |TAMS 0x0000000621800000, 0x0000000621800000| Untracked 
|  79|0x0000000621c00000, 0x0000000621c00000, 0x0000000622000000|  0%| F|  |TAMS 0x0000000621c00000, 0x0000000621c00000| Untracked 
|  80|0x0000000622000000, 0x0000000622000000, 0x0000000622400000|  0%| F|  |TAMS 0x0000000622000000, 0x0000000622000000| Untracked 
|  81|0x0000000622400000, 0x0000000622400000, 0x0000000622800000|  0%| F|  |TAMS 0x0000000622400000, 0x0000000622400000| Untracked 
|  82|0x0000000622800000, 0x0000000622800000, 0x0000000622c00000|  0%| F|  |TAMS 0x0000000622800000, 0x0000000622800000| Untracked 
|  83|0x0000000622c00000, 0x0000000622c00000, 0x0000000623000000|  0%| F|  |TAMS 0x0000000622c00000, 0x0000000622c00000| Untracked 
|  84|0x0000000623000000, 0x0000000623000000, 0x0000000623400000|  0%| F|  |TAMS 0x0000000623000000, 0x0000000623000000| Untracked 
|  85|0x0000000623400000, 0x0000000623400000, 0x0000000623800000|  0%| F|  |TAMS 0x0000000623400000, 0x0000000623400000| Untracked 
|  86|0x0000000623800000, 0x0000000623800000, 0x0000000623c00000|  0%| F|  |TAMS 0x0000000623800000, 0x0000000623800000| Untracked 
|  87|0x0000000623c00000, 0x0000000623c00000, 0x0000000624000000|  0%| F|  |TAMS 0x0000000623c00000, 0x0000000623c00000| Untracked 
|  88|0x0000000624000000, 0x0000000624000000, 0x0000000624400000|  0%| F|  |TAMS 0x0000000624000000, 0x0000000624000000| Untracked 
|  89|0x0000000624400000, 0x0000000624400000, 0x0000000624800000|  0%| F|  |TAMS 0x0000000624400000, 0x0000000624400000| Untracked 
|  90|0x0000000624800000, 0x0000000624800000, 0x0000000624c00000|  0%| F|  |TAMS 0x0000000624800000, 0x0000000624800000| Untracked 
|  91|0x0000000624c00000, 0x0000000624c00000, 0x0000000625000000|  0%| F|  |TAMS 0x0000000624c00000, 0x0000000624c00000| Untracked 
|  92|0x0000000625000000, 0x0000000625000000, 0x0000000625400000|  0%| F|  |TAMS 0x0000000625000000, 0x0000000625000000| Untracked 
|  93|0x0000000625400000, 0x0000000625400000, 0x0000000625800000|  0%| F|  |TAMS 0x0000000625400000, 0x0000000625400000| Untracked 
|  94|0x0000000625800000, 0x0000000625800000, 0x0000000625c00000|  0%| F|  |TAMS 0x0000000625800000, 0x0000000625800000| Untracked 
|  95|0x0000000625c00000, 0x0000000625c00000, 0x0000000626000000|  0%| F|  |TAMS 0x0000000625c00000, 0x0000000625c00000| Untracked 
|  96|0x0000000626000000, 0x0000000626000000, 0x0000000626400000|  0%| F|  |TAMS 0x0000000626000000, 0x0000000626000000| Untracked 
|  97|0x0000000626400000, 0x0000000626400000, 0x0000000626800000|  0%| F|  |TAMS 0x0000000626400000, 0x0000000626400000| Untracked 
|  98|0x0000000626800000, 0x0000000626800000, 0x0000000626c00000|  0%| F|  |TAMS 0x0000000626800000, 0x0000000626800000| Untracked 
|  99|0x0000000626c00000, 0x0000000626c00000, 0x0000000627000000|  0%| F|  |TAMS 0x0000000626c00000, 0x0000000626c00000| Untracked 
| 100|0x0000000627000000, 0x0000000627000000, 0x0000000627400000|  0%| F|  |TAMS 0x0000000627000000, 0x0000000627000000| Untracked 
| 101|0x0000000627400000, 0x0000000627400000, 0x0000000627800000|  0%| F|  |TAMS 0x0000000627400000, 0x0000000627400000| Untracked 
| 102|0x0000000627800000, 0x0000000627800000, 0x0000000627c00000|  0%| F|  |TAMS 0x0000000627800000, 0x0000000627800000| Untracked 
| 103|0x0000000627c00000, 0x0000000627c00000, 0x0000000628000000|  0%| F|  |TAMS 0x0000000627c00000, 0x0000000627c00000| Untracked 
| 104|0x0000000628000000, 0x0000000628000000, 0x0000000628400000|  0%| F|  |TAMS 0x0000000628000000, 0x0000000628000000| Untracked 
| 105|0x0000000628400000, 0x0000000628400000, 0x0000000628800000|  0%| F|  |TAMS 0x0000000628400000, 0x0000000628400000| Untracked 
| 106|0x0000000628800000, 0x0000000628800000, 0x0000000628c00000|  0%| F|  |TAMS 0x0000000628800000, 0x0000000628800000| Untracked 
| 107|0x0000000628c00000, 0x0000000628c00000, 0x0000000629000000|  0%| F|  |TAMS 0x0000000628c00000, 0x0000000628c00000| Untracked 
| 108|0x0000000629000000, 0x0000000629000000, 0x0000000629400000|  0%| F|  |TAMS 0x0000000629000000, 0x0000000629000000| Untracked 
| 109|0x0000000629400000, 0x0000000629400000, 0x0000000629800000|  0%| F|  |TAMS 0x0000000629400000, 0x0000000629400000| Untracked 
| 110|0x0000000629800000, 0x0000000629800000, 0x0000000629c00000|  0%| F|  |TAMS 0x0000000629800000, 0x0000000629800000| Untracked 
| 111|0x0000000629c00000, 0x0000000629c00000, 0x000000062a000000|  0%| F|  |TAMS 0x0000000629c00000, 0x0000000629c00000| Untracked 
| 112|0x000000062a000000, 0x000000062a000000, 0x000000062a400000|  0%| F|  |TAMS 0x000000062a000000, 0x000000062a000000| Untracked 
| 113|0x000000062a400000, 0x000000062a400000, 0x000000062a800000|  0%| F|  |TAMS 0x000000062a400000, 0x000000062a400000| Untracked 
| 114|0x000000062a800000, 0x000000062a800000, 0x000000062ac00000|  0%| F|  |TAMS 0x000000062a800000, 0x000000062a800000| Untracked 
| 115|0x000000062ac00000, 0x000000062ac00000, 0x000000062b000000|  0%| F|  |TAMS 0x000000062ac00000, 0x000000062ac00000| Untracked 
| 116|0x000000062b000000, 0x000000062b000000, 0x000000062b400000|  0%| F|  |TAMS 0x000000062b000000, 0x000000062b000000| Untracked 
| 117|0x000000062b400000, 0x000000062b400000, 0x000000062b800000|  0%| F|  |TAMS 0x000000062b400000, 0x000000062b400000| Untracked 
| 118|0x000000062b800000, 0x000000062b800000, 0x000000062bc00000|  0%| F|  |TAMS 0x000000062b800000, 0x000000062b800000| Untracked 
| 119|0x000000062bc00000, 0x000000062bc00000, 0x000000062c000000|  0%| F|  |TAMS 0x000000062bc00000, 0x000000062bc00000| Untracked 
| 120|0x000000062c000000, 0x000000062c000000, 0x000000062c400000|  0%| F|  |TAMS 0x000000062c000000, 0x000000062c000000| Untracked 
| 121|0x000000062c400000, 0x000000062c516478, 0x000000062c800000| 27%| E|  |TAMS 0x000000062c400000, 0x000000062c400000| Complete 
| 122|0x000000062c800000, 0x000000062cc00000, 0x000000062cc00000|100%| E|CS|TAMS 0x000000062c800000, 0x000000062c800000| Complete 
| 123|0x000000062cc00000, 0x000000062d000000, 0x000000062d000000|100%| E|CS|TAMS 0x000000062cc00000, 0x000000062cc00000| Complete 
| 124|0x000000062d000000, 0x000000062d400000, 0x000000062d400000|100%| E|CS|TAMS 0x000000062d000000, 0x000000062d000000| Complete 
|1990|0x00000007ff800000, 0x00000007ffb75000, 0x00000007ffc00000| 86%|OA|  |TAMS 0x00000007ff800000, 0x00000007ff800000| Untracked 
|1991|0x00000007ffc00000, 0x00000007ffc78000, 0x0000000800000000| 11%|CA|  |TAMS 0x00000007ffc00000, 0x00000007ffc00000| Untracked 

Card table byte_map: [0x000070299a3db000,0x000070299b36b000] _byte_map_base: 0x000070299736b000

Marking Bits (Prev, Next): (CMBitMap*) 0x00007029b405c7a0, (CMBitMap*) 0x00007029b405c7e0
 Prev Bits: [0x00007029917cb000, 0x000070299944b000)
 Next Bits: [0x0000702989b4b000, 0x00007029917cb000)

Polling page: 0x00007029ba147000

Metaspace:

Usage:
  Non-class:      3.79 MB used.
      Class:    348.50 KB used.
       Both:      4.13 MB used.

Virtual space:
  Non-class space:       64.00 MB reserved,       3.94 MB (  6%) committed,  1 nodes.
      Class space:        1.00 GB reserved,     448.00 KB ( <1%) committed,  1 nodes.
             Both:        1.06 GB reserved,       4.38 MB ( <1%) committed. 

Chunk freelists:
   Non-Class:  10.86 MB
       Class:  15.61 MB
        Both:  26.47 MB

MaxMetaspaceSize: unlimited
CompressedClassSpaceSize: 1.00 GB
Initial GC threshold: 21.00 MB
Current GC threshold: 21.00 MB
CDS: on
MetaspaceReclaimPolicy: balanced
 - commit_granule_bytes: 65536.
 - commit_granule_words: 8192.
 - virtual_space_node_default_size: 8388608.
 - enlarge_chunks_in_place: 1.
 - new_chunks_are_fully_committed: 0.
 - uncommit_free_chunks: 1.
 - use_allocation_guard: 0.
 - handle_deallocations: 1.


Internal statistics:

num_allocs_failed_limit: 0.
num_arena_births: 162.
num_arena_deaths: 0.
num_vsnodes_births: 2.
num_vsnodes_deaths: 0.
num_space_committed: 70.
num_space_uncommitted: 0.
num_chunks_returned_to_freelist: 0.
num_chunks_taken_from_freelist: 257.
num_chunk_merges: 0.
num_chunk_splits: 159.
num_chunks_enlarged: 76.
num_inconsistent_stats: 0.

CodeHeap 'non-profiled nmethods': size=120028Kb used=309Kb max_used=309Kb free=119718Kb
 bounds [0x00007029a42c9000, 0x00007029a4539000, 0x00007029ab800000]
CodeHeap 'profiled nmethods': size=120028Kb used=1439Kb max_used=1439Kb free=118589Kb
 bounds [0x000070299c800000, 0x000070299ca70000, 0x00007029a3d37000]
CodeHeap 'non-nmethods': size=5704Kb used=1651Kb max_used=1651Kb free=4052Kb
 bounds [0x00007029a3d37000, 0x00007029a3fa7000, 0x00007029a42c9000]
 total_blobs=1895 nmethods=865 adapters=944
 compilation: enabled
              stopped_count=0, restarted_count=0
 full_count=0

Compilation events (20 events):
Event: 0.461 Thread 0x00007029b416a980  854       3       java.lang.ref.Reference::<init> (7 bytes)
Event: 0.462 Thread 0x00007029b416a980 nmethod 854 0x000070299c963e90 code [0x000070299c964040, 0x000070299c9642f0]
Event: 0.462 Thread 0x00007029b416a980  858       3       java.lang.reflect.Field::setFieldAccessor (34 bytes)
Event: 0.462 Thread 0x00007029b416a980 nmethod 858 0x000070299c964410 code [0x000070299c9645e0, 0x000070299c964a40]
Event: 0.462 Thread 0x00007029b416a980  860       3       java.lang.Integer::valueOf (32 bytes)
Event: 0.462 Thread 0x00007029b416a980 nmethod 860 0x000070299c964b90 code [0x000070299c964d60, 0x000070299c965070]
Event: 0.462 Thread 0x00007029b416a980  859       3       jdk.internal.misc.Unsafe::ensureClassInitialized (18 bytes)
Event: 0.462 Thread 0x00007029b416a980 nmethod 859 0x000070299c965190 code [0x000070299c965360, 0x000070299c9655b0]
Event: 0.462 Thread 0x00007029b416a980  855       1       java.lang.reflect.Field::getRoot (5 bytes)
Event: 0.462 Thread 0x00007029b416a980 nmethod 855 0x00007029a4316290 code [0x00007029a4316420, 0x00007029a43164f0]
Event: 0.462 Thread 0x00007029b416a980  861       3       java.lang.ref.WeakReference::<init> (6 bytes)
Event: 0.462 Thread 0x00007029b416a980 nmethod 861 0x000070299c965690 code [0x000070299c965840, 0x000070299c965b50]
Event: 0.462 Thread 0x00007029b416a980  862       3       java.lang.reflect.AccessibleObject::checkAccess (40 bytes)
Event: 0.462 Thread 0x00007029b416a980 nmethod 862 0x000070299c965c90 code [0x000070299c965e80, 0x000070299c9661d0]
Event: 0.462 Thread 0x00007029b416a980  864       3       java.lang.reflect.Modifier::isVolatile (13 bytes)
Event: 0.462 Thread 0x00007029b416a980 nmethod 864 0x000070299c966390 code [0x000070299c966520, 0x000070299c966650]
Event: 0.462 Thread 0x00007029b416a980  865       3       jdk.internal.reflect.MagicAccessorImpl::<init> (5 bytes)
Event: 0.462 Thread 0x00007029b416a980 nmethod 865 0x000070299c966710 code [0x000070299c9668c0, 0x000070299c966a10]
Event: 0.462 Thread 0x00007029b416a980  863       3       java.lang.reflect.AccessibleObject::verifyAccess (55 bytes)
Event: 0.463 Thread 0x00007029b416a980 nmethod 863 0x000070299c966b10 code [0x000070299c966d60, 0x000070299c967920]

GC Heap History (0 events):
No events

Dll operation events (10 events):
Event: 0.001 Loaded shared library /usr/lib/jvm/java-17-amazon-corretto/lib/libjava.so
Event: 0.012 Loaded shared library /usr/lib/jvm/java-17-amazon-corretto/lib/libjsvml.so
Event: 0.159 Loaded shared library /usr/lib/jvm/java-17-amazon-corretto/lib/libnio.so
Event: 0.160 Loaded shared library /usr/lib/jvm/java-17-amazon-corretto/lib/libjimage.so
Event: 0.163 Loaded shared library /usr/lib/jvm/java-17-amazon-corretto/lib/libawt.so
Event: 0.169 Loaded shared library /usr/lib/jvm/java-17-amazon-corretto/lib/libawt_xawt.so
Event: 0.223 Loaded shared library /usr/lib/jvm/java-17-amazon-corretto/lib/libnet.so
Event: 0.227 Loaded shared library /usr/lib/jvm/java-17-amazon-corretto/lib/libfontmanager.so
Event: 0.301 Loaded shared library /usr/lib/jvm/java-17-amazon-corretto/lib/libzip.so
Event: 0.361 Loaded shared library /tmp/lwjgl_cookiebot/3.3.6+1/x64/liblwjgl.so

Deoptimization events (20 events):
Event: 0.454 Thread 0x00007029b402d870 DEOPT PACKING pc=0x000070299c926899 sp=0x00007029b9dfbf80
Event: 0.454 Thread 0x00007029b402d870 DEOPT UNPACKING pc=0x00007029a3d8de2f sp=0x00007029b9dfb428 mode 0
Event: 0.454 Thread 0x00007029b402d870 DEOPT PACKING pc=0x000070299c9267fc sp=0x00007029b9dfbf80
Event: 0.454 Thread 0x00007029b402d870 DEOPT UNPACKING pc=0x00007029a3d8de2f sp=0x00007029b9dfb428 mode 0
Event: 0.454 Thread 0x00007029b402d870 DEOPT PACKING pc=0x000070299c9267fc sp=0x00007029b9dfbf80
Event: 0.454 Thread 0x00007029b402d870 DEOPT UNPACKING pc=0x00007029a3d8de2f sp=0x00007029b9dfb428 mode 0
Event: 0.454 Thread 0x00007029b402d870 DEOPT PACKING pc=0x000070299c9267fc sp=0x00007029b9dfbf80
Event: 0.454 Thread 0x00007029b402d870 DEOPT UNPACKING pc=0x00007029a3d8de2f sp=0x00007029b9dfb428 mode 0
Event: 0.454 Thread 0x00007029b402d870 DEOPT PACKING pc=0x000070299c9267fc sp=0x00007029b9dfbf80
Event: 0.454 Thread 0x00007029b402d870 DEOPT UNPACKING pc=0x00007029a3d8de2f sp=0x00007029b9dfb428 mode 0
Event: 0.454 Thread 0x00007029b402d870 DEOPT PACKING pc=0x000070299c926899 sp=0x00007029b9dfbf80
Event: 0.454 Thread 0x00007029b402d870 DEOPT UNPACKING pc=0x00007029a3d8de2f sp=0x00007029b9dfb428 mode 0
Event: 0.454 Thread 0x00007029b402d870 DEOPT PACKING pc=0x000070299c9267fc sp=0x00007029b9dfbf80
Event: 0.454 Thread 0x00007029b402d870 DEOPT UNPACKING pc=0x00007029a3d8de2f sp=0x00007029b9dfb428 mode 0
Event: 0.454 Thread 0x00007029b402d870 DEOPT PACKING pc=0x000070299c9267fc sp=0x00007029b9dfbf80
Event: 0.454 Thread 0x00007029b402d870 DEOPT UNPACKING pc=0x00007029a3d8de2f sp=0x00007029b9dfb428 mode 0
Event: 0.454 Thread 0x00007029b402d870 DEOPT PACKING pc=0x000070299c9267fc sp=0x00007029b9dfbf80
Event: 0.454 Thread 0x00007029b402d870 DEOPT UNPACKING pc=0x00007029a3d8de2f sp=0x00007029b9dfb428 mode 0
Event: 0.454 Thread 0x00007029b402d870 DEOPT PACKING pc=0x000070299c9267fc sp=0x00007029b9dfbf80
Event: 0.454 Thread 0x00007029b402d870 DEOPT UNPACKING pc=0x00007029a3d8de2f sp=0x00007029b9dfb428 mode 0

Classes loaded (20 events):
Event: 0.428 Loading class sun/misc/Unsafe
Event: 0.428 Loading class sun/misc/Unsafe done
Event: 0.428 Loading class jdk/internal/reflect/UnsafeFieldAccessorFactory
Event: 0.428 Loading class jdk/internal/reflect/UnsafeFieldAccessorFactory done
Event: 0.428 Loading class jdk/internal/reflect/UnsafeQualifiedStaticObjectFieldAccessorImpl
Event: 0.428 Loading class jdk/internal/reflect/UnsafeQualifiedStaticFieldAccessorImpl
Event: 0.428 Loading class jdk/internal/reflect/UnsafeQualifiedStaticFieldAccessorImpl done
Event: 0.428 Loading class jdk/internal/reflect/UnsafeQualifiedStaticObjectFieldAccessorImpl done
Event: 0.429 Loading class java/util/function/LongPredicate
Event: 0.429 Loading class java/util/function/LongPredicate done
Event: 0.431 Loading class jdk/internal/access/foreign/MemorySegmentProxy
Event: 0.431 Loading class jdk/internal/access/foreign/MemorySegmentProxy done
Event: 0.432 Loading class java/lang/NoSuchFieldError
Event: 0.432 Loading class java/lang/NoSuchFieldError done
Event: 0.433 Loading class java/nio/InvalidMarkException
Event: 0.433 Loading class java/nio/InvalidMarkException done
Event: 0.433 Loading class java/nio/BufferUnderflowException
Event: 0.433 Loading class java/nio/BufferUnderflowException done
Event: 0.461 Loading class jdk/internal/reflect/UnsafeQualifiedStaticIntegerFieldAccessorImpl
Event: 0.461 Loading class jdk/internal/reflect/UnsafeQualifiedStaticIntegerFieldAccessorImpl done

Classes unloaded (0 events):
No events

Classes redefined (0 events):
No events

Internal exceptions (18 events):
Event: 0.150 Thread 0x00007029b402d870 Exception <a 'java/lang/ClassNotFoundException'{0x000000062d044a38}: sun/awt/resources/spi/awtProvider> (0x000000062d044a38) 
thrown [src/hotspot/share/classfile/systemDictionary.cpp, line 256]
Event: 0.183 Thread 0x00007029b402d870 Exception <a 'java/io/FileNotFoundException'{0x000000062d19c060}> (0x000000062d19c060) 
thrown [src/hotspot/share/prims/jni.cpp, line 516]
Event: 0.191 Thread 0x00007029b402d870 Exception <a 'java/io/FileNotFoundException'{0x000000062d1c8d58}> (0x000000062d1c8d58) 
thrown [src/hotspot/share/prims/jni.cpp, line 516]
Event: 0.231 Thread 0x00007029b402d870 Exception <a 'java/lang/NoSuchMethodError'{0x000000062d2ba730}: 'java.lang.Object java.lang.invoke.DirectMethodHandle$Holder.invokeStaticInit(java.lang.Object)'> (0x000000062d2ba730) 
thrown [src/hotspot/share/interpreter/linkResolver.cpp, line 759]
Event: 0.324 Thread 0x00007029b402d870 Exception <a 'java/lang/NoSuchMethodError'{0x000000062ce3c4f0}: 'void java.lang.invoke.DirectMethodHandle$Holder.invokeStatic(java.lang.Object, java.lang.Object)'> (0x000000062ce3c4f0) 
thrown [src/hotspot/share/interpreter/linkResolver.cpp, line 759]
Event: 0.324 Thread 0x00007029b402d870 Exception <a 'java/lang/NoSuchMethodError'{0x000000062ce41818}: 'void java.lang.invoke.DirectMethodHandle$Holder.invokeSpecial(java.lang.Object, java.lang.Object, java.lang.Object)'> (0x000000062ce41818) 
thrown [src/hotspot/share/interpreter/linkResolver.cpp, line 759]
Event: 0.325 Thread 0x00007029b402d870 Exception <a 'java/lang/NoSuchMethodError'{0x000000062ce528b0}: 'java.lang.Object java.lang.invoke.DirectMethodHandle$Holder.invokeStatic(java.lang.Object, java.lang.Object, int)'> (0x000000062ce528b0) 
thrown [src/hotspot/share/interpreter/linkResolver.cpp, line 759]
Event: 0.326 Thread 0x00007029b402d870 Exception <a 'java/lang/NoSuchMethodError'{0x000000062ce5db38}: 'void java.lang.invoke.DelegatingMethodHandle$Holder.delegate(java.lang.Object, java.lang.Object, int, java.lang.Object)'> (0x000000062ce5db38) 
thrown [src/hotspot/share/interpreter/linkResolver.cpp, line 759]
Event: 0.326 Thread 0x00007029b402d870 Exception <a 'java/lang/NoSuchMethodError'{0x000000062ce61c50}: 'int java.lang.invoke.DirectMethodHandle$Holder.invokeSpecial(java.lang.Object, java.lang.Object, java.lang.Object)'> (0x000000062ce61c50) 
thrown [src/hotspot/share/interpreter/linkResolver.cpp, line 759]
Event: 0.364 Thread 0x00007029b402d870 Exception <a 'sun/nio/fs/UnixException'{0x000000062c9b6000}> (0x000000062c9b6000) 
thrown [src/hotspot/share/prims/jni.cpp, line 516]
Event: 0.430 Thread 0x00007029b402d870 Exception <a 'java/lang/NoSuchMethodError'{0x000000062c425078}: 'int java.lang.invoke.DirectMethodHandle$Holder.invokeStaticInit(java.lang.Object, java.lang.Object, int, long)'> (0x000000062c425078) 
thrown [src/hotspot/share/interpreter/linkResolver.cpp, line 759]
Event: 0.430 Thread 0x00007029b402d870 Exception <a 'java/lang/NoSuchMethodError'{0x000000062c42abe8}: 'java.lang.Object java.lang.invoke.DirectMethodHandle$Holder.newInvokeSpecial(java.lang.Object, java.lang.Object, int)'> (0x000000062c42abe8) 
thrown [src/hotspot/share/interpreter/linkResolver.cpp, line 759]
Event: 0.431 Thread 0x00007029b428ae90 Exception <a 'sun/nio/fs/UnixException'{0x000000062cdc5a08}> (0x000000062cdc5a08) 
thrown [src/hotspot/share/prims/jni.cpp, line 516]
Event: 0.432 Thread 0x00007029b402d870 Exception <a 'java/lang/NoSuchMethodError'{0x000000062c439508}: 'int java.lang.invoke.DirectMethodHandle$Holder.invokeStaticInit(java.lang.Object, java.lang.Object, long, long)'> (0x000000062c439508) 
thrown [src/hotspot/share/interpreter/linkResolver.cpp, line 759]
Event: 0.432 Thread 0x00007029b402d870 Exception <a 'java/lang/NoSuchMethodError'{0x000000062c43f198}: 'java.lang.Object java.lang.invoke.DirectMethodHandle$Holder.newInvokeSpecial(java.lang.Object, java.lang.Object, long)'> (0x000000062c43f198) 
thrown [src/hotspot/share/interpreter/linkResolver.cpp, line 759]
Event: 0.432 Thread 0x00007029b402d870 Exception <a 'java/lang/NoSuchMethodError'{0x000000062c442d08}: 'java.lang.Object java.lang.invoke.Invokers$Holder.linkToTargetMethod(java.lang.Object, long, java.lang.Object)'> (0x000000062c442d08) 
thrown [src/hotspot/share/interpreter/linkResolver.cpp, line 759]
Event: 0.433 Thread 0x00007029b402d870 Exception <a 'java/lang/NoSuchMethodError'{0x000000062c44a1d8}: 'int java.lang.invoke.DirectMethodHandle$Holder.invokeStaticInit(java.lang.Object, java.lang.Object, java.lang.Object, long)'> (0x000000062c44a1d8) 
thrown [src/hotspot/share/interpreter/linkResolver.cpp, line 759]
Event: 0.443 Thread 0x00007029b402d870 Exception <a 'sun/nio/fs/UnixException'{0x000000062c4ac2e0}> (0x000000062c4ac2e0) 
thrown [src/hotspot/share/prims/jni.cpp, line 516]

VM Operations (12 events):
Event: 0.023 Executing VM operation: ChangeBreakpoints
Event: 0.023 Executing VM operation: ChangeBreakpoints done
Event: 0.241 Executing VM operation: HandshakeAllThreads
Event: 0.241 Executing VM operation: HandshakeAllThreads done
Event: 0.311 Executing VM operation: ChangeBreakpoints
Event: 0.312 Executing VM operation: ChangeBreakpoints done
Event: 0.312 Executing VM operation: ChangeBreakpoints
Event: 0.312 Executing VM operation: ChangeBreakpoints done
Event: 0.313 Executing VM operation: ChangeBreakpoints
Event: 0.313 Executing VM operation: ChangeBreakpoints done
Event: 0.313 Executing VM operation: ChangeBreakpoints
Event: 0.313 Executing VM operation: ChangeBreakpoints done

Memory protections (17 events):
Event: 0.001 Protecting memory [0x00007029b9d00000,0x00007029b9d04000] with protection modes 0
Event: 0.014 Protecting memory [0x0000702988700000,0x0000702988704000] with protection modes 0
Event: 0.014 Protecting memory [0x0000702988600000,0x0000702988604000] with protection modes 0
Event: 0.016 Protecting memory [0x0000702988500000,0x0000702988504000] with protection modes 0
Event: 0.016 Protecting memory [0x0000702988400000,0x0000702988404000] with protection modes 0
Event: 0.016 Protecting memory [0x0000702988300000,0x0000702988304000] with protection modes 0
Event: 0.016 Protecting memory [0x0000702988200000,0x0000702988204000] with protection modes 0
Event: 0.016 Protecting memory [0x0000702988100000,0x0000702988104000] with protection modes 0
Event: 0.016 Protecting memory [0x0000702988000000,0x0000702988004000] with protection modes 0
Event: 0.023 Protecting memory [0x0000702979900000,0x0000702979904000] with protection modes 0
Event: 0.023 Protecting memory [0x0000702979500000,0x0000702979504000] with protection modes 0
Event: 0.023 Protecting memory [0x0000702979400000,0x0000702979404000] with protection modes 0
Event: 0.136 Protecting memory [0x0000702979300000,0x0000702979304000] with protection modes 0
Event: 0.138 Protecting memory [0x00007029790ff000,0x0000702979103000] with protection modes 0
Event: 0.232 Protecting memory [0x0000702978900000,0x0000702978904000] with protection modes 0
Event: 0.287 Protecting memory [0x0000702978500000,0x0000702978504000] with protection modes 0
Event: 0.298 Protecting memory [0x0000702978100000,0x0000702978104000] with protection modes 0

Nmethod flushes (0 events):
No events

Events (17 events):
Event: 0.012 Thread 0x00007029b402d870 Thread added: 0x00007029b402d870
Event: 0.014 Thread 0x00007029b402d870 Thread added: 0x00007029b415e970
Event: 0.014 Thread 0x00007029b402d870 Thread added: 0x00007029b415fd50
Event: 0.016 Thread 0x00007029b402d870 Thread added: 0x00007029b41652e0
Event: 0.016 Thread 0x00007029b402d870 Thread added: 0x00007029b4166690
Event: 0.016 Thread 0x00007029b402d870 Thread added: 0x00007029b4167aa0
Event: 0.016 Thread 0x00007029b402d870 Thread added: 0x00007029b4169450
Event: 0.016 Thread 0x00007029b402d870 Thread added: 0x00007029b416a980
Event: 0.016 Thread 0x00007029b402d870 Thread added: 0x00007029b4173de0
Event: 0.023 Thread 0x00007029b402d870 Thread added: 0x00007029b418d670
Event: 0.023 Thread 0x00007029b402d870 Thread added: 0x00007029b4190400
Event: 0.023 Thread 0x00007029b418d670 Thread added: 0x0000702904001130
Event: 0.136 Thread 0x00007029b402d870 Thread added: 0x00007029b41912d0
Event: 0.138 Thread 0x00007029b402d870 Thread added: 0x00007029b41952f0
Event: 0.232 Thread 0x00007029b402d870 Thread added: 0x00007029b42669a0
Event: 0.286 Thread 0x00007029b416a980 Thread added: 0x000070290c17f350
Event: 0.297 Thread 0x00007029b402d870 Thread added: 0x00007029b428ae90


Dynamic libraries:
60e000000-62d400000 rw-p 00000000 00:00 0 
62d400000-7ff800000 ---p 00000000 00:00 0 
7ff800000-7ffb00000 rw-p 00000000 00:00 0 
7ffb00000-7ffb75000 rw-p 00c7a000 103:05 15074430                        /usr/lib/jvm/java-17-amazon-corretto/lib/server/classes.jsa
7ffb75000-7ffc00000 rw-p 00000000 00:00 0 
7ffc00000-7ffc78000 rw-p 00c02000 103:05 15074430                        /usr/lib/jvm/java-17-amazon-corretto/lib/server/classes.jsa
7ffc78000-800000000 rw-p 00000000 00:00 0 
5c542a600000-5c542a601000 r-xp 00000000 103:05 15077193                  /usr/lib/jvm/java-17-amazon-corretto/bin/java
5c542a801000-5c542a802000 r--p 00001000 103:05 15077193                  /usr/lib/jvm/java-17-amazon-corretto/bin/java
5c542a802000-5c542a803000 rw-p 00002000 103:05 15077193                  /usr/lib/jvm/java-17-amazon-corretto/bin/java
5c54525e8000-5c5452632000 rw-p 00000000 00:00 0                          [heap]
7028e0000000-7028e02de000 rw-p 00000000 00:00 0 
7028e02de000-7028e4000000 ---p 00000000 00:00 0 
7028e4000000-7028e41e2000 rw-p 00000000 00:00 0 
7028e41e2000-7028e8000000 ---p 00000000 00:00 0 
7028e8000000-7028e8021000 rw-p 00000000 00:00 0 
7028e8021000-7028ec000000 ---p 00000000 00:00 0 
7028ec000000-7028ec021000 rw-p 00000000 00:00 0 
7028ec021000-7028f0000000 ---p 00000000 00:00 0 
7028f0000000-7028f0021000 rw-p 00000000 00:00 0 
7028f0021000-7028f4000000 ---p 00000000 00:00 0 
7028f4000000-7028f4021000 rw-p 00000000 00:00 0 
7028f4021000-7028f8000000 ---p 00000000 00:00 0 
7028f8000000-7028f8021000 rw-p 00000000 00:00 0 
7028f8021000-7028fc000000 ---p 00000000 00:00 0 
7028fc000000-7028fc021000 rw-p 00000000 00:00 0 
7028fc021000-702900000000 ---p 00000000 00:00 0 
702900000000-702900021000 rw-p 00000000 00:00 0 
702900021000-702904000000 ---p 00000000 00:00 0 
702904000000-702904021000 rw-p 00000000 00:00 0 
702904021000-702908000000 ---p 00000000 00:00 0 
702908000000-702908395000 rw-p 00000000 00:00 0 
702908395000-70290c000000 ---p 00000000 00:00 0 
70290c000000-70290c33a000 rw-p 00000000 00:00 0 
70290c33a000-702910000000 ---p 00000000 00:00 0 
702910000000-702910021000 rw-p 00000000 00:00 0 
702910021000-702914000000 ---p 00000000 00:00 0 
702914000000-702914021000 rw-p 00000000 00:00 0 
702914021000-702918000000 ---p 00000000 00:00 0 
702918000000-702918021000 rw-p 00000000 00:00 0 
702918021000-70291c000000 ---p 00000000 00:00 0 
70291c000000-70291c021000 rw-p 00000000 00:00 0 
70291c021000-702920000000 ---p 00000000 00:00 0 
702920000000-702920021000 rw-p 00000000 00:00 0 
702920021000-702924000000 ---p 00000000 00:00 0 
70292470c000-702924713000 r--p 00000000 103:05 14971447                  /usr/lib/x86_64-linux-gnu/libblkid.so.1.1.0
702924713000-702924737000 r-xp 00007000 103:05 14971447                  /usr/lib/x86_64-linux-gnu/libblkid.so.1.1.0
702924737000-702924740000 r--p 0002b000 103:05 14971447                  /usr/lib/x86_64-linux-gnu/libblkid.so.1.1.0
702924740000-702924746000 r--p 00033000 103:05 14971447                  /usr/lib/x86_64-linux-gnu/libblkid.so.1.1.0
702924746000-702924747000 rw-p 00039000 103:05 14971447                  /usr/lib/x86_64-linux-gnu/libblkid.so.1.1.0
702924872000-702924878000 r--p 00000000 103:05 14942867                  /usr/lib/x86_64-linux-gnu/libselinux.so.1
702924878000-702924895000 r-xp 00006000 103:05 14942867                  /usr/lib/x86_64-linux-gnu/libselinux.so.1
702924895000-70292489b000 r--p 00023000 103:05 14942867                  /usr/lib/x86_64-linux-gnu/libselinux.so.1
70292489b000-70292489c000 r--p 00029000 103:05 14942867                  /usr/lib/x86_64-linux-gnu/libselinux.so.1
70292489c000-70292489d000 rw-p 0002a000 103:05 14942867                  /usr/lib/x86_64-linux-gnu/libselinux.so.1
70292489d000-70292489f000 rw-p 00000000 00:00 0 
70292489f000-7029248a8000 r--p 00000000 103:05 14970096                  /usr/lib/x86_64-linux-gnu/libmount.so.1.1.0
7029248a8000-7029248dc000 r-xp 00009000 103:05 14970096                  /usr/lib/x86_64-linux-gnu/libmount.so.1.1.0
7029248dc000-7029248e9000 r--p 0003d000 103:05 14970096                  /usr/lib/x86_64-linux-gnu/libmount.so.1.1.0
7029248e9000-7029248eb000 r--p 00049000 103:05 14970096                  /usr/lib/x86_64-linux-gnu/libmount.so.1.1.0
7029248eb000-7029248ec000 rw-p 0004b000 103:05 14970096                  /usr/lib/x86_64-linux-gnu/libmount.so.1.1.0
702924d50000-702924d89000 r--p 00000000 103:05 14942577                  /usr/lib/x86_64-linux-gnu/libgio-2.0.so.0.8000.0
702924d89000-702924ea0000 r-xp 00039000 103:05 14942577                  /usr/lib/x86_64-linux-gnu/libgio-2.0.so.0.8000.0
702924ea0000-702924f15000 r--p 00150000 103:05 14942577                  /usr/lib/x86_64-linux-gnu/libgio-2.0.so.0.8000.0
702924f15000-702924f1d000 r--p 001c4000 103:05 14942577                  /usr/lib/x86_64-linux-gnu/libgio-2.0.so.0.8000.0
702924f1d000-702924f1e000 rw-p 001cc000 103:05 14942577                  /usr/lib/x86_64-linux-gnu/libgio-2.0.so.0.8000.0
702924f1e000-702924f20000 rw-p 00000000 00:00 0 
702925701000-702925800000 rw-s 00000000 00:01 231898                     /memfd:wayland-cursor (deleted)
702925800000-702926000000 rw-p 00000000 00:00 0 
702926000000-702926008000 r--p 00000000 103:05 3014752                   /tmp/lwjgl_cookiebot/3.3.6+1/x64/libjemalloc.so
702926008000-702926060000 r-xp 00008000 103:05 3014752                   /tmp/lwjgl_cookiebot/3.3.6+1/x64/libjemalloc.so
702926060000-702926071000 r--p 00060000 103:05 3014752                   /tmp/lwjgl_cookiebot/3.3.6+1/x64/libjemalloc.so
702926071000-702926072000 ---p 00071000 103:05 3014752                   /tmp/lwjgl_cookiebot/3.3.6+1/x64/libjemalloc.so
702926072000-702926078000 r--p 00071000 103:05 3014752                   /tmp/lwjgl_cookiebot/3.3.6+1/x64/libjemalloc.so
702926078000-702926079000 rw-p 00077000 103:05 3014752                   /tmp/lwjgl_cookiebot/3.3.6+1/x64/libjemalloc.so
702926079000-702926283000 rw-p 00000000 00:00 0 
702926301000-702926400000 rw-s 00000000 00:01 225149                     /memfd:wayland-cursor (deleted)
702926400000-702926407000 r-xp 00000000 103:05 15074263                  /usr/lib/jvm/java-17-amazon-corretto/lib/libzip.so
702926407000-702926607000 ---p 00007000 103:05 15074263                  /usr/lib/jvm/java-17-amazon-corretto/lib/libzip.so
702926607000-702926608000 r--p 00007000 103:05 15074263                  /usr/lib/jvm/java-17-amazon-corretto/lib/libzip.so
702926608000-702926609000 rw-p 00000000 00:00 0 
70292661d000-70292661f000 r--p 00000000 103:05 14942599                  /usr/lib/x86_64-linux-gnu/libpcre2-8.so.0.11.2
70292661f000-70292668d000 r-xp 00002000 103:05 14942599                  /usr/lib/x86_64-linux-gnu/libpcre2-8.so.0.11.2
70292668d000-7029266b5000 r--p 00070000 103:05 14942599                  /usr/lib/x86_64-linux-gnu/libpcre2-8.so.0.11.2
7029266b5000-7029266b6000 r--p 00097000 103:05 14942599                  /usr/lib/x86_64-linux-gnu/libpcre2-8.so.0.11.2
7029266b6000-7029266b7000 rw-p 00098000 103:05 14942599                  /usr/lib/x86_64-linux-gnu/libpcre2-8.so.0.11.2
7029266b7000-7029266d5000 r--p 00000000 103:05 14942585                  /usr/lib/x86_64-linux-gnu/libglib-2.0.so.0.8000.0
7029266d5000-702926775000 r-xp 0001e000 103:05 14942585                  /usr/lib/x86_64-linux-gnu/libglib-2.0.so.0.8000.0
702926775000-7029267fd000 r--p 000be000 103:05 14942585                  /usr/lib/x86_64-linux-gnu/libglib-2.0.so.0.8000.0
7029267fd000-7029267fe000 r--p 00146000 103:05 14942585                  /usr/lib/x86_64-linux-gnu/libglib-2.0.so.0.8000.0
7029267fe000-7029267ff000 rw-p 00147000 103:05 14942585                  /usr/lib/x86_64-linux-gnu/libglib-2.0.so.0.8000.0
7029267ff000-702926800000 rw-p 00000000 00:00 0 
702926800000-7029268af000 r-xp 00000000 103:05 15074436                  /usr/lib/jvm/java-17-amazon-corretto/lib/libfreetype.so
7029268af000-702926aaf000 ---p 000af000 103:05 15074436                  /usr/lib/jvm/java-17-amazon-corretto/lib/libfreetype.so
702926aaf000-702926ab5000 r--p 000af000 103:05 15074436                  /usr/lib/jvm/java-17-amazon-corretto/lib/libfreetype.so
702926ab5000-702926ab6000 rw-p 00000000 00:00 0 
702926b30000-702926c00000 rw-s 00000000 00:01 231897                     /memfd:wayland-cursor (deleted)
702926c00000-702926da7000 r-xp 00000000 103:05 15074435                  /usr/lib/jvm/java-17-amazon-corretto/lib/libfontmanager.so
702926da7000-702926fa6000 ---p 001a7000 103:05 15074435                  /usr/lib/jvm/java-17-amazon-corretto/lib/libfontmanager.so
702926fa6000-702926fa8000 r--p 001a6000 103:05 15074435                  /usr/lib/jvm/java-17-amazon-corretto/lib/libfontmanager.so
702926fa8000-702926fa9000 rw-p 001a8000 103:05 15074435                  /usr/lib/jvm/java-17-amazon-corretto/lib/libfontmanager.so
702926fa9000-702926faa000 rw-p 00000000 00:00 0 
702927000000-7029272c0000 rw-p 00000000 00:00 0 
7029272c0000-702927400000 ---p 00000000 00:00 0 
702927400000-702927530000 rw-p 00000000 00:00 0 
702927530000-70292b000000 ---p 00000000 00:00 0 
70292b000000-70292bbca000 rw-p 00001000 103:05 15074430                  /usr/lib/jvm/java-17-amazon-corretto/lib/server/classes.jsa
70292bbca000-70292c000000 ---p 00000000 00:00 0 
70292c000000-70292c030000 rw-p 00000000 00:00 0 
70292c030000-70292c040000 ---p 00000000 00:00 0 
70292c040000-70292c080000 rw-p 00000000 00:00 0 
70292c080000-70296c000000 ---p 00000000 00:00 0 
70296c000000-70296c021000 rw-p 00000000 00:00 0 
70296c021000-702970000000 ---p 00000000 00:00 0 
702970000000-702970021000 rw-p 00000000 00:00 0 
702970021000-702974000000 ---p 00000000 00:00 0 
702974000000-702974021000 rw-p 00000000 00:00 0 
702974021000-702978000000 ---p 00000000 00:00 0 
702978030000-702978100000 rw-s 00000000 00:01 225148                     /memfd:wayland-cursor (deleted)
702978100000-702978104000 ---p 00000000 00:00 0 
702978104000-702978200000 rw-p 00000000 00:00 0 
702978200000-70297826e000 r-xp 00000000 103:05 15074434                  /usr/lib/jvm/java-17-amazon-corretto/lib/libawt_xawt.so
70297826e000-70297846e000 ---p 0006e000 103:05 15074434                  /usr/lib/jvm/java-17-amazon-corretto/lib/libawt_xawt.so
70297846e000-702978473000 r--p 0006e000 103:05 15074434                  /usr/lib/jvm/java-17-amazon-corretto/lib/libawt_xawt.so
702978473000-702978475000 rw-p 00073000 103:05 15074434                  /usr/lib/jvm/java-17-amazon-corretto/lib/libawt_xawt.so
702978475000-702978477000 rw-p 00000000 00:00 0 
702978500000-702978504000 ---p 00000000 00:00 0 
702978504000-702978600000 rw-p 00000000 00:00 0 
702978600000-7029786bc000 r-xp 00000000 103:05 15074432                  /usr/lib/jvm/java-17-amazon-corretto/lib/libawt.so
7029786bc000-7029788bc000 ---p 000bc000 103:05 15074432                  /usr/lib/jvm/java-17-amazon-corretto/lib/libawt.so
7029788bc000-7029788bd000 r--p 000bc000 103:05 15074432                  /usr/lib/jvm/java-17-amazon-corretto/lib/libawt.so
7029788bd000-7029788c8000 rw-p 000bd000 103:05 15074432                  /usr/lib/jvm/java-17-amazon-corretto/lib/libawt.so
7029788c8000-7029788ed000 rw-p 00000000 00:00 0 
702978900000-702978904000 ---p 00000000 00:00 0 
702978904000-702978a00000 rw-p 00000000 00:00 0 
702978a00000-702978a15000 r-xp 00000000 103:05 15074260                  /usr/lib/jvm/java-17-amazon-corretto/lib/libnet.so
702978a15000-702978c14000 ---p 00015000 103:05 15074260                  /usr/lib/jvm/java-17-amazon-corretto/lib/libnet.so
702978c14000-702978c15000 r--p 00014000 103:05 15074260                  /usr/lib/jvm/java-17-amazon-corretto/lib/libnet.so
702978c15000-702978c16000 rw-p 00015000 103:05 15074260                  /usr/lib/jvm/java-17-amazon-corretto/lib/libnet.so
702978cc3000-702978cdc000 r--p 00000000 103:05 14950133                  /usr/lib/x86_64-linux-gnu/libX11.so.6.4.0
702978cdc000-702978d6c000 r-xp 00019000 103:05 14950133                  /usr/lib/x86_64-linux-gnu/libX11.so.6.4.0
702978d6c000-702978dfb000 r--p 000a9000 103:05 14950133                  /usr/lib/x86_64-linux-gnu/libX11.so.6.4.0
702978dfb000-702978dfc000 r--p 00138000 103:05 14950133                  /usr/lib/x86_64-linux-gnu/libX11.so.6.4.0
702978dfc000-702978e00000 rw-p 00139000 103:05 14950133                  /usr/lib/x86_64-linux-gnu/libX11.so.6.4.0
702978e00000-702978e12000 r-xp 00000000 103:05 15074261                  /usr/lib/jvm/java-17-amazon-corretto/lib/libnio.so
702978e12000-702979012000 ---p 00012000 103:05 15074261                  /usr/lib/jvm/java-17-amazon-corretto/lib/libnio.so
702979012000-702979013000 r--p 00012000 103:05 15074261                  /usr/lib/jvm/java-17-amazon-corretto/lib/libnio.so
702979013000-702979014000 rw-p 00013000 103:05 15074261                  /usr/lib/jvm/java-17-amazon-corretto/lib/libnio.so
7029790c7000-7029790cc000 r--p 00000000 103:05 14942481                  /usr/lib/x86_64-linux-gnu/libpng16.so.16.43.0
7029790cc000-7029790f4000 r-xp 00005000 103:05 14942481                  /usr/lib/x86_64-linux-gnu/libpng16.so.16.43.0
7029790f4000-7029790fd000 r--p 0002d000 103:05 14942481                  /usr/lib/x86_64-linux-gnu/libpng16.so.16.43.0
7029790fd000-7029790fe000 r--p 00035000 103:05 14942481                  /usr/lib/x86_64-linux-gnu/libpng16.so.16.43.0
7029790fe000-7029790ff000 rw-p 00036000 103:05 14942481                  /usr/lib/x86_64-linux-gnu/libpng16.so.16.43.0
7029790ff000-702979103000 ---p 00000000 00:00 0 
702979103000-7029791ff000 rw-p 00000000 00:00 0 
7029791ff000-702979200000 ---p 00000000 00:00 0 
702979200000-702979300000 rw-p 00000000 00:00 0 
702979300000-702979304000 ---p 00000000 00:00 0 
702979304000-702979400000 rw-p 00000000 00:00 0 
702979400000-702979404000 ---p 00000000 00:00 0 
702979404000-702979500000 rw-p 00000000 00:00 0 
702979500000-702979504000 ---p 00000000 00:00 0 
702979504000-702979600000 rw-p 00000000 00:00 0 
702979600000-702979605000 r-xp 00000000 103:05 15074897                  /usr/lib/jvm/java-17-amazon-corretto/lib/libdt_socket.so
702979605000-702979804000 ---p 00005000 103:05 15074897                  /usr/lib/jvm/java-17-amazon-corretto/lib/libdt_socket.so
702979804000-702979805000 r--p 00004000 103:05 15074897                  /usr/lib/jvm/java-17-amazon-corretto/lib/libdt_socket.so
702979805000-702979806000 rw-p 00005000 103:05 15074897                  /usr/lib/jvm/java-17-amazon-corretto/lib/libdt_socket.so
702979806000-702979815000 r--p 00000000 103:05 14942608                  /usr/lib/x86_64-linux-gnu/libgobject-2.0.so.0.8000.0
702979815000-70297984c000 r-xp 0000f000 103:05 14942608                  /usr/lib/x86_64-linux-gnu/libgobject-2.0.so.0.8000.0
70297984c000-702979865000 r--p 00046000 103:05 14942608                  /usr/lib/x86_64-linux-gnu/libgobject-2.0.so.0.8000.0
702979865000-702979868000 r--p 0005e000 103:05 14942608                  /usr/lib/x86_64-linux-gnu/libgobject-2.0.so.0.8000.0
702979868000-702979869000 rw-p 00061000 103:05 14942608                  /usr/lib/x86_64-linux-gnu/libgobject-2.0.so.0.8000.0
702979869000-702979879000 r--p 00000000 103:05 3014751                   /tmp/lwjgl_cookiebot/3.3.6+1/x64/libglfw.so
702979879000-70297989a000 r-xp 00010000 103:05 3014751                   /tmp/lwjgl_cookiebot/3.3.6+1/x64/libglfw.so
70297989a000-7029798d6000 r--p 00031000 103:05 3014751                   /tmp/lwjgl_cookiebot/3.3.6+1/x64/libglfw.so
7029798d6000-7029798da000 r--p 0006c000 103:05 3014751                   /tmp/lwjgl_cookiebot/3.3.6+1/x64/libglfw.so
7029798da000-7029798dd000 rw-p 00070000 103:05 3014751                   /tmp/lwjgl_cookiebot/3.3.6+1/x64/libglfw.so
7029798dd000-702979900000 rw-p 00000000 00:00 0 
702979900000-702979904000 ---p 00000000 00:00 0 
702979904000-702979a00000 rw-p 00000000 00:00 0 
702979a00000-702979f75000 r--p 00000000 103:05 14942597                  /usr/lib/locale/locale-archive
702979f84000-702979fb0000 r--p 00000000 103:05 3014749                   /tmp/lwjgl_cookiebot/3.3.6+1/x64/liblwjgl.so
702979fb0000-702979fe4000 r-xp 0002c000 103:05 3014749                   /tmp/lwjgl_cookiebot/3.3.6+1/x64/liblwjgl.so
702979fe4000-702979ffe000 r--p 00060000 103:05 3014749                   /tmp/lwjgl_cookiebot/3.3.6+1/x64/liblwjgl.so
702979ffe000-702979fff000 r--p 00079000 103:05 3014749                   /tmp/lwjgl_cookiebot/3.3.6+1/x64/liblwjgl.so
702979fff000-70297a000000 rw-p 0007a000 103:05 3014749                   /tmp/lwjgl_cookiebot/3.3.6+1/x64/liblwjgl.so
70297a000000-70297c021000 rw-p 00000000 00:00 0 
70297c021000-702980000000 ---p 00000000 00:00 0 
702980000000-702980021000 rw-p 00000000 00:00 0 
702980021000-702984000000 ---p 00000000 00:00 0 
702984000000-702984021000 rw-p 00000000 00:00 0 
702984021000-702988004000 ---p 00000000 00:00 0 
702988004000-702988100000 rw-p 00000000 00:00 0 
702988100000-702988104000 ---p 00000000 00:00 0 
702988104000-702988200000 rw-p 00000000 00:00 0 
702988200000-702988204000 ---p 00000000 00:00 0 
702988204000-702988300000 rw-p 00000000 00:00 0 
702988300000-702988304000 ---p 00000000 00:00 0 
702988304000-702988400000 rw-p 00000000 00:00 0 
702988400000-702988404000 ---p 00000000 00:00 0 
702988404000-702988500000 rw-p 00000000 00:00 0 
702988500000-702988504000 ---p 00000000 00:00 0 
702988504000-702988600000 rw-p 00000000 00:00 0 
702988600000-702988604000 ---p 00000000 00:00 0 
702988604000-702988700000 rw-p 00000000 00:00 0 
702988700000-702988704000 ---p 00000000 00:00 0 
702988704000-702988800000 rw-p 00000000 00:00 0 
702988800000-7029888ce000 r-xp 00000000 103:05 15074832                  /usr/lib/jvm/java-17-amazon-corretto/lib/libjsvml.so
7029888ce000-702988acd000 ---p 000ce000 103:05 15074832                  /usr/lib/jvm/java-17-amazon-corretto/lib/libjsvml.so
702988acd000-702988ace000 r--p 000cd000 103:05 15074832                  /usr/lib/jvm/java-17-amazon-corretto/lib/libjsvml.so
702988ace000-702988acf000 rw-p 000ce000 103:05 15074832                  /usr/lib/jvm/java-17-amazon-corretto/lib/libjsvml.so
702988b3b000-702988b3c000 ---p 00000000 00:00 0 
702988b3c000-702988c3c000 rw-p 00000000 00:00 0 
702988c3c000-702988c3d000 ---p 00000000 00:00 0 
702988c3d000-702988d3d000 rw-p 00000000 00:00 0 
702988d3d000-702988d3e000 ---p 00000000 00:00 0 
702988d3e000-702988e3e000 rw-p 00000000 00:00 0 
702988e3e000-702989848000 rw-p 00000000 00:00 0 
702989848000-702989849000 ---p 00000000 00:00 0 
702989849000-702989949000 rw-p 00000000 00:00 0 
702989949000-70298994a000 ---p 00000000 00:00 0 
70298994a000-702989a4a000 rw-p 00000000 00:00 0 
702989a4a000-702989a4b000 ---p 00000000 00:00 0 
702989a4b000-702989b4b000 rw-p 00000000 00:00 0 
702989b4b000-70298a31b000 rw-p 00000000 00:00 0 
70298a31b000-7029917ab000 ---p 00000000 00:00 0 
7029917ab000-702991f9b000 rw-p 00000000 00:00 0 
702991f9b000-70299942b000 ---p 00000000 00:00 0 
70299942b000-702999545000 rw-p 00000000 00:00 0 
702999545000-70299a3d7000 ---p 00000000 00:00 0 
70299a3d7000-70299a4d5000 rw-p 00000000 00:00 0 
70299a4d5000-70299b367000 ---p 00000000 00:00 0 
70299b367000-70299b465000 rw-p 00000000 00:00 0 
70299b465000-70299c2f7000 ---p 00000000 00:00 0 
70299c2f7000-70299c800000 rw-p 00000000 00:00 0 
70299c800000-70299ca70000 rwxp 00000000 00:00 0 
70299ca70000-7029a3d37000 ---p 00000000 00:00 0 
7029a3d37000-7029a3fa7000 rwxp 00000000 00:00 0 
7029a3fa7000-7029a42c9000 ---p 00000000 00:00 0 
7029a42c9000-7029a4539000 rwxp 00000000 00:00 0 
7029a4539000-7029ab800000 ---p 00000000 00:00 0 
7029ab800000-7029ab824000 r-xp 00000000 103:05 15074239                  /usr/lib/jvm/java-17-amazon-corretto/lib/libjava.so
7029ab824000-7029aba24000 ---p 00024000 103:05 15074239                  /usr/lib/jvm/java-17-amazon-corretto/lib/libjava.so
7029aba24000-7029aba25000 r--p 00024000 103:05 15074239                  /usr/lib/jvm/java-17-amazon-corretto/lib/libjava.so
7029aba25000-7029aba26000 rw-p 00025000 103:05 15074239                  /usr/lib/jvm/java-17-amazon-corretto/lib/libjava.so
7029aba26000-7029aba27000 rw-p 00000000 00:00 0 
7029aba27000-7029aba29000 r--p 00000000 103:05 14942607                  /usr/lib/x86_64-linux-gnu/libgmodule-2.0.so.0.8000.0
7029aba29000-7029aba2b000 r-xp 00002000 103:05 14942607                  /usr/lib/x86_64-linux-gnu/libgmodule-2.0.so.0.8000.0
7029aba2b000-7029aba2c000 r--p 00004000 103:05 14942607                  /usr/lib/x86_64-linux-gnu/libgmodule-2.0.so.0.8000.0
7029aba2c000-7029aba2d000 r--p 00004000 103:05 14942607                  /usr/lib/x86_64-linux-gnu/libgmodule-2.0.so.0.8000.0
7029aba2d000-7029aba2e000 rw-p 00005000 103:05 14942607                  /usr/lib/x86_64-linux-gnu/libgmodule-2.0.so.0.8000.0
7029aba2e000-7029aba32000 r--p 00000000 103:05 14951002                  /usr/lib/x86_64-linux-gnu/libdecor-0.so.0.200.2
7029aba32000-7029aba35000 r-xp 00004000 103:05 14951002                  /usr/lib/x86_64-linux-gnu/libdecor-0.so.0.200.2
7029aba35000-7029aba37000 r--p 00007000 103:05 14951002                  /usr/lib/x86_64-linux-gnu/libdecor-0.so.0.200.2
7029aba37000-7029aba38000 r--p 00008000 103:05 14951002                  /usr/lib/x86_64-linux-gnu/libdecor-0.so.0.200.2
7029aba38000-7029aba39000 rw-p 00009000 103:05 14951002                  /usr/lib/x86_64-linux-gnu/libdecor-0.so.0.200.2
7029aba39000-7029aba3e000 r--p 00000000 103:05 14971451                  /usr/lib/x86_64-linux-gnu/libxkbcommon.so.0.0.0
7029aba3e000-7029aba5e000 r-xp 00005000 103:05 14971451                  /usr/lib/x86_64-linux-gnu/libxkbcommon.so.0.0.0
7029aba5e000-7029aba7f000 r--p 00025000 103:05 14971451                  /usr/lib/x86_64-linux-gnu/libxkbcommon.so.0.0.0
7029aba7f000-7029aba81000 r--p 00045000 103:05 14971451                  /usr/lib/x86_64-linux-gnu/libxkbcommon.so.0.0.0
7029aba81000-7029aba82000 rw-p 00047000 103:05 14971451                  /usr/lib/x86_64-linux-gnu/libxkbcommon.so.0.0.0
7029aba82000-7029aba84000 r--p 00000000 103:05 14942351                  /usr/lib/x86_64-linux-gnu/libffi.so.8.1.4
7029aba84000-7029aba8b000 r-xp 00002000 103:05 14942351                  /usr/lib/x86_64-linux-gnu/libffi.so.8.1.4
7029aba8b000-7029aba8c000 r--p 00009000 103:05 14942351                  /usr/lib/x86_64-linux-gnu/libffi.so.8.1.4
7029aba8c000-7029aba8d000 r--p 0000a000 103:05 14942351                  /usr/lib/x86_64-linux-gnu/libffi.so.8.1.4
7029aba8d000-7029aba8e000 rw-p 0000b000 103:05 14942351                  /usr/lib/x86_64-linux-gnu/libffi.so.8.1.4
7029aba8e000-7029aba93000 r--p 00000000 103:05 14942239                  /usr/lib/x86_64-linux-gnu/libwayland-client.so.0.22.0
7029aba93000-7029aba99000 r-xp 00005000 103:05 14942239                  /usr/lib/x86_64-linux-gnu/libwayland-client.so.0.22.0
7029aba99000-7029aba9b000 r--p 0000b000 103:05 14942239                  /usr/lib/x86_64-linux-gnu/libwayland-client.so.0.22.0
7029aba9b000-7029aba9d000 r--p 0000d000 103:05 14942239                  /usr/lib/x86_64-linux-gnu/libwayland-client.so.0.22.0
7029aba9d000-7029aba9e000 rw-p 0000f000 103:05 14942239                  /usr/lib/x86_64-linux-gnu/libwayland-client.so.0.22.0
7029aba9e000-7029abaa0000 r--p 00000000 103:05 14943111                  /usr/lib/x86_64-linux-gnu/libmd.so.0.1.0
7029abaa0000-7029abaa9000 r-xp 00002000 103:05 14943111                  /usr/lib/x86_64-linux-gnu/libmd.so.0.1.0
7029abaa9000-7029abaab000 r--p 0000b000 103:05 14943111                  /usr/lib/x86_64-linux-gnu/libmd.so.0.1.0
7029abaab000-7029abaac000 r--p 0000c000 103:05 14943111                  /usr/lib/x86_64-linux-gnu/libmd.so.0.1.0
7029abaac000-7029abaad000 rw-p 0000d000 103:05 14943111                  /usr/lib/x86_64-linux-gnu/libmd.so.0.1.0
7029abaad000-7029abab1000 r--p 00000000 103:05 14943150                  /usr/lib/x86_64-linux-gnu/libbsd.so.0.12.1
7029abab1000-7029ababd000 r-xp 00004000 103:05 14943150                  /usr/lib/x86_64-linux-gnu/libbsd.so.0.12.1
7029ababd000-7029abac0000 r--p 00010000 103:05 14943150                  /usr/lib/x86_64-linux-gnu/libbsd.so.0.12.1
7029abac0000-7029abac1000 r--p 00012000 103:05 14943150                  /usr/lib/x86_64-linux-gnu/libbsd.so.0.12.1
7029abac1000-7029abac2000 rw-p 00013000 103:05 14943150                  /usr/lib/x86_64-linux-gnu/libbsd.so.0.12.1
7029abac2000-7029abac3000 rw-p 00000000 00:00 0 
7029abac3000-7029abace000 r--p 00000000 103:05 14943322                  /usr/lib/x86_64-linux-gnu/libxcb.so.1.1.0
7029abace000-7029abae1000 r-xp 0000b000 103:05 14943322                  /usr/lib/x86_64-linux-gnu/libxcb.so.1.1.0
7029abae1000-7029abaea000 r--p 0001e000 103:05 14943322                  /usr/lib/x86_64-linux-gnu/libxcb.so.1.1.0
7029abaea000-7029abaeb000 r--p 00026000 103:05 14943322                  /usr/lib/x86_64-linux-gnu/libxcb.so.1.1.0
7029abaeb000-7029abaec000 rw-p 00027000 103:05 14943322                  /usr/lib/x86_64-linux-gnu/libxcb.so.1.1.0
7029abaec000-7029abaef000 r--p 00000000 103:05 14969839                  /usr/lib/x86_64-linux-gnu/libXi.so.6.1.0
7029abaef000-7029abafb000 r-xp 00003000 103:05 14969839                  /usr/lib/x86_64-linux-gnu/libXi.so.6.1.0
7029abafb000-7029abafd000 r--p 0000f000 103:05 14969839                  /usr/lib/x86_64-linux-gnu/libXi.so.6.1.0
7029abafd000-7029abafe000 r--p 00011000 103:05 14969839                  /usr/lib/x86_64-linux-gnu/libXi.so.6.1.0
7029abafe000-7029abaff000 rw-p 00012000 103:05 14969839                  /usr/lib/x86_64-linux-gnu/libXi.so.6.1.0
7029abaff000-7029abc00000 rw-p 00000000 00:00 0 
7029abc00000-7029abc3f000 r-xp 00000000 103:05 15074898                  /usr/lib/jvm/java-17-amazon-corretto/lib/libjdwp.so
7029abc3f000-7029abe3e000 ---p 0003f000 103:05 15074898                  /usr/lib/jvm/java-17-amazon-corretto/lib/libjdwp.so
7029abe3e000-7029abe3f000 r--p 0003e000 103:05 15074898                  /usr/lib/jvm/java-17-amazon-corretto/lib/libjdwp.so
7029abe3f000-7029abe40000 rw-p 0003f000 103:05 15074898                  /usr/lib/jvm/java-17-amazon-corretto/lib/libjdwp.so
7029abe40000-7029abe41000 rw-p 00000000 00:00 0 
7029abe41000-7029abe43000 r--p 00000000 103:05 14964482                  /usr/lib/x86_64-linux-gnu/libwayland-cursor.so.0.22.0
7029abe43000-7029abe45000 r-xp 00002000 103:05 14964482                  /usr/lib/x86_64-linux-gnu/libwayland-cursor.so.0.22.0
7029abe45000-7029abe46000 r--p 00004000 103:05 14964482                  /usr/lib/x86_64-linux-gnu/libwayland-cursor.so.0.22.0
7029abe46000-7029abe47000 r--p 00004000 103:05 14964482                  /usr/lib/x86_64-linux-gnu/libwayland-cursor.so.0.22.0
7029abe47000-7029abe4b000 rw-p 00005000 103:05 14964482                  /usr/lib/x86_64-linux-gnu/libwayland-cursor.so.0.22.0
7029abe4b000-7029abe4d000 r--p 00000000 103:05 14943311                  /usr/lib/x86_64-linux-gnu/libXdmcp.so.6.0.0
7029abe4d000-7029abe4f000 r-xp 00002000 103:05 14943311                  /usr/lib/x86_64-linux-gnu/libXdmcp.so.6.0.0
7029abe4f000-7029abe51000 r--p 00004000 103:05 14943311                  /usr/lib/x86_64-linux-gnu/libXdmcp.so.6.0.0
7029abe51000-7029abe52000 r--p 00005000 103:05 14943311                  /usr/lib/x86_64-linux-gnu/libXdmcp.so.6.0.0
7029abe52000-7029abe53000 rw-p 00006000 103:05 14943311                  /usr/lib/x86_64-linux-gnu/libXdmcp.so.6.0.0
7029abe53000-7029abe57000 r--p 00000000 103:05 14943423                  /usr/lib/x86_64-linux-gnu/libXext.so.6.4.0
7029abe57000-7029abe62000 r-xp 00004000 103:05 14943423                  /usr/lib/x86_64-linux-gnu/libXext.so.6.4.0
7029abe62000-7029abe65000 r--p 0000f000 103:05 14943423                  /usr/lib/x86_64-linux-gnu/libXext.so.6.4.0
7029abe65000-7029abe66000 r--p 00011000 103:05 14943423                  /usr/lib/x86_64-linux-gnu/libXext.so.6.4.0
7029abe66000-7029abe67000 rw-p 00012000 103:05 14943423                  /usr/lib/x86_64-linux-gnu/libXext.so.6.4.0
7029abe7e000-7029ac000000 rw-p 00000000 00:00 0 
7029ac000000-7029b3bf3000 r--s 00000000 103:05 15074230                  /usr/lib/jvm/java-17-amazon-corretto/lib/modules
7029b3bf3000-7029b3bf4000 r--p 00000000 103:05 14968157                  /usr/lib/x86_64-linux-gnu/libwayland-egl.so.1.22.0
7029b3bf4000-7029b3bf5000 r-xp 00001000 103:05 14968157                  /usr/lib/x86_64-linux-gnu/libwayland-egl.so.1.22.0
7029b3bf5000-7029b3bf6000 r--p 00002000 103:05 14968157                  /usr/lib/x86_64-linux-gnu/libwayland-egl.so.1.22.0
7029b3bf6000-7029b3bf7000 r--p 00002000 103:05 14968157                  /usr/lib/x86_64-linux-gnu/libwayland-egl.so.1.22.0
7029b3bf7000-7029b3bf8000 rw-p 00003000 103:05 14968157                  /usr/lib/x86_64-linux-gnu/libwayland-egl.so.1.22.0
7029b3bf8000-7029b3bfa000 r--p 00000000 103:05 14969833                  /usr/lib/x86_64-linux-gnu/libXtst.so.6.1.0
7029b3bfa000-7029b3bfd000 r-xp 00002000 103:05 14969833                  /usr/lib/x86_64-linux-gnu/libXtst.so.6.1.0
7029b3bfd000-7029b3bfe000 r--p 00005000 103:05 14969833                  /usr/lib/x86_64-linux-gnu/libXtst.so.6.1.0
7029b3bfe000-7029b3bff000 r--p 00005000 103:05 14969833                  /usr/lib/x86_64-linux-gnu/libXtst.so.6.1.0
7029b3bff000-7029b3c00000 rw-p 00006000 103:05 14969833                  /usr/lib/x86_64-linux-gnu/libXtst.so.6.1.0
7029b3c00000-7029b3c1b000 r-xp 00000000 103:05 15074241                  /usr/lib/jvm/java-17-amazon-corretto/lib/libjimage.so
7029b3c1b000-7029b3e1a000 ---p 0001b000 103:05 15074241                  /usr/lib/jvm/java-17-amazon-corretto/lib/libjimage.so
7029b3e1a000-7029b3e1c000 r--p 0001a000 103:05 15074241                  /usr/lib/jvm/java-17-amazon-corretto/lib/libjimage.so
7029b3e1c000-7029b3e1d000 rw-p 0001c000 103:05 15074241                  /usr/lib/jvm/java-17-amazon-corretto/lib/libjimage.so
7029b3e20000-7029b3e22000 r--p 00000000 103:05 14943468                  /usr/lib/x86_64-linux-gnu/libXrender.so.1.3.0
7029b3e22000-7029b3e29000 r-xp 00002000 103:05 14943468                  /usr/lib/x86_64-linux-gnu/libXrender.so.1.3.0
7029b3e29000-7029b3e2a000 r--p 00009000 103:05 14943468                  /usr/lib/x86_64-linux-gnu/libXrender.so.1.3.0
7029b3e2a000-7029b3e2b000 r--p 00009000 103:05 14943468                  /usr/lib/x86_64-linux-gnu/libXrender.so.1.3.0
7029b3e2b000-7029b3e2c000 rw-p 0000a000 103:05 14943468                  /usr/lib/x86_64-linux-gnu/libXrender.so.1.3.0
7029b3e2c000-7029b3ec8000 rw-p 00000000 00:00 0 
7029b3ec8000-7029b3ec9000 r--p 00000000 103:05 14943091                  /usr/lib/x86_64-linux-gnu/libXau.so.6.0.0
7029b3ec9000-7029b3ecb000 r-xp 00001000 103:05 14943091                  /usr/lib/x86_64-linux-gnu/libXau.so.6.0.0
7029b3ecb000-7029b3ecc000 r--p 00003000 103:05 14943091                  /usr/lib/x86_64-linux-gnu/libXau.so.6.0.0
7029b3ecc000-7029b3ecd000 r--p 00003000 103:05 14943091                  /usr/lib/x86_64-linux-gnu/libXau.so.6.0.0
7029b3ecd000-7029b3ece000 rw-p 00004000 103:05 14943091                  /usr/lib/x86_64-linux-gnu/libXau.so.6.0.0
7029b3ece000-7029b4706000 rw-p 00000000 00:00 0 
7029b4706000-7029b8000000 ---p 00000000 00:00 0 
7029b8000000-7029b8200000 rw-p 00000000 00:00 0 
7029b8200000-7029b94c9000 r-xp 00000000 103:05 15074267                  /usr/lib/jvm/java-17-amazon-corretto/lib/server/libjvm.so
7029b94c9000-7029b96c9000 ---p 012c9000 103:05 15074267                  /usr/lib/jvm/java-17-amazon-corretto/lib/server/libjvm.so
7029b96c9000-7029b9782000 r--p 012c9000 103:05 15074267                  /usr/lib/jvm/java-17-amazon-corretto/lib/server/libjvm.so
7029b9782000-7029b97b7000 rw-p 01382000 103:05 15074267                  /usr/lib/jvm/java-17-amazon-corretto/lib/server/libjvm.so
7029b97b7000-7029b9812000 rw-p 00000000 00:00 0 
7029b9814000-7029b991a000 rw-p 00000000 00:00 0 
7029b991a000-7029b9a00000 ---p 00000000 00:00 0 
7029b9a00000-7029b9a28000 r--p 00000000 103:05 14944734                  /usr/lib/x86_64-linux-gnu/libc.so.6
7029b9a28000-7029b9bb0000 r-xp 00028000 103:05 14944734                  /usr/lib/x86_64-linux-gnu/libc.so.6
7029b9bb0000-7029b9bff000 r--p 001b0000 103:05 14944734                  /usr/lib/x86_64-linux-gnu/libc.so.6
7029b9bff000-7029b9c03000 r--p 001fe000 103:05 14944734                  /usr/lib/x86_64-linux-gnu/libc.so.6
7029b9c03000-7029b9c05000 rw-p 00202000 103:05 14944734                  /usr/lib/x86_64-linux-gnu/libc.so.6
7029b9c05000-7029b9c12000 rw-p 00000000 00:00 0 
7029b9c15000-7029b9c1a000 rw-p 00000000 00:00 0 
7029b9c1a000-7029b9d00000 ---p 00000000 00:00 0 
7029b9d00000-7029b9d04000 ---p 00000000 00:00 0 
7029b9d04000-7029b9e00000 rw-p 00000000 00:00 0 
7029b9e00000-7029b9e0f000 r-xp 00000000 103:05 15074242                  /usr/lib/jvm/java-17-amazon-corretto/lib/libjli.so
7029b9e0f000-7029ba00e000 ---p 0000f000 103:05 15074242                  /usr/lib/jvm/java-17-amazon-corretto/lib/libjli.so
7029ba00e000-7029ba00f000 r--p 0000e000 103:05 15074242                  /usr/lib/jvm/java-17-amazon-corretto/lib/libjli.so
7029ba00f000-7029ba010000 rw-p 0000f000 103:05 15074242                  /usr/lib/jvm/java-17-amazon-corretto/lib/libjli.so
7029ba010000-7029ba011000 r--p 00000000 103:05 15473344                  /usr/share/locale-langpack/en/LC_MESSAGES/gtk30.mo
7029ba011000-7029ba012000 rw-p 00000000 00:00 0 
7029ba012000-7029ba013000 r-xp 0005e000 103:05 3014749                   /tmp/lwjgl_cookiebot/3.3.6+1/x64/liblwjgl.so
7029ba013000-7029ba014000 rw-p 00000000 00:00 0 
7029ba014000-7029ba01b000 r--s 00000000 103:05 14944723                  /usr/lib/x86_64-linux-gnu/gconv/gconv-modules.cache
7029ba01b000-7029ba02b000 r--p 00000000 103:05 14944737                  /usr/lib/x86_64-linux-gnu/libm.so.6
7029ba02b000-7029ba0aa000 r-xp 00010000 103:05 14944737                  /usr/lib/x86_64-linux-gnu/libm.so.6
7029ba0aa000-7029ba102000 r--p 0008f000 103:05 14944737                  /usr/lib/x86_64-linux-gnu/libm.so.6
7029ba102000-7029ba103000 r--p 000e7000 103:05 14944737                  /usr/lib/x86_64-linux-gnu/libm.so.6
7029ba103000-7029ba104000 rw-p 000e8000 103:05 14944737                  /usr/lib/x86_64-linux-gnu/libm.so.6
7029ba104000-7029ba105000 r--p 00000000 103:05 14944748                  /usr/lib/x86_64-linux-gnu/librt.so.1
7029ba105000-7029ba106000 r-xp 00001000 103:05 14944748                  /usr/lib/x86_64-linux-gnu/librt.so.1
7029ba106000-7029ba107000 r--p 00002000 103:05 14944748                  /usr/lib/x86_64-linux-gnu/librt.so.1
7029ba107000-7029ba108000 r--p 00002000 103:05 14944748                  /usr/lib/x86_64-linux-gnu/librt.so.1
7029ba108000-7029ba109000 rw-p 00003000 103:05 14944748                  /usr/lib/x86_64-linux-gnu/librt.so.1
7029ba109000-7029ba10d000 rw-p 00000000 00:00 0 
7029ba10d000-7029ba10e000 r--p 00000000 103:05 14944736                  /usr/lib/x86_64-linux-gnu/libdl.so.2
7029ba10e000-7029ba10f000 r-xp 00001000 103:05 14944736                  /usr/lib/x86_64-linux-gnu/libdl.so.2
7029ba10f000-7029ba110000 r--p 00002000 103:05 14944736                  /usr/lib/x86_64-linux-gnu/libdl.so.2
7029ba110000-7029ba111000 r--p 00002000 103:05 14944736                  /usr/lib/x86_64-linux-gnu/libdl.so.2
7029ba111000-7029ba112000 rw-p 00003000 103:05 14944736                  /usr/lib/x86_64-linux-gnu/libdl.so.2
7029ba112000-7029ba113000 r--p 00000000 103:05 14944746                  /usr/lib/x86_64-linux-gnu/libpthread.so.0
7029ba113000-7029ba114000 r-xp 00001000 103:05 14944746                  /usr/lib/x86_64-linux-gnu/libpthread.so.0
7029ba114000-7029ba115000 r--p 00002000 103:05 14944746                  /usr/lib/x86_64-linux-gnu/libpthread.so.0
7029ba115000-7029ba116000 r--p 00002000 103:05 14944746                  /usr/lib/x86_64-linux-gnu/libpthread.so.0
7029ba116000-7029ba117000 rw-p 00003000 103:05 14944746                  /usr/lib/x86_64-linux-gnu/libpthread.so.0
7029ba117000-7029ba119000 r--p 00000000 103:05 14944802                  /usr/lib/x86_64-linux-gnu/libz.so.1.3
7029ba119000-7029ba12b000 r-xp 00002000 103:05 14944802                  /usr/lib/x86_64-linux-gnu/libz.so.1.3
7029ba12b000-7029ba131000 r--p 00014000 103:05 14944802                  /usr/lib/x86_64-linux-gnu/libz.so.1.3
7029ba131000-7029ba132000 r--p 0001a000 103:05 14944802                  /usr/lib/x86_64-linux-gnu/libz.so.1.3
7029ba132000-7029ba133000 rw-p 0001b000 103:05 14944802                  /usr/lib/x86_64-linux-gnu/libz.so.1.3
7029ba133000-7029ba138000 rw-p 00000000 00:00 0 
7029ba138000-7029ba13f000 ---p 00000000 00:00 0 
7029ba13f000-7029ba147000 rw-s 00000000 103:05 3014745                   /tmp/hsperfdata_cookiebot/130152
7029ba147000-7029ba148000 ---p 00000000 00:00 0 
7029ba148000-7029ba149000 r--p 00000000 00:00 0 
7029ba149000-7029ba14a000 ---p 00000000 00:00 0 
7029ba14a000-7029ba14c000 rw-p 00000000 00:00 0 
7029ba14c000-7029ba14d000 r--p 00000000 103:05 14944731                  /usr/lib/x86_64-linux-gnu/ld-linux-x86-64.so.2
7029ba14d000-7029ba178000 r-xp 00001000 103:05 14944731                  /usr/lib/x86_64-linux-gnu/ld-linux-x86-64.so.2
7029ba178000-7029ba182000 r--p 0002c000 103:05 14944731                  /usr/lib/x86_64-linux-gnu/ld-linux-x86-64.so.2
7029ba182000-7029ba184000 r--p 00036000 103:05 14944731                  /usr/lib/x86_64-linux-gnu/ld-linux-x86-64.so.2
7029ba184000-7029ba186000 rw-p 00038000 103:05 14944731                  /usr/lib/x86_64-linux-gnu/ld-linux-x86-64.so.2
7fffcb28c000-7fffcb2af000 rw-p 00000000 00:00 0                          [stack]
7fffcb36b000-7fffcb36f000 r--p 00000000 00:00 0                          [vvar]
7fffcb36f000-7fffcb371000 r-xp 00000000 00:00 0                          [vdso]
ffffffffff600000-ffffffffff601000 --xp 00000000 00:00 0                  [vsyscall]


VM Arguments:
jvm_args: -agentlib:jdwp=transport=dt_socket,server=n,address=42717 
java_command: engine.framework.Start
java_class_path (initial): /home/cookiebot/JavaProjects/HodgePodgeBarrage/target/classes:/home/cookiebot/.m2/repository/org/lwjgl/lwjgl/3.3.6/lwjgl-3.3.6.jar:/home/cookiebot/.m2/repository/org/lwjgl/lwjgl-assimp/3.3.6/lwjgl-assimp-3.3.6.jar:/home/cookiebot/.m2/repository/org/lwjgl/lwjgl-bgfx/3.3.6/lwjgl-bgfx-3.3.6.jar:/home/cookiebot/.m2/repository/org/lwjgl/lwjgl-cuda/3.3.6/lwjgl-cuda-3.3.6.jar:/home/cookiebot/.m2/repository/org/lwjgl/lwjgl-egl/3.3.6/lwjgl-egl-3.3.6.jar:/home/cookiebot/.m2/repository/org/lwjgl/lwjgl-fmod/3.3.6/lwjgl-fmod-3.3.6.jar:/home/cookiebot/.m2/repository/org/lwjgl/lwjgl-freetype/3.3.6/lwjgl-freetype-3.3.6.jar:/home/cookiebot/.m2/repository/org/lwjgl/lwjgl-glfw/3.3.6/lwjgl-glfw-3.3.6.jar:/home/cookiebot/.m2/repository/org/lwjgl/lwjgl-harfbuzz/3.3.6/lwjgl-harfbuzz-3.3.6.jar:/home/cookiebot/.m2/repository/org/lwjgl/lwjgl-hwloc/3.3.6/lwjgl-hwloc-3.3.6.jar:/home/cookiebot/.m2/repository/org/lwjgl/lwjgl-jawt/3.3.6/lwjgl-jawt-3.3.6.jar:/home/cookiebot/.m2/repository/org/lwjgl/lwjgl-jemalloc/3.3.6/lwjgl-jemalloc-3.3.6.jar:/home/cookiebot/.m2/repository/org/lwjgl/lwjgl-ktx/3.3.6/lwjgl-ktx-3.3.6.jar:/home/cookiebot/.m2/repository/org/lwjgl/lwjgl-libdivide/3.3.6/lwjgl-libdivide-3.3.6.jar:/home/cookiebot/.m2/repository/org/lwjgl/lwjgl-llvm/3.3.6/lwjgl-llvm-3.3.6.jar:/home/cookiebot/.m2/repository/org/lwjgl/lwjgl-lmdb/3.3.6/lwjgl-lmdb-3.3.6.jar:/home/cookiebot/.m2/repository/org/lwjgl/lwjgl-lz4/3.3.6/lwjgl-lz4-3.3.6.jar:/home/cookiebot/.m2/repository/org/lwjgl/lwjgl-meow/3.3.6/lwjgl-meow-3.3.6.jar:/home/cookiebot/.m2/repository/org/lwjgl/lwjgl-meshoptimizer/3.3.6/lwjgl-meshoptimizer-3.3.6.jar:/home/cookiebot/.m2/repository/org/lwjgl/lwjgl-msdfgen/3.3.6/lwjgl-msdfgen-3.3.6.jar:/home/cookiebot/.m2/repository/org/lwjgl/lwjgl-nanovg/3.3.6/lwjgl-nanovg-3.3.6.jar:/home/cookiebot/.m2/repository/org/lwjgl/lwjgl-nfd/3.3.6/lwjgl-nfd-3.3.6.jar:/home/cookiebot/.m2/repository/org/lwjgl/lwjgl-nuklear/3.3.6/lwjgl-nuklear-3.3.6.jar:/home/cookiebot/.m2/repository/org/l
Launcher Type: SUN_STANDARD

[Global flags]
     intx CICompilerCount                          = 4                                         {product} {ergonomic}
     uint ConcGCThreads                            = 3                                         {product} {ergonomic}
     uint G1ConcRefinementThreads                  = 10                                        {product} {ergonomic}
   size_t G1HeapRegionSize                         = 4194304                                   {product} {ergonomic}
    uintx GCDrainStackTargetSize                   = 64                                        {product} {ergonomic}
   size_t InitialHeapSize                          = 524288000                                 {product} {ergonomic}
   size_t MarkStackSize                            = 4194304                                   {product} {ergonomic}
   size_t MaxHeapSize                              = 8355053568                                {product} {ergonomic}
   size_t MaxNewSize                               = 5012193280                                {product} {ergonomic}
   size_t MinHeapDeltaBytes                        = 4194304                                   {product} {ergonomic}
   size_t MinHeapSize                              = 8388608                                   {product} {ergonomic}
    uintx NonNMethodCodeHeapSize                   = 5839372                                {pd product} {ergonomic}
    uintx NonProfiledCodeHeapSize                  = 122909434                              {pd product} {ergonomic}
    uintx ProfiledCodeHeapSize                     = 122909434                              {pd product} {ergonomic}
    uintx ReservedCodeCacheSize                    = 251658240                              {pd product} {ergonomic}
     bool SegmentedCodeCache                       = true                                      {product} {ergonomic}
   size_t SoftMaxHeapSize                          = 8355053568                             {manageable} {ergonomic}
     bool UseCompressedClassPointers               = true                           {product lp64_product} {ergonomic}
     bool UseCompressedOops                        = true                           {product lp64_product} {ergonomic}
     bool UseG1GC                                  = true                                      {product} {ergonomic}

Logging:
Log output configuration:
 #0: stdout all=warning uptime,level,tags
 #1: stderr all=off uptime,level,tags

Environment Variables:
JAVA_HOME=/usr/lib/jvm/java-17-amazon-corretto
PATH=/usr/local/sbin:/usr/local/bin:/usr/sbin:/usr/bin:/sbin:/bin:/usr/games:/usr/local/games:/snap/bin:/snap/bin
USERNAME=cookiebot
SHELL=/bin/bash
DISPLAY=:0
LANG=en_US.UTF-8

Active Locale:
LC_ALL=en_US.UTF-8
LC_COLLATE=en_US.UTF-8
LC_CTYPE=en_US.UTF-8
LC_MESSAGES=en_US.UTF-8
LC_MONETARY=en_US.UTF-8
LC_NUMERIC=en_US.UTF-8
LC_TIME=en_US.UTF-8

Signal Handlers:
   SIGSEGV: crash_handler in libjvm.so, mask=11100100010111111101111111111110, flags=SA_RESTART|SA_SIGINFO, unblocked
    SIGBUS: crash_handler in libjvm.so, mask=11100100010111111101111111111110, flags=SA_RESTART|SA_SIGINFO, unblocked
    SIGFPE: crash_handler in libjvm.so, mask=11100100010111111101111111111110, flags=SA_RESTART|SA_SIGINFO, unblocked
   SIGPIPE: SIG_IGN, mask=00000000000010000000000000000000, flags=SA_RESTART, blocked
  *** Handler was modified!
  *** Expected: javaSignalHandler in libjvm.so, mask=11100100110111111111111111111110, flags=SA_RESTART|SA_SIGINFO
   SIGXFSZ: javaSignalHandler in libjvm.so, mask=11100100010111111101111111111110, flags=SA_RESTART|SA_SIGINFO, blocked
    SIGILL: crash_handler in libjvm.so, mask=11100100010111111101111111111110, flags=SA_RESTART|SA_SIGINFO, unblocked
   SIGUSR2: SR_handler in libjvm.so, mask=00100000000000000000000000000000, flags=SA_RESTART|SA_SIGINFO, blocked
    SIGHUP: UserHandler in libjvm.so, mask=11100100010111111101111111111110, flags=SA_RESTART|SA_SIGINFO, blocked
    SIGINT: SIG_IGN, mask=00000000000000000000000000000000, flags=none, blocked
   SIGTERM: UserHandler in libjvm.so, mask=11100100010111111101111111111110, flags=SA_RESTART|SA_SIGINFO, blocked
   SIGQUIT: UserHandler in libjvm.so, mask=11100100010111111101111111111110, flags=SA_RESTART|SA_SIGINFO, blocked
   SIGTRAP: crash_handler in libjvm.so, mask=11100100010111111101111111111110, flags=SA_RESTART|SA_SIGINFO, unblocked


Periodic native trim disabled


---------------  S Y S T E M  ---------------

OS:
DISTRIB_ID=Ubuntu
DISTRIB_RELEASE=24.04
DISTRIB_CODENAME=noble
DISTRIB_DESCRIPTION="Ubuntu 24.04.2 LTS"
uname: Linux 6.8.0-78-generic #78-Ubuntu SMP PREEMPT_DYNAMIC Tue Aug 12 11:34:18 UTC 2025 x86_64
OS uptime: 1 days 23:34 hours
libc: glibc 2.39 NPTL 2.39 
rlimit (soft/hard): STACK 8192k/infinity , CORE 0k/infinity , NPROC 127138/127138 , NOFILE 1048576/1048576 , AS infinity/infinity , CPU infinity/infinity , DATA infinity/infinity , FSIZE infinity/infinity , MEMLOCK 4078236k/4078236k
load average: 3.08 1.86 1.39

/proc/meminfo:
MemTotal:       32625916 kB
MemFree:        16243880 kB
MemAvailable:   23895916 kB
Buffers:          307480 kB
Cached:          7828672 kB
SwapCached:            0 kB
Active:          8511608 kB
Inactive:        5844660 kB
Active(anon):    6517296 kB
Inactive(anon):        0 kB
Active(file):    1994312 kB
Inactive(file):  5844660 kB
Unevictable:     1099768 kB
Mlocked:              32 kB
SwapTotal:       2097148 kB
SwapFree:        2097148 kB
Zswap:                 0 kB
Zswapped:              0 kB
Dirty:              1080 kB
Writeback:             0 kB
AnonPages:       7319892 kB
Mapped:          1069588 kB
Shmem:           1177228 kB
KReclaimable:     283884 kB
Slab:             589252 kB
SReclaimable:     283884 kB
SUnreclaim:       305368 kB
KernelStack:       28480 kB
PageTables:        69524 kB
SecPageTables:         0 kB
NFS_Unstable:          0 kB
Bounce:                0 kB
WritebackTmp:          0 kB
CommitLimit:    18410104 kB
Committed_AS:   20358800 kB
VmallocTotal:   34359738367 kB
VmallocUsed:       65992 kB
VmallocChunk:          0 kB
Percpu:            13968 kB
HardwareCorrupted:     0 kB
AnonHugePages:         0 kB
ShmemHugePages:        0 kB
ShmemPmdMapped:        0 kB
FileHugePages:         0 kB
FilePmdMapped:         0 kB
Unaccepted:            0 kB
HugePages_Total:       0
HugePages_Free:        0
HugePages_Rsvd:        0
HugePages_Surp:        0
Hugepagesize:       2048 kB
Hugetlb:               0 kB
DirectMap4k:      256928 kB
DirectMap2M:     7892992 kB
DirectMap1G:    26214400 kB

/sys/kernel/mm/transparent_hugepage/enabled: always [madvise] never
/sys/kernel/mm/transparent_hugepage/hpage_pmd_size: 2097152
/sys/kernel/mm/transparent_hugepage/defrag (defrag/compaction efforts parameter): always defer defer+madvise [madvise] never

Process Memory:
Virtual Size: 11711748K (peak: 11726244K)
Resident Set Size: 84072K (peak: 85208K) (anon: 56272K, file: 27176K, shmem: 624K)
Swapped out: 0K
C-Heap outstanding allocations: 10735824671312852K, retained: 7278573838217367K
glibc malloc tunables: (default)

/proc/sys/kernel/threads-max (system-wide limit on the number of threads): 254277
/proc/sys/vm/max_map_count (maximum number of memory map areas a process may have): 1048576
/proc/sys/vm/swappiness (control to define how aggressively the kernel swaps out anonymous memory): 60
/proc/sys/kernel/pid_max (system-wide limit on number of process identifiers): 4194304

container (cgroup) information:
container_type: cgroupv2
cpu_cpuset_cpus: not supported
cpu_memory_nodes: not supported
active_processor_count: 12
cpu_quota: not supported
cpu_period: not supported
cpu_shares: not supported
memory_limit_in_bytes: unlimited
memory_and_swap_limit_in_bytes: unlimited
memory_soft_limit_in_bytes: unlimited
memory_usage_in_bytes: 2344300 k
memory_max_usage_in_bytes: not supported
memory_swap_current_in_bytes: unlimited
memory_swap_max_limit_in_bytes: unlimited
maximum number of tasks: 38141
current number of tasks: 140

Steal ticks since vm start: 0
Steal ticks percentage since vm start:  0.000

CPU: total 12 (initial active 12) (6 cores per cpu, 2 threads per core) family 6 model 165 stepping 2 microcode 0x100, cx8, cmov, fxsr, ht, mmx, 3dnowpref, sse, sse2, sse3, ssse3, sse4.1, sse4.2, popcnt, lzcnt, tsc, tscinvbit, avx, avx2, aes, erms, clmul, bmi1, bmi2, adx, fma, vzeroupper, clflush, clflushopt
CPU Model and flags from /proc/cpuinfo:
model name	: Intel(R) Core(TM) i7-10750H CPU @ 2.60GHz
flags		: fpu vme de pse tsc msr pae mce cx8 apic sep mtrr pge mca cmov pat pse36 clflush dts acpi mmx fxsr sse sse2 ss ht tm pbe syscall nx pdpe1gb rdtscp lm constant_tsc art arch_perfmon pebs bts rep_good nopl xtopology nonstop_tsc cpuid aperfmperf pni pclmulqdq dtes64 monitor ds_cpl vmx est tm2 ssse3 sdbg fma cx16 xtpr pdcm pcid sse4_1 sse4_2 x2apic movbe popcnt tsc_deadline_timer aes xsave avx f16c rdrand lahf_lm abm 3dnowprefetch cpuid_fault epb ssbd ibrs ibpb stibp ibrs_enhanced tpr_shadow flexpriority ept vpid ept_ad fsgsbase tsc_adjust bmi1 avx2 smep bmi2 erms invpcid mpx rdseed adx smap clflushopt intel_pt xsaveopt xsavec xgetbv1 xsaves dtherm ida arat pln pts hwp hwp_notify hwp_act_window hwp_epp vnmi pku ospke md_clear flush_l1d arch_capabilities

Online cpus: 0-11
Offline cpus: 
BIOS frequency limitation: <Not Available>
Frequency switch latency (ns): 0
Available cpu frequencies: <Not Available>
Current governor: powersave
Core performance/turbo boost: <Not Available>

Memory: 4k page, physical 32625916k(16243880k free), swap 2097148k(2097148k free)
Page Sizes: 4k

vm_info: OpenJDK 64-Bit Server VM (17.0.15+6-LTS) for linux-amd64 JRE (17.0.15+6-LTS), built on Apr 11 2025 20:41:04 by "jenkins" with gcc 7.3.1 20180303 (Red Hat 7.3.1-5)

END.
