#
# A fatal error has been detected by the Java Runtime Environment:
#
#  SIGSEGV (0xb) at pc=0x00007285ec081504, pid=122437, tid=122438
#
# JRE version: OpenJDK Runtime Environment Corretto-17.0.15.6.1 (17.0.15+6) (build 17.0.15+6-LTS)
# Java VM: OpenJDK 64-Bit Server VM Corretto-17.0.15.6.1 (17.0.15+6-LTS, mixed mode, sharing, tiered, compressed oops, compressed class ptrs, g1 gc, linux-amd64)
# Problematic frame:
# C  [libglfw.so+0x11504]
#
# Core dump will be written. Default location: Core dumps may be processed with "/usr/share/apport/apport -p%p -s%s -c%c -d%d -P%P -u%u -g%g -F%F -- %E" (or dumping to /home/cookiebot/JavaProjects/HodgePodgeBarrage/core.122437)
#
# If you would like to submit a bug report, please visit:
#   https://github.com/corretto/corretto-17/issues/
# The crash happened outside the Java Virtual Machine in native code.
# See problematic frame for where to report the bug.
#

---------------  S U M M A R Y ------------

Command Line: engine.framework.Start

Host: Intel(R) Core(TM) i7-10750H CPU @ 2.60GHz, 12 cores, 31G, Ubuntu 24.04.2 LTS
Time: Sun Aug 24 20:01:47 2025 CDT elapsed time: 0.230750 seconds (0d 0h 0m 0s)

---------------  T H R E A D  ---------------

Current thread (0x000072861802a9c0):  JavaThread "main" [_thread_in_native, id=122438, stack(0x0000728620300000,0x0000728620400000)]

Stack: [0x0000728620300000,0x0000728620400000],  sp=0x00007286203fe530,  free space=1017k
Native frames: (J=compiled Java code, j=interpreted, Vv=VM code, C=native code)
C  [libglfw.so+0x11504]

Java frames: (J=compiled Java code, j=interpreted, Vv=VM code)
j  org.lwjgl.system.JNI.invokeI(J)I+0
j  org.lwjgl.glfw.GLFW.glfwInit()Z+8
j  engine.framework.NewWindow.init()V+10
j  engine.framework.NewEngine.start(Ljava/lang/String;IIZ)V+23
j  game.Game.<init>()V+26
j  engine.framework.Start.main([Ljava/lang/String;)V+4
v  ~StubRoutines::call_stub

siginfo: si_signo: 11 (SIGSEGV), si_code: 2 (SEGV_ACCERR), si_addr: 0x00007286184d505d

Registers:
RAX=0x00007286184d505d, RBX=0x00007286184d4fdd, RCX=0x00007285ec0a1828, RDX=0x0000000000000020
RSP=0x00007286203fe530, RBP=0x0000000000000000, RSI=0x00007285ec0a1828, RDI=0x00007286184d4fdd
R8 =0x1999999999999999, R9 =0x0000000000000000, R10=0x00007286201b1fc0, R11=0x00007286201b28c0
R12=0x00007285ec0db1c0, R13=0x00007285ec0a1849, R14=0x00007286203fe7b0, R15=0x000072861802a9c0
RIP=0x00007285ec081504, EFLAGS=0x0000000000010246, CSGSFS=0x002b000000000033, ERR=0x0000000000000006
  TRAPNO=0x000000000000000e

XMM[0]=0x3030303064323863 0x3030303030303330
XMM[1]=0x0000000000000000 0x000000ffffffffff
XMM[2]=0x00000000000000ff 0xffffff0000000000
XMM[3]=0x0000000000000000 0x0000000000000000
XMM[4]=0x3030303031303131 0x3030303031353231
XMM[5]=0x0000000000000000 0x0000000000000000
XMM[6]=0x31623a6b6361622c 0x30623a622c31623a
XMM[7]=0xffffffffffffffff 0xffffffffffffffff
XMM[8]=0x0000000000000000 0x0000000000000000
XMM[9]=0x000000062cfbcea3 0x000000062cfbcea0
XMM[10]=0x0000000000000000 0x776c2f67726f4c49
XMM[11]=0x000000000000000f 0x230000009a040100
XMM[12]=0x0000000000000000 0x2020202020202020
XMM[13]=0x0000000000000000 0x0000000000000000
XMM[14]=0x0000000000000000 0x0000000000000000
XMM[15]=0x0000000000000000 0x0000000000000000
  MXCSR=0x00001fa0


Register to memory mapping:

RAX=0x00007286184d505d is an unknown value
RBX=0x00007286184d4fdd points into unknown readable memory: 00 00 00
RCX=0x00007285ec0a1828: <offset 0x0000000000031828> in /tmp/lwjgl_cookiebot/3.3.4+7/x64/libglfw.so at 0x00007285ec070000
RDX=0x0000000000000020 is an unknown value
RSP=0x00007286203fe530 is pointing into the stack for thread: 0x000072861802a9c0
RBP=0x0 is NULL
RSI=0x00007285ec0a1828: <offset 0x0000000000031828> in /tmp/lwjgl_cookiebot/3.3.4+7/x64/libglfw.so at 0x00007285ec070000
RDI=0x00007286184d4fdd points into unknown readable memory: 00 00 00
R8 =0x1999999999999999 is an unknown value
R9 =0x0 is NULL
R10=0x00007286201b1fc0: <offset 0x00000000001b1fc0> in /lib/x86_64-linux-gnu/libc.so.6 at 0x0000728620000000
R11=0x00007286201b28c0: <offset 0x00000000001b28c0> in /lib/x86_64-linux-gnu/libc.so.6 at 0x0000728620000000
R12=0x00007285ec0db1c0: <offset 0x000000000006b1c0> in /tmp/lwjgl_cookiebot/3.3.4+7/x64/libglfw.so at 0x00007285ec070000
R13=0x00007285ec0a1849: <offset 0x0000000000031849> in /tmp/lwjgl_cookiebot/3.3.4+7/x64/libglfw.so at 0x00007285ec070000
R14=0x00007286203fe7b0 is pointing into the stack for thread: 0x000072861802a9c0
R15=0x000072861802a9c0 is a thread


Top of Stack: (sp=0x00007286203fe530)
0x00007286203fe530:   00007286203fe570 00007286203fe560
0x00007286203fe540:   00007286203fe558 00007286184d505d
0x00007286203fe550:   0000003000000028 00007285ec0a1828
0x00007286203fe560:   00007285ec0a07e0 0000000000000000
0x00007286203fe570:   00007285ec0cb1fa 00007286184d507e
0x00007286203fe580:   00007285ec0cb1ac 00007286184d5082
0x00007286203fe590:   00007285ec0ca9ec 00007286184d5086
0x00007286203fe5a0:   00007285ec0c717a 00007286184d508a
0x00007286203fe5b0:   00007285ec0c8dc4 00007286184d5096
0x00007286203fe5c0:   00007285ec0a07e9 00007286184d509a
0x00007286203fe5d0:   00007285ec0a07ef 00007286184d509e
0x00007286203fe5e0:   00007285ec0a07f5 00007286184d508e
0x00007286203fe5f0:   00007285ec0a0802 00007286184d5092
0x00007286203fe600:   00007285ec0a0810 00007286184d50a2
0x00007286203fe610:   00007285ec0a081a 00007286184d50a6
0x00007286203fe620:   00007285ec0a0825 00007286184d50aa
0x00007286203fe630:   00007285ec0a082a 00007286184d50ae
0x00007286203fe640:   00007285ec0a0832 00007286184d50b2
0x00007286203fe650:   00007285ec0a0839 00007286184d50b6
0x00007286203fe660:   00007285ec0a0840 00007286184d50ca
0x00007286203fe670:   00007285ec0a084c 00007286184d50ce
0x00007286203fe680:   00007285ec0a0859 00007286184d50ba
0x00007286203fe690:   00007285ec0a085f 00007286184d50be
0x00007286203fe6a0:   00007285ec0a0865 00007286184d50c2
0x00007286203fe6b0:   00007285ec0a086c 00007286184d50c6
0x00007286203fe6c0:   0001000100000023 00007285ec0d9350
0x00007286203fe6d0:   00007285ec0da3f8 00007285ec0db1c0
0x00007286203fe6e0:   00007285934d7da0 00007286203fe7b0
0x00007286203fe6f0:   000072861802a9c0 00007285ec081dea
0x00007286203fe700:   00007285934d7da0 00007285ec0fbb0c
0x00007286203fe710:   0000000000000000 00007285ec080fa4
0x00007286203fe720:   00007286203fe788 00007286089445da 

Instructions: (pc=0x00007285ec081504)
0x00007285ec081404:   00 48 89 84 24 28 01 00 00 48 8d 05 2c f4 01 00
0x00007285ec081414:   48 89 84 24 30 01 00 00 48 8d 87 ed 00 00 00 48
0x00007285ec081424:   89 84 24 38 01 00 00 48 8d 05 1a f4 01 00 48 89
0x00007285ec081434:   84 24 40 01 00 00 48 8d 87 f1 00 00 00 48 89 84
0x00007285ec081444:   24 48 01 00 00 48 8d 05 09 f4 01 00 48 89 84 24
0x00007285ec081454:   50 01 00 00 48 8d 87 dd 00 00 00 48 89 84 24 58
0x00007285ec081464:   01 00 00 48 8d 05 f1 f3 01 00 48 89 84 24 60 01
0x00007285ec081474:   00 00 48 8d 87 e1 00 00 00 48 89 84 24 68 01 00
0x00007285ec081484:   00 48 8d 05 d9 f3 01 00 48 89 84 24 70 01 00 00
0x00007285ec081494:   48 8d 87 e5 00 00 00 48 89 84 24 78 01 00 00 48
0x00007285ec0814a4:   8d 05 c2 f3 01 00 48 89 84 24 80 01 00 00 48 8d
0x00007285ec0814b4:   87 e9 00 00 00 48 89 84 24 88 01 00 00 0f b6 06
0x00007285ec0814c4:   84 c0 75 18 e9 13 02 00 00 0f 1f 00 48 83 c2 01
0x00007285ec0814d4:   0f b6 04 11 84 c0 0f 84 00 02 00 00 3c 2c 75 ec
0x00007285ec0814e4:   48 83 fa 20 0f 85 f2 01 00 00 f3 0f 6f 01 48 8d
0x00007285ec0814f4:   83 80 00 00 00 4c 8d 69 21 31 ed 48 89 44 24 18
0x00007285ec081504:   0f 11 83 80 00 00 00 f3 0f 6f 49 10 4c 89 6c 24
0x00007285ec081514:   28 0f 11 8b 90 00 00 00 0f b6 41 21 84 c0 75 1d
0x00007285ec081524:   e9 b7 01 00 00 0f 1f 80 00 00 00 00 48 83 c5 01
0x00007285ec081534:   0f b6 44 29 21 84 c0 0f 84 9f 01 00 00 3c 2c 75
0x00007285ec081544:   eb 48 83 fd 7f 0f 87 91 01 00 00 48 89 ea 4c 89
0x00007285ec081554:   ee 49 8d 6c 2d 01 48 89 df e8 3e dd ff ff 0f b6
0x00007285ec081564:   45 00 48 8d 74 24 28 48 89 6c 24 28 48 89 74 24
0x00007285ec081574:   10 84 c0 0f 84 19 01 00 00 0f 1f 00 83 e8 2b a8
0x00007285ec081584:   fd 0f 84 b8 02 00 00 48 8d 44 24 30 45 31 ed 48
0x00007285ec081594:   89 44 24 08 48 8b 44 24 08 4d 89 ec 49 c1 e4 04
0x00007285ec0815a4:   4e 8b 3c 20 4c 89 ff e8 a0 db ff ff 4c 89 fe 48
0x00007285ec0815b4:   89 ef 48 89 c2 49 89 c6 e8 cf da ff ff 85 c0 0f
0x00007285ec0815c4:   85 3f 01 00 00 42 80 7c 35 00 3a 0f 85 33 01 00
0x00007285ec0815d4:   00 4a 8d 6c 35 01 4e 8b 74 24 38 48 89 6c 24 28
0x00007285ec0815e4:   4d 85 f6 0f 84 3b 01 00 00 0f b6 55 00 80 fa 2b
0x00007285ec0815f4:   0f 84 de 01 00 00 41 bc 01 00 00 00 41 bf ff ff 


Stack slot to memory mapping:
stack at sp + 0 slots: 0x00007286203fe570 is pointing into the stack for thread: 0x000072861802a9c0
stack at sp + 1 slots: 0x00007286203fe560 is pointing into the stack for thread: 0x000072861802a9c0
stack at sp + 2 slots: 0x00007286203fe558 is pointing into the stack for thread: 0x000072861802a9c0
stack at sp + 3 slots: 0x00007286184d505d is an unknown value
stack at sp + 4 slots: 0x0000003000000028 is an unknown value
stack at sp + 5 slots: 0x00007285ec0a1828: <offset 0x0000000000031828> in /tmp/lwjgl_cookiebot/3.3.4+7/x64/libglfw.so at 0x00007285ec070000
stack at sp + 6 slots: 0x00007285ec0a07e0: <offset 0x00000000000307e0> in /tmp/lwjgl_cookiebot/3.3.4+7/x64/libglfw.so at 0x00007285ec070000
stack at sp + 7 slots: 0x0 is NULL


---------------  P R O C E S S  ---------------

Threads class SMR info:
_java_thread_list=0x0000728618250ff0, length=14, elements={
0x000072861802a9c0, 0x000072861815c010, 0x000072861815d3f0, 0x0000728618162980,
0x0000728618163d30, 0x0000728618165140, 0x0000728618166af0, 0x0000728618168020,
0x0000728618171480, 0x0000728618178f80, 0x000072861817c710, 0x000072861822fd10,
0x000072856c1746d0, 0x0000728618250360
}

Java Threads: ( => current thread )
=>0x000072861802a9c0 JavaThread "main" [_thread_in_native, id=122438, stack(0x0000728620300000,0x0000728620400000)]
  0x000072861815c010 JavaThread "Reference Handler" daemon [_thread_blocked, id=122449, stack(0x00007285ecfff000,0x00007285ed0ff000)]
  0x000072861815d3f0 JavaThread "Finalizer" daemon [_thread_blocked, id=122450, stack(0x00007285eceff000,0x00007285ecfff000)]
  0x0000728618162980 JavaThread "Signal Dispatcher" daemon [_thread_blocked, id=122451, stack(0x00007285ecdff000,0x00007285eceff000)]
  0x0000728618163d30 JavaThread "Service Thread" daemon [_thread_blocked, id=122452, stack(0x00007285ec700000,0x00007285ec800000)]
  0x0000728618165140 JavaThread "Monitor Deflation Thread" daemon [_thread_blocked, id=122453, stack(0x00007285ec600000,0x00007285ec700000)]
  0x0000728618166af0 JavaThread "C2 CompilerThread0" daemon [_thread_blocked, id=122454, stack(0x00007285ec500000,0x00007285ec600000)]
  0x0000728618168020 JavaThread "C1 CompilerThread0" daemon [_thread_blocked, id=122455, stack(0x00007285ec400000,0x00007285ec500000)]
  0x0000728618171480 JavaThread "Sweeper thread" daemon [_thread_blocked, id=122456, stack(0x00007285ec300000,0x00007285ec400000)]
  0x0000728618178f80 JavaThread "Notification Thread" daemon [_thread_blocked, id=122457, stack(0x00007285ec200000,0x00007285ec300000)]
  0x000072861817c710 JavaThread "Common-Cleaner" daemon [_thread_blocked, id=122459, stack(0x0000728592f00000,0x0000728593000000)]
  0x000072861822fd10 JavaThread "Java2D Disposer" daemon [_thread_blocked, id=122460, stack(0x0000728592700000,0x0000728592800000)]
  0x000072856c1746d0 JavaThread "C2 CompilerThread1" daemon [_thread_blocked, id=122461, stack(0x0000728592300000,0x0000728592400000)]
  0x0000728618250360 JavaThread "Thread-0" [_thread_in_vm, id=122462, stack(0x0000728591b00000,0x0000728591c00000)]

Other Threads:
  0x0000728618158080 VMThread "VM Thread" [stack: 0x00007285ed100000,0x00007285ed200000] [id=122448]
  0x000072861817a8c0 WatcherThread [stack: 0x00007285ec100000,0x00007285ec200000] [id=122458]
  0x00007286180593b0 GCTaskThread "GC Thread#0" [stack: 0x000072861c869000,0x000072861c969000] [id=122439]
  0x000072861806a2d0 ConcurrentGCThread "G1 Main Marker" [stack: 0x000072861c768000,0x000072861c868000] [id=122440]
  0x000072861806b240 ConcurrentGCThread "G1 Conc#0" [stack: 0x000072861c667000,0x000072861c767000] [id=122441]
  0x00007286181287d0 ConcurrentGCThread "G1 Refine#0" [stack: 0x00007285ed5fd000,0x00007285ed6fd000] [id=122442]
  0x00007286181296d0 ConcurrentGCThread "G1 Service" [stack: 0x00007285ed4fc000,0x00007285ed5fc000] [id=122443]

Threads with active compile tasks:

VM state: not at safepoint (normal execution)

VM Mutex/Monitor currently owned by a thread: None

Heap address: 0x000000060e000000, size: 7968 MB, Compressed Oops mode: Zero based, Oop shift amount: 3

CDS archive(s) mapped at: [0x0000728597000000-0x0000728597bca000-0x0000728597bca000), size 12361728, SharedBaseAddress: 0x0000728597000000, ArchiveRelocationMode: 1.
Compressed class space mapped at: 0x0000728598000000-0x00007285d8000000, reserved size: 1073741824
Narrow klass base: 0x0000728597000000, Narrow klass shift: 0, Narrow klass range: 0x100000000

GC Precious Log:
 CPUs: 12 total, 12 available
 Memory: 31861M
 Large Page Support: Disabled
 NUMA Support: Disabled
 Compressed Oops: Enabled (Zero based)
 Heap Region Size: 4M
 Heap Min Capacity: 8M
 Heap Initial Capacity: 500M
 Heap Max Capacity: 7968M
 Pre-touch: Disabled
 Parallel Workers: 10
 Concurrent Workers: 3
 Concurrent Refinement Workers: 10
 Periodic GC: Disabled

Heap:
 garbage-first heap   total 520192K, used 12212K [0x000000060e000000, 0x0000000800000000)
  region size 4096K, 3 young (12288K), 0 survivors (0K)
 Metaspace       used 4146K, committed 4416K, reserved 1114112K
  class space    used 355K, committed 512K, reserved 1048576K

Heap Regions: E=young(eden), S=young(survivor), O=old, HS=humongous(starts), HC=humongous(continues), CS=collection set, F=free, OA=open archive, CA=closed archive, TAMS=top-at-mark-start (previous, next)
|   0|0x000000060e000000, 0x000000060e000000, 0x000000060e400000|  0%| F|  |TAMS 0x000000060e000000, 0x000000060e000000| Untracked 
|   1|0x000000060e400000, 0x000000060e400000, 0x000000060e800000|  0%| F|  |TAMS 0x000000060e400000, 0x000000060e400000| Untracked 
|   2|0x000000060e800000, 0x000000060e800000, 0x000000060ec00000|  0%| F|  |TAMS 0x000000060e800000, 0x000000060e800000| Untracked 
|   3|0x000000060ec00000, 0x000000060ec00000, 0x000000060f000000|  0%| F|  |TAMS 0x000000060ec00000, 0x000000060ec00000| Untracked 
|   4|0x000000060f000000, 0x000000060f000000, 0x000000060f400000|  0%| F|  |TAMS 0x000000060f000000, 0x000000060f000000| Untracked 
|   5|0x000000060f400000, 0x000000060f400000, 0x000000060f800000|  0%| F|  |TAMS 0x000000060f400000, 0x000000060f400000| Untracked 
|   6|0x000000060f800000, 0x000000060f800000, 0x000000060fc00000|  0%| F|  |TAMS 0x000000060f800000, 0x000000060f800000| Untracked 
|   7|0x000000060fc00000, 0x000000060fc00000, 0x0000000610000000|  0%| F|  |TAMS 0x000000060fc00000, 0x000000060fc00000| Untracked 
|   8|0x0000000610000000, 0x0000000610000000, 0x0000000610400000|  0%| F|  |TAMS 0x0000000610000000, 0x0000000610000000| Untracked 
|   9|0x0000000610400000, 0x0000000610400000, 0x0000000610800000|  0%| F|  |TAMS 0x0000000610400000, 0x0000000610400000| Untracked 
|  10|0x0000000610800000, 0x0000000610800000, 0x0000000610c00000|  0%| F|  |TAMS 0x0000000610800000, 0x0000000610800000| Untracked 
|  11|0x0000000610c00000, 0x0000000610c00000, 0x0000000611000000|  0%| F|  |TAMS 0x0000000610c00000, 0x0000000610c00000| Untracked 
|  12|0x0000000611000000, 0x0000000611000000, 0x0000000611400000|  0%| F|  |TAMS 0x0000000611000000, 0x0000000611000000| Untracked 
|  13|0x0000000611400000, 0x0000000611400000, 0x0000000611800000|  0%| F|  |TAMS 0x0000000611400000, 0x0000000611400000| Untracked 
|  14|0x0000000611800000, 0x0000000611800000, 0x0000000611c00000|  0%| F|  |TAMS 0x0000000611800000, 0x0000000611800000| Untracked 
|  15|0x0000000611c00000, 0x0000000611c00000, 0x0000000612000000|  0%| F|  |TAMS 0x0000000611c00000, 0x0000000611c00000| Untracked 
|  16|0x0000000612000000, 0x0000000612000000, 0x0000000612400000|  0%| F|  |TAMS 0x0000000612000000, 0x0000000612000000| Untracked 
|  17|0x0000000612400000, 0x0000000612400000, 0x0000000612800000|  0%| F|  |TAMS 0x0000000612400000, 0x0000000612400000| Untracked 
|  18|0x0000000612800000, 0x0000000612800000, 0x0000000612c00000|  0%| F|  |TAMS 0x0000000612800000, 0x0000000612800000| Untracked 
|  19|0x0000000612c00000, 0x0000000612c00000, 0x0000000613000000|  0%| F|  |TAMS 0x0000000612c00000, 0x0000000612c00000| Untracked 
|  20|0x0000000613000000, 0x0000000613000000, 0x0000000613400000|  0%| F|  |TAMS 0x0000000613000000, 0x0000000613000000| Untracked 
|  21|0x0000000613400000, 0x0000000613400000, 0x0000000613800000|  0%| F|  |TAMS 0x0000000613400000, 0x0000000613400000| Untracked 
|  22|0x0000000613800000, 0x0000000613800000, 0x0000000613c00000|  0%| F|  |TAMS 0x0000000613800000, 0x0000000613800000| Untracked 
|  23|0x0000000613c00000, 0x0000000613c00000, 0x0000000614000000|  0%| F|  |TAMS 0x0000000613c00000, 0x0000000613c00000| Untracked 
|  24|0x0000000614000000, 0x0000000614000000, 0x0000000614400000|  0%| F|  |TAMS 0x0000000614000000, 0x0000000614000000| Untracked 
|  25|0x0000000614400000, 0x0000000614400000, 0x0000000614800000|  0%| F|  |TAMS 0x0000000614400000, 0x0000000614400000| Untracked 
|  26|0x0000000614800000, 0x0000000614800000, 0x0000000614c00000|  0%| F|  |TAMS 0x0000000614800000, 0x0000000614800000| Untracked 
|  27|0x0000000614c00000, 0x0000000614c00000, 0x0000000615000000|  0%| F|  |TAMS 0x0000000614c00000, 0x0000000614c00000| Untracked 
|  28|0x0000000615000000, 0x0000000615000000, 0x0000000615400000|  0%| F|  |TAMS 0x0000000615000000, 0x0000000615000000| Untracked 
|  29|0x0000000615400000, 0x0000000615400000, 0x0000000615800000|  0%| F|  |TAMS 0x0000000615400000, 0x0000000615400000| Untracked 
|  30|0x0000000615800000, 0x0000000615800000, 0x0000000615c00000|  0%| F|  |TAMS 0x0000000615800000, 0x0000000615800000| Untracked 
|  31|0x0000000615c00000, 0x0000000615c00000, 0x0000000616000000|  0%| F|  |TAMS 0x0000000615c00000, 0x0000000615c00000| Untracked 
|  32|0x0000000616000000, 0x0000000616000000, 0x0000000616400000|  0%| F|  |TAMS 0x0000000616000000, 0x0000000616000000| Untracked 
|  33|0x0000000616400000, 0x0000000616400000, 0x0000000616800000|  0%| F|  |TAMS 0x0000000616400000, 0x0000000616400000| Untracked 
|  34|0x0000000616800000, 0x0000000616800000, 0x0000000616c00000|  0%| F|  |TAMS 0x0000000616800000, 0x0000000616800000| Untracked 
|  35|0x0000000616c00000, 0x0000000616c00000, 0x0000000617000000|  0%| F|  |TAMS 0x0000000616c00000, 0x0000000616c00000| Untracked 
|  36|0x0000000617000000, 0x0000000617000000, 0x0000000617400000|  0%| F|  |TAMS 0x0000000617000000, 0x0000000617000000| Untracked 
|  37|0x0000000617400000, 0x0000000617400000, 0x0000000617800000|  0%| F|  |TAMS 0x0000000617400000, 0x0000000617400000| Untracked 
|  38|0x0000000617800000, 0x0000000617800000, 0x0000000617c00000|  0%| F|  |TAMS 0x0000000617800000, 0x0000000617800000| Untracked 
|  39|0x0000000617c00000, 0x0000000617c00000, 0x0000000618000000|  0%| F|  |TAMS 0x0000000617c00000, 0x0000000617c00000| Untracked 
|  40|0x0000000618000000, 0x0000000618000000, 0x0000000618400000|  0%| F|  |TAMS 0x0000000618000000, 0x0000000618000000| Untracked 
|  41|0x0000000618400000, 0x0000000618400000, 0x0000000618800000|  0%| F|  |TAMS 0x0000000618400000, 0x0000000618400000| Untracked 
|  42|0x0000000618800000, 0x0000000618800000, 0x0000000618c00000|  0%| F|  |TAMS 0x0000000618800000, 0x0000000618800000| Untracked 
|  43|0x0000000618c00000, 0x0000000618c00000, 0x0000000619000000|  0%| F|  |TAMS 0x0000000618c00000, 0x0000000618c00000| Untracked 
|  44|0x0000000619000000, 0x0000000619000000, 0x0000000619400000|  0%| F|  |TAMS 0x0000000619000000, 0x0000000619000000| Untracked 
|  45|0x0000000619400000, 0x0000000619400000, 0x0000000619800000|  0%| F|  |TAMS 0x0000000619400000, 0x0000000619400000| Untracked 
|  46|0x0000000619800000, 0x0000000619800000, 0x0000000619c00000|  0%| F|  |TAMS 0x0000000619800000, 0x0000000619800000| Untracked 
|  47|0x0000000619c00000, 0x0000000619c00000, 0x000000061a000000|  0%| F|  |TAMS 0x0000000619c00000, 0x0000000619c00000| Untracked 
|  48|0x000000061a000000, 0x000000061a000000, 0x000000061a400000|  0%| F|  |TAMS 0x000000061a000000, 0x000000061a000000| Untracked 
|  49|0x000000061a400000, 0x000000061a400000, 0x000000061a800000|  0%| F|  |TAMS 0x000000061a400000, 0x000000061a400000| Untracked 
|  50|0x000000061a800000, 0x000000061a800000, 0x000000061ac00000|  0%| F|  |TAMS 0x000000061a800000, 0x000000061a800000| Untracked 
|  51|0x000000061ac00000, 0x000000061ac00000, 0x000000061b000000|  0%| F|  |TAMS 0x000000061ac00000, 0x000000061ac00000| Untracked 
|  52|0x000000061b000000, 0x000000061b000000, 0x000000061b400000|  0%| F|  |TAMS 0x000000061b000000, 0x000000061b000000| Untracked 
|  53|0x000000061b400000, 0x000000061b400000, 0x000000061b800000|  0%| F|  |TAMS 0x000000061b400000, 0x000000061b400000| Untracked 
|  54|0x000000061b800000, 0x000000061b800000, 0x000000061bc00000|  0%| F|  |TAMS 0x000000061b800000, 0x000000061b800000| Untracked 
|  55|0x000000061bc00000, 0x000000061bc00000, 0x000000061c000000|  0%| F|  |TAMS 0x000000061bc00000, 0x000000061bc00000| Untracked 
|  56|0x000000061c000000, 0x000000061c000000, 0x000000061c400000|  0%| F|  |TAMS 0x000000061c000000, 0x000000061c000000| Untracked 
|  57|0x000000061c400000, 0x000000061c400000, 0x000000061c800000|  0%| F|  |TAMS 0x000000061c400000, 0x000000061c400000| Untracked 
|  58|0x000000061c800000, 0x000000061c800000, 0x000000061cc00000|  0%| F|  |TAMS 0x000000061c800000, 0x000000061c800000| Untracked 
|  59|0x000000061cc00000, 0x000000061cc00000, 0x000000061d000000|  0%| F|  |TAMS 0x000000061cc00000, 0x000000061cc00000| Untracked 
|  60|0x000000061d000000, 0x000000061d000000, 0x000000061d400000|  0%| F|  |TAMS 0x000000061d000000, 0x000000061d000000| Untracked 
|  61|0x000000061d400000, 0x000000061d400000, 0x000000061d800000|  0%| F|  |TAMS 0x000000061d400000, 0x000000061d400000| Untracked 
|  62|0x000000061d800000, 0x000000061d800000, 0x000000061dc00000|  0%| F|  |TAMS 0x000000061d800000, 0x000000061d800000| Untracked 
|  63|0x000000061dc00000, 0x000000061dc00000, 0x000000061e000000|  0%| F|  |TAMS 0x000000061dc00000, 0x000000061dc00000| Untracked 
|  64|0x000000061e000000, 0x000000061e000000, 0x000000061e400000|  0%| F|  |TAMS 0x000000061e000000, 0x000000061e000000| Untracked 
|  65|0x000000061e400000, 0x000000061e400000, 0x000000061e800000|  0%| F|  |TAMS 0x000000061e400000, 0x000000061e400000| Untracked 
|  66|0x000000061e800000, 0x000000061e800000, 0x000000061ec00000|  0%| F|  |TAMS 0x000000061e800000, 0x000000061e800000| Untracked 
|  67|0x000000061ec00000, 0x000000061ec00000, 0x000000061f000000|  0%| F|  |TAMS 0x000000061ec00000, 0x000000061ec00000| Untracked 
|  68|0x000000061f000000, 0x000000061f000000, 0x000000061f400000|  0%| F|  |TAMS 0x000000061f000000, 0x000000061f000000| Untracked 
|  69|0x000000061f400000, 0x000000061f400000, 0x000000061f800000|  0%| F|  |TAMS 0x000000061f400000, 0x000000061f400000| Untracked 
|  70|0x000000061f800000, 0x000000061f800000, 0x000000061fc00000|  0%| F|  |TAMS 0x000000061f800000, 0x000000061f800000| Untracked 
|  71|0x000000061fc00000, 0x000000061fc00000, 0x0000000620000000|  0%| F|  |TAMS 0x000000061fc00000, 0x000000061fc00000| Untracked 
|  72|0x0000000620000000, 0x0000000620000000, 0x0000000620400000|  0%| F|  |TAMS 0x0000000620000000, 0x0000000620000000| Untracked 
|  73|0x0000000620400000, 0x0000000620400000, 0x0000000620800000|  0%| F|  |TAMS 0x0000000620400000, 0x0000000620400000| Untracked 
|  74|0x0000000620800000, 0x0000000620800000, 0x0000000620c00000|  0%| F|  |TAMS 0x0000000620800000, 0x0000000620800000| Untracked 
|  75|0x0000000620c00000, 0x0000000620c00000, 0x0000000621000000|  0%| F|  |TAMS 0x0000000620c00000, 0x0000000620c00000| Untracked 
|  76|0x0000000621000000, 0x0000000621000000, 0x0000000621400000|  0%| F|  |TAMS 0x0000000621000000, 0x0000000621000000| Untracked 
|  77|0x0000000621400000, 0x0000000621400000, 0x0000000621800000|  0%| F|  |TAMS 0x0000000621400000, 0x0000000621400000| Untracked 
|  78|0x0000000621800000, 0x0000000621800000, 0x0000000621c00000|  0%| F|  |TAMS 0x0000000621800000, 0x0000000621800000| Untracked 
|  79|0x0000000621c00000, 0x0000000621c00000, 0x0000000622000000|  0%| F|  |TAMS 0x0000000621c00000, 0x0000000621c00000| Untracked 
|  80|0x0000000622000000, 0x0000000622000000, 0x0000000622400000|  0%| F|  |TAMS 0x0000000622000000, 0x0000000622000000| Untracked 
|  81|0x0000000622400000, 0x0000000622400000, 0x0000000622800000|  0%| F|  |TAMS 0x0000000622400000, 0x0000000622400000| Untracked 
|  82|0x0000000622800000, 0x0000000622800000, 0x0000000622c00000|  0%| F|  |TAMS 0x0000000622800000, 0x0000000622800000| Untracked 
|  83|0x0000000622c00000, 0x0000000622c00000, 0x0000000623000000|  0%| F|  |TAMS 0x0000000622c00000, 0x0000000622c00000| Untracked 
|  84|0x0000000623000000, 0x0000000623000000, 0x0000000623400000|  0%| F|  |TAMS 0x0000000623000000, 0x0000000623000000| Untracked 
|  85|0x0000000623400000, 0x0000000623400000, 0x0000000623800000|  0%| F|  |TAMS 0x0000000623400000, 0x0000000623400000| Untracked 
|  86|0x0000000623800000, 0x0000000623800000, 0x0000000623c00000|  0%| F|  |TAMS 0x0000000623800000, 0x0000000623800000| Untracked 
|  87|0x0000000623c00000, 0x0000000623c00000, 0x0000000624000000|  0%| F|  |TAMS 0x0000000623c00000, 0x0000000623c00000| Untracked 
|  88|0x0000000624000000, 0x0000000624000000, 0x0000000624400000|  0%| F|  |TAMS 0x0000000624000000, 0x0000000624000000| Untracked 
|  89|0x0000000624400000, 0x0000000624400000, 0x0000000624800000|  0%| F|  |TAMS 0x0000000624400000, 0x0000000624400000| Untracked 
|  90|0x0000000624800000, 0x0000000624800000, 0x0000000624c00000|  0%| F|  |TAMS 0x0000000624800000, 0x0000000624800000| Untracked 
|  91|0x0000000624c00000, 0x0000000624c00000, 0x0000000625000000|  0%| F|  |TAMS 0x0000000624c00000, 0x0000000624c00000| Untracked 
|  92|0x0000000625000000, 0x0000000625000000, 0x0000000625400000|  0%| F|  |TAMS 0x0000000625000000, 0x0000000625000000| Untracked 
|  93|0x0000000625400000, 0x0000000625400000, 0x0000000625800000|  0%| F|  |TAMS 0x0000000625400000, 0x0000000625400000| Untracked 
|  94|0x0000000625800000, 0x0000000625800000, 0x0000000625c00000|  0%| F|  |TAMS 0x0000000625800000, 0x0000000625800000| Untracked 
|  95|0x0000000625c00000, 0x0000000625c00000, 0x0000000626000000|  0%| F|  |TAMS 0x0000000625c00000, 0x0000000625c00000| Untracked 
|  96|0x0000000626000000, 0x0000000626000000, 0x0000000626400000|  0%| F|  |TAMS 0x0000000626000000, 0x0000000626000000| Untracked 
|  97|0x0000000626400000, 0x0000000626400000, 0x0000000626800000|  0%| F|  |TAMS 0x0000000626400000, 0x0000000626400000| Untracked 
|  98|0x0000000626800000, 0x0000000626800000, 0x0000000626c00000|  0%| F|  |TAMS 0x0000000626800000, 0x0000000626800000| Untracked 
|  99|0x0000000626c00000, 0x0000000626c00000, 0x0000000627000000|  0%| F|  |TAMS 0x0000000626c00000, 0x0000000626c00000| Untracked 
| 100|0x0000000627000000, 0x0000000627000000, 0x0000000627400000|  0%| F|  |TAMS 0x0000000627000000, 0x0000000627000000| Untracked 
| 101|0x0000000627400000, 0x0000000627400000, 0x0000000627800000|  0%| F|  |TAMS 0x0000000627400000, 0x0000000627400000| Untracked 
| 102|0x0000000627800000, 0x0000000627800000, 0x0000000627c00000|  0%| F|  |TAMS 0x0000000627800000, 0x0000000627800000| Untracked 
| 103|0x0000000627c00000, 0x0000000627c00000, 0x0000000628000000|  0%| F|  |TAMS 0x0000000627c00000, 0x0000000627c00000| Untracked 
| 104|0x0000000628000000, 0x0000000628000000, 0x0000000628400000|  0%| F|  |TAMS 0x0000000628000000, 0x0000000628000000| Untracked 
| 105|0x0000000628400000, 0x0000000628400000, 0x0000000628800000|  0%| F|  |TAMS 0x0000000628400000, 0x0000000628400000| Untracked 
| 106|0x0000000628800000, 0x0000000628800000, 0x0000000628c00000|  0%| F|  |TAMS 0x0000000628800000, 0x0000000628800000| Untracked 
| 107|0x0000000628c00000, 0x0000000628c00000, 0x0000000629000000|  0%| F|  |TAMS 0x0000000628c00000, 0x0000000628c00000| Untracked 
| 108|0x0000000629000000, 0x0000000629000000, 0x0000000629400000|  0%| F|  |TAMS 0x0000000629000000, 0x0000000629000000| Untracked 
| 109|0x0000000629400000, 0x0000000629400000, 0x0000000629800000|  0%| F|  |TAMS 0x0000000629400000, 0x0000000629400000| Untracked 
| 110|0x0000000629800000, 0x0000000629800000, 0x0000000629c00000|  0%| F|  |TAMS 0x0000000629800000, 0x0000000629800000| Untracked 
| 111|0x0000000629c00000, 0x0000000629c00000, 0x000000062a000000|  0%| F|  |TAMS 0x0000000629c00000, 0x0000000629c00000| Untracked 
| 112|0x000000062a000000, 0x000000062a000000, 0x000000062a400000|  0%| F|  |TAMS 0x000000062a000000, 0x000000062a000000| Untracked 
| 113|0x000000062a400000, 0x000000062a400000, 0x000000062a800000|  0%| F|  |TAMS 0x000000062a400000, 0x000000062a400000| Untracked 
| 114|0x000000062a800000, 0x000000062a800000, 0x000000062ac00000|  0%| F|  |TAMS 0x000000062a800000, 0x000000062a800000| Untracked 
| 115|0x000000062ac00000, 0x000000062ac00000, 0x000000062b000000|  0%| F|  |TAMS 0x000000062ac00000, 0x000000062ac00000| Untracked 
| 116|0x000000062b000000, 0x000000062b000000, 0x000000062b400000|  0%| F|  |TAMS 0x000000062b000000, 0x000000062b000000| Untracked 
| 117|0x000000062b400000, 0x000000062b400000, 0x000000062b800000|  0%| F|  |TAMS 0x000000062b400000, 0x000000062b400000| Untracked 
| 118|0x000000062b800000, 0x000000062b800000, 0x000000062bc00000|  0%| F|  |TAMS 0x000000062b800000, 0x000000062b800000| Untracked 
| 119|0x000000062bc00000, 0x000000062bc00000, 0x000000062c000000|  0%| F|  |TAMS 0x000000062bc00000, 0x000000062bc00000| Untracked 
| 120|0x000000062c000000, 0x000000062c000000, 0x000000062c400000|  0%| F|  |TAMS 0x000000062c000000, 0x000000062c000000| Untracked 
| 121|0x000000062c400000, 0x000000062c400000, 0x000000062c800000|  0%| F|  |TAMS 0x000000062c400000, 0x000000062c400000| Untracked 
| 122|0x000000062c800000, 0x000000062c87c138, 0x000000062cc00000| 12%| E|  |TAMS 0x000000062c800000, 0x000000062c800000| Complete 
| 123|0x000000062cc00000, 0x000000062d000000, 0x000000062d000000|100%| E|CS|TAMS 0x000000062cc00000, 0x000000062cc00000| Complete 
| 124|0x000000062d000000, 0x000000062d400000, 0x000000062d400000|100%| E|CS|TAMS 0x000000062d000000, 0x000000062d000000| Complete 
|1990|0x00000007ff800000, 0x00000007ffb75000, 0x00000007ffc00000| 86%|OA|  |TAMS 0x00000007ff800000, 0x00000007ff800000| Untracked 
|1991|0x00000007ffc00000, 0x00000007ffc78000, 0x0000000800000000| 11%|CA|  |TAMS 0x00000007ffc00000, 0x00000007ffc00000| Untracked 

Card table byte_map: [0x0000728600470000,0x0000728601400000] _byte_map_base: 0x00007285fd400000

Marking Bits (Prev, Next): (CMBitMap*) 0x0000728618059e40, (CMBitMap*) 0x0000728618059e80
 Prev Bits: [0x00007285f7860000, 0x00007285ff4e0000)
 Next Bits: [0x00007285efbe0000, 0x00007285f7860000)

Polling page: 0x0000728620804000

Metaspace:

Usage:
  Non-class:      3.72 MB used.
      Class:    357.60 KB used.
       Both:      4.06 MB used.

Virtual space:
  Non-class space:       64.00 MB reserved,       3.81 MB (  6%) committed,  1 nodes.
      Class space:        1.00 GB reserved,     512.00 KB ( <1%) committed,  1 nodes.
             Both:        1.06 GB reserved,       4.31 MB ( <1%) committed. 

Chunk freelists:
   Non-Class:  10.89 MB
       Class:  15.54 MB
        Both:  26.43 MB

MaxMetaspaceSize: unlimited
CompressedClassSpaceSize: 1.00 GB
Initial GC threshold: 21.00 MB
Current GC threshold: 21.00 MB
CDS: on
MetaspaceReclaimPolicy: balanced
 - commit_granule_bytes: 65536.
 - commit_granule_words: 8192.
 - virtual_space_node_default_size: 8388608.
 - enlarge_chunks_in_place: 1.
 - new_chunks_are_fully_committed: 0.
 - uncommit_free_chunks: 1.
 - use_allocation_guard: 0.
 - handle_deallocations: 1.


Internal statistics:

num_allocs_failed_limit: 0.
num_arena_births: 164.
num_arena_deaths: 0.
num_vsnodes_births: 2.
num_vsnodes_deaths: 0.
num_space_committed: 69.
num_space_uncommitted: 0.
num_chunks_returned_to_freelist: 0.
num_chunks_taken_from_freelist: 238.
num_chunk_merges: 0.
num_chunk_splits: 161.
num_chunks_enlarged: 96.
num_inconsistent_stats: 0.

CodeHeap 'non-profiled nmethods': size=120028Kb used=252Kb max_used=252Kb free=119775Kb
 bounds [0x0000728608ec9000, 0x0000728609139000, 0x0000728610400000]
CodeHeap 'profiled nmethods': size=120028Kb used=1100Kb max_used=1100Kb free=118928Kb
 bounds [0x0000728601400000, 0x0000728601670000, 0x0000728608937000]
CodeHeap 'non-nmethods': size=5704Kb used=1589Kb max_used=1619Kb free=4114Kb
 bounds [0x0000728608937000, 0x0000728608ba7000, 0x0000728608ec9000]
 total_blobs=1769 nmethods=746 adapters=936
 compilation: enabled
              stopped_count=0, restarted_count=0
 full_count=0

Compilation events (20 events):
Event: 0.229 Thread 0x0000728618168020 nmethod 732 0x000072860150f390 code [0x000072860150f560, 0x000072860150f8f0]
Event: 0.229 Thread 0x0000728618168020  729       3       java.util.Optional::empty (6 bytes)
Event: 0.229 Thread 0x0000728618168020 nmethod 729 0x000072860150fb10 code [0x000072860150fca0, 0x000072860150fd90]
Event: 0.229 Thread 0x0000728618168020  737       3       jdk.internal.misc.Unsafe::getShortUnaligned (12 bytes)
Event: 0.229 Thread 0x0000728618168020 nmethod 737 0x000072860150fe10 code [0x000072860150ffc0, 0x00007286015101f0]
Event: 0.229 Thread 0x0000728618168020  734       3       jdk.internal.misc.Unsafe::getShortUnaligned (33 bytes)
Event: 0.229 Thread 0x0000728618168020 nmethod 734 0x0000728601510310 code [0x00007286015104e0, 0x0000728601510890]
Event: 0.229 Thread 0x0000728618168020  735       3       jdk.internal.misc.Unsafe::convEndian (16 bytes)
Event: 0.229 Thread 0x0000728618168020 nmethod 735 0x0000728601510a10 code [0x0000728601510bc0, 0x0000728601510d70]
Event: 0.229 Thread 0x0000728618168020  736       3       java.lang.Short::reverseBytes (14 bytes)
Event: 0.229 Thread 0x0000728618168020 nmethod 736 0x0000728601510e10 code [0x0000728601510fa0, 0x0000728601511090]
Event: 0.229 Thread 0x0000728618168020  725       3       java.net.URL::<init> (8 bytes)
Event: 0.229 Thread 0x0000728618168020 nmethod 725 0x0000728601511110 code [0x00007286015112c0, 0x0000728601511400]
Event: 0.229 Thread 0x0000728618168020  727       1       sun.nio.fs.NativeBuffer::address (5 bytes)
Event: 0.229 Thread 0x0000728618168020 nmethod 727 0x0000728608f05e90 code [0x0000728608f06020, 0x0000728608f060f0]
Event: 0.229 Thread 0x0000728618168020  733       1       sun.nio.fs.UnixPath::getFileSystem (5 bytes)
Event: 0.229 Thread 0x0000728618168020 nmethod 733 0x0000728608f06190 code [0x0000728608f06320, 0x0000728608f063f0]
Event: 0.230 Thread 0x000072856c1746d0 nmethod 728 0x0000728608f06490 code [0x0000728608f06620, 0x0000728608f06918]
Event: 0.230 Thread 0x0000728618166af0 nmethod 730% 0x0000728608f06a90 code [0x0000728608f06c20, 0x0000728608f07018]
Event: 0.230 Thread 0x0000728618166af0  739   !   4       java.nio.DirectByteBuffer::get (34 bytes)

GC Heap History (0 events):
No events

Dll operation events (10 events):
Event: 0.001 Loaded shared library /usr/lib/jvm/java-17-amazon-corretto/lib/libjava.so
Event: 0.011 Loaded shared library /usr/lib/jvm/java-17-amazon-corretto/lib/libjsvml.so
Event: 0.031 Loaded shared library /usr/lib/jvm/java-17-amazon-corretto/lib/libnio.so
Event: 0.031 Loaded shared library /usr/lib/jvm/java-17-amazon-corretto/lib/libjimage.so
Event: 0.033 Loaded shared library /usr/lib/jvm/java-17-amazon-corretto/lib/libawt.so
Event: 0.037 Loaded shared library /usr/lib/jvm/java-17-amazon-corretto/lib/libawt_xawt.so
Event: 0.068 Loaded shared library /usr/lib/jvm/java-17-amazon-corretto/lib/libnet.so
Event: 0.070 Loaded shared library /usr/lib/jvm/java-17-amazon-corretto/lib/libfontmanager.so
Event: 0.112 Loaded shared library /usr/lib/jvm/java-17-amazon-corretto/lib/libzip.so
Event: 0.139 Loaded shared library /tmp/lwjgl_cookiebot/3.3.4+7/x64/liblwjgl.so

Deoptimization events (20 events):
Event: 0.177 Thread 0x0000728618250360 DEOPT PACKING pc=0x00007286014de9d4 sp=0x0000728591bfdae0
Event: 0.177 Thread 0x0000728618250360 DEOPT UNPACKING pc=0x000072860898de2f sp=0x0000728591bfcf78 mode 0
Event: 0.177 Thread 0x0000728618250360 DEOPT PACKING pc=0x00007286014de9d4 sp=0x0000728591bfdb00
Event: 0.177 Thread 0x0000728618250360 DEOPT UNPACKING pc=0x000072860898de2f sp=0x0000728591bfcf98 mode 0
Event: 0.177 Thread 0x0000728618250360 DEOPT PACKING pc=0x00007286014de9d4 sp=0x0000728591bfdb00
Event: 0.177 Thread 0x0000728618250360 DEOPT UNPACKING pc=0x000072860898de2f sp=0x0000728591bfcf98 mode 0
Event: 0.177 Thread 0x0000728618250360 DEOPT PACKING pc=0x00007286014de9d4 sp=0x0000728591bfdb00
Event: 0.177 Thread 0x0000728618250360 DEOPT UNPACKING pc=0x000072860898de2f sp=0x0000728591bfcf98 mode 0
Event: 0.178 Thread 0x0000728618250360 DEOPT PACKING pc=0x00007286014de9d4 sp=0x0000728591bfdb00
Event: 0.178 Thread 0x0000728618250360 DEOPT UNPACKING pc=0x000072860898de2f sp=0x0000728591bfcf98 mode 0
Event: 0.178 Thread 0x0000728618250360 DEOPT PACKING pc=0x00007286014de9d4 sp=0x0000728591bfdb00
Event: 0.178 Thread 0x0000728618250360 DEOPT UNPACKING pc=0x000072860898de2f sp=0x0000728591bfcf98 mode 0
Event: 0.178 Thread 0x0000728618250360 DEOPT PACKING pc=0x00007286014de9d4 sp=0x0000728591bfdb00
Event: 0.178 Thread 0x0000728618250360 DEOPT UNPACKING pc=0x000072860898de2f sp=0x0000728591bfcf98 mode 0
Event: 0.178 Thread 0x0000728618250360 DEOPT PACKING pc=0x00007286014de9d4 sp=0x0000728591bfdb00
Event: 0.178 Thread 0x0000728618250360 DEOPT UNPACKING pc=0x000072860898de2f sp=0x0000728591bfcf98 mode 0
Event: 0.226 Thread 0x0000728618250360 Uncommon trap: trap_request=0xffffff6e fr.pc=0x0000728608f03ee8 relative=0x0000000000000448
Event: 0.226 Thread 0x0000728618250360 Uncommon trap: reason=loop_limit_check action=maybe_recompile pc=0x0000728608f03ee8 method=java.lang.StringLatin1.indexOf([BI[BII)I @ 37 c2
Event: 0.226 Thread 0x0000728618250360 DEOPT PACKING pc=0x0000728608f03ee8 sp=0x0000728591bfe490
Event: 0.226 Thread 0x0000728618250360 DEOPT UNPACKING pc=0x000072860898d699 sp=0x0000728591bfe410 mode 2

Classes loaded (20 events):
Event: 0.162 Loading class java/util/function/LongPredicate done
Event: 0.163 Loading class jdk/internal/access/foreign/MemorySegmentProxy
Event: 0.164 Loading class jdk/internal/access/foreign/MemorySegmentProxy done
Event: 0.165 Loading class java/lang/NoSuchFieldError
Event: 0.165 Loading class java/lang/NoSuchFieldError done
Event: 0.166 Loading class java/nio/InvalidMarkException
Event: 0.166 Loading class java/nio/InvalidMarkException done
Event: 0.166 Loading class java/nio/BufferUnderflowException
Event: 0.166 Loading class java/nio/BufferUnderflowException done
Event: 0.171 Loading class java/util/Formatter$FixedString
Event: 0.171 Loading class java/util/Formatter$FixedString done
Event: 0.172 Loading class jdk/internal/misc/ScopedMemoryAccess$Scope
Event: 0.172 Loading class jdk/internal/misc/ScopedMemoryAccess$Scope done
Event: 0.178 Loading class jdk/internal/reflect/UnsafeQualifiedStaticIntegerFieldAccessorImpl
Event: 0.178 Loading class jdk/internal/reflect/UnsafeQualifiedStaticIntegerFieldAccessorImpl done
Event: 0.229 Loading class java/lang/NumberFormatException
Event: 0.229 Loading class java/lang/NumberFormatException done
Event: 0.230 Loading class java/io/UnsupportedEncodingException
Event: 0.230 Loading class java/io/UnsupportedEncodingException done
Event: 0.230 Loading class java/util/Scanner

Classes unloaded (0 events):
No events

Classes redefined (0 events):
No events

Internal exceptions (17 events):
Event: 0.026 Thread 0x000072861802a9c0 Exception <a 'java/lang/ClassNotFoundException'{0x000000062d03bcf0}: sun/awt/resources/spi/awtProvider> (0x000000062d03bcf0) 
thrown [src/hotspot/share/classfile/systemDictionary.cpp, line 256]
Event: 0.045 Thread 0x000072861802a9c0 Exception <a 'java/io/FileNotFoundException'{0x000000062d193440}> (0x000000062d193440) 
thrown [src/hotspot/share/prims/jni.cpp, line 516]
Event: 0.050 Thread 0x000072861802a9c0 Exception <a 'java/io/FileNotFoundException'{0x000000062d1c0138}> (0x000000062d1c0138) 
thrown [src/hotspot/share/prims/jni.cpp, line 516]
Event: 0.073 Thread 0x000072861802a9c0 Exception <a 'java/lang/NoSuchMethodError'{0x000000062d236e48}: 'java.lang.Object java.lang.invoke.DirectMethodHandle$Holder.invokeStaticInit(java.lang.Object)'> (0x000000062d236e48) 
thrown [src/hotspot/share/interpreter/linkResolver.cpp, line 759]
Event: 0.123 Thread 0x000072861802a9c0 Exception <a 'java/lang/NoSuchMethodError'{0x000000062cd36388}: 'void java.lang.invoke.DirectMethodHandle$Holder.invokeStatic(java.lang.Object, java.lang.Object)'> (0x000000062cd36388) 
thrown [src/hotspot/share/interpreter/linkResolver.cpp, line 759]
Event: 0.124 Thread 0x000072861802a9c0 Exception <a 'java/lang/NoSuchMethodError'{0x000000062cd3b408}: 'void java.lang.invoke.DirectMethodHandle$Holder.invokeSpecial(java.lang.Object, java.lang.Object, java.lang.Object)'> (0x000000062cd3b408) 
thrown [src/hotspot/share/interpreter/linkResolver.cpp, line 759]
Event: 0.125 Thread 0x000072861802a9c0 Exception <a 'java/lang/NoSuchMethodError'{0x000000062cd4c4a0}: 'java.lang.Object java.lang.invoke.DirectMethodHandle$Holder.invokeStatic(java.lang.Object, java.lang.Object, int)'> (0x000000062cd4c4a0) 
thrown [src/hotspot/share/interpreter/linkResolver.cpp, line 759]
Event: 0.126 Thread 0x000072861802a9c0 Exception <a 'java/lang/NoSuchMethodError'{0x000000062cd57728}: 'void java.lang.invoke.DelegatingMethodHandle$Holder.delegate(java.lang.Object, java.lang.Object, int, java.lang.Object)'> (0x000000062cd57728) 
thrown [src/hotspot/share/interpreter/linkResolver.cpp, line 759]
Event: 0.126 Thread 0x000072861802a9c0 Exception <a 'java/lang/NoSuchMethodError'{0x000000062cd5b840}: 'int java.lang.invoke.DirectMethodHandle$Holder.invokeSpecial(java.lang.Object, java.lang.Object, java.lang.Object)'> (0x000000062cd5b840) 
thrown [src/hotspot/share/interpreter/linkResolver.cpp, line 759]
Event: 0.142 Thread 0x000072861802a9c0 Exception <a 'sun/nio/fs/UnixException'{0x000000062ce48f98}> (0x000000062ce48f98) 
thrown [src/hotspot/share/prims/jni.cpp, line 516]
Event: 0.163 Thread 0x000072861802a9c0 Exception <a 'java/lang/NoSuchMethodError'{0x000000062cf0b368}: 'int java.lang.invoke.DirectMethodHandle$Holder.invokeStaticInit(java.lang.Object, java.lang.Object, int, long)'> (0x000000062cf0b368) 
thrown [src/hotspot/share/interpreter/linkResolver.cpp, line 759]
Event: 0.163 Thread 0x000072861802a9c0 Exception <a 'java/lang/NoSuchMethodError'{0x000000062cf10e98}: 'java.lang.Object java.lang.invoke.DirectMethodHandle$Holder.newInvokeSpecial(java.lang.Object, java.lang.Object, int)'> (0x000000062cf10e98) 
thrown [src/hotspot/share/interpreter/linkResolver.cpp, line 759]
Event: 0.164 Thread 0x000072861802a9c0 Exception <a 'java/lang/NoSuchMethodError'{0x000000062cf1f640}: 'int java.lang.invoke.DirectMethodHandle$Holder.invokeStaticInit(java.lang.Object, java.lang.Object, long, long)'> (0x000000062cf1f640) 
thrown [src/hotspot/share/interpreter/linkResolver.cpp, line 759]
Event: 0.165 Thread 0x000072861802a9c0 Exception <a 'java/lang/NoSuchMethodError'{0x000000062cf252d0}: 'java.lang.Object java.lang.invoke.DirectMethodHandle$Holder.newInvokeSpecial(java.lang.Object, java.lang.Object, long)'> (0x000000062cf252d0) 
thrown [src/hotspot/share/interpreter/linkResolver.cpp, line 759]
Event: 0.165 Thread 0x000072861802a9c0 Exception <a 'java/lang/NoSuchMethodError'{0x000000062cf28b98}: 'java.lang.Object java.lang.invoke.Invokers$Holder.linkToTargetMethod(java.lang.Object, long, java.lang.Object)'> (0x000000062cf28b98) 
thrown [src/hotspot/share/interpreter/linkResolver.cpp, line 759]
Event: 0.165 Thread 0x0000728618250360 Exception <a 'sun/nio/fs/UnixException'{0x000000062ccd4958}> (0x000000062ccd4958) 
thrown [src/hotspot/share/prims/jni.cpp, line 516]
Event: 0.165 Thread 0x000072861802a9c0 Exception <a 'java/lang/NoSuchMethodError'{0x000000062cf30068}: 'int java.lang.invoke.DirectMethodHandle$Holder.invokeStaticInit(java.lang.Object, java.lang.Object, java.lang.Object, long)'> (0x000000062cf30068) 
thrown [src/hotspot/share/interpreter/linkResolver.cpp, line 759]

VM Operations (2 events):
Event: 0.078 Executing VM operation: HandshakeAllThreads
Event: 0.078 Executing VM operation: HandshakeAllThreads done

Memory protections (14 events):
Event: 0.001 Protecting memory [0x0000728620300000,0x0000728620304000] with protection modes 0
Event: 0.013 Protecting memory [0x00007285ecfff000,0x00007285ed003000] with protection modes 0
Event: 0.013 Protecting memory [0x00007285eceff000,0x00007285ecf03000] with protection modes 0
Event: 0.015 Protecting memory [0x00007285ecdff000,0x00007285ece03000] with protection modes 0
Event: 0.015 Protecting memory [0x00007285ec700000,0x00007285ec704000] with protection modes 0
Event: 0.015 Protecting memory [0x00007285ec600000,0x00007285ec604000] with protection modes 0
Event: 0.015 Protecting memory [0x00007285ec500000,0x00007285ec504000] with protection modes 0
Event: 0.015 Protecting memory [0x00007285ec400000,0x00007285ec404000] with protection modes 0
Event: 0.015 Protecting memory [0x00007285ec300000,0x00007285ec304000] with protection modes 0
Event: 0.018 Protecting memory [0x00007285ec200000,0x00007285ec204000] with protection modes 0
Event: 0.019 Protecting memory [0x0000728592f00000,0x0000728592f04000] with protection modes 0
Event: 0.074 Protecting memory [0x0000728592700000,0x0000728592704000] with protection modes 0
Event: 0.104 Protecting memory [0x0000728592300000,0x0000728592304000] with protection modes 0
Event: 0.110 Protecting memory [0x0000728591b00000,0x0000728591b04000] with protection modes 0

Nmethod flushes (0 events):
No events

Events (14 events):
Event: 0.011 Thread 0x000072861802a9c0 Thread added: 0x000072861802a9c0
Event: 0.013 Thread 0x000072861802a9c0 Thread added: 0x000072861815c010
Event: 0.013 Thread 0x000072861802a9c0 Thread added: 0x000072861815d3f0
Event: 0.015 Thread 0x000072861802a9c0 Thread added: 0x0000728618162980
Event: 0.015 Thread 0x000072861802a9c0 Thread added: 0x0000728618163d30
Event: 0.015 Thread 0x000072861802a9c0 Thread added: 0x0000728618165140
Event: 0.015 Thread 0x000072861802a9c0 Thread added: 0x0000728618166af0
Event: 0.015 Thread 0x000072861802a9c0 Thread added: 0x0000728618168020
Event: 0.015 Thread 0x000072861802a9c0 Thread added: 0x0000728618171480
Event: 0.018 Thread 0x000072861802a9c0 Thread added: 0x0000728618178f80
Event: 0.019 Thread 0x000072861802a9c0 Thread added: 0x000072861817c710
Event: 0.073 Thread 0x000072861802a9c0 Thread added: 0x000072861822fd10
Event: 0.104 Thread 0x0000728618168020 Thread added: 0x000072856c1746d0
Event: 0.110 Thread 0x000072861802a9c0 Thread added: 0x0000728618250360


Dynamic libraries:
60e000000-62d400000 rw-p 00000000 00:00 0 
62d400000-7ff800000 ---p 00000000 00:00 0 
7ff800000-7ffb00000 rw-p 00000000 00:00 0 
7ffb00000-7ffb75000 rw-p 00c7a000 103:05 15074430                        /usr/lib/jvm/java-17-amazon-corretto/lib/server/classes.jsa
7ffb75000-7ffc00000 rw-p 00000000 00:00 0 
7ffc00000-7ffc78000 rw-p 00c02000 103:05 15074430                        /usr/lib/jvm/java-17-amazon-corretto/lib/server/classes.jsa
7ffc78000-800000000 rw-p 00000000 00:00 0 
597f19e00000-597f19e01000 r-xp 00000000 103:05 15077193                  /usr/lib/jvm/java-17-amazon-corretto/bin/java
597f1a001000-597f1a002000 r--p 00001000 103:05 15077193                  /usr/lib/jvm/java-17-amazon-corretto/bin/java
597f1a002000-597f1a003000 rw-p 00002000 103:05 15077193                  /usr/lib/jvm/java-17-amazon-corretto/bin/java
597f57446000-597f5748e000 rw-p 00000000 00:00 0                          [heap]
728553e2d000-728553efd000 rw-s 00000000 00:01 213292                     /memfd:wayland-cursor (deleted)
728553fa0000-728553fa7000 r--p 00000000 103:05 14971447                  /usr/lib/x86_64-linux-gnu/libblkid.so.1.1.0
728553fa7000-728553fcb000 r-xp 00007000 103:05 14971447                  /usr/lib/x86_64-linux-gnu/libblkid.so.1.1.0
728553fcb000-728553fd4000 r--p 0002b000 103:05 14971447                  /usr/lib/x86_64-linux-gnu/libblkid.so.1.1.0
728553fd4000-728553fda000 r--p 00033000 103:05 14971447                  /usr/lib/x86_64-linux-gnu/libblkid.so.1.1.0
728553fda000-728553fdb000 rw-p 00039000 103:05 14971447                  /usr/lib/x86_64-linux-gnu/libblkid.so.1.1.0
728554000000-7285541d1000 rw-p 00000000 00:00 0 
7285541d1000-728558000000 ---p 00000000 00:00 0 
728558000000-7285580b7000 rw-p 00000000 00:00 0 
7285580b7000-72855c000000 ---p 00000000 00:00 0 
72855c000000-72855c021000 rw-p 00000000 00:00 0 
72855c021000-728560000000 ---p 00000000 00:00 0 
728560000000-728560021000 rw-p 00000000 00:00 0 
728560021000-728564000000 ---p 00000000 00:00 0 
728564000000-728564021000 rw-p 00000000 00:00 0 
728564021000-728568000000 ---p 00000000 00:00 0 
728568000000-728568021000 rw-p 00000000 00:00 0 
728568021000-72856c000000 ---p 00000000 00:00 0 
72856c000000-72856c246000 rw-p 00000000 00:00 0 
72856c246000-728570000000 ---p 00000000 00:00 0 
728570000000-728570021000 rw-p 00000000 00:00 0 
728570021000-728574000000 ---p 00000000 00:00 0 
728574000000-728574021000 rw-p 00000000 00:00 0 
728574021000-728578000000 ---p 00000000 00:00 0 
728578000000-72857815e000 rw-p 00000000 00:00 0 
72857815e000-72857c000000 ---p 00000000 00:00 0 
72857c000000-72857c021000 rw-p 00000000 00:00 0 
72857c021000-728580000000 ---p 00000000 00:00 0 
728580000000-728580021000 rw-p 00000000 00:00 0 
728580021000-728584000000 ---p 00000000 00:00 0 
728584000000-728584021000 rw-p 00000000 00:00 0 
728584021000-728588000000 ---p 00000000 00:00 0 
728588000000-728588021000 rw-p 00000000 00:00 0 
728588021000-72858c000000 ---p 00000000 00:00 0 
72858c000000-72858c021000 rw-p 00000000 00:00 0 
72858c021000-728590000000 ---p 00000000 00:00 0 
728590127000-728590130000 r--p 00000000 103:05 14970096                  /usr/lib/x86_64-linux-gnu/libmount.so.1.1.0
728590130000-728590164000 r-xp 00009000 103:05 14970096                  /usr/lib/x86_64-linux-gnu/libmount.so.1.1.0
728590164000-728590171000 r--p 0003d000 103:05 14970096                  /usr/lib/x86_64-linux-gnu/libmount.so.1.1.0
728590171000-728590173000 r--p 00049000 103:05 14970096                  /usr/lib/x86_64-linux-gnu/libmount.so.1.1.0
728590173000-728590174000 rw-p 0004b000 103:05 14970096                  /usr/lib/x86_64-linux-gnu/libmount.so.1.1.0
728590376000-728590378000 r--p 00000000 103:05 14942599                  /usr/lib/x86_64-linux-gnu/libpcre2-8.so.0.11.2
728590378000-7285903e6000 r-xp 00002000 103:05 14942599                  /usr/lib/x86_64-linux-gnu/libpcre2-8.so.0.11.2
7285903e6000-72859040e000 r--p 00070000 103:05 14942599                  /usr/lib/x86_64-linux-gnu/libpcre2-8.so.0.11.2
72859040e000-72859040f000 r--p 00097000 103:05 14942599                  /usr/lib/x86_64-linux-gnu/libpcre2-8.so.0.11.2
72859040f000-728590410000 rw-p 00098000 103:05 14942599                  /usr/lib/x86_64-linux-gnu/libpcre2-8.so.0.11.2
728590640000-728590679000 r--p 00000000 103:05 14942577                  /usr/lib/x86_64-linux-gnu/libgio-2.0.so.0.8000.0
728590679000-728590790000 r-xp 00039000 103:05 14942577                  /usr/lib/x86_64-linux-gnu/libgio-2.0.so.0.8000.0
728590790000-728590805000 r--p 00150000 103:05 14942577                  /usr/lib/x86_64-linux-gnu/libgio-2.0.so.0.8000.0
728590805000-72859080d000 r--p 001c4000 103:05 14942577                  /usr/lib/x86_64-linux-gnu/libgio-2.0.so.0.8000.0
72859080d000-72859080e000 rw-p 001cc000 103:05 14942577                  /usr/lib/x86_64-linux-gnu/libgio-2.0.so.0.8000.0
72859080e000-728590810000 rw-p 00000000 00:00 0 
7285909bc000-7285909da000 r--p 00000000 103:05 14942585                  /usr/lib/x86_64-linux-gnu/libglib-2.0.so.0.8000.0
7285909da000-728590a7a000 r-xp 0001e000 103:05 14942585                  /usr/lib/x86_64-linux-gnu/libglib-2.0.so.0.8000.0
728590a7a000-728590b02000 r--p 000be000 103:05 14942585                  /usr/lib/x86_64-linux-gnu/libglib-2.0.so.0.8000.0
728590b02000-728590b03000 r--p 00146000 103:05 14942585                  /usr/lib/x86_64-linux-gnu/libglib-2.0.so.0.8000.0
728590b03000-728590b04000 rw-p 00147000 103:05 14942585                  /usr/lib/x86_64-linux-gnu/libglib-2.0.so.0.8000.0
728590b04000-728590b05000 rw-p 00000000 00:00 0 
7285912d4000-7285913d3000 rw-s 00000000 00:01 216067                     /memfd:wayland-cursor (deleted)
7285913d3000-7285913d9000 r--p 00000000 103:05 14942867                  /usr/lib/x86_64-linux-gnu/libselinux.so.1
7285913d9000-7285913f6000 r-xp 00006000 103:05 14942867                  /usr/lib/x86_64-linux-gnu/libselinux.so.1
7285913f6000-7285913fc000 r--p 00023000 103:05 14942867                  /usr/lib/x86_64-linux-gnu/libselinux.so.1
7285913fc000-7285913fd000 r--p 00029000 103:05 14942867                  /usr/lib/x86_64-linux-gnu/libselinux.so.1
7285913fd000-7285913fe000 rw-p 0002a000 103:05 14942867                  /usr/lib/x86_64-linux-gnu/libselinux.so.1
7285913fe000-728591400000 rw-p 00000000 00:00 0 
728591400000-728591407000 r-xp 00000000 103:05 15074263                  /usr/lib/jvm/java-17-amazon-corretto/lib/libzip.so
728591407000-728591607000 ---p 00007000 103:05 15074263                  /usr/lib/jvm/java-17-amazon-corretto/lib/libzip.so
728591607000-728591608000 r--p 00007000 103:05 15074263                  /usr/lib/jvm/java-17-amazon-corretto/lib/libzip.so
728591608000-728591609000 rw-p 00000000 00:00 0 
728591631000-728591730000 rw-s 00000000 00:01 213293                     /memfd:wayland-cursor (deleted)
728591730000-728591800000 rw-s 00000000 00:01 216066                     /memfd:wayland-cursor (deleted)
728591800000-7285918af000 r-xp 00000000 103:05 15074436                  /usr/lib/jvm/java-17-amazon-corretto/lib/libfreetype.so
7285918af000-728591aaf000 ---p 000af000 103:05 15074436                  /usr/lib/jvm/java-17-amazon-corretto/lib/libfreetype.so
728591aaf000-728591ab5000 r--p 000af000 103:05 15074436                  /usr/lib/jvm/java-17-amazon-corretto/lib/libfreetype.so
728591ab5000-728591ab6000 rw-p 00000000 00:00 0 
728591b00000-728591b04000 ---p 00000000 00:00 0 
728591b04000-728591c00000 rw-p 00000000 00:00 0 
728591c00000-728591da7000 r-xp 00000000 103:05 15074435                  /usr/lib/jvm/java-17-amazon-corretto/lib/libfontmanager.so
728591da7000-728591fa6000 ---p 001a7000 103:05 15074435                  /usr/lib/jvm/java-17-amazon-corretto/lib/libfontmanager.so
728591fa6000-728591fa8000 r--p 001a6000 103:05 15074435                  /usr/lib/jvm/java-17-amazon-corretto/lib/libfontmanager.so
728591fa8000-728591fa9000 rw-p 001a8000 103:05 15074435                  /usr/lib/jvm/java-17-amazon-corretto/lib/libfontmanager.so
728591fa9000-728591faa000 rw-p 00000000 00:00 0 
728592000000-72859206e000 r-xp 00000000 103:05 15074434                  /usr/lib/jvm/java-17-amazon-corretto/lib/libawt_xawt.so
72859206e000-72859226e000 ---p 0006e000 103:05 15074434                  /usr/lib/jvm/java-17-amazon-corretto/lib/libawt_xawt.so
72859226e000-728592273000 r--p 0006e000 103:05 15074434                  /usr/lib/jvm/java-17-amazon-corretto/lib/libawt_xawt.so
728592273000-728592275000 rw-p 00073000 103:05 15074434                  /usr/lib/jvm/java-17-amazon-corretto/lib/libawt_xawt.so
728592275000-728592277000 rw-p 00000000 00:00 0 
728592300000-728592304000 ---p 00000000 00:00 0 
728592304000-728592400000 rw-p 00000000 00:00 0 
728592400000-7285924bc000 r-xp 00000000 103:05 15074432                  /usr/lib/jvm/java-17-amazon-corretto/lib/libawt.so
7285924bc000-7285926bc000 ---p 000bc000 103:05 15074432                  /usr/lib/jvm/java-17-amazon-corretto/lib/libawt.so
7285926bc000-7285926bd000 r--p 000bc000 103:05 15074432                  /usr/lib/jvm/java-17-amazon-corretto/lib/libawt.so
7285926bd000-7285926c8000 rw-p 000bd000 103:05 15074432                  /usr/lib/jvm/java-17-amazon-corretto/lib/libawt.so
7285926c8000-7285926ed000 rw-p 00000000 00:00 0 
728592700000-728592704000 ---p 00000000 00:00 0 
728592704000-728592800000 rw-p 00000000 00:00 0 
728592800000-728592815000 r-xp 00000000 103:05 15074260                  /usr/lib/jvm/java-17-amazon-corretto/lib/libnet.so
728592815000-728592a14000 ---p 00015000 103:05 15074260                  /usr/lib/jvm/java-17-amazon-corretto/lib/libnet.so
728592a14000-728592a15000 r--p 00014000 103:05 15074260                  /usr/lib/jvm/java-17-amazon-corretto/lib/libnet.so
728592a15000-728592a16000 rw-p 00015000 103:05 15074260                  /usr/lib/jvm/java-17-amazon-corretto/lib/libnet.so
728592ac3000-728592adc000 r--p 00000000 103:05 14950133                  /usr/lib/x86_64-linux-gnu/libX11.so.6.4.0
728592adc000-728592b6c000 r-xp 00019000 103:05 14950133                  /usr/lib/x86_64-linux-gnu/libX11.so.6.4.0
728592b6c000-728592bfb000 r--p 000a9000 103:05 14950133                  /usr/lib/x86_64-linux-gnu/libX11.so.6.4.0
728592bfb000-728592bfc000 r--p 00138000 103:05 14950133                  /usr/lib/x86_64-linux-gnu/libX11.so.6.4.0
728592bfc000-728592c00000 rw-p 00139000 103:05 14950133                  /usr/lib/x86_64-linux-gnu/libX11.so.6.4.0
728592c00000-728592c12000 r-xp 00000000 103:05 15074261                  /usr/lib/jvm/java-17-amazon-corretto/lib/libnio.so
728592c12000-728592e12000 ---p 00012000 103:05 15074261                  /usr/lib/jvm/java-17-amazon-corretto/lib/libnio.so
728592e12000-728592e13000 r--p 00012000 103:05 15074261                  /usr/lib/jvm/java-17-amazon-corretto/lib/libnio.so
728592e13000-728592e14000 rw-p 00013000 103:05 15074261                  /usr/lib/jvm/java-17-amazon-corretto/lib/libnio.so
728592e65000-728592e6a000 r--p 00000000 103:05 14942481                  /usr/lib/x86_64-linux-gnu/libpng16.so.16.43.0
728592e6a000-728592e92000 r-xp 00005000 103:05 14942481                  /usr/lib/x86_64-linux-gnu/libpng16.so.16.43.0
728592e92000-728592e9b000 r--p 0002d000 103:05 14942481                  /usr/lib/x86_64-linux-gnu/libpng16.so.16.43.0
728592e9b000-728592e9c000 r--p 00035000 103:05 14942481                  /usr/lib/x86_64-linux-gnu/libpng16.so.16.43.0
728592e9c000-728592e9d000 rw-p 00036000 103:05 14942481                  /usr/lib/x86_64-linux-gnu/libpng16.so.16.43.0
728592e9d000-728592eac000 r--p 00000000 103:05 14942608                  /usr/lib/x86_64-linux-gnu/libgobject-2.0.so.0.8000.0
728592eac000-728592ee3000 r-xp 0000f000 103:05 14942608                  /usr/lib/x86_64-linux-gnu/libgobject-2.0.so.0.8000.0
728592ee3000-728592efc000 r--p 00046000 103:05 14942608                  /usr/lib/x86_64-linux-gnu/libgobject-2.0.so.0.8000.0
728592efc000-728592eff000 r--p 0005e000 103:05 14942608                  /usr/lib/x86_64-linux-gnu/libgobject-2.0.so.0.8000.0
728592eff000-728592f00000 rw-p 00061000 103:05 14942608                  /usr/lib/x86_64-linux-gnu/libgobject-2.0.so.0.8000.0
728592f00000-728592f04000 ---p 00000000 00:00 0 
728592f04000-728593000000 rw-p 00000000 00:00 0 
728593000000-7285932b0000 rw-p 00000000 00:00 0 
7285932b0000-728593400000 ---p 00000000 00:00 0 
728593400000-728593520000 rw-p 00000000 00:00 0 
728593520000-728597000000 ---p 00000000 00:00 0 
728597000000-728597bca000 rw-p 00001000 103:05 15074430                  /usr/lib/jvm/java-17-amazon-corretto/lib/server/classes.jsa
728597bca000-728598000000 ---p 00000000 00:00 0 
728598000000-728598030000 rw-p 00000000 00:00 0 
728598030000-728598080000 rw-p 00000000 00:00 0 
728598080000-7285d8000000 ---p 00000000 00:00 0 
7285d8000000-7285d8021000 rw-p 00000000 00:00 0 
7285d8021000-7285dc000000 ---p 00000000 00:00 0 
7285dc000000-7285dc021000 rw-p 00000000 00:00 0 
7285dc021000-7285e0000000 ---p 00000000 00:00 0 
7285e0000000-7285e0021000 rw-p 00000000 00:00 0 
7285e0021000-7285e4000000 ---p 00000000 00:00 0 
7285e4000000-7285e4021000 rw-p 00000000 00:00 0 
7285e4021000-7285e8000000 ---p 00000000 00:00 0 
7285e8000000-7285e8021000 rw-p 00000000 00:00 0 
7285e8021000-7285ec000000 ---p 00000000 00:00 0 
7285ec070000-7285ec07f000 r--p 00000000 103:05 3014739                   /tmp/lwjgl_cookiebot/3.3.4+7/x64/libglfw.so
7285ec07f000-7285ec0a0000 r-xp 0000f000 103:05 3014739                   /tmp/lwjgl_cookiebot/3.3.4+7/x64/libglfw.so
7285ec0a0000-7285ec0d4000 r--p 00030000 103:05 3014739                   /tmp/lwjgl_cookiebot/3.3.4+7/x64/libglfw.so
7285ec0d4000-7285ec0d5000 ---p 00064000 103:05 3014739                   /tmp/lwjgl_cookiebot/3.3.4+7/x64/libglfw.so
7285ec0d5000-7285ec0d9000 r--p 00064000 103:05 3014739                   /tmp/lwjgl_cookiebot/3.3.4+7/x64/libglfw.so
7285ec0d9000-7285ec0dc000 rw-p 00068000 103:05 3014739                   /tmp/lwjgl_cookiebot/3.3.4+7/x64/libglfw.so
7285ec0dc000-7285ec0ff000 rw-p 00000000 00:00 0 
7285ec0ff000-7285ec100000 ---p 00000000 00:00 0 
7285ec100000-7285ec200000 rw-p 00000000 00:00 0 
7285ec200000-7285ec204000 ---p 00000000 00:00 0 
7285ec204000-7285ec300000 rw-p 00000000 00:00 0 
7285ec300000-7285ec304000 ---p 00000000 00:00 0 
7285ec304000-7285ec400000 rw-p 00000000 00:00 0 
7285ec400000-7285ec404000 ---p 00000000 00:00 0 
7285ec404000-7285ec500000 rw-p 00000000 00:00 0 
7285ec500000-7285ec504000 ---p 00000000 00:00 0 
7285ec504000-7285ec600000 rw-p 00000000 00:00 0 
7285ec600000-7285ec604000 ---p 00000000 00:00 0 
7285ec604000-7285ec700000 rw-p 00000000 00:00 0 
7285ec700000-7285ec704000 ---p 00000000 00:00 0 
7285ec704000-7285ec800000 rw-p 00000000 00:00 0 
7285ec800000-7285ecd75000 r--p 00000000 103:05 14942597                  /usr/lib/locale/locale-archive
7285ecd88000-7285ecdb2000 r--p 00000000 103:05 3014738                   /tmp/lwjgl_cookiebot/3.3.4+7/x64/liblwjgl.so
7285ecdb2000-7285ecde4000 r-xp 0002a000 103:05 3014738                   /tmp/lwjgl_cookiebot/3.3.4+7/x64/liblwjgl.so
7285ecde4000-7285ecdfd000 r--p 0005c000 103:05 3014738                   /tmp/lwjgl_cookiebot/3.3.4+7/x64/liblwjgl.so
7285ecdfd000-7285ecdfe000 r--p 00074000 103:05 3014738                   /tmp/lwjgl_cookiebot/3.3.4+7/x64/liblwjgl.so
7285ecdfe000-7285ecdff000 rw-p 00075000 103:05 3014738                   /tmp/lwjgl_cookiebot/3.3.4+7/x64/liblwjgl.so
7285ecdff000-7285ece03000 ---p 00000000 00:00 0 
7285ece03000-7285eceff000 rw-p 00000000 00:00 0 
7285eceff000-7285ecf03000 ---p 00000000 00:00 0 
7285ecf03000-7285ecfff000 rw-p 00000000 00:00 0 
7285ecfff000-7285ed003000 ---p 00000000 00:00 0 
7285ed003000-7285ed0ff000 rw-p 00000000 00:00 0 
7285ed0ff000-7285ed100000 ---p 00000000 00:00 0 
7285ed100000-7285ed200000 rw-p 00000000 00:00 0 
7285ed200000-7285ed2ce000 r-xp 00000000 103:05 15074832                  /usr/lib/jvm/java-17-amazon-corretto/lib/libjsvml.so
7285ed2ce000-7285ed4cd000 ---p 000ce000 103:05 15074832                  /usr/lib/jvm/java-17-amazon-corretto/lib/libjsvml.so
7285ed4cd000-7285ed4ce000 r--p 000cd000 103:05 15074832                  /usr/lib/jvm/java-17-amazon-corretto/lib/libjsvml.so
7285ed4ce000-7285ed4cf000 rw-p 000ce000 103:05 15074832                  /usr/lib/jvm/java-17-amazon-corretto/lib/libjsvml.so
7285ed4fb000-7285ed4fc000 ---p 00000000 00:00 0 
7285ed4fc000-7285ed5fc000 rw-p 00000000 00:00 0 
7285ed5fc000-7285ed5fd000 ---p 00000000 00:00 0 
7285ed5fd000-7285ed6fd000 rw-p 00000000 00:00 0 
7285ed6fd000-7285efa00000 rw-p 00000000 00:00 0 
7285efa15000-7285efa1a000 r--p 00000000 103:05 14971451                  /usr/lib/x86_64-linux-gnu/libxkbcommon.so.0.0.0
7285efa1a000-7285efa3a000 r-xp 00005000 103:05 14971451                  /usr/lib/x86_64-linux-gnu/libxkbcommon.so.0.0.0
7285efa3a000-7285efa5b000 r--p 00025000 103:05 14971451                  /usr/lib/x86_64-linux-gnu/libxkbcommon.so.0.0.0
7285efa5b000-7285efa5d000 r--p 00045000 103:05 14971451                  /usr/lib/x86_64-linux-gnu/libxkbcommon.so.0.0.0
7285efa5d000-7285efa5e000 rw-p 00047000 103:05 14971451                  /usr/lib/x86_64-linux-gnu/libxkbcommon.so.0.0.0
7285efa5e000-7285f03b0000 rw-p 00000000 00:00 0 
7285f03b0000-7285f7840000 ---p 00000000 00:00 0 
7285f7840000-7285f8030000 rw-p 00000000 00:00 0 
7285f8030000-7285ff4c0000 ---p 00000000 00:00 0 
7285ff4c0000-7285ff5da000 rw-p 00000000 00:00 0 
7285ff5da000-72860046c000 ---p 00000000 00:00 0 
72860046c000-72860056a000 rw-p 00000000 00:00 0 
72860056a000-7286013fc000 ---p 00000000 00:00 0 
7286013fc000-728601400000 rw-p 00000000 00:00 0 
728601400000-728601670000 rwxp 00000000 00:00 0 
728601670000-728608937000 ---p 00000000 00:00 0 
728608937000-728608ba7000 rwxp 00000000 00:00 0 
728608ba7000-728608ec9000 ---p 00000000 00:00 0 
728608ec9000-728609139000 rwxp 00000000 00:00 0 
728609139000-728610400000 ---p 00000000 00:00 0 
728610400000-728617ff3000 r--s 00000000 103:05 15074230                  /usr/lib/jvm/java-17-amazon-corretto/lib/modules
728618000000-7286184d5000 rw-p 00000000 00:00 0 
7286184d5000-72861c000000 ---p 00000000 00:00 0 
72861c002000-72861c004000 r--p 00000000 103:05 14942607                  /usr/lib/x86_64-linux-gnu/libgmodule-2.0.so.0.8000.0
72861c004000-72861c006000 r-xp 00002000 103:05 14942607                  /usr/lib/x86_64-linux-gnu/libgmodule-2.0.so.0.8000.0
72861c006000-72861c007000 r--p 00004000 103:05 14942607                  /usr/lib/x86_64-linux-gnu/libgmodule-2.0.so.0.8000.0
72861c007000-72861c008000 r--p 00004000 103:05 14942607                  /usr/lib/x86_64-linux-gnu/libgmodule-2.0.so.0.8000.0
72861c008000-72861c009000 rw-p 00005000 103:05 14942607                  /usr/lib/x86_64-linux-gnu/libgmodule-2.0.so.0.8000.0
72861c02f000-72861c033000 r--p 00000000 103:05 14951002                  /usr/lib/x86_64-linux-gnu/libdecor-0.so.0.200.2
72861c033000-72861c036000 r-xp 00004000 103:05 14951002                  /usr/lib/x86_64-linux-gnu/libdecor-0.so.0.200.2
72861c036000-72861c038000 r--p 00007000 103:05 14951002                  /usr/lib/x86_64-linux-gnu/libdecor-0.so.0.200.2
72861c038000-72861c039000 r--p 00008000 103:05 14951002                  /usr/lib/x86_64-linux-gnu/libdecor-0.so.0.200.2
72861c039000-72861c03a000 rw-p 00009000 103:05 14951002                  /usr/lib/x86_64-linux-gnu/libdecor-0.so.0.200.2
72861c03a000-72861c03c000 r--p 00000000 103:05 14964482                  /usr/lib/x86_64-linux-gnu/libwayland-cursor.so.0.22.0
72861c03c000-72861c03e000 r-xp 00002000 103:05 14964482                  /usr/lib/x86_64-linux-gnu/libwayland-cursor.so.0.22.0
72861c03e000-72861c03f000 r--p 00004000 103:05 14964482                  /usr/lib/x86_64-linux-gnu/libwayland-cursor.so.0.22.0
72861c03f000-72861c040000 r--p 00004000 103:05 14964482                  /usr/lib/x86_64-linux-gnu/libwayland-cursor.so.0.22.0
72861c040000-72861c044000 rw-p 00005000 103:05 14964482                  /usr/lib/x86_64-linux-gnu/libwayland-cursor.so.0.22.0
72861c044000-72861c046000 r--p 00000000 103:05 14942351                  /usr/lib/x86_64-linux-gnu/libffi.so.8.1.4
72861c046000-72861c04d000 r-xp 00002000 103:05 14942351                  /usr/lib/x86_64-linux-gnu/libffi.so.8.1.4
72861c04d000-72861c04e000 r--p 00009000 103:05 14942351                  /usr/lib/x86_64-linux-gnu/libffi.so.8.1.4
72861c04e000-72861c04f000 r--p 0000a000 103:05 14942351                  /usr/lib/x86_64-linux-gnu/libffi.so.8.1.4
72861c04f000-72861c050000 rw-p 0000b000 103:05 14942351                  /usr/lib/x86_64-linux-gnu/libffi.so.8.1.4
72861c050000-72861c055000 r--p 00000000 103:05 14942239                  /usr/lib/x86_64-linux-gnu/libwayland-client.so.0.22.0
72861c055000-72861c05b000 r-xp 00005000 103:05 14942239                  /usr/lib/x86_64-linux-gnu/libwayland-client.so.0.22.0
72861c05b000-72861c05d000 r--p 0000b000 103:05 14942239                  /usr/lib/x86_64-linux-gnu/libwayland-client.so.0.22.0
72861c05d000-72861c05f000 r--p 0000d000 103:05 14942239                  /usr/lib/x86_64-linux-gnu/libwayland-client.so.0.22.0
72861c05f000-72861c060000 rw-p 0000f000 103:05 14942239                  /usr/lib/x86_64-linux-gnu/libwayland-client.so.0.22.0
72861c060000-72861c666000 rw-p 00000000 00:00 0 
72861c666000-72861c667000 ---p 00000000 00:00 0 
72861c667000-72861c767000 rw-p 00000000 00:00 0 
72861c767000-72861c768000 ---p 00000000 00:00 0 
72861c768000-72861c868000 rw-p 00000000 00:00 0 
72861c868000-72861c869000 ---p 00000000 00:00 0 
72861c869000-72861c969000 rw-p 00000000 00:00 0 
72861c969000-72861ca63000 rw-p 00000000 00:00 0 
72861ca63000-72861d8f5000 ---p 00000000 00:00 0 
72861d8f5000-72861e000000 rw-p 00000000 00:00 0 
72861e000000-72861e024000 r-xp 00000000 103:05 15074239                  /usr/lib/jvm/java-17-amazon-corretto/lib/libjava.so
72861e024000-72861e224000 ---p 00024000 103:05 15074239                  /usr/lib/jvm/java-17-amazon-corretto/lib/libjava.so
72861e224000-72861e225000 r--p 00024000 103:05 15074239                  /usr/lib/jvm/java-17-amazon-corretto/lib/libjava.so
72861e225000-72861e226000 rw-p 00025000 103:05 15074239                  /usr/lib/jvm/java-17-amazon-corretto/lib/libjava.so
72861e226000-72861e227000 rw-p 00000000 00:00 0 
72861e22a000-72861e22b000 r--p 00000000 103:05 14968157                  /usr/lib/x86_64-linux-gnu/libwayland-egl.so.1.22.0
72861e22b000-72861e22c000 r-xp 00001000 103:05 14968157                  /usr/lib/x86_64-linux-gnu/libwayland-egl.so.1.22.0
72861e22c000-72861e22d000 r--p 00002000 103:05 14968157                  /usr/lib/x86_64-linux-gnu/libwayland-egl.so.1.22.0
72861e22d000-72861e22e000 r--p 00002000 103:05 14968157                  /usr/lib/x86_64-linux-gnu/libwayland-egl.so.1.22.0
72861e22e000-72861e22f000 rw-p 00003000 103:05 14968157                  /usr/lib/x86_64-linux-gnu/libwayland-egl.so.1.22.0
72861e22f000-72861e231000 r--p 00000000 103:05 14943111                  /usr/lib/x86_64-linux-gnu/libmd.so.0.1.0
72861e231000-72861e23a000 r-xp 00002000 103:05 14943111                  /usr/lib/x86_64-linux-gnu/libmd.so.0.1.0
72861e23a000-72861e23c000 r--p 0000b000 103:05 14943111                  /usr/lib/x86_64-linux-gnu/libmd.so.0.1.0
72861e23c000-72861e23d000 r--p 0000c000 103:05 14943111                  /usr/lib/x86_64-linux-gnu/libmd.so.0.1.0
72861e23d000-72861e23e000 rw-p 0000d000 103:05 14943111                  /usr/lib/x86_64-linux-gnu/libmd.so.0.1.0
72861e23e000-72861e242000 r--p 00000000 103:05 14943150                  /usr/lib/x86_64-linux-gnu/libbsd.so.0.12.1
72861e242000-72861e24e000 r-xp 00004000 103:05 14943150                  /usr/lib/x86_64-linux-gnu/libbsd.so.0.12.1
72861e24e000-72861e251000 r--p 00010000 103:05 14943150                  /usr/lib/x86_64-linux-gnu/libbsd.so.0.12.1
72861e251000-72861e252000 r--p 00012000 103:05 14943150                  /usr/lib/x86_64-linux-gnu/libbsd.so.0.12.1
72861e252000-72861e253000 rw-p 00013000 103:05 14943150                  /usr/lib/x86_64-linux-gnu/libbsd.so.0.12.1
72861e253000-72861e254000 rw-p 00000000 00:00 0 
72861e254000-72861e256000 r--p 00000000 103:05 14943311                  /usr/lib/x86_64-linux-gnu/libXdmcp.so.6.0.0
72861e256000-72861e258000 r-xp 00002000 103:05 14943311                  /usr/lib/x86_64-linux-gnu/libXdmcp.so.6.0.0
72861e258000-72861e25a000 r--p 00004000 103:05 14943311                  /usr/lib/x86_64-linux-gnu/libXdmcp.so.6.0.0
72861e25a000-72861e25b000 r--p 00005000 103:05 14943311                  /usr/lib/x86_64-linux-gnu/libXdmcp.so.6.0.0
72861e25b000-72861e25c000 rw-p 00006000 103:05 14943311                  /usr/lib/x86_64-linux-gnu/libXdmcp.so.6.0.0
72861e25c000-72861e267000 r--p 00000000 103:05 14943322                  /usr/lib/x86_64-linux-gnu/libxcb.so.1.1.0
72861e267000-72861e27a000 r-xp 0000b000 103:05 14943322                  /usr/lib/x86_64-linux-gnu/libxcb.so.1.1.0
72861e27a000-72861e283000 r--p 0001e000 103:05 14943322                  /usr/lib/x86_64-linux-gnu/libxcb.so.1.1.0
72861e283000-72861e284000 r--p 00026000 103:05 14943322                  /usr/lib/x86_64-linux-gnu/libxcb.so.1.1.0
72861e284000-72861e285000 rw-p 00027000 103:05 14943322                  /usr/lib/x86_64-linux-gnu/libxcb.so.1.1.0
72861e285000-72861e288000 r--p 00000000 103:05 14969839                  /usr/lib/x86_64-linux-gnu/libXi.so.6.1.0
72861e288000-72861e294000 r-xp 00003000 103:05 14969839                  /usr/lib/x86_64-linux-gnu/libXi.so.6.1.0
72861e294000-72861e296000 r--p 0000f000 103:05 14969839                  /usr/lib/x86_64-linux-gnu/libXi.so.6.1.0
72861e296000-72861e297000 r--p 00011000 103:05 14969839                  /usr/lib/x86_64-linux-gnu/libXi.so.6.1.0
72861e297000-72861e298000 rw-p 00012000 103:05 14969839                  /usr/lib/x86_64-linux-gnu/libXi.so.6.1.0
72861e298000-72861e29a000 r--p 00000000 103:05 14943468                  /usr/lib/x86_64-linux-gnu/libXrender.so.1.3.0
72861e29a000-72861e2a1000 r-xp 00002000 103:05 14943468                  /usr/lib/x86_64-linux-gnu/libXrender.so.1.3.0
72861e2a1000-72861e2a2000 r--p 00009000 103:05 14943468                  /usr/lib/x86_64-linux-gnu/libXrender.so.1.3.0
72861e2a2000-72861e2a3000 r--p 00009000 103:05 14943468                  /usr/lib/x86_64-linux-gnu/libXrender.so.1.3.0
72861e2a3000-72861e2a4000 rw-p 0000a000 103:05 14943468                  /usr/lib/x86_64-linux-gnu/libXrender.so.1.3.0
72861e2a4000-72861e400000 rw-p 00000000 00:00 0 
72861e400000-72861e41b000 r-xp 00000000 103:05 15074241                  /usr/lib/jvm/java-17-amazon-corretto/lib/libjimage.so
72861e41b000-72861e61a000 ---p 0001b000 103:05 15074241                  /usr/lib/jvm/java-17-amazon-corretto/lib/libjimage.so
72861e61a000-72861e61c000 r--p 0001a000 103:05 15074241                  /usr/lib/jvm/java-17-amazon-corretto/lib/libjimage.so
72861e61c000-72861e61d000 rw-p 0001c000 103:05 15074241                  /usr/lib/jvm/java-17-amazon-corretto/lib/libjimage.so
72861e61d000-72861e621000 r--p 00000000 103:05 14943423                  /usr/lib/x86_64-linux-gnu/libXext.so.6.4.0
72861e621000-72861e62c000 r-xp 00004000 103:05 14943423                  /usr/lib/x86_64-linux-gnu/libXext.so.6.4.0
72861e62c000-72861e62f000 r--p 0000f000 103:05 14943423                  /usr/lib/x86_64-linux-gnu/libXext.so.6.4.0
72861e62f000-72861e630000 r--p 00011000 103:05 14943423                  /usr/lib/x86_64-linux-gnu/libXext.so.6.4.0
72861e630000-72861e631000 rw-p 00012000 103:05 14943423                  /usr/lib/x86_64-linux-gnu/libXext.so.6.4.0
72861e641000-72861e648000 r--s 00000000 103:05 14944723                  /usr/lib/x86_64-linux-gnu/gconv/gconv-modules.cache
72861e648000-72861e689000 rw-p 00000000 00:00 0 
72861e689000-72861e68a000 r--p 00000000 103:05 14943091                  /usr/lib/x86_64-linux-gnu/libXau.so.6.0.0
72861e68a000-72861e68c000 r-xp 00001000 103:05 14943091                  /usr/lib/x86_64-linux-gnu/libXau.so.6.0.0
72861e68c000-72861e68d000 r--p 00003000 103:05 14943091                  /usr/lib/x86_64-linux-gnu/libXau.so.6.0.0
72861e68d000-72861e68e000 r--p 00003000 103:05 14943091                  /usr/lib/x86_64-linux-gnu/libXau.so.6.0.0
72861e68e000-72861e68f000 rw-p 00004000 103:05 14943091                  /usr/lib/x86_64-linux-gnu/libXau.so.6.0.0
72861e68f000-72861e800000 rw-p 00000000 00:00 0 
72861e800000-72861fac9000 r-xp 00000000 103:05 15074267                  /usr/lib/jvm/java-17-amazon-corretto/lib/server/libjvm.so
72861fac9000-72861fcc9000 ---p 012c9000 103:05 15074267                  /usr/lib/jvm/java-17-amazon-corretto/lib/server/libjvm.so
72861fcc9000-72861fd82000 r--p 012c9000 103:05 15074267                  /usr/lib/jvm/java-17-amazon-corretto/lib/server/libjvm.so
72861fd82000-72861fdb7000 rw-p 01382000 103:05 15074267                  /usr/lib/jvm/java-17-amazon-corretto/lib/server/libjvm.so
72861fdb7000-72861fe12000 rw-p 00000000 00:00 0 
72861fe13000-72861fe14000 r--p 00000000 103:05 15473344                  /usr/share/locale-langpack/en/LC_MESSAGES/gtk30.mo
72861fe14000-72861ff1a000 rw-p 00000000 00:00 0 
72861ff1a000-728620000000 ---p 00000000 00:00 0 
728620000000-728620028000 r--p 00000000 103:05 14944734                  /usr/lib/x86_64-linux-gnu/libc.so.6
728620028000-7286201b0000 r-xp 00028000 103:05 14944734                  /usr/lib/x86_64-linux-gnu/libc.so.6
7286201b0000-7286201ff000 r--p 001b0000 103:05 14944734                  /usr/lib/x86_64-linux-gnu/libc.so.6
7286201ff000-728620203000 r--p 001fe000 103:05 14944734                  /usr/lib/x86_64-linux-gnu/libc.so.6
728620203000-728620205000 rw-p 00202000 103:05 14944734                  /usr/lib/x86_64-linux-gnu/libc.so.6
728620205000-728620213000 rw-p 00000000 00:00 0 
728620213000-728620214000 r-xp 0005a000 103:05 3014738                   /tmp/lwjgl_cookiebot/3.3.4+7/x64/liblwjgl.so
728620214000-72862021a000 rw-p 00000000 00:00 0 
72862021a000-728620300000 ---p 00000000 00:00 0 
728620300000-728620304000 ---p 00000000 00:00 0 
728620304000-728620400000 rw-p 00000000 00:00 0 
728620400000-72862040f000 r-xp 00000000 103:05 15074242                  /usr/lib/jvm/java-17-amazon-corretto/lib/libjli.so
72862040f000-72862060e000 ---p 0000f000 103:05 15074242                  /usr/lib/jvm/java-17-amazon-corretto/lib/libjli.so
72862060e000-72862060f000 r--p 0000e000 103:05 15074242                  /usr/lib/jvm/java-17-amazon-corretto/lib/libjli.so
72862060f000-728620610000 rw-p 0000f000 103:05 15074242                  /usr/lib/jvm/java-17-amazon-corretto/lib/libjli.so
728620610000-728620612000 r--p 00000000 103:05 14969833                  /usr/lib/x86_64-linux-gnu/libXtst.so.6.1.0
728620612000-728620615000 r-xp 00002000 103:05 14969833                  /usr/lib/x86_64-linux-gnu/libXtst.so.6.1.0
728620615000-728620616000 r--p 00005000 103:05 14969833                  /usr/lib/x86_64-linux-gnu/libXtst.so.6.1.0
728620616000-728620617000 r--p 00005000 103:05 14969833                  /usr/lib/x86_64-linux-gnu/libXtst.so.6.1.0
728620617000-728620618000 rw-p 00006000 103:05 14969833                  /usr/lib/x86_64-linux-gnu/libXtst.so.6.1.0
728620618000-7286206d8000 rw-p 00000000 00:00 0 
7286206d8000-7286206e8000 r--p 00000000 103:05 14944737                  /usr/lib/x86_64-linux-gnu/libm.so.6
7286206e8000-728620767000 r-xp 00010000 103:05 14944737                  /usr/lib/x86_64-linux-gnu/libm.so.6
728620767000-7286207bf000 r--p 0008f000 103:05 14944737                  /usr/lib/x86_64-linux-gnu/libm.so.6
7286207bf000-7286207c0000 r--p 000e7000 103:05 14944737                  /usr/lib/x86_64-linux-gnu/libm.so.6
7286207c0000-7286207c1000 rw-p 000e8000 103:05 14944737                  /usr/lib/x86_64-linux-gnu/libm.so.6
7286207c1000-7286207c2000 r--p 00000000 103:05 14944748                  /usr/lib/x86_64-linux-gnu/librt.so.1
7286207c2000-7286207c3000 r-xp 00001000 103:05 14944748                  /usr/lib/x86_64-linux-gnu/librt.so.1
7286207c3000-7286207c4000 r--p 00002000 103:05 14944748                  /usr/lib/x86_64-linux-gnu/librt.so.1
7286207c4000-7286207c5000 r--p 00002000 103:05 14944748                  /usr/lib/x86_64-linux-gnu/librt.so.1
7286207c5000-7286207c6000 rw-p 00003000 103:05 14944748                  /usr/lib/x86_64-linux-gnu/librt.so.1
7286207c6000-7286207ca000 rw-p 00000000 00:00 0 
7286207ca000-7286207cb000 r--p 00000000 103:05 14944736                  /usr/lib/x86_64-linux-gnu/libdl.so.2
7286207cb000-7286207cc000 r-xp 00001000 103:05 14944736                  /usr/lib/x86_64-linux-gnu/libdl.so.2
7286207cc000-7286207cd000 r--p 00002000 103:05 14944736                  /usr/lib/x86_64-linux-gnu/libdl.so.2
7286207cd000-7286207ce000 r--p 00002000 103:05 14944736                  /usr/lib/x86_64-linux-gnu/libdl.so.2
7286207ce000-7286207cf000 rw-p 00003000 103:05 14944736                  /usr/lib/x86_64-linux-gnu/libdl.so.2
7286207cf000-7286207d0000 r--p 00000000 103:05 14944746                  /usr/lib/x86_64-linux-gnu/libpthread.so.0
7286207d0000-7286207d1000 r-xp 00001000 103:05 14944746                  /usr/lib/x86_64-linux-gnu/libpthread.so.0
7286207d1000-7286207d2000 r--p 00002000 103:05 14944746                  /usr/lib/x86_64-linux-gnu/libpthread.so.0
7286207d2000-7286207d3000 r--p 00002000 103:05 14944746                  /usr/lib/x86_64-linux-gnu/libpthread.so.0
7286207d3000-7286207d4000 rw-p 00003000 103:05 14944746                  /usr/lib/x86_64-linux-gnu/libpthread.so.0
7286207d4000-7286207d6000 r--p 00000000 103:05 14944802                  /usr/lib/x86_64-linux-gnu/libz.so.1.3
7286207d6000-7286207e8000 r-xp 00002000 103:05 14944802                  /usr/lib/x86_64-linux-gnu/libz.so.1.3
7286207e8000-7286207ee000 r--p 00014000 103:05 14944802                  /usr/lib/x86_64-linux-gnu/libz.so.1.3
7286207ee000-7286207ef000 r--p 0001a000 103:05 14944802                  /usr/lib/x86_64-linux-gnu/libz.so.1.3
7286207ef000-7286207f0000 rw-p 0001b000 103:05 14944802                  /usr/lib/x86_64-linux-gnu/libz.so.1.3
7286207f0000-7286207f5000 rw-p 00000000 00:00 0 
7286207f5000-7286207fc000 ---p 00000000 00:00 0 
7286207fc000-728620804000 rw-s 00000000 103:05 3014733                   /tmp/hsperfdata_cookiebot/122437
728620804000-728620805000 ---p 00000000 00:00 0 
728620805000-728620806000 r--p 00000000 00:00 0 
728620806000-728620807000 ---p 00000000 00:00 0 
728620807000-728620809000 rw-p 00000000 00:00 0 
728620809000-72862080a000 r--p 00000000 103:05 14944731                  /usr/lib/x86_64-linux-gnu/ld-linux-x86-64.so.2
72862080a000-728620835000 r-xp 00001000 103:05 14944731                  /usr/lib/x86_64-linux-gnu/ld-linux-x86-64.so.2
728620835000-72862083f000 r--p 0002c000 103:05 14944731                  /usr/lib/x86_64-linux-gnu/ld-linux-x86-64.so.2
72862083f000-728620841000 r--p 00036000 103:05 14944731                  /usr/lib/x86_64-linux-gnu/ld-linux-x86-64.so.2
728620841000-728620843000 rw-p 00038000 103:05 14944731                  /usr/lib/x86_64-linux-gnu/ld-linux-x86-64.so.2
7ffe8b96b000-7ffe8b98d000 rw-p 00000000 00:00 0                          [stack]
7ffe8b9c7000-7ffe8b9cb000 r--p 00000000 00:00 0                          [vvar]
7ffe8b9cb000-7ffe8b9cd000 r-xp 00000000 00:00 0                          [vdso]
ffffffffff600000-ffffffffff601000 --xp 00000000 00:00 0                  [vsyscall]


VM Arguments:
java_command: engine.framework.Start
java_class_path (initial): /home/cookiebot/JavaProjects/HodgePodgeBarrage/target/classes:/home/cookiebot/.m2/repository/org/lwjgl/lwjgl/3.3.4/lwjgl-3.3.4.jar:/home/cookiebot/.m2/repository/org/lwjgl/lwjgl-glfw/3.3.4/lwjgl-glfw-3.3.4.jar:/home/cookiebot/.m2/repository/org/lwjgl/lwjgl-opengl/3.3.4/lwjgl-opengl-3.3.4.jar:/home/cookiebot/.m2/repository/org/lwjgl/lwjgl-stb/3.3.4/lwjgl-stb-3.3.4.jar:/home/cookiebot/.m2/repository/org/lwjgl/lwjgl-openal/3.3.4/lwjgl-openal-3.3.4.jar:/home/cookiebot/.m2/repository/org/lwjgl/lwjgl-nanovg/3.3.4/lwjgl-nanovg-3.3.4.jar:/home/cookiebot/.m2/repository/org/joml/joml/1.10.5/joml-1.10.5.jar:/home/cookiebot/.m2/repository/org/lwjgl/lwjgl/3.3.4/lwjgl-3.3.4-natives-windows.jar:/home/cookiebot/.m2/repository/org/lwjgl/lwjgl-glfw/3.3.4/lwjgl-glfw-3.3.4-natives-windows.jar:/home/cookiebot/.m2/repository/org/lwjgl/lwjgl-opengl/3.3.4/lwjgl-opengl-3.3.4-natives-windows.jar:/home/cookiebot/.m2/repository/org/lwjgl/lwjgl-stb/3.3.4/lwjgl-stb-3.3.4-natives-windows.jar:/home/cookiebot/.m2/repository/org/lwjgl/lwjgl-openal/3.3.4/lwjgl-openal-3.3.4-natives-windows.jar:/home/cookiebot/.m2/repository/org/lwjgl/lwjgl-nanovg/3.3.4/lwjgl-nanovg-3.3.4-natives-windows.jar:/home/cookiebot/.m2/repository/org/lwjgl/lwjgl/3.3.4/lwjgl-3.3.4-natives-linux.jar:/home/cookiebot/.m2/repository/org/lwjgl/lwjgl-glfw/3.3.4/lwjgl-glfw-3.3.4-natives-linux.jar:/home/cookiebot/.m2/repository/org/lwjgl/lwjgl-opengl/3.3.4/lwjgl-opengl-3.3.4-natives-linux.jar:/home/cookiebot/.m2/repository/org/lwjgl/lwjgl-stb/3.3.4/lwjgl-stb-3.3.4-natives-linux.jar:/home/cookiebot/.m2/repository/org/lwjgl/lwjgl-openal/3.3.4/lwjgl-openal-3.3.4-natives-linux.jar:/home/cookiebot/.m2/repository/org/lwjgl/lwjgl-nanovg/3.3.4/lwjgl-nanovg-3.3.4-natives-linux.jar:/home/cookiebot/.m2/repository/org/lwjgl/lwjgl/3.3.4/lwjgl-3.3.4-natives-macos.jar:/home/cookiebot/.m2/repository/org/lwjgl/lwjgl-glfw/3.3.4/lwjgl-glfw-3.3.4-natives-macos.jar:/home/cookiebot/.m2/repository/org/lwjgl/lwjgl-opengl/3.3.4/lwj
Launcher Type: SUN_STANDARD

[Global flags]
     intx CICompilerCount                          = 4                                         {product} {ergonomic}
     uint ConcGCThreads                            = 3                                         {product} {ergonomic}
     uint G1ConcRefinementThreads                  = 10                                        {product} {ergonomic}
   size_t G1HeapRegionSize                         = 4194304                                   {product} {ergonomic}
    uintx GCDrainStackTargetSize                   = 64                                        {product} {ergonomic}
   size_t InitialHeapSize                          = 524288000                                 {product} {ergonomic}
   size_t MarkStackSize                            = 4194304                                   {product} {ergonomic}
   size_t MaxHeapSize                              = 8355053568                                {product} {ergonomic}
   size_t MaxNewSize                               = 5012193280                                {product} {ergonomic}
   size_t MinHeapDeltaBytes                        = 4194304                                   {product} {ergonomic}
   size_t MinHeapSize                              = 8388608                                   {product} {ergonomic}
    uintx NonNMethodCodeHeapSize                   = 5839372                                {pd product} {ergonomic}
    uintx NonProfiledCodeHeapSize                  = 122909434                              {pd product} {ergonomic}
    uintx ProfiledCodeHeapSize                     = 122909434                              {pd product} {ergonomic}
    uintx ReservedCodeCacheSize                    = 251658240                              {pd product} {ergonomic}
     bool SegmentedCodeCache                       = true                                      {product} {ergonomic}
   size_t SoftMaxHeapSize                          = 8355053568                             {manageable} {ergonomic}
     bool UseCompressedClassPointers               = true                           {product lp64_product} {ergonomic}
     bool UseCompressedOops                        = true                           {product lp64_product} {ergonomic}
     bool UseG1GC                                  = true                                      {product} {ergonomic}

Logging:
Log output configuration:
 #0: stdout all=warning uptime,level,tags
 #1: stderr all=off uptime,level,tags

Environment Variables:
JAVA_HOME=/usr/lib/jvm/java-17-amazon-corretto
PATH=/usr/local/sbin:/usr/local/bin:/usr/sbin:/usr/bin:/sbin:/bin:/usr/games:/usr/local/games:/snap/bin:/snap/bin
USERNAME=cookiebot
SHELL=/bin/bash
DISPLAY=:0
LANG=en_US.UTF-8

Active Locale:
LC_ALL=en_US.UTF-8
LC_COLLATE=en_US.UTF-8
LC_CTYPE=en_US.UTF-8
LC_MESSAGES=en_US.UTF-8
LC_MONETARY=en_US.UTF-8
LC_NUMERIC=en_US.UTF-8
LC_TIME=en_US.UTF-8

Signal Handlers:
   SIGSEGV: 