#
# A fatal error has been detected by the Java Runtime Environment:
#
#  SIGSEGV (0xb) at pc=0x00007e45e403d504, pid=130004, tid=130005
#
# JRE version: OpenJDK Runtime Environment Corretto-17.0.15.6.1 (17.0.15+6) (build 17.0.15+6-LTS)
# Java VM: OpenJDK 64-Bit Server VM Corretto-17.0.15.6.1 (17.0.15+6-LTS, mixed mode, sharing, tiered, compressed oops, compressed class ptrs, g1 gc, linux-amd64)
# Problematic frame:
# C  [libglfw.so+0x12504]
#
# Core dump will be written. Default location: Core dumps may be processed with "/usr/share/apport/apport -p%p -s%s -c%c -d%d -P%P -u%u -g%g -F%F -- %E" (or dumping to /home/cookiebot/JavaProjects/HodgePodgeBarrage/core.130004)
#
# If you would like to submit a bug report, please visit:
#   https://github.com/corretto/corretto-17/issues/
# The crash happened outside the Java Virtual Machine in native code.
# See problematic frame for where to report the bug.
#

---------------  S U M M A R Y ------------

Command Line: engine.framework.Start

Host: Intel(R) Core(TM) i7-10750H CPU @ 2.60GHz, 12 cores, 31G, Ubuntu 24.04.2 LTS
Time: Sun Aug 24 20:25:05 2025 CDT elapsed time: 0.260352 seconds (0d 0h 0m 0s)

---------------  T H R E A D  ---------------

Current thread (0x00007e461002c070):  JavaThread "main" [_thread_in_native, id=130005, stack(0x00007e4618617000,0x00007e4618717000)]

Stack: [0x00007e4618617000,0x00007e4618717000],  sp=0x00007e4618715530,  free space=1017k
Native frames: (J=compiled Java code, j=interpreted, Vv=VM code, C=native code)
C  [libglfw.so+0x12504]

Java frames: (J=compiled Java code, j=interpreted, Vv=VM code)
j  org.lwjgl.system.JNI.invokeI(J)I+0
j  org.lwjgl.glfw.GLFW.glfwInit()Z+8
j  engine.framework.NewWindow.init()V+10
j  engine.framework.NewEngine.start(Ljava/lang/String;IIZ)V+23
j  game.Game.<init>()V+26
j  engine.framework.Start.main([Ljava/lang/String;)V+4
v  ~StubRoutines::call_stub

siginfo: si_signo: 11 (SIGSEGV), si_code: 2 (SEGV_ACCERR), si_addr: 0x00007e46103e7066

Registers:
RAX=0x00007e46103e7066, RBX=0x00007e46103e6fe6, RCX=0x00007e45e405dab0, RDX=0x0000000000000020
RSP=0x00007e4618715530, RBP=0x0000000000000000, RSI=0x00007e45e405dab0, RDI=0x00007e46103e6fe6
R8 =0x1999999999999999, R9 =0x0000000000000000, R10=0x00007e46185b1fc0, R11=0x00007e46185b28c0
R12=0x00007e45e409e500, R13=0x00007e45e405dad1, R14=0x00007e46187157b0, R15=0x00007e461002c070
RIP=0x00007e45e403d504, EFLAGS=0x0000000000010246, CSGSFS=0x002b000000000033, ERR=0x0000000000000006
  TRAPNO=0x000000000000000e

XMM[0]=0x3030303064323863 0x3030303030303530
XMM[1]=0x0000000000000000 0x000000ffffffffff
XMM[2]=0x0000000000ffffff 0xffffff0000000000
XMM[3]=0x0000000000000000 0x0000000000000000
XMM[4]=0x3030303031303030 0x3030303038326136
XMM[5]=0x0000000000000000 0x0000000000000000
XMM[6]=0x776f6470642c3362 0x3a622c30623a612c
XMM[7]=0xffffffffffffffff 0xffffffffffffffff
XMM[8]=0x00007e4610313210 0x00007e46103134f0
XMM[9]=0x0000000000000000 0x0000000000000140
XMM[10]=0x0000000000000000 0x00000000000000a0
XMM[11]=0x0000000000000000 0x00000000000000a0
XMM[12]=0x0000000000000000 0x00000000000000a0
XMM[13]=0x0000000000000000 0x00000000000000a0
XMM[14]=0x0000000000000000 0x0000000000000280
XMM[15]=0x0000000000000000 0x0000000000000000
  MXCSR=0x00001fa0


Register to memory mapping:

RAX=0x00007e46103e7066 is an unknown value
RBX=0x00007e46103e6fe6 points into unknown readable memory: 00 00
RCX=0x00007e45e405dab0: <offset 0x0000000000032ab0> in /tmp/lwjgl_cookiebot/3.3.6+1/x64/libglfw.so at 0x00007e45e402b000
RDX=0x0000000000000020 is an unknown value
RSP=0x00007e4618715530 is pointing into the stack for thread: 0x00007e461002c070
RBP=0x0 is NULL
RSI=0x00007e45e405dab0: <offset 0x0000000000032ab0> in /tmp/lwjgl_cookiebot/3.3.6+1/x64/libglfw.so at 0x00007e45e402b000
RDI=0x00007e46103e6fe6 points into unknown readable memory: 00 00
R8 =0x1999999999999999 is an unknown value
R9 =0x0 is NULL
R10=0x00007e46185b1fc0: <offset 0x00000000001b1fc0> in /lib/x86_64-linux-gnu/libc.so.6 at 0x00007e4618400000
R11=0x00007e46185b28c0: <offset 0x00000000001b28c0> in /lib/x86_64-linux-gnu/libc.so.6 at 0x00007e4618400000
R12=0x00007e45e409e500: <offset 0x0000000000073500> in /tmp/lwjgl_cookiebot/3.3.6+1/x64/libglfw.so at 0x00007e45e402b000
R13=0x00007e45e405dad1: <offset 0x0000000000032ad1> in /tmp/lwjgl_cookiebot/3.3.6+1/x64/libglfw.so at 0x00007e45e402b000
R14=0x00007e46187157b0 is pointing into the stack for thread: 0x00007e461002c070
R15=0x00007e461002c070 is a thread


Top of Stack: (sp=0x00007e4618715530)
0x00007e4618715530:   00007e4618715570 00007e4618715560
0x00007e4618715540:   00007e4618715558 00007e46103e7066
0x00007e4618715550:   0000003000000028 00007e45e405dab0
0x00007e4618715560:   00007e45e405c7e0 0000000000000000
0x00007e4618715570:   00007e45e408e7a1 00007e46103e7087
0x00007e4618715580:   00007e45e408e753 00007e46103e708b
0x00007e4618715590:   00007e45e408df6c 00007e46103e708f
0x00007e46187155a0:   00007e45e408a6fa 00007e46103e7093
0x00007e46187155b0:   00007e45e408c344 00007e46103e709f
0x00007e46187155c0:   00007e45e405c7e9 00007e46103e70a3
0x00007e46187155d0:   00007e45e405c7ef 00007e46103e70a7
0x00007e46187155e0:   00007e45e405c7f5 00007e46103e7097
0x00007e46187155f0:   00007e45e405c802 00007e46103e709b
0x00007e4618715600:   00007e45e405c810 00007e46103e70ab
0x00007e4618715610:   00007e45e405c81a 00007e46103e70af
0x00007e4618715620:   00007e45e405c825 00007e46103e70b3
0x00007e4618715630:   00007e45e405c82a 00007e46103e70b7
0x00007e4618715640:   00007e45e405c832 00007e46103e70bb
0x00007e4618715650:   00007e45e405c839 00007e46103e70bf
0x00007e4618715660:   00007e45e405c840 00007e46103e70d3
0x00007e4618715670:   00007e45e405c84c 00007e46103e70d7
0x00007e4618715680:   00007e45e405c859 00007e46103e70c3
0x00007e4618715690:   00007e45e405c85f 00007e46103e70c7
0x00007e46187156a0:   00007e45e405c865 00007e46103e70cb
0x00007e46187156b0:   00007e45e405c86c 00007e46103e70cf
0x00007e46187156c0:   0000000100000065 00007e45e409c360
0x00007e46187156d0:   00007e45e409d730 00007e45e409e500
0x00007e46187156e0:   00007e458b4dcd68 00007e46187157b0
0x00007e46187156f0:   00007e461002c070 00007e45e403ddea
0x00007e4618715700:   00007e458b4dcd68 00007e45e40bee4c
0x00007e4618715710:   0000000000000000 00007e45e403cfa4
0x00007e4618715720:   00007e4618715788 00007e46009445da 

Instructions: (pc=0x00007e45e403d504)
0x00007e45e403d404:   00 48 89 84 24 28 01 00 00 48 8d 05 2c f4 01 00
0x00007e45e403d414:   48 89 84 24 30 01 00 00 48 8d 87 ed 00 00 00 48
0x00007e45e403d424:   89 84 24 38 01 00 00 48 8d 05 1a f4 01 00 48 89
0x00007e45e403d434:   84 24 40 01 00 00 48 8d 87 f1 00 00 00 48 89 84
0x00007e45e403d444:   24 48 01 00 00 48 8d 05 09 f4 01 00 48 89 84 24
0x00007e45e403d454:   50 01 00 00 48 8d 87 dd 00 00 00 48 89 84 24 58
0x00007e45e403d464:   01 00 00 48 8d 05 f1 f3 01 00 48 89 84 24 60 01
0x00007e45e403d474:   00 00 48 8d 87 e1 00 00 00 48 89 84 24 68 01 00
0x00007e45e403d484:   00 48 8d 05 d9 f3 01 00 48 89 84 24 70 01 00 00
0x00007e45e403d494:   48 8d 87 e5 00 00 00 48 89 84 24 78 01 00 00 48
0x00007e45e403d4a4:   8d 05 c2 f3 01 00 48 89 84 24 80 01 00 00 48 8d
0x00007e45e403d4b4:   87 e9 00 00 00 48 89 84 24 88 01 00 00 0f b6 06
0x00007e45e403d4c4:   84 c0 75 18 e9 13 02 00 00 0f 1f 00 48 83 c2 01
0x00007e45e403d4d4:   0f b6 04 11 84 c0 0f 84 00 02 00 00 3c 2c 75 ec
0x00007e45e403d4e4:   48 83 fa 20 0f 85 f2 01 00 00 f3 0f 6f 01 48 8d
0x00007e45e403d4f4:   83 80 00 00 00 4c 8d 69 21 31 ed 48 89 44 24 18
0x00007e45e403d504:   0f 11 83 80 00 00 00 f3 0f 6f 49 10 4c 89 6c 24
0x00007e45e403d514:   28 0f 11 8b 90 00 00 00 0f b6 41 21 84 c0 75 1d
0x00007e45e403d524:   e9 b7 01 00 00 0f 1f 80 00 00 00 00 48 83 c5 01
0x00007e45e403d534:   0f b6 44 29 21 84 c0 0f 84 9f 01 00 00 3c 2c 75
0x00007e45e403d544:   eb 48 83 fd 7f 0f 87 91 01 00 00 48 89 ea 4c 89
0x00007e45e403d554:   ee 49 8d 6c 2d 01 48 89 df e8 3e dd ff ff 0f b6
0x00007e45e403d564:   45 00 48 8d 74 24 28 48 89 6c 24 28 48 89 74 24
0x00007e45e403d574:   10 84 c0 0f 84 19 01 00 00 0f 1f 00 83 e8 2b a8
0x00007e45e403d584:   fd 0f 84 b8 02 00 00 48 8d 44 24 30 45 31 ed 48
0x00007e45e403d594:   89 44 24 08 48 8b 44 24 08 4d 89 ec 49 c1 e4 04
0x00007e45e403d5a4:   4e 8b 3c 20 4c 89 ff e8 a0 db ff ff 4c 89 fe 48
0x00007e45e403d5b4:   89 ef 48 89 c2 49 89 c6 e8 cf da ff ff 85 c0 0f
0x00007e45e403d5c4:   85 3f 01 00 00 42 80 7c 35 00 3a 0f 85 33 01 00
0x00007e45e403d5d4:   00 4a 8d 6c 35 01 4e 8b 74 24 38 48 89 6c 24 28
0x00007e45e403d5e4:   4d 85 f6 0f 84 3b 01 00 00 0f b6 55 00 80 fa 2b
0x00007e45e403d5f4:   0f 84 de 01 00 00 41 bc 01 00 00 00 41 bf ff ff 


Stack slot to memory mapping:
stack at sp + 0 slots: 0x00007e4618715570 is pointing into the stack for thread: 0x00007e461002c070
stack at sp + 1 slots: 0x00007e4618715560 is pointing into the stack for thread: 0x00007e461002c070
stack at sp + 2 slots: 0x00007e4618715558 is pointing into the stack for thread: 0x00007e461002c070
stack at sp + 3 slots: 0x00007e46103e7066 is an unknown value
stack at sp + 4 slots: 0x0000003000000028 is an unknown value
stack at sp + 5 slots: 0x00007e45e405dab0: <offset 0x0000000000032ab0> in /tmp/lwjgl_cookiebot/3.3.6+1/x64/libglfw.so at 0x00007e45e402b000
stack at sp + 6 slots: 0x00007e45e405c7e0: <offset 0x00000000000317e0> in /tmp/lwjgl_cookiebot/3.3.6+1/x64/libglfw.so at 0x00007e45e402b000
stack at sp + 7 slots: 0x0 is NULL


---------------  P R O C E S S  ---------------

Threads class SMR info:
_java_thread_list=0x00007e4564384160, length=15, elements={
0x00007e461002c070, 0x00007e461015d6c0, 0x00007e461015eaa0, 0x00007e4610164030,
0x00007e46101653e0, 0x00007e46101667f0, 0x00007e46101681a0, 0x00007e46101696d0,
0x00007e4610172b30, 0x00007e461017a790, 0x00007e461017df20, 0x00007e4610221610,
0x00007e4564135580, 0x00007e4610241a70, 0x00007e4564383120
}

Java Threads: ( => current thread )
=>0x00007e461002c070 JavaThread "main" [_thread_in_native, id=130005, stack(0x00007e4618617000,0x00007e4618717000)]
  0x00007e461015d6c0 JavaThread "Reference Handler" daemon [_thread_blocked, id=130016, stack(0x00007e45e5300000,0x00007e45e5400000)]
  0x00007e461015eaa0 JavaThread "Finalizer" daemon [_thread_blocked, id=130017, stack(0x00007e45e5200000,0x00007e45e5300000)]
  0x00007e4610164030 JavaThread "Signal Dispatcher" daemon [_thread_blocked, id=130018, stack(0x00007e45e4b00000,0x00007e45e4c00000)]
  0x00007e46101653e0 JavaThread "Service Thread" daemon [_thread_blocked, id=130019, stack(0x00007e45e4a00000,0x00007e45e4b00000)]
  0x00007e46101667f0 JavaThread "Monitor Deflation Thread" daemon [_thread_blocked, id=130020, stack(0x00007e45e4900000,0x00007e45e4a00000)]
  0x00007e46101681a0 JavaThread "C2 CompilerThread0" daemon [_thread_blocked, id=130021, stack(0x00007e45e4800000,0x00007e45e4900000)]
  0x00007e46101696d0 JavaThread "C1 CompilerThread0" daemon [_thread_blocked, id=130022, stack(0x00007e45e4700000,0x00007e45e4800000)]
  0x00007e4610172b30 JavaThread "Sweeper thread" daemon [_thread_blocked, id=130023, stack(0x00007e45e4600000,0x00007e45e4700000)]
  0x00007e461017a790 JavaThread "Notification Thread" daemon [_thread_blocked, id=130024, stack(0x00007e45e4500000,0x00007e45e4600000)]
  0x00007e461017df20 JavaThread "Common-Cleaner" daemon [_thread_blocked, id=130026, stack(0x00007e45e42ff000,0x00007e45e43ff000)]
  0x00007e4610221610 JavaThread "Java2D Disposer" daemon [_thread_blocked, id=130027, stack(0x00007e45e40c2000,0x00007e45e41c2000)]
  0x00007e4564135580 JavaThread "C2 CompilerThread1" daemon [_thread_blocked, id=130028, stack(0x00007e458af00000,0x00007e458b000000)]
  0x00007e4610241a70 JavaThread "Thread-0" [_thread_in_vm, id=130029, stack(0x00007e458ab00000,0x00007e458ac00000)]
  0x00007e4564383120 JavaThread "C2 CompilerThread2" daemon [_thread_blocked, id=130030, stack(0x00007e458a700000,0x00007e458a800000)]

Other Threads:
  0x00007e4610159730 VMThread "VM Thread" [stack: 0x00007e45e56fe000,0x00007e45e57fe000] [id=130015]
  0x00007e461017c0d0 WatcherThread [stack: 0x00007e45e4400000,0x00007e45e4500000] [id=130025]
  0x00007e461005aa60 GCTaskThread "GC Thread#0" [stack: 0x00007e4614b68000,0x00007e4614c68000] [id=130006]
  0x00007e461006b980 ConcurrentGCThread "G1 Main Marker" [stack: 0x00007e4614a67000,0x00007e4614b67000] [id=130007]
  0x00007e461006c8f0 ConcurrentGCThread "G1 Conc#0" [stack: 0x00007e4614966000,0x00007e4614a66000] [id=130008]
  0x00007e4610129e80 ConcurrentGCThread "G1 Refine#0" [stack: 0x00007e45e5900000,0x00007e45e5a00000] [id=130009]
  0x00007e461012ad80 ConcurrentGCThread "G1 Service" [stack: 0x00007e45e57ff000,0x00007e45e58ff000] [id=130010]

Threads with active compile tasks:

VM state: not at safepoint (normal execution)

VM Mutex/Monitor currently owned by a thread: None

Heap address: 0x000000060e000000, size: 7968 MB, Compressed Oops mode: Zero based, Oop shift amount: 3

CDS archive(s) mapped at: [0x00007e458f000000-0x00007e458fbca000-0x00007e458fbca000), size 12361728, SharedBaseAddress: 0x00007e458f000000, ArchiveRelocationMode: 1.
Compressed class space mapped at: 0x00007e4590000000-0x00007e45d0000000, reserved size: 1073741824
Narrow klass base: 0x00007e458f000000, Narrow klass shift: 0, Narrow klass range: 0x100000000

GC Precious Log:
 CPUs: 12 total, 12 available
 Memory: 31861M
 Large Page Support: Disabled
 NUMA Support: Disabled
 Compressed Oops: Enabled (Zero based)
 Heap Region Size: 4M
 Heap Min Capacity: 8M
 Heap Initial Capacity: 500M
 Heap Max Capacity: 7968M
 Pre-touch: Disabled
 Parallel Workers: 10
 Concurrent Workers: 3
 Concurrent Refinement Workers: 10
 Periodic GC: Disabled

Heap:
 garbage-first heap   total 520192K, used 16308K [0x000000060e000000, 0x0000000800000000)
  region size 4096K, 4 young (16384K), 0 survivors (0K)
 Metaspace       used 4320K, committed 4608K, reserved 1114112K
  class space    used 356K, committed 512K, reserved 1048576K

Heap Regions: E=young(eden), S=young(survivor), O=old, HS=humongous(starts), HC=humongous(continues), CS=collection set, F=free, OA=open archive, CA=closed archive, TAMS=top-at-mark-start (previous, next)
|   0|0x000000060e000000, 0x000000060e000000, 0x000000060e400000|  0%| F|  |TAMS 0x000000060e000000, 0x000000060e000000| Untracked 
|   1|0x000000060e400000, 0x000000060e400000, 0x000000060e800000|  0%| F|  |TAMS 0x000000060e400000, 0x000000060e400000| Untracked 
|   2|0x000000060e800000, 0x000000060e800000, 0x000000060ec00000|  0%| F|  |TAMS 0x000000060e800000, 0x000000060e800000| Untracked 
|   3|0x000000060ec00000, 0x000000060ec00000, 0x000000060f000000|  0%| F|  |TAMS 0x000000060ec00000, 0x000000060ec00000| Untracked 
|   4|0x000000060f000000, 0x000000060f000000, 0x000000060f400000|  0%| F|  |TAMS 0x000000060f000000, 0x000000060f000000| Untracked 
|   5|0x000000060f400000, 0x000000060f400000, 0x000000060f800000|  0%| F|  |TAMS 0x000000060f400000, 0x000000060f400000| Untracked 
|   6|0x000000060f800000, 0x000000060f800000, 0x000000060fc00000|  0%| F|  |TAMS 0x000000060f800000, 0x000000060f800000| Untracked 
|   7|0x000000060fc00000, 0x000000060fc00000, 0x0000000610000000|  0%| F|  |TAMS 0x000000060fc00000, 0x000000060fc00000| Untracked 
|   8|0x0000000610000000, 0x0000000610000000, 0x0000000610400000|  0%| F|  |TAMS 0x0000000610000000, 0x0000000610000000| Untracked 
|   9|0x0000000610400000, 0x0000000610400000, 0x0000000610800000|  0%| F|  |TAMS 0x0000000610400000, 0x0000000610400000| Untracked 
|  10|0x0000000610800000, 0x0000000610800000, 0x0000000610c00000|  0%| F|  |TAMS 0x0000000610800000, 0x0000000610800000| Untracked 
|  11|0x0000000610c00000, 0x0000000610c00000, 0x0000000611000000|  0%| F|  |TAMS 0x0000000610c00000, 0x0000000610c00000| Untracked 
|  12|0x0000000611000000, 0x0000000611000000, 0x0000000611400000|  0%| F|  |TAMS 0x0000000611000000, 0x0000000611000000| Untracked 
|  13|0x0000000611400000, 0x0000000611400000, 0x0000000611800000|  0%| F|  |TAMS 0x0000000611400000, 0x0000000611400000| Untracked 
|  14|0x0000000611800000, 0x0000000611800000, 0x0000000611c00000|  0%| F|  |TAMS 0x0000000611800000, 0x0000000611800000| Untracked 
|  15|0x0000000611c00000, 0x0000000611c00000, 0x0000000612000000|  0%| F|  |TAMS 0x0000000611c00000, 0x0000000611c00000| Untracked 
|  16|0x0000000612000000, 0x0000000612000000, 0x0000000612400000|  0%| F|  |TAMS 0x0000000612000000, 0x0000000612000000| Untracked 
|  17|0x0000000612400000, 0x0000000612400000, 0x0000000612800000|  0%| F|  |TAMS 0x0000000612400000, 0x0000000612400000| Untracked 
|  18|0x0000000612800000, 0x0000000612800000, 0x0000000612c00000|  0%| F|  |TAMS 0x0000000612800000, 0x0000000612800000| Untracked 
|  19|0x0000000612c00000, 0x0000000612c00000, 0x0000000613000000|  0%| F|  |TAMS 0x0000000612c00000, 0x0000000612c00000| Untracked 
|  20|0x0000000613000000, 0x0000000613000000, 0x0000000613400000|  0%| F|  |TAMS 0x0000000613000000, 0x0000000613000000| Untracked 
|  21|0x0000000613400000, 0x0000000613400000, 0x0000000613800000|  0%| F|  |TAMS 0x0000000613400000, 0x0000000613400000| Untracked 
|  22|0x0000000613800000, 0x0000000613800000, 0x0000000613c00000|  0%| F|  |TAMS 0x0000000613800000, 0x0000000613800000| Untracked 
|  23|0x0000000613c00000, 0x0000000613c00000, 0x0000000614000000|  0%| F|  |TAMS 0x0000000613c00000, 0x0000000613c00000| Untracked 
|  24|0x0000000614000000, 0x0000000614000000, 0x0000000614400000|  0%| F|  |TAMS 0x0000000614000000, 0x0000000614000000| Untracked 
|  25|0x0000000614400000, 0x0000000614400000, 0x0000000614800000|  0%| F|  |TAMS 0x0000000614400000, 0x0000000614400000| Untracked 
|  26|0x0000000614800000, 0x0000000614800000, 0x0000000614c00000|  0%| F|  |TAMS 0x0000000614800000, 0x0000000614800000| Untracked 
|  27|0x0000000614c00000, 0x0000000614c00000, 0x0000000615000000|  0%| F|  |TAMS 0x0000000614c00000, 0x0000000614c00000| Untracked 
|  28|0x0000000615000000, 0x0000000615000000, 0x0000000615400000|  0%| F|  |TAMS 0x0000000615000000, 0x0000000615000000| Untracked 
|  29|0x0000000615400000, 0x0000000615400000, 0x0000000615800000|  0%| F|  |TAMS 0x0000000615400000, 0x0000000615400000| Untracked 
|  30|0x0000000615800000, 0x0000000615800000, 0x0000000615c00000|  0%| F|  |TAMS 0x0000000615800000, 0x0000000615800000| Untracked 
|  31|0x0000000615c00000, 0x0000000615c00000, 0x0000000616000000|  0%| F|  |TAMS 0x0000000615c00000, 0x0000000615c00000| Untracked 
|  32|0x0000000616000000, 0x0000000616000000, 0x0000000616400000|  0%| F|  |TAMS 0x0000000616000000, 0x0000000616000000| Untracked 
|  33|0x0000000616400000, 0x0000000616400000, 0x0000000616800000|  0%| F|  |TAMS 0x0000000616400000, 0x0000000616400000| Untracked 
|  34|0x0000000616800000, 0x0000000616800000, 0x0000000616c00000|  0%| F|  |TAMS 0x0000000616800000, 0x0000000616800000| Untracked 
|  35|0x0000000616c00000, 0x0000000616c00000, 0x0000000617000000|  0%| F|  |TAMS 0x0000000616c00000, 0x0000000616c00000| Untracked 
|  36|0x0000000617000000, 0x0000000617000000, 0x0000000617400000|  0%| F|  |TAMS 0x0000000617000000, 0x0000000617000000| Untracked 
|  37|0x0000000617400000, 0x0000000617400000, 0x0000000617800000|  0%| F|  |TAMS 0x0000000617400000, 0x0000000617400000| Untracked 
|  38|0x0000000617800000, 0x0000000617800000, 0x0000000617c00000|  0%| F|  |TAMS 0x0000000617800000, 0x0000000617800000| Untracked 
|  39|0x0000000617c00000, 0x0000000617c00000, 0x0000000618000000|  0%| F|  |TAMS 0x0000000617c00000, 0x0000000617c00000| Untracked 
|  40|0x0000000618000000, 0x0000000618000000, 0x0000000618400000|  0%| F|  |TAMS 0x0000000618000000, 0x0000000618000000| Untracked 
|  41|0x0000000618400000, 0x0000000618400000, 0x0000000618800000|  0%| F|  |TAMS 0x0000000618400000, 0x0000000618400000| Untracked 
|  42|0x0000000618800000, 0x0000000618800000, 0x0000000618c00000|  0%| F|  |TAMS 0x0000000618800000, 0x0000000618800000| Untracked 
|  43|0x0000000618c00000, 0x0000000618c00000, 0x0000000619000000|  0%| F|  |TAMS 0x0000000618c00000, 0x0000000618c00000| Untracked 
|  44|0x0000000619000000, 0x0000000619000000, 0x0000000619400000|  0%| F|  |TAMS 0x0000000619000000, 0x0000000619000000| Untracked 
|  45|0x0000000619400000, 0x0000000619400000, 0x0000000619800000|  0%| F|  |TAMS 0x0000000619400000, 0x0000000619400000| Untracked 
|  46|0x0000000619800000, 0x0000000619800000, 0x0000000619c00000|  0%| F|  |TAMS 0x0000000619800000, 0x0000000619800000| Untracked 
|  47|0x0000000619c00000, 0x0000000619c00000, 0x000000061a000000|  0%| F|  |TAMS 0x0000000619c00000, 0x0000000619c00000| Untracked 
|  48|0x000000061a000000, 0x000000061a000000, 0x000000061a400000|  0%| F|  |TAMS 0x000000061a000000, 0x000000061a000000| Untracked 
|  49|0x000000061a400000, 0x000000061a400000, 0x000000061a800000|  0%| F|  |TAMS 0x000000061a400000, 0x000000061a400000| Untracked 
|  50|0x000000061a800000, 0x000000061a800000, 0x000000061ac00000|  0%| F|  |TAMS 0x000000061a800000, 0x000000061a800000| Untracked 
|  51|0x000000061ac00000, 0x000000061ac00000, 0x000000061b000000|  0%| F|  |TAMS 0x000000061ac00000, 0x000000061ac00000| Untracked 
|  52|0x000000061b000000, 0x000000061b000000, 0x000000061b400000|  0%| F|  |TAMS 0x000000061b000000, 0x000000061b000000| Untracked 
|  53|0x000000061b400000, 0x000000061b400000, 0x000000061b800000|  0%| F|  |TAMS 0x000000061b400000, 0x000000061b400000| Untracked 
|  54|0x000000061b800000, 0x000000061b800000, 0x000000061bc00000|  0%| F|  |TAMS 0x000000061b800000, 0x000000061b800000| Untracked 
|  55|0x000000061bc00000, 0x000000061bc00000, 0x000000061c000000|  0%| F|  |TAMS 0x000000061bc00000, 0x000000061bc00000| Untracked 
|  56|0x000000061c000000, 0x000000061c000000, 0x000000061c400000|  0%| F|  |TAMS 0x000000061c000000, 0x000000061c000000| Untracked 
|  57|0x000000061c400000, 0x000000061c400000, 0x000000061c800000|  0%| F|  |TAMS 0x000000061c400000, 0x000000061c400000| Untracked 
|  58|0x000000061c800000, 0x000000061c800000, 0x000000061cc00000|  0%| F|  |TAMS 0x000000061c800000, 0x000000061c800000| Untracked 
|  59|0x000000061cc00000, 0x000000061cc00000, 0x000000061d000000|  0%| F|  |TAMS 0x000000061cc00000, 0x000000061cc00000| Untracked 
|  60|0x000000061d000000, 0x000000061d000000, 0x000000061d400000|  0%| F|  |TAMS 0x000000061d000000, 0x000000061d000000| Untracked 
|  61|0x000000061d400000, 0x000000061d400000, 0x000000061d800000|  0%| F|  |TAMS 0x000000061d400000, 0x000000061d400000| Untracked 
|  62|0x000000061d800000, 0x000000061d800000, 0x000000061dc00000|  0%| F|  |TAMS 0x000000061d800000, 0x000000061d800000| Untracked 
|  63|0x000000061dc00000, 0x000000061dc00000, 0x000000061e000000|  0%| F|  |TAMS 0x000000061dc00000, 0x000000061dc00000| Untracked 
|  64|0x000000061e000000, 0x000000061e000000, 0x000000061e400000|  0%| F|  |TAMS 0x000000061e000000, 0x000000061e000000| Untracked 
|  65|0x000000061e400000, 0x000000061e400000, 0x000000061e800000|  0%| F|  |TAMS 0x000000061e400000, 0x000000061e400000| Untracked 
|  66|0x000000061e800000, 0x000000061e800000, 0x000000061ec00000|  0%| F|  |TAMS 0x000000061e800000, 0x000000061e800000| Untracked 
|  67|0x000000061ec00000, 0x000000061ec00000, 0x000000061f000000|  0%| F|  |TAMS 0x000000061ec00000, 0x000000061ec00000| Untracked 
|  68|0x000000061f000000, 0x000000061f000000, 0x000000061f400000|  0%| F|  |TAMS 0x000000061f000000, 0x000000061f000000| Untracked 
|  69|0x000000061f400000, 0x000000061f400000, 0x000000061f800000|  0%| F|  |TAMS 0x000000061f400000, 0x000000061f400000| Untracked 
|  70|0x000000061f800000, 0x000000061f800000, 0x000000061fc00000|  0%| F|  |TAMS 0x000000061f800000, 0x000000061f800000| Untracked 
|  71|0x000000061fc00000, 0x000000061fc00000, 0x0000000620000000|  0%| F|  |TAMS 0x000000061fc00000, 0x000000061fc00000| Untracked 
|  72|0x0000000620000000, 0x0000000620000000, 0x0000000620400000|  0%| F|  |TAMS 0x0000000620000000, 0x0000000620000000| Untracked 
|  73|0x0000000620400000, 0x0000000620400000, 0x0000000620800000|  0%| F|  |TAMS 0x0000000620400000, 0x0000000620400000| Untracked 
|  74|0x0000000620800000, 0x0000000620800000, 0x0000000620c00000|  0%| F|  |TAMS 0x0000000620800000, 0x0000000620800000| Untracked 
|  75|0x0000000620c00000, 0x0000000620c00000, 0x0000000621000000|  0%| F|  |TAMS 0x0000000620c00000, 0x0000000620c00000| Untracked 
|  76|0x0000000621000000, 0x0000000621000000, 0x0000000621400000|  0%| F|  |TAMS 0x0000000621000000, 0x0000000621000000| Untracked 
|  77|0x0000000621400000, 0x0000000621400000, 0x0000000621800000|  0%| F|  |TAMS 0x0000000621400000, 0x0000000621400000| Untracked 
|  78|0x0000000621800000, 0x0000000621800000, 0x0000000621c00000|  0%| F|  |TAMS 0x0000000621800000, 0x0000000621800000| Untracked 
|  79|0x0000000621c00000, 0x0000000621c00000, 0x0000000622000000|  0%| F|  |TAMS 0x0000000621c00000, 0x0000000621c00000| Untracked 
|  80|0x0000000622000000, 0x0000000622000000, 0x0000000622400000|  0%| F|  |TAMS 0x0000000622000000, 0x0000000622000000| Untracked 
|  81|0x0000000622400000, 0x0000000622400000, 0x0000000622800000|  0%| F|  |TAMS 0x0000000622400000, 0x0000000622400000| Untracked 
|  82|0x0000000622800000, 0x0000000622800000, 0x0000000622c00000|  0%| F|  |TAMS 0x0000000622800000, 0x0000000622800000| Untracked 
|  83|0x0000000622c00000, 0x0000000622c00000, 0x0000000623000000|  0%| F|  |TAMS 0x0000000622c00000, 0x0000000622c00000| Untracked 
|  84|0x0000000623000000, 0x0000000623000000, 0x0000000623400000|  0%| F|  |TAMS 0x0000000623000000, 0x0000000623000000| Untracked 
|  85|0x0000000623400000, 0x0000000623400000, 0x0000000623800000|  0%| F|  |TAMS 0x0000000623400000, 0x0000000623400000| Untracked 
|  86|0x0000000623800000, 0x0000000623800000, 0x0000000623c00000|  0%| F|  |TAMS 0x0000000623800000, 0x0000000623800000| Untracked 
|  87|0x0000000623c00000, 0x0000000623c00000, 0x0000000624000000|  0%| F|  |TAMS 0x0000000623c00000, 0x0000000623c00000| Untracked 
|  88|0x0000000624000000, 0x0000000624000000, 0x0000000624400000|  0%| F|  |TAMS 0x0000000624000000, 0x0000000624000000| Untracked 
|  89|0x0000000624400000, 0x0000000624400000, 0x0000000624800000|  0%| F|  |TAMS 0x0000000624400000, 0x0000000624400000| Untracked 
|  90|0x0000000624800000, 0x0000000624800000, 0x0000000624c00000|  0%| F|  |TAMS 0x0000000624800000, 0x0000000624800000| Untracked 
|  91|0x0000000624c00000, 0x0000000624c00000, 0x0000000625000000|  0%| F|  |TAMS 0x0000000624c00000, 0x0000000624c00000| Untracked 
|  92|0x0000000625000000, 0x0000000625000000, 0x0000000625400000|  0%| F|  |TAMS 0x0000000625000000, 0x0000000625000000| Untracked 
|  93|0x0000000625400000, 0x0000000625400000, 0x0000000625800000|  0%| F|  |TAMS 0x0000000625400000, 0x0000000625400000| Untracked 
|  94|0x0000000625800000, 0x0000000625800000, 0x0000000625c00000|  0%| F|  |TAMS 0x0000000625800000, 0x0000000625800000| Untracked 
|  95|0x0000000625c00000, 0x0000000625c00000, 0x0000000626000000|  0%| F|  |TAMS 0x0000000625c00000, 0x0000000625c00000| Untracked 
|  96|0x0000000626000000, 0x0000000626000000, 0x0000000626400000|  0%| F|  |TAMS 0x0000000626000000, 0x0000000626000000| Untracked 
|  97|0x0000000626400000, 0x0000000626400000, 0x0000000626800000|  0%| F|  |TAMS 0x0000000626400000, 0x0000000626400000| Untracked 
|  98|0x0000000626800000, 0x0000000626800000, 0x0000000626c00000|  0%| F|  |TAMS 0x0000000626800000, 0x0000000626800000| Untracked 
|  99|0x0000000626c00000, 0x0000000626c00000, 0x0000000627000000|  0%| F|  |TAMS 0x0000000626c00000, 0x0000000626c00000| Untracked 
| 100|0x0000000627000000, 0x0000000627000000, 0x0000000627400000|  0%| F|  |TAMS 0x0000000627000000, 0x0000000627000000| Untracked 
| 101|0x0000000627400000, 0x0000000627400000, 0x0000000627800000|  0%| F|  |TAMS 0x0000000627400000, 0x0000000627400000| Untracked 
| 102|0x0000000627800000, 0x0000000627800000, 0x0000000627c00000|  0%| F|  |TAMS 0x0000000627800000, 0x0000000627800000| Untracked 
| 103|0x0000000627c00000, 0x0000000627c00000, 0x0000000628000000|  0%| F|  |TAMS 0x0000000627c00000, 0x0000000627c00000| Untracked 
| 104|0x0000000628000000, 0x0000000628000000, 0x0000000628400000|  0%| F|  |TAMS 0x0000000628000000, 0x0000000628000000| Untracked 
| 105|0x0000000628400000, 0x0000000628400000, 0x0000000628800000|  0%| F|  |TAMS 0x0000000628400000, 0x0000000628400000| Untracked 
| 106|0x0000000628800000, 0x0000000628800000, 0x0000000628c00000|  0%| F|  |TAMS 0x0000000628800000, 0x0000000628800000| Untracked 
| 107|0x0000000628c00000, 0x0000000628c00000, 0x0000000629000000|  0%| F|  |TAMS 0x0000000628c00000, 0x0000000628c00000| Untracked 
| 108|0x0000000629000000, 0x0000000629000000, 0x0000000629400000|  0%| F|  |TAMS 0x0000000629000000, 0x0000000629000000| Untracked 
| 109|0x0000000629400000, 0x0000000629400000, 0x0000000629800000|  0%| F|  |TAMS 0x0000000629400000, 0x0000000629400000| Untracked 
| 110|0x0000000629800000, 0x0000000629800000, 0x0000000629c00000|  0%| F|  |TAMS 0x0000000629800000, 0x0000000629800000| Untracked 
| 111|0x0000000629c00000, 0x0000000629c00000, 0x000000062a000000|  0%| F|  |TAMS 0x0000000629c00000, 0x0000000629c00000| Untracked 
| 112|0x000000062a000000, 0x000000062a000000, 0x000000062a400000|  0%| F|  |TAMS 0x000000062a000000, 0x000000062a000000| Untracked 
| 113|0x000000062a400000, 0x000000062a400000, 0x000000062a800000|  0%| F|  |TAMS 0x000000062a400000, 0x000000062a400000| Untracked 
| 114|0x000000062a800000, 0x000000062a800000, 0x000000062ac00000|  0%| F|  |TAMS 0x000000062a800000, 0x000000062a800000| Untracked 
| 115|0x000000062ac00000, 0x000000062ac00000, 0x000000062b000000|  0%| F|  |TAMS 0x000000062ac00000, 0x000000062ac00000| Untracked 
| 116|0x000000062b000000, 0x000000062b000000, 0x000000062b400000|  0%| F|  |TAMS 0x000000062b000000, 0x000000062b000000| Untracked 
| 117|0x000000062b400000, 0x000000062b400000, 0x000000062b800000|  0%| F|  |TAMS 0x000000062b400000, 0x000000062b400000| Untracked 
| 118|0x000000062b800000, 0x000000062b800000, 0x000000062bc00000|  0%| F|  |TAMS 0x000000062b800000, 0x000000062b800000| Untracked 
| 119|0x000000062bc00000, 0x000000062bc00000, 0x000000062c000000|  0%| F|  |TAMS 0x000000062bc00000, 0x000000062bc00000| Untracked 
| 120|0x000000062c000000, 0x000000062c000000, 0x000000062c400000|  0%| F|  |TAMS 0x000000062c000000, 0x000000062c000000| Untracked 
| 121|0x000000062c400000, 0x000000062c570aa8, 0x000000062c800000| 36%| E|  |TAMS 0x000000062c400000, 0x000000062c400000| Complete 
| 122|0x000000062c800000, 0x000000062cc00000, 0x000000062cc00000|100%| E|CS|TAMS 0x000000062c800000, 0x000000062c800000| Complete 
| 123|0x000000062cc00000, 0x000000062d000000, 0x000000062d000000|100%| E|CS|TAMS 0x000000062cc00000, 0x000000062cc00000| Complete 
| 124|0x000000062d000000, 0x000000062d400000, 0x000000062d400000|100%| E|CS|TAMS 0x000000062d000000, 0x000000062d000000| Complete 
|1990|0x00000007ff800000, 0x00000007ffb75000, 0x00000007ffc00000| 86%|OA|  |TAMS 0x00000007ff800000, 0x00000007ff800000| Untracked 
|1991|0x00000007ffc00000, 0x00000007ffc78000, 0x0000000800000000| 11%|CA|  |TAMS 0x00000007ffc00000, 0x00000007ffc00000| Untracked 

Card table byte_map: [0x00007e45f8470000,0x00007e45f9400000] _byte_map_base: 0x00007e45f5400000

Marking Bits (Prev, Next): (CMBitMap*) 0x00007e461005b4f0, (CMBitMap*) 0x00007e461005b530
 Prev Bits: [0x00007e45ef860000, 0x00007e45f74e0000)
 Next Bits: [0x00007e45e7be0000, 0x00007e45ef860000)

Polling page: 0x00007e4618a7d000

Metaspace:

Usage:
  Non-class:      3.88 MB used.
      Class:    357.85 KB used.
       Both:      4.23 MB used.

Virtual space:
  Non-class space:       64.00 MB reserved,       4.00 MB (  6%) committed,  1 nodes.
      Class space:        1.00 GB reserved,     512.00 KB ( <1%) committed,  1 nodes.
             Both:        1.06 GB reserved,       4.50 MB ( <1%) committed. 

Chunk freelists:
   Non-Class:  10.86 MB
       Class:  15.54 MB
        Both:  26.40 MB

MaxMetaspaceSize: unlimited
CompressedClassSpaceSize: 1.00 GB
Initial GC threshold: 21.00 MB
Current GC threshold: 21.00 MB
CDS: on
MetaspaceReclaimPolicy: balanced
 - commit_granule_bytes: 65536.
 - commit_granule_words: 8192.
 - virtual_space_node_default_size: 8388608.
 - enlarge_chunks_in_place: 1.
 - new_chunks_are_fully_committed: 0.
 - uncommit_free_chunks: 1.
 - use_allocation_guard: 0.
 - handle_deallocations: 1.


Internal statistics:

num_allocs_failed_limit: 0.
num_arena_births: 164.
num_arena_deaths: 0.
num_vsnodes_births: 2.
num_vsnodes_deaths: 0.
num_space_committed: 72.
num_space_uncommitted: 0.
num_chunks_returned_to_freelist: 0.
num_chunks_taken_from_freelist: 247.
num_chunk_merges: 0.
num_chunk_splits: 158.
num_chunks_enlarged: 88.
num_inconsistent_stats: 0.

CodeHeap 'non-profiled nmethods': size=120028Kb used=312Kb max_used=312Kb free=119715Kb
 bounds [0x00007e4600ec9000, 0x00007e4601139000, 0x00007e4608400000]
CodeHeap 'profiled nmethods': size=120028Kb used=1469Kb max_used=1469Kb free=118558Kb
 bounds [0x00007e45f9400000, 0x00007e45f9670000, 0x00007e4600937000]
CodeHeap 'non-nmethods': size=5704Kb used=1599Kb max_used=1627Kb free=4104Kb
 bounds [0x00007e4600937000, 0x00007e4600ba7000, 0x00007e4600ec9000]
 total_blobs=1935 nmethods=904 adapters=945
 compilation: enabled
              stopped_count=0, restarted_count=0
 full_count=0

Compilation events (20 events):
Event: 0.258 Thread 0x00007e46101696d0 nmethod 872 0x00007e45f9562090 code [0x00007e45f9562260, 0x00007e45f9562550]
Event: 0.258 Thread 0x00007e46101696d0  875       3       jdk.internal.misc.Unsafe::getShortUnaligned (33 bytes)
Event: 0.258 Thread 0x00007e46101696d0 nmethod 875 0x00007e45f9562710 code [0x00007e45f95628e0, 0x00007e45f9562c90]
Event: 0.258 Thread 0x00007e46101696d0  876       3       jdk.internal.misc.Unsafe::convEndian (16 bytes)
Event: 0.259 Thread 0x00007e46101696d0 nmethod 876 0x00007e45f9562e10 code [0x00007e45f9562fc0, 0x00007e45f9563170]
Event: 0.259 Thread 0x00007e46101696d0  877       3       java.lang.Short::reverseBytes (14 bytes)
Event: 0.259 Thread 0x00007e46101696d0 nmethod 877 0x00007e45f9563210 code [0x00007e45f95633a0, 0x00007e45f9563490]
Event: 0.259 Thread 0x00007e46101696d0  878       3       java.nio.ByteBufferAsShortBufferB::get (30 bytes)
Event: 0.259 Thread 0x00007e4564383120 nmethod 873 0x00007e4600f14590 code [0x00007e4600f14740, 0x00007e4600f14858]
Event: 0.259 Thread 0x00007e46101696d0 nmethod 878 0x00007e45f9563510 code [0x00007e45f9563760, 0x00007e45f9564100]
Event: 0.259 Thread 0x00007e46101696d0  879       3       java.nio.ByteBufferAsShortBufferB::byteOffset (9 bytes)
Event: 0.259 Thread 0x00007e46101696d0 nmethod 879 0x00007e45f9564510 code [0x00007e45f95646a0, 0x00007e45f95647b0]
Event: 0.259 Thread 0x00007e46101696d0  881       3       jdk.internal.misc.Unsafe::getShortUnaligned (12 bytes)
Event: 0.259 Thread 0x00007e46101696d0 nmethod 881 0x00007e45f9564810 code [0x00007e45f95649c0, 0x00007e45f9564bf0]
Event: 0.259 Thread 0x00007e46101696d0  882       3       java.nio.ByteBuffer::position (6 bytes)
Event: 0.259 Thread 0x00007e46101696d0 nmethod 882 0x00007e45f9564d10 code [0x00007e45f9564ec0, 0x00007e45f9565080]
Event: 0.259 Thread 0x00007e46101696d0  880   !   3       jdk.internal.misc.ScopedMemoryAccess::getIntUnaligned (22 bytes)
Event: 0.259 Thread 0x00007e46101696d0 nmethod 880 0x00007e45f9565110 code [0x00007e45f9565300, 0x00007e45f9565860]
Event: 0.260 Thread 0x00007e4564383120  883       4       java.util.concurrent.ConcurrentHashMap$Node::<init> (20 bytes)
Event: 0.260 Thread 0x00007e46101696d0  884       3       java.lang.invoke.MethodHandleNatives::refKindIsField (32 bytes)

GC Heap History (0 events):
No events

Dll operation events (10 events):
Event: 0.001 Loaded shared library /usr/lib/jvm/java-17-amazon-corretto/lib/libjava.so
Event: 0.011 Loaded shared library /usr/lib/jvm/java-17-amazon-corretto/lib/libjsvml.so
Event: 0.033 Loaded shared library /usr/lib/jvm/java-17-amazon-corretto/lib/libnio.so
Event: 0.033 Loaded shared library /usr/lib/jvm/java-17-amazon-corretto/lib/libjimage.so
Event: 0.035 Loaded shared library /usr/lib/jvm/java-17-amazon-corretto/lib/libawt.so
Event: 0.039 Loaded shared library /usr/lib/jvm/java-17-amazon-corretto/lib/libawt_xawt.so
Event: 0.071 Loaded shared library /usr/lib/jvm/java-17-amazon-corretto/lib/libnet.so
Event: 0.073 Loaded shared library /usr/lib/jvm/java-17-amazon-corretto/lib/libfontmanager.so
Event: 0.117 Loaded shared library /usr/lib/jvm/java-17-amazon-corretto/lib/libzip.so
Event: 0.160 Loaded shared library /tmp/lwjgl_cookiebot/3.3.6+1/x64/liblwjgl.so

Deoptimization events (20 events):
Event: 0.230 Thread 0x00007e461002c070 DEOPT PACKING pc=0x00007e45f951bd71 sp=0x00007e4618712f90
Event: 0.230 Thread 0x00007e461002c070 DEOPT UNPACKING pc=0x00007e460098de2f sp=0x00007e4618712428 mode 0
Event: 0.230 Thread 0x00007e461002c070 DEOPT PACKING pc=0x00007e45f951bcd4 sp=0x00007e4618712f90
Event: 0.230 Thread 0x00007e461002c070 DEOPT UNPACKING pc=0x00007e460098de2f sp=0x00007e4618712428 mode 0
Event: 0.230 Thread 0x00007e461002c070 DEOPT PACKING pc=0x00007e45f951bcd4 sp=0x00007e4618712f90
Event: 0.230 Thread 0x00007e461002c070 DEOPT UNPACKING pc=0x00007e460098de2f sp=0x00007e4618712428 mode 0
Event: 0.230 Thread 0x00007e461002c070 DEOPT PACKING pc=0x00007e45f951bcd4 sp=0x00007e4618712f90
Event: 0.230 Thread 0x00007e461002c070 DEOPT UNPACKING pc=0x00007e460098de2f sp=0x00007e4618712428 mode 0
Event: 0.230 Thread 0x00007e461002c070 DEOPT PACKING pc=0x00007e45f951bcd4 sp=0x00007e4618712f90
Event: 0.230 Thread 0x00007e461002c070 DEOPT UNPACKING pc=0x00007e460098de2f sp=0x00007e4618712428 mode 0
Event: 0.231 Thread 0x00007e461002c070 DEOPT PACKING pc=0x00007e45f951bd71 sp=0x00007e4618712f90
Event: 0.231 Thread 0x00007e461002c070 DEOPT UNPACKING pc=0x00007e460098de2f sp=0x00007e4618712428 mode 0
Event: 0.231 Thread 0x00007e461002c070 DEOPT PACKING pc=0x00007e45f951bcd4 sp=0x00007e4618712f90
Event: 0.231 Thread 0x00007e461002c070 DEOPT UNPACKING pc=0x00007e460098de2f sp=0x00007e4618712428 mode 0
Event: 0.231 Thread 0x00007e461002c070 DEOPT PACKING pc=0x00007e45f951bcd4 sp=0x00007e4618712f90
Event: 0.231 Thread 0x00007e461002c070 DEOPT UNPACKING pc=0x00007e460098de2f sp=0x00007e4618712428 mode 0
Event: 0.257 Thread 0x00007e4610241a70 Uncommon trap: trap_request=0xffffff6e fr.pc=0x00007e4600f03128 relative=0x0000000000000488
Event: 0.257 Thread 0x00007e4610241a70 Uncommon trap: reason=loop_limit_check action=maybe_recompile pc=0x00007e4600f03128 method=java.lang.StringLatin1.indexOf([BI[BII)I @ 37 c2
Event: 0.257 Thread 0x00007e4610241a70 DEOPT PACKING pc=0x00007e4600f03128 sp=0x00007e458abfe490
Event: 0.257 Thread 0x00007e4610241a70 DEOPT UNPACKING pc=0x00007e460098d699 sp=0x00007e458abfe410 mode 2

Classes loaded (20 events):
Event: 0.203 Loading class jdk/internal/reflect/UnsafeQualifiedStaticObjectFieldAccessorImpl
Event: 0.203 Loading class jdk/internal/reflect/UnsafeQualifiedStaticFieldAccessorImpl
Event: 0.203 Loading class jdk/internal/reflect/UnsafeQualifiedStaticFieldAccessorImpl done
Event: 0.203 Loading class jdk/internal/reflect/UnsafeQualifiedStaticObjectFieldAccessorImpl done
Event: 0.204 Loading class java/util/function/LongPredicate
Event: 0.204 Loading class java/util/function/LongPredicate done
Event: 0.205 Loading class java/lang/NoSuchFieldError
Event: 0.205 Loading class java/lang/NoSuchFieldError done
Event: 0.205 Loading class jdk/internal/access/foreign/MemorySegmentProxy
Event: 0.205 Loading class jdk/internal/access/foreign/MemorySegmentProxy done
Event: 0.208 Loading class java/nio/InvalidMarkException
Event: 0.208 Loading class java/nio/InvalidMarkException done
Event: 0.208 Loading class java/nio/BufferUnderflowException
Event: 0.208 Loading class java/nio/BufferUnderflowException done
Event: 0.233 Loading class jdk/internal/reflect/UnsafeQualifiedStaticIntegerFieldAccessorImpl
Event: 0.233 Loading class jdk/internal/reflect/UnsafeQualifiedStaticIntegerFieldAccessorImpl done
Event: 0.259 Loading class java/lang/NumberFormatException
Event: 0.259 Loading class java/lang/NumberFormatException done
Event: 0.260 Loading class java/io/UnsupportedEncodingException
Event: 0.260 Loading class java/io/UnsupportedEncodingException done

Classes unloaded (0 events):
No events

Classes redefined (0 events):
No events

Internal exceptions (18 events):
Event: 0.028 Thread 0x00007e461002c070 Exception <a 'java/lang/ClassNotFoundException'{0x000000062d043ca8}: sun/awt/resources/spi/awtProvider> (0x000000062d043ca8) 
thrown [src/hotspot/share/classfile/systemDictionary.cpp, line 256]
Event: 0.047 Thread 0x00007e461002c070 Exception <a 'java/io/FileNotFoundException'{0x000000062d19b608}> (0x000000062d19b608) 
thrown [src/hotspot/share/prims/jni.cpp, line 516]
Event: 0.052 Thread 0x00007e461002c070 Exception <a 'java/io/FileNotFoundException'{0x000000062d1c8300}> (0x000000062d1c8300) 
thrown [src/hotspot/share/prims/jni.cpp, line 516]
Event: 0.076 Thread 0x00007e461002c070 Exception <a 'java/lang/NoSuchMethodError'{0x000000062d23f0d8}: 'java.lang.Object java.lang.invoke.DirectMethodHandle$Holder.invokeStaticInit(java.lang.Object)'> (0x000000062d23f0d8) 
thrown [src/hotspot/share/interpreter/linkResolver.cpp, line 759]
Event: 0.132 Thread 0x00007e4610241a70 Exception <a 'java/lang/NoSuchMethodError'{0x000000062cd787c0}: 'void java.lang.invoke.DirectMethodHandle$Holder.invokeStatic(java.lang.Object, java.lang.Object)'> (0x000000062cd787c0) 
thrown [src/hotspot/share/interpreter/linkResolver.cpp, line 759]
Event: 0.132 Thread 0x00007e4610241a70 Exception <a 'java/lang/NoSuchMethodError'{0x000000062cd7d840}: 'void java.lang.invoke.DirectMethodHandle$Holder.invokeSpecial(java.lang.Object, java.lang.Object, java.lang.Object)'> (0x000000062cd7d840) 
thrown [src/hotspot/share/interpreter/linkResolver.cpp, line 759]
Event: 0.134 Thread 0x00007e4610241a70 Exception <a 'java/lang/NoSuchMethodError'{0x000000062cd9b5c8}: 'java.lang.Object java.lang.invoke.DirectMethodHandle$Holder.invokeStatic(java.lang.Object, java.lang.Object, int)'> (0x000000062cd9b5c8) 
thrown [src/hotspot/share/interpreter/linkResolver.cpp, line 759]
Event: 0.134 Thread 0x00007e4610241a70 Exception <a 'java/lang/NoSuchMethodError'{0x000000062cda6850}: 'void java.lang.invoke.DelegatingMethodHandle$Holder.delegate(java.lang.Object, java.lang.Object, int, java.lang.Object)'> (0x000000062cda6850) 
thrown [src/hotspot/share/interpreter/linkResolver.cpp, line 759]
Event: 0.135 Thread 0x00007e4610241a70 Exception <a 'java/lang/NoSuchMethodError'{0x000000062cdaa968}: 'int java.lang.invoke.DirectMethodHandle$Holder.invokeSpecial(java.lang.Object, java.lang.Object, java.lang.Object)'> (0x000000062cdaa968) 
thrown [src/hotspot/share/interpreter/linkResolver.cpp, line 759]
Event: 0.163 Thread 0x00007e4610241a70 Exception <a 'sun/nio/fs/UnixException'{0x000000062c901b38}> (0x000000062c901b38) 
thrown [src/hotspot/share/prims/jni.cpp, line 516]
Event: 0.205 Thread 0x00007e461002c070 Exception <a 'java/lang/NoSuchMethodError'{0x000000062cbd5c58}: 'int java.lang.invoke.DirectMethodHandle$Holder.invokeStaticInit(java.lang.Object, java.lang.Object, int, long)'> (0x000000062cbd5c58) 
thrown [src/hotspot/share/interpreter/linkResolver.cpp, line 759]
Event: 0.205 Thread 0x00007e4610241a70 Exception <a 'sun/nio/fs/UnixException'{0x000000062cb516d8}> (0x000000062cb516d8) 
thrown [src/hotspot/share/prims/jni.cpp, line 516]
Event: 0.205 Thread 0x00007e461002c070 Exception <a 'java/lang/NoSuchMethodError'{0x000000062cbdb7c8}: 'java.lang.Object java.lang.invoke.DirectMethodHandle$Holder.newInvokeSpecial(java.lang.Object, java.lang.Object, int)'> (0x000000062cbdb7c8) 
thrown [src/hotspot/share/interpreter/linkResolver.cpp, line 759]
Event: 0.206 Thread 0x00007e461002c070 Exception <a 'java/lang/NoSuchMethodError'{0x000000062cbea0e8}: 'int java.lang.invoke.DirectMethodHandle$Holder.invokeStaticInit(java.lang.Object, java.lang.Object, long, long)'> (0x000000062cbea0e8) 
thrown [src/hotspot/share/interpreter/linkResolver.cpp, line 759]
Event: 0.206 Thread 0x00007e461002c070 Exception <a 'java/lang/NoSuchMethodError'{0x000000062cbefd78}: 'java.lang.Object java.lang.invoke.DirectMethodHandle$Holder.newInvokeSpecial(java.lang.Object, java.lang.Object, long)'> (0x000000062cbefd78) 
thrown [src/hotspot/share/interpreter/linkResolver.cpp, line 759]
Event: 0.206 Thread 0x00007e461002c070 Exception <a 'java/lang/NoSuchMethodError'{0x000000062cbf38e8}: 'java.lang.Object java.lang.invoke.Invokers$Holder.linkToTargetMethod(java.lang.Object, long, java.lang.Object)'> (0x000000062cbf38e8) 
thrown [src/hotspot/share/interpreter/linkResolver.cpp, line 759]
Event: 0.207 Thread 0x00007e461002c070 Exception <a 'java/lang/NoSuchMethodError'{0x000000062cbfadb8}: 'int java.lang.invoke.DirectMethodHandle$Holder.invokeStaticInit(java.lang.Object, java.lang.Object, java.lang.Object, long)'> (0x000000062cbfadb8) 
thrown [src/hotspot/share/interpreter/linkResolver.cpp, line 759]
Event: 0.219 Thread 0x00007e461002c070 Exception <a 'sun/nio/fs/UnixException'{0x000000062c45ce50}> (0x000000062c45ce50) 
thrown [src/hotspot/share/prims/jni.cpp, line 516]

VM Operations (4 events):
Event: 0.082 Executing VM operation: HandshakeAllThreads
Event: 0.082 Executing VM operation: HandshakeAllThreads done
Event: 0.202 Executing VM operation: HandshakeAllThreads
Event: 0.202 Executing VM operation: HandshakeAllThreads done

Memory protections (15 events):
Event: 0.001 Protecting memory [0x00007e4618617000,0x00007e461861b000] with protection modes 0
Event: 0.013 Protecting memory [0x00007e45e5300000,0x00007e45e5304000] with protection modes 0
Event: 0.013 Protecting memory [0x00007e45e5200000,0x00007e45e5204000] with protection modes 0
Event: 0.015 Protecting memory [0x00007e45e4b00000,0x00007e45e4b04000] with protection modes 0
Event: 0.015 Protecting memory [0x00007e45e4a00000,0x00007e45e4a04000] with protection modes 0
Event: 0.015 Protecting memory [0x00007e45e4900000,0x00007e45e4904000] with protection modes 0
Event: 0.015 Protecting memory [0x00007e45e4800000,0x00007e45e4804000] with protection modes 0
Event: 0.015 Protecting memory [0x00007e45e4700000,0x00007e45e4704000] with protection modes 0
Event: 0.015 Protecting memory [0x00007e45e4600000,0x00007e45e4604000] with protection modes 0
Event: 0.020 Protecting memory [0x00007e45e4500000,0x00007e45e4504000] with protection modes 0
Event: 0.021 Protecting memory [0x00007e45e42ff000,0x00007e45e4303000] with protection modes 0
Event: 0.077 Protecting memory [0x00007e45e40c2000,0x00007e45e40c6000] with protection modes 0
Event: 0.109 Protecting memory [0x00007e458af00000,0x00007e458af04000] with protection modes 0
Event: 0.115 Protecting memory [0x00007e458ab00000,0x00007e458ab04000] with protection modes 0
Event: 0.192 Protecting memory [0x00007e458a700000,0x00007e458a704000] with protection modes 0

Nmethod flushes (0 events):
No events

Events (15 events):
Event: 0.011 Thread 0x00007e461002c070 Thread added: 0x00007e461002c070
Event: 0.013 Thread 0x00007e461002c070 Thread added: 0x00007e461015d6c0
Event: 0.013 Thread 0x00007e461002c070 Thread added: 0x00007e461015eaa0
Event: 0.015 Thread 0x00007e461002c070 Thread added: 0x00007e4610164030
Event: 0.015 Thread 0x00007e461002c070 Thread added: 0x00007e46101653e0
Event: 0.015 Thread 0x00007e461002c070 Thread added: 0x00007e46101667f0
Event: 0.015 Thread 0x00007e461002c070 Thread added: 0x00007e46101681a0
Event: 0.015 Thread 0x00007e461002c070 Thread added: 0x00007e46101696d0
Event: 0.015 Thread 0x00007e461002c070 Thread added: 0x00007e4610172b30
Event: 0.020 Thread 0x00007e461002c070 Thread added: 0x00007e461017a790
Event: 0.021 Thread 0x00007e461002c070 Thread added: 0x00007e461017df20
Event: 0.077 Thread 0x00007e461002c070 Thread added: 0x00007e4610221610
Event: 0.109 Thread 0x00007e46101696d0 Thread added: 0x00007e4564135580
Event: 0.115 Thread 0x00007e461002c070 Thread added: 0x00007e4610241a70
Event: 0.192 Thread 0x00007e46101696d0 Thread added: 0x00007e4564383120


Dynamic libraries:
60e000000-62d400000 rw-p 00000000 00:00 0 
62d400000-7ff800000 ---p 00000000 00:00 0 
7ff800000-7ffb00000 rw-p 00000000 00:00 0 
7ffb00000-7ffb75000 rw-p 00c7a000 103:05 15074430                        /usr/lib/jvm/java-17-amazon-corretto/lib/server/classes.jsa
7ffb75000-7ffc00000 rw-p 00000000 00:00 0 
7ffc00000-7ffc78000 rw-p 00c02000 103:05 15074430                        /usr/lib/jvm/java-17-amazon-corretto/lib/server/classes.jsa
7ffc78000-800000000 rw-p 00000000 00:00 0 
564341400000-564341401000 r-xp 00000000 103:05 15077193                  /usr/lib/jvm/java-17-amazon-corretto/bin/java
564341601000-564341602000 r--p 00001000 103:05 15077193                  /usr/lib/jvm/java-17-amazon-corretto/bin/java
564341602000-564341603000 rw-p 00002000 103:05 15077193                  /usr/lib/jvm/java-17-amazon-corretto/bin/java
56436259b000-5643625e5000 rw-p 00000000 00:00 0                          [heap]
7e4544000000-7e454408a000 rw-p 00000000 00:00 0 
7e454408a000-7e4548000000 ---p 00000000 00:00 0 
7e454b5ca000-7e454b69a000 rw-s 00000000 00:01 233860                     /memfd:wayland-cursor (deleted)
7e454b69a000-7e454b6a1000 r--p 00000000 103:05 14971447                  /usr/lib/x86_64-linux-gnu/libblkid.so.1.1.0
7e454b6a1000-7e454b6c5000 r-xp 00007000 103:05 14971447                  /usr/lib/x86_64-linux-gnu/libblkid.so.1.1.0
7e454b6c5000-7e454b6ce000 r--p 0002b000 103:05 14971447                  /usr/lib/x86_64-linux-gnu/libblkid.so.1.1.0
7e454b6ce000-7e454b6d4000 r--p 00033000 103:05 14971447                  /usr/lib/x86_64-linux-gnu/libblkid.so.1.1.0
7e454b6d4000-7e454b6d5000 rw-p 00039000 103:05 14971447                  /usr/lib/x86_64-linux-gnu/libblkid.so.1.1.0
7e454bfd3000-7e454bfd9000 r--p 00000000 103:05 14942867                  /usr/lib/x86_64-linux-gnu/libselinux.so.1
7e454bfd9000-7e454bff6000 r-xp 00006000 103:05 14942867                  /usr/lib/x86_64-linux-gnu/libselinux.so.1
7e454bff6000-7e454bffc000 r--p 00023000 103:05 14942867                  /usr/lib/x86_64-linux-gnu/libselinux.so.1
7e454bffc000-7e454bffd000 r--p 00029000 103:05 14942867                  /usr/lib/x86_64-linux-gnu/libselinux.so.1
7e454bffd000-7e454bffe000 rw-p 0002a000 103:05 14942867                  /usr/lib/x86_64-linux-gnu/libselinux.so.1
7e454bffe000-7e454c2b4000 rw-p 00000000 00:00 0 
7e454c2b4000-7e4550000000 ---p 00000000 00:00 0 
7e4550000000-7e45504c6000 rw-p 00000000 00:00 0 
7e45504c6000-7e4554000000 ---p 00000000 00:00 0 
7e4554000000-7e4554021000 rw-p 00000000 00:00 0 
7e4554021000-7e4558000000 ---p 00000000 00:00 0 
7e4558000000-7e4558021000 rw-p 00000000 00:00 0 
7e4558021000-7e455c000000 ---p 00000000 00:00 0 
7e455c000000-7e455c021000 rw-p 00000000 00:00 0 
7e455c021000-7e4560000000 ---p 00000000 00:00 0 
7e4560000000-7e4560021000 rw-p 00000000 00:00 0 
7e4560021000-7e4564000000 ---p 00000000 00:00 0 
7e4564000000-7e456439d000 rw-p 00000000 00:00 0 
7e456439d000-7e4568000000 ---p 00000000 00:00 0 
7e4568000000-7e4568021000 rw-p 00000000 00:00 0 
7e4568021000-7e456c000000 ---p 00000000 00:00 0 
7e456c000000-7e456c021000 rw-p 00000000 00:00 0 
7e456c021000-7e4570000000 ---p 00000000 00:00 0 
7e4570000000-7e457036c000 rw-p 00000000 00:00 0 
7e457036c000-7e4574000000 ---p 00000000 00:00 0 
7e4574000000-7e4574021000 rw-p 00000000 00:00 0 
7e4574021000-7e4578000000 ---p 00000000 00:00 0 
7e4578000000-7e4578021000 rw-p 00000000 00:00 0 
7e4578021000-7e457c000000 ---p 00000000 00:00 0 
7e457c000000-7e457c021000 rw-p 00000000 00:00 0 
7e457c021000-7e4580000000 ---p 00000000 00:00 0 
7e4580000000-7e4580021000 rw-p 00000000 00:00 0 
7e4580021000-7e4584000000 ---p 00000000 00:00 0 
7e4584000000-7e4584021000 rw-p 00000000 00:00 0 
7e4584021000-7e4588000000 ---p 00000000 00:00 0 
7e4588005000-7e458800e000 r--p 00000000 103:05 14970096                  /usr/lib/x86_64-linux-gnu/libmount.so.1.1.0
7e458800e000-7e4588042000 r-xp 00009000 103:05 14970096                  /usr/lib/x86_64-linux-gnu/libmount.so.1.1.0
7e4588042000-7e458804f000 r--p 0003d000 103:05 14970096                  /usr/lib/x86_64-linux-gnu/libmount.so.1.1.0
7e458804f000-7e4588051000 r--p 00049000 103:05 14970096                  /usr/lib/x86_64-linux-gnu/libmount.so.1.1.0
7e4588051000-7e4588052000 rw-p 0004b000 103:05 14970096                  /usr/lib/x86_64-linux-gnu/libmount.so.1.1.0
7e4588286000-7e4588288000 r--p 00000000 103:05 14942599                  /usr/lib/x86_64-linux-gnu/libpcre2-8.so.0.11.2
7e4588288000-7e45882f6000 r-xp 00002000 103:05 14942599                  /usr/lib/x86_64-linux-gnu/libpcre2-8.so.0.11.2
7e45882f6000-7e458831e000 r--p 00070000 103:05 14942599                  /usr/lib/x86_64-linux-gnu/libpcre2-8.so.0.11.2
7e458831e000-7e458831f000 r--p 00097000 103:05 14942599                  /usr/lib/x86_64-linux-gnu/libpcre2-8.so.0.11.2
7e458831f000-7e4588320000 rw-p 00098000 103:05 14942599                  /usr/lib/x86_64-linux-gnu/libpcre2-8.so.0.11.2
7e4588550000-7e4588589000 r--p 00000000 103:05 14942577                  /usr/lib/x86_64-linux-gnu/libgio-2.0.so.0.8000.0
7e4588589000-7e45886a0000 r-xp 00039000 103:05 14942577                  /usr/lib/x86_64-linux-gnu/libgio-2.0.so.0.8000.0
7e45886a0000-7e4588715000 r--p 00150000 103:05 14942577                  /usr/lib/x86_64-linux-gnu/libgio-2.0.so.0.8000.0
7e4588715000-7e458871d000 r--p 001c4000 103:05 14942577                  /usr/lib/x86_64-linux-gnu/libgio-2.0.so.0.8000.0
7e458871d000-7e458871e000 rw-p 001cc000 103:05 14942577                  /usr/lib/x86_64-linux-gnu/libgio-2.0.so.0.8000.0
7e458871e000-7e4588720000 rw-p 00000000 00:00 0 
7e4588800000-7e4589000000 rw-p 00000000 00:00 0 
7e4589000000-7e4589008000 r--p 00000000 103:05 3014752                   /tmp/lwjgl_cookiebot/3.3.6+1/x64/libjemalloc.so
7e4589008000-7e4589060000 r-xp 00008000 103:05 3014752                   /tmp/lwjgl_cookiebot/3.3.6+1/x64/libjemalloc.so
7e4589060000-7e4589071000 r--p 00060000 103:05 3014752                   /tmp/lwjgl_cookiebot/3.3.6+1/x64/libjemalloc.so
7e4589071000-7e4589072000 ---p 00071000 103:05 3014752                   /tmp/lwjgl_cookiebot/3.3.6+1/x64/libjemalloc.so
7e4589072000-7e4589078000 r--p 00071000 103:05 3014752                   /tmp/lwjgl_cookiebot/3.3.6+1/x64/libjemalloc.so
7e4589078000-7e4589079000 rw-p 00077000 103:05 3014752                   /tmp/lwjgl_cookiebot/3.3.6+1/x64/libjemalloc.so
7e4589079000-7e4589283000 rw-p 00000000 00:00 0 
7e4589301000-7e4589400000 rw-s 00000000 00:01 231229                     /memfd:wayland-cursor (deleted)
7e4589400000-7e4589407000 r-xp 00000000 103:05 15074263                  /usr/lib/jvm/java-17-amazon-corretto/lib/libzip.so
7e4589407000-7e4589607000 ---p 00007000 103:05 15074263                  /usr/lib/jvm/java-17-amazon-corretto/lib/libzip.so
7e4589607000-7e4589608000 r--p 00007000 103:05 15074263                  /usr/lib/jvm/java-17-amazon-corretto/lib/libzip.so
7e4589608000-7e4589609000 rw-p 00000000 00:00 0 
7e45896b7000-7e45896d5000 r--p 00000000 103:05 14942585                  /usr/lib/x86_64-linux-gnu/libglib-2.0.so.0.8000.0
7e45896d5000-7e4589775000 r-xp 0001e000 103:05 14942585                  /usr/lib/x86_64-linux-gnu/libglib-2.0.so.0.8000.0
7e4589775000-7e45897fd000 r--p 000be000 103:05 14942585                  /usr/lib/x86_64-linux-gnu/libglib-2.0.so.0.8000.0
7e45897fd000-7e45897fe000 r--p 00146000 103:05 14942585                  /usr/lib/x86_64-linux-gnu/libglib-2.0.so.0.8000.0
7e45897fe000-7e45897ff000 rw-p 00147000 103:05 14942585                  /usr/lib/x86_64-linux-gnu/libglib-2.0.so.0.8000.0
7e45897ff000-7e4589800000 rw-p 00000000 00:00 0 
7e4589800000-7e45898af000 r-xp 00000000 103:05 15074436                  /usr/lib/jvm/java-17-amazon-corretto/lib/libfreetype.so
7e45898af000-7e4589aaf000 ---p 000af000 103:05 15074436                  /usr/lib/jvm/java-17-amazon-corretto/lib/libfreetype.so
7e4589aaf000-7e4589ab5000 r--p 000af000 103:05 15074436                  /usr/lib/jvm/java-17-amazon-corretto/lib/libfreetype.so
7e4589ab5000-7e4589ab6000 rw-p 00000000 00:00 0 
7e4589b01000-7e4589c00000 rw-s 00000000 00:01 233861                     /memfd:wayland-cursor (deleted)
7e4589c00000-7e4589da7000 r-xp 00000000 103:05 15074435                  /usr/lib/jvm/java-17-amazon-corretto/lib/libfontmanager.so
7e4589da7000-7e4589fa6000 ---p 001a7000 103:05 15074435                  /usr/lib/jvm/java-17-amazon-corretto/lib/libfontmanager.so
7e4589fa6000-7e4589fa8000 r--p 001a6000 103:05 15074435                  /usr/lib/jvm/java-17-amazon-corretto/lib/libfontmanager.so
7e4589fa8000-7e4589fa9000 rw-p 001a8000 103:05 15074435                  /usr/lib/jvm/java-17-amazon-corretto/lib/libfontmanager.so
7e4589fa9000-7e4589faa000 rw-p 00000000 00:00 0 
7e458a000000-7e458a06e000 r-xp 00000000 103:05 15074434                  /usr/lib/jvm/java-17-amazon-corretto/lib/libawt_xawt.so
7e458a06e000-7e458a26e000 ---p 0006e000 103:05 15074434                  /usr/lib/jvm/java-17-amazon-corretto/lib/libawt_xawt.so
7e458a26e000-7e458a273000 r--p 0006e000 103:05 15074434                  /usr/lib/jvm/java-17-amazon-corretto/lib/libawt_xawt.so
7e458a273000-7e458a275000 rw-p 00073000 103:05 15074434                  /usr/lib/jvm/java-17-amazon-corretto/lib/libawt_xawt.so
7e458a275000-7e458a277000 rw-p 00000000 00:00 0 
7e458a330000-7e458a400000 rw-s 00000000 00:01 231228                     /memfd:wayland-cursor (deleted)
7e458a400000-7e458a4bc000 r-xp 00000000 103:05 15074432                  /usr/lib/jvm/java-17-amazon-corretto/lib/libawt.so
7e458a4bc000-7e458a6bc000 ---p 000bc000 103:05 15074432                  /usr/lib/jvm/java-17-amazon-corretto/lib/libawt.so
7e458a6bc000-7e458a6bd000 r--p 000bc000 103:05 15074432                  /usr/lib/jvm/java-17-amazon-corretto/lib/libawt.so
7e458a6bd000-7e458a6c8000 rw-p 000bd000 103:05 15074432                  /usr/lib/jvm/java-17-amazon-corretto/lib/libawt.so
7e458a6c8000-7e458a6ed000 rw-p 00000000 00:00 0 
7e458a700000-7e458a704000 ---p 00000000 00:00 0 
7e458a704000-7e458a800000 rw-p 00000000 00:00 0 
7e458a800000-7e458a815000 r-xp 00000000 103:05 15074260                  /usr/lib/jvm/java-17-amazon-corretto/lib/libnet.so
7e458a815000-7e458aa14000 ---p 00015000 103:05 15074260                  /usr/lib/jvm/java-17-amazon-corretto/lib/libnet.so
7e458aa14000-7e458aa15000 r--p 00014000 103:05 15074260                  /usr/lib/jvm/java-17-amazon-corretto/lib/libnet.so
7e458aa15000-7e458aa16000 rw-p 00015000 103:05 15074260                  /usr/lib/jvm/java-17-amazon-corretto/lib/libnet.so
7e458aa9d000-7e458aaac000 r--p 00000000 103:05 14942608                  /usr/lib/x86_64-linux-gnu/libgobject-2.0.so.0.8000.0
7e458aaac000-7e458aae3000 r-xp 0000f000 103:05 14942608                  /usr/lib/x86_64-linux-gnu/libgobject-2.0.so.0.8000.0
7e458aae3000-7e458aafc000 r--p 00046000 103:05 14942608                  /usr/lib/x86_64-linux-gnu/libgobject-2.0.so.0.8000.0
7e458aafc000-7e458aaff000 r--p 0005e000 103:05 14942608                  /usr/lib/x86_64-linux-gnu/libgobject-2.0.so.0.8000.0
7e458aaff000-7e458ab00000 rw-p 00061000 103:05 14942608                  /usr/lib/x86_64-linux-gnu/libgobject-2.0.so.0.8000.0
7e458ab00000-7e458ab04000 ---p 00000000 00:00 0 
7e458ab04000-7e458ac00000 rw-p 00000000 00:00 0 
7e458ac00000-7e458ac12000 r-xp 00000000 103:05 15074261                  /usr/lib/jvm/java-17-amazon-corretto/lib/libnio.so
7e458ac12000-7e458ae12000 ---p 00012000 103:05 15074261                  /usr/lib/jvm/java-17-amazon-corretto/lib/libnio.so
7e458ae12000-7e458ae13000 r--p 00012000 103:05 15074261                  /usr/lib/jvm/java-17-amazon-corretto/lib/libnio.so
7e458ae13000-7e458ae14000 rw-p 00013000 103:05 15074261                  /usr/lib/jvm/java-17-amazon-corretto/lib/libnio.so
7e458ae30000-7e458ae35000 r--p 00000000 103:05 14942481                  /usr/lib/x86_64-linux-gnu/libpng16.so.16.43.0
7e458ae35000-7e458ae5d000 r-xp 00005000 103:05 14942481                  /usr/lib/x86_64-linux-gnu/libpng16.so.16.43.0
7e458ae5d000-7e458ae66000 r--p 0002d000 103:05 14942481                  /usr/lib/x86_64-linux-gnu/libpng16.so.16.43.0
7e458ae66000-7e458ae67000 r--p 00035000 103:05 14942481                  /usr/lib/x86_64-linux-gnu/libpng16.so.16.43.0
7e458ae67000-7e458ae68000 rw-p 00036000 103:05 14942481                  /usr/lib/x86_64-linux-gnu/libpng16.so.16.43.0
7e458aeb7000-7e458aebc000 r--p 00000000 103:05 14971451                  /usr/lib/x86_64-linux-gnu/libxkbcommon.so.0.0.0
7e458aebc000-7e458aedc000 r-xp 00005000 103:05 14971451                  /usr/lib/x86_64-linux-gnu/libxkbcommon.so.0.0.0
7e458aedc000-7e458aefd000 r--p 00025000 103:05 14971451                  /usr/lib/x86_64-linux-gnu/libxkbcommon.so.0.0.0
7e458aefd000-7e458aeff000 r--p 00045000 103:05 14971451                  /usr/lib/x86_64-linux-gnu/libxkbcommon.so.0.0.0
7e458aeff000-7e458af00000 rw-p 00047000 103:05 14971451                  /usr/lib/x86_64-linux-gnu/libxkbcommon.so.0.0.0
7e458af00000-7e458af04000 ---p 00000000 00:00 0 
7e458af04000-7e458b000000 rw-p 00000000 00:00 0 
7e458b000000-7e458b2d0000 rw-p 00000000 00:00 0 
7e458b2d0000-7e458b400000 ---p 00000000 00:00 0 
7e458b400000-7e458b530000 rw-p 00000000 00:00 0 
7e458b530000-7e458f000000 ---p 00000000 00:00 0 
7e458f000000-7e458fbca000 rw-p 00001000 103:05 15074430                  /usr/lib/jvm/java-17-amazon-corretto/lib/server/classes.jsa
7e458fbca000-7e4590000000 ---p 00000000 00:00 0 
7e4590000000-7e4590030000 rw-p 00000000 00:00 0 
7e4590030000-7e4590080000 rw-p 00000000 00:00 0 
7e4590080000-7e45d0000000 ---p 00000000 00:00 0 
7e45d0000000-7e45d0021000 rw-p 00000000 00:00 0 
7e45d0021000-7e45d4000000 ---p 00000000 00:00 0 
7e45d4000000-7e45d4021000 rw-p 00000000 00:00 0 
7e45d4021000-7e45d8000000 ---p 00000000 00:00 0 
7e45d8000000-7e45d8021000 rw-p 00000000 00:00 0 
7e45d8021000-7e45dc000000 ---p 00000000 00:00 0 
7e45dc000000-7e45dc021000 rw-p 00000000 00:00 0 
7e45dc021000-7e45e0000000 ---p 00000000 00:00 0 
7e45e0000000-7e45e0021000 rw-p 00000000 00:00 0 
7e45e0021000-7e45e4000000 ---p 00000000 00:00 0 
7e45e402b000-7e45e403b000 r--p 00000000 103:05 3014751                   /tmp/lwjgl_cookiebot/3.3.6+1/x64/libglfw.so
7e45e403b000-7e45e405c000 r-xp 00010000 103:05 3014751                   /tmp/lwjgl_cookiebot/3.3.6+1/x64/libglfw.so
7e45e405c000-7e45e4098000 r--p 00031000 103:05 3014751                   /tmp/lwjgl_cookiebot/3.3.6+1/x64/libglfw.so
7e45e4098000-7e45e409c000 r--p 0006c000 103:05 3014751                   /tmp/lwjgl_cookiebot/3.3.6+1/x64/libglfw.so
7e45e409c000-7e45e409f000 rw-p 00070000 103:05 3014751                   /tmp/lwjgl_cookiebot/3.3.6+1/x64/libglfw.so
7e45e409f000-7e45e40c2000 rw-p 00000000 00:00 0 
7e45e40c2000-7e45e40c6000 ---p 00000000 00:00 0 
7e45e40c6000-7e45e41c2000 rw-p 00000000 00:00 0 
7e45e41c2000-7e45e41db000 r--p 00000000 103:05 14950133                  /usr/lib/x86_64-linux-gnu/libX11.so.6.4.0
7e45e41db000-7e45e426b000 r-xp 00019000 103:05 14950133                  /usr/lib/x86_64-linux-gnu/libX11.so.6.4.0
7e45e426b000-7e45e42fa000 r--p 000a9000 103:05 14950133                  /usr/lib/x86_64-linux-gnu/libX11.so.6.4.0
7e45e42fa000-7e45e42fb000 r--p 00138000 103:05 14950133                  /usr/lib/x86_64-linux-gnu/libX11.so.6.4.0
7e45e42fb000-7e45e42ff000 rw-p 00139000 103:05 14950133                  /usr/lib/x86_64-linux-gnu/libX11.so.6.4.0
7e45e42ff000-7e45e4303000 ---p 00000000 00:00 0 
7e45e4303000-7e45e43ff000 rw-p 00000000 00:00 0 
7e45e43ff000-7e45e4400000 ---p 00000000 00:00 0 
7e45e4400000-7e45e4500000 rw-p 00000000 00:00 0 
7e45e4500000-7e45e4504000 ---p 00000000 00:00 0 
7e45e4504000-7e45e4600000 rw-p 00000000 00:00 0 
7e45e4600000-7e45e4604000 ---p 00000000 00:00 0 
7e45e4604000-7e45e4700000 rw-p 00000000 00:00 0 
7e45e4700000-7e45e4704000 ---p 00000000 00:00 0 
7e45e4704000-7e45e4800000 rw-p 00000000 00:00 0 
7e45e4800000-7e45e4804000 ---p 00000000 00:00 0 
7e45e4804000-7e45e4900000 rw-p 00000000 00:00 0 
7e45e4900000-7e45e4904000 ---p 00000000 00:00 0 
7e45e4904000-7e45e4a00000 rw-p 00000000 00:00 0 
7e45e4a00000-7e45e4a04000 ---p 00000000 00:00 0 
7e45e4a04000-7e45e4b00000 rw-p 00000000 00:00 0 
7e45e4b00000-7e45e4b04000 ---p 00000000 00:00 0 
7e45e4b04000-7e45e4c00000 rw-p 00000000 00:00 0 
7e45e4c00000-7e45e5175000 r--p 00000000 103:05 14942597                  /usr/lib/locale/locale-archive
7e45e5184000-7e45e51b0000 r--p 00000000 103:05 3014749                   /tmp/lwjgl_cookiebot/3.3.6+1/x64/liblwjgl.so
7e45e51b0000-7e45e51e4000 r-xp 0002c000 103:05 3014749                   /tmp/lwjgl_cookiebot/3.3.6+1/x64/liblwjgl.so
7e45e51e4000-7e45e51fe000 r--p 00060000 103:05 3014749                   /tmp/lwjgl_cookiebot/3.3.6+1/x64/liblwjgl.so
7e45e51fe000-7e45e51ff000 r--p 00079000 103:05 3014749                   /tmp/lwjgl_cookiebot/3.3.6+1/x64/liblwjgl.so
7e45e51ff000-7e45e5200000 rw-p 0007a000 103:05 3014749                   /tmp/lwjgl_cookiebot/3.3.6+1/x64/liblwjgl.so
7e45e5200000-7e45e5204000 ---p 00000000 00:00 0 
7e45e5204000-7e45e5300000 rw-p 00000000 00:00 0 
7e45e5300000-7e45e5304000 ---p 00000000 00:00 0 
7e45e5304000-7e45e5400000 rw-p 00000000 00:00 0 
7e45e5400000-7e45e54ce000 r-xp 00000000 103:05 15074832                  /usr/lib/jvm/java-17-amazon-corretto/lib/libjsvml.so
7e45e54ce000-7e45e56cd000 ---p 000ce000 103:05 15074832                  /usr/lib/jvm/java-17-amazon-corretto/lib/libjsvml.so
7e45e56cd000-7e45e56ce000 r--p 000cd000 103:05 15074832                  /usr/lib/jvm/java-17-amazon-corretto/lib/libjsvml.so
7e45e56ce000-7e45e56cf000 rw-p 000ce000 103:05 15074832                  /usr/lib/jvm/java-17-amazon-corretto/lib/libjsvml.so
7e45e56d4000-7e45e56d6000 r--p 00000000 103:05 14942607                  /usr/lib/x86_64-linux-gnu/libgmodule-2.0.so.0.8000.0
7e45e56d6000-7e45e56d8000 r-xp 00002000 103:05 14942607                  /usr/lib/x86_64-linux-gnu/libgmodule-2.0.so.0.8000.0
7e45e56d8000-7e45e56d9000 r--p 00004000 103:05 14942607                  /usr/lib/x86_64-linux-gnu/libgmodule-2.0.so.0.8000.0
7e45e56d9000-7e45e56da000 r--p 00004000 103:05 14942607                  /usr/lib/x86_64-linux-gnu/libgmodule-2.0.so.0.8000.0
7e45e56da000-7e45e56db000 rw-p 00005000 103:05 14942607                  /usr/lib/x86_64-linux-gnu/libgmodule-2.0.so.0.8000.0
7e45e56f2000-7e45e56f6000 r--p 00000000 103:05 14951002                  /usr/lib/x86_64-linux-gnu/libdecor-0.so.0.200.2
7e45e56f6000-7e45e56f9000 r-xp 00004000 103:05 14951002                  /usr/lib/x86_64-linux-gnu/libdecor-0.so.0.200.2
7e45e56f9000-7e45e56fb000 r--p 00007000 103:05 14951002                  /usr/lib/x86_64-linux-gnu/libdecor-0.so.0.200.2
7e45e56fb000-7e45e56fc000 r--p 00008000 103:05 14951002                  /usr/lib/x86_64-linux-gnu/libdecor-0.so.0.200.2
7e45e56fc000-7e45e56fd000 rw-p 00009000 103:05 14951002                  /usr/lib/x86_64-linux-gnu/libdecor-0.so.0.200.2
7e45e56fd000-7e45e56fe000 ---p 00000000 00:00 0 
7e45e56fe000-7e45e57fe000 rw-p 00000000 00:00 0 
7e45e57fe000-7e45e57ff000 ---p 00000000 00:00 0 
7e45e57ff000-7e45e58ff000 rw-p 00000000 00:00 0 
7e45e58ff000-7e45e5900000 ---p 00000000 00:00 0 
7e45e5900000-7e45e5a00000 rw-p 00000000 00:00 0 
7e45e5a00000-7e45e7a00000 rw-p 00000000 00:00 0 
7e45e7a05000-7e45e7a07000 r--p 00000000 103:05 14964482                  /usr/lib/x86_64-linux-gnu/libwayland-cursor.so.0.22.0
7e45e7a07000-7e45e7a09000 r-xp 00002000 103:05 14964482                  /usr/lib/x86_64-linux-gnu/libwayland-cursor.so.0.22.0
7e45e7a09000-7e45e7a0a000 r--p 00004000 103:05 14964482                  /usr/lib/x86_64-linux-gnu/libwayland-cursor.so.0.22.0
7e45e7a0a000-7e45e7a0b000 r--p 00004000 103:05 14964482                  /usr/lib/x86_64-linux-gnu/libwayland-cursor.so.0.22.0
7e45e7a0b000-7e45e7a0f000 rw-p 00005000 103:05 14964482                  /usr/lib/x86_64-linux-gnu/libwayland-cursor.so.0.22.0
7e45e7a26000-7e45e7a28000 r--p 00000000 103:05 14943111                  /usr/lib/x86_64-linux-gnu/libmd.so.0.1.0
7e45e7a28000-7e45e7a31000 r-xp 00002000 103:05 14943111                  /usr/lib/x86_64-linux-gnu/libmd.so.0.1.0
7e45e7a31000-7e45e7a33000 r--p 0000b000 103:05 14943111                  /usr/lib/x86_64-linux-gnu/libmd.so.0.1.0
7e45e7a33000-7e45e7a34000 r--p 0000c000 103:05 14943111                  /usr/lib/x86_64-linux-gnu/libmd.so.0.1.0
7e45e7a34000-7e45e7a35000 rw-p 0000d000 103:05 14943111                  /usr/lib/x86_64-linux-gnu/libmd.so.0.1.0
7e45e7a35000-7e45e7a40000 r--p 00000000 103:05 14943322                  /usr/lib/x86_64-linux-gnu/libxcb.so.1.1.0
7e45e7a40000-7e45e7a53000 r-xp 0000b000 103:05 14943322                  /usr/lib/x86_64-linux-gnu/libxcb.so.1.1.0
7e45e7a53000-7e45e7a5c000 r--p 0001e000 103:05 14943322                  /usr/lib/x86_64-linux-gnu/libxcb.so.1.1.0
7e45e7a5c000-7e45e7a5d000 r--p 00026000 103:05 14943322                  /usr/lib/x86_64-linux-gnu/libxcb.so.1.1.0
7e45e7a5d000-7e45e7a5e000 rw-p 00027000 103:05 14943322                  /usr/lib/x86_64-linux-gnu/libxcb.so.1.1.0
7e45e7a5e000-7e45e83b0000 rw-p 00000000 00:00 0 
7e45e83b0000-7e45ef840000 ---p 00000000 00:00 0 
7e45ef840000-7e45f0030000 rw-p 00000000 00:00 0 
7e45f0030000-7e45f74c0000 ---p 00000000 00:00 0 
7e45f74c0000-7e45f75da000 rw-p 00000000 00:00 0 
7e45f75da000-7e45f846c000 ---p 00000000 00:00 0 
7e45f846c000-7e45f856a000 rw-p 00000000 00:00 0 
7e45f856a000-7e45f93fc000 ---p 00000000 00:00 0 
7e45f93fc000-7e45f9400000 rw-p 00000000 00:00 0 
7e45f9400000-7e45f9670000 rwxp 00000000 00:00 0 
7e45f9670000-7e4600937000 ---p 00000000 00:00 0 
7e4600937000-7e4600ba7000 rwxp 00000000 00:00 0 
7e4600ba7000-7e4600ec9000 ---p 00000000 00:00 0 
7e4600ec9000-7e4601139000 rwxp 00000000 00:00 0 
7e4601139000-7e4608400000 ---p 00000000 00:00 0 
7e4608400000-7e460fff3000 r--s 00000000 103:05 15074230                  /usr/lib/jvm/java-17-amazon-corretto/lib/modules
7e460fff4000-7e460fff6000 r--p 00000000 103:05 14942351                  /usr/lib/x86_64-linux-gnu/libffi.so.8.1.4
7e460fff6000-7e460fffd000 r-xp 00002000 103:05 14942351                  /usr/lib/x86_64-linux-gnu/libffi.so.8.1.4
7e460fffd000-7e460fffe000 r--p 00009000 103:05 14942351                  /usr/lib/x86_64-linux-gnu/libffi.so.8.1.4
7e460fffe000-7e460ffff000 r--p 0000a000 103:05 14942351                  /usr/lib/x86_64-linux-gnu/libffi.so.8.1.4
7e460ffff000-7e4610000000 rw-p 0000b000 103:05 14942351                  /usr/lib/x86_64-linux-gnu/libffi.so.8.1.4
7e4610000000-7e46103e7000 rw-p 00000000 00:00 0 
7e46103e7000-7e4614000000 ---p 00000000 00:00 0 
7e4614001000-7e4614965000 rw-p 00000000 00:00 0 
7e4614965000-7e4614966000 ---p 00000000 00:00 0 
7e4614966000-7e4614a66000 rw-p 00000000 00:00 0 
7e4614a66000-7e4614a67000 ---p 00000000 00:00 0 
7e4614a67000-7e4614b67000 rw-p 00000000 00:00 0 
7e4614b67000-7e4614b68000 ---p 00000000 00:00 0 
7e4614b68000-7e4614c68000 rw-p 00000000 00:00 0 
7e4614c68000-7e4614d62000 rw-p 00000000 00:00 0 
7e4614d62000-7e4615bf4000 ---p 00000000 00:00 0 
7e4615bf4000-7e4616400000 rw-p 00000000 00:00 0 
7e4616400000-7e4616424000 r-xp 00000000 103:05 15074239                  /usr/lib/jvm/java-17-amazon-corretto/lib/libjava.so
7e4616424000-7e4616624000 ---p 00024000 103:05 15074239                  /usr/lib/jvm/java-17-amazon-corretto/lib/libjava.so
7e4616624000-7e4616625000 r--p 00024000 103:05 15074239                  /usr/lib/jvm/java-17-amazon-corretto/lib/libjava.so
7e4616625000-7e4616626000 rw-p 00025000 103:05 15074239                  /usr/lib/jvm/java-17-amazon-corretto/lib/libjava.so
7e4616626000-7e4616627000 rw-p 00000000 00:00 0 
7e461662a000-7e461662e000 r--p 00000000 103:05 14943150                  /usr/lib/x86_64-linux-gnu/libbsd.so.0.12.1
7e461662e000-7e461663a000 r-xp 00004000 103:05 14943150                  /usr/lib/x86_64-linux-gnu/libbsd.so.0.12.1
7e461663a000-7e461663d000 r--p 00010000 103:05 14943150                  /usr/lib/x86_64-linux-gnu/libbsd.so.0.12.1
7e461663d000-7e461663e000 r--p 00012000 103:05 14943150                  /usr/lib/x86_64-linux-gnu/libbsd.so.0.12.1
7e461663e000-7e461663f000 rw-p 00013000 103:05 14943150                  /usr/lib/x86_64-linux-gnu/libbsd.so.0.12.1
7e461663f000-7e4616640000 rw-p 00000000 00:00 0 
7e4616640000-7e4616642000 r--p 00000000 103:05 14943311                  /usr/lib/x86_64-linux-gnu/libXdmcp.so.6.0.0
7e4616642000-7e4616644000 r-xp 00002000 103:05 14943311                  /usr/lib/x86_64-linux-gnu/libXdmcp.so.6.0.0
7e4616644000-7e4616646000 r--p 00004000 103:05 14943311                  /usr/lib/x86_64-linux-gnu/libXdmcp.so.6.0.0
7e4616646000-7e4616647000 r--p 00005000 103:05 14943311                  /usr/lib/x86_64-linux-gnu/libXdmcp.so.6.0.0
7e4616647000-7e4616648000 rw-p 00006000 103:05 14943311                  /usr/lib/x86_64-linux-gnu/libXdmcp.so.6.0.0
7e4616648000-7e4616689000 rw-p 00000000 00:00 0 
7e461668f000-7e4616800000 rw-p 00000000 00:00 0 
7e4616800000-7e461681b000 r-xp 00000000 103:05 15074241                  /usr/lib/jvm/java-17-amazon-corretto/lib/libjimage.so
7e461681b000-7e4616a1a000 ---p 0001b000 103:05 15074241                  /usr/lib/jvm/java-17-amazon-corretto/lib/libjimage.so
7e4616a1a000-7e4616a1c000 r--p 0001a000 103:05 15074241                  /usr/lib/jvm/java-17-amazon-corretto/lib/libjimage.so
7e4616a1c000-7e4616a1d000 rw-p 0001c000 103:05 15074241                  /usr/lib/jvm/java-17-amazon-corretto/lib/libjimage.so
7e4616a1d000-7e4616a24000 r--s 00000000 103:05 14944723                  /usr/lib/x86_64-linux-gnu/gconv/gconv-modules.cache
7e4616a24000-7e4616a27000 r--p 00000000 103:05 14969839                  /usr/lib/x86_64-linux-gnu/libXi.so.6.1.0
7e4616a27000-7e4616a33000 r-xp 00003000 103:05 14969839                  /usr/lib/x86_64-linux-gnu/libXi.so.6.1.0
7e4616a33000-7e4616a35000 r--p 0000f000 103:05 14969839                  /usr/lib/x86_64-linux-gnu/libXi.so.6.1.0
7e4616a35000-7e4616a36000 r--p 00011000 103:05 14969839                  /usr/lib/x86_64-linux-gnu/libXi.so.6.1.0
7e4616a36000-7e4616a37000 rw-p 00012000 103:05 14969839                  /usr/lib/x86_64-linux-gnu/libXi.so.6.1.0
7e4616a37000-7e4616a39000 r--p 00000000 103:05 14969833                  /usr/lib/x86_64-linux-gnu/libXtst.so.6.1.0
7e4616a39000-7e4616a3c000 r-xp 00002000 103:05 14969833                  /usr/lib/x86_64-linux-gnu/libXtst.so.6.1.0
7e4616a3c000-7e4616a3d000 r--p 00005000 103:05 14969833                  /usr/lib/x86_64-linux-gnu/libXtst.so.6.1.0
7e4616a3d000-7e4616a3e000 r--p 00005000 103:05 14969833                  /usr/lib/x86_64-linux-gnu/libXtst.so.6.1.0
7e4616a3e000-7e4616a3f000 rw-p 00006000 103:05 14969833                  /usr/lib/x86_64-linux-gnu/libXtst.so.6.1.0
7e4616a3f000-7e4616c00000 rw-p 00000000 00:00 0 
7e4616c00000-7e4617ec9000 r-xp 00000000 103:05 15074267                  /usr/lib/jvm/java-17-amazon-corretto/lib/server/libjvm.so
7e4617ec9000-7e46180c9000 ---p 012c9000 103:05 15074267                  /usr/lib/jvm/java-17-amazon-corretto/lib/server/libjvm.so
7e46180c9000-7e4618182000 r--p 012c9000 103:05 15074267                  /usr/lib/jvm/java-17-amazon-corretto/lib/server/libjvm.so
7e4618182000-7e46181b7000 rw-p 01382000 103:05 15074267                  /usr/lib/jvm/java-17-amazon-corretto/lib/server/libjvm.so
7e46181b7000-7e4618212000 rw-p 00000000 00:00 0 
7e4618216000-7e461821a000 r--p 00000000 103:05 14943423                  /usr/lib/x86_64-linux-gnu/libXext.so.6.4.0
7e461821a000-7e4618225000 r-xp 00004000 103:05 14943423                  /usr/lib/x86_64-linux-gnu/libXext.so.6.4.0
7e4618225000-7e4618228000 r--p 0000f000 103:05 14943423                  /usr/lib/x86_64-linux-gnu/libXext.so.6.4.0
7e4618228000-7e4618229000 r--p 00011000 103:05 14943423                  /usr/lib/x86_64-linux-gnu/libXext.so.6.4.0
7e4618229000-7e461822a000 rw-p 00012000 103:05 14943423                  /usr/lib/x86_64-linux-gnu/libXext.so.6.4.0
7e461822a000-7e461822f000 rw-p 00000000 00:00 0 
7e461822f000-7e4618315000 ---p 00000000 00:00 0 
7e4618315000-7e461831a000 rw-p 00000000 00:00 0 
7e461831a000-7e4618400000 ---p 00000000 00:00 0 
7e4618400000-7e4618428000 r--p 00000000 103:05 14944734                  /usr/lib/x86_64-linux-gnu/libc.so.6
7e4618428000-7e46185b0000 r-xp 00028000 103:05 14944734                  /usr/lib/x86_64-linux-gnu/libc.so.6
7e46185b0000-7e46185ff000 r--p 001b0000 103:05 14944734                  /usr/lib/x86_64-linux-gnu/libc.so.6
7e46185ff000-7e4618603000 r--p 001fe000 103:05 14944734                  /usr/lib/x86_64-linux-gnu/libc.so.6
7e4618603000-7e4618605000 rw-p 00202000 103:05 14944734                  /usr/lib/x86_64-linux-gnu/libc.so.6
7e4618605000-7e4618612000 rw-p 00000000 00:00 0 
7e4618612000-7e4618613000 r--p 00000000 103:05 14968157                  /usr/lib/x86_64-linux-gnu/libwayland-egl.so.1.22.0
7e4618613000-7e4618614000 r-xp 00001000 103:05 14968157                  /usr/lib/x86_64-linux-gnu/libwayland-egl.so.1.22.0
7e4618614000-7e4618615000 r--p 00002000 103:05 14968157                  /usr/lib/x86_64-linux-gnu/libwayland-egl.so.1.22.0
7e4618615000-7e4618616000 r--p 00002000 103:05 14968157                  /usr/lib/x86_64-linux-gnu/libwayland-egl.so.1.22.0
7e4618616000-7e4618617000 rw-p 00003000 103:05 14968157                  /usr/lib/x86_64-linux-gnu/libwayland-egl.so.1.22.0
7e4618617000-7e461861b000 ---p 00000000 00:00 0 
7e461861b000-7e4618717000 rw-p 00000000 00:00 0 
7e4618717000-7e4618727000 r--p 00000000 103:05 14944737                  /usr/lib/x86_64-linux-gnu/libm.so.6
7e4618727000-7e46187a6000 r-xp 00010000 103:05 14944737                  /usr/lib/x86_64-linux-gnu/libm.so.6
7e46187a6000-7e46187fe000 r--p 0008f000 103:05 14944737                  /usr/lib/x86_64-linux-gnu/libm.so.6
7e46187fe000-7e46187ff000 r--p 000e7000 103:05 14944737                  /usr/lib/x86_64-linux-gnu/libm.so.6
7e46187ff000-7e4618800000 rw-p 000e8000 103:05 14944737                  /usr/lib/x86_64-linux-gnu/libm.so.6
7e4618800000-7e461880f000 r-xp 00000000 103:05 15074242                  /usr/lib/jvm/java-17-amazon-corretto/lib/libjli.so
7e461880f000-7e4618a0e000 ---p 0000f000 103:05 15074242                  /usr/lib/jvm/java-17-amazon-corretto/lib/libjli.so
7e4618a0e000-7e4618a0f000 r--p 0000e000 103:05 15074242                  /usr/lib/jvm/java-17-amazon-corretto/lib/libjli.so
7e4618a0f000-7e4618a10000 rw-p 0000f000 103:05 15074242                  /usr/lib/jvm/java-17-amazon-corretto/lib/libjli.so
7e4618a11000-7e4618a12000 r--p 00000000 103:05 14943091                  /usr/lib/x86_64-linux-gnu/libXau.so.6.0.0
7e4618a12000-7e4618a14000 r-xp 00001000 103:05 14943091                  /usr/lib/x86_64-linux-gnu/libXau.so.6.0.0
7e4618a14000-7e4618a15000 r--p 00003000 103:05 14943091                  /usr/lib/x86_64-linux-gnu/libXau.so.6.0.0
7e4618a15000-7e4618a16000 r--p 00003000 103:05 14943091                  /usr/lib/x86_64-linux-gnu/libXau.so.6.0.0
7e4618a16000-7e4618a17000 rw-p 00004000 103:05 14943091                  /usr/lib/x86_64-linux-gnu/libXau.so.6.0.0
7e4618a17000-7e4618a19000 r--p 00000000 103:05 14943468                  /usr/lib/x86_64-linux-gnu/libXrender.so.1.3.0
7e4618a19000-7e4618a20000 r-xp 00002000 103:05 14943468                  /usr/lib/x86_64-linux-gnu/libXrender.so.1.3.0
7e4618a20000-7e4618a21000 r--p 00009000 103:05 14943468                  /usr/lib/x86_64-linux-gnu/libXrender.so.1.3.0
7e4618a21000-7e4618a22000 r--p 00009000 103:05 14943468                  /usr/lib/x86_64-linux-gnu/libXrender.so.1.3.0
7e4618a22000-7e4618a23000 rw-p 0000a000 103:05 14943468                  /usr/lib/x86_64-linux-gnu/libXrender.so.1.3.0
7e4618a26000-7e4618a27000 r--p 00000000 103:05 15473344                  /usr/share/locale-langpack/en/LC_MESSAGES/gtk30.mo
7e4618a27000-7e4618a2c000 r--p 00000000 103:05 14942239                  /usr/lib/x86_64-linux-gnu/libwayland-client.so.0.22.0
7e4618a2c000-7e4618a32000 r-xp 00005000 103:05 14942239                  /usr/lib/x86_64-linux-gnu/libwayland-client.so.0.22.0
7e4618a32000-7e4618a34000 r--p 0000b000 103:05 14942239                  /usr/lib/x86_64-linux-gnu/libwayland-client.so.0.22.0
7e4618a34000-7e4618a36000 r--p 0000d000 103:05 14942239                  /usr/lib/x86_64-linux-gnu/libwayland-client.so.0.22.0
7e4618a36000-7e4618a37000 rw-p 0000f000 103:05 14942239                  /usr/lib/x86_64-linux-gnu/libwayland-client.so.0.22.0
7e4618a37000-7e4618a38000 rw-p 00000000 00:00 0 
7e4618a38000-7e4618a39000 r-xp 0005e000 103:05 3014749                   /tmp/lwjgl_cookiebot/3.3.6+1/x64/liblwjgl.so
7e4618a39000-7e4618a3a000 rw-p 00000000 00:00 0 
7e4618a3a000-7e4618a3b000 r--p 00000000 103:05 14944748                  /usr/lib/x86_64-linux-gnu/librt.so.1
7e4618a3b000-7e4618a3c000 r-xp 00001000 103:05 14944748                  /usr/lib/x86_64-linux-gnu/librt.so.1
7e4618a3c000-7e4618a3d000 r--p 00002000 103:05 14944748                  /usr/lib/x86_64-linux-gnu/librt.so.1
7e4618a3d000-7e4618a3e000 r--p 00002000 103:05 14944748                  /usr/lib/x86_64-linux-gnu/librt.so.1
7e4618a3e000-7e4618a3f000 rw-p 00003000 103:05 14944748                  /usr/lib/x86_64-linux-gnu/librt.so.1
7e4618a3f000-7e4618a43000 rw-p 00000000 00:00 0 
7e4618a43000-7e4618a44000 r--p 00000000 103:05 14944736                  /usr/lib/x86_64-linux-gnu/libdl.so.2
7e4618a44000-7e4618a45000 r-xp 00001000 103:05 14944736                  /usr/lib/x86_64-linux-gnu/libdl.so.2
7e4618a45000-7e4618a46000 r--p 00002000 103:05 14944736                  /usr/lib/x86_64-linux-gnu/libdl.so.2
7e4618a46000-7e4618a47000 r--p 00002000 103:05 14944736                  /usr/lib/x86_64-linux-gnu/libdl.so.2
7e4618a47000-7e4618a48000 rw-p 00003000 103:05 14944736                  /usr/lib/x86_64-linux-gnu/libdl.so.2
7e4618a48000-7e4618a49000 r--p 00000000 103:05 14944746                  /usr/lib/x86_64-linux-gnu/libpthread.so.0
7e4618a49000-7e4618a4a000 r-xp 00001000 103:05 14944746                  /usr/lib/x86_64-linux-gnu/libpthread.so.0
7e4618a4a000-7e4618a4b000 r--p 00002000 103:05 14944746                  /usr/lib/x86_64-linux-gnu/libpthread.so.0
7e4618a4b000-7e4618a4c000 r--p 00002000 103:05 14944746                  /usr/lib/x86_64-linux-gnu/libpthread.so.0
7e4618a4c000-7e4618a4d000 rw-p 00003000 103:05 14944746                  /usr/lib/x86_64-linux-gnu/libpthread.so.0
7e4618a4d000-7e4618a4f000 r--p 00000000 103:05 14944802                  /usr/lib/x86_64-linux-gnu/libz.so.1.3
7e4618a4f000-7e4618a61000 r-xp 00002000 103:05 14944802                  /usr/lib/x86_64-linux-gnu/libz.so.1.3
7e4618a61000-7e4618a67000 r--p 00014000 103:05 14944802                  /usr/lib/x86_64-linux-gnu/libz.so.1.3
7e4618a67000-7e4618a68000 r--p 0001a000 103:05 14944802                  /usr/lib/x86_64-linux-gnu/libz.so.1.3
7e4618a68000-7e4618a69000 rw-p 0001b000 103:05 14944802                  /usr/lib/x86_64-linux-gnu/libz.so.1.3
7e4618a69000-7e4618a6e000 rw-p 00000000 00:00 0 
7e4618a6e000-7e4618a75000 ---p 00000000 00:00 0 
7e4618a75000-7e4618a7d000 rw-s 00000000 103:05 3014745                   /tmp/hsperfdata_cookiebot/130004
7e4618a7d000-7e4618a7e000 ---p 00000000 00:00 0 
7e4618a7e000-7e4618a7f000 r--p 00000000 00:00 0 
7e4618a7f000-7e4618a80000 ---p 00000000 00:00 0 
7e4618a80000-7e4618a82000 rw-p 00000000 00:00 0 
7e4618a82000-7e4618a83000 r--p 00000000 103:05 14944731                  /usr/lib/x86_64-linux-gnu/ld-linux-x86-64.so.2
7e4618a83000-7e4618aae000 r-xp 00001000 103:05 14944731                  /usr/lib/x86_64-linux-gnu/ld-linux-x86-64.so.2
7e4618aae000-7e4618ab8000 r--p 0002c000 103:05 14944731                  /usr/lib/x86_64-linux-gnu/ld-linux-x86-64.so.2
7e4618ab8000-7e4618aba000 r--p 00036000 103:05 14944731                  /usr/lib/x86_64-linux-gnu/ld-linux-x86-64.so.2
7e4618aba000-7e4618abc000 rw-p 00038000 103:05 14944731                  /usr/lib/x86_64-linux-gnu/ld-linux-x86-64.so.2
7ffd2496d000-7ffd24990000 rw-p 00000000 00:00 0                          [stack]
7ffd249ad000-7ffd249b1000 r--p 00000000 00:00 0                          [vvar]
7ffd249b1000-7ffd249b3000 r-xp 00000000 00:00 0                          [vdso]
ffffffffff600000-ffffffffff601000 --xp 00000000 00:00 0                  [vsyscall]


VM Arguments:
java_command: engine.framework.Start
java_class_path (initial): /home/cookiebot/JavaProjects/HodgePodgeBarrage/target/classes:/home/cookiebot/.m2/repository/org/lwjgl/lwjgl/3.3.6/lwjgl-3.3.6.jar:/home/cookiebot/.m2/repository/org/lwjgl/lwjgl-assimp/3.3.6/lwjgl-assimp-3.3.6.jar:/home/cookiebot/.m2/repository/org/lwjgl/lwjgl-bgfx/3.3.6/lwjgl-bgfx-3.3.6.jar:/home/cookiebot/.m2/repository/org/lwjgl/lwjgl-cuda/3.3.6/lwjgl-cuda-3.3.6.jar:/home/cookiebot/.m2/repository/org/lwjgl/lwjgl-egl/3.3.6/lwjgl-egl-3.3.6.jar:/home/cookiebot/.m2/repository/org/lwjgl/lwjgl-fmod/3.3.6/lwjgl-fmod-3.3.6.jar:/home/cookiebot/.m2/repository/org/lwjgl/lwjgl-freetype/3.3.6/lwjgl-freetype-3.3.6.jar:/home/cookiebot/.m2/repository/org/lwjgl/lwjgl-glfw/3.3.6/lwjgl-glfw-3.3.6.jar:/home/cookiebot/.m2/repository/org/lwjgl/lwjgl-harfbuzz/3.3.6/lwjgl-harfbuzz-3.3.6.jar:/home/cookiebot/.m2/repository/org/lwjgl/lwjgl-hwloc/3.3.6/lwjgl-hwloc-3.3.6.jar:/home/cookiebot/.m2/repository/org/lwjgl/lwjgl-jawt/3.3.6/lwjgl-jawt-3.3.6.jar:/home/cookiebot/.m2/repository/org/lwjgl/lwjgl-jemalloc/3.3.6/lwjgl-jemalloc-3.3.6.jar:/home/cookiebot/.m2/repository/org/lwjgl/lwjgl-ktx/3.3.6/lwjgl-ktx-3.3.6.jar:/home/cookiebot/.m2/repository/org/lwjgl/lwjgl-libdivide/3.3.6/lwjgl-libdivide-3.3.6.jar:/home/cookiebot/.m2/repository/org/lwjgl/lwjgl-llvm/3.3.6/lwjgl-llvm-3.3.6.jar:/home/cookiebot/.m2/repository/org/lwjgl/lwjgl-lmdb/3.3.6/lwjgl-lmdb-3.3.6.jar:/home/cookiebot/.m2/repository/org/lwjgl/lwjgl-lz4/3.3.6/lwjgl-lz4-3.3.6.jar:/home/cookiebot/.m2/repository/org/lwjgl/lwjgl-meow/3.3.6/lwjgl-meow-3.3.6.jar:/home/cookiebot/.m2/repository/org/lwjgl/lwjgl-meshoptimizer/3.3.6/lwjgl-meshoptimizer-3.3.6.jar:/home/cookiebot/.m2/repository/org/lwjgl/lwjgl-msdfgen/3.3.6/lwjgl-msdfgen-3.3.6.jar:/home/cookiebot/.m2/repository/org/lwjgl/lwjgl-nanovg/3.3.6/lwjgl-nanovg-3.3.6.jar:/home/cookiebot/.m2/repository/org/lwjgl/lwjgl-nfd/3.3.6/lwjgl-nfd-3.3.6.jar:/home/cookiebot/.m2/repository/org/lwjgl/lwjgl-nuklear/3.3.6/lwjgl-nuklear-3.3.6.jar:/home/cookiebot/.m2/repository/org/l
Launcher Type: SUN_STANDARD

[Global flags]
     intx CICompilerCount                          = 4                                         {product} {ergonomic}
     uint ConcGCThreads                            = 3                                         {product} {ergonomic}
     uint G1ConcRefinementThreads                  = 10                                        {product} {ergonomic}
   size_t G1HeapRegionSize                         = 4194304                                   {product} {ergonomic}
    uintx GCDrainStackTargetSize                   = 64                                        {product} {ergonomic}
   size_t InitialHeapSize                          = 524288000                                 {product} {ergonomic}
   size_t MarkStackSize                            = 4194304                                   {product} {ergonomic}
   size_t MaxHeapSize                              = 8355053568                                {product} {ergonomic}
   size_t MaxNewSize                               = 5012193280                                {product} {ergonomic}
   size_t MinHeapDeltaBytes                        = 4194304                                   {product} {ergonomic}
   size_t MinHeapSize                              = 8388608                                   {product} {ergonomic}
    uintx NonNMethodCodeHeapSize                   = 5839372                                {pd product} {ergonomic}
    uintx NonProfiledCodeHeapSize                  = 122909434                              {pd product} {ergonomic}
    uintx ProfiledCodeHeapSize                     = 122909434                              {pd product} {ergonomic}
    uintx ReservedCodeCacheSize                    = 251658240                              {pd product} {ergonomic}
     bool SegmentedCodeCache                       = true                                      {product} {ergonomic}
   size_t SoftMaxHeapSize                          = 8355053568                             {manageable} {ergonomic}
     bool UseCompressedClassPointers               = true                           {product lp64_product} {ergonomic}
     bool UseCompressedOops                        = true                           {product lp64_product} {ergonomic}
     bool UseG1GC                                  = true                                      {product} {ergonomic}

Logging:
Log output configuration:
 #0: stdout all=warning uptime,level,tags
 #1: stderr all=off uptime,level,tags

Environment Variables:
JAVA_HOME=/usr/lib/jvm/java-17-amazon-corretto
PATH=/usr/local/sbin:/usr/local/bin:/usr/sbin:/usr/bin:/sbin:/bin:/usr/games:/usr/local/games:/snap/bin:/snap/bin
USERNAME=cookiebot
SHELL=/bin/bash
DISPLAY=:0
LANG=en_US.UTF-8

Active Locale:
LC_ALL=en_US.UTF-8
LC_COLLATE=en_US.UTF-8
LC_CTYPE=en_US.UTF-8
LC_MESSAGES=en_US.UTF-8
LC_MONETARY=en_US.UTF-8
LC_NUMERIC=en_US.UTF-8
LC_TIME=en_US.UTF-8

Signal Handlers:
   SIGSEGV: 