#
# A fatal error has been detected by the Java Runtime Environment:
#
#  SIGSEGV (0xb) at pc=0x0000714bba07b504, pid=10315, tid=10349
#
# JRE version: OpenJDK Runtime Environment Corretto-17.0.15.6.1 (17.0.15+6) (build 17.0.15+6-LTS)
# Java VM: OpenJDK 64-Bit Server VM Corretto-17.0.15.6.1 (17.0.15+6-LTS, mixed mode, sharing, tiered, compressed oops, compressed class ptrs, g1 gc, linux-amd64)
# Problematic frame:
# C  [libglfw.so+0x12504]
#
# Core dump will be written. Default location: Core dumps may be processed with "/usr/share/apport/apport -p%p -s%s -c%c -d%d -P%P -u%u -g%g -F%F -- %E" (or dumping to /home/cookiebot/JavaProjects/HodgePodgeBarrage/core.10315)
#
# If you would like to submit a bug report, please visit:
#   https://github.com/corretto/corretto-17/issues/
# The crash happened outside the Java Virtual Machine in native code.
# See problematic frame for where to report the bug.
#

---------------  S U M M A R Y ------------

Command Line: -agentlib:jdwp=transport=dt_socket,server=n,address=44423 engine.framework.Start

Host: Intel(R) Core(TM) i7-10750H CPU @ 2.60GHz, 12 cores, 31G, Ubuntu 24.04.2 LTS
Time: Sat Sep  6 21:12:18 2025 CDT elapsed time: 0.467429 seconds (0d 0h 0m 0s)

---------------  T H R E A D  ---------------

Current thread (0x0000714c40266490):  JavaThread "Thread-1" [_thread_in_native, id=10349, stack(0x0000714bb8100000,0x0000714bb8200000)]

Stack: [0x0000714bb8100000,0x0000714bb8200000],  sp=0x0000714bb81fe5c0,  free space=1017k
Native frames: (J=compiled Java code, j=interpreted, Vv=VM code, C=native code)
C  [libglfw.so+0x12504]

Java frames: (J=compiled Java code, j=interpreted, Vv=VM code)
j  org.lwjgl.system.JNI.invokeI(J)I+0
j  org.lwjgl.glfw.GLFW.glfwInit()Z+8
j  engine.framework.NewWindow.init()V+10
j  engine.framework.NewEngine.run()V+4
j  java.lang.Thread.run()V+11 java.base@17.0.15
v  ~StubRoutines::call_stub

siginfo: si_signo: 11 (SIGSEGV), si_code: 2 (SEGV_ACCERR), si_addr: 0x0000714b701ad061

Registers:
RAX=0x0000714b701ad061, RBX=0x0000714b701acfe1, RCX=0x0000714bba09b9a8, RDX=0x0000000000000020
RSP=0x0000714bb81fe5c0, RBP=0x0000000000000000, RSI=0x0000714bba09b9a8, RDI=0x0000714b701acfe1
R8 =0x1999999999999999, R9 =0x0000000000000000, R10=0x0000714c475b1fc0, R11=0x0000714c475b28c0
R12=0x0000714bba0dc500, R13=0x0000714bba09b9c9, R14=0x0000714bb81fe848, R15=0x0000714c40266490
RIP=0x0000714bba07b504, EFLAGS=0x0000000000010246, CSGSFS=0x002b000000000033, ERR=0x0000000000000006
  TRAPNO=0x000000000000000e

XMM[0]=0x3030303064323863 0x3030303030303330
XMM[1]=0x0000000000000000 0x000000ffffffffff
XMM[2]=0x00000000ffffffff 0xffffff0000000000
XMM[3]=0x0000000000000000 0x0000000000000000
XMM[4]=0x3030303031303030 0x3030303038326136
XMM[5]=0x0000000000000000 0x0000000000000000
XMM[6]=0x776f6470642c3362 0x3a622c30623a612c
XMM[7]=0xffffffffffffffff 0xffffffffffffffff
XMM[8]=0x0000714b700d9d70 0x0000714b700d9310
XMM[9]=0x0000000000000000 0x0000000000000140
XMM[10]=0x0000000000000000 0x00000000000000a0
XMM[11]=0x0000000000000000 0x00000000000000a0
XMM[12]=0x0000000000000000 0x00000000000000a0
XMM[13]=0x0000000000000000 0x00000000000000a0
XMM[14]=0x0000000000000000 0x0000000000000280
XMM[15]=0x0000000000000000 0x0000000000000000
  MXCSR=0x00001fa0


Register to memory mapping:

RAX=0x0000714b701ad061 is an unknown value
RBX=0x0000714b701acfe1 points into unknown readable memory: 00 00 00 00 00 00 00
RCX=0x0000714bba09b9a8: <offset 0x00000000000329a8> in /tmp/lwjgl_cookiebot/3.3.6+1/x64/libglfw.so at 0x0000714bba069000
RDX=0x0000000000000020 is an unknown value
RSP=0x0000714bb81fe5c0 is pointing into the stack for thread: 0x0000714c40266490
RBP=0x0 is NULL
RSI=0x0000714bba09b9a8: <offset 0x00000000000329a8> in /tmp/lwjgl_cookiebot/3.3.6+1/x64/libglfw.so at 0x0000714bba069000
RDI=0x0000714b701acfe1 points into unknown readable memory: 00 00 00 00 00 00 00
R8 =0x1999999999999999 is an unknown value
R9 =0x0 is NULL
R10=0x0000714c475b1fc0: <offset 0x00000000001b1fc0> in /lib/x86_64-linux-gnu/libc.so.6 at 0x0000714c47400000
R11=0x0000714c475b28c0: <offset 0x00000000001b28c0> in /lib/x86_64-linux-gnu/libc.so.6 at 0x0000714c47400000
R12=0x0000714bba0dc500: <offset 0x0000000000073500> in /tmp/lwjgl_cookiebot/3.3.6+1/x64/libglfw.so at 0x0000714bba069000
R13=0x0000714bba09b9c9: <offset 0x00000000000329c9> in /tmp/lwjgl_cookiebot/3.3.6+1/x64/libglfw.so at 0x0000714bba069000
R14=0x0000714bb81fe848 is pointing into the stack for thread: 0x0000714c40266490
R15=0x0000714c40266490 is a thread


Top of Stack: (sp=0x0000714bb81fe5c0)
0x0000714bb81fe5c0:   0000714bb81fe600 0000714bb81fe5f0
0x0000714bb81fe5d0:   0000714bb81fe5e8 0000714b701ad061
0x0000714bb81fe5e0:   0000003000000028 0000714bba09b9a8
0x0000714bb81fe5f0:   0000714bba09a7e0 0000000000000000
0x0000714bb81fe600:   0000714bba0cc7a1 0000714b701ad082
0x0000714bb81fe610:   0000714bba0cc753 0000714b701ad086
0x0000714bb81fe620:   0000714bba0cbf6c 0000714b701ad08a
0x0000714bb81fe630:   0000714bba0c86fa 0000714b701ad08e
0x0000714bb81fe640:   0000714bba0ca344 0000714b701ad09a
0x0000714bb81fe650:   0000714bba09a7e9 0000714b701ad09e
0x0000714bb81fe660:   0000714bba09a7ef 0000714b701ad0a2
0x0000714bb81fe670:   0000714bba09a7f5 0000714b701ad092
0x0000714bb81fe680:   0000714bba09a802 0000714b701ad096
0x0000714bb81fe690:   0000714bba09a810 0000714b701ad0a6
0x0000714bb81fe6a0:   0000714bba09a81a 0000714b701ad0aa
0x0000714bb81fe6b0:   0000714bba09a825 0000714b701ad0ae
0x0000714bb81fe6c0:   0000714bba09a82a 0000714b701ad0b2
0x0000714bb81fe6d0:   0000714bba09a832 0000714b701ad0b6
0x0000714bb81fe6e0:   0000714bba09a839 0000714b701ad0ba
0x0000714bb81fe6f0:   0000714bba09a840 0000714b701ad0ce
0x0000714bb81fe700:   0000714bba09a84c 0000714b701ad0d2
0x0000714bb81fe710:   0000714bba09a859 0000714b701ad0be
0x0000714bb81fe720:   0000714bba09a85f 0000714b701ad0c2
0x0000714bb81fe730:   0000714bba09a865 0000714b701ad0c6
0x0000714bb81fe740:   0000714bba09a86c 0000714b701ad0ca
0x0000714bb81fe750:   000000010000006a 0000714bba0da358
0x0000714bb81fe760:   0000714bba0db730 0000714bba0dc500
0x0000714bb81fe770:   0000714bbb4e00c8 0000714bb81fe848
0x0000714bb81fe780:   0000714c40266490 0000714bba07bdea
0x0000714bb81fe790:   0000714bbb4e00c8 0000714bba0fce4c
0x0000714bb81fe7a0:   0000000000000000 0000714bba07afa4
0x0000714bb81fe7b0:   0000714bb81fe820 0000714c309479c7 

Instructions: (pc=0x0000714bba07b504)
0x0000714bba07b404:   00 48 89 84 24 28 01 00 00 48 8d 05 2c f4 01 00
0x0000714bba07b414:   48 89 84 24 30 01 00 00 48 8d 87 ed 00 00 00 48
0x0000714bba07b424:   89 84 24 38 01 00 00 48 8d 05 1a f4 01 00 48 89
0x0000714bba07b434:   84 24 40 01 00 00 48 8d 87 f1 00 00 00 48 89 84
0x0000714bba07b444:   24 48 01 00 00 48 8d 05 09 f4 01 00 48 89 84 24
0x0000714bba07b454:   50 01 00 00 48 8d 87 dd 00 00 00 48 89 84 24 58
0x0000714bba07b464:   01 00 00 48 8d 05 f1 f3 01 00 48 89 84 24 60 01
0x0000714bba07b474:   00 00 48 8d 87 e1 00 00 00 48 89 84 24 68 01 00
0x0000714bba07b484:   00 48 8d 05 d9 f3 01 00 48 89 84 24 70 01 00 00
0x0000714bba07b494:   48 8d 87 e5 00 00 00 48 89 84 24 78 01 00 00 48
0x0000714bba07b4a4:   8d 05 c2 f3 01 00 48 89 84 24 80 01 00 00 48 8d
0x0000714bba07b4b4:   87 e9 00 00 00 48 89 84 24 88 01 00 00 0f b6 06
0x0000714bba07b4c4:   84 c0 75 18 e9 13 02 00 00 0f 1f 00 48 83 c2 01
0x0000714bba07b4d4:   0f b6 04 11 84 c0 0f 84 00 02 00 00 3c 2c 75 ec
0x0000714bba07b4e4:   48 83 fa 20 0f 85 f2 01 00 00 f3 0f 6f 01 48 8d
0x0000714bba07b4f4:   83 80 00 00 00 4c 8d 69 21 31 ed 48 89 44 24 18
0x0000714bba07b504:   0f 11 83 80 00 00 00 f3 0f 6f 49 10 4c 89 6c 24
0x0000714bba07b514:   28 0f 11 8b 90 00 00 00 0f b6 41 21 84 c0 75 1d
0x0000714bba07b524:   e9 b7 01 00 00 0f 1f 80 00 00 00 00 48 83 c5 01
0x0000714bba07b534:   0f b6 44 29 21 84 c0 0f 84 9f 01 00 00 3c 2c 75
0x0000714bba07b544:   eb 48 83 fd 7f 0f 87 91 01 00 00 48 89 ea 4c 89
0x0000714bba07b554:   ee 49 8d 6c 2d 01 48 89 df e8 3e dd ff ff 0f b6
0x0000714bba07b564:   45 00 48 8d 74 24 28 48 89 6c 24 28 48 89 74 24
0x0000714bba07b574:   10 84 c0 0f 84 19 01 00 00 0f 1f 00 83 e8 2b a8
0x0000714bba07b584:   fd 0f 84 b8 02 00 00 48 8d 44 24 30 45 31 ed 48
0x0000714bba07b594:   89 44 24 08 48 8b 44 24 08 4d 89 ec 49 c1 e4 04
0x0000714bba07b5a4:   4e 8b 3c 20 4c 89 ff e8 a0 db ff ff 4c 89 fe 48
0x0000714bba07b5b4:   89 ef 48 89 c2 49 89 c6 e8 cf da ff ff 85 c0 0f
0x0000714bba07b5c4:   85 3f 01 00 00 42 80 7c 35 00 3a 0f 85 33 01 00
0x0000714bba07b5d4:   00 4a 8d 6c 35 01 4e 8b 74 24 38 48 89 6c 24 28
0x0000714bba07b5e4:   4d 85 f6 0f 84 3b 01 00 00 0f b6 55 00 80 fa 2b
0x0000714bba07b5f4:   0f 84 de 01 00 00 41 bc 01 00 00 00 41 bf ff ff 


Stack slot to memory mapping:
stack at sp + 0 slots: 0x0000714bb81fe600 is pointing into the stack for thread: 0x0000714c40266490
stack at sp + 1 slots: 0x0000714bb81fe5f0 is pointing into the stack for thread: 0x0000714c40266490
stack at sp + 2 slots: 0x0000714bb81fe5e8 is pointing into the stack for thread: 0x0000714c40266490
stack at sp + 3 slots: 0x0000714b701ad061 is an unknown value
stack at sp + 4 slots: 0x0000003000000028 is an unknown value
stack at sp + 5 slots: 0x0000714bba09b9a8: <offset 0x00000000000329a8> in /tmp/lwjgl_cookiebot/3.3.6+1/x64/libglfw.so at 0x0000714bba069000
stack at sp + 6 slots: 0x0000714bba09a7e0: <offset 0x00000000000317e0> in /tmp/lwjgl_cookiebot/3.3.6+1/x64/libglfw.so at 0x0000714bba069000
stack at sp + 7 slots: 0x0 is NULL


---------------  P R O C E S S  ---------------

Threads class SMR info:
_java_thread_list=0x0000714b94280940, length=19, elements={
0x0000714c4015e970, 0x0000714c4015fd50, 0x0000714c401652e0, 0x0000714c40166690,
0x0000714c40167aa0, 0x0000714c40169450, 0x0000714c4016a980, 0x0000714c40173de0,
0x0000714c4018d690, 0x0000714c40190420, 0x0000714b8c001130, 0x0000714c401912f0,
0x0000714c40195410, 0x0000714c40240ad0, 0x0000714b941edf80, 0x0000714c40266490,
0x0000714b6c001ae0, 0x0000714c4002d870, 0x0000714b9427fec0
}

Java Threads: ( => current thread )
  0x0000714c4015e970 JavaThread "Reference Handler" daemon [_thread_blocked, id=10327, stack(0x0000714bbaf00000,0x0000714bbb000000)]
  0x0000714c4015fd50 JavaThread "Finalizer" daemon [_thread_blocked, id=10328, stack(0x0000714bbae00000,0x0000714bbaf00000)]
  0x0000714c401652e0 JavaThread "Signal Dispatcher" daemon [_thread_blocked, id=10329, stack(0x0000714bba700000,0x0000714bba800000)]
  0x0000714c40166690 JavaThread "Service Thread" daemon [_thread_blocked, id=10330, stack(0x0000714bba600000,0x0000714bba700000)]
  0x0000714c40167aa0 JavaThread "Monitor Deflation Thread" daemon [_thread_blocked, id=10331, stack(0x0000714bba500000,0x0000714bba600000)]
  0x0000714c40169450 JavaThread "C2 CompilerThread0" daemon [_thread_blocked, id=10332, stack(0x0000714bba400000,0x0000714bba500000)]
  0x0000714c4016a980 JavaThread "C1 CompilerThread0" daemon [_thread_in_vm, id=10333, stack(0x0000714bba300000,0x0000714bba400000)]
  0x0000714c40173de0 JavaThread "Sweeper thread" daemon [_thread_blocked, id=10334, stack(0x0000714bba200000,0x0000714bba300000)]
  0x0000714c4018d690 JavaThread "JDWP Transport Listener: dt_socket" daemon [_thread_blocked, id=10335, stack(0x0000714bba100000,0x0000714bba200000)]
  0x0000714c40190420 JavaThread "JDWP Event Helper Thread" daemon [_thread_blocked, id=10336, stack(0x0000714bb9d00000,0x0000714bb9e00000)]
  0x0000714b8c001130 JavaThread "JDWP Command Reader" daemon [_thread_in_native, id=10338, stack(0x0000714bb9c00000,0x0000714bb9d00000)]
  0x0000714c401912f0 JavaThread "Notification Thread" daemon [_thread_blocked, id=10343, stack(0x0000714bb9b00000,0x0000714bb9c00000)]
  0x0000714c40195410 JavaThread "Common-Cleaner" daemon [_thread_blocked, id=10345, stack(0x0000714bb98ff000,0x0000714bb99ff000)]
  0x0000714c40240ad0 JavaThread "Java2D Disposer" daemon [_thread_blocked, id=10346, stack(0x0000714bb9100000,0x0000714bb9200000)]
  0x0000714b941edf80 JavaThread "C2 CompilerThread1" daemon [_thread_in_native, id=10347, stack(0x0000714bb8d00000,0x0000714bb8e00000)]
=>0x0000714c40266490 JavaThread "Thread-1" [_thread_in_native, id=10349, stack(0x0000714bb8100000,0x0000714bb8200000)]
  0x0000714b6c001ae0 JavaThread "Thread-2" [_thread_in_Java, id=10350, stack(0x0000714bb8000000,0x0000714bb8100000)]
  0x0000714c4002d870 JavaThread "DestroyJavaVM" [_thread_blocked, id=10316, stack(0x0000714c47617000,0x0000714c47717000)]
  0x0000714b9427fec0 JavaThread "C2 CompilerThread2" daemon [_thread_blocked, id=10351, stack(0x0000714bb8500000,0x0000714bb8600000)]

Other Threads:
  0x0000714c4015a9e0 VMThread "VM Thread" [stack: 0x0000714c14100000,0x0000714c14200000] [id=10326]
  0x0000714c40192b40 WatcherThread [stack: 0x0000714bb9a00000,0x0000714bb9b00000] [id=10344]
  0x0000714c4005bd10 GCTaskThread "GC Thread#0" [stack: 0x0000714c447f9000,0x0000714c448f9000] [id=10317]
  0x0000714c4006cc30 ConcurrentGCThread "G1 Main Marker" [stack: 0x0000714c446f8000,0x0000714c447f8000] [id=10318]
  0x0000714c4006dba0 ConcurrentGCThread "G1 Conc#0" [stack: 0x0000714c445f7000,0x0000714c446f7000] [id=10319]
  0x0000714c4012b130 ConcurrentGCThread "G1 Refine#0" [stack: 0x0000714c145fb000,0x0000714c146fb000] [id=10320]
  0x0000714c4012c030 ConcurrentGCThread "G1 Service" [stack: 0x0000714c144fa000,0x0000714c145fa000] [id=10321]

Threads with active compile tasks:
C1 CompilerThread0      473  881       3       java.util.StringTokenizer::skipDelimiters (116 bytes)

VM state: not at safepoint (normal execution)

VM Mutex/Monitor currently owned by a thread: None

Heap address: 0x000000060e000000, size: 7968 MB, Compressed Oops mode: Zero based, Oop shift amount: 3

CDS archive(s) mapped at: [0x0000714bbf000000-0x0000714bbfbca000-0x0000714bbfbca000), size 12361728, SharedBaseAddress: 0x0000714bbf000000, ArchiveRelocationMode: 1.
Compressed class space mapped at: 0x0000714bc0000000-0x0000714c00000000, reserved size: 1073741824
Narrow klass base: 0x0000714bbf000000, Narrow klass shift: 0, Narrow klass range: 0x100000000

GC Precious Log:
 CPUs: 12 total, 12 available
 Memory: 31861M
 Large Page Support: Disabled
 NUMA Support: Disabled
 Compressed Oops: Enabled (Zero based)
 Heap Region Size: 4M
 Heap Min Capacity: 8M
 Heap Initial Capacity: 500M
 Heap Max Capacity: 7968M
 Pre-touch: Disabled
 Parallel Workers: 10
 Concurrent Workers: 3
 Concurrent Refinement Workers: 10
 Periodic GC: Disabled

Heap:
 garbage-first heap   total 520192K, used 16308K [0x000000060e000000, 0x0000000800000000)
  region size 4096K, 4 young (16384K), 0 survivors (0K)
 Metaspace       used 4364K, committed 4608K, reserved 1114112K
  class space    used 359K, committed 512K, reserved 1048576K

Heap Regions: E=young(eden), S=young(survivor), O=old, HS=humongous(starts), HC=humongous(continues), CS=collection set, F=free, OA=open archive, CA=closed archive, TAMS=top-at-mark-start (previous, next)
|   0|0x000000060e000000, 0x000000060e000000, 0x000000060e400000|  0%| F|  |TAMS 0x000000060e000000, 0x000000060e000000| Untracked 
|   1|0x000000060e400000, 0x000000060e400000, 0x000000060e800000|  0%| F|  |TAMS 0x000000060e400000, 0x000000060e400000| Untracked 
|   2|0x000000060e800000, 0x000000060e800000, 0x000000060ec00000|  0%| F|  |TAMS 0x000000060e800000, 0x000000060e800000| Untracked 
|   3|0x000000060ec00000, 0x000000060ec00000, 0x000000060f000000|  0%| F|  |TAMS 0x000000060ec00000, 0x000000060ec00000| Untracked 
|   4|0x000000060f000000, 0x000000060f000000, 0x000000060f400000|  0%| F|  |TAMS 0x000000060f000000, 0x000000060f000000| Untracked 
|   5|0x000000060f400000, 0x000000060f400000, 0x000000060f800000|  0%| F|  |TAMS 0x000000060f400000, 0x000000060f400000| Untracked 
|   6|0x000000060f800000, 0x000000060f800000, 0x000000060fc00000|  0%| F|  |TAMS 0x000000060f800000, 0x000000060f800000| Untracked 
|   7|0x000000060fc00000, 0x000000060fc00000, 0x0000000610000000|  0%| F|  |TAMS 0x000000060fc00000, 0x000000060fc00000| Untracked 
|   8|0x0000000610000000, 0x0000000610000000, 0x0000000610400000|  0%| F|  |TAMS 0x0000000610000000, 0x0000000610000000| Untracked 
|   9|0x0000000610400000, 0x0000000610400000, 0x0000000610800000|  0%| F|  |TAMS 0x0000000610400000, 0x0000000610400000| Untracked 
|  10|0x0000000610800000, 0x0000000610800000, 0x0000000610c00000|  0%| F|  |TAMS 0x0000000610800000, 0x0000000610800000| Untracked 
|  11|0x0000000610c00000, 0x0000000610c00000, 0x0000000611000000|  0%| F|  |TAMS 0x0000000610c00000, 0x0000000610c00000| Untracked 
|  12|0x0000000611000000, 0x0000000611000000, 0x0000000611400000|  0%| F|  |TAMS 0x0000000611000000, 0x0000000611000000| Untracked 
|  13|0x0000000611400000, 0x0000000611400000, 0x0000000611800000|  0%| F|  |TAMS 0x0000000611400000, 0x0000000611400000| Untracked 
|  14|0x0000000611800000, 0x0000000611800000, 0x0000000611c00000|  0%| F|  |TAMS 0x0000000611800000, 0x0000000611800000| Untracked 
|  15|0x0000000611c00000, 0x0000000611c00000, 0x0000000612000000|  0%| F|  |TAMS 0x0000000611c00000, 0x0000000611c00000| Untracked 
|  16|0x0000000612000000, 0x0000000612000000, 0x0000000612400000|  0%| F|  |TAMS 0x0000000612000000, 0x0000000612000000| Untracked 
|  17|0x0000000612400000, 0x0000000612400000, 0x0000000612800000|  0%| F|  |TAMS 0x0000000612400000, 0x0000000612400000| Untracked 
|  18|0x0000000612800000, 0x0000000612800000, 0x0000000612c00000|  0%| F|  |TAMS 0x0000000612800000, 0x0000000612800000| Untracked 
|  19|0x0000000612c00000, 0x0000000612c00000, 0x0000000613000000|  0%| F|  |TAMS 0x0000000612c00000, 0x0000000612c00000| Untracked 
|  20|0x0000000613000000, 0x0000000613000000, 0x0000000613400000|  0%| F|  |TAMS 0x0000000613000000, 0x0000000613000000| Untracked 
|  21|0x0000000613400000, 0x0000000613400000, 0x0000000613800000|  0%| F|  |TAMS 0x0000000613400000, 0x0000000613400000| Untracked 
|  22|0x0000000613800000, 0x0000000613800000, 0x0000000613c00000|  0%| F|  |TAMS 0x0000000613800000, 0x0000000613800000| Untracked 
|  23|0x0000000613c00000, 0x0000000613c00000, 0x0000000614000000|  0%| F|  |TAMS 0x0000000613c00000, 0x0000000613c00000| Untracked 
|  24|0x0000000614000000, 0x0000000614000000, 0x0000000614400000|  0%| F|  |TAMS 0x0000000614000000, 0x0000000614000000| Untracked 
|  25|0x0000000614400000, 0x0000000614400000, 0x0000000614800000|  0%| F|  |TAMS 0x0000000614400000, 0x0000000614400000| Untracked 
|  26|0x0000000614800000, 0x0000000614800000, 0x0000000614c00000|  0%| F|  |TAMS 0x0000000614800000, 0x0000000614800000| Untracked 
|  27|0x0000000614c00000, 0x0000000614c00000, 0x0000000615000000|  0%| F|  |TAMS 0x0000000614c00000, 0x0000000614c00000| Untracked 
|  28|0x0000000615000000, 0x0000000615000000, 0x0000000615400000|  0%| F|  |TAMS 0x0000000615000000, 0x0000000615000000| Untracked 
|  29|0x0000000615400000, 0x0000000615400000, 0x0000000615800000|  0%| F|  |TAMS 0x0000000615400000, 0x0000000615400000| Untracked 
|  30|0x0000000615800000, 0x0000000615800000, 0x0000000615c00000|  0%| F|  |TAMS 0x0000000615800000, 0x0000000615800000| Untracked 
|  31|0x0000000615c00000, 0x0000000615c00000, 0x0000000616000000|  0%| F|  |TAMS 0x0000000615c00000, 0x0000000615c00000| Untracked 
|  32|0x0000000616000000, 0x0000000616000000, 0x0000000616400000|  0%| F|  |TAMS 0x0000000616000000, 0x0000000616000000| Untracked 
|  33|0x0000000616400000, 0x0000000616400000, 0x0000000616800000|  0%| F|  |TAMS 0x0000000616400000, 0x0000000616400000| Untracked 
|  34|0x0000000616800000, 0x0000000616800000, 0x0000000616c00000|  0%| F|  |TAMS 0x0000000616800000, 0x0000000616800000| Untracked 
|  35|0x0000000616c00000, 0x0000000616c00000, 0x0000000617000000|  0%| F|  |TAMS 0x0000000616c00000, 0x0000000616c00000| Untracked 
|  36|0x0000000617000000, 0x0000000617000000, 0x0000000617400000|  0%| F|  |TAMS 0x0000000617000000, 0x0000000617000000| Untracked 
|  37|0x0000000617400000, 0x0000000617400000, 0x0000000617800000|  0%| F|  |TAMS 0x0000000617400000, 0x0000000617400000| Untracked 
|  38|0x0000000617800000, 0x0000000617800000, 0x0000000617c00000|  0%| F|  |TAMS 0x0000000617800000, 0x0000000617800000| Untracked 
|  39|0x0000000617c00000, 0x0000000617c00000, 0x0000000618000000|  0%| F|  |TAMS 0x0000000617c00000, 0x0000000617c00000| Untracked 
|  40|0x0000000618000000, 0x0000000618000000, 0x0000000618400000|  0%| F|  |TAMS 0x0000000618000000, 0x0000000618000000| Untracked 
|  41|0x0000000618400000, 0x0000000618400000, 0x0000000618800000|  0%| F|  |TAMS 0x0000000618400000, 0x0000000618400000| Untracked 
|  42|0x0000000618800000, 0x0000000618800000, 0x0000000618c00000|  0%| F|  |TAMS 0x0000000618800000, 0x0000000618800000| Untracked 
|  43|0x0000000618c00000, 0x0000000618c00000, 0x0000000619000000|  0%| F|  |TAMS 0x0000000618c00000, 0x0000000618c00000| Untracked 
|  44|0x0000000619000000, 0x0000000619000000, 0x0000000619400000|  0%| F|  |TAMS 0x0000000619000000, 0x0000000619000000| Untracked 
|  45|0x0000000619400000, 0x0000000619400000, 0x0000000619800000|  0%| F|  |TAMS 0x0000000619400000, 0x0000000619400000| Untracked 
|  46|0x0000000619800000, 0x0000000619800000, 0x0000000619c00000|  0%| F|  |TAMS 0x0000000619800000, 0x0000000619800000| Untracked 
|  47|0x0000000619c00000, 0x0000000619c00000, 0x000000061a000000|  0%| F|  |TAMS 0x0000000619c00000, 0x0000000619c00000| Untracked 
|  48|0x000000061a000000, 0x000000061a000000, 0x000000061a400000|  0%| F|  |TAMS 0x000000061a000000, 0x000000061a000000| Untracked 
|  49|0x000000061a400000, 0x000000061a400000, 0x000000061a800000|  0%| F|  |TAMS 0x000000061a400000, 0x000000061a400000| Untracked 
|  50|0x000000061a800000, 0x000000061a800000, 0x000000061ac00000|  0%| F|  |TAMS 0x000000061a800000, 0x000000061a800000| Untracked 
|  51|0x000000061ac00000, 0x000000061ac00000, 0x000000061b000000|  0%| F|  |TAMS 0x000000061ac00000, 0x000000061ac00000| Untracked 
|  52|0x000000061b000000, 0x000000061b000000, 0x000000061b400000|  0%| F|  |TAMS 0x000000061b000000, 0x000000061b000000| Untracked 
|  53|0x000000061b400000, 0x000000061b400000, 0x000000061b800000|  0%| F|  |TAMS 0x000000061b400000, 0x000000061b400000| Untracked 
|  54|0x000000061b800000, 0x000000061b800000, 0x000000061bc00000|  0%| F|  |TAMS 0x000000061b800000, 0x000000061b800000| Untracked 
|  55|0x000000061bc00000, 0x000000061bc00000, 0x000000061c000000|  0%| F|  |TAMS 0x000000061bc00000, 0x000000061bc00000| Untracked 
|  56|0x000000061c000000, 0x000000061c000000, 0x000000061c400000|  0%| F|  |TAMS 0x000000061c000000, 0x000000061c000000| Untracked 
|  57|0x000000061c400000, 0x000000061c400000, 0x000000061c800000|  0%| F|  |TAMS 0x000000061c400000, 0x000000061c400000| Untracked 
|  58|0x000000061c800000, 0x000000061c800000, 0x000000061cc00000|  0%| F|  |TAMS 0x000000061c800000, 0x000000061c800000| Untracked 
|  59|0x000000061cc00000, 0x000000061cc00000, 0x000000061d000000|  0%| F|  |TAMS 0x000000061cc00000, 0x000000061cc00000| Untracked 
|  60|0x000000061d000000, 0x000000061d000000, 0x000000061d400000|  0%| F|  |TAMS 0x000000061d000000, 0x000000061d000000| Untracked 
|  61|0x000000061d400000, 0x000000061d400000, 0x000000061d800000|  0%| F|  |TAMS 0x000000061d400000, 0x000000061d400000| Untracked 
|  62|0x000000061d800000, 0x000000061d800000, 0x000000061dc00000|  0%| F|  |TAMS 0x000000061d800000, 0x000000061d800000| Untracked 
|  63|0x000000061dc00000, 0x000000061dc00000, 0x000000061e000000|  0%| F|  |TAMS 0x000000061dc00000, 0x000000061dc00000| Untracked 
|  64|0x000000061e000000, 0x000000061e000000, 0x000000061e400000|  0%| F|  |TAMS 0x000000061e000000, 0x000000061e000000| Untracked 
|  65|0x000000061e400000, 0x000000061e400000, 0x000000061e800000|  0%| F|  |TAMS 0x000000061e400000, 0x000000061e400000| Untracked 
|  66|0x000000061e800000, 0x000000061e800000, 0x000000061ec00000|  0%| F|  |TAMS 0x000000061e800000, 0x000000061e800000| Untracked 
|  67|0x000000061ec00000, 0x000000061ec00000, 0x000000061f000000|  0%| F|  |TAMS 0x000000061ec00000, 0x000000061ec00000| Untracked 
|  68|0x000000061f000000, 0x000000061f000000, 0x000000061f400000|  0%| F|  |TAMS 0x000000061f000000, 0x000000061f000000| Untracked 
|  69|0x000000061f400000, 0x000000061f400000, 0x000000061f800000|  0%| F|  |TAMS 0x000000061f400000, 0x000000061f400000| Untracked 
|  70|0x000000061f800000, 0x000000061f800000, 0x000000061fc00000|  0%| F|  |TAMS 0x000000061f800000, 0x000000061f800000| Untracked 
|  71|0x000000061fc00000, 0x000000061fc00000, 0x0000000620000000|  0%| F|  |TAMS 0x000000061fc00000, 0x000000061fc00000| Untracked 
|  72|0x0000000620000000, 0x0000000620000000, 0x0000000620400000|  0%| F|  |TAMS 0x0000000620000000, 0x0000000620000000| Untracked 
|  73|0x0000000620400000, 0x0000000620400000, 0x0000000620800000|  0%| F|  |TAMS 0x0000000620400000, 0x0000000620400000| Untracked 
|  74|0x0000000620800000, 0x0000000620800000, 0x0000000620c00000|  0%| F|  |TAMS 0x0000000620800000, 0x0000000620800000| Untracked 
|  75|0x0000000620c00000, 0x0000000620c00000, 0x0000000621000000|  0%| F|  |TAMS 0x0000000620c00000, 0x0000000620c00000| Untracked 
|  76|0x0000000621000000, 0x0000000621000000, 0x0000000621400000|  0%| F|  |TAMS 0x0000000621000000, 0x0000000621000000| Untracked 
|  77|0x0000000621400000, 0x0000000621400000, 0x0000000621800000|  0%| F|  |TAMS 0x0000000621400000, 0x0000000621400000| Untracked 
|  78|0x0000000621800000, 0x0000000621800000, 0x0000000621c00000|  0%| F|  |TAMS 0x0000000621800000, 0x0000000621800000| Untracked 
|  79|0x0000000621c00000, 0x0000000621c00000, 0x0000000622000000|  0%| F|  |TAMS 0x0000000621c00000, 0x0000000621c00000| Untracked 
|  80|0x0000000622000000, 0x0000000622000000, 0x0000000622400000|  0%| F|  |TAMS 0x0000000622000000, 0x0000000622000000| Untracked 
|  81|0x0000000622400000, 0x0000000622400000, 0x0000000622800000|  0%| F|  |TAMS 0x0000000622400000, 0x0000000622400000| Untracked 
|  82|0x0000000622800000, 0x0000000622800000, 0x0000000622c00000|  0%| F|  |TAMS 0x0000000622800000, 0x0000000622800000| Untracked 
|  83|0x0000000622c00000, 0x0000000622c00000, 0x0000000623000000|  0%| F|  |TAMS 0x0000000622c00000, 0x0000000622c00000| Untracked 
|  84|0x0000000623000000, 0x0000000623000000, 0x0000000623400000|  0%| F|  |TAMS 0x0000000623000000, 0x0000000623000000| Untracked 
|  85|0x0000000623400000, 0x0000000623400000, 0x0000000623800000|  0%| F|  |TAMS 0x0000000623400000, 0x0000000623400000| Untracked 
|  86|0x0000000623800000, 0x0000000623800000, 0x0000000623c00000|  0%| F|  |TAMS 0x0000000623800000, 0x0000000623800000| Untracked 
|  87|0x0000000623c00000, 0x0000000623c00000, 0x0000000624000000|  0%| F|  |TAMS 0x0000000623c00000, 0x0000000623c00000| Untracked 
|  88|0x0000000624000000, 0x0000000624000000, 0x0000000624400000|  0%| F|  |TAMS 0x0000000624000000, 0x0000000624000000| Untracked 
|  89|0x0000000624400000, 0x0000000624400000, 0x0000000624800000|  0%| F|  |TAMS 0x0000000624400000, 0x0000000624400000| Untracked 
|  90|0x0000000624800000, 0x0000000624800000, 0x0000000624c00000|  0%| F|  |TAMS 0x0000000624800000, 0x0000000624800000| Untracked 
|  91|0x0000000624c00000, 0x0000000624c00000, 0x0000000625000000|  0%| F|  |TAMS 0x0000000624c00000, 0x0000000624c00000| Untracked 
|  92|0x0000000625000000, 0x0000000625000000, 0x0000000625400000|  0%| F|  |TAMS 0x0000000625000000, 0x0000000625000000| Untracked 
|  93|0x0000000625400000, 0x0000000625400000, 0x0000000625800000|  0%| F|  |TAMS 0x0000000625400000, 0x0000000625400000| Untracked 
|  94|0x0000000625800000, 0x0000000625800000, 0x0000000625c00000|  0%| F|  |TAMS 0x0000000625800000, 0x0000000625800000| Untracked 
|  95|0x0000000625c00000, 0x0000000625c00000, 0x0000000626000000|  0%| F|  |TAMS 0x0000000625c00000, 0x0000000625c00000| Untracked 
|  96|0x0000000626000000, 0x0000000626000000, 0x0000000626400000|  0%| F|  |TAMS 0x0000000626000000, 0x0000000626000000| Untracked 
|  97|0x0000000626400000, 0x0000000626400000, 0x0000000626800000|  0%| F|  |TAMS 0x0000000626400000, 0x0000000626400000| Untracked 
|  98|0x0000000626800000, 0x0000000626800000, 0x0000000626c00000|  0%| F|  |TAMS 0x0000000626800000, 0x0000000626800000| Untracked 
|  99|0x0000000626c00000, 0x0000000626c00000, 0x0000000627000000|  0%| F|  |TAMS 0x0000000626c00000, 0x0000000626c00000| Untracked 
| 100|0x0000000627000000, 0x0000000627000000, 0x0000000627400000|  0%| F|  |TAMS 0x0000000627000000, 0x0000000627000000| Untracked 
| 101|0x0000000627400000, 0x0000000627400000, 0x0000000627800000|  0%| F|  |TAMS 0x0000000627400000, 0x0000000627400000| Untracked 
| 102|0x0000000627800000, 0x0000000627800000, 0x0000000627c00000|  0%| F|  |TAMS 0x0000000627800000, 0x0000000627800000| Untracked 
| 103|0x0000000627c00000, 0x0000000627c00000, 0x0000000628000000|  0%| F|  |TAMS 0x0000000627c00000, 0x0000000627c00000| Untracked 
| 104|0x0000000628000000, 0x0000000628000000, 0x0000000628400000|  0%| F|  |TAMS 0x0000000628000000, 0x0000000628000000| Untracked 
| 105|0x0000000628400000, 0x0000000628400000, 0x0000000628800000|  0%| F|  |TAMS 0x0000000628400000, 0x0000000628400000| Untracked 
| 106|0x0000000628800000, 0x0000000628800000, 0x0000000628c00000|  0%| F|  |TAMS 0x0000000628800000, 0x0000000628800000| Untracked 
| 107|0x0000000628c00000, 0x0000000628c00000, 0x0000000629000000|  0%| F|  |TAMS 0x0000000628c00000, 0x0000000628c00000| Untracked 
| 108|0x0000000629000000, 0x0000000629000000, 0x0000000629400000|  0%| F|  |TAMS 0x0000000629000000, 0x0000000629000000| Untracked 
| 109|0x0000000629400000, 0x0000000629400000, 0x0000000629800000|  0%| F|  |TAMS 0x0000000629400000, 0x0000000629400000| Untracked 
| 110|0x0000000629800000, 0x0000000629800000, 0x0000000629c00000|  0%| F|  |TAMS 0x0000000629800000, 0x0000000629800000| Untracked 
| 111|0x0000000629c00000, 0x0000000629c00000, 0x000000062a000000|  0%| F|  |TAMS 0x0000000629c00000, 0x0000000629c00000| Untracked 
| 112|0x000000062a000000, 0x000000062a000000, 0x000000062a400000|  0%| F|  |TAMS 0x000000062a000000, 0x000000062a000000| Untracked 
| 113|0x000000062a400000, 0x000000062a400000, 0x000000062a800000|  0%| F|  |TAMS 0x000000062a400000, 0x000000062a400000| Untracked 
| 114|0x000000062a800000, 0x000000062a800000, 0x000000062ac00000|  0%| F|  |TAMS 0x000000062a800000, 0x000000062a800000| Untracked 
| 115|0x000000062ac00000, 0x000000062ac00000, 0x000000062b000000|  0%| F|  |TAMS 0x000000062ac00000, 0x000000062ac00000| Untracked 
| 116|0x000000062b000000, 0x000000062b000000, 0x000000062b400000|  0%| F|  |TAMS 0x000000062b000000, 0x000000062b000000| Untracked 
| 117|0x000000062b400000, 0x000000062b400000, 0x000000062b800000|  0%| F|  |TAMS 0x000000062b400000, 0x000000062b400000| Untracked 
| 118|0x000000062b800000, 0x000000062b800000, 0x000000062bc00000|  0%| F|  |TAMS 0x000000062b800000, 0x000000062b800000| Untracked 
| 119|0x000000062bc00000, 0x000000062bc00000, 0x000000062c000000|  0%| F|  |TAMS 0x000000062bc00000, 0x000000062bc00000| Untracked 
| 120|0x000000062c000000, 0x000000062c000000, 0x000000062c400000|  0%| F|  |TAMS 0x000000062c000000, 0x000000062c000000| Untracked 
| 121|0x000000062c400000, 0x000000062c6ebd50, 0x000000062c800000| 73%| E|  |TAMS 0x000000062c400000, 0x000000062c400000| Complete 
| 122|0x000000062c800000, 0x000000062cc00000, 0x000000062cc00000|100%| E|CS|TAMS 0x000000062c800000, 0x000000062c800000| Complete 
| 123|0x000000062cc00000, 0x000000062d000000, 0x000000062d000000|100%| E|CS|TAMS 0x000000062cc00000, 0x000000062cc00000| Complete 
| 124|0x000000062d000000, 0x000000062d400000, 0x000000062d400000|100%| E|CS|TAMS 0x000000062d000000, 0x000000062d000000| Complete 
|1990|0x00000007ff800000, 0x00000007ffb75000, 0x00000007ffc00000| 86%|OA|  |TAMS 0x00000007ff800000, 0x00000007ff800000| Untracked 
|1991|0x00000007ffc00000, 0x00000007ffc78000, 0x0000000800000000| 11%|CA|  |TAMS 0x00000007ffc00000, 0x00000007ffc00000| Untracked 

Card table byte_map: [0x0000714c274e0000,0x0000714c28470000] _byte_map_base: 0x0000714c24470000

Marking Bits (Prev, Next): (CMBitMap*) 0x0000714c4005c7a0, (CMBitMap*) 0x0000714c4005c7e0
 Prev Bits: [0x0000714c1e8d0000, 0x0000714c26550000)
 Next Bits: [0x0000714c16c50000, 0x0000714c1e8d0000)

Polling page: 0x0000714c47a73000

Metaspace:

Usage:
  Non-class:      3.93 MB used.
      Class:    360.16 KB used.
       Both:      4.28 MB used.

Virtual space:
  Non-class space:       64.00 MB reserved,       4.06 MB (  6%) committed,  1 nodes.
      Class space:        1.00 GB reserved,     512.00 KB ( <1%) committed,  1 nodes.
             Both:        1.06 GB reserved,       4.56 MB ( <1%) committed. 

Chunk freelists:
   Non-Class:  10.84 MB
       Class:  15.54 MB
        Both:  26.38 MB

MaxMetaspaceSize: unlimited
CompressedClassSpaceSize: 1.00 GB
Initial GC threshold: 21.00 MB
Current GC threshold: 21.00 MB
CDS: on
MetaspaceReclaimPolicy: balanced
 - commit_granule_bytes: 65536.
 - commit_granule_words: 8192.
 - virtual_space_node_default_size: 8388608.
 - enlarge_chunks_in_place: 1.
 - new_chunks_are_fully_committed: 0.
 - uncommit_free_chunks: 1.
 - use_allocation_guard: 0.
 - handle_deallocations: 1.


Internal statistics:

num_allocs_failed_limit: 0.
num_arena_births: 164.
num_arena_deaths: 0.
num_vsnodes_births: 2.
num_vsnodes_deaths: 0.
num_space_committed: 73.
num_space_uncommitted: 0.
num_chunks_returned_to_freelist: 0.
num_chunks_taken_from_freelist: 250.
num_chunk_merges: 0.
num_chunk_splits: 160.
num_chunks_enlarged: 86.
num_inconsistent_stats: 0.

CodeHeap 'non-profiled nmethods': size=120028Kb used=324Kb max_used=324Kb free=119703Kb
 bounds [0x0000714c30ec9000, 0x0000714c31139000, 0x0000714c38400000]
CodeHeap 'profiled nmethods': size=120028Kb used=1447Kb max_used=1447Kb free=118580Kb
 bounds [0x0000714c29400000, 0x0000714c29670000, 0x0000714c30937000]
CodeHeap 'non-nmethods': size=5704Kb used=1654Kb max_used=1672Kb free=4049Kb
 bounds [0x0000714c30937000, 0x0000714c30ba7000, 0x0000714c30ec9000]
 total_blobs=1920 nmethods=889 adapters=945
 compilation: enabled
              stopped_count=0, restarted_count=0
 full_count=0

Compilation events (20 events):
Event: 0.464 Thread 0x0000714c4016a980 nmethod 855 0x0000714c2955a190 code [0x0000714c2955a340, 0x0000714c2955a4f0]
Event: 0.464 Thread 0x0000714c4016a980  856       3       java.lang.Short::reverseBytes (14 bytes)
Event: 0.464 Thread 0x0000714c40169450 nmethod 853 0x0000714c30f16210 code [0x0000714c30f163c0, 0x0000714c30f164f8]
Event: 0.464 Thread 0x0000714c4016a980 nmethod 856 0x0000714c2955a590 code [0x0000714c2955a720, 0x0000714c2955a810]
Event: 0.464 Thread 0x0000714c4016a980  857       3       java.nio.ByteBufferAsShortBufferB::get (30 bytes)
Event: 0.465 Thread 0x0000714c4016a980 nmethod 857 0x0000714c2955a890 code [0x0000714c2955aae0, 0x0000714c2955b440]
Event: 0.465 Thread 0x0000714c4016a980  858       3       java.nio.ByteBufferAsShortBufferB::byteOffset (9 bytes)
Event: 0.465 Thread 0x0000714c4016a980 nmethod 858 0x0000714c2955b890 code [0x0000714c2955ba20, 0x0000714c2955bb30]
Event: 0.465 Thread 0x0000714c4016a980  860       3       jdk.internal.misc.Unsafe::getShortUnaligned (12 bytes)
Event: 0.465 Thread 0x0000714c4016a980 nmethod 860 0x0000714c2955bb90 code [0x0000714c2955bd40, 0x0000714c2955bf70]
Event: 0.465 Thread 0x0000714c4016a980  861       3       java.nio.ByteBuffer::position (6 bytes)
Event: 0.465 Thread 0x0000714c4016a980 nmethod 861 0x0000714c2955c090 code [0x0000714c2955c240, 0x0000714c2955c420]
Event: 0.466 Thread 0x0000714c40169450  863       4       java.nio.Buffer::scope (17 bytes)
Event: 0.466 Thread 0x0000714c4016a980  864       3       jdk.internal.jimage.ImageLocation::verify (218 bytes)
Event: 0.466 Thread 0x0000714b941edf80 nmethod 849 0x0000714c30f16690 code [0x0000714c30f16820, 0x0000714c30f16bf8]
Event: 0.466 Thread 0x0000714b941edf80  862   !   4       jdk.internal.misc.ScopedMemoryAccess::getByte (20 bytes)
Event: 0.466 Thread 0x0000714c40169450 nmethod 863 0x0000714c30f16e90 code [0x0000714c30f17020, 0x0000714c30f170b8]
Event: 0.466 Thread 0x0000714b941edf80 nmethod 862 0x0000714c30f17190 code [0x0000714c30f17320, 0x0000714c30f173f8]
Event: 0.467 Thread 0x0000714c4016a980 nmethod 864 0x0000714c2955c510 code [0x0000714c2955c7e0, 0x0000714c2955d590]
Event: 0.467 Thread 0x0000714c4016a980  867       3       jdk.internal.jimage.ImageStringsReader::stringFromByteBufferMatches (138 bytes)

GC Heap History (0 events):
No events

Dll operation events (10 events):
Event: 0.001 Loaded shared library /usr/lib/jvm/java-17-amazon-corretto/lib/libjava.so
Event: 0.012 Loaded shared library /usr/lib/jvm/java-17-amazon-corretto/lib/libjsvml.so
Event: 0.076 Loaded shared library /usr/lib/jvm/java-17-amazon-corretto/lib/libnio.so
Event: 0.077 Loaded shared library /usr/lib/jvm/java-17-amazon-corretto/lib/libjimage.so
Event: 0.080 Loaded shared library /usr/lib/jvm/java-17-amazon-corretto/lib/libawt.so
Event: 0.086 Loaded shared library /usr/lib/jvm/java-17-amazon-corretto/lib/libawt_xawt.so
Event: 0.217 Loaded shared library /usr/lib/jvm/java-17-amazon-corretto/lib/libnet.so
Event: 0.220 Loaded shared library /usr/lib/jvm/java-17-amazon-corretto/lib/libfontmanager.so
Event: 0.295 Loaded shared library /usr/lib/jvm/java-17-amazon-corretto/lib/libzip.so
Event: 0.348 Loaded shared library /tmp/lwjgl_cookiebot/3.3.6+1/x64/liblwjgl.so

Deoptimization events (20 events):
Event: 0.417 Thread 0x0000714c40266490 DEOPT PACKING pc=0x0000714c29516dfc sp=0x0000714bb81fc010
Event: 0.417 Thread 0x0000714c40266490 DEOPT UNPACKING pc=0x0000714c3098de2f sp=0x0000714bb81fb4b8 mode 0
Event: 0.417 Thread 0x0000714c40266490 DEOPT PACKING pc=0x0000714c29516dfc sp=0x0000714bb81fc010
Event: 0.417 Thread 0x0000714c40266490 DEOPT UNPACKING pc=0x0000714c3098de2f sp=0x0000714bb81fb4b8 mode 0
Event: 0.417 Thread 0x0000714c40266490 DEOPT PACKING pc=0x0000714c29516dfc sp=0x0000714bb81fc010
Event: 0.417 Thread 0x0000714c40266490 DEOPT UNPACKING pc=0x0000714c3098de2f sp=0x0000714bb81fb4b8 mode 0
Event: 0.417 Thread 0x0000714c40266490 DEOPT PACKING pc=0x0000714c29516dfc sp=0x0000714bb81fc010
Event: 0.417 Thread 0x0000714c40266490 DEOPT UNPACKING pc=0x0000714c3098de2f sp=0x0000714bb81fb4b8 mode 0
Event: 0.417 Thread 0x0000714c40266490 DEOPT PACKING pc=0x0000714c29516dfc sp=0x0000714bb81fc010
Event: 0.417 Thread 0x0000714c40266490 DEOPT UNPACKING pc=0x0000714c3098de2f sp=0x0000714bb81fb4b8 mode 0
Event: 0.417 Thread 0x0000714c40266490 DEOPT PACKING pc=0x0000714c29516dfc sp=0x0000714bb81fc010
Event: 0.417 Thread 0x0000714c40266490 DEOPT UNPACKING pc=0x0000714c3098de2f sp=0x0000714bb81fb4b8 mode 0
Event: 0.417 Thread 0x0000714c40266490 DEOPT PACKING pc=0x0000714c29516dfc sp=0x0000714bb81fc010
Event: 0.417 Thread 0x0000714c40266490 DEOPT UNPACKING pc=0x0000714c3098de2f sp=0x0000714bb81fb4b8 mode 0
Event: 0.418 Thread 0x0000714c40266490 DEOPT PACKING pc=0x0000714c29516dfc sp=0x0000714bb81fc010
Event: 0.418 Thread 0x0000714c40266490 DEOPT UNPACKING pc=0x0000714c3098de2f sp=0x0000714bb81fb4b8 mode 0
Event: 0.462 Thread 0x0000714b6c001ae0 Uncommon trap: trap_request=0xffffff6e fr.pc=0x0000714c30f03a78 relative=0x0000000000000458
Event: 0.462 Thread 0x0000714b6c001ae0 Uncommon trap: reason=loop_limit_check action=maybe_recompile pc=0x0000714c30f03a78 method=java.lang.StringLatin1.indexOf([BI[BII)I @ 37 c2
Event: 0.462 Thread 0x0000714b6c001ae0 DEOPT PACKING pc=0x0000714c30f03a78 sp=0x0000714bb80fe460
Event: 0.462 Thread 0x0000714b6c001ae0 DEOPT UNPACKING pc=0x0000714c3098d699 sp=0x0000714bb80fe3e0 mode 2

Classes loaded (20 events):
Event: 0.393 Loading class java/util/function/LongPredicate
Event: 0.393 Loading class java/util/function/LongPredicate done
Event: 0.394 Loading class java/lang/NoSuchFieldError
Event: 0.394 Loading class java/lang/NoSuchFieldError done
Event: 0.394 Loading class jdk/internal/access/foreign/MemorySegmentProxy
Event: 0.394 Loading class jdk/internal/access/foreign/MemorySegmentProxy done
Event: 0.398 Loading class java/nio/InvalidMarkException
Event: 0.398 Loading class java/nio/InvalidMarkException done
Event: 0.398 Loading class java/nio/BufferUnderflowException
Event: 0.398 Loading class java/nio/BufferUnderflowException done
Event: 0.429 Loading class jdk/internal/reflect/UnsafeQualifiedStaticIntegerFieldAccessorImpl
Event: 0.429 Loading class jdk/internal/reflect/UnsafeQualifiedStaticIntegerFieldAccessorImpl done
Event: 0.465 Loading class java/lang/NumberFormatException
Event: 0.465 Loading class java/lang/NumberFormatException done
Event: 0.465 Loading class java/io/UnsupportedEncodingException
Event: 0.465 Loading class java/io/UnsupportedEncodingException done
Event: 0.466 Loading class jdk/internal/misc/ScopedMemoryAccess$Scope
Event: 0.466 Loading class jdk/internal/misc/ScopedMemoryAccess$Scope done
Event: 0.466 Loading class java/util/Scanner
Event: 0.466 Loading class java/util/Scanner done

Classes unloaded (0 events):
No events

Classes redefined (0 events):
No events

Internal exceptions (18 events):
Event: 0.065 Thread 0x0000714c4002d870 Exception <a 'java/lang/ClassNotFoundException'{0x000000062d0480f8}: sun/awt/resources/spi/awtProvider> (0x000000062d0480f8) 
thrown [src/hotspot/share/classfile/systemDictionary.cpp, line 256]
Event: 0.111 Thread 0x0000714c4002d870 Exception <a 'java/io/FileNotFoundException'{0x000000062d21a5d0}> (0x000000062d21a5d0) 
thrown [src/hotspot/share/prims/jni.cpp, line 516]
Event: 0.133 Thread 0x0000714c4002d870 Exception <a 'java/io/FileNotFoundException'{0x000000062d2472c8}> (0x000000062d2472c8) 
thrown [src/hotspot/share/prims/jni.cpp, line 516]
Event: 0.225 Thread 0x0000714c4002d870 Exception <a 'java/lang/NoSuchMethodError'{0x000000062d2bdf00}: 'java.lang.Object java.lang.invoke.DirectMethodHandle$Holder.invokeStaticInit(java.lang.Object)'> (0x000000062d2bdf00) 
thrown [src/hotspot/share/interpreter/linkResolver.cpp, line 759]
Event: 0.314 Thread 0x0000714b6c001ae0 Exception <a 'java/lang/NoSuchMethodError'{0x000000062cf8faf0}: 'void java.lang.invoke.DirectMethodHandle$Holder.invokeStatic(java.lang.Object, java.lang.Object)'> (0x000000062cf8faf0) 
thrown [src/hotspot/share/interpreter/linkResolver.cpp, line 759]
Event: 0.314 Thread 0x0000714b6c001ae0 Exception <a 'java/lang/NoSuchMethodError'{0x000000062cf94b70}: 'void java.lang.invoke.DirectMethodHandle$Holder.invokeSpecial(java.lang.Object, java.lang.Object, java.lang.Object)'> (0x000000062cf94b70) 
thrown [src/hotspot/share/interpreter/linkResolver.cpp, line 759]
Event: 0.316 Thread 0x0000714b6c001ae0 Exception <a 'java/lang/NoSuchMethodError'{0x000000062cfa5c08}: 'java.lang.Object java.lang.invoke.DirectMethodHandle$Holder.invokeStatic(java.lang.Object, java.lang.Object, int)'> (0x000000062cfa5c08) 
thrown [src/hotspot/share/interpreter/linkResolver.cpp, line 759]
Event: 0.316 Thread 0x0000714b6c001ae0 Exception <a 'java/lang/NoSuchMethodError'{0x000000062cfb0e90}: 'void java.lang.invoke.DelegatingMethodHandle$Holder.delegate(java.lang.Object, java.lang.Object, int, java.lang.Object)'> (0x000000062cfb0e90) 
thrown [src/hotspot/share/interpreter/linkResolver.cpp, line 759]
Event: 0.317 Thread 0x0000714b6c001ae0 Exception <a 'java/lang/NoSuchMethodError'{0x000000062cfb4fa8}: 'int java.lang.invoke.DirectMethodHandle$Holder.invokeSpecial(java.lang.Object, java.lang.Object, java.lang.Object)'> (0x000000062cfb4fa8) 
thrown [src/hotspot/share/interpreter/linkResolver.cpp, line 759]
Event: 0.350 Thread 0x0000714b6c001ae0 Exception <a 'sun/nio/fs/UnixException'{0x000000062cb0d298}> (0x000000062cb0d298) 
thrown [src/hotspot/share/prims/jni.cpp, line 516]
Event: 0.393 Thread 0x0000714c40266490 Exception <a 'java/lang/NoSuchMethodError'{0x000000062cf218a0}: 'int java.lang.invoke.DirectMethodHandle$Holder.invokeStaticInit(java.lang.Object, java.lang.Object, int, long)'> (0x000000062cf218a0) 
thrown [src/hotspot/share/interpreter/linkResolver.cpp, line 759]
Event: 0.393 Thread 0x0000714b6c001ae0 Exception <a 'sun/nio/fs/UnixException'{0x000000062c55dbf0}> (0x000000062c55dbf0) 
thrown [src/hotspot/share/prims/jni.cpp, line 516]
Event: 0.394 Thread 0x0000714c40266490 Exception <a 'java/lang/NoSuchMethodError'{0x000000062cf27168}: 'java.lang.Object java.lang.invoke.DirectMethodHandle$Holder.newInvokeSpecial(java.lang.Object, java.lang.Object, int)'> (0x000000062cf27168) 
thrown [src/hotspot/share/interpreter/linkResolver.cpp, line 759]
Event: 0.396 Thread 0x0000714c40266490 Exception <a 'java/lang/NoSuchMethodError'{0x000000062cf35a88}: 'int java.lang.invoke.DirectMethodHandle$Holder.invokeStaticInit(java.lang.Object, java.lang.Object, long, long)'> (0x000000062cf35a88) 
thrown [src/hotspot/share/interpreter/linkResolver.cpp, line 759]
Event: 0.396 Thread 0x0000714c40266490 Exception <a 'java/lang/NoSuchMethodError'{0x000000062cf3b718}: 'java.lang.Object java.lang.invoke.DirectMethodHandle$Holder.newInvokeSpecial(java.lang.Object, java.lang.Object, long)'> (0x000000062cf3b718) 
thrown [src/hotspot/share/interpreter/linkResolver.cpp, line 759]
Event: 0.397 Thread 0x0000714c40266490 Exception <a 'java/lang/NoSuchMethodError'{0x000000062cf3f288}: 'java.lang.Object java.lang.invoke.Invokers$Holder.linkToTargetMethod(java.lang.Object, long, java.lang.Object)'> (0x000000062cf3f288) 
thrown [src/hotspot/share/interpreter/linkResolver.cpp, line 759]
Event: 0.397 Thread 0x0000714c40266490 Exception <a 'java/lang/NoSuchMethodError'{0x000000062cf46758}: 'int java.lang.invoke.DirectMethodHandle$Holder.invokeStaticInit(java.lang.Object, java.lang.Object, java.lang.Object, long)'> (0x000000062cf46758) 
thrown [src/hotspot/share/interpreter/linkResolver.cpp, line 759]
Event: 0.410 Thread 0x0000714c40266490 Exception <a 'sun/nio/fs/UnixException'{0x000000062c5b8af0}> (0x000000062c5b8af0) 
thrown [src/hotspot/share/prims/jni.cpp, line 516]

VM Operations (8 events):
Event: 0.024 Executing VM operation: ChangeBreakpoints
Event: 0.024 Executing VM operation: ChangeBreakpoints done
Event: 0.056 Executing VM operation: ChangeBreakpoints
Event: 0.056 Executing VM operation: ChangeBreakpoints done
Event: 0.056 Executing VM operation: ChangeBreakpoints
Event: 0.056 Executing VM operation: ChangeBreakpoints done
Event: 0.238 Executing VM operation: HandshakeAllThreads
Event: 0.239 Executing VM operation: HandshakeAllThreads done

Memory protections (20 events):
Event: 0.014 Protecting memory [0x0000714bbaf00000,0x0000714bbaf04000] with protection modes 0
Event: 0.014 Protecting memory [0x0000714bbae00000,0x0000714bbae04000] with protection modes 0
Event: 0.015 Protecting memory [0x0000714bba700000,0x0000714bba704000] with protection modes 0
Event: 0.016 Protecting memory [0x0000714bba600000,0x0000714bba604000] with protection modes 0
Event: 0.016 Protecting memory [0x0000714bba500000,0x0000714bba504000] with protection modes 0
Event: 0.016 Protecting memory [0x0000714bba400000,0x0000714bba404000] with protection modes 0
Event: 0.016 Protecting memory [0x0000714bba300000,0x0000714bba304000] with protection modes 0
Event: 0.016 Protecting memory [0x0000714bba200000,0x0000714bba204000] with protection modes 0
Event: 0.024 Protecting memory [0x0000714bba100000,0x0000714bba104000] with protection modes 0
Event: 0.024 Protecting memory [0x0000714bb9d00000,0x0000714bb9d04000] with protection modes 0
Event: 0.024 Protecting memory [0x0000714bb9c00000,0x0000714bb9c04000] with protection modes 0
Event: 0.044 Protecting memory [0x0000714bb9b00000,0x0000714bb9b04000] with protection modes 0
Event: 0.046 Protecting memory [0x0000714bb98ff000,0x0000714bb9903000] with protection modes 0
Event: 0.229 Protecting memory [0x0000714bb9100000,0x0000714bb9104000] with protection modes 0
Event: 0.281 Protecting memory [0x0000714bb8d00000,0x0000714bb8d04000] with protection modes 0
Event: 0.292 Protecting memory [0x0000714bb8500000,0x0000714bb8504000] with protection modes 0
Event: 0.292 Protecting memory [0x0000714bb8100000,0x0000714bb8104000] with protection modes 0
Event: 0.292 Protecting memory [0x0000714bb8000000,0x0000714bb8004000] with protection modes 0
Event: 0.292 Protecting memory [0x0000714c47617000,0x0000714c4761b000] with protection modes 0
Event: 0.377 Protecting memory [0x0000714bb8500000,0x0000714bb8504000] with protection modes 0

Nmethod flushes (0 events):
No events

Events (20 events):
Event: 0.015 Thread 0x0000714c4002d870 Thread added: 0x0000714c401652e0
Event: 0.016 Thread 0x0000714c4002d870 Thread added: 0x0000714c40166690
Event: 0.016 Thread 0x0000714c4002d870 Thread added: 0x0000714c40167aa0
Event: 0.016 Thread 0x0000714c4002d870 Thread added: 0x0000714c40169450
Event: 0.016 Thread 0x0000714c4002d870 Thread added: 0x0000714c4016a980
Event: 0.016 Thread 0x0000714c4002d870 Thread added: 0x0000714c40173de0
Event: 0.024 Thread 0x0000714c4002d870 Thread added: 0x0000714c4018d690
Event: 0.024 Thread 0x0000714c4002d870 Thread added: 0x0000714c40190420
Event: 0.024 Thread 0x0000714c4018d690 Thread added: 0x0000714b8c001130
Event: 0.043 Thread 0x0000714c4002d870 Thread added: 0x0000714c401912f0
Event: 0.046 Thread 0x0000714c4002d870 Thread added: 0x0000714c40195410
Event: 0.229 Thread 0x0000714c4002d870 Thread added: 0x0000714c40240ad0
Event: 0.281 Thread 0x0000714c4016a980 Thread added: 0x0000714b941edf80
Event: 0.292 Thread 0x0000714c4002d870 Thread added: 0x0000714c40265670
Event: 0.292 Thread 0x0000714c4002d870 Thread added: 0x0000714c40266490
Event: 0.292 Thread 0x0000714c40265670 Thread added: 0x0000714b6c001ae0
Event: 0.292 Thread 0x0000714c40265670 Thread exited: 0x0000714c40265670
Event: 0.292 Thread 0x0000714c4002d870 Thread exited: 0x0000714c4002d870
Event: 0.292 Thread 0x0000714c4002d870 Thread added: 0x0000714c4002d870
Event: 0.377 Thread 0x0000714c4016a980 Thread added: 0x0000714b9427fec0


Dynamic libraries:
60e000000-62d400000 rw-p 00000000 00:00 0 
62d400000-7ff800000 ---p 00000000 00:00 0 
7ff800000-7ffb00000 rw-p 00000000 00:00 0 
7ffb00000-7ffb75000 rw-p 00c7a000 103:05 15074430                        /usr/lib/jvm/java-17-amazon-corretto/lib/server/classes.jsa
7ffb75000-7ffc00000 rw-p 00000000 00:00 0 
7ffc00000-7ffc78000 rw-p 00c02000 103:05 15074430                        /usr/lib/jvm/java-17-amazon-corretto/lib/server/classes.jsa
7ffc78000-800000000 rw-p 00000000 00:00 0 
5f3717000000-5f3717001000 r-xp 00000000 103:05 15077193                  /usr/lib/jvm/java-17-amazon-corretto/bin/java
5f3717201000-5f3717202000 r--p 00001000 103:05 15077193                  /usr/lib/jvm/java-17-amazon-corretto/bin/java
5f3717202000-5f3717203000 rw-p 00002000 103:05 15077193                  /usr/lib/jvm/java-17-amazon-corretto/bin/java
5f37396f5000-5f373973f000 rw-p 00000000 00:00 0                          [heap]
714b64000000-714b644d9000 rw-p 00000000 00:00 0 
714b644d9000-714b68000000 ---p 00000000 00:00 0 
714b69e1e000-714b69e25000 r--p 00000000 103:05 14971447                  /usr/lib/x86_64-linux-gnu/libblkid.so.1.1.0
714b69e25000-714b69e49000 r-xp 00007000 103:05 14971447                  /usr/lib/x86_64-linux-gnu/libblkid.so.1.1.0
714b69e49000-714b69e52000 r--p 0002b000 103:05 14971447                  /usr/lib/x86_64-linux-gnu/libblkid.so.1.1.0
714b69e52000-714b69e58000 r--p 00033000 103:05 14971447                  /usr/lib/x86_64-linux-gnu/libblkid.so.1.1.0
714b69e58000-714b69e59000 rw-p 00039000 103:05 14971447                  /usr/lib/x86_64-linux-gnu/libblkid.so.1.1.0
714b6a13d000-714b6a13f000 r--p 00000000 103:05 14942599                  /usr/lib/x86_64-linux-gnu/libpcre2-8.so.0.11.2
714b6a13f000-714b6a1ad000 r-xp 00002000 103:05 14942599                  /usr/lib/x86_64-linux-gnu/libpcre2-8.so.0.11.2
714b6a1ad000-714b6a1d5000 r--p 00070000 103:05 14942599                  /usr/lib/x86_64-linux-gnu/libpcre2-8.so.0.11.2
714b6a1d5000-714b6a1d6000 r--p 00097000 103:05 14942599                  /usr/lib/x86_64-linux-gnu/libpcre2-8.so.0.11.2
714b6a1d6000-714b6a1d7000 rw-p 00098000 103:05 14942599                  /usr/lib/x86_64-linux-gnu/libpcre2-8.so.0.11.2
714b6a407000-714b6a440000 r--p 00000000 103:05 14942577                  /usr/lib/x86_64-linux-gnu/libgio-2.0.so.0.8000.0
714b6a440000-714b6a557000 r-xp 00039000 103:05 14942577                  /usr/lib/x86_64-linux-gnu/libgio-2.0.so.0.8000.0
714b6a557000-714b6a5cc000 r--p 00150000 103:05 14942577                  /usr/lib/x86_64-linux-gnu/libgio-2.0.so.0.8000.0
714b6a5cc000-714b6a5d4000 r--p 001c4000 103:05 14942577                  /usr/lib/x86_64-linux-gnu/libgio-2.0.so.0.8000.0
714b6a5d4000-714b6a5d5000 rw-p 001cc000 103:05 14942577                  /usr/lib/x86_64-linux-gnu/libgio-2.0.so.0.8000.0
714b6a5d5000-714b6a5d7000 rw-p 00000000 00:00 0 
714b6a6b7000-714b6a6d5000 r--p 00000000 103:05 14942585                  /usr/lib/x86_64-linux-gnu/libglib-2.0.so.0.8000.0
714b6a6d5000-714b6a775000 r-xp 0001e000 103:05 14942585                  /usr/lib/x86_64-linux-gnu/libglib-2.0.so.0.8000.0
714b6a775000-714b6a7fd000 r--p 000be000 103:05 14942585                  /usr/lib/x86_64-linux-gnu/libglib-2.0.so.0.8000.0
714b6a7fd000-714b6a7fe000 r--p 00146000 103:05 14942585                  /usr/lib/x86_64-linux-gnu/libglib-2.0.so.0.8000.0
714b6a7fe000-714b6a7ff000 rw-p 00147000 103:05 14942585                  /usr/lib/x86_64-linux-gnu/libglib-2.0.so.0.8000.0
714b6a7ff000-714b6a800000 rw-p 00000000 00:00 0 
714b6af01000-714b6b000000 rw-s 00000000 00:01 20857                      /memfd:wayland-cursor (deleted)
714b6b000000-714b6b800000 rw-p 00000000 00:00 0 
714b6b800000-714b6b808000 r--p 00000000 103:05 4225292                   /tmp/lwjgl_cookiebot/3.3.6+1/x64/libjemalloc.so
714b6b808000-714b6b860000 r-xp 00008000 103:05 4225292                   /tmp/lwjgl_cookiebot/3.3.6+1/x64/libjemalloc.so
714b6b860000-714b6b871000 r--p 00060000 103:05 4225292                   /tmp/lwjgl_cookiebot/3.3.6+1/x64/libjemalloc.so
714b6b871000-714b6b872000 ---p 00071000 103:05 4225292                   /tmp/lwjgl_cookiebot/3.3.6+1/x64/libjemalloc.so
714b6b872000-714b6b878000 r--p 00071000 103:05 4225292                   /tmp/lwjgl_cookiebot/3.3.6+1/x64/libjemalloc.so
714b6b878000-714b6b879000 rw-p 00077000 103:05 4225292                   /tmp/lwjgl_cookiebot/3.3.6+1/x64/libjemalloc.so
714b6b879000-714b6ba83000 rw-p 00000000 00:00 0 
714b6ba8b000-714b6ba91000 r--p 00000000 103:05 14942867                  /usr/lib/x86_64-linux-gnu/libselinux.so.1
714b6ba91000-714b6baae000 r-xp 00006000 103:05 14942867                  /usr/lib/x86_64-linux-gnu/libselinux.so.1
714b6baae000-714b6bab4000 r--p 00023000 103:05 14942867                  /usr/lib/x86_64-linux-gnu/libselinux.so.1
714b6bab4000-714b6bab5000 r--p 00029000 103:05 14942867                  /usr/lib/x86_64-linux-gnu/libselinux.so.1
714b6bab5000-714b6bab6000 rw-p 0002a000 103:05 14942867                  /usr/lib/x86_64-linux-gnu/libselinux.so.1
714b6bab6000-714b6bab8000 rw-p 00000000 00:00 0 
714b6bab8000-714b6bac1000 r--p 00000000 103:05 14970096                  /usr/lib/x86_64-linux-gnu/libmount.so.1.1.0
714b6bac1000-714b6baf5000 r-xp 00009000 103:05 14970096                  /usr/lib/x86_64-linux-gnu/libmount.so.1.1.0
714b6baf5000-714b6bb02000 r--p 0003d000 103:05 14970096                  /usr/lib/x86_64-linux-gnu/libmount.so.1.1.0
714b6bb02000-714b6bb04000 r--p 00049000 103:05 14970096                  /usr/lib/x86_64-linux-gnu/libmount.so.1.1.0
714b6bb04000-714b6bb05000 rw-p 0004b000 103:05 14970096                  /usr/lib/x86_64-linux-gnu/libmount.so.1.1.0
714b6bc00000-714b6bc07000 r-xp 00000000 103:05 15074263                  /usr/lib/jvm/java-17-amazon-corretto/lib/libzip.so
714b6bc07000-714b6be07000 ---p 00007000 103:05 15074263                  /usr/lib/jvm/java-17-amazon-corretto/lib/libzip.so
714b6be07000-714b6be08000 r--p 00007000 103:05 15074263                  /usr/lib/jvm/java-17-amazon-corretto/lib/libzip.so
714b6be08000-714b6be09000 rw-p 00000000 00:00 0 
714b6be31000-714b6bf30000 rw-s 00000000 00:01 8103                       /memfd:wayland-cursor (deleted)
714b6bf30000-714b6c000000 rw-s 00000000 00:01 20856                      /memfd:wayland-cursor (deleted)
714b6c000000-714b6c12e000 rw-p 00000000 00:00 0 
714b6c12e000-714b70000000 ---p 00000000 00:00 0 
714b70000000-714b701ad000 rw-p 00000000 00:00 0 
714b701ad000-714b74000000 ---p 00000000 00:00 0 
714b74000000-714b74021000 rw-p 00000000 00:00 0 
714b74021000-714b78000000 ---p 00000000 00:00 0 
714b78000000-714b781e8000 rw-p 00000000 00:00 0 
714b781e8000-714b7c000000 ---p 00000000 00:00 0 
714b7c000000-714b7c021000 rw-p 00000000 00:00 0 
714b7c021000-714b80000000 ---p 00000000 00:00 0 
714b80000000-714b80021000 rw-p 00000000 00:00 0 
714b80021000-714b84000000 ---p 00000000 00:00 0 
714b84000000-714b84021000 rw-p 00000000 00:00 0 
714b84021000-714b88000000 ---p 00000000 00:00 0 
714b88000000-714b88021000 rw-p 00000000 00:00 0 
714b88021000-714b8c000000 ---p 00000000 00:00 0 
714b8c000000-714b8c021000 rw-p 00000000 00:00 0 
714b8c021000-714b90000000 ---p 00000000 00:00 0 
714b90000000-714b90023000 rw-p 00000000 00:00 0 
714b90023000-714b94000000 ---p 00000000 00:00 0 
714b94000000-714b9438b000 rw-p 00000000 00:00 0 
714b9438b000-714b98000000 ---p 00000000 00:00 0 
714b98000000-714b98021000 rw-p 00000000 00:00 0 
714b98021000-714b9c000000 ---p 00000000 00:00 0 
714b9c000000-714b9c021000 rw-p 00000000 00:00 0 
714b9c021000-714ba0000000 ---p 00000000 00:00 0 
714ba0000000-714ba0325000 rw-p 00000000 00:00 0 
714ba0325000-714ba4000000 ---p 00000000 00:00 0 
714ba4000000-714ba4021000 rw-p 00000000 00:00 0 
714ba4021000-714ba8000000 ---p 00000000 00:00 0 
714ba8000000-714ba8021000 rw-p 00000000 00:00 0 
714ba8021000-714bac000000 ---p 00000000 00:00 0 
714bac000000-714bac021000 rw-p 00000000 00:00 0 
714bac021000-714bb0000000 ---p 00000000 00:00 0 
714bb0000000-714bb0021000 rw-p 00000000 00:00 0 
714bb0021000-714bb4000000 ---p 00000000 00:00 0 
714bb4000000-714bb4021000 rw-p 00000000 00:00 0 
714bb4021000-714bb8004000 ---p 00000000 00:00 0 
714bb8004000-714bb8100000 rw-p 00000000 00:00 0 
714bb8100000-714bb8104000 ---p 00000000 00:00 0 
714bb8104000-714bb8200000 rw-p 00000000 00:00 0 
714bb8200000-714bb82af000 r-xp 00000000 103:05 15074436                  /usr/lib/jvm/java-17-amazon-corretto/lib/libfreetype.so
714bb82af000-714bb84af000 ---p 000af000 103:05 15074436                  /usr/lib/jvm/java-17-amazon-corretto/lib/libfreetype.so
714bb84af000-714bb84b5000 r--p 000af000 103:05 15074436                  /usr/lib/jvm/java-17-amazon-corretto/lib/libfreetype.so
714bb84b5000-714bb84b6000 rw-p 00000000 00:00 0 
714bb8500000-714bb8504000 ---p 00000000 00:00 0 
714bb8504000-714bb8600000 rw-p 00000000 00:00 0 
714bb8600000-714bb87a7000 r-xp 00000000 103:05 15074435                  /usr/lib/jvm/java-17-amazon-corretto/lib/libfontmanager.so
714bb87a7000-714bb89a6000 ---p 001a7000 103:05 15074435                  /usr/lib/jvm/java-17-amazon-corretto/lib/libfontmanager.so
714bb89a6000-714bb89a8000 r--p 001a6000 103:05 15074435                  /usr/lib/jvm/java-17-amazon-corretto/lib/libfontmanager.so
714bb89a8000-714bb89a9000 rw-p 001a8000 103:05 15074435                  /usr/lib/jvm/java-17-amazon-corretto/lib/libfontmanager.so
714bb89a9000-714bb89aa000 rw-p 00000000 00:00 0 
714bb8a00000-714bb8a6e000 r-xp 00000000 103:05 15074434                  /usr/lib/jvm/java-17-amazon-corretto/lib/libawt_xawt.so
714bb8a6e000-714bb8c6e000 ---p 0006e000 103:05 15074434                  /usr/lib/jvm/java-17-amazon-corretto/lib/libawt_xawt.so
714bb8c6e000-714bb8c73000 r--p 0006e000 103:05 15074434                  /usr/lib/jvm/java-17-amazon-corretto/lib/libawt_xawt.so
714bb8c73000-714bb8c75000 rw-p 00073000 103:05 15074434                  /usr/lib/jvm/java-17-amazon-corretto/lib/libawt_xawt.so
714bb8c75000-714bb8c77000 rw-p 00000000 00:00 0 
714bb8d00000-714bb8d04000 ---p 00000000 00:00 0 
714bb8d04000-714bb8e00000 rw-p 00000000 00:00 0 
714bb8e00000-714bb8ebc000 r-xp 00000000 103:05 15074432                  /usr/lib/jvm/java-17-amazon-corretto/lib/libawt.so
714bb8ebc000-714bb90bc000 ---p 000bc000 103:05 15074432                  /usr/lib/jvm/java-17-amazon-corretto/lib/libawt.so
714bb90bc000-714bb90bd000 r--p 000bc000 103:05 15074432                  /usr/lib/jvm/java-17-amazon-corretto/lib/libawt.so
714bb90bd000-714bb90c8000 rw-p 000bd000 103:05 15074432                  /usr/lib/jvm/java-17-amazon-corretto/lib/libawt.so
714bb90c8000-714bb90ed000 rw-p 00000000 00:00 0 
714bb9100000-714bb9104000 ---p 00000000 00:00 0 
714bb9104000-714bb9200000 rw-p 00000000 00:00 0 
714bb9200000-714bb9215000 r-xp 00000000 103:05 15074260                  /usr/lib/jvm/java-17-amazon-corretto/lib/libnet.so
714bb9215000-714bb9414000 ---p 00015000 103:05 15074260                  /usr/lib/jvm/java-17-amazon-corretto/lib/libnet.so
714bb9414000-714bb9415000 r--p 00014000 103:05 15074260                  /usr/lib/jvm/java-17-amazon-corretto/lib/libnet.so
714bb9415000-714bb9416000 rw-p 00015000 103:05 15074260                  /usr/lib/jvm/java-17-amazon-corretto/lib/libnet.so
714bb94c3000-714bb94dc000 r--p 00000000 103:05 14950133                  /usr/lib/x86_64-linux-gnu/libX11.so.6.4.0
714bb94dc000-714bb956c000 r-xp 00019000 103:05 14950133                  /usr/lib/x86_64-linux-gnu/libX11.so.6.4.0
714bb956c000-714bb95fb000 r--p 000a9000 103:05 14950133                  /usr/lib/x86_64-linux-gnu/libX11.so.6.4.0
714bb95fb000-714bb95fc000 r--p 00138000 103:05 14950133                  /usr/lib/x86_64-linux-gnu/libX11.so.6.4.0
714bb95fc000-714bb9600000 rw-p 00139000 103:05 14950133                  /usr/lib/x86_64-linux-gnu/libX11.so.6.4.0
714bb9600000-714bb9612000 r-xp 00000000 103:05 15074261                  /usr/lib/jvm/java-17-amazon-corretto/lib/libnio.so
714bb9612000-714bb9812000 ---p 00012000 103:05 15074261                  /usr/lib/jvm/java-17-amazon-corretto/lib/libnio.so
714bb9812000-714bb9813000 r--p 00012000 103:05 15074261                  /usr/lib/jvm/java-17-amazon-corretto/lib/libnio.so
714bb9813000-714bb9814000 rw-p 00013000 103:05 15074261                  /usr/lib/jvm/java-17-amazon-corretto/lib/libnio.so
714bb982f000-714bb98ff000 rw-s 00000000 00:01 8102                       /memfd:wayland-cursor (deleted)
714bb98ff000-714bb9903000 ---p 00000000 00:00 0 
714bb9903000-714bb99ff000 rw-p 00000000 00:00 0 
714bb99ff000-714bb9a00000 ---p 00000000 00:00 0 
714bb9a00000-714bb9b00000 rw-p 00000000 00:00 0 
714bb9b00000-714bb9b04000 ---p 00000000 00:00 0 
714bb9b04000-714bb9c00000 rw-p 00000000 00:00 0 
714bb9c00000-714bb9c04000 ---p 00000000 00:00 0 
714bb9c04000-714bb9d00000 rw-p 00000000 00:00 0 
714bb9d00000-714bb9d04000 ---p 00000000 00:00 0 
714bb9d04000-714bb9e00000 rw-p 00000000 00:00 0 
714bb9e00000-714bb9e05000 r-xp 00000000 103:05 15074897                  /usr/lib/jvm/java-17-amazon-corretto/lib/libdt_socket.so
714bb9e05000-714bba004000 ---p 00005000 103:05 15074897                  /usr/lib/jvm/java-17-amazon-corretto/lib/libdt_socket.so
714bba004000-714bba005000 r--p 00004000 103:05 15074897                  /usr/lib/jvm/java-17-amazon-corretto/lib/libdt_socket.so
714bba005000-714bba006000 rw-p 00005000 103:05 15074897                  /usr/lib/jvm/java-17-amazon-corretto/lib/libdt_socket.so
714bba069000-714bba079000 r--p 00000000 103:05 4225293                   /tmp/lwjgl_cookiebot/3.3.6+1/x64/libglfw.so
714bba079000-714bba09a000 r-xp 00010000 103:05 4225293                   /tmp/lwjgl_cookiebot/3.3.6+1/x64/libglfw.so
714bba09a000-714bba0d6000 r--p 00031000 103:05 4225293                   /tmp/lwjgl_cookiebot/3.3.6+1/x64/libglfw.so
714bba0d6000-714bba0da000 r--p 0006c000 103:05 4225293                   /tmp/lwjgl_cookiebot/3.3.6+1/x64/libglfw.so
714bba0da000-714bba0dd000 rw-p 00070000 103:05 4225293                   /tmp/lwjgl_cookiebot/3.3.6+1/x64/libglfw.so
714bba0dd000-714bba100000 rw-p 00000000 00:00 0 
714bba100000-714bba104000 ---p 00000000 00:00 0 
714bba104000-714bba200000 rw-p 00000000 00:00 0 
714bba200000-714bba204000 ---p 00000000 00:00 0 
714bba204000-714bba300000 rw-p 00000000 00:00 0 
714bba300000-714bba304000 ---p 00000000 00:00 0 
714bba304000-714bba400000 rw-p 00000000 00:00 0 
714bba400000-714bba404000 ---p 00000000 00:00 0 
714bba404000-714bba500000 rw-p 00000000 00:00 0 
714bba500000-714bba504000 ---p 00000000 00:00 0 
714bba504000-714bba600000 rw-p 00000000 00:00 0 
714bba600000-714bba604000 ---p 00000000 00:00 0 
714bba604000-714bba700000 rw-p 00000000 00:00 0 
714bba700000-714bba704000 ---p 00000000 00:00 0 
714bba704000-714bba800000 rw-p 00000000 00:00 0 
714bba800000-714bbad75000 r--p 00000000 103:05 14942597                  /usr/lib/locale/locale-archive
714bbad9d000-714bbadac000 r--p 00000000 103:05 14942608                  /usr/lib/x86_64-linux-gnu/libgobject-2.0.so.0.8000.0
714bbadac000-714bbade3000 r-xp 0000f000 103:05 14942608                  /usr/lib/x86_64-linux-gnu/libgobject-2.0.so.0.8000.0
714bbade3000-714bbadfc000 r--p 00046000 103:05 14942608                  /usr/lib/x86_64-linux-gnu/libgobject-2.0.so.0.8000.0
714bbadfc000-714bbadff000 r--p 0005e000 103:05 14942608                  /usr/lib/x86_64-linux-gnu/libgobject-2.0.so.0.8000.0
714bbadff000-714bbae00000 rw-p 00061000 103:05 14942608                  /usr/lib/x86_64-linux-gnu/libgobject-2.0.so.0.8000.0
714bbae00000-714bbae04000 ---p 00000000 00:00 0 
714bbae04000-714bbaf00000 rw-p 00000000 00:00 0 
714bbaf00000-714bbaf04000 ---p 00000000 00:00 0 
714bbaf04000-714bbb000000 rw-p 00000000 00:00 0 
714bbb000000-714bbb2e0000 rw-p 00000000 00:00 0 
714bbb2e0000-714bbb400000 ---p 00000000 00:00 0 
714bbb400000-714bbb530000 rw-p 00000000 00:00 0 
714bbb530000-714bbf000000 ---p 00000000 00:00 0 
714bbf000000-714bbfbca000 rw-p 00001000 103:05 15074430                  /usr/lib/jvm/java-17-amazon-corretto/lib/server/classes.jsa
714bbfbca000-714bc0000000 ---p 00000000 00:00 0 
714bc0000000-714bc0030000 rw-p 00000000 00:00 0 
714bc0030000-714bc0080000 rw-p 00000000 00:00 0 
714bc0080000-714c00000000 ---p 00000000 00:00 0 
714c00000000-714c00021000 rw-p 00000000 00:00 0 
714c00021000-714c04000000 ---p 00000000 00:00 0 
714c04000000-714c04021000 rw-p 00000000 00:00 0 
714c04021000-714c08000000 ---p 00000000 00:00 0 
714c08000000-714c08021000 rw-p 00000000 00:00 0 
714c08021000-714c0c000000 ---p 00000000 00:00 0 
714c0c000000-714c0c021000 rw-p 00000000 00:00 0 
714c0c021000-714c10000000 ---p 00000000 00:00 0 
714c10000000-714c10021000 rw-p 00000000 00:00 0 
714c10021000-714c14000000 ---p 00000000 00:00 0 
714c14083000-714c140af000 r--p 00000000 103:05 4225291                   /tmp/lwjgl_cookiebot/3.3.6+1/x64/liblwjgl.so
714c140af000-714c140e3000 r-xp 0002c000 103:05 4225291                   /tmp/lwjgl_cookiebot/3.3.6+1/x64/liblwjgl.so
714c140e3000-714c140fd000 r--p 00060000 103:05 4225291                   /tmp/lwjgl_cookiebot/3.3.6+1/x64/liblwjgl.so
714c140fd000-714c140fe000 r--p 00079000 103:05 4225291                   /tmp/lwjgl_cookiebot/3.3.6+1/x64/liblwjgl.so
714c140fe000-714c140ff000 rw-p 0007a000 103:05 4225291                   /tmp/lwjgl_cookiebot/3.3.6+1/x64/liblwjgl.so
714c140ff000-714c14100000 ---p 00000000 00:00 0 
714c14100000-714c14200000 rw-p 00000000 00:00 0 
714c14200000-714c142ce000 r-xp 00000000 103:05 15074832                  /usr/lib/jvm/java-17-amazon-corretto/lib/libjsvml.so
714c142ce000-714c144cd000 ---p 000ce000 103:05 15074832                  /usr/lib/jvm/java-17-amazon-corretto/lib/libjsvml.so
714c144cd000-714c144ce000 r--p 000cd000 103:05 15074832                  /usr/lib/jvm/java-17-amazon-corretto/lib/libjsvml.so
714c144ce000-714c144cf000 rw-p 000ce000 103:05 15074832                  /usr/lib/jvm/java-17-amazon-corretto/lib/libjsvml.so
714c144f9000-714c144fa000 ---p 00000000 00:00 0 
714c144fa000-714c145fa000 rw-p 00000000 00:00 0 
714c145fa000-714c145fb000 ---p 00000000 00:00 0 
714c145fb000-714c146fb000 rw-p 00000000 00:00 0 
714c146fb000-714c16c00000 rw-p 00000000 00:00 0 
714c16c01000-714c16c06000 r--p 00000000 103:05 14942481                  /usr/lib/x86_64-linux-gnu/libpng16.so.16.43.0
714c16c06000-714c16c2e000 r-xp 00005000 103:05 14942481                  /usr/lib/x86_64-linux-gnu/libpng16.so.16.43.0
714c16c2e000-714c16c37000 r--p 0002d000 103:05 14942481                  /usr/lib/x86_64-linux-gnu/libpng16.so.16.43.0
714c16c37000-714c16c38000 r--p 00035000 103:05 14942481                  /usr/lib/x86_64-linux-gnu/libpng16.so.16.43.0
714c16c38000-714c16c39000 rw-p 00036000 103:05 14942481                  /usr/lib/x86_64-linux-gnu/libpng16.so.16.43.0
714c16c50000-714c17420000 rw-p 00000000 00:00 0 
714c17420000-714c1e8b0000 ---p 00000000 00:00 0 
714c1e8b0000-714c1f0a0000 rw-p 00000000 00:00 0 
714c1f0a0000-714c26530000 ---p 00000000 00:00 0 
714c26530000-714c2664a000 rw-p 00000000 00:00 0 
714c2664a000-714c274dc000 ---p 00000000 00:00 0 
714c274dc000-714c275da000 rw-p 00000000 00:00 0 
714c275da000-714c2846c000 ---p 00000000 00:00 0 
714c2846c000-714c2856a000 rw-p 00000000 00:00 0 
714c2856a000-714c293fc000 ---p 00000000 00:00 0 
714c293fc000-714c29400000 rw-p 00000000 00:00 0 
714c29400000-714c29670000 rwxp 00000000 00:00 0 
714c29670000-714c30937000 ---p 00000000 00:00 0 
714c30937000-714c30ba7000 rwxp 00000000 00:00 0 
714c30ba7000-714c30ec9000 ---p 00000000 00:00 0 
714c30ec9000-714c31139000 rwxp 00000000 00:00 0 
714c31139000-714c38400000 ---p 00000000 00:00 0 
714c38400000-714c3fff3000 r--s 00000000 103:05 15074230                  /usr/lib/jvm/java-17-amazon-corretto/lib/modules
714c40000000-714c4026a000 rw-p 00000000 00:00 0 
714c4026a000-714c44000000 ---p 00000000 00:00 0 
714c44006000-714c4400a000 r--p 00000000 103:05 14951002                  /usr/lib/x86_64-linux-gnu/libdecor-0.so.0.200.2
714c4400a000-714c4400d000 r-xp 00004000 103:05 14951002                  /usr/lib/x86_64-linux-gnu/libdecor-0.so.0.200.2
714c4400d000-714c4400f000 r--p 00007000 103:05 14951002                  /usr/lib/x86_64-linux-gnu/libdecor-0.so.0.200.2
714c4400f000-714c44010000 r--p 00008000 103:05 14951002                  /usr/lib/x86_64-linux-gnu/libdecor-0.so.0.200.2
714c44010000-714c44011000 rw-p 00009000 103:05 14951002                  /usr/lib/x86_64-linux-gnu/libdecor-0.so.0.200.2
714c44011000-714c44016000 r--p 00000000 103:05 14971451                  /usr/lib/x86_64-linux-gnu/libxkbcommon.so.0.0.0
714c44016000-714c44036000 r-xp 00005000 103:05 14971451                  /usr/lib/x86_64-linux-gnu/libxkbcommon.so.0.0.0
714c44036000-714c44057000 r--p 00025000 103:05 14971451                  /usr/lib/x86_64-linux-gnu/libxkbcommon.so.0.0.0
714c44057000-714c44059000 r--p 00045000 103:05 14971451                  /usr/lib/x86_64-linux-gnu/libxkbcommon.so.0.0.0
714c44059000-714c4405a000 rw-p 00047000 103:05 14971451                  /usr/lib/x86_64-linux-gnu/libxkbcommon.so.0.0.0
714c4405a000-714c4405c000 r--p 00000000 103:05 14964482                  /usr/lib/x86_64-linux-gnu/libwayland-cursor.so.0.22.0
714c4405c000-714c4405e000 r-xp 00002000 103:05 14964482                  /usr/lib/x86_64-linux-gnu/libwayland-cursor.so.0.22.0
714c4405e000-714c4405f000 r--p 00004000 103:05 14964482                  /usr/lib/x86_64-linux-gnu/libwayland-cursor.so.0.22.0
714c4405f000-714c44060000 r--p 00004000 103:05 14964482                  /usr/lib/x86_64-linux-gnu/libwayland-cursor.so.0.22.0
714c44060000-714c44064000 rw-p 00005000 103:05 14964482                  /usr/lib/x86_64-linux-gnu/libwayland-cursor.so.0.22.0
714c44064000-714c44066000 r--p 00000000 103:05 14942351                  /usr/lib/x86_64-linux-gnu/libffi.so.8.1.4
714c44066000-714c4406d000 r-xp 00002000 103:05 14942351                  /usr/lib/x86_64-linux-gnu/libffi.so.8.1.4
714c4406d000-714c4406e000 r--p 00009000 103:05 14942351                  /usr/lib/x86_64-linux-gnu/libffi.so.8.1.4
714c4406e000-714c4406f000 r--p 0000a000 103:05 14942351                  /usr/lib/x86_64-linux-gnu/libffi.so.8.1.4
714c4406f000-714c44070000 rw-p 0000b000 103:05 14942351                  /usr/lib/x86_64-linux-gnu/libffi.so.8.1.4
714c44070000-714c445f6000 rw-p 00000000 00:00 0 
714c445f6000-714c445f7000 ---p 00000000 00:00 0 
714c445f7000-714c446f7000 rw-p 00000000 00:00 0 
714c446f7000-714c446f8000 ---p 00000000 00:00 0 
714c446f8000-714c447f8000 rw-p 00000000 00:00 0 
714c447f8000-714c447f9000 ---p 00000000 00:00 0 
714c447f9000-714c448f9000 rw-p 00000000 00:00 0 
714c448f9000-714c45000000 rw-p 00000000 00:00 0 
714c45000000-714c45024000 r-xp 00000000 103:05 15074239                  /usr/lib/jvm/java-17-amazon-corretto/lib/libjava.so
714c45024000-714c45224000 ---p 00024000 103:05 15074239                  /usr/lib/jvm/java-17-amazon-corretto/lib/libjava.so
714c45224000-714c45225000 r--p 00024000 103:05 15074239                  /usr/lib/jvm/java-17-amazon-corretto/lib/libjava.so
714c45225000-714c45226000 rw-p 00025000 103:05 15074239                  /usr/lib/jvm/java-17-amazon-corretto/lib/libjava.so
714c45226000-714c45227000 rw-p 00000000 00:00 0 
714c45243000-714c45245000 r--p 00000000 103:05 14943111                  /usr/lib/x86_64-linux-gnu/libmd.so.0.1.0
714c45245000-714c4524e000 r-xp 00002000 103:05 14943111                  /usr/lib/x86_64-linux-gnu/libmd.so.0.1.0
714c4524e000-714c45250000 r--p 0000b000 103:05 14943111                  /usr/lib/x86_64-linux-gnu/libmd.so.0.1.0
714c45250000-714c45251000 r--p 0000c000 103:05 14943111                  /usr/lib/x86_64-linux-gnu/libmd.so.0.1.0
714c45251000-714c45252000 rw-p 0000d000 103:05 14943111                  /usr/lib/x86_64-linux-gnu/libmd.so.0.1.0
714c45252000-714c45256000 r--p 00000000 103:05 14943150                  /usr/lib/x86_64-linux-gnu/libbsd.so.0.12.1
714c45256000-714c45262000 r-xp 00004000 103:05 14943150                  /usr/lib/x86_64-linux-gnu/libbsd.so.0.12.1
714c45262000-714c45265000 r--p 00010000 103:05 14943150                  /usr/lib/x86_64-linux-gnu/libbsd.so.0.12.1
714c45265000-714c45266000 r--p 00012000 103:05 14943150                  /usr/lib/x86_64-linux-gnu/libbsd.so.0.12.1
714c45266000-714c45267000 rw-p 00013000 103:05 14943150                  /usr/lib/x86_64-linux-gnu/libbsd.so.0.12.1
714c45267000-714c45268000 rw-p 00000000 00:00 0 
714c45268000-714c45273000 r--p 00000000 103:05 14943322                  /usr/lib/x86_64-linux-gnu/libxcb.so.1.1.0
714c45273000-714c45286000 r-xp 0000b000 103:05 14943322                  /usr/lib/x86_64-linux-gnu/libxcb.so.1.1.0
714c45286000-714c4528f000 r--p 0001e000 103:05 14943322                  /usr/lib/x86_64-linux-gnu/libxcb.so.1.1.0
714c4528f000-714c45290000 r--p 00026000 103:05 14943322                  /usr/lib/x86_64-linux-gnu/libxcb.so.1.1.0
714c45290000-714c45291000 rw-p 00027000 103:05 14943322                  /usr/lib/x86_64-linux-gnu/libxcb.so.1.1.0
714c45291000-714c45294000 r--p 00000000 103:05 14969839                  /usr/lib/x86_64-linux-gnu/libXi.so.6.1.0
714c45294000-714c452a0000 r-xp 00003000 103:05 14969839                  /usr/lib/x86_64-linux-gnu/libXi.so.6.1.0
714c452a0000-714c452a2000 r--p 0000f000 103:05 14969839                  /usr/lib/x86_64-linux-gnu/libXi.so.6.1.0
714c452a2000-714c452a3000 r--p 00011000 103:05 14969839                  /usr/lib/x86_64-linux-gnu/libXi.so.6.1.0
714c452a3000-714c452a4000 rw-p 00012000 103:05 14969839                  /usr/lib/x86_64-linux-gnu/libXi.so.6.1.0
714c452a4000-714c45400000 rw-p 00000000 00:00 0 
714c45400000-714c4543f000 r-xp 00000000 103:05 15074898                  /usr/lib/jvm/java-17-amazon-corretto/lib/libjdwp.so
714c4543f000-714c4563e000 ---p 0003f000 103:05 15074898                  /usr/lib/jvm/java-17-amazon-corretto/lib/libjdwp.so
714c4563e000-714c4563f000 r--p 0003e000 103:05 15074898                  /usr/lib/jvm/java-17-amazon-corretto/lib/libjdwp.so
714c4563f000-714c45640000 rw-p 0003f000 103:05 15074898                  /usr/lib/jvm/java-17-amazon-corretto/lib/libjdwp.so
714c45640000-714c45641000 rw-p 00000000 00:00 0 
714c45641000-714c45643000 r--p 00000000 103:05 14942607                  /usr/lib/x86_64-linux-gnu/libgmodule-2.0.so.0.8000.0
714c45643000-714c45645000 r-xp 00002000 103:05 14942607                  /usr/lib/x86_64-linux-gnu/libgmodule-2.0.so.0.8000.0
714c45645000-714c45646000 r--p 00004000 103:05 14942607                  /usr/lib/x86_64-linux-gnu/libgmodule-2.0.so.0.8000.0
714c45646000-714c45647000 r--p 00004000 103:05 14942607                  /usr/lib/x86_64-linux-gnu/libgmodule-2.0.so.0.8000.0
714c45647000-714c45648000 rw-p 00005000 103:05 14942607                  /usr/lib/x86_64-linux-gnu/libgmodule-2.0.so.0.8000.0
714c45648000-714c45689000 rw-p 00000000 00:00 0 
714c4568f000-714c45800000 rw-p 00000000 00:00 0 
714c45800000-714c4581b000 r-xp 00000000 103:05 15074241                  /usr/lib/jvm/java-17-amazon-corretto/lib/libjimage.so
714c4581b000-714c45a1a000 ---p 0001b000 103:05 15074241                  /usr/lib/jvm/java-17-amazon-corretto/lib/libjimage.so
714c45a1a000-714c45a1c000 r--p 0001a000 103:05 15074241                  /usr/lib/jvm/java-17-amazon-corretto/lib/libjimage.so
714c45a1c000-714c45a1d000 rw-p 0001c000 103:05 15074241                  /usr/lib/jvm/java-17-amazon-corretto/lib/libjimage.so
714c45a1d000-714c45a1f000 r--p 00000000 103:05 14943311                  /usr/lib/x86_64-linux-gnu/libXdmcp.so.6.0.0
714c45a1f000-714c45a21000 r-xp 00002000 103:05 14943311                  /usr/lib/x86_64-linux-gnu/libXdmcp.so.6.0.0
714c45a21000-714c45a23000 r--p 00004000 103:05 14943311                  /usr/lib/x86_64-linux-gnu/libXdmcp.so.6.0.0
714c45a23000-714c45a24000 r--p 00005000 103:05 14943311                  /usr/lib/x86_64-linux-gnu/libXdmcp.so.6.0.0
714c45a24000-714c45a25000 rw-p 00006000 103:05 14943311                  /usr/lib/x86_64-linux-gnu/libXdmcp.so.6.0.0
714c45a25000-714c45a26000 r--p 00000000 103:05 14943091                  /usr/lib/x86_64-linux-gnu/libXau.so.6.0.0
714c45a26000-714c45a28000 r-xp 00001000 103:05 14943091                  /usr/lib/x86_64-linux-gnu/libXau.so.6.0.0
714c45a28000-714c45a29000 r--p 00003000 103:05 14943091                  /usr/lib/x86_64-linux-gnu/libXau.so.6.0.0
714c45a29000-714c45a2a000 r--p 00003000 103:05 14943091                  /usr/lib/x86_64-linux-gnu/libXau.so.6.0.0
714c45a2a000-714c45a2b000 rw-p 00004000 103:05 14943091                  /usr/lib/x86_64-linux-gnu/libXau.so.6.0.0
714c45a2b000-714c45a2d000 r--p 00000000 103:05 14969833                  /usr/lib/x86_64-linux-gnu/libXtst.so.6.1.0
714c45a2d000-714c45a30000 r-xp 00002000 103:05 14969833                  /usr/lib/x86_64-linux-gnu/libXtst.so.6.1.0
714c45a30000-714c45a31000 r--p 00005000 103:05 14969833                  /usr/lib/x86_64-linux-gnu/libXtst.so.6.1.0
714c45a31000-714c45a32000 r--p 00005000 103:05 14969833                  /usr/lib/x86_64-linux-gnu/libXtst.so.6.1.0
714c45a32000-714c45a33000 rw-p 00006000 103:05 14969833                  /usr/lib/x86_64-linux-gnu/libXtst.so.6.1.0
714c45a33000-714c45a35000 r--p 00000000 103:05 14943468                  /usr/lib/x86_64-linux-gnu/libXrender.so.1.3.0
714c45a35000-714c45a3c000 r-xp 00002000 103:05 14943468                  /usr/lib/x86_64-linux-gnu/libXrender.so.1.3.0
714c45a3c000-714c45a3d000 r--p 00009000 103:05 14943468                  /usr/lib/x86_64-linux-gnu/libXrender.so.1.3.0
714c45a3d000-714c45a3e000 r--p 00009000 103:05 14943468                  /usr/lib/x86_64-linux-gnu/libXrender.so.1.3.0
714c45a3e000-714c45a3f000 rw-p 0000a000 103:05 14943468                  /usr/lib/x86_64-linux-gnu/libXrender.so.1.3.0
714c45a3f000-714c45c00000 rw-p 00000000 00:00 0 
714c45c00000-714c46ec9000 r-xp 00000000 103:05 15074267                  /usr/lib/jvm/java-17-amazon-corretto/lib/server/libjvm.so
714c46ec9000-714c470c9000 ---p 012c9000 103:05 15074267                  /usr/lib/jvm/java-17-amazon-corretto/lib/server/libjvm.so
714c470c9000-714c47182000 r--p 012c9000 103:05 15074267                  /usr/lib/jvm/java-17-amazon-corretto/lib/server/libjvm.so
714c47182000-714c471b7000 rw-p 01382000 103:05 15074267                  /usr/lib/jvm/java-17-amazon-corretto/lib/server/libjvm.so
714c471b7000-714c47212000 rw-p 00000000 00:00 0 
714c47216000-714c4721a000 r--p 00000000 103:05 14943423                  /usr/lib/x86_64-linux-gnu/libXext.so.6.4.0
714c4721a000-714c47225000 r-xp 00004000 103:05 14943423                  /usr/lib/x86_64-linux-gnu/libXext.so.6.4.0
714c47225000-714c47228000 r--p 0000f000 103:05 14943423                  /usr/lib/x86_64-linux-gnu/libXext.so.6.4.0
714c47228000-714c47229000 r--p 00011000 103:05 14943423                  /usr/lib/x86_64-linux-gnu/libXext.so.6.4.0
714c47229000-714c4722a000 rw-p 00012000 103:05 14943423                  /usr/lib/x86_64-linux-gnu/libXext.so.6.4.0
714c4722a000-714c4722f000 rw-p 00000000 00:00 0 
714c4722f000-714c47315000 ---p 00000000 00:00 0 
714c47315000-714c4731a000 rw-p 00000000 00:00 0 
714c4731a000-714c47400000 ---p 00000000 00:00 0 
714c47400000-714c47428000 r--p 00000000 103:05 14944734                  /usr/lib/x86_64-linux-gnu/libc.so.6
714c47428000-714c475b0000 r-xp 00028000 103:05 14944734                  /usr/lib/x86_64-linux-gnu/libc.so.6
714c475b0000-714c475ff000 r--p 001b0000 103:05 14944734                  /usr/lib/x86_64-linux-gnu/libc.so.6
714c475ff000-714c47603000 r--p 001fe000 103:05 14944734                  /usr/lib/x86_64-linux-gnu/libc.so.6
714c47603000-714c47605000 rw-p 00202000 103:05 14944734                  /usr/lib/x86_64-linux-gnu/libc.so.6
714c47605000-714c47612000 rw-p 00000000 00:00 0 
714c47617000-714c4761b000 ---p 00000000 00:00 0 
714c4761b000-714c47717000 rw-p 00000000 00:00 0 
714c47717000-714c47727000 r--p 00000000 103:05 14944737                  /usr/lib/x86_64-linux-gnu/libm.so.6
714c47727000-714c477a6000 r-xp 00010000 103:05 14944737                  /usr/lib/x86_64-linux-gnu/libm.so.6
714c477a6000-714c477fe000 r--p 0008f000 103:05 14944737                  /usr/lib/x86_64-linux-gnu/libm.so.6
714c477fe000-714c477ff000 r--p 000e7000 103:05 14944737                  /usr/lib/x86_64-linux-gnu/libm.so.6
714c477ff000-714c47800000 rw-p 000e8000 103:05 14944737                  /usr/lib/x86_64-linux-gnu/libm.so.6
714c47800000-714c4780f000 r-xp 00000000 103:05 15074242                  /usr/lib/jvm/java-17-amazon-corretto/lib/libjli.so
714c4780f000-714c47a0e000 ---p 0000f000 103:05 15074242                  /usr/lib/jvm/java-17-amazon-corretto/lib/libjli.so
714c47a0e000-714c47a0f000 r--p 0000e000 103:05 15074242                  /usr/lib/jvm/java-17-amazon-corretto/lib/libjli.so
714c47a0f000-714c47a10000 rw-p 0000f000 103:05 15074242                  /usr/lib/jvm/java-17-amazon-corretto/lib/libjli.so
714c47a10000-714c47a11000 r--p 00000000 103:05 15473344                  /usr/share/locale-langpack/en/LC_MESSAGES/gtk30.mo
714c47a11000-714c47a12000 r--p 00000000 103:05 14968157                  /usr/lib/x86_64-linux-gnu/libwayland-egl.so.1.22.0
714c47a12000-714c47a13000 r-xp 00001000 103:05 14968157                  /usr/lib/x86_64-linux-gnu/libwayland-egl.so.1.22.0
714c47a13000-714c47a14000 r--p 00002000 103:05 14968157                  /usr/lib/x86_64-linux-gnu/libwayland-egl.so.1.22.0
714c47a14000-714c47a15000 r--p 00002000 103:05 14968157                  /usr/lib/x86_64-linux-gnu/libwayland-egl.so.1.22.0
714c47a15000-714c47a16000 rw-p 00003000 103:05 14968157                  /usr/lib/x86_64-linux-gnu/libwayland-egl.so.1.22.0
714c47a16000-714c47a1b000 r--p 00000000 103:05 14942239                  /usr/lib/x86_64-linux-gnu/libwayland-client.so.0.22.0
714c47a1b000-714c47a21000 r-xp 00005000 103:05 14942239                  /usr/lib/x86_64-linux-gnu/libwayland-client.so.0.22.0
714c47a21000-714c47a23000 r--p 0000b000 103:05 14942239                  /usr/lib/x86_64-linux-gnu/libwayland-client.so.0.22.0
714c47a23000-714c47a25000 r--p 0000d000 103:05 14942239                  /usr/lib/x86_64-linux-gnu/libwayland-client.so.0.22.0
714c47a25000-714c47a26000 rw-p 0000f000 103:05 14942239                  /usr/lib/x86_64-linux-gnu/libwayland-client.so.0.22.0
714c47a26000-714c47a27000 rw-p 00000000 00:00 0 
714c47a27000-714c47a28000 r-xp 0005e000 103:05 4225291                   /tmp/lwjgl_cookiebot/3.3.6+1/x64/liblwjgl.so
714c47a28000-714c47a29000 rw-p 00000000 00:00 0 
714c47a29000-714c47a30000 r--s 00000000 103:05 14944723                  /usr/lib/x86_64-linux-gnu/gconv/gconv-modules.cache
714c47a30000-714c47a31000 r--p 00000000 103:05 14944748                  /usr/lib/x86_64-linux-gnu/librt.so.1
714c47a31000-714c47a32000 r-xp 00001000 103:05 14944748                  /usr/lib/x86_64-linux-gnu/librt.so.1
714c47a32000-714c47a33000 r--p 00002000 103:05 14944748                  /usr/lib/x86_64-linux-gnu/librt.so.1
714c47a33000-714c47a34000 r--p 00002000 103:05 14944748                  /usr/lib/x86_64-linux-gnu/librt.so.1
714c47a34000-714c47a35000 rw-p 00003000 103:05 14944748                  /usr/lib/x86_64-linux-gnu/librt.so.1
714c47a35000-714c47a39000 rw-p 00000000 00:00 0 
714c47a39000-714c47a3a000 r--p 00000000 103:05 14944736                  /usr/lib/x86_64-linux-gnu/libdl.so.2
714c47a3a000-714c47a3b000 r-xp 00001000 103:05 14944736                  /usr/lib/x86_64-linux-gnu/libdl.so.2
714c47a3b000-714c47a3c000 r--p 00002000 103:05 14944736                  /usr/lib/x86_64-linux-gnu/libdl.so.2
714c47a3c000-714c47a3d000 r--p 00002000 103:05 14944736                  /usr/lib/x86_64-linux-gnu/libdl.so.2
714c47a3d000-714c47a3e000 rw-p 00003000 103:05 14944736                  /usr/lib/x86_64-linux-gnu/libdl.so.2
714c47a3e000-714c47a3f000 r--p 00000000 103:05 14944746                  /usr/lib/x86_64-linux-gnu/libpthread.so.0
714c47a3f000-714c47a40000 r-xp 00001000 103:05 14944746                  /usr/lib/x86_64-linux-gnu/libpthread.so.0
714c47a40000-714c47a41000 r--p 00002000 103:05 14944746                  /usr/lib/x86_64-linux-gnu/libpthread.so.0
714c47a41000-714c47a42000 r--p 00002000 103:05 14944746                  /usr/lib/x86_64-linux-gnu/libpthread.so.0
714c47a42000-714c47a43000 rw-p 00003000 103:05 14944746                  /usr/lib/x86_64-linux-gnu/libpthread.so.0
714c47a43000-714c47a45000 r--p 00000000 103:05 14944802                  /usr/lib/x86_64-linux-gnu/libz.so.1.3
714c47a45000-714c47a57000 r-xp 00002000 103:05 14944802                  /usr/lib/x86_64-linux-gnu/libz.so.1.3
714c47a57000-714c47a5d000 r--p 00014000 103:05 14944802                  /usr/lib/x86_64-linux-gnu/libz.so.1.3
714c47a5d000-714c47a5e000 r--p 0001a000 103:05 14944802                  /usr/lib/x86_64-linux-gnu/libz.so.1.3
714c47a5e000-714c47a5f000 rw-p 0001b000 103:05 14944802                  /usr/lib/x86_64-linux-gnu/libz.so.1.3
714c47a5f000-714c47a64000 rw-p 00000000 00:00 0 
714c47a64000-714c47a6b000 ---p 00000000 00:00 0 
714c47a6b000-714c47a73000 rw-s 00000000 103:05 4228829                   /tmp/hsperfdata_cookiebot/10315
714c47a73000-714c47a74000 ---p 00000000 00:00 0 
714c47a74000-714c47a75000 r--p 00000000 00:00 0 
714c47a75000-714c47a76000 ---p 00000000 00:00 0 
714c47a76000-714c47a78000 rw-p 00000000 00:00 0 
714c47a78000-714c47a7c000 r--p 00000000 00:00 0                          [vvar]
714c47a7c000-714c47a7e000 r-xp 00000000 00:00 0                          [vdso]
714c47a7e000-714c47a7f000 r--p 00000000 103:05 14944731                  /usr/lib/x86_64-linux-gnu/ld-linux-x86-64.so.2
714c47a7f000-714c47aaa000 r-xp 00001000 103:05 14944731                  /usr/lib/x86_64-linux-gnu/ld-linux-x86-64.so.2
714c47aaa000-714c47ab4000 r--p 0002c000 103:05 14944731                  /usr/lib/x86_64-linux-gnu/ld-linux-x86-64.so.2
714c47ab4000-714c47ab6000 r--p 00036000 103:05 14944731                  /usr/lib/x86_64-linux-gnu/ld-linux-x86-64.so.2
714c47ab6000-714c47ab8000 rw-p 00038000 103:05 14944731                  /usr/lib/x86_64-linux-gnu/ld-linux-x86-64.so.2
7ffded9bc000-7ffded9df000 rw-p 00000000 00:00 0                          [stack]
ffffffffff600000-ffffffffff601000 --xp 00000000 00:00 0                  [vsyscall]


VM Arguments:
jvm_args: -agentlib:jdwp=transport=dt_socket,server=n,address=44423 
java_command: engine.framework.Start
java_class_path (initial): /home/cookiebot/JavaProjects/HodgePodgeBarrage/target/classes:/home/cookiebot/.m2/repository/org/lwjgl/lwjgl/3.3.6/lwjgl-3.3.6.jar:/home/cookiebot/.m2/repository/org/lwjgl/lwjgl-assimp/3.3.6/lwjgl-assimp-3.3.6.jar:/home/cookiebot/.m2/repository/org/lwjgl/lwjgl-bgfx/3.3.6/lwjgl-bgfx-3.3.6.jar:/home/cookiebot/.m2/repository/org/lwjgl/lwjgl-cuda/3.3.6/lwjgl-cuda-3.3.6.jar:/home/cookiebot/.m2/repository/org/lwjgl/lwjgl-egl/3.3.6/lwjgl-egl-3.3.6.jar:/home/cookiebot/.m2/repository/org/lwjgl/lwjgl-fmod/3.3.6/lwjgl-fmod-3.3.6.jar:/home/cookiebot/.m2/repository/org/lwjgl/lwjgl-freetype/3.3.6/lwjgl-freetype-3.3.6.jar:/home/cookiebot/.m2/repository/org/lwjgl/lwjgl-glfw/3.3.6/lwjgl-glfw-3.3.6.jar:/home/cookiebot/.m2/repository/org/lwjgl/lwjgl-harfbuzz/3.3.6/lwjgl-harfbuzz-3.3.6.jar:/home/cookiebot/.m2/repository/org/lwjgl/lwjgl-hwloc/3.3.6/lwjgl-hwloc-3.3.6.jar:/home/cookiebot/.m2/repository/org/lwjgl/lwjgl-jawt/3.3.6/lwjgl-jawt-3.3.6.jar:/home/cookiebot/.m2/repository/org/lwjgl/lwjgl-jemalloc/3.3.6/lwjgl-jemalloc-3.3.6.jar:/home/cookiebot/.m2/repository/org/lwjgl/lwjgl-ktx/3.3.6/lwjgl-ktx-3.3.6.jar:/home/cookiebot/.m2/repository/org/lwjgl/lwjgl-libdivide/3.3.6/lwjgl-libdivide-3.3.6.jar:/home/cookiebot/.m2/repository/org/lwjgl/lwjgl-llvm/3.3.6/lwjgl-llvm-3.3.6.jar:/home/cookiebot/.m2/repository/org/lwjgl/lwjgl-lmdb/3.3.6/lwjgl-lmdb-3.3.6.jar:/home/cookiebot/.m2/repository/org/lwjgl/lwjgl-lz4/3.3.6/lwjgl-lz4-3.3.6.jar:/home/cookiebot/.m2/repository/org/lwjgl/lwjgl-meow/3.3.6/lwjgl-meow-3.3.6.jar:/home/cookiebot/.m2/repository/org/lwjgl/lwjgl-meshoptimizer/3.3.6/lwjgl-meshoptimizer-3.3.6.jar:/home/cookiebot/.m2/repository/org/lwjgl/lwjgl-msdfgen/3.3.6/lwjgl-msdfgen-3.3.6.jar:/home/cookiebot/.m2/repository/org/lwjgl/lwjgl-nanovg/3.3.6/lwjgl-nanovg-3.3.6.jar:/home/cookiebot/.m2/repository/org/lwjgl/lwjgl-nfd/3.3.6/lwjgl-nfd-3.3.6.jar:/home/cookiebot/.m2/repository/org/lwjgl/lwjgl-nuklear/3.3.6/lwjgl-nuklear-3.3.6.jar:/home/cookiebot/.m2/repository/org/l
Launcher Type: SUN_STANDARD

[Global flags]
     intx CICompilerCount                          = 4                                         {product} {ergonomic}
     uint ConcGCThreads                            = 3                                         {product} {ergonomic}
     uint G1ConcRefinementThreads                  = 10                                        {product} {ergonomic}
   size_t G1HeapRegionSize                         = 4194304                                   {product} {ergonomic}
    uintx GCDrainStackTargetSize                   = 64                                        {product} {ergonomic}
   size_t InitialHeapSize                          = 524288000                                 {product} {ergonomic}
   size_t MarkStackSize                            = 4194304                                   {product} {ergonomic}
   size_t MaxHeapSize                              = 8355053568                                {product} {ergonomic}
   size_t MaxNewSize                               = 5012193280                                {product} {ergonomic}
   size_t MinHeapDeltaBytes                        = 4194304                                   {product} {ergonomic}
   size_t MinHeapSize                              = 8388608                                   {product} {ergonomic}
    uintx NonNMethodCodeHeapSize                   = 5839372                                {pd product} {ergonomic}
    uintx NonProfiledCodeHeapSize                  = 122909434                              {pd product} {ergonomic}
    uintx ProfiledCodeHeapSize                     = 122909434                              {pd product} {ergonomic}
    uintx ReservedCodeCacheSize                    = 251658240                              {pd product} {ergonomic}
     bool SegmentedCodeCache                       = true                                      {product} {ergonomic}
   size_t SoftMaxHeapSize                          = 8355053568                             {manageable} {ergonomic}
     bool UseCompressedClassPointers               = true                           {product lp64_product} {ergonomic}
     bool UseCompressedOops                        = true                           {product lp64_product} {ergonomic}
     bool UseG1GC                                  = true                                      {product} {ergonomic}

Logging:
Log output configuration:
 #0: stdout all=warning uptime,level,tags
 #1: stderr all=off uptime,level,tags

Environment Variables:
JAVA_HOME=/usr/lib/jvm/java-17-amazon-corretto
PATH=/usr/local/sbin:/usr/local/bin:/usr/sbin:/usr/bin:/sbin:/bin:/usr/games:/usr/local/games:/snap/bin:/snap/bin:/home/cookiebot/.lmstudio/bin
USERNAME=cookiebot
SHELL=/bin/bash
DISPLAY=:0
LANG=en_US.UTF-8

Active Locale:
LC_ALL=en_US.UTF-8
LC_COLLATE=en_US.UTF-8
LC_CTYPE=en_US.UTF-8
LC_MESSAGES=en_US.UTF-8
LC_MONETARY=en_US.UTF-8
LC_NUMERIC=en_US.UTF-8
LC_TIME=en_US.UTF-8

Signal Handlers:
   SIGSEGV: 